/cm/local/apps/slurm/var/spool/job403186/slurm_script: line 19: /common/ketrong/minconda3/etc/profile.d/conda.sh: No such file or directory
/cm/local/apps/slurm/var/spool/job403186/slurm_script: line 22: $'\nconda create --name tpot2devenv -c conda-forge python=3.10\n': command not found
/cm/local/apps/slurm/var/spool/job403186/slurm_script: line 27: $'\npip install -r requirements.txt\n': command not found
RunStart
2023-11-21 16:06:54.850563: I tensorflow/core/util/port.cc:113] oneDNN custom operations are on. You may see slightly different numerical results due to floating-point round-off errors from different computation orders. To turn them off, set the environment variable `TF_ENABLE_ONEDNN_OPTS=0`.
2023-11-21 16:06:54.886306: E external/local_xla/xla/stream_executor/cuda/cuda_dnn.cc:9261] Unable to register cuDNN factory: Attempting to register factory for plugin cuDNN when one has already been registered
2023-11-21 16:06:54.886331: E external/local_xla/xla/stream_executor/cuda/cuda_fft.cc:607] Unable to register cuFFT factory: Attempting to register factory for plugin cuFFT when one has already been registered
2023-11-21 16:06:54.887688: E external/local_xla/xla/stream_executor/cuda/cuda_blas.cc:1515] Unable to register cuBLAS factory: Attempting to register factory for plugin cuBLAS when one has already been registered
2023-11-21 16:06:54.893870: I tensorflow/core/platform/cpu_feature_guard.cc:182] This TensorFlow binary is optimized to use available CPU instructions in performance-critical operations.
To enable the following instructions: AVX2 AVX512F AVX512_VNNI FMA, in other operations, rebuild TensorFlow with the appropriate compiler flags.
2023-11-21 16:06:56.048127: W tensorflow/compiler/tf2tensorrt/utils/py_utils.cc:38] TF-TRT Warning: Could not find TensorRT
WARNING:tensorflow:From /home/ketrong/miniconda3/envs/tpot2devenv/lib/python3.10/site-packages/tensorflow/python/compat/v2_compat.py:108: disable_resource_variables (from tensorflow.python.ops.variable_scope) is deprecated and will be removed in a future version.
Instructions for updating:
non-resource variables are not supported in the long term
working on 
tpot2_imputetest/Impute_Experiments/logs//tpot2_base_normal_6_0.1_MAR_2
loading data
tpot2_imputetest/Impute_Experiments/data/6_True.pkl
running experiment 1/3 - Does large hyperparameter space improve reconstruction accuracy over simple
[I 2023-11-21 16:09:44,431] A new study created in memory with name: no-name-90b64b41-cd71-4b28-b54e-1c6bb32c01a9
[I 2023-11-21 16:09:46,322] Trial 20 finished with value: 6.398423516566436 and parameters: {'model_name': 'SimpleImputer', 'strategy': 'constant'}. Best is trial 20 with value: 6.398423516566436.
[I 2023-11-21 16:09:46,612] Trial 15 finished with value: 6.398423516566436 and parameters: {'model_name': 'SimpleImputer', 'strategy': 'constant'}. Best is trial 20 with value: 6.398423516566436.
[I 2023-11-21 16:09:47,030] Trial 23 finished with value: 6.398423516566436 and parameters: {'model_name': 'SimpleImputer', 'strategy': 'constant'}. Best is trial 20 with value: 6.398423516566436.
[I 2023-11-21 16:09:47,404] Trial 24 finished with value: 2.259450343918659 and parameters: {'model_name': 'SimpleImputer', 'strategy': 'mean'}. Best is trial 24 with value: 2.259450343918659.
[I 2023-11-21 16:09:47,622] Trial 35 finished with value: 6.398423516566436 and parameters: {'model_name': 'SimpleImputer', 'strategy': 'constant'}. Best is trial 24 with value: 2.259450343918659.
[I 2023-11-21 16:09:47,918] Trial 17 finished with value: 2.259450343918659 and parameters: {'model_name': 'SimpleImputer', 'strategy': 'mean'}. Best is trial 24 with value: 2.259450343918659.
[I 2023-11-21 16:09:48,187] Trial 1 finished with value: 2.259450343918659 and parameters: {'model_name': 'SimpleImputer', 'strategy': 'mean'}. Best is trial 24 with value: 2.259450343918659.
[I 2023-11-21 16:09:48,402] Trial 22 finished with value: 2.259450343918659 and parameters: {'model_name': 'SimpleImputer', 'strategy': 'mean'}. Best is trial 24 with value: 2.259450343918659.
[I 2023-11-21 16:09:48,582] Trial 21 finished with value: 2.259450343918659 and parameters: {'model_name': 'SimpleImputer', 'strategy': 'mean'}. Best is trial 24 with value: 2.259450343918659.
[I 2023-11-21 16:09:48,824] Trial 11 finished with value: 2.259450343918659 and parameters: {'model_name': 'SimpleImputer', 'strategy': 'mean'}. Best is trial 24 with value: 2.259450343918659.
[I 2023-11-21 16:09:49,081] Trial 9 finished with value: 2.259450343918659 and parameters: {'model_name': 'SimpleImputer', 'strategy': 'mean'}. Best is trial 24 with value: 2.259450343918659.
[I 2023-11-21 16:09:49,502] Trial 37 finished with value: 2.259450343918659 and parameters: {'model_name': 'SimpleImputer', 'strategy': 'mean'}. Best is trial 24 with value: 2.259450343918659.
[I 2023-11-21 16:09:49,708] Trial 18 finished with value: 2.259450343918659 and parameters: {'model_name': 'SimpleImputer', 'strategy': 'mean'}. Best is trial 24 with value: 2.259450343918659.
[I 2023-11-21 16:09:50,000] Trial 44 finished with value: 6.398423516566436 and parameters: {'model_name': 'SimpleImputer', 'strategy': 'constant'}. Best is trial 24 with value: 2.259450343918659.
[I 2023-11-21 16:09:50,249] Trial 32 finished with value: 2.259450343918659 and parameters: {'model_name': 'SimpleImputer', 'strategy': 'mean'}. Best is trial 24 with value: 2.259450343918659.
[I 2023-11-21 16:09:50,648] Trial 47 finished with value: 2.259450343918659 and parameters: {'model_name': 'SimpleImputer', 'strategy': 'mean'}. Best is trial 24 with value: 2.259450343918659.
[I 2023-11-21 16:09:50,925] Trial 33 finished with value: 2.259450343918659 and parameters: {'model_name': 'SimpleImputer', 'strategy': 'mean'}. Best is trial 24 with value: 2.259450343918659.
[I 2023-11-21 16:09:51,125] Trial 38 finished with value: 2.259450343918659 and parameters: {'model_name': 'SimpleImputer', 'strategy': 'mean'}. Best is trial 24 with value: 2.259450343918659.
[I 2023-11-21 16:09:51,325] Trial 42 finished with value: 2.259450343918659 and parameters: {'model_name': 'SimpleImputer', 'strategy': 'mean'}. Best is trial 24 with value: 2.259450343918659.
[I 2023-11-21 16:09:51,522] Trial 27 finished with value: 2.259450343918659 and parameters: {'model_name': 'SimpleImputer', 'strategy': 'mean'}. Best is trial 24 with value: 2.259450343918659.
[I 2023-11-21 16:09:51,825] Trial 40 finished with value: 2.259450343918659 and parameters: {'model_name': 'SimpleImputer', 'strategy': 'mean'}. Best is trial 24 with value: 2.259450343918659.
[I 2023-11-21 16:09:52,187] Trial 4 finished with value: 2.2615592048577615 and parameters: {'model_name': 'SimpleImputer', 'strategy': 'median'}. Best is trial 24 with value: 2.259450343918659.
[I 2023-11-21 16:09:52,390] Trial 34 finished with value: 2.259450343918659 and parameters: {'model_name': 'SimpleImputer', 'strategy': 'mean'}. Best is trial 24 with value: 2.259450343918659.
[I 2023-11-21 16:09:52,746] Trial 6 finished with value: 2.2615592048577615 and parameters: {'model_name': 'SimpleImputer', 'strategy': 'median'}. Best is trial 24 with value: 2.259450343918659.
[I 2023-11-21 16:09:53,007] Trial 0 finished with value: 2.2615592048577615 and parameters: {'model_name': 'SimpleImputer', 'strategy': 'median'}. Best is trial 24 with value: 2.259450343918659.
[I 2023-11-21 16:09:53,308] Trial 13 finished with value: 2.2615592048577615 and parameters: {'model_name': 'SimpleImputer', 'strategy': 'median'}. Best is trial 24 with value: 2.259450343918659.
[I 2023-11-21 16:09:53,575] Trial 10 finished with value: 2.2615592048577615 and parameters: {'model_name': 'SimpleImputer', 'strategy': 'median'}. Best is trial 24 with value: 2.259450343918659.
[I 2023-11-21 16:09:53,967] Trial 3 finished with value: 2.2615592048577615 and parameters: {'model_name': 'SimpleImputer', 'strategy': 'median'}. Best is trial 24 with value: 2.259450343918659.
[I 2023-11-21 16:09:54,193] Trial 2 finished with value: 2.2615592048577615 and parameters: {'model_name': 'SimpleImputer', 'strategy': 'median'}. Best is trial 24 with value: 2.259450343918659.
[I 2023-11-21 16:09:54,438] Trial 41 finished with value: 2.2615592048577615 and parameters: {'model_name': 'SimpleImputer', 'strategy': 'median'}. Best is trial 24 with value: 2.259450343918659.
[I 2023-11-21 16:09:54,646] Trial 50 finished with value: 6.398423516566436 and parameters: {'model_name': 'SimpleImputer', 'strategy': 'constant'}. Best is trial 24 with value: 2.259450343918659.
[I 2023-11-21 16:09:54,959] Trial 16 finished with value: 2.2615592048577615 and parameters: {'model_name': 'SimpleImputer', 'strategy': 'median'}. Best is trial 24 with value: 2.259450343918659.
[I 2023-11-21 16:09:55,125] Trial 30 finished with value: 2.2615592048577615 and parameters: {'model_name': 'SimpleImputer', 'strategy': 'median'}. Best is trial 24 with value: 2.259450343918659.
[I 2023-11-21 16:09:55,302] Trial 55 finished with value: 6.398423516566436 and parameters: {'model_name': 'SimpleImputer', 'strategy': 'constant'}. Best is trial 24 with value: 2.259450343918659.
[I 2023-11-21 16:09:55,720] Trial 46 finished with value: 2.2615592048577615 and parameters: {'model_name': 'SimpleImputer', 'strategy': 'median'}. Best is trial 24 with value: 2.259450343918659.
[I 2023-11-21 16:09:55,938] Trial 53 finished with value: 6.398423516566436 and parameters: {'model_name': 'SimpleImputer', 'strategy': 'constant'}. Best is trial 24 with value: 2.259450343918659.
[I 2023-11-21 16:09:56,167] Trial 43 finished with value: 2.2615592048577615 and parameters: {'model_name': 'SimpleImputer', 'strategy': 'median'}. Best is trial 24 with value: 2.259450343918659.
[I 2023-11-21 16:09:56,456] Trial 52 finished with value: 6.398423516566436 and parameters: {'model_name': 'SimpleImputer', 'strategy': 'constant'}. Best is trial 24 with value: 2.259450343918659.
[I 2023-11-21 16:09:56,930] Trial 49 finished with value: 2.259450343918659 and parameters: {'model_name': 'SimpleImputer', 'strategy': 'mean'}. Best is trial 24 with value: 2.259450343918659.
[I 2023-11-21 16:09:58,940] Trial 64 finished with value: 2.2615592048577615 and parameters: {'model_name': 'SimpleImputer', 'strategy': 'median'}. Best is trial 24 with value: 2.259450343918659.
[I 2023-11-21 16:09:59,370] Trial 66 finished with value: 2.2615592048577615 and parameters: {'model_name': 'SimpleImputer', 'strategy': 'median'}. Best is trial 24 with value: 2.259450343918659.
[I 2023-11-21 16:09:59,713] Trial 65 finished with value: 2.2615592048577615 and parameters: {'model_name': 'SimpleImputer', 'strategy': 'median'}. Best is trial 24 with value: 2.259450343918659.
[I 2023-11-21 16:10:00,296] Trial 60 finished with value: 2.2615592048577615 and parameters: {'model_name': 'SimpleImputer', 'strategy': 'median'}. Best is trial 24 with value: 2.259450343918659.
[I 2023-11-21 16:10:01,482] Trial 12 finished with value: 2.326989910734844 and parameters: {'model_name': 'SimpleImputer', 'strategy': 'most_frequent'}. Best is trial 24 with value: 2.259450343918659.
[I 2023-11-21 16:10:01,673] Trial 7 finished with value: 2.326989910734844 and parameters: {'model_name': 'SimpleImputer', 'strategy': 'most_frequent'}. Best is trial 24 with value: 2.259450343918659.
[I 2023-11-21 16:10:02,116] Trial 5 finished with value: 2.326989910734844 and parameters: {'model_name': 'SimpleImputer', 'strategy': 'most_frequent'}. Best is trial 24 with value: 2.259450343918659.
[I 2023-11-21 16:10:02,397] Trial 28 finished with value: 2.326989910734844 and parameters: {'model_name': 'SimpleImputer', 'strategy': 'most_frequent'}. Best is trial 24 with value: 2.259450343918659.
[I 2023-11-21 16:10:02,800] Trial 8 finished with value: 2.326989910734844 and parameters: {'model_name': 'SimpleImputer', 'strategy': 'most_frequent'}. Best is trial 24 with value: 2.259450343918659.
[I 2023-11-21 16:10:03,168] Trial 25 finished with value: 2.326989910734844 and parameters: {'model_name': 'SimpleImputer', 'strategy': 'most_frequent'}. Best is trial 24 with value: 2.259450343918659.
[I 2023-11-21 16:10:03,337] Trial 19 finished with value: 2.326989910734844 and parameters: {'model_name': 'SimpleImputer', 'strategy': 'most_frequent'}. Best is trial 24 with value: 2.259450343918659.
[I 2023-11-21 16:10:03,553] Trial 29 finished with value: 2.326989910734844 and parameters: {'model_name': 'SimpleImputer', 'strategy': 'most_frequent'}. Best is trial 24 with value: 2.259450343918659.
[I 2023-11-21 16:10:03,866] Trial 14 finished with value: 2.326989910734844 and parameters: {'model_name': 'SimpleImputer', 'strategy': 'most_frequent'}. Best is trial 24 with value: 2.259450343918659.
[I 2023-11-21 16:10:04,145] Trial 36 finished with value: 2.326989910734844 and parameters: {'model_name': 'SimpleImputer', 'strategy': 'most_frequent'}. Best is trial 24 with value: 2.259450343918659.
[I 2023-11-21 16:10:04,474] Trial 45 finished with value: 2.326989910734844 and parameters: {'model_name': 'SimpleImputer', 'strategy': 'most_frequent'}. Best is trial 24 with value: 2.259450343918659.
[I 2023-11-21 16:10:05,049] Trial 26 finished with value: 2.326989910734844 and parameters: {'model_name': 'SimpleImputer', 'strategy': 'most_frequent'}. Best is trial 24 with value: 2.259450343918659.
[I 2023-11-21 16:10:05,283] Trial 39 finished with value: 2.326989910734844 and parameters: {'model_name': 'SimpleImputer', 'strategy': 'most_frequent'}. Best is trial 24 with value: 2.259450343918659.
[I 2023-11-21 16:10:05,654] Trial 31 finished with value: 2.326989910734844 and parameters: {'model_name': 'SimpleImputer', 'strategy': 'most_frequent'}. Best is trial 24 with value: 2.259450343918659.
[I 2023-11-21 16:10:06,764] Trial 48 finished with value: 2.326989910734844 and parameters: {'model_name': 'SimpleImputer', 'strategy': 'most_frequent'}. Best is trial 24 with value: 2.259450343918659.
[I 2023-11-21 16:10:07,458] Trial 93 finished with value: 2.259450343918659 and parameters: {'model_name': 'SimpleImputer', 'strategy': 'mean'}. Best is trial 24 with value: 2.259450343918659.
[I 2023-11-21 16:10:07,856] Trial 98 finished with value: 2.259450343918659 and parameters: {'model_name': 'SimpleImputer', 'strategy': 'mean'}. Best is trial 24 with value: 2.259450343918659.
[I 2023-11-21 16:10:08,252] Trial 94 finished with value: 2.259450343918659 and parameters: {'model_name': 'SimpleImputer', 'strategy': 'mean'}. Best is trial 24 with value: 2.259450343918659.
[I 2023-11-21 16:10:08,478] Trial 51 finished with value: 2.326989910734844 and parameters: {'model_name': 'SimpleImputer', 'strategy': 'most_frequent'}. Best is trial 24 with value: 2.259450343918659.
[I 2023-11-21 16:10:08,742] Trial 56 finished with value: 2.326989910734844 and parameters: {'model_name': 'SimpleImputer', 'strategy': 'most_frequent'}. Best is trial 24 with value: 2.259450343918659.
[I 2023-11-21 16:10:08,998] Trial 99 finished with value: 2.259450343918659 and parameters: {'model_name': 'SimpleImputer', 'strategy': 'mean'}. Best is trial 24 with value: 2.259450343918659.
[I 2023-11-21 16:10:09,207] Trial 96 finished with value: 2.259450343918659 and parameters: {'model_name': 'SimpleImputer', 'strategy': 'mean'}. Best is trial 24 with value: 2.259450343918659.
[I 2023-11-21 16:10:09,465] Trial 54 finished with value: 2.326989910734844 and parameters: {'model_name': 'SimpleImputer', 'strategy': 'most_frequent'}. Best is trial 24 with value: 2.259450343918659.
[I 2023-11-21 16:10:09,754] Trial 97 finished with value: 2.259450343918659 and parameters: {'model_name': 'SimpleImputer', 'strategy': 'mean'}. Best is trial 24 with value: 2.259450343918659.
[I 2023-11-21 16:10:10,030] Trial 62 finished with value: 2.326989910734844 and parameters: {'model_name': 'SimpleImputer', 'strategy': 'most_frequent'}. Best is trial 24 with value: 2.259450343918659.
[I 2023-11-21 16:10:10,215] Trial 67 finished with value: 2.326989910734844 and parameters: {'model_name': 'SimpleImputer', 'strategy': 'most_frequent'}. Best is trial 24 with value: 2.259450343918659.
[I 2023-11-21 16:10:10,377] Trial 61 finished with value: 2.326989910734844 and parameters: {'model_name': 'SimpleImputer', 'strategy': 'most_frequent'}. Best is trial 24 with value: 2.259450343918659.
[I 2023-11-21 16:10:10,621] Trial 82 finished with value: 2.326989910734844 and parameters: {'model_name': 'SimpleImputer', 'strategy': 'most_frequent'}. Best is trial 24 with value: 2.259450343918659.
[I 2023-11-21 16:10:10,906] Trial 59 finished with value: 2.326989910734844 and parameters: {'model_name': 'SimpleImputer', 'strategy': 'most_frequent'}. Best is trial 24 with value: 2.259450343918659.
[I 2023-11-21 16:10:11,161] Trial 101 finished with value: 2.259450343918659 and parameters: {'model_name': 'SimpleImputer', 'strategy': 'mean'}. Best is trial 24 with value: 2.259450343918659.
[I 2023-11-21 16:10:11,337] Trial 57 finished with value: 2.326989910734844 and parameters: {'model_name': 'SimpleImputer', 'strategy': 'most_frequent'}. Best is trial 24 with value: 2.259450343918659.
[I 2023-11-21 16:10:11,544] Trial 95 finished with value: 2.259450343918659 and parameters: {'model_name': 'SimpleImputer', 'strategy': 'mean'}. Best is trial 24 with value: 2.259450343918659.
[I 2023-11-21 16:10:11,728] Trial 63 finished with value: 2.326989910734844 and parameters: {'model_name': 'SimpleImputer', 'strategy': 'most_frequent'}. Best is trial 24 with value: 2.259450343918659.
[I 2023-11-21 16:10:12,076] Trial 100 finished with value: 2.259450343918659 and parameters: {'model_name': 'SimpleImputer', 'strategy': 'mean'}. Best is trial 24 with value: 2.259450343918659.
[I 2023-11-21 16:10:12,281] Trial 71 finished with value: 2.326989910734844 and parameters: {'model_name': 'SimpleImputer', 'strategy': 'most_frequent'}. Best is trial 24 with value: 2.259450343918659.
[I 2023-11-21 16:10:12,607] Trial 103 finished with value: 2.259450343918659 and parameters: {'model_name': 'SimpleImputer', 'strategy': 'mean'}. Best is trial 24 with value: 2.259450343918659.
[I 2023-11-21 16:10:12,990] Trial 69 finished with value: 2.326989910734844 and parameters: {'model_name': 'SimpleImputer', 'strategy': 'most_frequent'}. Best is trial 24 with value: 2.259450343918659.
[I 2023-11-21 16:10:13,172] Trial 70 finished with value: 2.326989910734844 and parameters: {'model_name': 'SimpleImputer', 'strategy': 'most_frequent'}. Best is trial 24 with value: 2.259450343918659.
[I 2023-11-21 16:10:13,464] Trial 73 finished with value: 2.326989910734844 and parameters: {'model_name': 'SimpleImputer', 'strategy': 'most_frequent'}. Best is trial 24 with value: 2.259450343918659.
[I 2023-11-21 16:10:13,641] Trial 102 finished with value: 2.259450343918659 and parameters: {'model_name': 'SimpleImputer', 'strategy': 'mean'}. Best is trial 24 with value: 2.259450343918659.
[I 2023-11-21 16:10:13,871] Trial 58 finished with value: 2.326989910734844 and parameters: {'model_name': 'SimpleImputer', 'strategy': 'most_frequent'}. Best is trial 24 with value: 2.259450343918659.
[I 2023-11-21 16:10:14,364] Trial 68 finished with value: 2.326989910734844 and parameters: {'model_name': 'SimpleImputer', 'strategy': 'most_frequent'}. Best is trial 24 with value: 2.259450343918659.
[I 2023-11-21 16:10:14,650] Trial 74 finished with value: 2.326989910734844 and parameters: {'model_name': 'SimpleImputer', 'strategy': 'most_frequent'}. Best is trial 24 with value: 2.259450343918659.
[I 2023-11-21 16:10:14,853] Trial 80 finished with value: 2.326989910734844 and parameters: {'model_name': 'SimpleImputer', 'strategy': 'most_frequent'}. Best is trial 24 with value: 2.259450343918659.
[I 2023-11-21 16:10:15,253] Trial 104 finished with value: 2.259450343918659 and parameters: {'model_name': 'SimpleImputer', 'strategy': 'mean'}. Best is trial 24 with value: 2.259450343918659.
[I 2023-11-21 16:10:15,505] Trial 77 finished with value: 2.326989910734844 and parameters: {'model_name': 'SimpleImputer', 'strategy': 'most_frequent'}. Best is trial 24 with value: 2.259450343918659.
[I 2023-11-21 16:10:15,778] Trial 83 finished with value: 2.326989910734844 and parameters: {'model_name': 'SimpleImputer', 'strategy': 'most_frequent'}. Best is trial 24 with value: 2.259450343918659.
[I 2023-11-21 16:10:16,115] Trial 75 finished with value: 2.326989910734844 and parameters: {'model_name': 'SimpleImputer', 'strategy': 'most_frequent'}. Best is trial 24 with value: 2.259450343918659.
[I 2023-11-21 16:10:16,288] Trial 72 finished with value: 2.326989910734844 and parameters: {'model_name': 'SimpleImputer', 'strategy': 'most_frequent'}. Best is trial 24 with value: 2.259450343918659.
[I 2023-11-21 16:10:16,687] Trial 78 finished with value: 2.326989910734844 and parameters: {'model_name': 'SimpleImputer', 'strategy': 'most_frequent'}. Best is trial 24 with value: 2.259450343918659.
[I 2023-11-21 16:10:17,101] Trial 105 finished with value: 2.259450343918659 and parameters: {'model_name': 'SimpleImputer', 'strategy': 'mean'}. Best is trial 24 with value: 2.259450343918659.
[I 2023-11-21 16:10:17,409] Trial 106 finished with value: 2.259450343918659 and parameters: {'model_name': 'SimpleImputer', 'strategy': 'mean'}. Best is trial 24 with value: 2.259450343918659.
[I 2023-11-21 16:10:17,583] Trial 85 finished with value: 2.326989910734844 and parameters: {'model_name': 'SimpleImputer', 'strategy': 'most_frequent'}. Best is trial 24 with value: 2.259450343918659.
[I 2023-11-21 16:10:17,874] Trial 109 finished with value: 2.259450343918659 and parameters: {'model_name': 'SimpleImputer', 'strategy': 'mean'}. Best is trial 24 with value: 2.259450343918659.
[I 2023-11-21 16:10:18,171] Trial 79 finished with value: 2.326989910734844 and parameters: {'model_name': 'SimpleImputer', 'strategy': 'most_frequent'}. Best is trial 24 with value: 2.259450343918659.
[I 2023-11-21 16:10:18,354] Trial 117 finished with value: 2.259450343918659 and parameters: {'model_name': 'SimpleImputer', 'strategy': 'mean'}. Best is trial 24 with value: 2.259450343918659.
[I 2023-11-21 16:10:18,779] Trial 112 finished with value: 2.259450343918659 and parameters: {'model_name': 'SimpleImputer', 'strategy': 'mean'}. Best is trial 24 with value: 2.259450343918659.
[I 2023-11-21 16:10:19,047] Trial 76 finished with value: 2.326989910734844 and parameters: {'model_name': 'SimpleImputer', 'strategy': 'most_frequent'}. Best is trial 24 with value: 2.259450343918659.
[I 2023-11-21 16:10:19,330] Trial 86 finished with value: 2.326989910734844 and parameters: {'model_name': 'SimpleImputer', 'strategy': 'most_frequent'}. Best is trial 24 with value: 2.259450343918659.
[I 2023-11-21 16:10:19,628] Trial 81 finished with value: 2.326989910734844 and parameters: {'model_name': 'SimpleImputer', 'strategy': 'most_frequent'}. Best is trial 24 with value: 2.259450343918659.
[I 2023-11-21 16:10:19,860] Trial 108 finished with value: 2.259450343918659 and parameters: {'model_name': 'SimpleImputer', 'strategy': 'mean'}. Best is trial 24 with value: 2.259450343918659.
[I 2023-11-21 16:10:20,060] Trial 122 finished with value: 2.259450343918659 and parameters: {'model_name': 'SimpleImputer', 'strategy': 'mean'}. Best is trial 24 with value: 2.259450343918659.
[I 2023-11-21 16:10:20,297] Trial 120 finished with value: 2.259450343918659 and parameters: {'model_name': 'SimpleImputer', 'strategy': 'mean'}. Best is trial 24 with value: 2.259450343918659.
[I 2023-11-21 16:10:20,622] Trial 107 finished with value: 2.259450343918659 and parameters: {'model_name': 'SimpleImputer', 'strategy': 'mean'}. Best is trial 24 with value: 2.259450343918659.
[I 2023-11-21 16:10:20,928] Trial 113 finished with value: 2.259450343918659 and parameters: {'model_name': 'SimpleImputer', 'strategy': 'mean'}. Best is trial 24 with value: 2.259450343918659.
[I 2023-11-21 16:10:21,115] Trial 84 finished with value: 2.326989910734844 and parameters: {'model_name': 'SimpleImputer', 'strategy': 'most_frequent'}. Best is trial 24 with value: 2.259450343918659.
[I 2023-11-21 16:10:21,412] Trial 114 finished with value: 2.259450343918659 and parameters: {'model_name': 'SimpleImputer', 'strategy': 'mean'}. Best is trial 24 with value: 2.259450343918659.
[I 2023-11-21 16:10:21,636] Trial 123 finished with value: 2.259450343918659 and parameters: {'model_name': 'SimpleImputer', 'strategy': 'mean'}. Best is trial 24 with value: 2.259450343918659.
[I 2023-11-21 16:10:21,901] Trial 110 finished with value: 2.259450343918659 and parameters: {'model_name': 'SimpleImputer', 'strategy': 'mean'}. Best is trial 24 with value: 2.259450343918659.
[I 2023-11-21 16:10:22,149] Trial 115 finished with value: 2.259450343918659 and parameters: {'model_name': 'SimpleImputer', 'strategy': 'mean'}. Best is trial 24 with value: 2.259450343918659.
[I 2023-11-21 16:10:22,346] Trial 111 finished with value: 2.259450343918659 and parameters: {'model_name': 'SimpleImputer', 'strategy': 'mean'}. Best is trial 24 with value: 2.259450343918659.
[I 2023-11-21 16:10:22,522] Trial 118 finished with value: 2.259450343918659 and parameters: {'model_name': 'SimpleImputer', 'strategy': 'mean'}. Best is trial 24 with value: 2.259450343918659.
[I 2023-11-21 16:10:22,723] Trial 116 finished with value: 2.259450343918659 and parameters: {'model_name': 'SimpleImputer', 'strategy': 'mean'}. Best is trial 24 with value: 2.259450343918659.
[I 2023-11-21 16:10:22,964] Trial 121 finished with value: 2.259450343918659 and parameters: {'model_name': 'SimpleImputer', 'strategy': 'mean'}. Best is trial 24 with value: 2.259450343918659.
[I 2023-11-21 16:10:23,148] Trial 125 finished with value: 2.259450343918659 and parameters: {'model_name': 'SimpleImputer', 'strategy': 'mean'}. Best is trial 24 with value: 2.259450343918659.
[I 2023-11-21 16:10:23,452] Trial 131 finished with value: 2.259450343918659 and parameters: {'model_name': 'SimpleImputer', 'strategy': 'mean'}. Best is trial 24 with value: 2.259450343918659.
[I 2023-11-21 16:10:23,831] Trial 127 finished with value: 2.259450343918659 and parameters: {'model_name': 'SimpleImputer', 'strategy': 'mean'}. Best is trial 24 with value: 2.259450343918659.
[I 2023-11-21 16:10:24,085] Trial 130 finished with value: 2.259450343918659 and parameters: {'model_name': 'SimpleImputer', 'strategy': 'mean'}. Best is trial 24 with value: 2.259450343918659.
[I 2023-11-21 16:10:24,458] Trial 119 finished with value: 2.259450343918659 and parameters: {'model_name': 'SimpleImputer', 'strategy': 'mean'}. Best is trial 24 with value: 2.259450343918659.
[I 2023-11-21 16:10:24,712] Trial 126 finished with value: 2.259450343918659 and parameters: {'model_name': 'SimpleImputer', 'strategy': 'mean'}. Best is trial 24 with value: 2.259450343918659.
[I 2023-11-21 16:10:25,003] Trial 128 finished with value: 2.259450343918659 and parameters: {'model_name': 'SimpleImputer', 'strategy': 'mean'}. Best is trial 24 with value: 2.259450343918659.
[I 2023-11-21 16:10:25,297] Trial 124 finished with value: 2.259450343918659 and parameters: {'model_name': 'SimpleImputer', 'strategy': 'mean'}. Best is trial 24 with value: 2.259450343918659.
[I 2023-11-21 16:10:25,529] Trial 129 finished with value: 2.259450343918659 and parameters: {'model_name': 'SimpleImputer', 'strategy': 'mean'}. Best is trial 24 with value: 2.259450343918659.
[I 2023-11-21 16:10:25,768] Trial 134 finished with value: 2.259450343918659 and parameters: {'model_name': 'SimpleImputer', 'strategy': 'mean'}. Best is trial 24 with value: 2.259450343918659.
[I 2023-11-21 16:10:26,000] Trial 135 finished with value: 2.259450343918659 and parameters: {'model_name': 'SimpleImputer', 'strategy': 'mean'}. Best is trial 24 with value: 2.259450343918659.
[I 2023-11-21 16:10:26,212] Trial 133 finished with value: 2.259450343918659 and parameters: {'model_name': 'SimpleImputer', 'strategy': 'mean'}. Best is trial 24 with value: 2.259450343918659.
[I 2023-11-21 16:10:26,787] Trial 132 finished with value: 2.259450343918659 and parameters: {'model_name': 'SimpleImputer', 'strategy': 'mean'}. Best is trial 24 with value: 2.259450343918659.
[I 2023-11-21 16:10:27,011] Trial 136 finished with value: 2.259450343918659 and parameters: {'model_name': 'SimpleImputer', 'strategy': 'mean'}. Best is trial 24 with value: 2.259450343918659.
[I 2023-11-21 16:10:27,335] Trial 137 finished with value: 2.259450343918659 and parameters: {'model_name': 'SimpleImputer', 'strategy': 'mean'}. Best is trial 24 with value: 2.259450343918659.
[I 2023-11-21 16:10:27,529] Trial 87 finished with value: 2.326989910734844 and parameters: {'model_name': 'SimpleImputer', 'strategy': 'most_frequent'}. Best is trial 24 with value: 2.259450343918659.
[I 2023-11-21 16:10:27,710] Trial 140 finished with value: 2.259450343918659 and parameters: {'model_name': 'SimpleImputer', 'strategy': 'mean'}. Best is trial 24 with value: 2.259450343918659.
[I 2023-11-21 16:10:27,931] Trial 141 finished with value: 2.259450343918659 and parameters: {'model_name': 'SimpleImputer', 'strategy': 'mean'}. Best is trial 24 with value: 2.259450343918659.
[I 2023-11-21 16:10:28,160] Trial 139 finished with value: 2.259450343918659 and parameters: {'model_name': 'SimpleImputer', 'strategy': 'mean'}. Best is trial 24 with value: 2.259450343918659.
[I 2023-11-21 16:10:28,373] Trial 89 finished with value: 2.326989910734844 and parameters: {'model_name': 'SimpleImputer', 'strategy': 'most_frequent'}. Best is trial 24 with value: 2.259450343918659.
[I 2023-11-21 16:10:28,666] Trial 146 finished with value: 2.259450343918659 and parameters: {'model_name': 'SimpleImputer', 'strategy': 'mean'}. Best is trial 24 with value: 2.259450343918659.
[I 2023-11-21 16:10:28,860] Trial 138 finished with value: 2.259450343918659 and parameters: {'model_name': 'SimpleImputer', 'strategy': 'mean'}. Best is trial 24 with value: 2.259450343918659.
[I 2023-11-21 16:10:29,098] Trial 88 finished with value: 2.326989910734844 and parameters: {'model_name': 'SimpleImputer', 'strategy': 'most_frequent'}. Best is trial 24 with value: 2.259450343918659.
[I 2023-11-21 16:10:29,401] Trial 147 finished with value: 2.259450343918659 and parameters: {'model_name': 'SimpleImputer', 'strategy': 'mean'}. Best is trial 24 with value: 2.259450343918659.
[I 2023-11-21 16:10:29,713] Trial 144 finished with value: 2.259450343918659 and parameters: {'model_name': 'SimpleImputer', 'strategy': 'mean'}. Best is trial 24 with value: 2.259450343918659.
[I 2023-11-21 16:10:30,101] Trial 145 finished with value: 2.259450343918659 and parameters: {'model_name': 'SimpleImputer', 'strategy': 'mean'}. Best is trial 24 with value: 2.259450343918659.
[I 2023-11-21 16:10:30,543] Trial 142 finished with value: 2.259450343918659 and parameters: {'model_name': 'SimpleImputer', 'strategy': 'mean'}. Best is trial 24 with value: 2.259450343918659.
[I 2023-11-21 16:10:30,781] Trial 148 finished with value: 2.259450343918659 and parameters: {'model_name': 'SimpleImputer', 'strategy': 'mean'}. Best is trial 24 with value: 2.259450343918659.
[I 2023-11-21 16:10:31,000] Trial 150 finished with value: 2.259450343918659 and parameters: {'model_name': 'SimpleImputer', 'strategy': 'mean'}. Best is trial 24 with value: 2.259450343918659.
[I 2023-11-21 16:10:31,301] Trial 143 finished with value: 2.259450343918659 and parameters: {'model_name': 'SimpleImputer', 'strategy': 'mean'}. Best is trial 24 with value: 2.259450343918659.
[I 2023-11-21 16:10:31,528] Trial 92 finished with value: 2.326989910734844 and parameters: {'model_name': 'SimpleImputer', 'strategy': 'most_frequent'}. Best is trial 24 with value: 2.259450343918659.
[I 2023-11-21 16:10:31,862] Trial 149 finished with value: 2.259450343918659 and parameters: {'model_name': 'SimpleImputer', 'strategy': 'mean'}. Best is trial 24 with value: 2.259450343918659.
[I 2023-11-21 16:10:32,122] Trial 153 finished with value: 2.259450343918659 and parameters: {'model_name': 'SimpleImputer', 'strategy': 'mean'}. Best is trial 24 with value: 2.259450343918659.
[I 2023-11-21 16:10:32,306] Trial 154 finished with value: 2.259450343918659 and parameters: {'model_name': 'SimpleImputer', 'strategy': 'mean'}. Best is trial 24 with value: 2.259450343918659.
[I 2023-11-21 16:10:32,562] Trial 158 finished with value: 2.259450343918659 and parameters: {'model_name': 'SimpleImputer', 'strategy': 'mean'}. Best is trial 24 with value: 2.259450343918659.
[I 2023-11-21 16:10:32,783] Trial 152 finished with value: 2.259450343918659 and parameters: {'model_name': 'SimpleImputer', 'strategy': 'mean'}. Best is trial 24 with value: 2.259450343918659.
[I 2023-11-21 16:10:32,972] Trial 151 finished with value: 2.259450343918659 and parameters: {'model_name': 'SimpleImputer', 'strategy': 'mean'}. Best is trial 24 with value: 2.259450343918659.
[I 2023-11-21 16:10:33,170] Trial 163 finished with value: 2.259450343918659 and parameters: {'model_name': 'SimpleImputer', 'strategy': 'mean'}. Best is trial 24 with value: 2.259450343918659.
[I 2023-11-21 16:10:33,486] Trial 162 finished with value: 2.259450343918659 and parameters: {'model_name': 'SimpleImputer', 'strategy': 'mean'}. Best is trial 24 with value: 2.259450343918659.
[I 2023-11-21 16:10:33,760] Trial 159 finished with value: 2.259450343918659 and parameters: {'model_name': 'SimpleImputer', 'strategy': 'mean'}. Best is trial 24 with value: 2.259450343918659.
[I 2023-11-21 16:10:33,990] Trial 164 finished with value: 2.259450343918659 and parameters: {'model_name': 'SimpleImputer', 'strategy': 'mean'}. Best is trial 24 with value: 2.259450343918659.
[I 2023-11-21 16:10:34,223] Trial 90 finished with value: 2.326989910734844 and parameters: {'model_name': 'SimpleImputer', 'strategy': 'most_frequent'}. Best is trial 24 with value: 2.259450343918659.
[I 2023-11-21 16:10:34,401] Trial 170 finished with value: 2.259450343918659 and parameters: {'model_name': 'SimpleImputer', 'strategy': 'mean'}. Best is trial 24 with value: 2.259450343918659.
[I 2023-11-21 16:10:34,572] Trial 156 finished with value: 2.259450343918659 and parameters: {'model_name': 'SimpleImputer', 'strategy': 'mean'}. Best is trial 24 with value: 2.259450343918659.
[I 2023-11-21 16:10:34,811] Trial 166 finished with value: 2.259450343918659 and parameters: {'model_name': 'SimpleImputer', 'strategy': 'mean'}. Best is trial 24 with value: 2.259450343918659.
[I 2023-11-21 16:10:34,999] Trial 91 finished with value: 2.326989910734844 and parameters: {'model_name': 'SimpleImputer', 'strategy': 'most_frequent'}. Best is trial 24 with value: 2.259450343918659.
[I 2023-11-21 16:10:35,183] Trial 160 finished with value: 2.259450343918659 and parameters: {'model_name': 'SimpleImputer', 'strategy': 'mean'}. Best is trial 24 with value: 2.259450343918659.
[I 2023-11-21 16:10:35,432] Trial 157 finished with value: 2.259450343918659 and parameters: {'model_name': 'SimpleImputer', 'strategy': 'mean'}. Best is trial 24 with value: 2.259450343918659.
[I 2023-11-21 16:10:35,700] Trial 176 finished with value: 6.398423516566436 and parameters: {'model_name': 'SimpleImputer', 'strategy': 'constant'}. Best is trial 24 with value: 2.259450343918659.
[I 2023-11-21 16:10:35,948] Trial 161 finished with value: 2.259450343918659 and parameters: {'model_name': 'SimpleImputer', 'strategy': 'mean'}. Best is trial 24 with value: 2.259450343918659.
[I 2023-11-21 16:10:36,220] Trial 165 finished with value: 2.259450343918659 and parameters: {'model_name': 'SimpleImputer', 'strategy': 'mean'}. Best is trial 24 with value: 2.259450343918659.
[I 2023-11-21 16:10:36,483] Trial 175 finished with value: 6.398423516566436 and parameters: {'model_name': 'SimpleImputer', 'strategy': 'constant'}. Best is trial 24 with value: 2.259450343918659.
[I 2023-11-21 16:10:36,701] Trial 155 finished with value: 2.259450343918659 and parameters: {'model_name': 'SimpleImputer', 'strategy': 'mean'}. Best is trial 24 with value: 2.259450343918659.
[I 2023-11-21 16:10:37,007] Trial 168 finished with value: 2.259450343918659 and parameters: {'model_name': 'SimpleImputer', 'strategy': 'mean'}. Best is trial 24 with value: 2.259450343918659.
[I 2023-11-21 16:10:37,215] Trial 167 finished with value: 2.259450343918659 and parameters: {'model_name': 'SimpleImputer', 'strategy': 'mean'}. Best is trial 24 with value: 2.259450343918659.
[I 2023-11-21 16:10:37,520] Trial 169 finished with value: 2.259450343918659 and parameters: {'model_name': 'SimpleImputer', 'strategy': 'mean'}. Best is trial 24 with value: 2.259450343918659.
[I 2023-11-21 16:10:37,755] Trial 172 finished with value: 2.259450343918659 and parameters: {'model_name': 'SimpleImputer', 'strategy': 'mean'}. Best is trial 24 with value: 2.259450343918659.
[I 2023-11-21 16:10:37,988] Trial 181 finished with value: 6.398423516566436 and parameters: {'model_name': 'SimpleImputer', 'strategy': 'constant'}. Best is trial 24 with value: 2.259450343918659.
[I 2023-11-21 16:10:38,172] Trial 180 finished with value: 6.398423516566436 and parameters: {'model_name': 'SimpleImputer', 'strategy': 'constant'}. Best is trial 24 with value: 2.259450343918659.
[I 2023-11-21 16:10:38,361] Trial 184 finished with value: 6.398423516566436 and parameters: {'model_name': 'SimpleImputer', 'strategy': 'constant'}. Best is trial 24 with value: 2.259450343918659.
[I 2023-11-21 16:10:38,551] Trial 173 finished with value: 2.259450343918659 and parameters: {'model_name': 'SimpleImputer', 'strategy': 'mean'}. Best is trial 24 with value: 2.259450343918659.
[I 2023-11-21 16:10:38,727] Trial 183 finished with value: 6.398423516566436 and parameters: {'model_name': 'SimpleImputer', 'strategy': 'constant'}. Best is trial 24 with value: 2.259450343918659.
[I 2023-11-21 16:10:38,966] Trial 171 finished with value: 2.259450343918659 and parameters: {'model_name': 'SimpleImputer', 'strategy': 'mean'}. Best is trial 24 with value: 2.259450343918659.
[I 2023-11-21 16:10:39,217] Trial 182 finished with value: 6.398423516566436 and parameters: {'model_name': 'SimpleImputer', 'strategy': 'constant'}. Best is trial 24 with value: 2.259450343918659.
[I 2023-11-21 16:10:39,459] Trial 179 finished with value: 6.398423516566436 and parameters: {'model_name': 'SimpleImputer', 'strategy': 'constant'}. Best is trial 24 with value: 2.259450343918659.
[I 2023-11-21 16:10:39,699] Trial 189 finished with value: 6.398423516566436 and parameters: {'model_name': 'SimpleImputer', 'strategy': 'constant'}. Best is trial 24 with value: 2.259450343918659.
[I 2023-11-21 16:10:39,911] Trial 186 finished with value: 6.398423516566436 and parameters: {'model_name': 'SimpleImputer', 'strategy': 'constant'}. Best is trial 24 with value: 2.259450343918659.
[I 2023-11-21 16:10:40,161] Trial 174 finished with value: 2.259450343918659 and parameters: {'model_name': 'SimpleImputer', 'strategy': 'mean'}. Best is trial 24 with value: 2.259450343918659.
[I 2023-11-21 16:10:40,418] Trial 177 finished with value: 2.259450343918659 and parameters: {'model_name': 'SimpleImputer', 'strategy': 'mean'}. Best is trial 24 with value: 2.259450343918659.
[I 2023-11-21 16:10:40,628] Trial 178 finished with value: 2.259450343918659 and parameters: {'model_name': 'SimpleImputer', 'strategy': 'mean'}. Best is trial 24 with value: 2.259450343918659.
[I 2023-11-21 16:10:40,860] Trial 191 finished with value: 6.398423516566436 and parameters: {'model_name': 'SimpleImputer', 'strategy': 'constant'}. Best is trial 24 with value: 2.259450343918659.
[I 2023-11-21 16:10:41,068] Trial 188 finished with value: 6.398423516566436 and parameters: {'model_name': 'SimpleImputer', 'strategy': 'constant'}. Best is trial 24 with value: 2.259450343918659.
[I 2023-11-21 16:10:41,304] Trial 190 finished with value: 6.398423516566436 and parameters: {'model_name': 'SimpleImputer', 'strategy': 'constant'}. Best is trial 24 with value: 2.259450343918659.
[I 2023-11-21 16:10:41,525] Trial 187 finished with value: 6.398423516566436 and parameters: {'model_name': 'SimpleImputer', 'strategy': 'constant'}. Best is trial 24 with value: 2.259450343918659.
[I 2023-11-21 16:10:41,755] Trial 185 finished with value: 2.259450343918659 and parameters: {'model_name': 'SimpleImputer', 'strategy': 'mean'}. Best is trial 24 with value: 2.259450343918659.
[I 2023-11-21 16:10:41,981] Trial 192 finished with value: 6.398423516566436 and parameters: {'model_name': 'SimpleImputer', 'strategy': 'constant'}. Best is trial 24 with value: 2.259450343918659.
[I 2023-11-21 16:10:42,170] Trial 193 finished with value: 6.398423516566436 and parameters: {'model_name': 'SimpleImputer', 'strategy': 'constant'}. Best is trial 24 with value: 2.259450343918659.
[I 2023-11-21 16:10:42,408] Trial 199 finished with value: 6.398423516566436 and parameters: {'model_name': 'SimpleImputer', 'strategy': 'constant'}. Best is trial 24 with value: 2.259450343918659.
[I 2023-11-21 16:10:42,592] Trial 195 finished with value: 6.398423516566436 and parameters: {'model_name': 'SimpleImputer', 'strategy': 'constant'}. Best is trial 24 with value: 2.259450343918659.
[I 2023-11-21 16:10:42,811] Trial 194 finished with value: 6.398423516566436 and parameters: {'model_name': 'SimpleImputer', 'strategy': 'constant'}. Best is trial 24 with value: 2.259450343918659.
[I 2023-11-21 16:10:43,022] Trial 197 finished with value: 6.398423516566436 and parameters: {'model_name': 'SimpleImputer', 'strategy': 'constant'}. Best is trial 24 with value: 2.259450343918659.
[I 2023-11-21 16:10:43,215] Trial 196 finished with value: 6.398423516566436 and parameters: {'model_name': 'SimpleImputer', 'strategy': 'constant'}. Best is trial 24 with value: 2.259450343918659.
[I 2023-11-21 16:10:43,453] Trial 198 finished with value: 2.259450343918659 and parameters: {'model_name': 'SimpleImputer', 'strategy': 'mean'}. Best is trial 24 with value: 2.259450343918659.
simple fit
simple transform
[I 2023-11-21 16:10:49,589] A new study created in memory with name: no-name-74e3f1e2-f145-41d2-9794-59f8b5d1af5f
  0%|          | 0/200 [00:00<?, ?it/s][W 2023-11-21 16:10:49,592] Trial 0 failed with parameters: {'model_name': 'Simple'} because of the following error: UnboundLocalError("local variable 'my_params' referenced before assignment").
Traceback (most recent call last):
  File "/home/ketrong/miniconda3/envs/tpot2devenv/lib/python3.10/site-packages/optuna/study/_optimize.py", line 200, in _run_trial
    value_or_values = func(trial)
  File "/common/ketrong/AutoImputeExp/tpot2_imputetest/Impute_Experiments/autoimpute.py", line 56, in obj
    my_params = autoutils.trial_suggestion(trial, self.model_names, column_len=len(X.columns), random_state=self.random_state)
  File "/common/ketrong/AutoImputeExp/tpot2_imputetest/Impute_Experiments/autoutils.py", line 28, in trial_suggestion
    return my_params
UnboundLocalError: local variable 'my_params' referenced before assignment
                                         0%|          | 0/200 [00:00<?, ?it/s]                                         0%|          | 0/200 [00:00<?, ?it/s][W 2023-11-21 16:10:49,602] Trial 0 failed with value None.
[W 2023-11-21 16:10:49,595] Trial 2 failed with parameters: {'model_name': 'Simple'} because of the following error: UnboundLocalError("local variable 'my_params' referenced before assignment").
Traceback (most recent call last):
  File "/home/ketrong/miniconda3/envs/tpot2devenv/lib/python3.10/site-packages/optuna/study/_optimize.py", line 200, in _run_trial
    value_or_values = func(trial)
  File "/common/ketrong/AutoImputeExp/tpot2_imputetest/Impute_Experiments/autoimpute.py", line 56, in obj
    my_params = autoutils.trial_suggestion(trial, self.model_names, column_len=len(X.columns), random_state=self.random_state)
  File "/common/ketrong/AutoImputeExp/tpot2_imputetest/Impute_Experiments/autoutils.py", line 28, in trial_suggestion
    return my_params
UnboundLocalError: local variable 'my_params' referenced before assignment                                       
  0%|          | 0/200 [00:00<?, ?it/s]                                       [W 2023-11-21 16:10:49,837] Trial 2 failed with value None.
  0%|          | 0/200 [00:00<?, ?it/s][W 2023-11-21 16:10:49,598] Trial 4 failed with parameters: {'model_name': 'Simple'} because of the following error: UnboundLocalError("local variable 'my_params' referenced before assignment").
Traceback (most recent call last):
  File "/home/ketrong/miniconda3/envs/tpot2devenv/lib/python3.10/site-packages/optuna/study/_optimize.py", line 200, in _run_trial
    value_or_values = func(trial)
  File "/common/ketrong/AutoImputeExp/tpot2_imputetest/Impute_Experiments/autoimpute.py", line 56, in obj
    my_params = autoutils.trial_suggestion(trial, self.model_names, column_len=len(X.columns), random_state=self.random_state)
  File "/common/ketrong/AutoImputeExp/tpot2_imputetest/Impute_Experiments/autoutils.py", line 28, in trial_suggestion
    return my_params
UnboundLocalError: local variable 'my_params' referenced before assignment
                                         0%|          | 0/200 [00:00<?, ?it/s]                                       [W 2023-11-21 16:10:49,998] Trial 4 failed with value None.
  0%|          | 0/200 [00:00<?, ?it/s][W 2023-11-21 16:10:49,600] Trial 6 failed with parameters: {'model_name': 'Simple'} because of the following error: UnboundLocalError("local variable 'my_params' referenced before assignment").
Traceback (most recent call last):
  File "/home/ketrong/miniconda3/envs/tpot2devenv/lib/python3.10/site-packages/optuna/study/_optimize.py", line 200, in _run_trial
    value_or_values = func(trial)
  File "/common/ketrong/AutoImputeExp/tpot2_imputetest/Impute_Experiments/autoimpute.py", line 56, in obj
    my_params = autoutils.trial_suggestion(trial, self.model_names, column_len=len(X.columns), random_state=self.random_state)
  File "/common/ketrong/AutoImputeExp/tpot2_imputetest/Impute_Experiments/autoutils.py", line 28, in trial_suggestion
    return my_params
UnboundLocalError: local variable 'my_params' referenced before assignment
                                         0%|          | 0/200 [00:00<?, ?it/s][W 2023-11-21 16:10:50,159] Trial 6 failed with value None.
                                         0%|          | 0/200 [00:00<?, ?it/s][W 2023-11-21 16:10:49,594] Trial 1 failed with parameters: {'model_name': 'Simple'} because of the following error: UnboundLocalError("local variable 'my_params' referenced before assignment").
Traceback (most recent call last):
  File "/home/ketrong/miniconda3/envs/tpot2devenv/lib/python3.10/site-packages/optuna/study/_optimize.py", line 200, in _run_trial
    value_or_values = func(trial)
  File "/common/ketrong/AutoImputeExp/tpot2_imputetest/Impute_Experiments/autoimpute.py", line 56, in obj
    my_params = autoutils.trial_suggestion(trial, self.model_names, column_len=len(X.columns), random_state=self.random_state)
  File "/common/ketrong/AutoImputeExp/tpot2_imputetest/Impute_Experiments/autoutils.py", line 28, in trial_suggestion
    return my_params
UnboundLocalError: local variable 'my_params' referenced before assignment
                                         0%|          | 0/200 [00:00<?, ?it/s][W 2023-11-21 16:10:50,318] Trial 1 failed with value None.
                                         0%|          | 0/200 [00:00<?, ?it/s][W 2023-11-21 16:10:49,835] Trial 9 failed with parameters: {'model_name': 'Simple'} because of the following error: UnboundLocalError("local variable 'my_params' referenced before assignment").
Traceback (most recent call last):
  File "/home/ketrong/miniconda3/envs/tpot2devenv/lib/python3.10/site-packages/optuna/study/_optimize.py", line 200, in _run_trial
    value_or_values = func(trial)
  File "/common/ketrong/AutoImputeExp/tpot2_imputetest/Impute_Experiments/autoimpute.py", line 56, in obj
    my_params = autoutils.trial_suggestion(trial, self.model_names, column_len=len(X.columns), random_state=self.random_state)
  File "/common/ketrong/AutoImputeExp/tpot2_imputetest/Impute_Experiments/autoutils.py", line 28, in trial_suggestion
    return my_params
UnboundLocalError: local variable 'my_params' referenced before assignment
                                         0%|          | 0/200 [00:00<?, ?it/s][W 2023-11-21 16:10:50,474] Trial 9 failed with value None.
                                         0%|          | 0/200 [00:00<?, ?it/s][W 2023-11-21 16:10:49,836] Trial 10 failed with parameters: {'model_name': 'Simple'} because of the following error: UnboundLocalError("local variable 'my_params' referenced before assignment").
Traceback (most recent call last):
  File "/home/ketrong/miniconda3/envs/tpot2devenv/lib/python3.10/site-packages/optuna/study/_optimize.py", line 200, in _run_trial
    value_or_values = func(trial)
  File "/common/ketrong/AutoImputeExp/tpot2_imputetest/Impute_Experiments/autoimpute.py", line 56, in obj
    my_params = autoutils.trial_suggestion(trial, self.model_names, column_len=len(X.columns), random_state=self.random_state)
  File "/common/ketrong/AutoImputeExp/tpot2_imputetest/Impute_Experiments/autoutils.py", line 28, in trial_suggestion
    return my_params
UnboundLocalError: local variable 'my_params' referenced before assignment
                                         0%|          | 0/200 [00:01<?, ?it/s]                                         0%|          | 0/200 [00:01<?, ?it/s][W 2023-11-21 16:10:50,635] Trial 10 failed with value None.
[W 2023-11-21 16:10:49,599] Trial 5 failed with parameters: {'model_name': 'Simple'} because of the following error: UnboundLocalError("local variable 'my_params' referenced before assignment").
Traceback (most recent call last):
  File "/home/ketrong/miniconda3/envs/tpot2devenv/lib/python3.10/site-packages/optuna/study/_optimize.py", line 200, in _run_trial
    value_or_values = func(trial)
  File "/common/ketrong/AutoImputeExp/tpot2_imputetest/Impute_Experiments/autoimpute.py", line 56, in obj
    my_params = autoutils.trial_suggestion(trial, self.model_names, column_len=len(X.columns), random_state=self.random_state)
  File "/common/ketrong/AutoImputeExp/tpot2_imputetest/Impute_Experiments/autoutils.py", line 28, in trial_suggestion
    return my_params
UnboundLocalError: local variable 'my_params' referenced before assignment
                                         0%|          | 0/200 [00:01<?, ?it/s][W 2023-11-21 16:10:50,793] Trial 5 failed with value None.
                                         0%|          | 0/200 [00:01<?, ?it/s][W 2023-11-21 16:10:50,157] Trial 12 failed with parameters: {'model_name': 'Simple'} because of the following error: UnboundLocalError("local variable 'my_params' referenced before assignment").
Traceback (most recent call last):
  File "/home/ketrong/miniconda3/envs/tpot2devenv/lib/python3.10/site-packages/optuna/study/_optimize.py", line 200, in _run_trial
    value_or_values = func(trial)
  File "/common/ketrong/AutoImputeExp/tpot2_imputetest/Impute_Experiments/autoimpute.py", line 56, in obj
    my_params = autoutils.trial_suggestion(trial, self.model_names, column_len=len(X.columns), random_state=self.random_state)
  File "/common/ketrong/AutoImputeExp/tpot2_imputetest/Impute_Experiments/autoutils.py", line 28, in trial_suggestion
    return my_params
UnboundLocalError: local variable 'my_params' referenced before assignment
                                         0%|          | 0/200 [00:01<?, ?it/s][W 2023-11-21 16:10:50,952] Trial 12 failed with value None.
                                         0%|          | 0/200 [00:01<?, ?it/s][W 2023-11-21 16:10:50,318] Trial 14 failed with parameters: {'model_name': 'Simple'} because of the following error: UnboundLocalError("local variable 'my_params' referenced before assignment").
Traceback (most recent call last):
  File "/home/ketrong/miniconda3/envs/tpot2devenv/lib/python3.10/site-packages/optuna/study/_optimize.py", line 200, in _run_trial
    value_or_values = func(trial)
  File "/common/ketrong/AutoImputeExp/tpot2_imputetest/Impute_Experiments/autoimpute.py", line 56, in obj
    my_params = autoutils.trial_suggestion(trial, self.model_names, column_len=len(X.columns), random_state=self.random_state)
  File "/common/ketrong/AutoImputeExp/tpot2_imputetest/Impute_Experiments/autoutils.py", line 28, in trial_suggestion
    return my_params
UnboundLocalError: local variable 'my_params' referenced before assignment
                                         0%|          | 0/200 [00:01<?, ?it/s]                                       [W 2023-11-21 16:10:51,112] Trial 14 failed with value None.
  0%|          | 0/200 [00:01<?, ?it/s][W 2023-11-21 16:10:49,597] Trial 3 failed with parameters: {'model_name': 'Simple'} because of the following error: UnboundLocalError("local variable 'my_params' referenced before assignment").
Traceback (most recent call last):
  File "/home/ketrong/miniconda3/envs/tpot2devenv/lib/python3.10/site-packages/optuna/study/_optimize.py", line 200, in _run_trial
    value_or_values = func(trial)
  File "/common/ketrong/AutoImputeExp/tpot2_imputetest/Impute_Experiments/autoimpute.py", line 56, in obj
    my_params = autoutils.trial_suggestion(trial, self.model_names, column_len=len(X.columns), random_state=self.random_state)
  File "/common/ketrong/AutoImputeExp/tpot2_imputetest/Impute_Experiments/autoutils.py", line 28, in trial_suggestion
    return my_params
UnboundLocalError: local variable 'my_params' referenced before assignment
                                         0%|          | 0/200 [00:01<?, ?it/s][W 2023-11-21 16:10:51,271] Trial 3 failed with value None.
                                         0%|          | 0/200 [00:01<?, ?it/s][W 2023-11-21 16:10:50,158] Trial 13 failed with parameters: {'model_name': 'Simple'} because of the following error: UnboundLocalError("local variable 'my_params' referenced before assignment").
Traceback (most recent call last):
  File "/home/ketrong/miniconda3/envs/tpot2devenv/lib/python3.10/site-packages/optuna/study/_optimize.py", line 200, in _run_trial
    value_or_values = func(trial)
  File "/common/ketrong/AutoImputeExp/tpot2_imputetest/Impute_Experiments/autoimpute.py", line 56, in obj
    my_params = autoutils.trial_suggestion(trial, self.model_names, column_len=len(X.columns), random_state=self.random_state)
  File "/common/ketrong/AutoImputeExp/tpot2_imputetest/Impute_Experiments/autoutils.py", line 28, in trial_suggestion
    return my_params
UnboundLocalError: local variable 'my_params' referenced before assignment
                                         0%|          | 0/200 [00:01<?, ?it/s][W 2023-11-21 16:10:51,431] Trial 13 failed with value None.
                                         0%|          | 0/200 [00:01<?, ?it/s]                                       [W 2023-11-21 16:10:51,109] Trial 15 failed with parameters: {'model_name': 'Simple'} because of the following error: UnboundLocalError("local variable 'my_params' referenced before assignment").
Traceback (most recent call last):
  File "/home/ketrong/miniconda3/envs/tpot2devenv/lib/python3.10/site-packages/optuna/study/_optimize.py", line 200, in _run_trial
    value_or_values = func(trial)
  File "/common/ketrong/AutoImputeExp/tpot2_imputetest/Impute_Experiments/autoimpute.py", line 56, in obj
    my_params = autoutils.trial_suggestion(trial, self.model_names, column_len=len(X.columns), random_state=self.random_state)
  File "/common/ketrong/AutoImputeExp/tpot2_imputetest/Impute_Experiments/autoutils.py", line 28, in trial_suggestion
    return my_params
UnboundLocalError: local variable 'my_params' referenced before assignment
  0%|          | 0/200 [00:02<?, ?it/s][W 2023-11-21 16:10:51,595] Trial 15 failed with value None.
                                         0%|          | 0/200 [00:02<?, ?it/s][W 2023-11-21 16:10:51,110] Trial 17 failed with parameters: {'model_name': 'Simple'} because of the following error: UnboundLocalError("local variable 'my_params' referenced before assignment").
Traceback (most recent call last):
  File "/home/ketrong/miniconda3/envs/tpot2devenv/lib/python3.10/site-packages/optuna/study/_optimize.py", line 200, in _run_trial
    value_or_values = func(trial)
  File "/common/ketrong/AutoImputeExp/tpot2_imputetest/Impute_Experiments/autoimpute.py", line 56, in obj
    my_params = autoutils.trial_suggestion(trial, self.model_names, column_len=len(X.columns), random_state=self.random_state)
  File "/common/ketrong/AutoImputeExp/tpot2_imputetest/Impute_Experiments/autoutils.py", line 28, in trial_suggestion
    return my_params
UnboundLocalError: local variable 'my_params' referenced before assignment
                                         0%|          | 0/200 [00:02<?, ?it/s]                                       [W 2023-11-21 16:10:51,756] Trial 17 failed with value None.
  0%|          | 0/200 [00:02<?, ?it/s]                                       [W 2023-11-21 16:10:51,111] Trial 19 failed with parameters: {'model_name': 'Simple'} because of the following error: UnboundLocalError("local variable 'my_params' referenced before assignment").
Traceback (most recent call last):
  File "/home/ketrong/miniconda3/envs/tpot2devenv/lib/python3.10/site-packages/optuna/study/_optimize.py", line 200, in _run_trial
    value_or_values = func(trial)
  File "/common/ketrong/AutoImputeExp/tpot2_imputetest/Impute_Experiments/autoimpute.py", line 56, in obj
    my_params = autoutils.trial_suggestion(trial, self.model_names, column_len=len(X.columns), random_state=self.random_state)
  File "/common/ketrong/AutoImputeExp/tpot2_imputetest/Impute_Experiments/autoutils.py", line 28, in trial_suggestion
    return my_params
UnboundLocalError: local variable 'my_params' referenced before assignment
  0%|          | 0/200 [00:02<?, ?it/s]                                         0%|          | 0/200 [00:02<?, ?it/s][W 2023-11-21 16:10:51,915] Trial 19 failed with value None.
[W 2023-11-21 16:10:51,270] Trial 20 failed with parameters: {'model_name': 'Simple'} because of the following error: UnboundLocalError("local variable 'my_params' referenced before assignment").
Traceback (most recent call last):
  File "/home/ketrong/miniconda3/envs/tpot2devenv/lib/python3.10/site-packages/optuna/study/_optimize.py", line 200, in _run_trial
    value_or_values = func(trial)
  File "/common/ketrong/AutoImputeExp/tpot2_imputetest/Impute_Experiments/autoimpute.py", line 56, in obj
    my_params = autoutils.trial_suggestion(trial, self.model_names, column_len=len(X.columns), random_state=self.random_state)
  File "/common/ketrong/AutoImputeExp/tpot2_imputetest/Impute_Experiments/autoutils.py", line 28, in trial_suggestion
    return my_params
UnboundLocalError: local variable 'my_params' referenced before assignment
[W 2023-11-21 16:10:52,074] Trial 20 failed with value None.
                                         0%|          | 0/200 [00:02<?, ?it/s]                                         0%|          | 0/200 [00:02<?, ?it/s]                                       [W 2023-11-21 16:10:51,430] Trial 21 failed with parameters: {'model_name': 'Simple'} because of the following error: UnboundLocalError("local variable 'my_params' referenced before assignment").
Traceback (most recent call last):
  File "/home/ketrong/miniconda3/envs/tpot2devenv/lib/python3.10/site-packages/optuna/study/_optimize.py", line 200, in _run_trial
    value_or_values = func(trial)
  File "/common/ketrong/AutoImputeExp/tpot2_imputetest/Impute_Experiments/autoimpute.py", line 56, in obj
    my_params = autoutils.trial_suggestion(trial, self.model_names, column_len=len(X.columns), random_state=self.random_state)
  File "/common/ketrong/AutoImputeExp/tpot2_imputetest/Impute_Experiments/autoutils.py", line 28, in trial_suggestion
    return my_params
UnboundLocalError: local variable 'my_params' referenced before assignment
  0%|          | 0/200 [00:02<?, ?it/s][W 2023-11-21 16:10:51,430] Trial 22 failed with parameters: {'model_name': 'Simple'} because of the following error: UnboundLocalError("local variable 'my_params' referenced before assignment").
Traceback (most recent call last):
  File "/home/ketrong/miniconda3/envs/tpot2devenv/lib/python3.10/site-packages/optuna/study/_optimize.py", line 200, in _run_trial
    value_or_values = func(trial)
  File "/common/ketrong/AutoImputeExp/tpot2_imputetest/Impute_Experiments/autoimpute.py", line 56, in obj
    my_params = autoutils.trial_suggestion(trial, self.model_names, column_len=len(X.columns), random_state=self.random_state)
  File "/common/ketrong/AutoImputeExp/tpot2_imputetest/Impute_Experiments/autoutils.py", line 28, in trial_suggestion
    return my_params
UnboundLocalError: local variable 'my_params' referenced before assignment
                                         0%|          | 0/200 [00:02<?, ?it/s]                                       [W 2023-11-21 16:10:52,236] Trial 22 failed with value None.
  0%|          | 0/200 [00:02<?, ?it/s][W 2023-11-21 16:10:51,591] Trial 23 failed with parameters: {'model_name': 'Simple'} because of the following error: UnboundLocalError("local variable 'my_params' referenced before assignment").
Traceback (most recent call last):
  File "/home/ketrong/miniconda3/envs/tpot2devenv/lib/python3.10/site-packages/optuna/study/_optimize.py", line 200, in _run_trial
    value_or_values = func(trial)
  File "/common/ketrong/AutoImputeExp/tpot2_imputetest/Impute_Experiments/autoimpute.py", line 56, in obj
    my_params = autoutils.trial_suggestion(trial, self.model_names, column_len=len(X.columns), random_state=self.random_state)
  File "/common/ketrong/AutoImputeExp/tpot2_imputetest/Impute_Experiments/autoutils.py", line 28, in trial_suggestion
    return my_params
UnboundLocalError: local variable 'my_params' referenced before assignment
                                         0%|          | 0/200 [00:02<?, ?it/s][W 2023-11-21 16:10:52,396] Trial 23 failed with value None.
                                         0%|          | 0/200 [00:02<?, ?it/s][W 2023-11-21 16:10:51,592] Trial 25 failed with parameters: {'model_name': 'Simple'} because of the following error: UnboundLocalError("local variable 'my_params' referenced before assignment").
Traceback (most recent call last):
  File "/home/ketrong/miniconda3/envs/tpot2devenv/lib/python3.10/site-packages/optuna/study/_optimize.py", line 200, in _run_trial
    value_or_values = func(trial)
  File "/common/ketrong/AutoImputeExp/tpot2_imputetest/Impute_Experiments/autoimpute.py", line 56, in obj
    my_params = autoutils.trial_suggestion(trial, self.model_names, column_len=len(X.columns), random_state=self.random_state)
  File "/common/ketrong/AutoImputeExp/tpot2_imputetest/Impute_Experiments/autoutils.py", line 28, in trial_suggestion
    return my_params
UnboundLocalError: local variable 'my_params' referenced before assignment
                                         0%|          | 0/200 [00:02<?, ?it/s]                                       [W 2023-11-21 16:10:52,557] Trial 25 failed with value None.
  0%|          | 0/200 [00:02<?, ?it/s][W 2023-11-21 16:10:51,595] Trial 27 failed with parameters: {'model_name': 'Simple'} because of the following error: UnboundLocalError("local variable 'my_params' referenced before assignment").
Traceback (most recent call last):
  File "/home/ketrong/miniconda3/envs/tpot2devenv/lib/python3.10/site-packages/optuna/study/_optimize.py", line 200, in _run_trial
    value_or_values = func(trial)
  File "/common/ketrong/AutoImputeExp/tpot2_imputetest/Impute_Experiments/autoimpute.py", line 56, in obj
    my_params = autoutils.trial_suggestion(trial, self.model_names, column_len=len(X.columns), random_state=self.random_state)
  File "/common/ketrong/AutoImputeExp/tpot2_imputetest/Impute_Experiments/autoutils.py", line 28, in trial_suggestion
    return my_params
UnboundLocalError: local variable 'my_params' referenced before assignment
                                         0%|          | 0/200 [00:03<?, ?it/s]                                       [W 2023-11-21 16:10:52,715] Trial 27 failed with value None.
  0%|          | 0/200 [00:03<?, ?it/s]                                       [W 2023-11-21 16:10:51,755] Trial 28 failed with parameters: {'model_name': 'Simple'} because of the following error: UnboundLocalError("local variable 'my_params' referenced before assignment").
Traceback (most recent call last):
  File "/home/ketrong/miniconda3/envs/tpot2devenv/lib/python3.10/site-packages/optuna/study/_optimize.py", line 200, in _run_trial
    value_or_values = func(trial)
  File "/common/ketrong/AutoImputeExp/tpot2_imputetest/Impute_Experiments/autoimpute.py", line 56, in obj
    my_params = autoutils.trial_suggestion(trial, self.model_names, column_len=len(X.columns), random_state=self.random_state)
  File "/common/ketrong/AutoImputeExp/tpot2_imputetest/Impute_Experiments/autoutils.py", line 28, in trial_suggestion
    return my_params
UnboundLocalError: local variable 'my_params' referenced before assignment
  0%|          | 0/200 [00:03<?, ?it/s]                                       [W 2023-11-21 16:10:52,879] Trial 28 failed with value None.
  0%|          | 0/200 [00:03<?, ?it/s]                                       [W 2023-11-21 16:10:51,111] Trial 18 failed with parameters: {'model_name': 'Simple'} because of the following error: UnboundLocalError("local variable 'my_params' referenced before assignment").
Traceback (most recent call last):
  File "/home/ketrong/miniconda3/envs/tpot2devenv/lib/python3.10/site-packages/optuna/study/_optimize.py", line 200, in _run_trial
    value_or_values = func(trial)
  File "/common/ketrong/AutoImputeExp/tpot2_imputetest/Impute_Experiments/autoimpute.py", line 56, in obj
    my_params = autoutils.trial_suggestion(trial, self.model_names, column_len=len(X.columns), random_state=self.random_state)
  File "/common/ketrong/AutoImputeExp/tpot2_imputetest/Impute_Experiments/autoutils.py", line 28, in trial_suggestion
    return my_params
UnboundLocalError: local variable 'my_params' referenced before assignment
  0%|          | 0/200 [00:03<?, ?it/s]                                       [W 2023-11-21 16:10:53,039] Trial 18 failed with value None.
  0%|          | 0/200 [00:03<?, ?it/s][W 2023-11-21 16:10:51,758] Trial 31 failed with parameters: {'model_name': 'Simple'} because of the following error: UnboundLocalError("local variable 'my_params' referenced before assignment").
Traceback (most recent call last):
  File "/home/ketrong/miniconda3/envs/tpot2devenv/lib/python3.10/site-packages/optuna/study/_optimize.py", line 200, in _run_trial
    value_or_values = func(trial)
  File "/common/ketrong/AutoImputeExp/tpot2_imputetest/Impute_Experiments/autoimpute.py", line 56, in obj
    my_params = autoutils.trial_suggestion(trial, self.model_names, column_len=len(X.columns), random_state=self.random_state)
  File "/common/ketrong/AutoImputeExp/tpot2_imputetest/Impute_Experiments/autoutils.py", line 28, in trial_suggestion
    return my_params
UnboundLocalError: local variable 'my_params' referenced before assignment
[W 2023-11-21 16:10:53,198] Trial 31 failed with value None.
                                         0%|          | 0/200 [00:03<?, ?it/s]                                         0%|          | 0/200 [00:03<?, ?it/s][W 2023-11-21 16:10:49,834] Trial 8 failed with parameters: {'model_name': 'Simple'} because of the following error: UnboundLocalError("local variable 'my_params' referenced before assignment").
Traceback (most recent call last):
  File "/home/ketrong/miniconda3/envs/tpot2devenv/lib/python3.10/site-packages/optuna/study/_optimize.py", line 200, in _run_trial
    value_or_values = func(trial)
  File "/common/ketrong/AutoImputeExp/tpot2_imputetest/Impute_Experiments/autoimpute.py", line 56, in obj
    my_params = autoutils.trial_suggestion(trial, self.model_names, column_len=len(X.columns), random_state=self.random_state)
  File "/common/ketrong/AutoImputeExp/tpot2_imputetest/Impute_Experiments/autoutils.py", line 28, in trial_suggestion
    return my_params
UnboundLocalError: local variable 'my_params' referenced before assignment
                                         0%|          | 0/200 [00:03<?, ?it/s][W 2023-11-21 16:10:53,354] Trial 8 failed with value None.
                                         0%|          | 0/200 [00:03<?, ?it/s][W 2023-11-21 16:10:52,231] Trial 33 failed with parameters: {'model_name': 'Simple'} because of the following error: UnboundLocalError("local variable 'my_params' referenced before assignment").
Traceback (most recent call last):
  File "/home/ketrong/miniconda3/envs/tpot2devenv/lib/python3.10/site-packages/optuna/study/_optimize.py", line 200, in _run_trial
    value_or_values = func(trial)
  File "/common/ketrong/AutoImputeExp/tpot2_imputetest/Impute_Experiments/autoimpute.py", line 56, in obj
    my_params = autoutils.trial_suggestion(trial, self.model_names, column_len=len(X.columns), random_state=self.random_state)
  File "/common/ketrong/AutoImputeExp/tpot2_imputetest/Impute_Experiments/autoutils.py", line 28, in trial_suggestion
    return my_params
UnboundLocalError: local variable 'my_params' referenced before assignment
                                         0%|          | 0/200 [00:03<?, ?it/s]                                         0%|          | 0/200 [00:03<?, ?it/s][W 2023-11-21 16:10:53,514] Trial 33 failed with value None.
                                       [W 2023-11-21 16:10:52,234] Trial 21 failed with value None.
  0%|          | 0/200 [00:04<?, ?it/s][W 2023-11-21 16:10:52,235] Trial 35 failed with parameters: {'model_name': 'Simple'} because of the following error: UnboundLocalError("local variable 'my_params' referenced before assignment").
Traceback (most recent call last):
  File "/home/ketrong/miniconda3/envs/tpot2devenv/lib/python3.10/site-packages/optuna/study/_optimize.py", line 200, in _run_trial
    value_or_values = func(trial)
  File "/common/ketrong/AutoImputeExp/tpot2_imputetest/Impute_Experiments/autoimpute.py", line 56, in obj
    my_params = autoutils.trial_suggestion(trial, self.model_names, column_len=len(X.columns), random_state=self.random_state)
  File "/common/ketrong/AutoImputeExp/tpot2_imputetest/Impute_Experiments/autoutils.py", line 28, in trial_suggestion
    return my_params
UnboundLocalError: local variable 'my_params' referenced before assignment
                                         0%|          | 0/200 [00:04<?, ?it/s][W 2023-11-21 16:10:49,601] Trial 7 failed with parameters: {'model_name': 'Simple'} because of the following error: UnboundLocalError("local variable 'my_params' referenced before assignment").
Traceback (most recent call last):
  File "/home/ketrong/miniconda3/envs/tpot2devenv/lib/python3.10/site-packages/optuna/study/_optimize.py", line 200, in _run_trial
    value_or_values = func(trial)
  File "/common/ketrong/AutoImputeExp/tpot2_imputetest/Impute_Experiments/autoimpute.py", line 56, in obj
    my_params = autoutils.trial_suggestion(trial, self.model_names, column_len=len(X.columns), random_state=self.random_state)
  File "/common/ketrong/AutoImputeExp/tpot2_imputetest/Impute_Experiments/autoutils.py", line 28, in trial_suggestion
    return my_params
UnboundLocalError: local variable 'my_params' referenced before assignment
                                         0%|          | 0/200 [00:04<?, ?it/s]                                       [W 2023-11-21 16:10:53,833] Trial 7 failed with value None.
  0%|          | 0/200 [00:04<?, ?it/s][W 2023-11-21 16:10:51,592] Trial 24 failed with parameters: {'model_name': 'Simple'} because of the following error: UnboundLocalError("local variable 'my_params' referenced before assignment").
Traceback (most recent call last):
  File "/home/ketrong/miniconda3/envs/tpot2devenv/lib/python3.10/site-packages/optuna/study/_optimize.py", line 200, in _run_trial
    value_or_values = func(trial)
  File "/common/ketrong/AutoImputeExp/tpot2_imputetest/Impute_Experiments/autoimpute.py", line 56, in obj
    my_params = autoutils.trial_suggestion(trial, self.model_names, column_len=len(X.columns), random_state=self.random_state)
  File "/common/ketrong/AutoImputeExp/tpot2_imputetest/Impute_Experiments/autoutils.py", line 28, in trial_suggestion
    return my_params
UnboundLocalError: local variable 'my_params' referenced before assignment
                                         0%|          | 0/200 [00:04<?, ?it/s]                                       [W 2023-11-21 16:10:53,991] Trial 24 failed with value None.
  0%|          | 0/200 [00:04<?, ?it/s][W 2023-11-21 16:10:51,109] Trial 16 failed with parameters: {'model_name': 'Simple'} because of the following error: UnboundLocalError("local variable 'my_params' referenced before assignment").
Traceback (most recent call last):
  File "/home/ketrong/miniconda3/envs/tpot2devenv/lib/python3.10/site-packages/optuna/study/_optimize.py", line 200, in _run_trial
    value_or_values = func(trial)
  File "/common/ketrong/AutoImputeExp/tpot2_imputetest/Impute_Experiments/autoimpute.py", line 56, in obj
    my_params = autoutils.trial_suggestion(trial, self.model_names, column_len=len(X.columns), random_state=self.random_state)
  File "/common/ketrong/AutoImputeExp/tpot2_imputetest/Impute_Experiments/autoutils.py", line 28, in trial_suggestion
    return my_params
UnboundLocalError: local variable 'my_params' referenced before assignment
                                         0%|          | 0/200 [00:04<?, ?it/s][W 2023-11-21 16:10:54,151] Trial 16 failed with value None.
                                         0%|          | 0/200 [00:04<?, ?it/s][W 2023-11-21 16:10:52,874] Trial 37 failed with parameters: {'model_name': 'Simple'} because of the following error: UnboundLocalError("local variable 'my_params' referenced before assignment").
Traceback (most recent call last):
  File "/home/ketrong/miniconda3/envs/tpot2devenv/lib/python3.10/site-packages/optuna/study/_optimize.py", line 200, in _run_trial
    value_or_values = func(trial)
  File "/common/ketrong/AutoImputeExp/tpot2_imputetest/Impute_Experiments/autoimpute.py", line 56, in obj
    my_params = autoutils.trial_suggestion(trial, self.model_names, column_len=len(X.columns), random_state=self.random_state)
  File "/common/ketrong/AutoImputeExp/tpot2_imputetest/Impute_Experiments/autoutils.py", line 28, in trial_suggestion
    return my_params
UnboundLocalError: local variable 'my_params' referenced before assignment
                                         0%|          | 0/200 [00:04<?, ?it/s][W 2023-11-21 16:10:54,311] Trial 37 failed with value None.
                                         0%|          | 0/200 [00:04<?, ?it/s][W 2023-11-21 16:10:52,879] Trial 40 failed with parameters: {'model_name': 'Simple'} because of the following error: UnboundLocalError("local variable 'my_params' referenced before assignment").
Traceback (most recent call last):
  File "/home/ketrong/miniconda3/envs/tpot2devenv/lib/python3.10/site-packages/optuna/study/_optimize.py", line 200, in _run_trial
    value_or_values = func(trial)
  File "/common/ketrong/AutoImputeExp/tpot2_imputetest/Impute_Experiments/autoimpute.py", line 56, in obj
    my_params = autoutils.trial_suggestion(trial, self.model_names, column_len=len(X.columns), random_state=self.random_state)
  File "/common/ketrong/AutoImputeExp/tpot2_imputetest/Impute_Experiments/autoutils.py", line 28, in trial_suggestion
    return my_params
UnboundLocalError: local variable 'my_params' referenced before assignment
                                         0%|          | 0/200 [00:04<?, ?it/s]                                         0%|          | 0/200 [00:04<?, ?it/s][W 2023-11-21 16:10:54,470] Trial 40 failed with value None.
[W 2023-11-21 16:10:53,039] Trial 41 failed with parameters: {'model_name': 'Simple'} because of the following error: UnboundLocalError("local variable 'my_params' referenced before assignment").
Traceback (most recent call last):
  File "/home/ketrong/miniconda3/envs/tpot2devenv/lib/python3.10/site-packages/optuna/study/_optimize.py", line 200, in _run_trial
    value_or_values = func(trial)
  File "/common/ketrong/AutoImputeExp/tpot2_imputetest/Impute_Experiments/autoimpute.py", line 56, in obj
    my_params = autoutils.trial_suggestion(trial, self.model_names, column_len=len(X.columns), random_state=self.random_state)
  File "/common/ketrong/AutoImputeExp/tpot2_imputetest/Impute_Experiments/autoutils.py", line 28, in trial_suggestion
    return my_params
UnboundLocalError: local variable 'my_params' referenced before assignment
                                         0%|          | 0/200 [00:05<?, ?it/s][W 2023-11-21 16:10:54,628] Trial 41 failed with value None.
                                         0%|          | 0/200 [00:05<?, ?it/s][W 2023-11-21 16:10:53,197] Trial 42 failed with parameters: {'model_name': 'Simple'} because of the following error: UnboundLocalError("local variable 'my_params' referenced before assignment").
Traceback (most recent call last):
  File "/home/ketrong/miniconda3/envs/tpot2devenv/lib/python3.10/site-packages/optuna/study/_optimize.py", line 200, in _run_trial
    value_or_values = func(trial)
  File "/common/ketrong/AutoImputeExp/tpot2_imputetest/Impute_Experiments/autoimpute.py", line 56, in obj
    my_params = autoutils.trial_suggestion(trial, self.model_names, column_len=len(X.columns), random_state=self.random_state)
  File "/common/ketrong/AutoImputeExp/tpot2_imputetest/Impute_Experiments/autoutils.py", line 28, in trial_suggestion
    return my_params
UnboundLocalError: local variable 'my_params' referenced before assignment
                                         0%|          | 0/200 [00:05<?, ?it/s][W 2023-11-21 16:10:54,788] Trial 42 failed with value None.
                                         0%|          | 0/200 [00:05<?, ?it/s][W 2023-11-21 16:10:49,997] Trial 11 failed with parameters: {'model_name': 'Simple'} because of the following error: UnboundLocalError("local variable 'my_params' referenced before assignment").
Traceback (most recent call last):
  File "/home/ketrong/miniconda3/envs/tpot2devenv/lib/python3.10/site-packages/optuna/study/_optimize.py", line 200, in _run_trial
    value_or_values = func(trial)
  File "/common/ketrong/AutoImputeExp/tpot2_imputetest/Impute_Experiments/autoimpute.py", line 56, in obj
    my_params = autoutils.trial_suggestion(trial, self.model_names, column_len=len(X.columns), random_state=self.random_state)
  File "/common/ketrong/AutoImputeExp/tpot2_imputetest/Impute_Experiments/autoutils.py", line 28, in trial_suggestion
    return my_params
UnboundLocalError: local variable 'my_params' referenced before assignment
                                         0%|          | 0/200 [00:05<?, ?it/s]                                         0%|          | 0/200 [00:05<?, ?it/s][W 2023-11-21 16:10:54,947] Trial 11 failed with value None.
[W 2023-11-21 16:10:52,232] Trial 34 failed with parameters: {'model_name': 'Simple'} because of the following error: UnboundLocalError("local variable 'my_params' referenced before assignment").
Traceback (most recent call last):
  File "/home/ketrong/miniconda3/envs/tpot2devenv/lib/python3.10/site-packages/optuna/study/_optimize.py", line 200, in _run_trial
    value_or_values = func(trial)
  File "/common/ketrong/AutoImputeExp/tpot2_imputetest/Impute_Experiments/autoimpute.py", line 56, in obj
    my_params = autoutils.trial_suggestion(trial, self.model_names, column_len=len(X.columns), random_state=self.random_state)
  File "/common/ketrong/AutoImputeExp/tpot2_imputetest/Impute_Experiments/autoutils.py", line 28, in trial_suggestion
    return my_params
UnboundLocalError: local variable 'my_params' referenced before assignment
                                         0%|          | 0/200 [00:05<?, ?it/s]                                         0%|          | 0/200 [00:05<?, ?it/s][W 2023-11-21 16:10:55,107] Trial 34 failed with value None.
[W 2023-11-21 16:10:53,832] Trial 35 failed with value None.
                                         0%|          | 0/200 [00:05<?, ?it/s][W 2023-11-21 16:10:53,833] Trial 45 failed with parameters: {'model_name': 'Simple'} because of the following error: UnboundLocalError("local variable 'my_params' referenced before assignment").
Traceback (most recent call last):
  File "/home/ketrong/miniconda3/envs/tpot2devenv/lib/python3.10/site-packages/optuna/study/_optimize.py", line 200, in _run_trial
    value_or_values = func(trial)
  File "/common/ketrong/AutoImputeExp/tpot2_imputetest/Impute_Experiments/autoimpute.py", line 56, in obj
    my_params = autoutils.trial_suggestion(trial, self.model_names, column_len=len(X.columns), random_state=self.random_state)
  File "/common/ketrong/AutoImputeExp/tpot2_imputetest/Impute_Experiments/autoutils.py", line 28, in trial_suggestion
    return my_params
UnboundLocalError: local variable 'my_params' referenced before assignment
                                         0%|          | 0/200 [00:05<?, ?it/s]                                         0%|          | 0/200 [00:05<?, ?it/s][W 2023-11-21 16:10:55,422] Trial 45 failed with value None.
[W 2023-11-21 16:10:51,593] Trial 26 failed with parameters: {'model_name': 'Simple'} because of the following error: UnboundLocalError("local variable 'my_params' referenced before assignment").
Traceback (most recent call last):
  File "/home/ketrong/miniconda3/envs/tpot2devenv/lib/python3.10/site-packages/optuna/study/_optimize.py", line 200, in _run_trial
    value_or_values = func(trial)
  File "/common/ketrong/AutoImputeExp/tpot2_imputetest/Impute_Experiments/autoimpute.py", line 56, in obj
    my_params = autoutils.trial_suggestion(trial, self.model_names, column_len=len(X.columns), random_state=self.random_state)
  File "/common/ketrong/AutoImputeExp/tpot2_imputetest/Impute_Experiments/autoutils.py", line 28, in trial_suggestion
    return my_params
UnboundLocalError: local variable 'my_params' referenced before assignment
                                         0%|          | 0/200 [00:05<?, ?it/s]                                         0%|          | 0/200 [00:05<?, ?it/s][W 2023-11-21 16:10:55,581] Trial 26 failed with value None.
[W 2023-11-21 16:10:52,875] Trial 38 failed with parameters: {'model_name': 'Simple'} because of the following error: UnboundLocalError("local variable 'my_params' referenced before assignment").
Traceback (most recent call last):
  File "/home/ketrong/miniconda3/envs/tpot2devenv/lib/python3.10/site-packages/optuna/study/_optimize.py", line 200, in _run_trial
    value_or_values = func(trial)
  File "/common/ketrong/AutoImputeExp/tpot2_imputetest/Impute_Experiments/autoimpute.py", line 56, in obj
    my_params = autoutils.trial_suggestion(trial, self.model_names, column_len=len(X.columns), random_state=self.random_state)
  File "/common/ketrong/AutoImputeExp/tpot2_imputetest/Impute_Experiments/autoutils.py", line 28, in trial_suggestion
    return my_params
UnboundLocalError: local variable 'my_params' referenced before assignment
                                         0%|          | 0/200 [00:06<?, ?it/s]                                         0%|          | 0/200 [00:06<?, ?it/s][W 2023-11-21 16:10:55,738] Trial 38 failed with value None.
[W 2023-11-21 16:10:54,469] Trial 47 failed with parameters: {'model_name': 'Simple'} because of the following error: UnboundLocalError("local variable 'my_params' referenced before assignment").
Traceback (most recent call last):
  File "/home/ketrong/miniconda3/envs/tpot2devenv/lib/python3.10/site-packages/optuna/study/_optimize.py", line 200, in _run_trial
    value_or_values = func(trial)
  File "/common/ketrong/AutoImputeExp/tpot2_imputetest/Impute_Experiments/autoimpute.py", line 56, in obj
    my_params = autoutils.trial_suggestion(trial, self.model_names, column_len=len(X.columns), random_state=self.random_state)
  File "/common/ketrong/AutoImputeExp/tpot2_imputetest/Impute_Experiments/autoutils.py", line 28, in trial_suggestion
    return my_params
UnboundLocalError: local variable 'my_params' referenced before assignment
                                         0%|          | 0/200 [00:06<?, ?it/s][W 2023-11-21 16:10:55,896] Trial 47 failed with value None.
                                         0%|          | 0/200 [00:06<?, ?it/s][W 2023-11-21 16:10:51,756] Trial 30 failed with parameters: {'model_name': 'Simple'} because of the following error: UnboundLocalError("local variable 'my_params' referenced before assignment").
Traceback (most recent call last):
  File "/home/ketrong/miniconda3/envs/tpot2devenv/lib/python3.10/site-packages/optuna/study/_optimize.py", line 200, in _run_trial
    value_or_values = func(trial)
  File "/common/ketrong/AutoImputeExp/tpot2_imputetest/Impute_Experiments/autoimpute.py", line 56, in obj
    my_params = autoutils.trial_suggestion(trial, self.model_names, column_len=len(X.columns), random_state=self.random_state)
  File "/common/ketrong/AutoImputeExp/tpot2_imputetest/Impute_Experiments/autoutils.py", line 28, in trial_suggestion
    return my_params
UnboundLocalError: local variable 'my_params' referenced before assignment
                                         0%|          | 0/200 [00:06<?, ?it/s][W 2023-11-21 16:10:56,053] Trial 30 failed with value None.
                                         0%|          | 0/200 [00:06<?, ?it/s][W 2023-11-21 16:10:53,513] Trial 43 failed with parameters: {'model_name': 'Simple'} because of the following error: UnboundLocalError("local variable 'my_params' referenced before assignment").
Traceback (most recent call last):
  File "/home/ketrong/miniconda3/envs/tpot2devenv/lib/python3.10/site-packages/optuna/study/_optimize.py", line 200, in _run_trial
    value_or_values = func(trial)
  File "/common/ketrong/AutoImputeExp/tpot2_imputetest/Impute_Experiments/autoimpute.py", line 56, in obj
    my_params = autoutils.trial_suggestion(trial, self.model_names, column_len=len(X.columns), random_state=self.random_state)
  File "/common/ketrong/AutoImputeExp/tpot2_imputetest/Impute_Experiments/autoutils.py", line 28, in trial_suggestion
    return my_params
UnboundLocalError: local variable 'my_params' referenced before assignment
                                         0%|          | 0/200 [00:06<?, ?it/s]                                         0%|          | 0/200 [00:06<?, ?it/s][W 2023-11-21 16:10:56,212] Trial 43 failed with value None.
[W 2023-11-21 16:10:52,396] Trial 36 failed with parameters: {'model_name': 'Simple'} because of the following error: UnboundLocalError("local variable 'my_params' referenced before assignment").
Traceback (most recent call last):
  File "/home/ketrong/miniconda3/envs/tpot2devenv/lib/python3.10/site-packages/optuna/study/_optimize.py", line 200, in _run_trial
    value_or_values = func(trial)
  File "/common/ketrong/AutoImputeExp/tpot2_imputetest/Impute_Experiments/autoimpute.py", line 56, in obj
    my_params = autoutils.trial_suggestion(trial, self.model_names, column_len=len(X.columns), random_state=self.random_state)
  File "/common/ketrong/AutoImputeExp/tpot2_imputetest/Impute_Experiments/autoutils.py", line 28, in trial_suggestion
    return my_params
UnboundLocalError: local variable 'my_params' referenced before assignment
                                         0%|          | 0/200 [00:06<?, ?it/s]                                         0%|          | 0/200 [00:06<?, ?it/s][W 2023-11-21 16:10:56,369] Trial 36 failed with value None.
[W 2023-11-21 16:10:52,878] Trial 39 failed with parameters: {'model_name': 'Simple'} because of the following error: UnboundLocalError("local variable 'my_params' referenced before assignment").
Traceback (most recent call last):
  File "/home/ketrong/miniconda3/envs/tpot2devenv/lib/python3.10/site-packages/optuna/study/_optimize.py", line 200, in _run_trial
    value_or_values = func(trial)
  File "/common/ketrong/AutoImputeExp/tpot2_imputetest/Impute_Experiments/autoimpute.py", line 56, in obj
    my_params = autoutils.trial_suggestion(trial, self.model_names, column_len=len(X.columns), random_state=self.random_state)
  File "/common/ketrong/AutoImputeExp/tpot2_imputetest/Impute_Experiments/autoutils.py", line 28, in trial_suggestion
    return my_params
UnboundLocalError: local variable 'my_params' referenced before assignment
                                         0%|          | 0/200 [00:06<?, ?it/s]                                         0%|          | 0/200 [00:06<?, ?it/s][W 2023-11-21 16:10:56,525] Trial 39 failed with value None.
[W 2023-11-21 16:10:52,074] Trial 32 failed with parameters: {'model_name': 'Simple'} because of the following error: UnboundLocalError("local variable 'my_params' referenced before assignment").
Traceback (most recent call last):
  File "/home/ketrong/miniconda3/envs/tpot2devenv/lib/python3.10/site-packages/optuna/study/_optimize.py", line 200, in _run_trial
    value_or_values = func(trial)
  File "/common/ketrong/AutoImputeExp/tpot2_imputetest/Impute_Experiments/autoimpute.py", line 56, in obj
    my_params = autoutils.trial_suggestion(trial, self.model_names, column_len=len(X.columns), random_state=self.random_state)
  File "/common/ketrong/AutoImputeExp/tpot2_imputetest/Impute_Experiments/autoutils.py", line 28, in trial_suggestion
    return my_params
UnboundLocalError: local variable 'my_params' referenced before assignment
                                         0%|          | 0/200 [00:07<?, ?it/s][W 2023-11-21 16:10:56,682] Trial 32 failed with value None.
                                         0%|          | 0/200 [00:07<?, ?it/s][W 2023-11-21 16:10:54,150] Trial 46 failed with parameters: {'model_name': 'Simple'} because of the following error: UnboundLocalError("local variable 'my_params' referenced before assignment").
Traceback (most recent call last):
  File "/home/ketrong/miniconda3/envs/tpot2devenv/lib/python3.10/site-packages/optuna/study/_optimize.py", line 200, in _run_trial
    value_or_values = func(trial)
  File "/common/ketrong/AutoImputeExp/tpot2_imputetest/Impute_Experiments/autoimpute.py", line 56, in obj
    my_params = autoutils.trial_suggestion(trial, self.model_names, column_len=len(X.columns), random_state=self.random_state)
  File "/common/ketrong/AutoImputeExp/tpot2_imputetest/Impute_Experiments/autoutils.py", line 28, in trial_suggestion
    return my_params
UnboundLocalError: local variable 'my_params' referenced before assignment
                                         0%|          | 0/200 [00:07<?, ?it/s]                                         0%|          | 0/200 [00:07<?, ?it/s][W 2023-11-21 16:10:56,839] Trial 46 failed with value None.
[W 2023-11-21 16:10:53,832] Trial 44 failed with parameters: {'model_name': 'Simple'} because of the following error: UnboundLocalError("local variable 'my_params' referenced before assignment").
Traceback (most recent call last):
  File "/home/ketrong/miniconda3/envs/tpot2devenv/lib/python3.10/site-packages/optuna/study/_optimize.py", line 200, in _run_trial
    value_or_values = func(trial)
  File "/common/ketrong/AutoImputeExp/tpot2_imputetest/Impute_Experiments/autoimpute.py", line 56, in obj
    my_params = autoutils.trial_suggestion(trial, self.model_names, column_len=len(X.columns), random_state=self.random_state)
  File "/common/ketrong/AutoImputeExp/tpot2_imputetest/Impute_Experiments/autoutils.py", line 28, in trial_suggestion
    return my_params
UnboundLocalError: local variable 'my_params' referenced before assignment
                                         0%|          | 0/200 [00:07<?, ?it/s][W 2023-11-21 16:10:56,998] Trial 44 failed with value None.
                                         0%|          | 0/200 [00:07<?, ?it/s][W 2023-11-21 16:10:51,755] Trial 29 failed with parameters: {'model_name': 'Simple'} because of the following error: UnboundLocalError("local variable 'my_params' referenced before assignment").
Traceback (most recent call last):
  File "/home/ketrong/miniconda3/envs/tpot2devenv/lib/python3.10/site-packages/optuna/study/_optimize.py", line 200, in _run_trial
    value_or_values = func(trial)
  File "/common/ketrong/AutoImputeExp/tpot2_imputetest/Impute_Experiments/autoimpute.py", line 56, in obj
    my_params = autoutils.trial_suggestion(trial, self.model_names, column_len=len(X.columns), random_state=self.random_state)
  File "/common/ketrong/AutoImputeExp/tpot2_imputetest/Impute_Experiments/autoutils.py", line 28, in trial_suggestion
    return my_params
UnboundLocalError: local variable 'my_params' referenced before assignment
                                         0%|          | 0/200 [00:07<?, ?it/s]                                         0%|          | 0/200 [00:07<?, ?it/s][W 2023-11-21 16:10:57,157] Trial 29 failed with value None.
  0%|          | 0/200 [00:07<?, ?it/s]
failed on 
tpot2_imputetest/Impute_Experiments/logs//tpot2_base_normal_6_0.1_MAR_2
local variable 'my_params' referenced before assignment
Traceback (most recent call last):
  File "/common/ketrong/AutoImputeExp/tpot2_imputetest/Impute_Experiments/utils.py", line 178, in loop_through_tasks
    AutoImputeSpace.fit(X_train_pandas)
  File "/common/ketrong/AutoImputeExp/tpot2_imputetest/Impute_Experiments/autoimpute.py", line 60, in fit
    self.study.optimize(obj, n_trials=self.n_trials, n_jobs=self.n_jobs, show_progress_bar=self.show_progress, gc_after_trial=self.garbage_collect)
  File "/home/ketrong/miniconda3/envs/tpot2devenv/lib/python3.10/site-packages/optuna/study/study.py", line 451, in optimize
    _optimize(
  File "/home/ketrong/miniconda3/envs/tpot2devenv/lib/python3.10/site-packages/optuna/study/_optimize.py", line 103, in _optimize
    f.result()
  File "/home/ketrong/miniconda3/envs/tpot2devenv/lib/python3.10/concurrent/futures/_base.py", line 451, in result
    return self.__get_result()
  File "/home/ketrong/miniconda3/envs/tpot2devenv/lib/python3.10/concurrent/futures/_base.py", line 403, in __get_result
    raise self._exception
  File "/home/ketrong/miniconda3/envs/tpot2devenv/lib/python3.10/concurrent/futures/thread.py", line 58, in run
    result = self.fn(*self.args, **self.kwargs)
  File "/home/ketrong/miniconda3/envs/tpot2devenv/lib/python3.10/site-packages/optuna/study/_optimize.py", line 163, in _optimize_sequential
    frozen_trial = _run_trial(study, func, catch)
  File "/home/ketrong/miniconda3/envs/tpot2devenv/lib/python3.10/site-packages/optuna/study/_optimize.py", line 251, in _run_trial
    raise func_err
  File "/home/ketrong/miniconda3/envs/tpot2devenv/lib/python3.10/site-packages/optuna/study/_optimize.py", line 200, in _run_trial
    value_or_values = func(trial)
  File "/common/ketrong/AutoImputeExp/tpot2_imputetest/Impute_Experiments/autoimpute.py", line 56, in obj
    my_params = autoutils.trial_suggestion(trial, self.model_names, column_len=len(X.columns), random_state=self.random_state)
  File "/common/ketrong/AutoImputeExp/tpot2_imputetest/Impute_Experiments/autoutils.py", line 28, in trial_suggestion
    return my_params
UnboundLocalError: local variable 'my_params' referenced before assignment

DONE
