/cm/local/apps/slurm/var/spool/job402260/slurm_script: line 19: /common/ketrong/minconda3/etc/profile.d/conda.sh: No such file or directory
/cm/local/apps/slurm/var/spool/job402260/slurm_script: line 22: $'\nconda create --name tpot2devenv -c conda-forge python=3.10\n': command not found
/cm/local/apps/slurm/var/spool/job402260/slurm_script: line 27: $'\npip install -r requirements.txt\n': command not found
RunStart
2023-11-21 09:52:52.856124: I tensorflow/core/util/port.cc:113] oneDNN custom operations are on. You may see slightly different numerical results due to floating-point round-off errors from different computation orders. To turn them off, set the environment variable `TF_ENABLE_ONEDNN_OPTS=0`.
2023-11-21 09:52:52.892504: E external/local_xla/xla/stream_executor/cuda/cuda_dnn.cc:9261] Unable to register cuDNN factory: Attempting to register factory for plugin cuDNN when one has already been registered
2023-11-21 09:52:52.892528: E external/local_xla/xla/stream_executor/cuda/cuda_fft.cc:607] Unable to register cuFFT factory: Attempting to register factory for plugin cuFFT when one has already been registered
2023-11-21 09:52:52.893667: E external/local_xla/xla/stream_executor/cuda/cuda_blas.cc:1515] Unable to register cuBLAS factory: Attempting to register factory for plugin cuBLAS when one has already been registered
2023-11-21 09:52:52.899756: I tensorflow/core/platform/cpu_feature_guard.cc:182] This TensorFlow binary is optimized to use available CPU instructions in performance-critical operations.
To enable the following instructions: AVX2 AVX512F AVX512_VNNI FMA, in other operations, rebuild TensorFlow with the appropriate compiler flags.
2023-11-21 09:52:54.079852: W tensorflow/compiler/tf2tensorrt/utils/py_utils.cc:38] TF-TRT Warning: Could not find TensorRT
WARNING:tensorflow:From /home/ketrong/miniconda3/envs/tpot2devenv/lib/python3.10/site-packages/tensorflow/python/compat/v2_compat.py:108: disable_resource_variables (from tensorflow.python.ops.variable_scope) is deprecated and will be removed in a future version.
Instructions for updating:
non-resource variables are not supported in the long term
working on 
tpot2_imputetest/Impute_Experiments/logs//tpot2_base_normal_6_0.9_MAR_0
loading data
tpot2_imputetest/Impute_Experiments/data/6_True.pkl
running experiment 1/3 - Does large hyperparameter space improve reconstruction accuracy over simple
[I 2023-11-21 09:54:13,888] A new study created in memory with name: no-name-2fb1fe31-c6a4-43cf-996a-b883e3d36d62
[I 2023-11-21 09:54:14,944] Trial 1 finished with value: 6.7605067906254686 and parameters: {'model_name': 'SimpleImputer', 'strategy': 'constant'}. Best is trial 1 with value: 6.7605067906254686.
[I 2023-11-21 09:54:15,557] Trial 16 finished with value: 6.7605067906254686 and parameters: {'model_name': 'SimpleImputer', 'strategy': 'constant'}. Best is trial 1 with value: 6.7605067906254686.
[I 2023-11-21 09:54:15,951] Trial 2 finished with value: 6.7605067906254686 and parameters: {'model_name': 'SimpleImputer', 'strategy': 'constant'}. Best is trial 1 with value: 6.7605067906254686.
[I 2023-11-21 09:54:16,157] Trial 8 finished with value: 6.7605067906254686 and parameters: {'model_name': 'SimpleImputer', 'strategy': 'constant'}. Best is trial 1 with value: 6.7605067906254686.
[I 2023-11-21 09:54:16,496] Trial 19 finished with value: 6.7605067906254686 and parameters: {'model_name': 'SimpleImputer', 'strategy': 'constant'}. Best is trial 1 with value: 6.7605067906254686.
[I 2023-11-21 09:54:17,070] Trial 25 finished with value: 6.7605067906254686 and parameters: {'model_name': 'SimpleImputer', 'strategy': 'constant'}. Best is trial 1 with value: 6.7605067906254686.
[I 2023-11-21 09:54:17,338] Trial 14 finished with value: 6.7605067906254686 and parameters: {'model_name': 'SimpleImputer', 'strategy': 'constant'}. Best is trial 1 with value: 6.7605067906254686.
[I 2023-11-21 09:54:17,669] Trial 4 finished with value: 2.3129557692904745 and parameters: {'model_name': 'SimpleImputer', 'strategy': 'mean'}. Best is trial 4 with value: 2.3129557692904745.
[I 2023-11-21 09:54:17,964] Trial 5 finished with value: 2.3129557692904745 and parameters: {'model_name': 'SimpleImputer', 'strategy': 'mean'}. Best is trial 4 with value: 2.3129557692904745.
[I 2023-11-21 09:54:18,218] Trial 7 finished with value: 2.3129557692904745 and parameters: {'model_name': 'SimpleImputer', 'strategy': 'mean'}. Best is trial 4 with value: 2.3129557692904745.
[I 2023-11-21 09:54:18,581] Trial 32 finished with value: 6.7605067906254686 and parameters: {'model_name': 'SimpleImputer', 'strategy': 'constant'}. Best is trial 4 with value: 2.3129557692904745.
[I 2023-11-21 09:54:18,863] Trial 36 finished with value: 6.7605067906254686 and parameters: {'model_name': 'SimpleImputer', 'strategy': 'constant'}. Best is trial 4 with value: 2.3129557692904745.
[I 2023-11-21 09:54:19,202] Trial 21 finished with value: 6.7605067906254686 and parameters: {'model_name': 'SimpleImputer', 'strategy': 'constant'}. Best is trial 4 with value: 2.3129557692904745.
[I 2023-11-21 09:54:19,445] Trial 18 finished with value: 2.3129557692904745 and parameters: {'model_name': 'SimpleImputer', 'strategy': 'mean'}. Best is trial 4 with value: 2.3129557692904745.
[I 2023-11-21 09:54:19,702] Trial 28 finished with value: 6.7605067906254686 and parameters: {'model_name': 'SimpleImputer', 'strategy': 'constant'}. Best is trial 4 with value: 2.3129557692904745.
[I 2023-11-21 09:54:20,246] Trial 24 finished with value: 2.3129557692904745 and parameters: {'model_name': 'SimpleImputer', 'strategy': 'mean'}. Best is trial 4 with value: 2.3129557692904745.
[I 2023-11-21 09:54:20,509] Trial 0 finished with value: 2.3795520027723827 and parameters: {'model_name': 'SimpleImputer', 'strategy': 'median'}. Best is trial 4 with value: 2.3129557692904745.
[I 2023-11-21 09:54:20,867] Trial 31 finished with value: 2.3129557692904745 and parameters: {'model_name': 'SimpleImputer', 'strategy': 'mean'}. Best is trial 4 with value: 2.3129557692904745.
[I 2023-11-21 09:54:21,095] Trial 29 finished with value: 2.3129557692904745 and parameters: {'model_name': 'SimpleImputer', 'strategy': 'mean'}. Best is trial 4 with value: 2.3129557692904745.
[I 2023-11-21 09:54:21,268] Trial 11 finished with value: 2.3795520027723827 and parameters: {'model_name': 'SimpleImputer', 'strategy': 'median'}. Best is trial 4 with value: 2.3129557692904745.
[I 2023-11-21 09:54:21,632] Trial 39 finished with value: 2.3129557692904745 and parameters: {'model_name': 'SimpleImputer', 'strategy': 'mean'}. Best is trial 4 with value: 2.3129557692904745.
[I 2023-11-21 09:54:22,035] Trial 10 finished with value: 2.3795520027723827 and parameters: {'model_name': 'SimpleImputer', 'strategy': 'median'}. Best is trial 4 with value: 2.3129557692904745.
[I 2023-11-21 09:54:22,377] Trial 6 finished with value: 2.3795520027723827 and parameters: {'model_name': 'SimpleImputer', 'strategy': 'median'}. Best is trial 4 with value: 2.3129557692904745.
[I 2023-11-21 09:54:22,700] Trial 30 finished with value: 2.3795520027723827 and parameters: {'model_name': 'SimpleImputer', 'strategy': 'median'}. Best is trial 4 with value: 2.3129557692904745.
[I 2023-11-21 09:54:23,063] Trial 40 finished with value: 2.3129557692904745 and parameters: {'model_name': 'SimpleImputer', 'strategy': 'mean'}. Best is trial 4 with value: 2.3129557692904745.
[I 2023-11-21 09:54:23,396] Trial 43 finished with value: 2.3129557692904745 and parameters: {'model_name': 'SimpleImputer', 'strategy': 'mean'}. Best is trial 4 with value: 2.3129557692904745.
[I 2023-11-21 09:54:23,666] Trial 22 finished with value: 2.3795520027723827 and parameters: {'model_name': 'SimpleImputer', 'strategy': 'median'}. Best is trial 4 with value: 2.3129557692904745.
[I 2023-11-21 09:54:23,904] Trial 44 finished with value: 2.3129557692904745 and parameters: {'model_name': 'SimpleImputer', 'strategy': 'mean'}. Best is trial 4 with value: 2.3129557692904745.
[I 2023-11-21 09:54:24,743] Trial 56 finished with value: 6.7605067906254686 and parameters: {'model_name': 'SimpleImputer', 'strategy': 'constant'}. Best is trial 4 with value: 2.3129557692904745.
[I 2023-11-21 09:54:25,020] Trial 33 finished with value: 2.3795520027723827 and parameters: {'model_name': 'SimpleImputer', 'strategy': 'median'}. Best is trial 4 with value: 2.3129557692904745.
[I 2023-11-21 09:54:25,310] Trial 34 finished with value: 2.3795520027723827 and parameters: {'model_name': 'SimpleImputer', 'strategy': 'median'}. Best is trial 4 with value: 2.3129557692904745.
[I 2023-11-21 09:54:25,545] Trial 47 finished with value: 2.3795520027723827 and parameters: {'model_name': 'SimpleImputer', 'strategy': 'median'}. Best is trial 4 with value: 2.3129557692904745.
[I 2023-11-21 09:54:26,033] Trial 55 finished with value: 6.7605067906254686 and parameters: {'model_name': 'SimpleImputer', 'strategy': 'constant'}. Best is trial 4 with value: 2.3129557692904745.
[I 2023-11-21 09:54:26,426] Trial 38 finished with value: 2.3795520027723827 and parameters: {'model_name': 'SimpleImputer', 'strategy': 'median'}. Best is trial 4 with value: 2.3129557692904745.
[I 2023-11-21 09:54:26,771] Trial 59 finished with value: 2.3129557692904745 and parameters: {'model_name': 'SimpleImputer', 'strategy': 'mean'}. Best is trial 4 with value: 2.3129557692904745.
[I 2023-11-21 09:54:27,059] Trial 58 finished with value: 2.3129557692904745 and parameters: {'model_name': 'SimpleImputer', 'strategy': 'mean'}. Best is trial 4 with value: 2.3129557692904745.
[I 2023-11-21 09:54:27,322] Trial 49 finished with value: 2.3795520027723827 and parameters: {'model_name': 'SimpleImputer', 'strategy': 'median'}. Best is trial 4 with value: 2.3129557692904745.
[I 2023-11-21 09:54:27,586] Trial 51 finished with value: 2.3795520027723827 and parameters: {'model_name': 'SimpleImputer', 'strategy': 'median'}. Best is trial 4 with value: 2.3129557692904745.
[I 2023-11-21 09:54:27,808] Trial 52 finished with value: 2.3795520027723827 and parameters: {'model_name': 'SimpleImputer', 'strategy': 'median'}. Best is trial 4 with value: 2.3129557692904745.
[I 2023-11-21 09:54:28,525] Trial 50 finished with value: 2.3795520027723827 and parameters: {'model_name': 'SimpleImputer', 'strategy': 'median'}. Best is trial 4 with value: 2.3129557692904745.
[I 2023-11-21 09:54:28,872] Trial 60 finished with value: 2.3129557692904745 and parameters: {'model_name': 'SimpleImputer', 'strategy': 'mean'}. Best is trial 4 with value: 2.3129557692904745.
[I 2023-11-21 09:54:29,232] Trial 53 finished with value: 2.3795520027723827 and parameters: {'model_name': 'SimpleImputer', 'strategy': 'median'}. Best is trial 4 with value: 2.3129557692904745.
[I 2023-11-21 09:54:29,456] Trial 3 finished with value: 2.68682185611586 and parameters: {'model_name': 'SimpleImputer', 'strategy': 'most_frequent'}. Best is trial 4 with value: 2.3129557692904745.
[I 2023-11-21 09:54:30,084] Trial 9 finished with value: 2.68682185611586 and parameters: {'model_name': 'SimpleImputer', 'strategy': 'most_frequent'}. Best is trial 4 with value: 2.3129557692904745.
[I 2023-11-21 09:54:30,540] Trial 61 finished with value: 2.3795520027723827 and parameters: {'model_name': 'SimpleImputer', 'strategy': 'median'}. Best is trial 4 with value: 2.3129557692904745.
[I 2023-11-21 09:54:31,214] Trial 63 finished with value: 2.3795520027723827 and parameters: {'model_name': 'SimpleImputer', 'strategy': 'median'}. Best is trial 4 with value: 2.3129557692904745.
[I 2023-11-21 09:54:31,498] Trial 15 finished with value: 2.68682185611586 and parameters: {'model_name': 'SimpleImputer', 'strategy': 'most_frequent'}. Best is trial 4 with value: 2.3129557692904745.
[I 2023-11-21 09:54:31,805] Trial 13 finished with value: 2.68682185611586 and parameters: {'model_name': 'SimpleImputer', 'strategy': 'most_frequent'}. Best is trial 4 with value: 2.3129557692904745.
[I 2023-11-21 09:54:32,533] Trial 17 finished with value: 2.68682185611586 and parameters: {'model_name': 'SimpleImputer', 'strategy': 'most_frequent'}. Best is trial 4 with value: 2.3129557692904745.
[I 2023-11-21 09:54:32,845] Trial 26 finished with value: 2.68682185611586 and parameters: {'model_name': 'SimpleImputer', 'strategy': 'most_frequent'}. Best is trial 4 with value: 2.3129557692904745.
[I 2023-11-21 09:54:33,088] Trial 23 finished with value: 2.68682185611586 and parameters: {'model_name': 'SimpleImputer', 'strategy': 'most_frequent'}. Best is trial 4 with value: 2.3129557692904745.
[I 2023-11-21 09:54:33,337] Trial 35 finished with value: 2.68682185611586 and parameters: {'model_name': 'SimpleImputer', 'strategy': 'most_frequent'}. Best is trial 4 with value: 2.3129557692904745.
[I 2023-11-21 09:54:33,679] Trial 41 finished with value: 2.68682185611586 and parameters: {'model_name': 'SimpleImputer', 'strategy': 'most_frequent'}. Best is trial 4 with value: 2.3129557692904745.
[I 2023-11-21 09:54:33,944] Trial 12 finished with value: 2.68682185611586 and parameters: {'model_name': 'SimpleImputer', 'strategy': 'most_frequent'}. Best is trial 4 with value: 2.3129557692904745.
[I 2023-11-21 09:54:34,171] Trial 27 finished with value: 2.68682185611586 and parameters: {'model_name': 'SimpleImputer', 'strategy': 'most_frequent'}. Best is trial 4 with value: 2.3129557692904745.
[I 2023-11-21 09:54:34,532] Trial 48 finished with value: 2.68682185611586 and parameters: {'model_name': 'SimpleImputer', 'strategy': 'most_frequent'}. Best is trial 4 with value: 2.3129557692904745.
[I 2023-11-21 09:54:34,862] Trial 45 finished with value: 2.68682185611586 and parameters: {'model_name': 'SimpleImputer', 'strategy': 'most_frequent'}. Best is trial 4 with value: 2.3129557692904745.
[I 2023-11-21 09:54:35,115] Trial 20 finished with value: 2.68682185611586 and parameters: {'model_name': 'SimpleImputer', 'strategy': 'most_frequent'}. Best is trial 4 with value: 2.3129557692904745.
[I 2023-11-21 09:54:35,445] Trial 37 finished with value: 2.68682185611586 and parameters: {'model_name': 'SimpleImputer', 'strategy': 'most_frequent'}. Best is trial 4 with value: 2.3129557692904745.
[I 2023-11-21 09:54:35,941] Trial 46 finished with value: 2.68682185611586 and parameters: {'model_name': 'SimpleImputer', 'strategy': 'most_frequent'}. Best is trial 4 with value: 2.3129557692904745.
[I 2023-11-21 09:54:36,226] Trial 42 finished with value: 2.68682185611586 and parameters: {'model_name': 'SimpleImputer', 'strategy': 'most_frequent'}. Best is trial 4 with value: 2.3129557692904745.
[I 2023-11-21 09:54:36,993] Trial 54 finished with value: 2.68682185611586 and parameters: {'model_name': 'SimpleImputer', 'strategy': 'most_frequent'}. Best is trial 4 with value: 2.3129557692904745.
[I 2023-11-21 09:54:38,254] Trial 94 finished with value: 2.3129557692904745 and parameters: {'model_name': 'SimpleImputer', 'strategy': 'mean'}. Best is trial 4 with value: 2.3129557692904745.
[I 2023-11-21 09:54:38,468] Trial 62 finished with value: 2.68682185611586 and parameters: {'model_name': 'SimpleImputer', 'strategy': 'most_frequent'}. Best is trial 4 with value: 2.3129557692904745.
[I 2023-11-21 09:54:38,733] Trial 57 finished with value: 2.68682185611586 and parameters: {'model_name': 'SimpleImputer', 'strategy': 'most_frequent'}. Best is trial 4 with value: 2.3129557692904745.
[I 2023-11-21 09:54:38,916] Trial 99 finished with value: 2.3129557692904745 and parameters: {'model_name': 'SimpleImputer', 'strategy': 'mean'}. Best is trial 4 with value: 2.3129557692904745.
[I 2023-11-21 09:54:39,347] Trial 103 finished with value: 2.3129557692904745 and parameters: {'model_name': 'SimpleImputer', 'strategy': 'mean'}. Best is trial 4 with value: 2.3129557692904745.
[I 2023-11-21 09:54:39,606] Trial 66 finished with value: 2.68682185611586 and parameters: {'model_name': 'SimpleImputer', 'strategy': 'most_frequent'}. Best is trial 4 with value: 2.3129557692904745.
[I 2023-11-21 09:54:39,850] Trial 105 finished with value: 2.3129557692904745 and parameters: {'model_name': 'SimpleImputer', 'strategy': 'mean'}. Best is trial 4 with value: 2.3129557692904745.
[I 2023-11-21 09:54:40,094] Trial 65 finished with value: 2.68682185611586 and parameters: {'model_name': 'SimpleImputer', 'strategy': 'most_frequent'}. Best is trial 4 with value: 2.3129557692904745.
[I 2023-11-21 09:54:40,337] Trial 95 finished with value: 2.3129557692904745 and parameters: {'model_name': 'SimpleImputer', 'strategy': 'mean'}. Best is trial 4 with value: 2.3129557692904745.
[I 2023-11-21 09:54:40,544] Trial 97 finished with value: 2.3129557692904745 and parameters: {'model_name': 'SimpleImputer', 'strategy': 'mean'}. Best is trial 4 with value: 2.3129557692904745.
[I 2023-11-21 09:54:40,896] Trial 98 finished with value: 2.3129557692904745 and parameters: {'model_name': 'SimpleImputer', 'strategy': 'mean'}. Best is trial 4 with value: 2.3129557692904745.
[I 2023-11-21 09:54:41,091] Trial 96 finished with value: 2.3129557692904745 and parameters: {'model_name': 'SimpleImputer', 'strategy': 'mean'}. Best is trial 4 with value: 2.3129557692904745.
[I 2023-11-21 09:54:41,371] Trial 100 finished with value: 2.3129557692904745 and parameters: {'model_name': 'SimpleImputer', 'strategy': 'mean'}. Best is trial 4 with value: 2.3129557692904745.
[I 2023-11-21 09:54:41,773] Trial 67 finished with value: 2.68682185611586 and parameters: {'model_name': 'SimpleImputer', 'strategy': 'most_frequent'}. Best is trial 4 with value: 2.3129557692904745.
[I 2023-11-21 09:54:42,131] Trial 64 finished with value: 2.68682185611586 and parameters: {'model_name': 'SimpleImputer', 'strategy': 'most_frequent'}. Best is trial 4 with value: 2.3129557692904745.
[I 2023-11-21 09:54:42,323] Trial 102 finished with value: 2.3129557692904745 and parameters: {'model_name': 'SimpleImputer', 'strategy': 'mean'}. Best is trial 4 with value: 2.3129557692904745.
[I 2023-11-21 09:54:42,730] Trial 71 finished with value: 2.68682185611586 and parameters: {'model_name': 'SimpleImputer', 'strategy': 'most_frequent'}. Best is trial 4 with value: 2.3129557692904745.
[I 2023-11-21 09:54:43,032] Trial 101 finished with value: 2.3129557692904745 and parameters: {'model_name': 'SimpleImputer', 'strategy': 'mean'}. Best is trial 4 with value: 2.3129557692904745.
[I 2023-11-21 09:54:43,306] Trial 104 finished with value: 2.3129557692904745 and parameters: {'model_name': 'SimpleImputer', 'strategy': 'mean'}. Best is trial 4 with value: 2.3129557692904745.
[I 2023-11-21 09:54:43,503] Trial 108 finished with value: 2.3129557692904745 and parameters: {'model_name': 'SimpleImputer', 'strategy': 'mean'}. Best is trial 4 with value: 2.3129557692904745.
[I 2023-11-21 09:54:43,849] Trial 106 finished with value: 2.3129557692904745 and parameters: {'model_name': 'SimpleImputer', 'strategy': 'mean'}. Best is trial 4 with value: 2.3129557692904745.
[I 2023-11-21 09:54:44,187] Trial 107 finished with value: 2.3129557692904745 and parameters: {'model_name': 'SimpleImputer', 'strategy': 'mean'}. Best is trial 4 with value: 2.3129557692904745.
[I 2023-11-21 09:54:44,523] Trial 68 finished with value: 2.68682185611586 and parameters: {'model_name': 'SimpleImputer', 'strategy': 'most_frequent'}. Best is trial 4 with value: 2.3129557692904745.
[I 2023-11-21 09:54:44,732] Trial 75 finished with value: 2.68682185611586 and parameters: {'model_name': 'SimpleImputer', 'strategy': 'most_frequent'}. Best is trial 4 with value: 2.3129557692904745.
[I 2023-11-21 09:54:45,037] Trial 73 finished with value: 2.68682185611586 and parameters: {'model_name': 'SimpleImputer', 'strategy': 'most_frequent'}. Best is trial 4 with value: 2.3129557692904745.
[I 2023-11-21 09:54:45,525] Trial 72 finished with value: 2.68682185611586 and parameters: {'model_name': 'SimpleImputer', 'strategy': 'most_frequent'}. Best is trial 4 with value: 2.3129557692904745.
[I 2023-11-21 09:54:45,950] Trial 83 finished with value: 2.68682185611586 and parameters: {'model_name': 'SimpleImputer', 'strategy': 'most_frequent'}. Best is trial 4 with value: 2.3129557692904745.
[I 2023-11-21 09:54:46,246] Trial 109 finished with value: 2.3129557692904745 and parameters: {'model_name': 'SimpleImputer', 'strategy': 'mean'}. Best is trial 4 with value: 2.3129557692904745.
[I 2023-11-21 09:54:46,508] Trial 82 finished with value: 2.68682185611586 and parameters: {'model_name': 'SimpleImputer', 'strategy': 'most_frequent'}. Best is trial 4 with value: 2.3129557692904745.
[I 2023-11-21 09:54:46,876] Trial 69 finished with value: 2.68682185611586 and parameters: {'model_name': 'SimpleImputer', 'strategy': 'most_frequent'}. Best is trial 4 with value: 2.3129557692904745.
[I 2023-11-21 09:54:47,358] Trial 78 finished with value: 2.68682185611586 and parameters: {'model_name': 'SimpleImputer', 'strategy': 'most_frequent'}. Best is trial 4 with value: 2.3129557692904745.
[I 2023-11-21 09:54:47,613] Trial 112 finished with value: 2.3129557692904745 and parameters: {'model_name': 'SimpleImputer', 'strategy': 'mean'}. Best is trial 4 with value: 2.3129557692904745.
[I 2023-11-21 09:54:47,840] Trial 74 finished with value: 2.68682185611586 and parameters: {'model_name': 'SimpleImputer', 'strategy': 'most_frequent'}. Best is trial 4 with value: 2.3129557692904745.
[I 2023-11-21 09:54:48,141] Trial 80 finished with value: 2.68682185611586 and parameters: {'model_name': 'SimpleImputer', 'strategy': 'most_frequent'}. Best is trial 4 with value: 2.3129557692904745.
[I 2023-11-21 09:54:48,388] Trial 110 finished with value: 2.3129557692904745 and parameters: {'model_name': 'SimpleImputer', 'strategy': 'mean'}. Best is trial 4 with value: 2.3129557692904745.
[I 2023-11-21 09:54:48,596] Trial 70 finished with value: 2.68682185611586 and parameters: {'model_name': 'SimpleImputer', 'strategy': 'most_frequent'}. Best is trial 4 with value: 2.3129557692904745.
[I 2023-11-21 09:54:48,834] Trial 86 finished with value: 2.68682185611586 and parameters: {'model_name': 'SimpleImputer', 'strategy': 'most_frequent'}. Best is trial 4 with value: 2.3129557692904745.
[I 2023-11-21 09:54:49,053] Trial 115 finished with value: 2.3129557692904745 and parameters: {'model_name': 'SimpleImputer', 'strategy': 'mean'}. Best is trial 4 with value: 2.3129557692904745.
[I 2023-11-21 09:54:49,424] Trial 111 finished with value: 2.3129557692904745 and parameters: {'model_name': 'SimpleImputer', 'strategy': 'mean'}. Best is trial 4 with value: 2.3129557692904745.
[I 2023-11-21 09:54:49,617] Trial 79 finished with value: 2.68682185611586 and parameters: {'model_name': 'SimpleImputer', 'strategy': 'most_frequent'}. Best is trial 4 with value: 2.3129557692904745.
[I 2023-11-21 09:54:49,818] Trial 114 finished with value: 2.3129557692904745 and parameters: {'model_name': 'SimpleImputer', 'strategy': 'mean'}. Best is trial 4 with value: 2.3129557692904745.
[I 2023-11-21 09:54:50,039] Trial 119 finished with value: 2.3129557692904745 and parameters: {'model_name': 'SimpleImputer', 'strategy': 'mean'}. Best is trial 4 with value: 2.3129557692904745.
[I 2023-11-21 09:54:50,272] Trial 90 finished with value: 2.68682185611586 and parameters: {'model_name': 'SimpleImputer', 'strategy': 'most_frequent'}. Best is trial 4 with value: 2.3129557692904745.
[I 2023-11-21 09:54:50,487] Trial 76 finished with value: 2.68682185611586 and parameters: {'model_name': 'SimpleImputer', 'strategy': 'most_frequent'}. Best is trial 4 with value: 2.3129557692904745.
[I 2023-11-21 09:54:50,763] Trial 77 finished with value: 2.68682185611586 and parameters: {'model_name': 'SimpleImputer', 'strategy': 'most_frequent'}. Best is trial 4 with value: 2.3129557692904745.
[I 2023-11-21 09:54:51,005] Trial 120 finished with value: 2.3129557692904745 and parameters: {'model_name': 'SimpleImputer', 'strategy': 'mean'}. Best is trial 4 with value: 2.3129557692904745.
[I 2023-11-21 09:54:51,405] Trial 118 finished with value: 2.3129557692904745 and parameters: {'model_name': 'SimpleImputer', 'strategy': 'mean'}. Best is trial 4 with value: 2.3129557692904745.
[I 2023-11-21 09:54:51,640] Trial 113 finished with value: 2.3129557692904745 and parameters: {'model_name': 'SimpleImputer', 'strategy': 'mean'}. Best is trial 4 with value: 2.3129557692904745.
[I 2023-11-21 09:54:51,837] Trial 128 finished with value: 2.3129557692904745 and parameters: {'model_name': 'SimpleImputer', 'strategy': 'mean'}. Best is trial 4 with value: 2.3129557692904745.
[I 2023-11-21 09:54:52,012] Trial 122 finished with value: 2.3129557692904745 and parameters: {'model_name': 'SimpleImputer', 'strategy': 'mean'}. Best is trial 4 with value: 2.3129557692904745.
[I 2023-11-21 09:54:52,238] Trial 116 finished with value: 2.3129557692904745 and parameters: {'model_name': 'SimpleImputer', 'strategy': 'mean'}. Best is trial 4 with value: 2.3129557692904745.
[I 2023-11-21 09:54:52,458] Trial 117 finished with value: 2.3129557692904745 and parameters: {'model_name': 'SimpleImputer', 'strategy': 'mean'}. Best is trial 4 with value: 2.3129557692904745.
[I 2023-11-21 09:54:52,670] Trial 85 finished with value: 2.68682185611586 and parameters: {'model_name': 'SimpleImputer', 'strategy': 'most_frequent'}. Best is trial 4 with value: 2.3129557692904745.
[I 2023-11-21 09:54:52,888] Trial 81 finished with value: 2.68682185611586 and parameters: {'model_name': 'SimpleImputer', 'strategy': 'most_frequent'}. Best is trial 4 with value: 2.3129557692904745.
[I 2023-11-21 09:54:53,113] Trial 87 finished with value: 2.68682185611586 and parameters: {'model_name': 'SimpleImputer', 'strategy': 'most_frequent'}. Best is trial 4 with value: 2.3129557692904745.
[I 2023-11-21 09:54:53,351] Trial 88 finished with value: 2.68682185611586 and parameters: {'model_name': 'SimpleImputer', 'strategy': 'most_frequent'}. Best is trial 4 with value: 2.3129557692904745.
[I 2023-11-21 09:54:53,601] Trial 84 finished with value: 2.68682185611586 and parameters: {'model_name': 'SimpleImputer', 'strategy': 'most_frequent'}. Best is trial 4 with value: 2.3129557692904745.
[I 2023-11-21 09:54:53,849] Trial 123 finished with value: 2.3129557692904745 and parameters: {'model_name': 'SimpleImputer', 'strategy': 'mean'}. Best is trial 4 with value: 2.3129557692904745.
[I 2023-11-21 09:54:54,114] Trial 126 finished with value: 2.3129557692904745 and parameters: {'model_name': 'SimpleImputer', 'strategy': 'mean'}. Best is trial 4 with value: 2.3129557692904745.
[I 2023-11-21 09:54:54,352] Trial 125 finished with value: 2.3129557692904745 and parameters: {'model_name': 'SimpleImputer', 'strategy': 'mean'}. Best is trial 4 with value: 2.3129557692904745.
[I 2023-11-21 09:54:54,795] Trial 127 finished with value: 2.3129557692904745 and parameters: {'model_name': 'SimpleImputer', 'strategy': 'mean'}. Best is trial 4 with value: 2.3129557692904745.
[I 2023-11-21 09:54:55,002] Trial 121 finished with value: 2.3129557692904745 and parameters: {'model_name': 'SimpleImputer', 'strategy': 'mean'}. Best is trial 4 with value: 2.3129557692904745.
[I 2023-11-21 09:54:55,210] Trial 124 finished with value: 2.3129557692904745 and parameters: {'model_name': 'SimpleImputer', 'strategy': 'mean'}. Best is trial 4 with value: 2.3129557692904745.
[I 2023-11-21 09:54:55,465] Trial 131 finished with value: 2.3129557692904745 and parameters: {'model_name': 'SimpleImputer', 'strategy': 'mean'}. Best is trial 4 with value: 2.3129557692904745.
[I 2023-11-21 09:54:55,750] Trial 129 finished with value: 2.3129557692904745 and parameters: {'model_name': 'SimpleImputer', 'strategy': 'mean'}. Best is trial 4 with value: 2.3129557692904745.
[I 2023-11-21 09:54:56,050] Trial 132 finished with value: 2.3129557692904745 and parameters: {'model_name': 'SimpleImputer', 'strategy': 'mean'}. Best is trial 4 with value: 2.3129557692904745.
[I 2023-11-21 09:54:56,290] Trial 134 finished with value: 2.3129557692904745 and parameters: {'model_name': 'SimpleImputer', 'strategy': 'mean'}. Best is trial 4 with value: 2.3129557692904745.
[I 2023-11-21 09:54:56,658] Trial 130 finished with value: 2.3129557692904745 and parameters: {'model_name': 'SimpleImputer', 'strategy': 'mean'}. Best is trial 4 with value: 2.3129557692904745.
[I 2023-11-21 09:54:56,906] Trial 136 finished with value: 2.3129557692904745 and parameters: {'model_name': 'SimpleImputer', 'strategy': 'mean'}. Best is trial 4 with value: 2.3129557692904745.
[I 2023-11-21 09:54:57,382] Trial 91 finished with value: 2.68682185611586 and parameters: {'model_name': 'SimpleImputer', 'strategy': 'most_frequent'}. Best is trial 4 with value: 2.3129557692904745.
[I 2023-11-21 09:54:57,580] Trial 137 finished with value: 2.3129557692904745 and parameters: {'model_name': 'SimpleImputer', 'strategy': 'mean'}. Best is trial 4 with value: 2.3129557692904745.
[I 2023-11-21 09:54:57,993] Trial 139 finished with value: 2.3129557692904745 and parameters: {'model_name': 'SimpleImputer', 'strategy': 'mean'}. Best is trial 4 with value: 2.3129557692904745.
[I 2023-11-21 09:54:58,190] Trial 133 finished with value: 2.3129557692904745 and parameters: {'model_name': 'SimpleImputer', 'strategy': 'mean'}. Best is trial 4 with value: 2.3129557692904745.
[I 2023-11-21 09:54:58,441] Trial 89 finished with value: 2.68682185611586 and parameters: {'model_name': 'SimpleImputer', 'strategy': 'most_frequent'}. Best is trial 4 with value: 2.3129557692904745.
[I 2023-11-21 09:54:58,660] Trial 138 finished with value: 2.3129557692904745 and parameters: {'model_name': 'SimpleImputer', 'strategy': 'mean'}. Best is trial 4 with value: 2.3129557692904745.
[I 2023-11-21 09:54:58,882] Trial 135 finished with value: 2.3129557692904745 and parameters: {'model_name': 'SimpleImputer', 'strategy': 'mean'}. Best is trial 4 with value: 2.3129557692904745.
[I 2023-11-21 09:54:59,571] Trial 141 finished with value: 2.3129557692904745 and parameters: {'model_name': 'SimpleImputer', 'strategy': 'mean'}. Best is trial 4 with value: 2.3129557692904745.
[I 2023-11-21 09:54:59,852] Trial 142 finished with value: 2.3129557692904745 and parameters: {'model_name': 'SimpleImputer', 'strategy': 'mean'}. Best is trial 4 with value: 2.3129557692904745.
[I 2023-11-21 09:55:00,113] Trial 144 finished with value: 2.3129557692904745 and parameters: {'model_name': 'SimpleImputer', 'strategy': 'mean'}. Best is trial 4 with value: 2.3129557692904745.
[I 2023-11-21 09:55:00,430] Trial 93 finished with value: 2.68682185611586 and parameters: {'model_name': 'SimpleImputer', 'strategy': 'most_frequent'}. Best is trial 4 with value: 2.3129557692904745.
[I 2023-11-21 09:55:00,672] Trial 146 finished with value: 2.3129557692904745 and parameters: {'model_name': 'SimpleImputer', 'strategy': 'mean'}. Best is trial 4 with value: 2.3129557692904745.
[I 2023-11-21 09:55:00,927] Trial 143 finished with value: 2.3129557692904745 and parameters: {'model_name': 'SimpleImputer', 'strategy': 'mean'}. Best is trial 4 with value: 2.3129557692904745.
[I 2023-11-21 09:55:01,147] Trial 145 finished with value: 2.3129557692904745 and parameters: {'model_name': 'SimpleImputer', 'strategy': 'mean'}. Best is trial 4 with value: 2.3129557692904745.
[I 2023-11-21 09:55:01,392] Trial 92 finished with value: 2.68682185611586 and parameters: {'model_name': 'SimpleImputer', 'strategy': 'most_frequent'}. Best is trial 4 with value: 2.3129557692904745.
[I 2023-11-21 09:55:01,640] Trial 140 finished with value: 2.3129557692904745 and parameters: {'model_name': 'SimpleImputer', 'strategy': 'mean'}. Best is trial 4 with value: 2.3129557692904745.
[I 2023-11-21 09:55:01,957] Trial 156 finished with value: 2.3129557692904745 and parameters: {'model_name': 'SimpleImputer', 'strategy': 'mean'}. Best is trial 4 with value: 2.3129557692904745.
[I 2023-11-21 09:55:02,187] Trial 158 finished with value: 2.3129557692904745 and parameters: {'model_name': 'SimpleImputer', 'strategy': 'mean'}. Best is trial 4 with value: 2.3129557692904745.
[I 2023-11-21 09:55:02,410] Trial 160 finished with value: 2.3129557692904745 and parameters: {'model_name': 'SimpleImputer', 'strategy': 'mean'}. Best is trial 4 with value: 2.3129557692904745.
[I 2023-11-21 09:55:02,640] Trial 153 finished with value: 2.3129557692904745 and parameters: {'model_name': 'SimpleImputer', 'strategy': 'mean'}. Best is trial 4 with value: 2.3129557692904745.
[I 2023-11-21 09:55:03,004] Trial 147 finished with value: 2.3129557692904745 and parameters: {'model_name': 'SimpleImputer', 'strategy': 'mean'}. Best is trial 4 with value: 2.3129557692904745.
[I 2023-11-21 09:55:03,267] Trial 148 finished with value: 2.3129557692904745 and parameters: {'model_name': 'SimpleImputer', 'strategy': 'mean'}. Best is trial 4 with value: 2.3129557692904745.
[I 2023-11-21 09:55:03,459] Trial 161 finished with value: 2.3129557692904745 and parameters: {'model_name': 'SimpleImputer', 'strategy': 'mean'}. Best is trial 4 with value: 2.3129557692904745.
[I 2023-11-21 09:55:03,660] Trial 159 finished with value: 2.3129557692904745 and parameters: {'model_name': 'SimpleImputer', 'strategy': 'mean'}. Best is trial 4 with value: 2.3129557692904745.
[I 2023-11-21 09:55:03,976] Trial 165 finished with value: 2.3129557692904745 and parameters: {'model_name': 'SimpleImputer', 'strategy': 'mean'}. Best is trial 4 with value: 2.3129557692904745.
[I 2023-11-21 09:55:04,241] Trial 150 finished with value: 2.3129557692904745 and parameters: {'model_name': 'SimpleImputer', 'strategy': 'mean'}. Best is trial 4 with value: 2.3129557692904745.
[I 2023-11-21 09:55:04,440] Trial 166 finished with value: 2.3129557692904745 and parameters: {'model_name': 'SimpleImputer', 'strategy': 'mean'}. Best is trial 4 with value: 2.3129557692904745.
[I 2023-11-21 09:55:04,667] Trial 157 finished with value: 2.3129557692904745 and parameters: {'model_name': 'SimpleImputer', 'strategy': 'mean'}. Best is trial 4 with value: 2.3129557692904745.
[I 2023-11-21 09:55:04,917] Trial 152 finished with value: 2.3129557692904745 and parameters: {'model_name': 'SimpleImputer', 'strategy': 'mean'}. Best is trial 4 with value: 2.3129557692904745.
[I 2023-11-21 09:55:05,177] Trial 168 finished with value: 2.3129557692904745 and parameters: {'model_name': 'SimpleImputer', 'strategy': 'mean'}. Best is trial 4 with value: 2.3129557692904745.
[I 2023-11-21 09:55:05,396] Trial 162 finished with value: 2.3129557692904745 and parameters: {'model_name': 'SimpleImputer', 'strategy': 'mean'}. Best is trial 4 with value: 2.3129557692904745.
[I 2023-11-21 09:55:05,602] Trial 155 finished with value: 2.3129557692904745 and parameters: {'model_name': 'SimpleImputer', 'strategy': 'mean'}. Best is trial 4 with value: 2.3129557692904745.
[I 2023-11-21 09:55:05,819] Trial 151 finished with value: 2.3129557692904745 and parameters: {'model_name': 'SimpleImputer', 'strategy': 'mean'}. Best is trial 4 with value: 2.3129557692904745.
[I 2023-11-21 09:55:06,062] Trial 154 finished with value: 2.3129557692904745 and parameters: {'model_name': 'SimpleImputer', 'strategy': 'mean'}. Best is trial 4 with value: 2.3129557692904745.
[I 2023-11-21 09:55:06,307] Trial 149 finished with value: 2.3129557692904745 and parameters: {'model_name': 'SimpleImputer', 'strategy': 'mean'}. Best is trial 4 with value: 2.3129557692904745.
[I 2023-11-21 09:55:06,581] Trial 167 finished with value: 2.3129557692904745 and parameters: {'model_name': 'SimpleImputer', 'strategy': 'mean'}. Best is trial 4 with value: 2.3129557692904745.
[I 2023-11-21 09:55:06,829] Trial 171 finished with value: 2.3129557692904745 and parameters: {'model_name': 'SimpleImputer', 'strategy': 'mean'}. Best is trial 4 with value: 2.3129557692904745.
[I 2023-11-21 09:55:07,029] Trial 175 finished with value: 2.3129557692904745 and parameters: {'model_name': 'SimpleImputer', 'strategy': 'mean'}. Best is trial 4 with value: 2.3129557692904745.
[I 2023-11-21 09:55:07,214] Trial 174 finished with value: 2.3129557692904745 and parameters: {'model_name': 'SimpleImputer', 'strategy': 'mean'}. Best is trial 4 with value: 2.3129557692904745.
[I 2023-11-21 09:55:07,434] Trial 178 finished with value: 2.3129557692904745 and parameters: {'model_name': 'SimpleImputer', 'strategy': 'mean'}. Best is trial 4 with value: 2.3129557692904745.
[I 2023-11-21 09:55:07,657] Trial 164 finished with value: 2.3129557692904745 and parameters: {'model_name': 'SimpleImputer', 'strategy': 'mean'}. Best is trial 4 with value: 2.3129557692904745.
[I 2023-11-21 09:55:07,869] Trial 163 finished with value: 2.3129557692904745 and parameters: {'model_name': 'SimpleImputer', 'strategy': 'mean'}. Best is trial 4 with value: 2.3129557692904745.
[I 2023-11-21 09:55:08,136] Trial 169 finished with value: 2.3129557692904745 and parameters: {'model_name': 'SimpleImputer', 'strategy': 'mean'}. Best is trial 4 with value: 2.3129557692904745.
[I 2023-11-21 09:55:08,359] Trial 184 finished with value: 6.7605067906254686 and parameters: {'model_name': 'SimpleImputer', 'strategy': 'constant'}. Best is trial 4 with value: 2.3129557692904745.
[I 2023-11-21 09:55:08,586] Trial 170 finished with value: 2.3129557692904745 and parameters: {'model_name': 'SimpleImputer', 'strategy': 'mean'}. Best is trial 4 with value: 2.3129557692904745.
[I 2023-11-21 09:55:08,793] Trial 181 finished with value: 6.7605067906254686 and parameters: {'model_name': 'SimpleImputer', 'strategy': 'constant'}. Best is trial 4 with value: 2.3129557692904745.
[I 2023-11-21 09:55:09,026] Trial 180 finished with value: 2.3129557692904745 and parameters: {'model_name': 'SimpleImputer', 'strategy': 'mean'}. Best is trial 4 with value: 2.3129557692904745.
[I 2023-11-21 09:55:09,235] Trial 172 finished with value: 2.3129557692904745 and parameters: {'model_name': 'SimpleImputer', 'strategy': 'mean'}. Best is trial 4 with value: 2.3129557692904745.
[I 2023-11-21 09:55:09,428] Trial 176 finished with value: 2.3129557692904745 and parameters: {'model_name': 'SimpleImputer', 'strategy': 'mean'}. Best is trial 4 with value: 2.3129557692904745.
[I 2023-11-21 09:55:09,646] Trial 177 finished with value: 2.3129557692904745 and parameters: {'model_name': 'SimpleImputer', 'strategy': 'mean'}. Best is trial 4 with value: 2.3129557692904745.
[I 2023-11-21 09:55:09,860] Trial 173 finished with value: 2.3129557692904745 and parameters: {'model_name': 'SimpleImputer', 'strategy': 'mean'}. Best is trial 4 with value: 2.3129557692904745.
[I 2023-11-21 09:55:10,209] Trial 183 finished with value: 6.7605067906254686 and parameters: {'model_name': 'SimpleImputer', 'strategy': 'constant'}. Best is trial 4 with value: 2.3129557692904745.
[I 2023-11-21 09:55:10,471] Trial 182 finished with value: 6.7605067906254686 and parameters: {'model_name': 'SimpleImputer', 'strategy': 'constant'}. Best is trial 4 with value: 2.3129557692904745.
[I 2023-11-21 09:55:10,657] Trial 186 finished with value: 6.7605067906254686 and parameters: {'model_name': 'SimpleImputer', 'strategy': 'constant'}. Best is trial 4 with value: 2.3129557692904745.
[I 2023-11-21 09:55:10,897] Trial 185 finished with value: 6.7605067906254686 and parameters: {'model_name': 'SimpleImputer', 'strategy': 'constant'}. Best is trial 4 with value: 2.3129557692904745.
[I 2023-11-21 09:55:11,114] Trial 188 finished with value: 6.7605067906254686 and parameters: {'model_name': 'SimpleImputer', 'strategy': 'constant'}. Best is trial 4 with value: 2.3129557692904745.
[I 2023-11-21 09:55:11,311] Trial 196 finished with value: 6.7605067906254686 and parameters: {'model_name': 'SimpleImputer', 'strategy': 'constant'}. Best is trial 4 with value: 2.3129557692904745.
[I 2023-11-21 09:55:11,534] Trial 179 finished with value: 2.3129557692904745 and parameters: {'model_name': 'SimpleImputer', 'strategy': 'mean'}. Best is trial 4 with value: 2.3129557692904745.
[I 2023-11-21 09:55:11,720] Trial 192 finished with value: 6.7605067906254686 and parameters: {'model_name': 'SimpleImputer', 'strategy': 'constant'}. Best is trial 4 with value: 2.3129557692904745.
[I 2023-11-21 09:55:11,989] Trial 193 finished with value: 2.3129557692904745 and parameters: {'model_name': 'SimpleImputer', 'strategy': 'mean'}. Best is trial 4 with value: 2.3129557692904745.
[I 2023-11-21 09:55:12,221] Trial 198 finished with value: 6.7605067906254686 and parameters: {'model_name': 'SimpleImputer', 'strategy': 'constant'}. Best is trial 4 with value: 2.3129557692904745.
[I 2023-11-21 09:55:12,448] Trial 189 finished with value: 6.7605067906254686 and parameters: {'model_name': 'SimpleImputer', 'strategy': 'constant'}. Best is trial 4 with value: 2.3129557692904745.
[I 2023-11-21 09:55:12,661] Trial 190 finished with value: 6.7605067906254686 and parameters: {'model_name': 'SimpleImputer', 'strategy': 'constant'}. Best is trial 4 with value: 2.3129557692904745.
[I 2023-11-21 09:55:12,849] Trial 199 finished with value: 6.7605067906254686 and parameters: {'model_name': 'SimpleImputer', 'strategy': 'constant'}. Best is trial 4 with value: 2.3129557692904745.
[I 2023-11-21 09:55:13,065] Trial 197 finished with value: 6.7605067906254686 and parameters: {'model_name': 'SimpleImputer', 'strategy': 'constant'}. Best is trial 4 with value: 2.3129557692904745.
[I 2023-11-21 09:55:13,282] Trial 187 finished with value: 2.3129557692904745 and parameters: {'model_name': 'SimpleImputer', 'strategy': 'mean'}. Best is trial 4 with value: 2.3129557692904745.
[I 2023-11-21 09:55:13,489] Trial 191 finished with value: 6.7605067906254686 and parameters: {'model_name': 'SimpleImputer', 'strategy': 'constant'}. Best is trial 4 with value: 2.3129557692904745.
[I 2023-11-21 09:55:13,678] Trial 194 finished with value: 2.3129557692904745 and parameters: {'model_name': 'SimpleImputer', 'strategy': 'mean'}. Best is trial 4 with value: 2.3129557692904745.
[I 2023-11-21 09:55:13,860] Trial 195 finished with value: 2.3129557692904745 and parameters: {'model_name': 'SimpleImputer', 'strategy': 'mean'}. Best is trial 4 with value: 2.3129557692904745.
[I 2023-11-21 09:55:20,084] A new study created in memory with name: no-name-d6caff06-d13a-4b95-961b-e9395545cb31
[I 2023-11-21 09:55:20,100] Trial 0 finished with value: inf and parameters: {'model_name': 'KNNImputer', 'weights': 'distance', 'keep_empty_features': True}. Best is trial 0 with value: inf.
[I 2023-11-21 09:55:20,106] Trial 2 finished with value: inf and parameters: {'model_name': 'KNNImputer', 'weights': 'distance', 'keep_empty_features': True}. Best is trial 0 with value: inf.
[I 2023-11-21 09:55:20,442] Trial 7 finished with value: inf and parameters: {'model_name': 'KNNImputer', 'weights': 'uniform', 'keep_empty_features': True}. Best is trial 0 with value: inf.
[I 2023-11-21 09:55:20,665] Trial 9 finished with value: inf and parameters: {'model_name': 'KNNImputer', 'weights': 'distance', 'keep_empty_features': True}. Best is trial 0 with value: inf.
[I 2023-11-21 09:55:20,903] Trial 8 finished with value: inf and parameters: {'model_name': 'GAIN', 'batch_size': 775, 'hint_rate': 0.0195340153789745, 'alpha': 79, 'iterations': 7}. Best is trial 0 with value: inf.
[I 2023-11-21 09:55:21,241] Trial 6 finished with value: inf and parameters: {'model_name': 'GAIN', 'batch_size': 2, 'hint_rate': 0.19845818258975428, 'alpha': 30, 'iterations': 33374}. Best is trial 0 with value: inf.
[I 2023-11-21 09:55:21,572] Trial 15 finished with value: inf and parameters: {'model_name': 'GAIN', 'batch_size': 25, 'hint_rate': 0.014514964362235051, 'alpha': 51, 'iterations': 292}. Best is trial 0 with value: inf.
[I 2023-11-21 09:55:21,865] Trial 26 finished with value: inf and parameters: {'model_name': 'GAIN', 'batch_size': 67, 'hint_rate': 0.27187760278656486, 'alpha': 99, 'iterations': 3}. Best is trial 0 with value: inf.
[I 2023-11-21 09:55:22,159] Trial 34 finished with value: inf and parameters: {'model_name': 'KNNImputer', 'weights': 'uniform', 'keep_empty_features': False}. Best is trial 0 with value: inf.
[I 2023-11-21 09:55:22,392] Trial 20 finished with value: inf and parameters: {'model_name': 'KNNImputer', 'weights': 'distance', 'keep_empty_features': False}. Best is trial 0 with value: inf.
[I 2023-11-21 09:55:22,664] Trial 24 finished with value: inf and parameters: {'model_name': 'KNNImputer', 'weights': 'uniform', 'keep_empty_features': True}. Best is trial 0 with value: inf.
[I 2023-11-21 09:55:22,892] Trial 11 finished with value: inf and parameters: {'model_name': 'GAIN', 'batch_size': 841, 'hint_rate': 0.004013782092512062, 'alpha': 90, 'iterations': 83081}. Best is trial 0 with value: inf.
[I 2023-11-21 09:55:23,104] Trial 23 finished with value: inf and parameters: {'model_name': 'KNNImputer', 'weights': 'uniform', 'keep_empty_features': True}. Best is trial 0 with value: inf.
[I 2023-11-21 09:55:23,451] Trial 47 finished with value: inf and parameters: {'model_name': 'KNNImputer', 'weights': 'uniform', 'keep_empty_features': True}. Best is trial 0 with value: inf.
[I 2023-11-21 09:55:23,701] Trial 35 finished with value: inf and parameters: {'model_name': 'KNNImputer', 'weights': 'uniform', 'keep_empty_features': False}. Best is trial 0 with value: inf.
[I 2023-11-21 09:55:23,933] Trial 19 finished with value: inf and parameters: {'model_name': 'GAIN', 'batch_size': 4, 'hint_rate': 0.2564300304503402, 'alpha': 80, 'iterations': 53086}. Best is trial 0 with value: inf.
[I 2023-11-21 09:55:24,188] Trial 33 finished with value: inf and parameters: {'model_name': 'KNNImputer', 'weights': 'uniform', 'keep_empty_features': True}. Best is trial 0 with value: inf.
[I 2023-11-21 09:55:24,424] Trial 41 finished with value: inf and parameters: {'model_name': 'KNNImputer', 'weights': 'distance', 'keep_empty_features': True}. Best is trial 0 with value: inf.
[I 2023-11-21 09:55:24,670] Trial 37 finished with value: inf and parameters: {'model_name': 'KNNImputer', 'weights': 'distance', 'keep_empty_features': False}. Best is trial 0 with value: inf.
[I 2023-11-21 09:55:24,935] Trial 25 finished with value: inf and parameters: {'model_name': 'GAIN', 'batch_size': 124, 'hint_rate': 0.037012618284224995, 'alpha': 97, 'iterations': 8526}. Best is trial 0 with value: inf.
[I 2023-11-21 09:55:25,167] Trial 18 finished with value: inf and parameters: {'model_name': 'GAIN', 'batch_size': 17, 'hint_rate': 0.004005077485381599, 'alpha': 98, 'iterations': 2085}. Best is trial 0 with value: inf.
[I 2023-11-21 09:55:25,404] Trial 39 finished with value: inf and parameters: {'model_name': 'KNNImputer', 'weights': 'distance', 'keep_empty_features': False}. Best is trial 0 with value: inf.
[I 2023-11-21 09:55:25,653] Trial 17 finished with value: inf and parameters: {'model_name': 'GAIN', 'batch_size': 29, 'hint_rate': 0.05360676623295205, 'alpha': 43, 'iterations': 746}. Best is trial 0 with value: inf.
[I 2023-11-21 09:55:25,874] Trial 27 finished with value: inf and parameters: {'model_name': 'GAIN', 'batch_size': 371, 'hint_rate': 0.24401431063159842, 'alpha': 28, 'iterations': 70157}. Best is trial 0 with value: inf.
[I 2023-11-21 09:55:26,104] Trial 3 finished with value: 2.4377653592222113 and parameters: {'model_name': 'SimpleImputer', 'strategy': 'mean'}. Best is trial 3 with value: 2.4377653592222113.
[I 2023-11-21 09:55:26,343] Trial 38 finished with value: inf and parameters: {'model_name': 'KNNImputer', 'weights': 'distance', 'keep_empty_features': True}. Best is trial 3 with value: 2.4377653592222113.
[I 2023-11-21 09:55:26,601] Trial 40 finished with value: inf and parameters: {'model_name': 'GAIN', 'batch_size': 434, 'hint_rate': 0.014492331585691994, 'alpha': 45, 'iterations': 2911}. Best is trial 3 with value: 2.4377653592222113.
[I 2023-11-21 09:55:27,006] Trial 45 finished with value: inf and parameters: {'model_name': 'KNNImputer', 'weights': 'distance', 'keep_empty_features': False}. Best is trial 3 with value: 2.4377653592222113.
[I 2023-11-21 09:55:27,498] Trial 44 finished with value: inf and parameters: {'model_name': 'GAIN', 'batch_size': 461, 'hint_rate': 0.7420416256216246, 'alpha': 3, 'iterations': 60}. Best is trial 3 with value: 2.4377653592222113.
[I 2023-11-21 09:55:27,792] Trial 36 finished with value: inf and parameters: {'model_name': 'GAIN', 'batch_size': 3, 'hint_rate': 0.46308905554208696, 'alpha': 82, 'iterations': 149}. Best is trial 3 with value: 2.4377653592222113.
[I 2023-11-21 09:55:28,225] Trial 28 finished with value: inf and parameters: {'model_name': 'GAIN', 'batch_size': 1, 'hint_rate': 0.49534352807333415, 'alpha': 79, 'iterations': 81236}. Best is trial 3 with value: 2.4377653592222113.
[I 2023-11-21 09:55:28,624] Trial 48 finished with value: inf and parameters: {'model_name': 'KNNImputer', 'weights': 'uniform', 'keep_empty_features': True}. Best is trial 3 with value: 2.4377653592222113.
[I 2023-11-21 09:55:28,884] Trial 49 finished with value: inf and parameters: {'model_name': 'GAIN', 'batch_size': 3, 'hint_rate': 0.6923006145762236, 'alpha': 93, 'iterations': 221}. Best is trial 3 with value: 2.4377653592222113.
[I 2023-11-21 09:55:29,421] Trial 21 finished with value: inf and parameters: {'model_name': 'IterativeImputer', 'estimator': 'KNN', 'sample_posterior': True, 'initial_strategy': 'mean', 'imputation_order': 'ascending'}. Best is trial 3 with value: 2.4377653592222113.
[I 2023-11-21 09:55:29,753] Trial 51 finished with value: inf and parameters: {'model_name': 'IterativeImputer', 'estimator': 'Ridge', 'sample_posterior': True, 'initial_strategy': 'constant', 'imputation_order': 'roman'}. Best is trial 3 with value: 2.4377653592222113.
[I 2023-11-21 09:55:30,073] Trial 30 finished with value: 5.560524773767352 and parameters: {'model_name': 'SimpleImputer', 'strategy': 'constant'}. Best is trial 3 with value: 2.4377653592222113.
[I 2023-11-21 09:55:30,643] Trial 10 finished with value: 2.4829332831926276 and parameters: {'model_name': 'SimpleImputer', 'strategy': 'median'}. Best is trial 3 with value: 2.4377653592222113.
[I 2023-11-21 09:55:30,949] Trial 1 finished with value: 2.4829332831926276 and parameters: {'model_name': 'SimpleImputer', 'strategy': 'median'}. Best is trial 3 with value: 2.4377653592222113.
[I 2023-11-21 09:55:31,364] Trial 50 finished with value: inf and parameters: {'model_name': 'IterativeImputer', 'estimator': 'Ridge', 'sample_posterior': True, 'initial_strategy': 'most_frequent', 'imputation_order': 'roman'}. Best is trial 3 with value: 2.4377653592222113.
[I 2023-11-21 09:55:31,617] Trial 16 finished with value: 5.560524773767352 and parameters: {'model_name': 'SimpleImputer', 'strategy': 'constant'}. Best is trial 3 with value: 2.4377653592222113.
[I 2023-11-21 09:55:32,027] Trial 22 finished with value: 2.4377653592222113 and parameters: {'model_name': 'SimpleImputer', 'strategy': 'mean'}. Best is trial 3 with value: 2.4377653592222113.
[I 2023-11-21 09:55:32,557] Trial 43 finished with value: 2.4377653592222113 and parameters: {'model_name': 'SimpleImputer', 'strategy': 'mean'}. Best is trial 3 with value: 2.4377653592222113.
[I 2023-11-21 09:55:33,022] Trial 31 finished with value: inf and parameters: {'model_name': 'IterativeImputer', 'estimator': 'KNN', 'sample_posterior': True, 'initial_strategy': 'most_frequent', 'imputation_order': 'ascending'}. Best is trial 3 with value: 2.4377653592222113.
[I 2023-11-21 09:55:33,601] Trial 61 finished with value: 2.4377653592222113 and parameters: {'model_name': 'SimpleImputer', 'strategy': 'mean'}. Best is trial 3 with value: 2.4377653592222113.
[I 2023-11-21 09:55:33,803] Trial 65 finished with value: 2.4377653592222113 and parameters: {'model_name': 'SimpleImputer', 'strategy': 'mean'}. Best is trial 3 with value: 2.4377653592222113.
[I 2023-11-21 09:55:34,279] Trial 64 finished with value: 2.4377653592222113 and parameters: {'model_name': 'SimpleImputer', 'strategy': 'mean'}. Best is trial 3 with value: 2.4377653592222113.
[I 2023-11-21 09:55:34,561] Trial 68 finished with value: 2.4377653592222113 and parameters: {'model_name': 'SimpleImputer', 'strategy': 'mean'}. Best is trial 3 with value: 2.4377653592222113.
[I 2023-11-21 09:55:34,792] Trial 60 finished with value: 2.4377653592222113 and parameters: {'model_name': 'SimpleImputer', 'strategy': 'mean'}. Best is trial 3 with value: 2.4377653592222113.
[I 2023-11-21 09:55:35,074] Trial 70 finished with value: 2.4377653592222113 and parameters: {'model_name': 'SimpleImputer', 'strategy': 'mean'}. Best is trial 3 with value: 2.4377653592222113.
[I 2023-11-21 09:55:35,282] Trial 62 finished with value: 2.4377653592222113 and parameters: {'model_name': 'SimpleImputer', 'strategy': 'mean'}. Best is trial 3 with value: 2.4377653592222113.
[I 2023-11-21 09:55:35,569] Trial 63 finished with value: 2.4377653592222113 and parameters: {'model_name': 'SimpleImputer', 'strategy': 'mean'}. Best is trial 3 with value: 2.4377653592222113.
[I 2023-11-21 09:55:35,834] Trial 54 finished with value: 2.4377653592222113 and parameters: {'model_name': 'SimpleImputer', 'strategy': 'mean'}. Best is trial 3 with value: 2.4377653592222113.
[I 2023-11-21 09:55:36,191] Trial 66 finished with value: 2.4377653592222113 and parameters: {'model_name': 'SimpleImputer', 'strategy': 'mean'}. Best is trial 3 with value: 2.4377653592222113.
[I 2023-11-21 09:55:36,645] Trial 72 finished with value: 2.4377653592222113 and parameters: {'model_name': 'SimpleImputer', 'strategy': 'mean'}. Best is trial 3 with value: 2.4377653592222113.
[I 2023-11-21 09:55:36,842] Trial 73 finished with value: 2.4377653592222113 and parameters: {'model_name': 'SimpleImputer', 'strategy': 'mean'}. Best is trial 3 with value: 2.4377653592222113.
[I 2023-11-21 09:55:37,027] Trial 67 finished with value: 2.4377653592222113 and parameters: {'model_name': 'SimpleImputer', 'strategy': 'mean'}. Best is trial 3 with value: 2.4377653592222113.
[I 2023-11-21 09:55:37,345] Trial 75 finished with value: 2.4377653592222113 and parameters: {'model_name': 'SimpleImputer', 'strategy': 'mean'}. Best is trial 3 with value: 2.4377653592222113.
[I 2023-11-21 09:55:37,706] Trial 74 finished with value: 2.4377653592222113 and parameters: {'model_name': 'SimpleImputer', 'strategy': 'mean'}. Best is trial 3 with value: 2.4377653592222113.
[I 2023-11-21 09:55:38,044] Trial 71 finished with value: 2.4377653592222113 and parameters: {'model_name': 'SimpleImputer', 'strategy': 'mean'}. Best is trial 3 with value: 2.4377653592222113.
[I 2023-11-21 09:55:38,409] Trial 69 finished with value: 2.4377653592222113 and parameters: {'model_name': 'SimpleImputer', 'strategy': 'mean'}. Best is trial 3 with value: 2.4377653592222113.
[I 2023-11-21 09:55:38,696] Trial 78 finished with value: 2.4377653592222113 and parameters: {'model_name': 'SimpleImputer', 'strategy': 'mean'}. Best is trial 3 with value: 2.4377653592222113.
[I 2023-11-21 09:55:38,993] Trial 80 finished with value: 2.4377653592222113 and parameters: {'model_name': 'SimpleImputer', 'strategy': 'mean'}. Best is trial 3 with value: 2.4377653592222113.
[I 2023-11-21 09:55:39,216] Trial 83 finished with value: 2.4377653592222113 and parameters: {'model_name': 'SimpleImputer', 'strategy': 'mean'}. Best is trial 3 with value: 2.4377653592222113.
[I 2023-11-21 09:55:39,453] Trial 76 finished with value: 2.4377653592222113 and parameters: {'model_name': 'SimpleImputer', 'strategy': 'mean'}. Best is trial 3 with value: 2.4377653592222113.
[I 2023-11-21 09:55:39,730] Trial 77 finished with value: 2.4377653592222113 and parameters: {'model_name': 'SimpleImputer', 'strategy': 'mean'}. Best is trial 3 with value: 2.4377653592222113.
[I 2023-11-21 09:55:40,152] Trial 79 finished with value: 2.4377653592222113 and parameters: {'model_name': 'SimpleImputer', 'strategy': 'mean'}. Best is trial 3 with value: 2.4377653592222113.
[I 2023-11-21 09:55:40,481] Trial 82 finished with value: 2.4377653592222113 and parameters: {'model_name': 'SimpleImputer', 'strategy': 'mean'}. Best is trial 3 with value: 2.4377653592222113.
[I 2023-11-21 09:55:40,782] Trial 81 finished with value: 2.4377653592222113 and parameters: {'model_name': 'SimpleImputer', 'strategy': 'mean'}. Best is trial 3 with value: 2.4377653592222113.
[I 2023-11-21 09:55:41,917] Trial 89 finished with value: 2.4377653592222113 and parameters: {'model_name': 'SimpleImputer', 'strategy': 'mean'}. Best is trial 3 with value: 2.4377653592222113.
[I 2023-11-21 09:55:42,307] Trial 90 finished with value: 2.4377653592222113 and parameters: {'model_name': 'SimpleImputer', 'strategy': 'mean'}. Best is trial 3 with value: 2.4377653592222113.
[I 2023-11-21 09:55:42,827] Trial 86 finished with value: 2.4829332831926276 and parameters: {'model_name': 'SimpleImputer', 'strategy': 'median'}. Best is trial 3 with value: 2.4377653592222113.
[I 2023-11-21 09:55:43,042] Trial 92 finished with value: 2.4377653592222113 and parameters: {'model_name': 'SimpleImputer', 'strategy': 'mean'}. Best is trial 3 with value: 2.4377653592222113.
[I 2023-11-21 09:55:43,412] Trial 87 finished with value: 2.4829332831926276 and parameters: {'model_name': 'SimpleImputer', 'strategy': 'median'}. Best is trial 3 with value: 2.4377653592222113.
[I 2023-11-21 09:55:43,653] Trial 91 finished with value: 2.4377653592222113 and parameters: {'model_name': 'SimpleImputer', 'strategy': 'mean'}. Best is trial 3 with value: 2.4377653592222113.
[I 2023-11-21 09:55:44,030] Trial 93 finished with value: 2.4377653592222113 and parameters: {'model_name': 'SimpleImputer', 'strategy': 'mean'}. Best is trial 3 with value: 2.4377653592222113.
[I 2023-11-21 09:55:44,459] Trial 95 finished with value: 2.4377653592222113 and parameters: {'model_name': 'SimpleImputer', 'strategy': 'mean'}. Best is trial 3 with value: 2.4377653592222113.
[I 2023-11-21 09:55:44,460] Trial 85 finished with value: 2.4829332831926276 and parameters: {'model_name': 'SimpleImputer', 'strategy': 'median'}. Best is trial 3 with value: 2.4377653592222113.
[I 2023-11-21 09:55:45,138] Trial 97 finished with value: 2.4377653592222113 and parameters: {'model_name': 'SimpleImputer', 'strategy': 'mean'}. Best is trial 3 with value: 2.4377653592222113.
[I 2023-11-21 09:55:45,380] Trial 88 finished with value: 2.4829332831926276 and parameters: {'model_name': 'SimpleImputer', 'strategy': 'median'}. Best is trial 3 with value: 2.4377653592222113.
[I 2023-11-21 09:55:45,627] Trial 96 finished with value: 2.4377653592222113 and parameters: {'model_name': 'SimpleImputer', 'strategy': 'mean'}. Best is trial 3 with value: 2.4377653592222113.
[I 2023-11-21 09:55:46,011] Trial 94 finished with value: 2.4377653592222113 and parameters: {'model_name': 'SimpleImputer', 'strategy': 'mean'}. Best is trial 3 with value: 2.4377653592222113.
[I 2023-11-21 09:55:46,266] Trial 84 finished with value: 2.4829332831926276 and parameters: {'model_name': 'SimpleImputer', 'strategy': 'median'}. Best is trial 3 with value: 2.4377653592222113.
[I 2023-11-21 09:55:49,204] Trial 29 finished with value: 2.6155244430074847 and parameters: {'model_name': 'SimpleImputer', 'strategy': 'most_frequent'}. Best is trial 3 with value: 2.4377653592222113.
[I 2023-11-21 09:55:49,915] Trial 55 finished with value: 2.6155244430074847 and parameters: {'model_name': 'SimpleImputer', 'strategy': 'most_frequent'}. Best is trial 3 with value: 2.4377653592222113.
[I 2023-11-21 09:55:50,263] Trial 53 finished with value: 2.6155244430074847 and parameters: {'model_name': 'SimpleImputer', 'strategy': 'most_frequent'}. Best is trial 3 with value: 2.4377653592222113.
[I 2023-11-21 09:55:50,525] Trial 52 finished with value: 2.6155244430074847 and parameters: {'model_name': 'SimpleImputer', 'strategy': 'most_frequent'}. Best is trial 3 with value: 2.4377653592222113.
[I 2023-11-21 09:55:51,933] Trial 58 finished with value: 2.6155244430074847 and parameters: {'model_name': 'SimpleImputer', 'strategy': 'most_frequent'}. Best is trial 3 with value: 2.4377653592222113.
[I 2023-11-21 09:55:54,804] Trial 100 finished with value: 2.6155244430074847 and parameters: {'model_name': 'SimpleImputer', 'strategy': 'most_frequent'}. Best is trial 3 with value: 2.4377653592222113.
[I 2023-11-21 09:55:55,988] Trial 115 finished with value: 2.6155244430074847 and parameters: {'model_name': 'SimpleImputer', 'strategy': 'most_frequent'}. Best is trial 3 with value: 2.4377653592222113.
[I 2023-11-21 09:55:56,169] Trial 98 finished with value: 2.6155244430074847 and parameters: {'model_name': 'SimpleImputer', 'strategy': 'most_frequent'}. Best is trial 3 with value: 2.4377653592222113.
[I 2023-11-21 09:55:56,829] Trial 114 finished with value: 2.6155244430074847 and parameters: {'model_name': 'SimpleImputer', 'strategy': 'most_frequent'}. Best is trial 3 with value: 2.4377653592222113.
[I 2023-11-21 09:55:57,113] Trial 108 finished with value: 2.6155244430074847 and parameters: {'model_name': 'SimpleImputer', 'strategy': 'most_frequent'}. Best is trial 3 with value: 2.4377653592222113.
[I 2023-11-21 09:55:57,554] Trial 101 finished with value: 2.6155244430074847 and parameters: {'model_name': 'SimpleImputer', 'strategy': 'most_frequent'}. Best is trial 3 with value: 2.4377653592222113.
[I 2023-11-21 09:55:58,320] Trial 102 finished with value: 2.6155244430074847 and parameters: {'model_name': 'SimpleImputer', 'strategy': 'most_frequent'}. Best is trial 3 with value: 2.4377653592222113.
[I 2023-11-21 09:55:58,877] Trial 110 finished with value: 2.6155244430074847 and parameters: {'model_name': 'SimpleImputer', 'strategy': 'most_frequent'}. Best is trial 3 with value: 2.4377653592222113.
[I 2023-11-21 09:55:59,160] Trial 104 finished with value: 2.6155244430074847 and parameters: {'model_name': 'SimpleImputer', 'strategy': 'most_frequent'}. Best is trial 3 with value: 2.4377653592222113.
[I 2023-11-21 09:55:59,519] Trial 105 finished with value: 2.6155244430074847 and parameters: {'model_name': 'SimpleImputer', 'strategy': 'most_frequent'}. Best is trial 3 with value: 2.4377653592222113.
[I 2023-11-21 09:55:59,787] Trial 103 finished with value: 2.6155244430074847 and parameters: {'model_name': 'SimpleImputer', 'strategy': 'most_frequent'}. Best is trial 3 with value: 2.4377653592222113.
[I 2023-11-21 09:55:59,999] Trial 111 finished with value: 2.6155244430074847 and parameters: {'model_name': 'SimpleImputer', 'strategy': 'most_frequent'}. Best is trial 3 with value: 2.4377653592222113.
[I 2023-11-21 09:56:00,269] Trial 99 finished with value: 2.6155244430074847 and parameters: {'model_name': 'SimpleImputer', 'strategy': 'most_frequent'}. Best is trial 3 with value: 2.4377653592222113.
[I 2023-11-21 09:56:00,534] Trial 112 finished with value: 2.6155244430074847 and parameters: {'model_name': 'SimpleImputer', 'strategy': 'most_frequent'}. Best is trial 3 with value: 2.4377653592222113.
[I 2023-11-21 09:56:00,921] Trial 106 finished with value: 2.6155244430074847 and parameters: {'model_name': 'SimpleImputer', 'strategy': 'most_frequent'}. Best is trial 3 with value: 2.4377653592222113.
[I 2023-11-21 09:56:01,420] Trial 113 finished with value: 2.6155244430074847 and parameters: {'model_name': 'SimpleImputer', 'strategy': 'most_frequent'}. Best is trial 3 with value: 2.4377653592222113.
[I 2023-11-21 09:56:01,422] Trial 107 finished with value: 2.6155244430074847 and parameters: {'model_name': 'SimpleImputer', 'strategy': 'most_frequent'}. Best is trial 3 with value: 2.4377653592222113.
[I 2023-11-21 09:56:02,063] Trial 109 finished with value: 2.6155244430074847 and parameters: {'model_name': 'SimpleImputer', 'strategy': 'most_frequent'}. Best is trial 3 with value: 2.4377653592222113.
[I 2023-11-21 09:56:02,638] Trial 116 finished with value: 2.6155244430074847 and parameters: {'model_name': 'SimpleImputer', 'strategy': 'most_frequent'}. Best is trial 3 with value: 2.4377653592222113.
[I 2023-11-21 09:56:03,009] Trial 120 finished with value: 2.6155244430074847 and parameters: {'model_name': 'SimpleImputer', 'strategy': 'most_frequent'}. Best is trial 3 with value: 2.4377653592222113.
[I 2023-11-21 09:56:03,209] Trial 119 finished with value: 2.6155244430074847 and parameters: {'model_name': 'SimpleImputer', 'strategy': 'most_frequent'}. Best is trial 3 with value: 2.4377653592222113.
[I 2023-11-21 09:56:03,968] Trial 118 finished with value: 2.6155244430074847 and parameters: {'model_name': 'SimpleImputer', 'strategy': 'most_frequent'}. Best is trial 3 with value: 2.4377653592222113.
[I 2023-11-21 09:56:04,734] Trial 117 finished with value: 2.6155244430074847 and parameters: {'model_name': 'SimpleImputer', 'strategy': 'most_frequent'}. Best is trial 3 with value: 2.4377653592222113.
[I 2023-11-21 09:56:11,559] Trial 14 finished with value: inf and parameters: {'model_name': 'IterativeImputer', 'estimator': 'RFR', 'sample_posterior': True, 'initial_strategy': 'median', 'imputation_order': 'descending'}. Best is trial 3 with value: 2.4377653592222113.
[I 2023-11-21 09:56:55,113] Trial 59 finished with value: inf and parameters: {'model_name': 'IterativeImputer', 'estimator': 'RFR', 'sample_posterior': True, 'initial_strategy': 'constant', 'imputation_order': 'arabic'}. Best is trial 3 with value: 2.4377653592222113.
[I 2023-11-21 09:57:45,927] Trial 46 finished with value: inf and parameters: {'model_name': 'IterativeImputer', 'estimator': 'RFR', 'sample_posterior': True, 'initial_strategy': 'median', 'imputation_order': 'random'}. Best is trial 3 with value: 2.4377653592222113.
[I 2023-11-21 09:59:14,708] Trial 122 finished with value: 2.2926978761938797 and parameters: {'model_name': 'IterativeImputer', 'estimator': 'Bayesian', 'sample_posterior': False, 'initial_strategy': 'median', 'imputation_order': 'random'}. Best is trial 122 with value: 2.2926978761938797.
[I 2023-11-21 09:59:17,303] Trial 121 finished with value: 2.4031459796934556 and parameters: {'model_name': 'IterativeImputer', 'estimator': 'Bayesian', 'sample_posterior': False, 'initial_strategy': 'median', 'imputation_order': 'descending'}. Best is trial 122 with value: 2.2926978761938797.
[I 2023-11-21 09:59:18,904] Trial 126 finished with value: 2.4182368457038192 and parameters: {'model_name': 'IterativeImputer', 'estimator': 'Bayesian', 'sample_posterior': False, 'initial_strategy': 'median', 'imputation_order': 'arabic'}. Best is trial 122 with value: 2.2926978761938797.
[I 2023-11-21 09:59:25,215] Trial 131 finished with value: 2.4031459796934556 and parameters: {'model_name': 'IterativeImputer', 'estimator': 'Bayesian', 'sample_posterior': False, 'initial_strategy': 'median', 'imputation_order': 'descending'}. Best is trial 122 with value: 2.2926978761938797.
[I 2023-11-21 09:59:25,892] Trial 124 finished with value: 2.3512103253701007 and parameters: {'model_name': 'IterativeImputer', 'estimator': 'Bayesian', 'sample_posterior': False, 'initial_strategy': 'median', 'imputation_order': 'random'}. Best is trial 122 with value: 2.2926978761938797.
[I 2023-11-21 09:59:26,983] Trial 139 finished with value: 2.4031459796934556 and parameters: {'model_name': 'IterativeImputer', 'estimator': 'Bayesian', 'sample_posterior': False, 'initial_strategy': 'median', 'imputation_order': 'descending'}. Best is trial 122 with value: 2.2926978761938797.
[I 2023-11-21 09:59:27,501] Trial 125 finished with value: 2.4182368457038192 and parameters: {'model_name': 'IterativeImputer', 'estimator': 'Bayesian', 'sample_posterior': False, 'initial_strategy': 'median', 'imputation_order': 'arabic'}. Best is trial 122 with value: 2.2926978761938797.
[I 2023-11-21 09:59:28,432] Trial 134 finished with value: 2.4031459796934556 and parameters: {'model_name': 'IterativeImputer', 'estimator': 'Bayesian', 'sample_posterior': False, 'initial_strategy': 'median', 'imputation_order': 'descending'}. Best is trial 122 with value: 2.2926978761938797.
[I 2023-11-21 09:59:28,866] Trial 130 finished with value: 2.4182368457038192 and parameters: {'model_name': 'IterativeImputer', 'estimator': 'Bayesian', 'sample_posterior': False, 'initial_strategy': 'median', 'imputation_order': 'arabic'}. Best is trial 122 with value: 2.2926978761938797.
[I 2023-11-21 09:59:31,537] Trial 140 finished with value: 2.4031459796934556 and parameters: {'model_name': 'IterativeImputer', 'estimator': 'Bayesian', 'sample_posterior': False, 'initial_strategy': 'median', 'imputation_order': 'descending'}. Best is trial 122 with value: 2.2926978761938797.
[I 2023-11-21 09:59:33,616] Trial 132 finished with value: 2.4182368457038192 and parameters: {'model_name': 'IterativeImputer', 'estimator': 'Bayesian', 'sample_posterior': False, 'initial_strategy': 'median', 'imputation_order': 'arabic'}. Best is trial 122 with value: 2.2926978761938797.
[I 2023-11-21 09:59:37,456] Trial 145 finished with value: 2.4182368457038192 and parameters: {'model_name': 'IterativeImputer', 'estimator': 'Bayesian', 'sample_posterior': False, 'initial_strategy': 'median', 'imputation_order': 'arabic'}. Best is trial 122 with value: 2.2926978761938797.
[I 2023-11-21 09:59:37,883] Trial 150 finished with value: 2.4182368457038192 and parameters: {'model_name': 'IterativeImputer', 'estimator': 'Bayesian', 'sample_posterior': False, 'initial_strategy': 'median', 'imputation_order': 'arabic'}. Best is trial 122 with value: 2.2926978761938797.
[I 2023-11-21 09:59:42,334] Trial 146 finished with value: 2.4031459796934556 and parameters: {'model_name': 'IterativeImputer', 'estimator': 'Bayesian', 'sample_posterior': False, 'initial_strategy': 'median', 'imputation_order': 'descending'}. Best is trial 122 with value: 2.2926978761938797.
[I 2023-11-21 09:59:43,888] Trial 142 finished with value: 2.2708230054977387 and parameters: {'model_name': 'IterativeImputer', 'estimator': 'Bayesian', 'sample_posterior': False, 'initial_strategy': 'median', 'imputation_order': 'random'}. Best is trial 142 with value: 2.2708230054977387.
[I 2023-11-21 09:59:45,834] Trial 147 finished with value: 2.260085898966539 and parameters: {'model_name': 'IterativeImputer', 'estimator': 'Bayesian', 'sample_posterior': False, 'initial_strategy': 'median', 'imputation_order': 'random'}. Best is trial 147 with value: 2.260085898966539.
[I 2023-11-21 09:59:46,280] Trial 143 finished with value: 2.2585933773868407 and parameters: {'model_name': 'IterativeImputer', 'estimator': 'Bayesian', 'sample_posterior': False, 'initial_strategy': 'median', 'imputation_order': 'random'}. Best is trial 143 with value: 2.2585933773868407.
[I 2023-11-21 09:59:46,876] Trial 138 finished with value: 2.233807474509549 and parameters: {'model_name': 'IterativeImputer', 'estimator': 'Bayesian', 'sample_posterior': False, 'initial_strategy': 'median', 'imputation_order': 'random'}. Best is trial 138 with value: 2.233807474509549.
[I 2023-11-21 09:59:47,215] Trial 157 finished with value: 2.2469389903857477 and parameters: {'model_name': 'IterativeImputer', 'estimator': 'Bayesian', 'sample_posterior': False, 'initial_strategy': 'median', 'imputation_order': 'random'}. Best is trial 138 with value: 2.233807474509549.
[I 2023-11-21 09:59:48,398] Trial 154 finished with value: 2.267983963304916 and parameters: {'model_name': 'IterativeImputer', 'estimator': 'Bayesian', 'sample_posterior': False, 'initial_strategy': 'median', 'imputation_order': 'random'}. Best is trial 138 with value: 2.233807474509549.
[I 2023-11-21 09:59:53,156] Trial 158 finished with value: 2.39189368690678 and parameters: {'model_name': 'IterativeImputer', 'estimator': 'Bayesian', 'sample_posterior': False, 'initial_strategy': 'mean', 'imputation_order': 'arabic'}. Best is trial 138 with value: 2.233807474509549.
[I 2023-11-21 10:00:06,356] Trial 151 finished with value: 2.2690024023515907 and parameters: {'model_name': 'IterativeImputer', 'estimator': 'Bayesian', 'sample_posterior': False, 'initial_strategy': 'median', 'imputation_order': 'random'}. Best is trial 138 with value: 2.233807474509549.
[I 2023-11-21 10:01:13,519] Trial 159 finished with value: 2.2233405868776464 and parameters: {'model_name': 'IterativeImputer', 'estimator': 'Bayesian', 'sample_posterior': False, 'initial_strategy': 'median', 'imputation_order': 'random'}. Best is trial 159 with value: 2.2233405868776464.
[I 2023-11-21 10:01:29,378] Trial 160 finished with value: 2.282569459655412 and parameters: {'model_name': 'IterativeImputer', 'estimator': 'Bayesian', 'sample_posterior': False, 'initial_strategy': 'mean', 'imputation_order': 'random'}. Best is trial 159 with value: 2.2233405868776464.
[I 2023-11-21 10:02:36,390] Trial 12 finished with value: 2.1837922907694534 and parameters: {'model_name': 'IterativeImputer', 'estimator': 'Ridge', 'sample_posterior': False, 'initial_strategy': 'median', 'imputation_order': 'arabic'}. Best is trial 12 with value: 2.1837922907694534.
[I 2023-11-21 10:03:57,093] Trial 167 finished with value: 2.4031459796934556 and parameters: {'model_name': 'IterativeImputer', 'estimator': 'Bayesian', 'sample_posterior': False, 'initial_strategy': 'median', 'imputation_order': 'descending'}. Best is trial 12 with value: 2.1837922907694534.
[I 2023-11-21 10:03:59,088] Trial 163 finished with value: 2.2936585008043453 and parameters: {'model_name': 'IterativeImputer', 'estimator': 'Bayesian', 'sample_posterior': False, 'initial_strategy': 'median', 'imputation_order': 'random'}. Best is trial 12 with value: 2.1837922907694534.
[I 2023-11-21 10:04:01,646] Trial 166 finished with value: 2.4031459796934556 and parameters: {'model_name': 'IterativeImputer', 'estimator': 'Bayesian', 'sample_posterior': False, 'initial_strategy': 'median', 'imputation_order': 'descending'}. Best is trial 12 with value: 2.1837922907694534.
[I 2023-11-21 10:04:04,930] Trial 164 finished with value: 2.4031459796934556 and parameters: {'model_name': 'IterativeImputer', 'estimator': 'Bayesian', 'sample_posterior': False, 'initial_strategy': 'median', 'imputation_order': 'descending'}. Best is trial 12 with value: 2.1837922907694534.
[I 2023-11-21 10:04:06,943] Trial 179 finished with value: 2.286244170543958 and parameters: {'model_name': 'IterativeImputer', 'estimator': 'Bayesian', 'sample_posterior': False, 'initial_strategy': 'median', 'imputation_order': 'random'}. Best is trial 12 with value: 2.1837922907694534.
[I 2023-11-21 10:04:07,286] Trial 161 finished with value: 2.2982363946107456 and parameters: {'model_name': 'IterativeImputer', 'estimator': 'Bayesian', 'sample_posterior': False, 'initial_strategy': 'median', 'imputation_order': 'random'}. Best is trial 12 with value: 2.1837922907694534.
[I 2023-11-21 10:04:08,954] Trial 171 finished with value: 2.4031459796934556 and parameters: {'model_name': 'IterativeImputer', 'estimator': 'Bayesian', 'sample_posterior': False, 'initial_strategy': 'median', 'imputation_order': 'descending'}. Best is trial 12 with value: 2.1837922907694534.
[I 2023-11-21 10:04:09,421] Trial 168 finished with value: 2.4031459796934556 and parameters: {'model_name': 'IterativeImputer', 'estimator': 'Bayesian', 'sample_posterior': False, 'initial_strategy': 'median', 'imputation_order': 'descending'}. Best is trial 12 with value: 2.1837922907694534.
[I 2023-11-21 10:04:10,016] Trial 169 finished with value: 2.4031459796934556 and parameters: {'model_name': 'IterativeImputer', 'estimator': 'Bayesian', 'sample_posterior': False, 'initial_strategy': 'median', 'imputation_order': 'descending'}. Best is trial 12 with value: 2.1837922907694534.
[I 2023-11-21 10:04:14,773] Trial 176 finished with value: 2.4031459796934556 and parameters: {'model_name': 'IterativeImputer', 'estimator': 'Bayesian', 'sample_posterior': False, 'initial_strategy': 'median', 'imputation_order': 'descending'}. Best is trial 12 with value: 2.1837922907694534.
[I 2023-11-21 10:04:15,335] Trial 170 finished with value: 2.4031459796934556 and parameters: {'model_name': 'IterativeImputer', 'estimator': 'Bayesian', 'sample_posterior': False, 'initial_strategy': 'median', 'imputation_order': 'descending'}. Best is trial 12 with value: 2.1837922907694534.
[I 2023-11-21 10:04:17,379] Trial 175 finished with value: 2.4031459796934556 and parameters: {'model_name': 'IterativeImputer', 'estimator': 'Bayesian', 'sample_posterior': False, 'initial_strategy': 'median', 'imputation_order': 'descending'}. Best is trial 12 with value: 2.1837922907694534.
[I 2023-11-21 10:04:18,957] Trial 162 finished with value: 2.245137898416572 and parameters: {'model_name': 'IterativeImputer', 'estimator': 'Bayesian', 'sample_posterior': False, 'initial_strategy': 'median', 'imputation_order': 'random'}. Best is trial 12 with value: 2.1837922907694534.
[I 2023-11-21 10:04:21,132] Trial 172 finished with value: 2.4031459796934556 and parameters: {'model_name': 'IterativeImputer', 'estimator': 'Bayesian', 'sample_posterior': False, 'initial_strategy': 'median', 'imputation_order': 'descending'}. Best is trial 12 with value: 2.1837922907694534.
[I 2023-11-21 10:04:23,199] Trial 173 finished with value: 2.4182368457038192 and parameters: {'model_name': 'IterativeImputer', 'estimator': 'Bayesian', 'sample_posterior': False, 'initial_strategy': 'median', 'imputation_order': 'arabic'}. Best is trial 12 with value: 2.1837922907694534.
[I 2023-11-21 10:04:23,946] Trial 174 finished with value: 2.4031459796934556 and parameters: {'model_name': 'IterativeImputer', 'estimator': 'Bayesian', 'sample_posterior': False, 'initial_strategy': 'median', 'imputation_order': 'descending'}. Best is trial 12 with value: 2.1837922907694534.
[I 2023-11-21 10:04:24,689] Trial 165 finished with value: 2.2952077121684864 and parameters: {'model_name': 'IterativeImputer', 'estimator': 'Bayesian', 'sample_posterior': False, 'initial_strategy': 'median', 'imputation_order': 'random'}. Best is trial 12 with value: 2.1837922907694534.
[I 2023-11-21 10:04:26,778] Trial 177 finished with value: 2.4031459796934556 and parameters: {'model_name': 'IterativeImputer', 'estimator': 'Bayesian', 'sample_posterior': False, 'initial_strategy': 'median', 'imputation_order': 'descending'}. Best is trial 12 with value: 2.1837922907694534.
[I 2023-11-21 10:04:29,650] Trial 178 finished with value: 2.2830660939384293 and parameters: {'model_name': 'IterativeImputer', 'estimator': 'Bayesian', 'sample_posterior': False, 'initial_strategy': 'median', 'imputation_order': 'random'}. Best is trial 12 with value: 2.1837922907694534.
[I 2023-11-21 10:04:43,657] Trial 181 finished with value: 2.192361735948383 and parameters: {'model_name': 'IterativeImputer', 'estimator': 'Bayesian', 'sample_posterior': False, 'initial_strategy': 'median', 'imputation_order': 'random'}. Best is trial 12 with value: 2.1837922907694534.
[I 2023-11-21 10:04:44,005] Trial 180 finished with value: 2.2582798242712747 and parameters: {'model_name': 'IterativeImputer', 'estimator': 'Bayesian', 'sample_posterior': False, 'initial_strategy': 'median', 'imputation_order': 'random'}. Best is trial 12 with value: 2.1837922907694534.
[I 2023-11-21 10:05:04,274] Trial 182 finished with value: 2.2899101724545825 and parameters: {'model_name': 'IterativeImputer', 'estimator': 'Bayesian', 'sample_posterior': False, 'initial_strategy': 'median', 'imputation_order': 'random'}. Best is trial 12 with value: 2.1837922907694534.
[I 2023-11-21 10:05:20,680] Trial 183 finished with value: 2.2968527910771357 and parameters: {'model_name': 'IterativeImputer', 'estimator': 'Bayesian', 'sample_posterior': False, 'initial_strategy': 'median', 'imputation_order': 'random'}. Best is trial 12 with value: 2.1837922907694534.
[I 2023-11-21 10:05:56,795] Trial 184 finished with value: 2.368269433000242 and parameters: {'model_name': 'IterativeImputer', 'estimator': 'Bayesian', 'sample_posterior': False, 'initial_strategy': 'mean', 'imputation_order': 'random'}. Best is trial 12 with value: 2.1837922907694534.
[I 2023-11-21 10:07:16,227] Trial 185 finished with value: 2.235852880169264 and parameters: {'model_name': 'IterativeImputer', 'estimator': 'Bayesian', 'sample_posterior': False, 'initial_strategy': 'mean', 'imputation_order': 'random'}. Best is trial 12 with value: 2.1837922907694534.
[I 2023-11-21 10:07:54,546] Trial 187 finished with value: 2.3449319545439633 and parameters: {'model_name': 'IterativeImputer', 'estimator': 'Bayesian', 'sample_posterior': False, 'initial_strategy': 'mean', 'imputation_order': 'random'}. Best is trial 12 with value: 2.1837922907694534.
[I 2023-11-21 10:08:06,366] Trial 189 finished with value: 2.2354773203754297 and parameters: {'model_name': 'IterativeImputer', 'estimator': 'Bayesian', 'sample_posterior': False, 'initial_strategy': 'mean', 'imputation_order': 'random'}. Best is trial 12 with value: 2.1837922907694534.
[I 2023-11-21 10:08:11,390] Trial 191 finished with value: 2.3348250474661425 and parameters: {'model_name': 'IterativeImputer', 'estimator': 'Bayesian', 'sample_posterior': False, 'initial_strategy': 'median', 'imputation_order': 'random'}. Best is trial 12 with value: 2.1837922907694534.
[I 2023-11-21 10:08:12,022] Trial 186 finished with value: 2.264295883901119 and parameters: {'model_name': 'IterativeImputer', 'estimator': 'Bayesian', 'sample_posterior': False, 'initial_strategy': 'mean', 'imputation_order': 'random'}. Best is trial 12 with value: 2.1837922907694534.
[I 2023-11-21 10:08:16,562] Trial 192 finished with value: 2.291986622142192 and parameters: {'model_name': 'IterativeImputer', 'estimator': 'Bayesian', 'sample_posterior': False, 'initial_strategy': 'median', 'imputation_order': 'random'}. Best is trial 12 with value: 2.1837922907694534.
[I 2023-11-21 10:08:17,751] Trial 188 finished with value: 2.241693199092454 and parameters: {'model_name': 'IterativeImputer', 'estimator': 'Bayesian', 'sample_posterior': False, 'initial_strategy': 'mean', 'imputation_order': 'random'}. Best is trial 12 with value: 2.1837922907694534.
[I 2023-11-21 10:08:20,822] Trial 196 finished with value: 2.1962994575712433 and parameters: {'model_name': 'IterativeImputer', 'estimator': 'Bayesian', 'sample_posterior': False, 'initial_strategy': 'mean', 'imputation_order': 'random'}. Best is trial 12 with value: 2.1837922907694534.
[I 2023-11-21 10:08:21,641] Trial 193 finished with value: 2.2603714965391597 and parameters: {'model_name': 'IterativeImputer', 'estimator': 'Bayesian', 'sample_posterior': False, 'initial_strategy': 'median', 'imputation_order': 'random'}. Best is trial 12 with value: 2.1837922907694534.
