Run: 5
/cm/local/apps/slurm/var/spool/job437544/slurm_script: line 23: /common/ketrong/minconda3/etc/profile.d/conda.sh: No such file or directory
/cm/local/apps/slurm/var/spool/job437544/slurm_script: line 26: $'\nconda create --name tpot2devenv -c conda-forge python=3.10\n': command not found
/cm/local/apps/slurm/var/spool/job437544/slurm_script: line 31: $'\npip install -r requirements.txt\n': command not found
RunStart
2023-12-07 16:13:21.035060: I tensorflow/core/util/port.cc:113] oneDNN custom operations are on. You may see slightly different numerical results due to floating-point round-off errors from different computation orders. To turn them off, set the environment variable `TF_ENABLE_ONEDNN_OPTS=0`.
2023-12-07 16:13:21.069596: E external/local_xla/xla/stream_executor/cuda/cuda_dnn.cc:9261] Unable to register cuDNN factory: Attempting to register factory for plugin cuDNN when one has already been registered
2023-12-07 16:13:21.069621: E external/local_xla/xla/stream_executor/cuda/cuda_fft.cc:607] Unable to register cuFFT factory: Attempting to register factory for plugin cuFFT when one has already been registered
2023-12-07 16:13:21.070739: E external/local_xla/xla/stream_executor/cuda/cuda_blas.cc:1515] Unable to register cuBLAS factory: Attempting to register factory for plugin cuBLAS when one has already been registered
2023-12-07 16:13:21.076221: I tensorflow/core/platform/cpu_feature_guard.cc:182] This TensorFlow binary is optimized to use available CPU instructions in performance-critical operations.
To enable the following instructions: AVX2 AVX512F AVX512_VNNI FMA, in other operations, rebuild TensorFlow with the appropriate compiler flags.
2023-12-07 16:13:23.104957: W tensorflow/compiler/tf2tensorrt/utils/py_utils.cc:38] TF-TRT Warning: Could not find TensorRT
WARNING:tensorflow:From /home/ketrong/miniconda3/envs/tpot2devenv/lib/python3.10/site-packages/tensorflow/python/compat/v2_compat.py:108: disable_resource_variables (from tensorflow.python.ops.variable_scope) is deprecated and will be removed in a future version.
Instructions for updating:
non-resource variables are not supported in the long term
starting loops
loc 1
loc2
loc4
loc5
loc6
working on 
tpot2_imputetest/Impute_Experiments/logs/tpot2_base_normal_30_0.9_MCAR
0.3472461700439453
loading data
tpot2_imputetest/Impute_Experiments/data/30_True.pkl
running experiment 1/3 - Does large hyperparameter space improve reconstruction accuracy over simple
[I 2023-12-07 16:13:30,316] A new study created in memory with name: no-name-7edaa3e7-f48f-4d6b-8262-7336be066c50
[I 2023-12-07 16:13:30,347] Trial 0 finished with value: 1499.8604418080738 and parameters: {'model_name': 'SimpleImputer', 'strategy': 'constant'}. Best is trial 0 with value: 1499.8604418080738.
[I 2023-12-07 16:13:30,560] Trial 2 finished with value: 1431.8148761875723 and parameters: {'model_name': 'SimpleImputer', 'strategy': 'mean'}. Best is trial 2 with value: 1431.8148761875723.
[I 2023-12-07 16:13:30,711] Trial 1 finished with value: 1431.8148761875723 and parameters: {'model_name': 'SimpleImputer', 'strategy': 'mean'}. Best is trial 2 with value: 1431.8148761875723.
[I 2023-12-07 16:13:30,897] Trial 4 finished with value: 1499.8604418080738 and parameters: {'model_name': 'SimpleImputer', 'strategy': 'constant'}. Best is trial 2 with value: 1431.8148761875723.
[I 2023-12-07 16:13:31,056] Trial 3 finished with value: 1464.6798276067027 and parameters: {'model_name': 'SimpleImputer', 'strategy': 'median'}. Best is trial 2 with value: 1431.8148761875723.
[I 2023-12-07 16:13:31,225] Trial 9 finished with value: 1431.8148761875723 and parameters: {'model_name': 'SimpleImputer', 'strategy': 'mean'}. Best is trial 2 with value: 1431.8148761875723.
[I 2023-12-07 16:13:31,376] Trial 6 finished with value: 1464.6798276067027 and parameters: {'model_name': 'SimpleImputer', 'strategy': 'median'}. Best is trial 2 with value: 1431.8148761875723.
[I 2023-12-07 16:13:31,540] Trial 5 finished with value: 1464.6798276067027 and parameters: {'model_name': 'SimpleImputer', 'strategy': 'median'}. Best is trial 2 with value: 1431.8148761875723.
[I 2023-12-07 16:13:31,700] Trial 7 finished with value: 1484.8872835858167 and parameters: {'model_name': 'SimpleImputer', 'strategy': 'most_frequent'}. Best is trial 2 with value: 1431.8148761875723.
[I 2023-12-07 16:13:31,861] Trial 8 finished with value: 1464.6798276067027 and parameters: {'model_name': 'SimpleImputer', 'strategy': 'median'}. Best is trial 2 with value: 1431.8148761875723.
[I 2023-12-07 16:13:32,018] Trial 12 finished with value: 1431.8148761875723 and parameters: {'model_name': 'SimpleImputer', 'strategy': 'mean'}. Best is trial 2 with value: 1431.8148761875723.
[I 2023-12-07 16:13:32,194] Trial 13 finished with value: 1499.8604418080738 and parameters: {'model_name': 'SimpleImputer', 'strategy': 'constant'}. Best is trial 2 with value: 1431.8148761875723.
[I 2023-12-07 16:13:32,341] Trial 10 finished with value: 1484.8872835858167 and parameters: {'model_name': 'SimpleImputer', 'strategy': 'most_frequent'}. Best is trial 2 with value: 1431.8148761875723.
[I 2023-12-07 16:13:32,487] Trial 11 finished with value: 1484.8872835858167 and parameters: {'model_name': 'SimpleImputer', 'strategy': 'most_frequent'}. Best is trial 2 with value: 1431.8148761875723.
[I 2023-12-07 16:13:32,670] Trial 14 finished with value: 1484.8872835858167 and parameters: {'model_name': 'SimpleImputer', 'strategy': 'most_frequent'}. Best is trial 2 with value: 1431.8148761875723.
[I 2023-12-07 16:13:32,826] Trial 15 finished with value: 1431.8148761875723 and parameters: {'model_name': 'SimpleImputer', 'strategy': 'mean'}. Best is trial 2 with value: 1431.8148761875723.
[I 2023-12-07 16:13:32,980] Trial 16 finished with value: 1484.8872835858167 and parameters: {'model_name': 'SimpleImputer', 'strategy': 'most_frequent'}. Best is trial 2 with value: 1431.8148761875723.
[I 2023-12-07 16:13:33,158] Trial 17 finished with value: 1484.8872835858167 and parameters: {'model_name': 'SimpleImputer', 'strategy': 'most_frequent'}. Best is trial 2 with value: 1431.8148761875723.
[I 2023-12-07 16:13:33,318] Trial 23 finished with value: 1431.8148761875723 and parameters: {'model_name': 'SimpleImputer', 'strategy': 'mean'}. Best is trial 2 with value: 1431.8148761875723.
slurmstepd: error: *** JOB 437544 ON esplhpc-cp005 CANCELLED AT 2023-12-07T16:13:33 ***
slurmstepd: error: *** STEP 437544.0 ON esplhpc-cp005 CANCELLED AT 2023-12-07T16:13:33 ***
