Run: 5
/cm/local/apps/slurm/var/spool/job434373/slurm_script: line 23: /common/ketrong/minconda3/etc/profile.d/conda.sh: No such file or directory
/cm/local/apps/slurm/var/spool/job434373/slurm_script: line 26: $'\nconda create --name tpot2devenv -c conda-forge python=3.10\n': command not found
/cm/local/apps/slurm/var/spool/job434373/slurm_script: line 31: $'\npip install -r requirements.txt\n': command not found
RunStart
2023-12-05 17:09:05.663793: I tensorflow/core/util/port.cc:113] oneDNN custom operations are on. You may see slightly different numerical results due to floating-point round-off errors from different computation orders. To turn them off, set the environment variable `TF_ENABLE_ONEDNN_OPTS=0`.
2023-12-05 17:09:05.699750: E external/local_xla/xla/stream_executor/cuda/cuda_dnn.cc:9261] Unable to register cuDNN factory: Attempting to register factory for plugin cuDNN when one has already been registered
2023-12-05 17:09:05.699774: E external/local_xla/xla/stream_executor/cuda/cuda_fft.cc:607] Unable to register cuFFT factory: Attempting to register factory for plugin cuFFT when one has already been registered
2023-12-05 17:09:05.701167: E external/local_xla/xla/stream_executor/cuda/cuda_blas.cc:1515] Unable to register cuBLAS factory: Attempting to register factory for plugin cuBLAS when one has already been registered
2023-12-05 17:09:05.707287: I tensorflow/core/platform/cpu_feature_guard.cc:182] This TensorFlow binary is optimized to use available CPU instructions in performance-critical operations.
To enable the following instructions: AVX2 AVX512F AVX512_VNNI FMA, in other operations, rebuild TensorFlow with the appropriate compiler flags.
2023-12-05 17:09:27.100006: W tensorflow/compiler/tf2tensorrt/utils/py_utils.cc:38] TF-TRT Warning: Could not find TensorRT
WARNING:tensorflow:From /home/ketrong/miniconda3/envs/tpot2devenv/lib/python3.10/site-packages/tensorflow/python/compat/v2_compat.py:108: disable_resource_variables (from tensorflow.python.ops.variable_scope) is deprecated and will be removed in a future version.
Instructions for updating:
non-resource variables are not supported in the long term
working on 
tpot2_imputetest/Impute_Experiments/logs//tpot2_base_normal_30_0.9_MCAR_5
3.3162033557891846
loading data
tpot2_imputetest/Impute_Experiments/data/30_True.pkl
running experiment 1/3 - Does large hyperparameter space improve reconstruction accuracy over simple
[I 2023-12-05 17:10:12,379] A new study created in memory with name: no-name-3b9338c9-9e25-4163-bacc-7aab09debf8f
[I 2023-12-05 17:10:12,405] Trial 0 finished with value: 1627.0953735908065 and parameters: {'model_name': 'SimpleImputer', 'strategy': 'constant'}. Best is trial 0 with value: 1627.0953735908065.
[I 2023-12-05 17:10:12,592] Trial 1 finished with value: 1594.9835081034755 and parameters: {'model_name': 'SimpleImputer', 'strategy': 'median'}. Best is trial 1 with value: 1594.9835081034755.
[I 2023-12-05 17:10:12,753] Trial 4 finished with value: 1627.0953735908065 and parameters: {'model_name': 'SimpleImputer', 'strategy': 'constant'}. Best is trial 1 with value: 1594.9835081034755.
[I 2023-12-05 17:10:12,906] Trial 6 finished with value: 1627.0953735908065 and parameters: {'model_name': 'SimpleImputer', 'strategy': 'constant'}. Best is trial 1 with value: 1594.9835081034755.
[I 2023-12-05 17:10:13,060] Trial 2 finished with value: 1627.0953735908065 and parameters: {'model_name': 'SimpleImputer', 'strategy': 'constant'}. Best is trial 1 with value: 1594.9835081034755.
[I 2023-12-05 17:10:13,212] Trial 5 finished with value: 1627.0953735908065 and parameters: {'model_name': 'SimpleImputer', 'strategy': 'constant'}. Best is trial 1 with value: 1594.9835081034755.
[I 2023-12-05 17:10:13,370] Trial 7 finished with value: 1563.2971054870407 and parameters: {'model_name': 'SimpleImputer', 'strategy': 'mean'}. Best is trial 7 with value: 1563.2971054870407.
[I 2023-12-05 17:10:13,537] Trial 8 finished with value: 1563.2971054870407 and parameters: {'model_name': 'SimpleImputer', 'strategy': 'mean'}. Best is trial 7 with value: 1563.2971054870407.
[I 2023-12-05 17:10:13,693] Trial 3 finished with value: 1617.8494785017617 and parameters: {'model_name': 'SimpleImputer', 'strategy': 'most_frequent'}. Best is trial 7 with value: 1563.2971054870407.
[I 2023-12-05 17:10:13,848] Trial 10 finished with value: 1627.0953735908065 and parameters: {'model_name': 'SimpleImputer', 'strategy': 'constant'}. Best is trial 7 with value: 1563.2971054870407.
[I 2023-12-05 17:10:14,025] Trial 16 finished with value: 1563.2971054870407 and parameters: {'model_name': 'SimpleImputer', 'strategy': 'mean'}. Best is trial 7 with value: 1563.2971054870407.
[I 2023-12-05 17:10:14,208] Trial 18 finished with value: 1563.2971054870407 and parameters: {'model_name': 'SimpleImputer', 'strategy': 'mean'}. Best is trial 7 with value: 1563.2971054870407.
[I 2023-12-05 17:10:14,360] Trial 9 finished with value: 1594.9835081034755 and parameters: {'model_name': 'SimpleImputer', 'strategy': 'median'}. Best is trial 7 with value: 1563.2971054870407.
[I 2023-12-05 17:10:14,511] Trial 11 finished with value: 1594.9835081034755 and parameters: {'model_name': 'SimpleImputer', 'strategy': 'median'}. Best is trial 7 with value: 1563.2971054870407.
[I 2023-12-05 17:10:14,671] Trial 19 finished with value: 1563.2971054870407 and parameters: {'model_name': 'SimpleImputer', 'strategy': 'mean'}. Best is trial 7 with value: 1563.2971054870407.
[I 2023-12-05 17:10:14,832] Trial 15 finished with value: 1627.0953735908065 and parameters: {'model_name': 'SimpleImputer', 'strategy': 'constant'}. Best is trial 7 with value: 1563.2971054870407.
[I 2023-12-05 17:10:14,982] Trial 12 finished with value: 1617.8494785017617 and parameters: {'model_name': 'SimpleImputer', 'strategy': 'most_frequent'}. Best is trial 7 with value: 1563.2971054870407.
[I 2023-12-05 17:10:15,136] Trial 17 finished with value: 1563.2971054870407 and parameters: {'model_name': 'SimpleImputer', 'strategy': 'mean'}. Best is trial 7 with value: 1563.2971054870407.
[I 2023-12-05 17:10:15,304] Trial 14 finished with value: 1627.0953735908065 and parameters: {'model_name': 'SimpleImputer', 'strategy': 'constant'}. Best is trial 7 with value: 1563.2971054870407.
[I 2023-12-05 17:10:15,483] Trial 21 finished with value: 1563.2971054870407 and parameters: {'model_name': 'SimpleImputer', 'strategy': 'mean'}. Best is trial 7 with value: 1563.2971054870407.
[I 2023-12-05 17:10:15,632] Trial 22 finished with value: 1563.2971054870407 and parameters: {'model_name': 'SimpleImputer', 'strategy': 'mean'}. Best is trial 7 with value: 1563.2971054870407.
[I 2023-12-05 17:10:15,815] Trial 24 finished with value: 1563.2971054870407 and parameters: {'model_name': 'SimpleImputer', 'strategy': 'mean'}. Best is trial 7 with value: 1563.2971054870407.
[I 2023-12-05 17:10:15,965] Trial 20 finished with value: 1563.2971054870407 and parameters: {'model_name': 'SimpleImputer', 'strategy': 'mean'}. Best is trial 7 with value: 1563.2971054870407.
[I 2023-12-05 17:10:16,110] Trial 13 finished with value: 1617.8494785017617 and parameters: {'model_name': 'SimpleImputer', 'strategy': 'most_frequent'}. Best is trial 7 with value: 1563.2971054870407.
[I 2023-12-05 17:10:16,262] Trial 23 finished with value: 1563.2971054870407 and parameters: {'model_name': 'SimpleImputer', 'strategy': 'mean'}. Best is trial 7 with value: 1563.2971054870407.
[I 2023-12-05 17:10:16,447] Trial 26 finished with value: 1563.2971054870407 and parameters: {'model_name': 'SimpleImputer', 'strategy': 'mean'}. Best is trial 7 with value: 1563.2971054870407.
[I 2023-12-05 17:10:16,604] Trial 25 finished with value: 1563.2971054870407 and parameters: {'model_name': 'SimpleImputer', 'strategy': 'mean'}. Best is trial 7 with value: 1563.2971054870407.
[I 2023-12-05 17:10:16,750] Trial 27 finished with value: 1563.2971054870407 and parameters: {'model_name': 'SimpleImputer', 'strategy': 'mean'}. Best is trial 7 with value: 1563.2971054870407.
[I 2023-12-05 17:10:16,943] Trial 28 finished with value: 1563.2971054870407 and parameters: {'model_name': 'SimpleImputer', 'strategy': 'mean'}. Best is trial 7 with value: 1563.2971054870407.
[I 2023-12-05 17:10:17,098] Trial 32 finished with value: 1563.2971054870407 and parameters: {'model_name': 'SimpleImputer', 'strategy': 'mean'}. Best is trial 7 with value: 1563.2971054870407.
[I 2023-12-05 17:10:17,255] Trial 31 finished with value: 1563.2971054870407 and parameters: {'model_name': 'SimpleImputer', 'strategy': 'mean'}. Best is trial 7 with value: 1563.2971054870407.
[I 2023-12-05 17:10:17,408] Trial 36 finished with value: 1563.2971054870407 and parameters: {'model_name': 'SimpleImputer', 'strategy': 'mean'}. Best is trial 7 with value: 1563.2971054870407.
[I 2023-12-05 17:10:17,579] Trial 29 finished with value: 1563.2971054870407 and parameters: {'model_name': 'SimpleImputer', 'strategy': 'mean'}. Best is trial 7 with value: 1563.2971054870407.
[I 2023-12-05 17:10:17,727] Trial 35 finished with value: 1563.2971054870407 and parameters: {'model_name': 'SimpleImputer', 'strategy': 'mean'}. Best is trial 7 with value: 1563.2971054870407.
[I 2023-12-05 17:10:17,897] Trial 34 finished with value: 1563.2971054870407 and parameters: {'model_name': 'SimpleImputer', 'strategy': 'mean'}. Best is trial 7 with value: 1563.2971054870407.
[I 2023-12-05 17:10:18,061] Trial 33 finished with value: 1563.2971054870407 and parameters: {'model_name': 'SimpleImputer', 'strategy': 'mean'}. Best is trial 7 with value: 1563.2971054870407.
[I 2023-12-05 17:10:18,218] Trial 30 finished with value: 1563.2971054870407 and parameters: {'model_name': 'SimpleImputer', 'strategy': 'mean'}. Best is trial 7 with value: 1563.2971054870407.
[I 2023-12-05 17:10:18,375] Trial 37 finished with value: 1563.2971054870407 and parameters: {'model_name': 'SimpleImputer', 'strategy': 'mean'}. Best is trial 7 with value: 1563.2971054870407.
[I 2023-12-05 17:10:18,531] Trial 41 finished with value: 1563.2971054870407 and parameters: {'model_name': 'SimpleImputer', 'strategy': 'mean'}. Best is trial 7 with value: 1563.2971054870407.
[I 2023-12-05 17:10:18,701] Trial 47 finished with value: 1563.2971054870407 and parameters: {'model_name': 'SimpleImputer', 'strategy': 'mean'}. Best is trial 7 with value: 1563.2971054870407.
[I 2023-12-05 17:10:18,857] Trial 45 finished with value: 1563.2971054870407 and parameters: {'model_name': 'SimpleImputer', 'strategy': 'mean'}. Best is trial 7 with value: 1563.2971054870407.
[I 2023-12-05 17:10:19,015] Trial 39 finished with value: 1563.2971054870407 and parameters: {'model_name': 'SimpleImputer', 'strategy': 'mean'}. Best is trial 7 with value: 1563.2971054870407.
[I 2023-12-05 17:10:19,179] Trial 49 finished with value: 1563.2971054870407 and parameters: {'model_name': 'SimpleImputer', 'strategy': 'mean'}. Best is trial 7 with value: 1563.2971054870407.
[I 2023-12-05 17:10:19,347] Trial 40 finished with value: 1563.2971054870407 and parameters: {'model_name': 'SimpleImputer', 'strategy': 'mean'}. Best is trial 7 with value: 1563.2971054870407.
[I 2023-12-05 17:10:19,507] Trial 50 finished with value: 1563.2971054870407 and parameters: {'model_name': 'SimpleImputer', 'strategy': 'mean'}. Best is trial 7 with value: 1563.2971054870407.
[I 2023-12-05 17:10:19,700] Trial 42 finished with value: 1563.2971054870407 and parameters: {'model_name': 'SimpleImputer', 'strategy': 'mean'}. Best is trial 7 with value: 1563.2971054870407.
[I 2023-12-05 17:10:19,859] Trial 44 finished with value: 1563.2971054870407 and parameters: {'model_name': 'SimpleImputer', 'strategy': 'mean'}. Best is trial 7 with value: 1563.2971054870407.
[I 2023-12-05 17:10:20,069] Trial 48 finished with value: 1563.2971054870407 and parameters: {'model_name': 'SimpleImputer', 'strategy': 'mean'}. Best is trial 7 with value: 1563.2971054870407.
[I 2023-12-05 17:10:20,244] Trial 54 finished with value: 1594.9835081034755 and parameters: {'model_name': 'SimpleImputer', 'strategy': 'median'}. Best is trial 7 with value: 1563.2971054870407.
[I 2023-12-05 17:10:20,407] Trial 46 finished with value: 1563.2971054870407 and parameters: {'model_name': 'SimpleImputer', 'strategy': 'mean'}. Best is trial 7 with value: 1563.2971054870407.
[I 2023-12-05 17:10:20,555] Trial 52 finished with value: 1594.9835081034755 and parameters: {'model_name': 'SimpleImputer', 'strategy': 'median'}. Best is trial 7 with value: 1563.2971054870407.
[I 2023-12-05 17:10:20,757] Trial 57 finished with value: 1594.9835081034755 and parameters: {'model_name': 'SimpleImputer', 'strategy': 'median'}. Best is trial 7 with value: 1563.2971054870407.
[I 2023-12-05 17:10:20,904] Trial 55 finished with value: 1594.9835081034755 and parameters: {'model_name': 'SimpleImputer', 'strategy': 'median'}. Best is trial 7 with value: 1563.2971054870407.
[I 2023-12-05 17:10:21,069] Trial 38 finished with value: 1563.2971054870407 and parameters: {'model_name': 'SimpleImputer', 'strategy': 'mean'}. Best is trial 7 with value: 1563.2971054870407.
[I 2023-12-05 17:10:21,233] Trial 43 finished with value: 1563.2971054870407 and parameters: {'model_name': 'SimpleImputer', 'strategy': 'mean'}. Best is trial 7 with value: 1563.2971054870407.
[I 2023-12-05 17:10:21,429] Trial 59 finished with value: 1594.9835081034755 and parameters: {'model_name': 'SimpleImputer', 'strategy': 'median'}. Best is trial 7 with value: 1563.2971054870407.
[I 2023-12-05 17:10:21,616] Trial 60 finished with value: 1594.9835081034755 and parameters: {'model_name': 'SimpleImputer', 'strategy': 'median'}. Best is trial 7 with value: 1563.2971054870407.
[I 2023-12-05 17:10:21,842] Trial 53 finished with value: 1594.9835081034755 and parameters: {'model_name': 'SimpleImputer', 'strategy': 'median'}. Best is trial 7 with value: 1563.2971054870407.
[I 2023-12-05 17:10:22,009] Trial 71 finished with value: 1594.9835081034755 and parameters: {'model_name': 'SimpleImputer', 'strategy': 'median'}. Best is trial 7 with value: 1563.2971054870407.
[I 2023-12-05 17:10:22,180] Trial 78 finished with value: 1617.8494785017617 and parameters: {'model_name': 'SimpleImputer', 'strategy': 'most_frequent'}. Best is trial 7 with value: 1563.2971054870407.
[I 2023-12-05 17:10:22,186] Trial 62 finished with value: 1594.9835081034755 and parameters: {'model_name': 'SimpleImputer', 'strategy': 'median'}. Best is trial 7 with value: 1563.2971054870407.
[I 2023-12-05 17:10:22,355] Trial 51 finished with value: 1563.2971054870407 and parameters: {'model_name': 'SimpleImputer', 'strategy': 'mean'}. Best is trial 7 with value: 1563.2971054870407.
[I 2023-12-05 17:10:22,384] Trial 65 finished with value: 1594.9835081034755 and parameters: {'model_name': 'SimpleImputer', 'strategy': 'median'}. Best is trial 7 with value: 1563.2971054870407.
[I 2023-12-05 17:10:22,845] Trial 77 finished with value: 1617.8494785017617 and parameters: {'model_name': 'SimpleImputer', 'strategy': 'most_frequent'}. Best is trial 7 with value: 1563.2971054870407.
[I 2023-12-05 17:10:23,030] Trial 63 finished with value: 1594.9835081034755 and parameters: {'model_name': 'SimpleImputer', 'strategy': 'median'}. Best is trial 7 with value: 1563.2971054870407.
[I 2023-12-05 17:10:23,234] Trial 66 finished with value: 1594.9835081034755 and parameters: {'model_name': 'SimpleImputer', 'strategy': 'median'}. Best is trial 7 with value: 1563.2971054870407.
[I 2023-12-05 17:10:23,394] Trial 68 finished with value: 1594.9835081034755 and parameters: {'model_name': 'SimpleImputer', 'strategy': 'median'}. Best is trial 7 with value: 1563.2971054870407.
[I 2023-12-05 17:10:23,562] Trial 86 finished with value: 1617.8494785017617 and parameters: {'model_name': 'SimpleImputer', 'strategy': 'most_frequent'}. Best is trial 7 with value: 1563.2971054870407.
[I 2023-12-05 17:10:23,726] Trial 81 finished with value: 1617.8494785017617 and parameters: {'model_name': 'SimpleImputer', 'strategy': 'most_frequent'}. Best is trial 7 with value: 1563.2971054870407.
[I 2023-12-05 17:10:23,919] Trial 82 finished with value: 1617.8494785017617 and parameters: {'model_name': 'SimpleImputer', 'strategy': 'most_frequent'}. Best is trial 7 with value: 1563.2971054870407.
[I 2023-12-05 17:10:24,242] Trial 79 finished with value: 1617.8494785017617 and parameters: {'model_name': 'SimpleImputer', 'strategy': 'most_frequent'}. Best is trial 7 with value: 1563.2971054870407.
[I 2023-12-05 17:10:24,419] Trial 58 finished with value: 1594.9835081034755 and parameters: {'model_name': 'SimpleImputer', 'strategy': 'median'}. Best is trial 7 with value: 1563.2971054870407.
[I 2023-12-05 17:10:24,567] Trial 72 finished with value: 1594.9835081034755 and parameters: {'model_name': 'SimpleImputer', 'strategy': 'median'}. Best is trial 7 with value: 1563.2971054870407.
[I 2023-12-05 17:10:24,718] Trial 74 finished with value: 1594.9835081034755 and parameters: {'model_name': 'SimpleImputer', 'strategy': 'median'}. Best is trial 7 with value: 1563.2971054870407.
[I 2023-12-05 17:10:24,895] Trial 56 finished with value: 1594.9835081034755 and parameters: {'model_name': 'SimpleImputer', 'strategy': 'median'}. Best is trial 7 with value: 1563.2971054870407.
[I 2023-12-05 17:10:25,042] Trial 84 finished with value: 1617.8494785017617 and parameters: {'model_name': 'SimpleImputer', 'strategy': 'most_frequent'}. Best is trial 7 with value: 1563.2971054870407.
[I 2023-12-05 17:10:25,202] Trial 88 finished with value: 1617.8494785017617 and parameters: {'model_name': 'SimpleImputer', 'strategy': 'most_frequent'}. Best is trial 7 with value: 1563.2971054870407.
[I 2023-12-05 17:10:25,361] Trial 75 finished with value: 1594.9835081034755 and parameters: {'model_name': 'SimpleImputer', 'strategy': 'median'}. Best is trial 7 with value: 1563.2971054870407.
[I 2023-12-05 17:10:25,506] Trial 73 finished with value: 1594.9835081034755 and parameters: {'model_name': 'SimpleImputer', 'strategy': 'median'}. Best is trial 7 with value: 1563.2971054870407.
[I 2023-12-05 17:10:25,664] Trial 67 finished with value: 1594.9835081034755 and parameters: {'model_name': 'SimpleImputer', 'strategy': 'median'}. Best is trial 7 with value: 1563.2971054870407.
[I 2023-12-05 17:10:25,826] Trial 98 finished with value: 1563.2971054870407 and parameters: {'model_name': 'SimpleImputer', 'strategy': 'mean'}. Best is trial 7 with value: 1563.2971054870407.
[I 2023-12-05 17:10:25,983] Trial 69 finished with value: 1594.9835081034755 and parameters: {'model_name': 'SimpleImputer', 'strategy': 'median'}. Best is trial 7 with value: 1563.2971054870407.
[I 2023-12-05 17:10:26,142] Trial 104 finished with value: 1627.0953735908065 and parameters: {'model_name': 'SimpleImputer', 'strategy': 'constant'}. Best is trial 7 with value: 1563.2971054870407.
[I 2023-12-05 17:10:26,290] Trial 101 finished with value: 1627.0953735908065 and parameters: {'model_name': 'SimpleImputer', 'strategy': 'constant'}. Best is trial 7 with value: 1563.2971054870407.
[I 2023-12-05 17:10:26,465] Trial 94 finished with value: 1617.8494785017617 and parameters: {'model_name': 'SimpleImputer', 'strategy': 'most_frequent'}. Best is trial 7 with value: 1563.2971054870407.
[I 2023-12-05 17:10:26,627] Trial 87 finished with value: 1627.0953735908065 and parameters: {'model_name': 'SimpleImputer', 'strategy': 'constant'}. Best is trial 7 with value: 1563.2971054870407.
[I 2023-12-05 17:10:26,800] Trial 64 finished with value: 1594.9835081034755 and parameters: {'model_name': 'SimpleImputer', 'strategy': 'median'}. Best is trial 7 with value: 1563.2971054870407.
[I 2023-12-05 17:10:26,960] Trial 111 finished with value: 1627.0953735908065 and parameters: {'model_name': 'SimpleImputer', 'strategy': 'constant'}. Best is trial 7 with value: 1563.2971054870407.
[I 2023-12-05 17:10:27,108] Trial 109 finished with value: 1627.0953735908065 and parameters: {'model_name': 'SimpleImputer', 'strategy': 'constant'}. Best is trial 7 with value: 1563.2971054870407.
[I 2023-12-05 17:10:27,249] Trial 96 finished with value: 1617.8494785017617 and parameters: {'model_name': 'SimpleImputer', 'strategy': 'most_frequent'}. Best is trial 7 with value: 1563.2971054870407.
[I 2023-12-05 17:10:27,396] Trial 70 finished with value: 1594.9835081034755 and parameters: {'model_name': 'SimpleImputer', 'strategy': 'median'}. Best is trial 7 with value: 1563.2971054870407.
[I 2023-12-05 17:10:27,551] Trial 97 finished with value: 1627.0953735908065 and parameters: {'model_name': 'SimpleImputer', 'strategy': 'constant'}. Best is trial 7 with value: 1563.2971054870407.
[I 2023-12-05 17:10:27,694] Trial 102 finished with value: 1627.0953735908065 and parameters: {'model_name': 'SimpleImputer', 'strategy': 'constant'}. Best is trial 7 with value: 1563.2971054870407.
[I 2023-12-05 17:10:27,871] Trial 91 finished with value: 1617.8494785017617 and parameters: {'model_name': 'SimpleImputer', 'strategy': 'most_frequent'}. Best is trial 7 with value: 1563.2971054870407.
[I 2023-12-05 17:10:28,051] Trial 89 finished with value: 1617.8494785017617 and parameters: {'model_name': 'SimpleImputer', 'strategy': 'most_frequent'}. Best is trial 7 with value: 1563.2971054870407.
[I 2023-12-05 17:10:28,201] Trial 95 finished with value: 1617.8494785017617 and parameters: {'model_name': 'SimpleImputer', 'strategy': 'most_frequent'}. Best is trial 7 with value: 1563.2971054870407.
[I 2023-12-05 17:10:28,343] Trial 85 finished with value: 1617.8494785017617 and parameters: {'model_name': 'SimpleImputer', 'strategy': 'most_frequent'}. Best is trial 7 with value: 1563.2971054870407.
[I 2023-12-05 17:10:28,497] Trial 76 finished with value: 1617.8494785017617 and parameters: {'model_name': 'SimpleImputer', 'strategy': 'most_frequent'}. Best is trial 7 with value: 1563.2971054870407.
[I 2023-12-05 17:10:28,647] Trial 61 finished with value: 1594.9835081034755 and parameters: {'model_name': 'SimpleImputer', 'strategy': 'median'}. Best is trial 7 with value: 1563.2971054870407.
[I 2023-12-05 17:10:28,821] Trial 112 finished with value: 1563.2971054870407 and parameters: {'model_name': 'SimpleImputer', 'strategy': 'mean'}. Best is trial 7 with value: 1563.2971054870407.
[I 2023-12-05 17:10:28,973] Trial 90 finished with value: 1617.8494785017617 and parameters: {'model_name': 'SimpleImputer', 'strategy': 'most_frequent'}. Best is trial 7 with value: 1563.2971054870407.
[I 2023-12-05 17:10:29,124] Trial 83 finished with value: 1617.8494785017617 and parameters: {'model_name': 'SimpleImputer', 'strategy': 'most_frequent'}. Best is trial 7 with value: 1563.2971054870407.
[I 2023-12-05 17:10:29,272] Trial 92 finished with value: 1617.8494785017617 and parameters: {'model_name': 'SimpleImputer', 'strategy': 'most_frequent'}. Best is trial 7 with value: 1563.2971054870407.
[I 2023-12-05 17:10:29,433] Trial 106 finished with value: 1563.2971054870407 and parameters: {'model_name': 'SimpleImputer', 'strategy': 'mean'}. Best is trial 7 with value: 1563.2971054870407.
[I 2023-12-05 17:10:29,639] Trial 80 finished with value: 1627.0953735908065 and parameters: {'model_name': 'SimpleImputer', 'strategy': 'constant'}. Best is trial 7 with value: 1563.2971054870407.
[I 2023-12-05 17:10:29,822] Trial 125 finished with value: 1563.2971054870407 and parameters: {'model_name': 'SimpleImputer', 'strategy': 'mean'}. Best is trial 7 with value: 1563.2971054870407.
[I 2023-12-05 17:10:29,977] Trial 120 finished with value: 1563.2971054870407 and parameters: {'model_name': 'SimpleImputer', 'strategy': 'mean'}. Best is trial 7 with value: 1563.2971054870407.
[I 2023-12-05 17:10:30,132] Trial 103 finished with value: 1563.2971054870407 and parameters: {'model_name': 'SimpleImputer', 'strategy': 'mean'}. Best is trial 7 with value: 1563.2971054870407.
[I 2023-12-05 17:10:30,324] Trial 110 finished with value: 1627.0953735908065 and parameters: {'model_name': 'SimpleImputer', 'strategy': 'constant'}. Best is trial 7 with value: 1563.2971054870407.
[I 2023-12-05 17:10:30,491] Trial 124 finished with value: 1563.2971054870407 and parameters: {'model_name': 'SimpleImputer', 'strategy': 'mean'}. Best is trial 7 with value: 1563.2971054870407.
[I 2023-12-05 17:10:30,655] Trial 99 finished with value: 1627.0953735908065 and parameters: {'model_name': 'SimpleImputer', 'strategy': 'constant'}. Best is trial 7 with value: 1563.2971054870407.
[I 2023-12-05 17:10:30,821] Trial 127 finished with value: 1563.2971054870407 and parameters: {'model_name': 'SimpleImputer', 'strategy': 'mean'}. Best is trial 7 with value: 1563.2971054870407.
[I 2023-12-05 17:10:30,985] Trial 126 finished with value: 1563.2971054870407 and parameters: {'model_name': 'SimpleImputer', 'strategy': 'mean'}. Best is trial 7 with value: 1563.2971054870407.
[I 2023-12-05 17:10:31,143] Trial 113 finished with value: 1627.0953735908065 and parameters: {'model_name': 'SimpleImputer', 'strategy': 'constant'}. Best is trial 7 with value: 1563.2971054870407.
[I 2023-12-05 17:10:31,303] Trial 121 finished with value: 1563.2971054870407 and parameters: {'model_name': 'SimpleImputer', 'strategy': 'mean'}. Best is trial 7 with value: 1563.2971054870407.
[I 2023-12-05 17:10:31,493] Trial 105 finished with value: 1563.2971054870407 and parameters: {'model_name': 'SimpleImputer', 'strategy': 'mean'}. Best is trial 7 with value: 1563.2971054870407.
[I 2023-12-05 17:10:31,650] Trial 137 finished with value: 1563.2971054870407 and parameters: {'model_name': 'SimpleImputer', 'strategy': 'mean'}. Best is trial 7 with value: 1563.2971054870407.
[I 2023-12-05 17:10:31,805] Trial 131 finished with value: 1563.2971054870407 and parameters: {'model_name': 'SimpleImputer', 'strategy': 'mean'}. Best is trial 7 with value: 1563.2971054870407.
[I 2023-12-05 17:10:31,952] Trial 100 finished with value: 1627.0953735908065 and parameters: {'model_name': 'SimpleImputer', 'strategy': 'constant'}. Best is trial 7 with value: 1563.2971054870407.
[I 2023-12-05 17:10:32,100] Trial 108 finished with value: 1563.2971054870407 and parameters: {'model_name': 'SimpleImputer', 'strategy': 'mean'}. Best is trial 7 with value: 1563.2971054870407.
[I 2023-12-05 17:10:32,302] Trial 130 finished with value: 1563.2971054870407 and parameters: {'model_name': 'SimpleImputer', 'strategy': 'mean'}. Best is trial 7 with value: 1563.2971054870407.
[I 2023-12-05 17:10:32,469] Trial 129 finished with value: 1563.2971054870407 and parameters: {'model_name': 'SimpleImputer', 'strategy': 'mean'}. Best is trial 7 with value: 1563.2971054870407.
[I 2023-12-05 17:10:32,633] Trial 133 finished with value: 1563.2971054870407 and parameters: {'model_name': 'SimpleImputer', 'strategy': 'mean'}. Best is trial 7 with value: 1563.2971054870407.
[I 2023-12-05 17:10:32,781] Trial 122 finished with value: 1563.2971054870407 and parameters: {'model_name': 'SimpleImputer', 'strategy': 'mean'}. Best is trial 7 with value: 1563.2971054870407.
[I 2023-12-05 17:10:32,966] Trial 118 finished with value: 1563.2971054870407 and parameters: {'model_name': 'SimpleImputer', 'strategy': 'mean'}. Best is trial 7 with value: 1563.2971054870407.
[I 2023-12-05 17:10:33,134] Trial 141 finished with value: 1563.2971054870407 and parameters: {'model_name': 'SimpleImputer', 'strategy': 'mean'}. Best is trial 7 with value: 1563.2971054870407.
[I 2023-12-05 17:10:33,280] Trial 116 finished with value: 1563.2971054870407 and parameters: {'model_name': 'SimpleImputer', 'strategy': 'mean'}. Best is trial 7 with value: 1563.2971054870407.
[I 2023-12-05 17:10:33,422] Trial 114 finished with value: 1563.2971054870407 and parameters: {'model_name': 'SimpleImputer', 'strategy': 'mean'}. Best is trial 7 with value: 1563.2971054870407.
[I 2023-12-05 17:10:33,565] Trial 123 finished with value: 1563.2971054870407 and parameters: {'model_name': 'SimpleImputer', 'strategy': 'mean'}. Best is trial 7 with value: 1563.2971054870407.
[I 2023-12-05 17:10:33,800] Trial 138 finished with value: 1563.2971054870407 and parameters: {'model_name': 'SimpleImputer', 'strategy': 'mean'}. Best is trial 7 with value: 1563.2971054870407.
[I 2023-12-05 17:10:33,952] Trial 143 finished with value: 1563.2971054870407 and parameters: {'model_name': 'SimpleImputer', 'strategy': 'mean'}. Best is trial 7 with value: 1563.2971054870407.
[I 2023-12-05 17:10:34,097] Trial 135 finished with value: 1563.2971054870407 and parameters: {'model_name': 'SimpleImputer', 'strategy': 'mean'}. Best is trial 7 with value: 1563.2971054870407.
[I 2023-12-05 17:10:34,242] Trial 128 finished with value: 1563.2971054870407 and parameters: {'model_name': 'SimpleImputer', 'strategy': 'mean'}. Best is trial 7 with value: 1563.2971054870407.
[I 2023-12-05 17:10:34,391] Trial 119 finished with value: 1563.2971054870407 and parameters: {'model_name': 'SimpleImputer', 'strategy': 'mean'}. Best is trial 7 with value: 1563.2971054870407.
[I 2023-12-05 17:10:34,555] Trial 149 finished with value: 1563.2971054870407 and parameters: {'model_name': 'SimpleImputer', 'strategy': 'mean'}. Best is trial 7 with value: 1563.2971054870407.
[I 2023-12-05 17:10:34,555] Trial 156 finished with value: 1563.2971054870407 and parameters: {'model_name': 'SimpleImputer', 'strategy': 'mean'}. Best is trial 7 with value: 1563.2971054870407.
[I 2023-12-05 17:10:34,557] Trial 93 finished with value: 1627.0953735908065 and parameters: {'model_name': 'SimpleImputer', 'strategy': 'constant'}. Best is trial 7 with value: 1563.2971054870407.
[I 2023-12-05 17:10:34,706] Trial 145 finished with value: 1563.2971054870407 and parameters: {'model_name': 'SimpleImputer', 'strategy': 'mean'}. Best is trial 7 with value: 1563.2971054870407.
[I 2023-12-05 17:10:35,019] Trial 140 finished with value: 1563.2971054870407 and parameters: {'model_name': 'SimpleImputer', 'strategy': 'mean'}. Best is trial 7 with value: 1563.2971054870407.
[I 2023-12-05 17:10:35,020] Trial 115 finished with value: 1563.2971054870407 and parameters: {'model_name': 'SimpleImputer', 'strategy': 'mean'}. Best is trial 7 with value: 1563.2971054870407.
[I 2023-12-05 17:10:35,460] Trial 153 finished with value: 1563.2971054870407 and parameters: {'model_name': 'SimpleImputer', 'strategy': 'mean'}. Best is trial 7 with value: 1563.2971054870407.
[I 2023-12-05 17:10:35,606] Trial 139 finished with value: 1563.2971054870407 and parameters: {'model_name': 'SimpleImputer', 'strategy': 'mean'}. Best is trial 7 with value: 1563.2971054870407.
[I 2023-12-05 17:10:35,778] Trial 144 finished with value: 1563.2971054870407 and parameters: {'model_name': 'SimpleImputer', 'strategy': 'mean'}. Best is trial 7 with value: 1563.2971054870407.
[I 2023-12-05 17:10:35,938] Trial 152 finished with value: 1563.2971054870407 and parameters: {'model_name': 'SimpleImputer', 'strategy': 'mean'}. Best is trial 7 with value: 1563.2971054870407.
[I 2023-12-05 17:10:36,094] Trial 160 finished with value: 1563.2971054870407 and parameters: {'model_name': 'SimpleImputer', 'strategy': 'mean'}. Best is trial 7 with value: 1563.2971054870407.
[I 2023-12-05 17:10:36,245] Trial 136 finished with value: 1563.2971054870407 and parameters: {'model_name': 'SimpleImputer', 'strategy': 'mean'}. Best is trial 7 with value: 1563.2971054870407.
[I 2023-12-05 17:10:36,418] Trial 157 finished with value: 1563.2971054870407 and parameters: {'model_name': 'SimpleImputer', 'strategy': 'mean'}. Best is trial 7 with value: 1563.2971054870407.
[I 2023-12-05 17:10:36,580] Trial 132 finished with value: 1563.2971054870407 and parameters: {'model_name': 'SimpleImputer', 'strategy': 'mean'}. Best is trial 7 with value: 1563.2971054870407.
[I 2023-12-05 17:10:36,728] Trial 142 finished with value: 1563.2971054870407 and parameters: {'model_name': 'SimpleImputer', 'strategy': 'mean'}. Best is trial 7 with value: 1563.2971054870407.
[I 2023-12-05 17:10:36,879] Trial 146 finished with value: 1563.2971054870407 and parameters: {'model_name': 'SimpleImputer', 'strategy': 'mean'}. Best is trial 7 with value: 1563.2971054870407.
[I 2023-12-05 17:10:37,024] Trial 148 finished with value: 1563.2971054870407 and parameters: {'model_name': 'SimpleImputer', 'strategy': 'mean'}. Best is trial 7 with value: 1563.2971054870407.
[I 2023-12-05 17:10:37,178] Trial 166 finished with value: 1563.2971054870407 and parameters: {'model_name': 'SimpleImputer', 'strategy': 'mean'}. Best is trial 7 with value: 1563.2971054870407.
[I 2023-12-05 17:10:37,324] Trial 168 finished with value: 1563.2971054870407 and parameters: {'model_name': 'SimpleImputer', 'strategy': 'mean'}. Best is trial 7 with value: 1563.2971054870407.
[I 2023-12-05 17:10:37,482] Trial 170 finished with value: 1563.2971054870407 and parameters: {'model_name': 'SimpleImputer', 'strategy': 'mean'}. Best is trial 7 with value: 1563.2971054870407.
[I 2023-12-05 17:10:37,625] Trial 158 finished with value: 1563.2971054870407 and parameters: {'model_name': 'SimpleImputer', 'strategy': 'mean'}. Best is trial 7 with value: 1563.2971054870407.
[I 2023-12-05 17:10:37,765] Trial 117 finished with value: 1563.2971054870407 and parameters: {'model_name': 'SimpleImputer', 'strategy': 'mean'}. Best is trial 7 with value: 1563.2971054870407.
[I 2023-12-05 17:10:37,988] Trial 179 finished with value: 1563.2971054870407 and parameters: {'model_name': 'SimpleImputer', 'strategy': 'mean'}. Best is trial 7 with value: 1563.2971054870407.
[I 2023-12-05 17:10:38,161] Trial 147 finished with value: 1563.2971054870407 and parameters: {'model_name': 'SimpleImputer', 'strategy': 'mean'}. Best is trial 7 with value: 1563.2971054870407.
[I 2023-12-05 17:10:38,323] Trial 163 finished with value: 1563.2971054870407 and parameters: {'model_name': 'SimpleImputer', 'strategy': 'mean'}. Best is trial 7 with value: 1563.2971054870407.
[I 2023-12-05 17:10:38,472] Trial 150 finished with value: 1563.2971054870407 and parameters: {'model_name': 'SimpleImputer', 'strategy': 'mean'}. Best is trial 7 with value: 1563.2971054870407.
[I 2023-12-05 17:10:38,642] Trial 181 finished with value: 1563.2971054870407 and parameters: {'model_name': 'SimpleImputer', 'strategy': 'mean'}. Best is trial 7 with value: 1563.2971054870407.
[I 2023-12-05 17:10:38,795] Trial 155 finished with value: 1563.2971054870407 and parameters: {'model_name': 'SimpleImputer', 'strategy': 'mean'}. Best is trial 7 with value: 1563.2971054870407.
[I 2023-12-05 17:10:38,950] Trial 182 finished with value: 1563.2971054870407 and parameters: {'model_name': 'SimpleImputer', 'strategy': 'mean'}. Best is trial 7 with value: 1563.2971054870407.
[I 2023-12-05 17:10:39,113] Trial 161 finished with value: 1563.2971054870407 and parameters: {'model_name': 'SimpleImputer', 'strategy': 'mean'}. Best is trial 7 with value: 1563.2971054870407.
[I 2023-12-05 17:10:39,275] Trial 165 finished with value: 1563.2971054870407 and parameters: {'model_name': 'SimpleImputer', 'strategy': 'mean'}. Best is trial 7 with value: 1563.2971054870407.
[I 2023-12-05 17:10:39,421] Trial 134 finished with value: 1563.2971054870407 and parameters: {'model_name': 'SimpleImputer', 'strategy': 'mean'}. Best is trial 7 with value: 1563.2971054870407.
[I 2023-12-05 17:10:39,578] Trial 151 finished with value: 1563.2971054870407 and parameters: {'model_name': 'SimpleImputer', 'strategy': 'mean'}. Best is trial 7 with value: 1563.2971054870407.
[I 2023-12-05 17:10:39,752] Trial 164 finished with value: 1563.2971054870407 and parameters: {'model_name': 'SimpleImputer', 'strategy': 'mean'}. Best is trial 7 with value: 1563.2971054870407.
[I 2023-12-05 17:10:39,906] Trial 169 finished with value: 1563.2971054870407 and parameters: {'model_name': 'SimpleImputer', 'strategy': 'mean'}. Best is trial 7 with value: 1563.2971054870407.
[I 2023-12-05 17:10:40,089] Trial 172 finished with value: 1563.2971054870407 and parameters: {'model_name': 'SimpleImputer', 'strategy': 'mean'}. Best is trial 7 with value: 1563.2971054870407.
[I 2023-12-05 17:10:40,239] Trial 174 finished with value: 1563.2971054870407 and parameters: {'model_name': 'SimpleImputer', 'strategy': 'mean'}. Best is trial 7 with value: 1563.2971054870407.
[I 2023-12-05 17:10:40,391] Trial 193 finished with value: 1563.2971054870407 and parameters: {'model_name': 'SimpleImputer', 'strategy': 'mean'}. Best is trial 7 with value: 1563.2971054870407.
[I 2023-12-05 17:10:40,538] Trial 154 finished with value: 1563.2971054870407 and parameters: {'model_name': 'SimpleImputer', 'strategy': 'mean'}. Best is trial 7 with value: 1563.2971054870407.
[I 2023-12-05 17:10:40,683] Trial 183 finished with value: 1563.2971054870407 and parameters: {'model_name': 'SimpleImputer', 'strategy': 'mean'}. Best is trial 7 with value: 1563.2971054870407.
[I 2023-12-05 17:10:40,828] Trial 176 finished with value: 1563.2971054870407 and parameters: {'model_name': 'SimpleImputer', 'strategy': 'mean'}. Best is trial 7 with value: 1563.2971054870407.
[I 2023-12-05 17:10:40,979] Trial 185 finished with value: 1563.2971054870407 and parameters: {'model_name': 'SimpleImputer', 'strategy': 'mean'}. Best is trial 7 with value: 1563.2971054870407.
[I 2023-12-05 17:10:41,126] Trial 159 finished with value: 1563.2971054870407 and parameters: {'model_name': 'SimpleImputer', 'strategy': 'mean'}. Best is trial 7 with value: 1563.2971054870407.
[I 2023-12-05 17:10:41,344] Trial 195 finished with value: 1563.2971054870407 and parameters: {'model_name': 'SimpleImputer', 'strategy': 'mean'}. Best is trial 7 with value: 1563.2971054870407.
[I 2023-12-05 17:10:41,509] Trial 162 finished with value: 1563.2971054870407 and parameters: {'model_name': 'SimpleImputer', 'strategy': 'mean'}. Best is trial 7 with value: 1563.2971054870407.
[I 2023-12-05 17:10:41,656] Trial 107 finished with value: 1563.2971054870407 and parameters: {'model_name': 'SimpleImputer', 'strategy': 'mean'}. Best is trial 7 with value: 1563.2971054870407.
[I 2023-12-05 17:10:41,818] Trial 184 finished with value: 1563.2971054870407 and parameters: {'model_name': 'SimpleImputer', 'strategy': 'mean'}. Best is trial 7 with value: 1563.2971054870407.
[I 2023-12-05 17:10:41,974] Trial 186 finished with value: 1563.2971054870407 and parameters: {'model_name': 'SimpleImputer', 'strategy': 'mean'}. Best is trial 7 with value: 1563.2971054870407.
[I 2023-12-05 17:10:42,130] Trial 178 finished with value: 1563.2971054870407 and parameters: {'model_name': 'SimpleImputer', 'strategy': 'mean'}. Best is trial 7 with value: 1563.2971054870407.
[I 2023-12-05 17:10:42,275] Trial 196 finished with value: 1563.2971054870407 and parameters: {'model_name': 'SimpleImputer', 'strategy': 'mean'}. Best is trial 7 with value: 1563.2971054870407.
[I 2023-12-05 17:10:42,418] Trial 187 finished with value: 1563.2971054870407 and parameters: {'model_name': 'SimpleImputer', 'strategy': 'mean'}. Best is trial 7 with value: 1563.2971054870407.
[I 2023-12-05 17:10:42,561] Trial 180 finished with value: 1563.2971054870407 and parameters: {'model_name': 'SimpleImputer', 'strategy': 'mean'}. Best is trial 7 with value: 1563.2971054870407.
[I 2023-12-05 17:10:42,705] Trial 199 finished with value: 1563.2971054870407 and parameters: {'model_name': 'SimpleImputer', 'strategy': 'mean'}. Best is trial 7 with value: 1563.2971054870407.
[I 2023-12-05 17:10:42,850] Trial 189 finished with value: 1563.2971054870407 and parameters: {'model_name': 'SimpleImputer', 'strategy': 'mean'}. Best is trial 7 with value: 1563.2971054870407.
[I 2023-12-05 17:10:42,993] Trial 191 finished with value: 1563.2971054870407 and parameters: {'model_name': 'SimpleImputer', 'strategy': 'mean'}. Best is trial 7 with value: 1563.2971054870407.
[I 2023-12-05 17:10:43,136] Trial 198 finished with value: 1563.2971054870407 and parameters: {'model_name': 'SimpleImputer', 'strategy': 'mean'}. Best is trial 7 with value: 1563.2971054870407.
[I 2023-12-05 17:10:43,278] Trial 167 finished with value: 1563.2971054870407 and parameters: {'model_name': 'SimpleImputer', 'strategy': 'mean'}. Best is trial 7 with value: 1563.2971054870407.
[I 2023-12-05 17:10:43,430] Trial 192 finished with value: 1563.2971054870407 and parameters: {'model_name': 'SimpleImputer', 'strategy': 'mean'}. Best is trial 7 with value: 1563.2971054870407.
[I 2023-12-05 17:10:43,577] Trial 197 finished with value: 1563.2971054870407 and parameters: {'model_name': 'SimpleImputer', 'strategy': 'mean'}. Best is trial 7 with value: 1563.2971054870407.
[I 2023-12-05 17:10:43,717] Trial 194 finished with value: 1563.2971054870407 and parameters: {'model_name': 'SimpleImputer', 'strategy': 'mean'}. Best is trial 7 with value: 1563.2971054870407.
[I 2023-12-05 17:10:43,865] Trial 190 finished with value: 1563.2971054870407 and parameters: {'model_name': 'SimpleImputer', 'strategy': 'mean'}. Best is trial 7 with value: 1563.2971054870407.
[I 2023-12-05 17:10:44,017] Trial 188 finished with value: 1563.2971054870407 and parameters: {'model_name': 'SimpleImputer', 'strategy': 'mean'}. Best is trial 7 with value: 1563.2971054870407.
[I 2023-12-05 17:10:44,192] Trial 175 finished with value: 1563.2971054870407 and parameters: {'model_name': 'SimpleImputer', 'strategy': 'mean'}. Best is trial 7 with value: 1563.2971054870407.
[I 2023-12-05 17:10:44,335] Trial 177 finished with value: 1563.2971054870407 and parameters: {'model_name': 'SimpleImputer', 'strategy': 'mean'}. Best is trial 7 with value: 1563.2971054870407.
[I 2023-12-05 17:10:44,477] Trial 171 finished with value: 1563.2971054870407 and parameters: {'model_name': 'SimpleImputer', 'strategy': 'mean'}. Best is trial 7 with value: 1563.2971054870407.
[I 2023-12-05 17:10:44,619] Trial 173 finished with value: 1563.2971054870407 and parameters: {'model_name': 'SimpleImputer', 'strategy': 'mean'}. Best is trial 7 with value: 1563.2971054870407.
simple fit
simple transform
1563.2971054870407
1563.2971054870407
[I 2023-12-05 17:10:44,784] A new study created in memory with name: no-name-d814b421-c846-43cd-a6d8-606f00f74082
[I 2023-12-05 17:10:44,964] Trial 7 finished with value: 1649.0568892657936 and parameters: {'model_name': 'SimpleImputer', 'strategy': 'most_frequent'}. Best is trial 7 with value: 1649.0568892657936.
[I 2023-12-05 17:10:45,129] Trial 9 finished with value: 1656.4253558708517 and parameters: {'model_name': 'SimpleImputer', 'strategy': 'constant'}. Best is trial 7 with value: 1649.0568892657936.
[I 2023-12-05 17:10:45,558] Trial 11 finished with value: 1595.7791525959162 and parameters: {'model_name': 'SimpleImputer', 'strategy': 'mean'}. Best is trial 11 with value: 1595.7791525959162.
[I 2023-12-05 17:10:46,180] Trial 22 finished with value: 1595.7791525959162 and parameters: {'model_name': 'SimpleImputer', 'strategy': 'mean'}. Best is trial 11 with value: 1595.7791525959162.
[I 2023-12-05 17:10:46,600] Trial 26 finished with value: 1624.573082359307 and parameters: {'model_name': 'SimpleImputer', 'strategy': 'median'}. Best is trial 11 with value: 1595.7791525959162.
[I 2023-12-05 17:10:47,413] Trial 31 finished with value: 1595.7791525959162 and parameters: {'model_name': 'SimpleImputer', 'strategy': 'mean'}. Best is trial 11 with value: 1595.7791525959162.
[I 2023-12-05 17:10:48,101] Trial 33 finished with value: 1595.7791525959162 and parameters: {'model_name': 'SimpleImputer', 'strategy': 'mean'}. Best is trial 11 with value: 1595.7791525959162.
[I 2023-12-05 17:10:48,716] Trial 38 finished with value: 1595.7791525959162 and parameters: {'model_name': 'SimpleImputer', 'strategy': 'mean'}. Best is trial 11 with value: 1595.7791525959162.
[I 2023-12-05 17:10:49,708] Trial 46 finished with value: 1656.4253558708517 and parameters: {'model_name': 'SimpleImputer', 'strategy': 'constant'}. Best is trial 11 with value: 1595.7791525959162.
[I 2023-12-05 17:10:50,795] Trial 52 finished with value: 1649.0568892657936 and parameters: {'model_name': 'SimpleImputer', 'strategy': 'most_frequent'}. Best is trial 11 with value: 1595.7791525959162.
[I 2023-12-05 17:10:51,123] Trial 54 finished with value: 1624.573082359307 and parameters: {'model_name': 'SimpleImputer', 'strategy': 'median'}. Best is trial 11 with value: 1595.7791525959162.
2023-12-05 17:10:54.206179: E external/local_xla/xla/stream_executor/cuda/cuda_driver.cc:274] failed call to cuInit: CUDA_ERROR_NO_DEVICE: no CUDA-capable device is detected
2023-12-05 17:10:54.502846: I tensorflow/compiler/mlir/mlir_graph_optimization_pass.cc:388] MLIR V1 optimization pass is not enabled
[I 2023-12-05 17:10:55,221] Trial 4 finished with value: 1591.6303432659506 and parameters: {'model_name': 'KNNImputer', 'weights': 'uniform', 'keep_empty_features': False}. Best is trial 4 with value: 1591.6303432659506.
[I 2023-12-05 17:10:56,753] Trial 0 finished with value: 1592.0145190660116 and parameters: {'model_name': 'KNNImputer', 'weights': 'distance', 'keep_empty_features': False}. Best is trial 4 with value: 1591.6303432659506.
[I 2023-12-05 17:10:57,052] Trial 34 finished with value: 1591.6303432659506 and parameters: {'model_name': 'KNNImputer', 'weights': 'uniform', 'keep_empty_features': False}. Best is trial 4 with value: 1591.6303432659506.
[I 2023-12-05 17:10:57,371] Trial 25 finished with value: 1592.0145190660116 and parameters: {'model_name': 'KNNImputer', 'weights': 'distance', 'keep_empty_features': False}. Best is trial 4 with value: 1591.6303432659506.
[I 2023-12-05 17:10:57,668] Trial 18 finished with value: 1591.6303432659506 and parameters: {'model_name': 'KNNImputer', 'weights': 'uniform', 'keep_empty_features': False}. Best is trial 4 with value: 1591.6303432659506.
[I 2023-12-05 17:10:58,061] Trial 14 finished with value: 1591.6303432659506 and parameters: {'model_name': 'KNNImputer', 'weights': 'uniform', 'keep_empty_features': False}. Best is trial 4 with value: 1591.6303432659506.
[I 2023-12-05 17:10:58,406] Trial 48 finished with value: 1595.7791525959162 and parameters: {'model_name': 'RandomForestImputer', 'max_iter': 1, 'decreasing': False, 'min_samples_split': 0.0, 'min_samples_leaf': 0.4, 'max_features': 0.8, 'warm_start': True}. Best is trial 4 with value: 1591.6303432659506.
[I 2023-12-05 17:10:58,801] Trial 10 finished with value: 5392.16439103585 and parameters: {'model_name': 'GAIN', 'batch_size': 2, 'hint_rate': 0.85, 'alpha': 61, 'iterations': 3}. Best is trial 4 with value: 1591.6303432659506.
[I 2023-12-05 17:10:59,012] Trial 20 finished with value: 1592.0145190660116 and parameters: {'model_name': 'KNNImputer', 'weights': 'distance', 'keep_empty_features': False}. Best is trial 4 with value: 1591.6303432659506.
[I 2023-12-05 17:10:59,530] Trial 61 finished with value: inf and parameters: {'model_name': 'IterativeImputer', 'estimator': 'KNN', 'sample_posterior': True, 'initial_strategy': 'mean', 'imputation_order': 'roman'}. Best is trial 4 with value: 1591.6303432659506.
[I 2023-12-05 17:10:59,794] Trial 21 finished with value: 1592.0145190660116 and parameters: {'model_name': 'KNNImputer', 'weights': 'distance', 'keep_empty_features': False}. Best is trial 4 with value: 1591.6303432659506.
[I 2023-12-05 17:11:00,079] Trial 1 finished with value: 1592.0145190660116 and parameters: {'model_name': 'KNNImputer', 'weights': 'distance', 'keep_empty_features': False}. Best is trial 4 with value: 1591.6303432659506.
[I 2023-12-05 17:11:00,708] Trial 15 finished with value: 1646.3209490816737 and parameters: {'model_name': 'IterativeImputer', 'estimator': 'Bayesian', 'sample_posterior': False, 'initial_strategy': 'most_frequent', 'imputation_order': 'descending'}. Best is trial 4 with value: 1591.6303432659506.
[I 2023-12-05 17:11:01,783] Trial 30 finished with value: 1592.0145190660116 and parameters: {'model_name': 'KNNImputer', 'weights': 'distance', 'keep_empty_features': False}. Best is trial 4 with value: 1591.6303432659506.
[I 2023-12-05 17:11:02,063] Trial 42 finished with value: 1591.6303432659506 and parameters: {'model_name': 'KNNImputer', 'weights': 'uniform', 'keep_empty_features': False}. Best is trial 4 with value: 1591.6303432659506.
[I 2023-12-05 17:11:02,439] Trial 50 finished with value: 1592.0145190660116 and parameters: {'model_name': 'KNNImputer', 'weights': 'distance', 'keep_empty_features': False}. Best is trial 4 with value: 1591.6303432659506.
[I 2023-12-05 17:11:02,882] Trial 37 finished with value: 1592.0145190660116 and parameters: {'model_name': 'KNNImputer', 'weights': 'distance', 'keep_empty_features': False}. Best is trial 4 with value: 1591.6303432659506.
[I 2023-12-05 17:11:03,231] Trial 45 finished with value: 1592.0145190660116 and parameters: {'model_name': 'KNNImputer', 'weights': 'distance', 'keep_empty_features': False}. Best is trial 4 with value: 1591.6303432659506.
[I 2023-12-05 17:11:04,003] Trial 47 finished with value: 1592.0145190660116 and parameters: {'model_name': 'KNNImputer', 'weights': 'distance', 'keep_empty_features': False}. Best is trial 4 with value: 1591.6303432659506.
[I 2023-12-05 17:11:06,773] Trial 12 finished with value: 4731.901142221925 and parameters: {'model_name': 'GAIN', 'batch_size': 51, 'hint_rate': 0.11, 'alpha': 73, 'iterations': 7}. Best is trial 4 with value: 1591.6303432659506.
[I 2023-12-05 17:11:07,302] Trial 53 finished with value: 5392.740470554856 and parameters: {'model_name': 'GAIN', 'batch_size': 64, 'hint_rate': 0.09999999999999999, 'alpha': 99, 'iterations': 1}. Best is trial 4 with value: 1591.6303432659506.
[I 2023-12-05 17:11:07,631] Trial 59 finished with value: 1591.6303432659506 and parameters: {'model_name': 'KNNImputer', 'weights': 'uniform', 'keep_empty_features': False}. Best is trial 4 with value: 1591.6303432659506.
[I 2023-12-05 17:11:08,317] Trial 60 finished with value: 1591.6303432659506 and parameters: {'model_name': 'KNNImputer', 'weights': 'uniform', 'keep_empty_features': False}. Best is trial 4 with value: 1591.6303432659506.
[I 2023-12-05 17:11:08,886] Trial 70 finished with value: 1591.6303432659506 and parameters: {'model_name': 'KNNImputer', 'weights': 'uniform', 'keep_empty_features': False}. Best is trial 4 with value: 1591.6303432659506.
[I 2023-12-05 17:11:09,197] Trial 68 finished with value: 1591.6303432659506 and parameters: {'model_name': 'KNNImputer', 'weights': 'uniform', 'keep_empty_features': False}. Best is trial 4 with value: 1591.6303432659506.
[I 2023-12-05 17:11:09,678] Trial 69 finished with value: 1591.6303432659506 and parameters: {'model_name': 'KNNImputer', 'weights': 'uniform', 'keep_empty_features': False}. Best is trial 4 with value: 1591.6303432659506.
[I 2023-12-05 17:11:10,097] Trial 71 finished with value: 1591.6303432659506 and parameters: {'model_name': 'KNNImputer', 'weights': 'uniform', 'keep_empty_features': False}. Best is trial 4 with value: 1591.6303432659506.
[I 2023-12-05 17:11:10,701] Trial 63 finished with value: 4918.129119301987 and parameters: {'model_name': 'GAIN', 'batch_size': 9, 'hint_rate': 0.66, 'alpha': 30, 'iterations': 1}. Best is trial 4 with value: 1591.6303432659506.
[I 2023-12-05 17:11:11,198] Trial 5 finished with value: 1654.9040348896497 and parameters: {'model_name': 'RandomForestImputer', 'max_iter': 4, 'decreasing': True, 'min_samples_split': 0.6000000000000001, 'min_samples_leaf': 0.9, 'max_features': 0.30000000000000004, 'warm_start': True}. Best is trial 4 with value: 1591.6303432659506.
[I 2023-12-05 17:11:12,052] Trial 36 finished with value: 1654.909568663023 and parameters: {'model_name': 'RandomForestImputer', 'max_iter': 4, 'decreasing': True, 'min_samples_split': 0.4, 'min_samples_leaf': 0.6, 'max_features': 0.30000000000000004, 'warm_start': True}. Best is trial 4 with value: 1591.6303432659506.
[I 2023-12-05 17:11:12,478] Trial 51 finished with value: 1595.7791525959162 and parameters: {'model_name': 'RandomForestImputer', 'max_iter': 1, 'decreasing': False, 'min_samples_split': 1.0, 'min_samples_leaf': 0.9, 'max_features': 0.30000000000000004, 'warm_start': False}. Best is trial 4 with value: 1591.6303432659506.
[I 2023-12-05 17:11:12,874] Trial 29 finished with value: inf and parameters: {'model_name': 'GAIN', 'batch_size': 1, 'hint_rate': 0.93, 'alpha': 57, 'iterations': 13}. Best is trial 4 with value: 1591.6303432659506.
[I 2023-12-05 17:11:15,365] Trial 43 finished with value: 5028.6655488968445 and parameters: {'model_name': 'GAIN', 'batch_size': 480, 'hint_rate': 0.7100000000000001, 'alpha': 95, 'iterations': 20}. Best is trial 4 with value: 1591.6303432659506.
[I 2023-12-05 17:11:16,654] Trial 66 finished with value: 1726.7693433232257 and parameters: {'model_name': 'IterativeImputer', 'estimator': 'Ridge', 'sample_posterior': False, 'initial_strategy': 'most_frequent', 'imputation_order': 'descending'}. Best is trial 4 with value: 1591.6303432659506.
[I 2023-12-05 17:11:17,092] Trial 2 finished with value: 1655.6719899581917 and parameters: {'model_name': 'RandomForestImputer', 'max_iter': 22, 'decreasing': False, 'min_samples_split': 0.0, 'min_samples_leaf': 0.4, 'max_features': 0.30000000000000004, 'warm_start': True}. Best is trial 4 with value: 1591.6303432659506.
[I 2023-12-05 17:11:17,394] Trial 44 finished with value: 1655.6686570812913 and parameters: {'model_name': 'RandomForestImputer', 'max_iter': 13, 'decreasing': False, 'min_samples_split': 0.4, 'min_samples_leaf': 0.7000000000000001, 'max_features': 0.6, 'warm_start': True}. Best is trial 4 with value: 1591.6303432659506.
[I 2023-12-05 17:11:18,560] Trial 40 finished with value: 1666.1510040889598 and parameters: {'model_name': 'IterativeImputer', 'estimator': 'KNN', 'sample_posterior': False, 'initial_strategy': 'constant', 'imputation_order': 'ascending'}. Best is trial 4 with value: 1591.6303432659506.
[I 2023-12-05 17:11:18,930] Trial 64 finished with value: 1654.8827740579814 and parameters: {'model_name': 'RandomForestImputer', 'max_iter': 17, 'decreasing': True, 'min_samples_split': 0.6000000000000001, 'min_samples_leaf': 0.9, 'max_features': 0.7000000000000001, 'warm_start': True}. Best is trial 4 with value: 1591.6303432659506.
[I 2023-12-05 17:11:20,196] Trial 57 finished with value: 1666.1510040889598 and parameters: {'model_name': 'IterativeImputer', 'estimator': 'KNN', 'sample_posterior': False, 'initial_strategy': 'constant', 'imputation_order': 'ascending'}. Best is trial 4 with value: 1591.6303432659506.
[I 2023-12-05 17:11:22,015] Trial 92 finished with value: 1591.6303432659506 and parameters: {'model_name': 'KNNImputer', 'weights': 'uniform', 'keep_empty_features': False}. Best is trial 4 with value: 1591.6303432659506.
[I 2023-12-05 17:11:22,368] Trial 65 finished with value: inf and parameters: {'model_name': 'IterativeImputer', 'estimator': 'RFR', 'sample_posterior': True, 'initial_strategy': 'constant', 'imputation_order': 'arabic'}. Best is trial 4 with value: 1591.6303432659506.
[I 2023-12-05 17:11:22,685] Trial 93 finished with value: 1591.6303432659506 and parameters: {'model_name': 'KNNImputer', 'weights': 'uniform', 'keep_empty_features': False}. Best is trial 4 with value: 1591.6303432659506.
[I 2023-12-05 17:11:23,325] Trial 94 finished with value: 1591.6303432659506 and parameters: {'model_name': 'KNNImputer', 'weights': 'uniform', 'keep_empty_features': False}. Best is trial 4 with value: 1591.6303432659506.
[I 2023-12-05 17:11:24,745] Trial 95 finished with value: 1591.6303432659506 and parameters: {'model_name': 'KNNImputer', 'weights': 'uniform', 'keep_empty_features': False}. Best is trial 4 with value: 1591.6303432659506.
[I 2023-12-05 17:11:25,088] Trial 96 finished with value: 1591.6303432659506 and parameters: {'model_name': 'KNNImputer', 'weights': 'uniform', 'keep_empty_features': False}. Best is trial 4 with value: 1591.6303432659506.
[I 2023-12-05 17:11:27,063] Trial 97 finished with value: 1591.6303432659506 and parameters: {'model_name': 'KNNImputer', 'weights': 'uniform', 'keep_empty_features': False}. Best is trial 4 with value: 1591.6303432659506.
[I 2023-12-05 17:11:27,754] Trial 88 finished with value: inf and parameters: {'model_name': 'IterativeImputer', 'estimator': 'RFR', 'sample_posterior': True, 'initial_strategy': 'constant', 'imputation_order': 'ascending'}. Best is trial 4 with value: 1591.6303432659506.
[I 2023-12-05 17:11:29,417] Trial 98 finished with value: 1591.6303432659506 and parameters: {'model_name': 'KNNImputer', 'weights': 'uniform', 'keep_empty_features': False}. Best is trial 4 with value: 1591.6303432659506.
[I 2023-12-05 17:11:29,681] Trial 100 finished with value: 1591.6303432659506 and parameters: {'model_name': 'KNNImputer', 'weights': 'uniform', 'keep_empty_features': False}. Best is trial 4 with value: 1591.6303432659506.
[I 2023-12-05 17:11:30,044] Trial 99 finished with value: 1591.6303432659506 and parameters: {'model_name': 'KNNImputer', 'weights': 'uniform', 'keep_empty_features': False}. Best is trial 4 with value: 1591.6303432659506.
[I 2023-12-05 17:11:30,363] Trial 101 finished with value: 1591.6303432659506 and parameters: {'model_name': 'KNNImputer', 'weights': 'uniform', 'keep_empty_features': False}. Best is trial 4 with value: 1591.6303432659506.
[I 2023-12-05 17:11:31,852] Trial 102 finished with value: 1591.6303432659506 and parameters: {'model_name': 'KNNImputer', 'weights': 'uniform', 'keep_empty_features': False}. Best is trial 4 with value: 1591.6303432659506.
[I 2023-12-05 17:11:32,170] Trial 103 finished with value: 1591.6303432659506 and parameters: {'model_name': 'KNNImputer', 'weights': 'uniform', 'keep_empty_features': False}. Best is trial 4 with value: 1591.6303432659506.
[I 2023-12-05 17:11:34,137] Trial 104 finished with value: 1591.6303432659506 and parameters: {'model_name': 'KNNImputer', 'weights': 'uniform', 'keep_empty_features': False}. Best is trial 4 with value: 1591.6303432659506.
[I 2023-12-05 17:11:34,600] Trial 91 finished with value: 1609.6414668569378 and parameters: {'model_name': 'IterativeImputer', 'estimator': 'Ridge', 'sample_posterior': False, 'initial_strategy': 'median', 'imputation_order': 'arabic'}. Best is trial 4 with value: 1591.6303432659506.
[I 2023-12-05 17:11:35,232] Trial 105 finished with value: 1591.6303432659506 and parameters: {'model_name': 'KNNImputer', 'weights': 'uniform', 'keep_empty_features': False}. Best is trial 4 with value: 1591.6303432659506.
[I 2023-12-05 17:11:36,485] Trial 106 finished with value: 1591.6303432659506 and parameters: {'model_name': 'KNNImputer', 'weights': 'uniform', 'keep_empty_features': False}. Best is trial 4 with value: 1591.6303432659506.
[I 2023-12-05 17:11:36,748] Trial 109 finished with value: 1591.6303432659506 and parameters: {'model_name': 'KNNImputer', 'weights': 'uniform', 'keep_empty_features': False}. Best is trial 4 with value: 1591.6303432659506.
[I 2023-12-05 17:11:37,161] Trial 107 finished with value: 1591.6303432659506 and parameters: {'model_name': 'KNNImputer', 'weights': 'uniform', 'keep_empty_features': False}. Best is trial 4 with value: 1591.6303432659506.
[I 2023-12-05 17:11:37,744] Trial 108 finished with value: 1591.6303432659506 and parameters: {'model_name': 'KNNImputer', 'weights': 'uniform', 'keep_empty_features': False}. Best is trial 4 with value: 1591.6303432659506.
[I 2023-12-05 17:11:38,041] Trial 90 finished with value: inf and parameters: {'model_name': 'IterativeImputer', 'estimator': 'RFR', 'sample_posterior': True, 'initial_strategy': 'constant', 'imputation_order': 'random'}. Best is trial 4 with value: 1591.6303432659506.
[I 2023-12-05 17:11:38,580] Trial 49 finished with value: 1596.450226532366 and parameters: {'model_name': 'RandomForestImputer', 'max_iter': 4, 'decreasing': True, 'min_samples_split': 0.30000000000000004, 'min_samples_leaf': 0.2, 'max_features': 0.9, 'warm_start': False}. Best is trial 4 with value: 1591.6303432659506.
[I 2023-12-05 17:11:39,414] Trial 111 finished with value: 1591.6303432659506 and parameters: {'model_name': 'KNNImputer', 'weights': 'uniform', 'keep_empty_features': False}. Best is trial 4 with value: 1591.6303432659506.
[I 2023-12-05 17:11:40,238] Trial 110 finished with value: 1591.6303432659506 and parameters: {'model_name': 'KNNImputer', 'weights': 'uniform', 'keep_empty_features': False}. Best is trial 4 with value: 1591.6303432659506.
[I 2023-12-05 17:11:42,128] Trial 112 finished with value: 1591.6303432659506 and parameters: {'model_name': 'KNNImputer', 'weights': 'uniform', 'keep_empty_features': False}. Best is trial 4 with value: 1591.6303432659506.
[I 2023-12-05 17:11:42,690] Trial 113 finished with value: 1591.6303432659506 and parameters: {'model_name': 'KNNImputer', 'weights': 'uniform', 'keep_empty_features': False}. Best is trial 4 with value: 1591.6303432659506.
[I 2023-12-05 17:11:42,936] Trial 114 finished with value: 1591.6303432659506 and parameters: {'model_name': 'KNNImputer', 'weights': 'uniform', 'keep_empty_features': False}. Best is trial 4 with value: 1591.6303432659506.
[I 2023-12-05 17:11:44,174] Trial 116 finished with value: 1591.6303432659506 and parameters: {'model_name': 'KNNImputer', 'weights': 'uniform', 'keep_empty_features': False}. Best is trial 4 with value: 1591.6303432659506.
[I 2023-12-05 17:11:44,505] Trial 117 finished with value: 1591.6303432659506 and parameters: {'model_name': 'KNNImputer', 'weights': 'uniform', 'keep_empty_features': False}. Best is trial 4 with value: 1591.6303432659506.
[I 2023-12-05 17:11:44,848] Trial 115 finished with value: 1591.6303432659506 and parameters: {'model_name': 'KNNImputer', 'weights': 'uniform', 'keep_empty_features': False}. Best is trial 4 with value: 1591.6303432659506.
[I 2023-12-05 17:11:45,719] Trial 118 finished with value: 1591.6303432659506 and parameters: {'model_name': 'KNNImputer', 'weights': 'uniform', 'keep_empty_features': False}. Best is trial 4 with value: 1591.6303432659506.
[I 2023-12-05 17:11:46,564] Trial 119 finished with value: 1591.6303432659506 and parameters: {'model_name': 'KNNImputer', 'weights': 'uniform', 'keep_empty_features': False}. Best is trial 4 with value: 1591.6303432659506.
[I 2023-12-05 17:11:46,935] Trial 120 finished with value: 1591.6303432659506 and parameters: {'model_name': 'KNNImputer', 'weights': 'uniform', 'keep_empty_features': False}. Best is trial 4 with value: 1591.6303432659506.
[I 2023-12-05 17:11:47,233] Trial 121 finished with value: 1591.6303432659506 and parameters: {'model_name': 'KNNImputer', 'weights': 'uniform', 'keep_empty_features': False}. Best is trial 4 with value: 1591.6303432659506.
[I 2023-12-05 17:11:47,740] Trial 8 finished with value: 1654.8917473630852 and parameters: {'model_name': 'RandomForestImputer', 'max_iter': 55, 'decreasing': True, 'min_samples_split': 0.9, 'min_samples_leaf': 0.30000000000000004, 'max_features': 0.9, 'warm_start': True}. Best is trial 4 with value: 1591.6303432659506.
[I 2023-12-05 17:11:48,757] Trial 122 finished with value: 1591.6303432659506 and parameters: {'model_name': 'KNNImputer', 'weights': 'uniform', 'keep_empty_features': False}. Best is trial 4 with value: 1591.6303432659506.
[I 2023-12-05 17:11:50,123] Trial 123 finished with value: 1591.6303432659506 and parameters: {'model_name': 'KNNImputer', 'weights': 'uniform', 'keep_empty_features': False}. Best is trial 4 with value: 1591.6303432659506.
[I 2023-12-05 17:11:51,231] Trial 27 finished with value: 1655.6969518071587 and parameters: {'model_name': 'RandomForestImputer', 'max_iter': 60, 'decreasing': False, 'min_samples_split': 0.30000000000000004, 'min_samples_leaf': 0.2, 'max_features': 0.8, 'warm_start': True}. Best is trial 4 with value: 1591.6303432659506.
[I 2023-12-05 17:11:52,107] Trial 16 finished with value: 4701.434704463295 and parameters: {'model_name': 'GAIN', 'batch_size': 47, 'hint_rate': 0.67, 'alpha': 86, 'iterations': 80}. Best is trial 4 with value: 1591.6303432659506.
[I 2023-12-05 17:11:53,002] Trial 17 finished with value: 1655.7165945553427 and parameters: {'model_name': 'RandomForestImputer', 'max_iter': 40, 'decreasing': False, 'min_samples_split': 0.5, 'min_samples_leaf': 0.6, 'max_features': 0.2, 'warm_start': True}. Best is trial 4 with value: 1591.6303432659506.
[I 2023-12-05 17:11:54,097] Trial 6 finished with value: 1596.2544863667276 and parameters: {'model_name': 'RandomForestImputer', 'max_iter': 3, 'decreasing': True, 'min_samples_split': 0.8, 'min_samples_leaf': 0.9, 'max_features': 0.6, 'warm_start': False}. Best is trial 4 with value: 1591.6303432659506.
[I 2023-12-05 17:11:56,616] Trial 138 finished with value: 1592.0145190660116 and parameters: {'model_name': 'KNNImputer', 'weights': 'distance', 'keep_empty_features': False}. Best is trial 4 with value: 1591.6303432659506.
[I 2023-12-05 17:11:58,273] Trial 35 finished with value: inf and parameters: {'model_name': 'GAIN', 'batch_size': 3, 'hint_rate': 0.06999999999999999, 'alpha': 87, 'iterations': 91}. Best is trial 4 with value: 1591.6303432659506.
[I 2023-12-05 17:12:01,691] Trial 141 finished with value: 1591.6303432659506 and parameters: {'model_name': 'KNNImputer', 'weights': 'uniform', 'keep_empty_features': False}. Best is trial 4 with value: 1591.6303432659506.
[I 2023-12-05 17:12:03,655] Trial 3 finished with value: 4353.398059698098 and parameters: {'model_name': 'GAIN', 'batch_size': 217, 'hint_rate': 0.9500000000000001, 'alpha': 62, 'iterations': 131}. Best is trial 4 with value: 1591.6303432659506.
[I 2023-12-05 17:12:06,984] Trial 143 finished with value: 1591.6303432659506 and parameters: {'model_name': 'KNNImputer', 'weights': 'uniform', 'keep_empty_features': False}. Best is trial 4 with value: 1591.6303432659506.
[I 2023-12-05 17:12:08,959] Trial 13 finished with value: 1655.8369809326348 and parameters: {'model_name': 'IterativeImputer', 'estimator': 'Bayesian', 'sample_posterior': True, 'initial_strategy': 'most_frequent', 'imputation_order': 'arabic'}. Best is trial 4 with value: 1591.6303432659506.
[I 2023-12-05 17:12:09,542] Trial 24 finished with value: 1684.4105419985594 and parameters: {'model_name': 'IterativeImputer', 'estimator': 'Bayesian', 'sample_posterior': True, 'initial_strategy': 'constant', 'imputation_order': 'descending'}. Best is trial 4 with value: 1591.6303432659506.
[I 2023-12-05 17:12:10,615] Trial 39 finished with value: 1682.5699313876212 and parameters: {'model_name': 'IterativeImputer', 'estimator': 'Bayesian', 'sample_posterior': True, 'initial_strategy': 'median', 'imputation_order': 'descending'}. Best is trial 4 with value: 1591.6303432659506.
[I 2023-12-05 17:12:11,520] Trial 62 finished with value: 1673.092015185165 and parameters: {'model_name': 'IterativeImputer', 'estimator': 'Bayesian', 'sample_posterior': True, 'initial_strategy': 'constant', 'imputation_order': 'ascending'}. Best is trial 4 with value: 1591.6303432659506.
[I 2023-12-05 17:12:12,017] Trial 32 finished with value: 1596.0424500636116 and parameters: {'model_name': 'RandomForestImputer', 'max_iter': 23, 'decreasing': True, 'min_samples_split': 1.0, 'min_samples_leaf': 0.8, 'max_features': 0.8, 'warm_start': False}. Best is trial 4 with value: 1591.6303432659506.
[I 2023-12-05 17:12:14,434] Trial 148 finished with value: 1591.6303432659506 and parameters: {'model_name': 'KNNImputer', 'weights': 'uniform', 'keep_empty_features': False}. Best is trial 4 with value: 1591.6303432659506.
[I 2023-12-05 17:12:15,038] Trial 149 finished with value: 1591.6303432659506 and parameters: {'model_name': 'KNNImputer', 'weights': 'uniform', 'keep_empty_features': False}. Best is trial 4 with value: 1591.6303432659506.
[I 2023-12-05 17:12:17,611] Trial 151 finished with value: 1591.6303432659506 and parameters: {'model_name': 'KNNImputer', 'weights': 'uniform', 'keep_empty_features': False}. Best is trial 4 with value: 1591.6303432659506.
[I 2023-12-05 17:12:17,858] Trial 150 finished with value: 1591.6303432659506 and parameters: {'model_name': 'KNNImputer', 'weights': 'uniform', 'keep_empty_features': False}. Best is trial 4 with value: 1591.6303432659506.
[I 2023-12-05 17:12:20,036] Trial 28 finished with value: 1595.8394420781628 and parameters: {'model_name': 'RandomForestImputer', 'max_iter': 31, 'decreasing': True, 'min_samples_split': 0.30000000000000004, 'min_samples_leaf': 0.1, 'max_features': 0.8, 'warm_start': False}. Best is trial 4 with value: 1591.6303432659506.
[I 2023-12-05 17:12:57,489] Trial 76 finished with value: 1595.6089937084666 and parameters: {'model_name': 'RandomForestImputer', 'max_iter': 55, 'decreasing': True, 'min_samples_split': 1.0, 'min_samples_leaf': 0.8, 'max_features': 0.1, 'warm_start': False}. Best is trial 4 with value: 1591.6303432659506.
[I 2023-12-05 17:13:01,238] Trial 79 finished with value: 1595.4280634321829 and parameters: {'model_name': 'RandomForestImputer', 'max_iter': 58, 'decreasing': True, 'min_samples_split': 1.0, 'min_samples_leaf': 0.9, 'max_features': 0.1, 'warm_start': False}. Best is trial 4 with value: 1591.6303432659506.
[I 2023-12-05 17:13:12,352] Trial 80 finished with value: 1595.6910283396492 and parameters: {'model_name': 'RandomForestImputer', 'max_iter': 69, 'decreasing': True, 'min_samples_split': 1.0, 'min_samples_leaf': 0.9, 'max_features': 0.1, 'warm_start': False}. Best is trial 4 with value: 1591.6303432659506.
[I 2023-12-05 17:13:19,980] Trial 72 finished with value: 1595.854634012103 and parameters: {'model_name': 'RandomForestImputer', 'max_iter': 74, 'decreasing': True, 'min_samples_split': 1.0, 'min_samples_leaf': 0.9, 'max_features': 0.1, 'warm_start': False}. Best is trial 4 with value: 1591.6303432659506.
[I 2023-12-05 17:13:22,584] Trial 158 finished with value: 1591.6303432659506 and parameters: {'model_name': 'KNNImputer', 'weights': 'uniform', 'keep_empty_features': False}. Best is trial 4 with value: 1591.6303432659506.
[I 2023-12-05 17:13:25,156] Trial 159 finished with value: 1591.6303432659506 and parameters: {'model_name': 'KNNImputer', 'weights': 'uniform', 'keep_empty_features': False}. Best is trial 4 with value: 1591.6303432659506.
[I 2023-12-05 17:13:28,608] Trial 85 finished with value: 1595.7878395279504 and parameters: {'model_name': 'RandomForestImputer', 'max_iter': 78, 'decreasing': True, 'min_samples_split': 1.0, 'min_samples_leaf': 0.9, 'max_features': 0.1, 'warm_start': False}. Best is trial 4 with value: 1591.6303432659506.
[I 2023-12-05 17:13:30,706] Trial 82 finished with value: 1595.70435933228 and parameters: {'model_name': 'RandomForestImputer', 'max_iter': 83, 'decreasing': True, 'min_samples_split': 1.0, 'min_samples_leaf': 0.9, 'max_features': 0.1, 'warm_start': False}. Best is trial 4 with value: 1591.6303432659506.
[I 2023-12-05 17:13:35,075] Trial 81 finished with value: 1595.5668096594666 and parameters: {'model_name': 'RandomForestImputer', 'max_iter': 82, 'decreasing': True, 'min_samples_split': 1.0, 'min_samples_leaf': 0.9, 'max_features': 0.1, 'warm_start': False}. Best is trial 4 with value: 1591.6303432659506.
[I 2023-12-05 17:13:41,352] Trial 84 finished with value: 1595.844245942304 and parameters: {'model_name': 'RandomForestImputer', 'max_iter': 86, 'decreasing': True, 'min_samples_split': 1.0, 'min_samples_leaf': 0.9, 'max_features': 0.1, 'warm_start': False}. Best is trial 4 with value: 1591.6303432659506.
[I 2023-12-05 17:13:44,796] Trial 77 finished with value: 1595.7845247192436 and parameters: {'model_name': 'RandomForestImputer', 'max_iter': 90, 'decreasing': True, 'min_samples_split': 1.0, 'min_samples_leaf': 0.9, 'max_features': 0.1, 'warm_start': False}. Best is trial 4 with value: 1591.6303432659506.
[I 2023-12-05 17:13:52,437] Trial 74 finished with value: 1595.7945702260597 and parameters: {'model_name': 'RandomForestImputer', 'max_iter': 96, 'decreasing': True, 'min_samples_split': 1.0, 'min_samples_leaf': 0.9, 'max_features': 0.1, 'warm_start': False}. Best is trial 4 with value: 1591.6303432659506.
[I 2023-12-05 17:13:53,952] Trial 87 finished with value: 1595.643409397517 and parameters: {'model_name': 'RandomForestImputer', 'max_iter': 96, 'decreasing': True, 'min_samples_split': 0.9, 'min_samples_leaf': 0.1, 'max_features': 0.1, 'warm_start': False}. Best is trial 4 with value: 1591.6303432659506.
[I 2023-12-05 17:13:55,556] Trial 78 finished with value: 1595.736227179399 and parameters: {'model_name': 'RandomForestImputer', 'max_iter': 97, 'decreasing': True, 'min_samples_split': 1.0, 'min_samples_leaf': 0.9, 'max_features': 0.1, 'warm_start': False}. Best is trial 4 with value: 1591.6303432659506.
[I 2023-12-05 17:13:58,095] Trial 168 finished with value: 1591.6303432659506 and parameters: {'model_name': 'KNNImputer', 'weights': 'uniform', 'keep_empty_features': False}. Best is trial 4 with value: 1591.6303432659506.
[I 2023-12-05 17:14:29,193] Trial 86 finished with value: 1595.4624995387662 and parameters: {'model_name': 'RandomForestImputer', 'max_iter': 61, 'decreasing': True, 'min_samples_split': 0.9, 'min_samples_leaf': 0.9, 'max_features': 0.1, 'warm_start': False}. Best is trial 4 with value: 1591.6303432659506.
[I 2023-12-05 17:14:31,719] Trial 83 finished with value: 1595.775413740883 and parameters: {'model_name': 'RandomForestImputer', 'max_iter': 83, 'decreasing': True, 'min_samples_split': 1.0, 'min_samples_leaf': 0.9, 'max_features': 0.1, 'warm_start': False}. Best is trial 4 with value: 1591.6303432659506.
[I 2023-12-05 17:14:33,922] Trial 171 finished with value: 1591.6303432659506 and parameters: {'model_name': 'KNNImputer', 'weights': 'uniform', 'keep_empty_features': False}. Best is trial 4 with value: 1591.6303432659506.
slurmstepd: error: *** JOB 434373 ON esplhpc-cp005 CANCELLED AT 2023-12-05T17:21:24 ***
slurmstepd: error: *** STEP 434373.0 ON esplhpc-cp005 CANCELLED AT 2023-12-05T17:21:24 ***
