/cm/local/apps/slurm/var/spool/job402904/slurm_script: line 19: /common/ketrong/minconda3/etc/profile.d/conda.sh: No such file or directory
/cm/local/apps/slurm/var/spool/job402904/slurm_script: line 22: $'\nconda create --name tpot2devenv -c conda-forge python=3.10\n': command not found
/cm/local/apps/slurm/var/spool/job402904/slurm_script: line 27: $'\npip install -r requirements.txt\n': command not found
RunStart
2023-11-21 13:02:09.336884: I tensorflow/core/util/port.cc:113] oneDNN custom operations are on. You may see slightly different numerical results due to floating-point round-off errors from different computation orders. To turn them off, set the environment variable `TF_ENABLE_ONEDNN_OPTS=0`.
2023-11-21 13:02:09.372903: E external/local_xla/xla/stream_executor/cuda/cuda_dnn.cc:9261] Unable to register cuDNN factory: Attempting to register factory for plugin cuDNN when one has already been registered
2023-11-21 13:02:09.372930: E external/local_xla/xla/stream_executor/cuda/cuda_fft.cc:607] Unable to register cuFFT factory: Attempting to register factory for plugin cuFFT when one has already been registered
2023-11-21 13:02:09.374296: E external/local_xla/xla/stream_executor/cuda/cuda_blas.cc:1515] Unable to register cuBLAS factory: Attempting to register factory for plugin cuBLAS when one has already been registered
2023-11-21 13:02:09.380468: I tensorflow/core/platform/cpu_feature_guard.cc:182] This TensorFlow binary is optimized to use available CPU instructions in performance-critical operations.
To enable the following instructions: AVX2 AVX512F AVX512_VNNI FMA, in other operations, rebuild TensorFlow with the appropriate compiler flags.
2023-11-21 13:02:13.632123: W tensorflow/compiler/tf2tensorrt/utils/py_utils.cc:38] TF-TRT Warning: Could not find TensorRT
WARNING:tensorflow:From /home/ketrong/miniconda3/envs/tpot2devenv/lib/python3.10/site-packages/tensorflow/python/compat/v2_compat.py:108: disable_resource_variables (from tensorflow.python.ops.variable_scope) is deprecated and will be removed in a future version.
Instructions for updating:
non-resource variables are not supported in the long term
working on 
tpot2_imputetest/Impute_Experiments/logs//tpot2_base_imputation_6_0.1_MAR_1
loading data
tpot2_imputetest/Impute_Experiments/data/6_True.pkl
running experiment 1/3 - Does large hyperparameter space improve reconstruction accuracy over simple
[I 2023-11-21 13:04:07,212] A new study created in memory with name: no-name-a477db66-ca00-40fd-9363-327be0b5ff78
[I 2023-11-21 13:04:08,660] Trial 12 finished with value: 7.36878071351249 and parameters: {'model_name': 'SimpleImputer', 'strategy': 'constant'}. Best is trial 12 with value: 7.36878071351249.
[I 2023-11-21 13:04:08,896] Trial 6 finished with value: 7.36878071351249 and parameters: {'model_name': 'SimpleImputer', 'strategy': 'constant'}. Best is trial 12 with value: 7.36878071351249.
[I 2023-11-21 13:04:09,161] Trial 14 finished with value: 7.36878071351249 and parameters: {'model_name': 'SimpleImputer', 'strategy': 'constant'}. Best is trial 12 with value: 7.36878071351249.
[I 2023-11-21 13:04:09,415] Trial 4 finished with value: 7.36878071351249 and parameters: {'model_name': 'SimpleImputer', 'strategy': 'constant'}. Best is trial 12 with value: 7.36878071351249.
[I 2023-11-21 13:04:09,671] Trial 7 finished with value: 7.36878071351249 and parameters: {'model_name': 'SimpleImputer', 'strategy': 'constant'}. Best is trial 12 with value: 7.36878071351249.
[I 2023-11-21 13:04:09,842] Trial 10 finished with value: 7.36878071351249 and parameters: {'model_name': 'SimpleImputer', 'strategy': 'constant'}. Best is trial 12 with value: 7.36878071351249.
[I 2023-11-21 13:04:10,098] Trial 21 finished with value: 7.36878071351249 and parameters: {'model_name': 'SimpleImputer', 'strategy': 'constant'}. Best is trial 12 with value: 7.36878071351249.
[I 2023-11-21 13:04:10,324] Trial 26 finished with value: 7.36878071351249 and parameters: {'model_name': 'SimpleImputer', 'strategy': 'constant'}. Best is trial 12 with value: 7.36878071351249.
[I 2023-11-21 13:04:10,668] Trial 35 finished with value: 7.36878071351249 and parameters: {'model_name': 'SimpleImputer', 'strategy': 'constant'}. Best is trial 12 with value: 7.36878071351249.
[I 2023-11-21 13:04:10,881] Trial 34 finished with value: 7.36878071351249 and parameters: {'model_name': 'SimpleImputer', 'strategy': 'constant'}. Best is trial 12 with value: 7.36878071351249.
[I 2023-11-21 13:04:11,205] Trial 16 finished with value: 2.422035605107985 and parameters: {'model_name': 'SimpleImputer', 'strategy': 'mean'}. Best is trial 16 with value: 2.422035605107985.
[I 2023-11-21 13:04:11,411] Trial 28 finished with value: 7.36878071351249 and parameters: {'model_name': 'SimpleImputer', 'strategy': 'constant'}. Best is trial 16 with value: 2.422035605107985.
[I 2023-11-21 13:04:11,612] Trial 3 finished with value: 2.422035605107985 and parameters: {'model_name': 'SimpleImputer', 'strategy': 'mean'}. Best is trial 16 with value: 2.422035605107985.
[I 2023-11-21 13:04:11,850] Trial 24 finished with value: 2.422035605107985 and parameters: {'model_name': 'SimpleImputer', 'strategy': 'mean'}. Best is trial 16 with value: 2.422035605107985.
[I 2023-11-21 13:04:12,139] Trial 18 finished with value: 2.422035605107985 and parameters: {'model_name': 'SimpleImputer', 'strategy': 'mean'}. Best is trial 16 with value: 2.422035605107985.
[I 2023-11-21 13:04:12,529] Trial 44 finished with value: 7.36878071351249 and parameters: {'model_name': 'SimpleImputer', 'strategy': 'constant'}. Best is trial 16 with value: 2.422035605107985.
[I 2023-11-21 13:04:12,827] Trial 32 finished with value: 2.422035605107985 and parameters: {'model_name': 'SimpleImputer', 'strategy': 'mean'}. Best is trial 16 with value: 2.422035605107985.
[I 2023-11-21 13:04:13,002] Trial 22 finished with value: 2.422035605107985 and parameters: {'model_name': 'SimpleImputer', 'strategy': 'mean'}. Best is trial 16 with value: 2.422035605107985.
[I 2023-11-21 13:04:13,295] Trial 31 finished with value: 2.422035605107985 and parameters: {'model_name': 'SimpleImputer', 'strategy': 'mean'}. Best is trial 16 with value: 2.422035605107985.
[I 2023-11-21 13:04:13,468] Trial 17 finished with value: 2.422035605107985 and parameters: {'model_name': 'SimpleImputer', 'strategy': 'mean'}. Best is trial 16 with value: 2.422035605107985.
[I 2023-11-21 13:04:13,918] Trial 15 finished with value: 2.422035605107985 and parameters: {'model_name': 'SimpleImputer', 'strategy': 'mean'}. Best is trial 16 with value: 2.422035605107985.
[I 2023-11-21 13:04:14,239] Trial 13 finished with value: 2.44802539689152 and parameters: {'model_name': 'SimpleImputer', 'strategy': 'median'}. Best is trial 16 with value: 2.422035605107985.
[I 2023-11-21 13:04:14,591] Trial 2 finished with value: 2.44802539689152 and parameters: {'model_name': 'SimpleImputer', 'strategy': 'median'}. Best is trial 16 with value: 2.422035605107985.
[I 2023-11-21 13:04:14,877] Trial 9 finished with value: 2.44802539689152 and parameters: {'model_name': 'SimpleImputer', 'strategy': 'median'}. Best is trial 16 with value: 2.422035605107985.
[I 2023-11-21 13:04:15,151] Trial 27 finished with value: 2.422035605107985 and parameters: {'model_name': 'SimpleImputer', 'strategy': 'mean'}. Best is trial 16 with value: 2.422035605107985.
[I 2023-11-21 13:04:15,434] Trial 0 finished with value: 2.44802539689152 and parameters: {'model_name': 'SimpleImputer', 'strategy': 'median'}. Best is trial 16 with value: 2.422035605107985.
[I 2023-11-21 13:04:15,697] Trial 49 finished with value: 7.36878071351249 and parameters: {'model_name': 'SimpleImputer', 'strategy': 'constant'}. Best is trial 16 with value: 2.422035605107985.
[I 2023-11-21 13:04:15,980] Trial 20 finished with value: 2.44802539689152 and parameters: {'model_name': 'SimpleImputer', 'strategy': 'median'}. Best is trial 16 with value: 2.422035605107985.
[I 2023-11-21 13:04:16,169] Trial 36 finished with value: 2.422035605107985 and parameters: {'model_name': 'SimpleImputer', 'strategy': 'mean'}. Best is trial 16 with value: 2.422035605107985.
[I 2023-11-21 13:04:16,352] Trial 25 finished with value: 2.44802539689152 and parameters: {'model_name': 'SimpleImputer', 'strategy': 'median'}. Best is trial 16 with value: 2.422035605107985.
[I 2023-11-21 13:04:16,588] Trial 19 finished with value: 2.44802539689152 and parameters: {'model_name': 'SimpleImputer', 'strategy': 'median'}. Best is trial 16 with value: 2.422035605107985.
[I 2023-11-21 13:04:16,831] Trial 11 finished with value: 2.44802539689152 and parameters: {'model_name': 'SimpleImputer', 'strategy': 'median'}. Best is trial 16 with value: 2.422035605107985.
[I 2023-11-21 13:04:17,115] Trial 51 finished with value: 7.36878071351249 and parameters: {'model_name': 'SimpleImputer', 'strategy': 'constant'}. Best is trial 16 with value: 2.422035605107985.
[I 2023-11-21 13:04:17,554] Trial 53 finished with value: 7.36878071351249 and parameters: {'model_name': 'SimpleImputer', 'strategy': 'constant'}. Best is trial 16 with value: 2.422035605107985.
[I 2023-11-21 13:04:17,889] Trial 38 finished with value: 2.44802539689152 and parameters: {'model_name': 'SimpleImputer', 'strategy': 'median'}. Best is trial 16 with value: 2.422035605107985.
[I 2023-11-21 13:04:18,061] Trial 37 finished with value: 2.44802539689152 and parameters: {'model_name': 'SimpleImputer', 'strategy': 'median'}. Best is trial 16 with value: 2.422035605107985.
[I 2023-11-21 13:04:18,826] Trial 43 finished with value: 2.44802539689152 and parameters: {'model_name': 'SimpleImputer', 'strategy': 'median'}. Best is trial 16 with value: 2.422035605107985.
[I 2023-11-21 13:04:19,240] Trial 59 finished with value: 2.422035605107985 and parameters: {'model_name': 'SimpleImputer', 'strategy': 'mean'}. Best is trial 16 with value: 2.422035605107985.
[I 2023-11-21 13:04:19,744] Trial 61 finished with value: 2.422035605107985 and parameters: {'model_name': 'SimpleImputer', 'strategy': 'mean'}. Best is trial 16 with value: 2.422035605107985.
[I 2023-11-21 13:04:19,948] Trial 60 finished with value: 2.422035605107985 and parameters: {'model_name': 'SimpleImputer', 'strategy': 'mean'}. Best is trial 16 with value: 2.422035605107985.
[I 2023-11-21 13:04:20,224] Trial 57 finished with value: 2.422035605107985 and parameters: {'model_name': 'SimpleImputer', 'strategy': 'mean'}. Best is trial 16 with value: 2.422035605107985.
[I 2023-11-21 13:04:20,469] Trial 58 finished with value: 2.422035605107985 and parameters: {'model_name': 'SimpleImputer', 'strategy': 'mean'}. Best is trial 16 with value: 2.422035605107985.
[I 2023-11-21 13:04:20,942] Trial 52 finished with value: 2.44802539689152 and parameters: {'model_name': 'SimpleImputer', 'strategy': 'median'}. Best is trial 16 with value: 2.422035605107985.
[I 2023-11-21 13:04:21,240] Trial 50 finished with value: 2.44802539689152 and parameters: {'model_name': 'SimpleImputer', 'strategy': 'median'}. Best is trial 16 with value: 2.422035605107985.
[I 2023-11-21 13:04:21,625] Trial 55 finished with value: 2.44802539689152 and parameters: {'model_name': 'SimpleImputer', 'strategy': 'median'}. Best is trial 16 with value: 2.422035605107985.
[I 2023-11-21 13:04:21,922] Trial 54 finished with value: 2.44802539689152 and parameters: {'model_name': 'SimpleImputer', 'strategy': 'median'}. Best is trial 16 with value: 2.422035605107985.
[I 2023-11-21 13:04:22,104] Trial 56 finished with value: 2.44802539689152 and parameters: {'model_name': 'SimpleImputer', 'strategy': 'median'}. Best is trial 16 with value: 2.422035605107985.
[I 2023-11-21 13:04:23,055] Trial 64 finished with value: 2.44802539689152 and parameters: {'model_name': 'SimpleImputer', 'strategy': 'median'}. Best is trial 16 with value: 2.422035605107985.
[I 2023-11-21 13:04:23,355] Trial 62 finished with value: 2.44802539689152 and parameters: {'model_name': 'SimpleImputer', 'strategy': 'median'}. Best is trial 16 with value: 2.422035605107985.
[I 2023-11-21 13:04:23,638] Trial 65 finished with value: 2.44802539689152 and parameters: {'model_name': 'SimpleImputer', 'strategy': 'median'}. Best is trial 16 with value: 2.422035605107985.
[I 2023-11-21 13:04:24,142] Trial 67 finished with value: 2.44802539689152 and parameters: {'model_name': 'SimpleImputer', 'strategy': 'median'}. Best is trial 16 with value: 2.422035605107985.
[I 2023-11-21 13:04:24,471] Trial 68 finished with value: 2.44802539689152 and parameters: {'model_name': 'SimpleImputer', 'strategy': 'median'}. Best is trial 16 with value: 2.422035605107985.
[I 2023-11-21 13:04:25,601] Trial 5 finished with value: 2.5657915446077704 and parameters: {'model_name': 'SimpleImputer', 'strategy': 'most_frequent'}. Best is trial 16 with value: 2.422035605107985.
[I 2023-11-21 13:04:26,377] Trial 1 finished with value: 2.5657915446077704 and parameters: {'model_name': 'SimpleImputer', 'strategy': 'most_frequent'}. Best is trial 16 with value: 2.422035605107985.
[I 2023-11-21 13:04:26,556] Trial 92 finished with value: 2.422035605107985 and parameters: {'model_name': 'SimpleImputer', 'strategy': 'mean'}. Best is trial 16 with value: 2.422035605107985.
[I 2023-11-21 13:04:26,971] Trial 39 finished with value: 2.5657915446077704 and parameters: {'model_name': 'SimpleImputer', 'strategy': 'most_frequent'}. Best is trial 16 with value: 2.422035605107985.
[I 2023-11-21 13:04:27,254] Trial 8 finished with value: 2.5657915446077704 and parameters: {'model_name': 'SimpleImputer', 'strategy': 'most_frequent'}. Best is trial 16 with value: 2.422035605107985.
[I 2023-11-21 13:04:27,444] Trial 33 finished with value: 2.5657915446077704 and parameters: {'model_name': 'SimpleImputer', 'strategy': 'most_frequent'}. Best is trial 16 with value: 2.422035605107985.
[I 2023-11-21 13:04:27,757] Trial 29 finished with value: 2.5657915446077704 and parameters: {'model_name': 'SimpleImputer', 'strategy': 'most_frequent'}. Best is trial 16 with value: 2.422035605107985.
[I 2023-11-21 13:04:28,510] Trial 40 finished with value: 2.5657915446077704 and parameters: {'model_name': 'SimpleImputer', 'strategy': 'most_frequent'}. Best is trial 16 with value: 2.422035605107985.
[I 2023-11-21 13:04:28,779] Trial 47 finished with value: 2.5657915446077704 and parameters: {'model_name': 'SimpleImputer', 'strategy': 'most_frequent'}. Best is trial 16 with value: 2.422035605107985.
[I 2023-11-21 13:04:29,133] Trial 46 finished with value: 2.5657915446077704 and parameters: {'model_name': 'SimpleImputer', 'strategy': 'most_frequent'}. Best is trial 16 with value: 2.422035605107985.
[I 2023-11-21 13:04:29,413] Trial 23 finished with value: 2.5657915446077704 and parameters: {'model_name': 'SimpleImputer', 'strategy': 'most_frequent'}. Best is trial 16 with value: 2.422035605107985.
[I 2023-11-21 13:04:29,690] Trial 41 finished with value: 2.5657915446077704 and parameters: {'model_name': 'SimpleImputer', 'strategy': 'most_frequent'}. Best is trial 16 with value: 2.422035605107985.
[I 2023-11-21 13:04:29,979] Trial 30 finished with value: 2.5657915446077704 and parameters: {'model_name': 'SimpleImputer', 'strategy': 'most_frequent'}. Best is trial 16 with value: 2.422035605107985.
[I 2023-11-21 13:04:30,273] Trial 45 finished with value: 2.5657915446077704 and parameters: {'model_name': 'SimpleImputer', 'strategy': 'most_frequent'}. Best is trial 16 with value: 2.422035605107985.
[I 2023-11-21 13:04:30,844] Trial 48 finished with value: 2.5657915446077704 and parameters: {'model_name': 'SimpleImputer', 'strategy': 'most_frequent'}. Best is trial 16 with value: 2.422035605107985.
[I 2023-11-21 13:04:31,366] Trial 100 finished with value: 2.422035605107985 and parameters: {'model_name': 'SimpleImputer', 'strategy': 'mean'}. Best is trial 16 with value: 2.422035605107985.
[I 2023-11-21 13:04:31,625] Trial 42 finished with value: 2.5657915446077704 and parameters: {'model_name': 'SimpleImputer', 'strategy': 'most_frequent'}. Best is trial 16 with value: 2.422035605107985.
[I 2023-11-21 13:04:32,213] Trial 103 finished with value: 2.422035605107985 and parameters: {'model_name': 'SimpleImputer', 'strategy': 'mean'}. Best is trial 16 with value: 2.422035605107985.
[I 2023-11-21 13:04:32,567] Trial 104 finished with value: 2.422035605107985 and parameters: {'model_name': 'SimpleImputer', 'strategy': 'mean'}. Best is trial 16 with value: 2.422035605107985.
[I 2023-11-21 13:04:33,002] Trial 105 finished with value: 2.422035605107985 and parameters: {'model_name': 'SimpleImputer', 'strategy': 'mean'}. Best is trial 16 with value: 2.422035605107985.
[I 2023-11-21 13:04:33,437] Trial 66 finished with value: 2.5657915446077704 and parameters: {'model_name': 'SimpleImputer', 'strategy': 'most_frequent'}. Best is trial 16 with value: 2.422035605107985.
[I 2023-11-21 13:04:33,659] Trial 106 finished with value: 2.422035605107985 and parameters: {'model_name': 'SimpleImputer', 'strategy': 'mean'}. Best is trial 16 with value: 2.422035605107985.
[I 2023-11-21 13:04:33,985] Trial 71 finished with value: 2.5657915446077704 and parameters: {'model_name': 'SimpleImputer', 'strategy': 'most_frequent'}. Best is trial 16 with value: 2.422035605107985.
[I 2023-11-21 13:04:34,226] Trial 70 finished with value: 2.5657915446077704 and parameters: {'model_name': 'SimpleImputer', 'strategy': 'most_frequent'}. Best is trial 16 with value: 2.422035605107985.
[I 2023-11-21 13:04:34,507] Trial 63 finished with value: 2.5657915446077704 and parameters: {'model_name': 'SimpleImputer', 'strategy': 'most_frequent'}. Best is trial 16 with value: 2.422035605107985.
[I 2023-11-21 13:04:34,751] Trial 113 finished with value: 2.422035605107985 and parameters: {'model_name': 'SimpleImputer', 'strategy': 'mean'}. Best is trial 16 with value: 2.422035605107985.
[I 2023-11-21 13:04:34,945] Trial 109 finished with value: 2.422035605107985 and parameters: {'model_name': 'SimpleImputer', 'strategy': 'mean'}. Best is trial 16 with value: 2.422035605107985.
[I 2023-11-21 13:04:35,227] Trial 112 finished with value: 2.422035605107985 and parameters: {'model_name': 'SimpleImputer', 'strategy': 'mean'}. Best is trial 16 with value: 2.422035605107985.
[I 2023-11-21 13:04:35,440] Trial 74 finished with value: 2.5657915446077704 and parameters: {'model_name': 'SimpleImputer', 'strategy': 'most_frequent'}. Best is trial 16 with value: 2.422035605107985.
[I 2023-11-21 13:04:35,689] Trial 78 finished with value: 2.5657915446077704 and parameters: {'model_name': 'SimpleImputer', 'strategy': 'most_frequent'}. Best is trial 16 with value: 2.422035605107985.
[I 2023-11-21 13:04:35,915] Trial 107 finished with value: 2.422035605107985 and parameters: {'model_name': 'SimpleImputer', 'strategy': 'mean'}. Best is trial 16 with value: 2.422035605107985.
[I 2023-11-21 13:04:36,146] Trial 72 finished with value: 2.5657915446077704 and parameters: {'model_name': 'SimpleImputer', 'strategy': 'most_frequent'}. Best is trial 16 with value: 2.422035605107985.
[I 2023-11-21 13:04:36,383] Trial 79 finished with value: 2.5657915446077704 and parameters: {'model_name': 'SimpleImputer', 'strategy': 'most_frequent'}. Best is trial 16 with value: 2.422035605107985.
[I 2023-11-21 13:04:36,608] Trial 110 finished with value: 2.422035605107985 and parameters: {'model_name': 'SimpleImputer', 'strategy': 'mean'}. Best is trial 16 with value: 2.422035605107985.
[I 2023-11-21 13:04:36,826] Trial 77 finished with value: 2.5657915446077704 and parameters: {'model_name': 'SimpleImputer', 'strategy': 'most_frequent'}. Best is trial 16 with value: 2.422035605107985.
[I 2023-11-21 13:04:36,996] Trial 75 finished with value: 2.5657915446077704 and parameters: {'model_name': 'SimpleImputer', 'strategy': 'most_frequent'}. Best is trial 16 with value: 2.422035605107985.
[I 2023-11-21 13:04:37,237] Trial 108 finished with value: 2.422035605107985 and parameters: {'model_name': 'SimpleImputer', 'strategy': 'mean'}. Best is trial 16 with value: 2.422035605107985.
[I 2023-11-21 13:04:37,487] Trial 111 finished with value: 2.422035605107985 and parameters: {'model_name': 'SimpleImputer', 'strategy': 'mean'}. Best is trial 16 with value: 2.422035605107985.
[I 2023-11-21 13:04:37,882] Trial 81 finished with value: 2.5657915446077704 and parameters: {'model_name': 'SimpleImputer', 'strategy': 'most_frequent'}. Best is trial 16 with value: 2.422035605107985.
[I 2023-11-21 13:04:38,124] Trial 82 finished with value: 2.5657915446077704 and parameters: {'model_name': 'SimpleImputer', 'strategy': 'most_frequent'}. Best is trial 16 with value: 2.422035605107985.
[I 2023-11-21 13:04:38,380] Trial 69 finished with value: 2.5657915446077704 and parameters: {'model_name': 'SimpleImputer', 'strategy': 'most_frequent'}. Best is trial 16 with value: 2.422035605107985.
[I 2023-11-21 13:04:38,725] Trial 76 finished with value: 2.5657915446077704 and parameters: {'model_name': 'SimpleImputer', 'strategy': 'most_frequent'}. Best is trial 16 with value: 2.422035605107985.
[I 2023-11-21 13:04:38,958] Trial 73 finished with value: 2.5657915446077704 and parameters: {'model_name': 'SimpleImputer', 'strategy': 'most_frequent'}. Best is trial 16 with value: 2.422035605107985.
[I 2023-11-21 13:04:39,422] Trial 86 finished with value: 2.5657915446077704 and parameters: {'model_name': 'SimpleImputer', 'strategy': 'most_frequent'}. Best is trial 16 with value: 2.422035605107985.
[I 2023-11-21 13:04:39,625] Trial 114 finished with value: 2.422035605107985 and parameters: {'model_name': 'SimpleImputer', 'strategy': 'mean'}. Best is trial 16 with value: 2.422035605107985.
[I 2023-11-21 13:04:39,896] Trial 115 finished with value: 2.422035605107985 and parameters: {'model_name': 'SimpleImputer', 'strategy': 'mean'}. Best is trial 16 with value: 2.422035605107985.
[I 2023-11-21 13:04:40,199] Trial 80 finished with value: 2.5657915446077704 and parameters: {'model_name': 'SimpleImputer', 'strategy': 'most_frequent'}. Best is trial 16 with value: 2.422035605107985.
[I 2023-11-21 13:04:40,455] Trial 83 finished with value: 2.5657915446077704 and parameters: {'model_name': 'SimpleImputer', 'strategy': 'most_frequent'}. Best is trial 16 with value: 2.422035605107985.
[I 2023-11-21 13:04:40,636] Trial 116 finished with value: 2.422035605107985 and parameters: {'model_name': 'SimpleImputer', 'strategy': 'mean'}. Best is trial 16 with value: 2.422035605107985.
[I 2023-11-21 13:04:40,971] Trial 90 finished with value: 2.5657915446077704 and parameters: {'model_name': 'SimpleImputer', 'strategy': 'most_frequent'}. Best is trial 16 with value: 2.422035605107985.
[I 2023-11-21 13:04:41,506] Trial 119 finished with value: 2.422035605107985 and parameters: {'model_name': 'SimpleImputer', 'strategy': 'mean'}. Best is trial 16 with value: 2.422035605107985.
[I 2023-11-21 13:04:41,702] Trial 88 finished with value: 2.5657915446077704 and parameters: {'model_name': 'SimpleImputer', 'strategy': 'most_frequent'}. Best is trial 16 with value: 2.422035605107985.
[I 2023-11-21 13:04:41,893] Trial 117 finished with value: 2.422035605107985 and parameters: {'model_name': 'SimpleImputer', 'strategy': 'mean'}. Best is trial 16 with value: 2.422035605107985.
[I 2023-11-21 13:04:42,225] Trial 91 finished with value: 2.5657915446077704 and parameters: {'model_name': 'SimpleImputer', 'strategy': 'most_frequent'}. Best is trial 16 with value: 2.422035605107985.
[I 2023-11-21 13:04:42,461] Trial 87 finished with value: 2.5657915446077704 and parameters: {'model_name': 'SimpleImputer', 'strategy': 'most_frequent'}. Best is trial 16 with value: 2.422035605107985.
[I 2023-11-21 13:04:42,736] Trial 118 finished with value: 2.422035605107985 and parameters: {'model_name': 'SimpleImputer', 'strategy': 'mean'}. Best is trial 16 with value: 2.422035605107985.
[I 2023-11-21 13:04:43,162] Trial 93 finished with value: 2.5657915446077704 and parameters: {'model_name': 'SimpleImputer', 'strategy': 'most_frequent'}. Best is trial 16 with value: 2.422035605107985.
[I 2023-11-21 13:04:43,346] Trial 120 finished with value: 2.422035605107985 and parameters: {'model_name': 'SimpleImputer', 'strategy': 'mean'}. Best is trial 16 with value: 2.422035605107985.
[I 2023-11-21 13:04:43,715] Trial 85 finished with value: 2.5657915446077704 and parameters: {'model_name': 'SimpleImputer', 'strategy': 'most_frequent'}. Best is trial 16 with value: 2.422035605107985.
[I 2023-11-21 13:04:44,021] Trial 122 finished with value: 2.422035605107985 and parameters: {'model_name': 'SimpleImputer', 'strategy': 'mean'}. Best is trial 16 with value: 2.422035605107985.
[I 2023-11-21 13:04:44,242] Trial 128 finished with value: 2.422035605107985 and parameters: {'model_name': 'SimpleImputer', 'strategy': 'mean'}. Best is trial 16 with value: 2.422035605107985.
[I 2023-11-21 13:04:44,560] Trial 84 finished with value: 2.5657915446077704 and parameters: {'model_name': 'SimpleImputer', 'strategy': 'most_frequent'}. Best is trial 16 with value: 2.422035605107985.
[I 2023-11-21 13:04:44,778] Trial 123 finished with value: 2.422035605107985 and parameters: {'model_name': 'SimpleImputer', 'strategy': 'mean'}. Best is trial 16 with value: 2.422035605107985.
[I 2023-11-21 13:04:44,968] Trial 127 finished with value: 2.422035605107985 and parameters: {'model_name': 'SimpleImputer', 'strategy': 'mean'}. Best is trial 16 with value: 2.422035605107985.
[I 2023-11-21 13:04:45,222] Trial 130 finished with value: 2.422035605107985 and parameters: {'model_name': 'SimpleImputer', 'strategy': 'mean'}. Best is trial 16 with value: 2.422035605107985.
[I 2023-11-21 13:04:45,421] Trial 121 finished with value: 2.422035605107985 and parameters: {'model_name': 'SimpleImputer', 'strategy': 'mean'}. Best is trial 16 with value: 2.422035605107985.
[I 2023-11-21 13:04:45,692] Trial 136 finished with value: 2.422035605107985 and parameters: {'model_name': 'SimpleImputer', 'strategy': 'mean'}. Best is trial 16 with value: 2.422035605107985.
[I 2023-11-21 13:04:45,962] Trial 124 finished with value: 2.422035605107985 and parameters: {'model_name': 'SimpleImputer', 'strategy': 'mean'}. Best is trial 16 with value: 2.422035605107985.
[I 2023-11-21 13:04:46,199] Trial 132 finished with value: 2.422035605107985 and parameters: {'model_name': 'SimpleImputer', 'strategy': 'mean'}. Best is trial 16 with value: 2.422035605107985.
[I 2023-11-21 13:04:46,387] Trial 129 finished with value: 2.422035605107985 and parameters: {'model_name': 'SimpleImputer', 'strategy': 'mean'}. Best is trial 16 with value: 2.422035605107985.
[I 2023-11-21 13:04:46,664] Trial 131 finished with value: 2.422035605107985 and parameters: {'model_name': 'SimpleImputer', 'strategy': 'mean'}. Best is trial 16 with value: 2.422035605107985.
[I 2023-11-21 13:04:47,073] Trial 89 finished with value: 2.5657915446077704 and parameters: {'model_name': 'SimpleImputer', 'strategy': 'most_frequent'}. Best is trial 16 with value: 2.422035605107985.
[I 2023-11-21 13:04:47,314] Trial 135 finished with value: 2.422035605107985 and parameters: {'model_name': 'SimpleImputer', 'strategy': 'mean'}. Best is trial 16 with value: 2.422035605107985.
[I 2023-11-21 13:04:47,568] Trial 125 finished with value: 2.422035605107985 and parameters: {'model_name': 'SimpleImputer', 'strategy': 'mean'}. Best is trial 16 with value: 2.422035605107985.
[I 2023-11-21 13:04:47,811] Trial 94 finished with value: 2.5657915446077704 and parameters: {'model_name': 'SimpleImputer', 'strategy': 'most_frequent'}. Best is trial 16 with value: 2.422035605107985.
[I 2023-11-21 13:04:48,000] Trial 137 finished with value: 2.422035605107985 and parameters: {'model_name': 'SimpleImputer', 'strategy': 'mean'}. Best is trial 16 with value: 2.422035605107985.
[I 2023-11-21 13:04:48,181] Trial 141 finished with value: 2.422035605107985 and parameters: {'model_name': 'SimpleImputer', 'strategy': 'mean'}. Best is trial 16 with value: 2.422035605107985.
[I 2023-11-21 13:04:48,374] Trial 126 finished with value: 2.422035605107985 and parameters: {'model_name': 'SimpleImputer', 'strategy': 'mean'}. Best is trial 16 with value: 2.422035605107985.
[I 2023-11-21 13:04:48,578] Trial 134 finished with value: 2.422035605107985 and parameters: {'model_name': 'SimpleImputer', 'strategy': 'mean'}. Best is trial 16 with value: 2.422035605107985.
[I 2023-11-21 13:04:48,913] Trial 95 finished with value: 2.5657915446077704 and parameters: {'model_name': 'SimpleImputer', 'strategy': 'most_frequent'}. Best is trial 16 with value: 2.422035605107985.
[I 2023-11-21 13:04:49,106] Trial 139 finished with value: 2.422035605107985 and parameters: {'model_name': 'SimpleImputer', 'strategy': 'mean'}. Best is trial 16 with value: 2.422035605107985.
[I 2023-11-21 13:04:49,353] Trial 146 finished with value: 2.422035605107985 and parameters: {'model_name': 'SimpleImputer', 'strategy': 'mean'}. Best is trial 16 with value: 2.422035605107985.
[I 2023-11-21 13:04:49,551] Trial 142 finished with value: 2.422035605107985 and parameters: {'model_name': 'SimpleImputer', 'strategy': 'mean'}. Best is trial 16 with value: 2.422035605107985.
[I 2023-11-21 13:04:49,834] Trial 138 finished with value: 2.422035605107985 and parameters: {'model_name': 'SimpleImputer', 'strategy': 'mean'}. Best is trial 16 with value: 2.422035605107985.
[I 2023-11-21 13:04:50,138] Trial 133 finished with value: 2.422035605107985 and parameters: {'model_name': 'SimpleImputer', 'strategy': 'mean'}. Best is trial 16 with value: 2.422035605107985.
[I 2023-11-21 13:04:50,375] Trial 145 finished with value: 2.422035605107985 and parameters: {'model_name': 'SimpleImputer', 'strategy': 'mean'}. Best is trial 16 with value: 2.422035605107985.
[I 2023-11-21 13:04:50,692] Trial 140 finished with value: 2.422035605107985 and parameters: {'model_name': 'SimpleImputer', 'strategy': 'mean'}. Best is trial 16 with value: 2.422035605107985.
[I 2023-11-21 13:04:50,967] Trial 143 finished with value: 2.422035605107985 and parameters: {'model_name': 'SimpleImputer', 'strategy': 'mean'}. Best is trial 16 with value: 2.422035605107985.
[I 2023-11-21 13:04:51,231] Trial 144 finished with value: 2.422035605107985 and parameters: {'model_name': 'SimpleImputer', 'strategy': 'mean'}. Best is trial 16 with value: 2.422035605107985.
[I 2023-11-21 13:04:51,405] Trial 147 finished with value: 2.422035605107985 and parameters: {'model_name': 'SimpleImputer', 'strategy': 'mean'}. Best is trial 16 with value: 2.422035605107985.
[I 2023-11-21 13:04:51,699] Trial 96 finished with value: 2.5657915446077704 and parameters: {'model_name': 'SimpleImputer', 'strategy': 'most_frequent'}. Best is trial 16 with value: 2.422035605107985.
[I 2023-11-21 13:04:52,179] Trial 149 finished with value: 2.422035605107985 and parameters: {'model_name': 'SimpleImputer', 'strategy': 'mean'}. Best is trial 16 with value: 2.422035605107985.
[I 2023-11-21 13:04:52,368] Trial 98 finished with value: 2.5657915446077704 and parameters: {'model_name': 'SimpleImputer', 'strategy': 'most_frequent'}. Best is trial 16 with value: 2.422035605107985.
[I 2023-11-21 13:04:52,613] Trial 148 finished with value: 2.422035605107985 and parameters: {'model_name': 'SimpleImputer', 'strategy': 'mean'}. Best is trial 16 with value: 2.422035605107985.
[I 2023-11-21 13:04:52,805] Trial 97 finished with value: 2.5657915446077704 and parameters: {'model_name': 'SimpleImputer', 'strategy': 'most_frequent'}. Best is trial 16 with value: 2.422035605107985.
[I 2023-11-21 13:04:53,379] Trial 102 finished with value: 2.5657915446077704 and parameters: {'model_name': 'SimpleImputer', 'strategy': 'most_frequent'}. Best is trial 16 with value: 2.422035605107985.
[I 2023-11-21 13:04:53,588] Trial 154 finished with value: 2.422035605107985 and parameters: {'model_name': 'SimpleImputer', 'strategy': 'mean'}. Best is trial 16 with value: 2.422035605107985.
[I 2023-11-21 13:04:53,769] Trial 150 finished with value: 2.422035605107985 and parameters: {'model_name': 'SimpleImputer', 'strategy': 'mean'}. Best is trial 16 with value: 2.422035605107985.
[I 2023-11-21 13:04:54,076] Trial 151 finished with value: 2.422035605107985 and parameters: {'model_name': 'SimpleImputer', 'strategy': 'mean'}. Best is trial 16 with value: 2.422035605107985.
[I 2023-11-21 13:04:54,273] Trial 156 finished with value: 2.422035605107985 and parameters: {'model_name': 'SimpleImputer', 'strategy': 'mean'}. Best is trial 16 with value: 2.422035605107985.
[I 2023-11-21 13:04:54,451] Trial 155 finished with value: 2.422035605107985 and parameters: {'model_name': 'SimpleImputer', 'strategy': 'mean'}. Best is trial 16 with value: 2.422035605107985.
[I 2023-11-21 13:04:54,687] Trial 157 finished with value: 2.422035605107985 and parameters: {'model_name': 'SimpleImputer', 'strategy': 'mean'}. Best is trial 16 with value: 2.422035605107985.
[I 2023-11-21 13:04:54,950] Trial 160 finished with value: 2.422035605107985 and parameters: {'model_name': 'SimpleImputer', 'strategy': 'mean'}. Best is trial 16 with value: 2.422035605107985.
[I 2023-11-21 13:04:55,135] Trial 159 finished with value: 2.422035605107985 and parameters: {'model_name': 'SimpleImputer', 'strategy': 'mean'}. Best is trial 16 with value: 2.422035605107985.
[I 2023-11-21 13:04:55,366] Trial 152 finished with value: 2.422035605107985 and parameters: {'model_name': 'SimpleImputer', 'strategy': 'mean'}. Best is trial 16 with value: 2.422035605107985.
[I 2023-11-21 13:04:55,752] Trial 101 finished with value: 2.5657915446077704 and parameters: {'model_name': 'SimpleImputer', 'strategy': 'most_frequent'}. Best is trial 16 with value: 2.422035605107985.
[I 2023-11-21 13:04:55,930] Trial 99 finished with value: 2.5657915446077704 and parameters: {'model_name': 'SimpleImputer', 'strategy': 'most_frequent'}. Best is trial 16 with value: 2.422035605107985.
[I 2023-11-21 13:04:56,232] Trial 153 finished with value: 2.422035605107985 and parameters: {'model_name': 'SimpleImputer', 'strategy': 'mean'}. Best is trial 16 with value: 2.422035605107985.
[I 2023-11-21 13:04:56,513] Trial 163 finished with value: 2.422035605107985 and parameters: {'model_name': 'SimpleImputer', 'strategy': 'mean'}. Best is trial 16 with value: 2.422035605107985.
[I 2023-11-21 13:04:56,754] Trial 158 finished with value: 2.422035605107985 and parameters: {'model_name': 'SimpleImputer', 'strategy': 'mean'}. Best is trial 16 with value: 2.422035605107985.
[I 2023-11-21 13:04:57,020] Trial 161 finished with value: 2.422035605107985 and parameters: {'model_name': 'SimpleImputer', 'strategy': 'mean'}. Best is trial 16 with value: 2.422035605107985.
[I 2023-11-21 13:04:57,206] Trial 165 finished with value: 2.422035605107985 and parameters: {'model_name': 'SimpleImputer', 'strategy': 'mean'}. Best is trial 16 with value: 2.422035605107985.
[I 2023-11-21 13:04:57,482] Trial 169 finished with value: 2.422035605107985 and parameters: {'model_name': 'SimpleImputer', 'strategy': 'mean'}. Best is trial 16 with value: 2.422035605107985.
[I 2023-11-21 13:04:57,804] Trial 166 finished with value: 2.422035605107985 and parameters: {'model_name': 'SimpleImputer', 'strategy': 'mean'}. Best is trial 16 with value: 2.422035605107985.
[I 2023-11-21 13:04:58,012] Trial 162 finished with value: 2.422035605107985 and parameters: {'model_name': 'SimpleImputer', 'strategy': 'mean'}. Best is trial 16 with value: 2.422035605107985.
[I 2023-11-21 13:04:58,262] Trial 167 finished with value: 2.422035605107985 and parameters: {'model_name': 'SimpleImputer', 'strategy': 'mean'}. Best is trial 16 with value: 2.422035605107985.
[I 2023-11-21 13:04:58,484] Trial 173 finished with value: 2.422035605107985 and parameters: {'model_name': 'SimpleImputer', 'strategy': 'mean'}. Best is trial 16 with value: 2.422035605107985.
[I 2023-11-21 13:04:58,735] Trial 168 finished with value: 2.422035605107985 and parameters: {'model_name': 'SimpleImputer', 'strategy': 'mean'}. Best is trial 16 with value: 2.422035605107985.
[I 2023-11-21 13:04:59,019] Trial 175 finished with value: 2.422035605107985 and parameters: {'model_name': 'SimpleImputer', 'strategy': 'mean'}. Best is trial 16 with value: 2.422035605107985.
[I 2023-11-21 13:04:59,233] Trial 180 finished with value: 2.422035605107985 and parameters: {'model_name': 'SimpleImputer', 'strategy': 'mean'}. Best is trial 16 with value: 2.422035605107985.
[I 2023-11-21 13:04:59,491] Trial 183 finished with value: 2.422035605107985 and parameters: {'model_name': 'SimpleImputer', 'strategy': 'mean'}. Best is trial 16 with value: 2.422035605107985.
[I 2023-11-21 13:04:59,672] Trial 164 finished with value: 2.422035605107985 and parameters: {'model_name': 'SimpleImputer', 'strategy': 'mean'}. Best is trial 16 with value: 2.422035605107985.
[I 2023-11-21 13:04:59,925] Trial 181 finished with value: 2.422035605107985 and parameters: {'model_name': 'SimpleImputer', 'strategy': 'mean'}. Best is trial 16 with value: 2.422035605107985.
[I 2023-11-21 13:05:00,104] Trial 179 finished with value: 2.422035605107985 and parameters: {'model_name': 'SimpleImputer', 'strategy': 'mean'}. Best is trial 16 with value: 2.422035605107985.
[I 2023-11-21 13:05:00,341] Trial 172 finished with value: 2.422035605107985 and parameters: {'model_name': 'SimpleImputer', 'strategy': 'mean'}. Best is trial 16 with value: 2.422035605107985.
[I 2023-11-21 13:05:00,581] Trial 174 finished with value: 2.422035605107985 and parameters: {'model_name': 'SimpleImputer', 'strategy': 'mean'}. Best is trial 16 with value: 2.422035605107985.
[I 2023-11-21 13:05:00,856] Trial 176 finished with value: 2.422035605107985 and parameters: {'model_name': 'SimpleImputer', 'strategy': 'mean'}. Best is trial 16 with value: 2.422035605107985.
[I 2023-11-21 13:05:01,067] Trial 178 finished with value: 2.422035605107985 and parameters: {'model_name': 'SimpleImputer', 'strategy': 'mean'}. Best is trial 16 with value: 2.422035605107985.
[I 2023-11-21 13:05:01,244] Trial 170 finished with value: 2.422035605107985 and parameters: {'model_name': 'SimpleImputer', 'strategy': 'mean'}. Best is trial 16 with value: 2.422035605107985.
[I 2023-11-21 13:05:01,411] Trial 171 finished with value: 2.422035605107985 and parameters: {'model_name': 'SimpleImputer', 'strategy': 'mean'}. Best is trial 16 with value: 2.422035605107985.
[I 2023-11-21 13:05:01,662] Trial 177 finished with value: 2.422035605107985 and parameters: {'model_name': 'SimpleImputer', 'strategy': 'mean'}. Best is trial 16 with value: 2.422035605107985.
[I 2023-11-21 13:05:01,860] Trial 188 finished with value: 2.422035605107985 and parameters: {'model_name': 'SimpleImputer', 'strategy': 'mean'}. Best is trial 16 with value: 2.422035605107985.
[I 2023-11-21 13:05:02,099] Trial 187 finished with value: 2.422035605107985 and parameters: {'model_name': 'SimpleImputer', 'strategy': 'mean'}. Best is trial 16 with value: 2.422035605107985.
[I 2023-11-21 13:05:02,357] Trial 185 finished with value: 2.422035605107985 and parameters: {'model_name': 'SimpleImputer', 'strategy': 'mean'}. Best is trial 16 with value: 2.422035605107985.
[I 2023-11-21 13:05:02,588] Trial 189 finished with value: 2.422035605107985 and parameters: {'model_name': 'SimpleImputer', 'strategy': 'mean'}. Best is trial 16 with value: 2.422035605107985.
[I 2023-11-21 13:05:02,767] Trial 182 finished with value: 2.422035605107985 and parameters: {'model_name': 'SimpleImputer', 'strategy': 'mean'}. Best is trial 16 with value: 2.422035605107985.
[I 2023-11-21 13:05:02,946] Trial 184 finished with value: 2.422035605107985 and parameters: {'model_name': 'SimpleImputer', 'strategy': 'mean'}. Best is trial 16 with value: 2.422035605107985.
[I 2023-11-21 13:05:03,182] Trial 197 finished with value: 7.36878071351249 and parameters: {'model_name': 'SimpleImputer', 'strategy': 'constant'}. Best is trial 16 with value: 2.422035605107985.
[I 2023-11-21 13:05:03,395] Trial 190 finished with value: 2.422035605107985 and parameters: {'model_name': 'SimpleImputer', 'strategy': 'mean'}. Best is trial 16 with value: 2.422035605107985.
[I 2023-11-21 13:05:03,639] Trial 186 finished with value: 2.422035605107985 and parameters: {'model_name': 'SimpleImputer', 'strategy': 'mean'}. Best is trial 16 with value: 2.422035605107985.
[I 2023-11-21 13:05:03,867] Trial 191 finished with value: 2.422035605107985 and parameters: {'model_name': 'SimpleImputer', 'strategy': 'mean'}. Best is trial 16 with value: 2.422035605107985.
[I 2023-11-21 13:05:04,045] Trial 192 finished with value: 2.422035605107985 and parameters: {'model_name': 'SimpleImputer', 'strategy': 'mean'}. Best is trial 16 with value: 2.422035605107985.
[I 2023-11-21 13:05:04,200] Trial 194 finished with value: 2.422035605107985 and parameters: {'model_name': 'SimpleImputer', 'strategy': 'mean'}. Best is trial 16 with value: 2.422035605107985.
[I 2023-11-21 13:05:04,432] Trial 193 finished with value: 2.422035605107985 and parameters: {'model_name': 'SimpleImputer', 'strategy': 'mean'}. Best is trial 16 with value: 2.422035605107985.
[I 2023-11-21 13:05:04,680] Trial 198 finished with value: 2.422035605107985 and parameters: {'model_name': 'SimpleImputer', 'strategy': 'mean'}. Best is trial 16 with value: 2.422035605107985.
[I 2023-11-21 13:05:04,866] Trial 195 finished with value: 2.422035605107985 and parameters: {'model_name': 'SimpleImputer', 'strategy': 'mean'}. Best is trial 16 with value: 2.422035605107985.
[I 2023-11-21 13:05:05,028] Trial 199 finished with value: 2.422035605107985 and parameters: {'model_name': 'SimpleImputer', 'strategy': 'mean'}. Best is trial 16 with value: 2.422035605107985.
[I 2023-11-21 13:05:05,186] Trial 196 finished with value: 2.422035605107985 and parameters: {'model_name': 'SimpleImputer', 'strategy': 'mean'}. Best is trial 16 with value: 2.422035605107985.
simple fit
simple transform
[I 2023-11-21 13:05:11,359] A new study created in memory with name: no-name-ec1bfa72-e184-435d-aa16-a7c7645c0cdb
[I 2023-11-21 13:05:11,373] Trial 0 finished with value: inf and parameters: {'model_name': 'KNNImputer', 'weights': 'uniform', 'keep_empty_features': True}. Best is trial 0 with value: inf.
[I 2023-11-21 13:05:11,595] Trial 1 finished with value: inf and parameters: {'model_name': 'GAIN', 'batch_size': 944, 'hint_rate': 0.001894378161375874, 'alpha': 98, 'iterations': 2}. Best is trial 0 with value: inf.
[I 2023-11-21 13:05:11,861] Trial 5 finished with value: inf and parameters: {'model_name': 'GAIN', 'batch_size': 512, 'hint_rate': 0.005379236874026129, 'alpha': 51, 'iterations': 30}. Best is trial 0 with value: inf.
[I 2023-11-21 13:05:12,297] Trial 10 finished with value: inf and parameters: {'model_name': 'GAIN', 'batch_size': 9, 'hint_rate': 0.021736196628809466, 'alpha': 27, 'iterations': 75600}. Best is trial 0 with value: inf.
[I 2023-11-21 13:05:12,472] Trial 26 finished with value: inf and parameters: {'model_name': 'KNNImputer', 'weights': 'distance', 'keep_empty_features': True}. Best is trial 0 with value: inf.
[I 2023-11-21 13:05:12,638] Trial 2 finished with value: inf and parameters: {'model_name': 'RandomForestImputer', 'max_iter': 10, 'decreasing': False, 'min_samples_split': 1.0, 'min_samples_leaf': 1.0, 'max_features': 0.30000000000000004, 'bootstrap': True, 'oob_score': True, 'warm_start': False}. Best is trial 0 with value: inf.
[I 2023-11-21 13:05:12,895] Trial 16 finished with value: inf and parameters: {'model_name': 'KNNImputer', 'weights': 'distance', 'keep_empty_features': True}. Best is trial 0 with value: inf.
[I 2023-11-21 13:05:13,087] Trial 20 finished with value: inf and parameters: {'model_name': 'GAIN', 'batch_size': 98, 'hint_rate': 0.1319641508359825, 'alpha': 14, 'iterations': 7225}. Best is trial 0 with value: inf.
[I 2023-11-21 13:05:13,247] Trial 22 finished with value: inf and parameters: {'model_name': 'KNNImputer', 'weights': 'distance', 'keep_empty_features': True}. Best is trial 0 with value: inf.
[I 2023-11-21 13:05:13,482] Trial 44 finished with value: inf and parameters: {'model_name': 'KNNImputer', 'weights': 'distance', 'keep_empty_features': False}. Best is trial 0 with value: inf.
[I 2023-11-21 13:05:13,657] Trial 9 finished with value: 6.103949524471663 and parameters: {'model_name': 'SimpleImputer', 'strategy': 'constant'}. Best is trial 9 with value: 6.103949524471663.
[I 2023-11-21 13:05:13,672] Trial 30 finished with value: inf and parameters: {'model_name': 'GAIN', 'batch_size': 17, 'hint_rate': 0.03261376439384718, 'alpha': 44, 'iterations': 3898}. Best is trial 9 with value: 6.103949524471663.
[I 2023-11-21 13:05:14,037] Trial 7 finished with value: 6.103949524471663 and parameters: {'model_name': 'SimpleImputer', 'strategy': 'constant'}. Best is trial 9 with value: 6.103949524471663.
[I 2023-11-21 13:05:14,296] Trial 15 finished with value: inf and parameters: {'model_name': 'RandomForestImputer', 'max_iter': 1, 'decreasing': True, 'min_samples_split': 0.1, 'min_samples_leaf': 0.8, 'max_features': 0.9, 'bootstrap': False, 'oob_score': True, 'warm_start': False}. Best is trial 9 with value: 6.103949524471663.
[I 2023-11-21 13:05:14,500] Trial 25 finished with value: inf and parameters: {'model_name': 'GAIN', 'batch_size': 869, 'hint_rate': 0.12403979302959263, 'alpha': 58, 'iterations': 1}. Best is trial 9 with value: 6.103949524471663.
[I 2023-11-21 13:05:14,713] Trial 27 finished with value: inf and parameters: {'model_name': 'GAIN', 'batch_size': 126, 'hint_rate': 0.41851974187429536, 'alpha': 75, 'iterations': 37816}. Best is trial 9 with value: 6.103949524471663.
[I 2023-11-21 13:05:14,907] Trial 19 finished with value: inf and parameters: {'model_name': 'GAIN', 'batch_size': 26, 'hint_rate': 0.18073159174166456, 'alpha': 24, 'iterations': 7190}. Best is trial 9 with value: 6.103949524471663.
[I 2023-11-21 13:05:15,125] Trial 34 finished with value: inf and parameters: {'model_name': 'GAIN', 'batch_size': 20, 'hint_rate': 0.2816500836878208, 'alpha': 99, 'iterations': 87}. Best is trial 9 with value: 6.103949524471663.
[I 2023-11-21 13:05:15,382] Trial 49 finished with value: inf and parameters: {'model_name': 'KNNImputer', 'weights': 'distance', 'keep_empty_features': True}. Best is trial 9 with value: 6.103949524471663.
[I 2023-11-21 13:05:15,730] Trial 41 finished with value: inf and parameters: {'model_name': 'GAIN', 'batch_size': 35, 'hint_rate': 0.00415709684355752, 'alpha': 77, 'iterations': 3111}. Best is trial 9 with value: 6.103949524471663.
[I 2023-11-21 13:05:16,044] Trial 37 finished with value: inf and parameters: {'model_name': 'RandomForestImputer', 'max_iter': 8, 'decreasing': True, 'min_samples_split': 0.9, 'min_samples_leaf': 0.6000000000000001, 'max_features': 0.30000000000000004, 'bootstrap': True, 'oob_score': True, 'warm_start': False}. Best is trial 9 with value: 6.103949524471663.
[I 2023-11-21 13:05:16,228] Trial 46 finished with value: inf and parameters: {'model_name': 'GAIN', 'batch_size': 5, 'hint_rate': 0.15934217974745157, 'alpha': 78, 'iterations': 733}. Best is trial 9 with value: 6.103949524471663.
[I 2023-11-21 13:05:16,402] Trial 31 finished with value: inf and parameters: {'model_name': 'IterativeImputer', 'estimator': 'KNN', 'sample_posterior': True, 'initial_strategy': 'most_frequent', 'imputation_order': 'random'}. Best is trial 9 with value: 6.103949524471663.
[I 2023-11-21 13:05:16,660] Trial 14 finished with value: inf and parameters: {'model_name': 'RandomForestImputer', 'max_iter': 2, 'decreasing': True, 'min_samples_split': 0.7000000000000001, 'min_samples_leaf': 0.9, 'max_features': 0.6000000000000001, 'bootstrap': True, 'oob_score': True, 'warm_start': False}. Best is trial 9 with value: 6.103949524471663.
[I 2023-11-21 13:05:16,858] Trial 17 finished with value: 6.103949524471663 and parameters: {'model_name': 'SimpleImputer', 'strategy': 'constant'}. Best is trial 9 with value: 6.103949524471663.
[I 2023-11-21 13:05:17,266] Trial 11 finished with value: 2.3055238773642177 and parameters: {'model_name': 'SimpleImputer', 'strategy': 'mean'}. Best is trial 11 with value: 2.3055238773642177.
[I 2023-11-21 13:05:17,678] Trial 28 finished with value: inf and parameters: {'model_name': 'RandomForestImputer', 'max_iter': 7, 'decreasing': True, 'min_samples_split': 0.5, 'min_samples_leaf': 1.0, 'max_features': 0.0, 'bootstrap': False, 'oob_score': False, 'warm_start': False}. Best is trial 11 with value: 2.3055238773642177.
[I 2023-11-21 13:05:17,962] Trial 18 finished with value: inf and parameters: {'model_name': 'RandomForestImputer', 'max_iter': 4, 'decreasing': True, 'min_samples_split': 0.5, 'min_samples_leaf': 0.1, 'max_features': 0.2, 'bootstrap': True, 'oob_score': True, 'warm_start': True}. Best is trial 11 with value: 2.3055238773642177.
[I 2023-11-21 13:05:18,193] Trial 36 finished with value: inf and parameters: {'model_name': 'RandomForestImputer', 'max_iter': 2, 'decreasing': False, 'min_samples_split': 0.9, 'min_samples_leaf': 0.1, 'max_features': 0.7000000000000001, 'bootstrap': False, 'oob_score': True, 'warm_start': True}. Best is trial 11 with value: 2.3055238773642177.
[I 2023-11-21 13:05:18,372] Trial 40 finished with value: inf and parameters: {'model_name': 'RandomForestImputer', 'max_iter': 52, 'decreasing': True, 'min_samples_split': 0.9, 'min_samples_leaf': 0.8, 'max_features': 0.8, 'bootstrap': False, 'oob_score': False, 'warm_start': False}. Best is trial 11 with value: 2.3055238773642177.
[I 2023-11-21 13:05:18,643] Trial 33 finished with value: inf and parameters: {'model_name': 'RandomForestImputer', 'max_iter': 2, 'decreasing': True, 'min_samples_split': 0.0, 'min_samples_leaf': 0.1, 'max_features': 0.5, 'bootstrap': False, 'oob_score': False, 'warm_start': False}. Best is trial 11 with value: 2.3055238773642177.
[I 2023-11-21 13:05:18,891] Trial 32 finished with value: inf and parameters: {'model_name': 'RandomForestImputer', 'max_iter': 1, 'decreasing': True, 'min_samples_split': 1.0, 'min_samples_leaf': 0.2, 'max_features': 0.6000000000000001, 'bootstrap': True, 'oob_score': False, 'warm_start': False}. Best is trial 11 with value: 2.3055238773642177.
[I 2023-11-21 13:05:19,169] Trial 23 finished with value: inf and parameters: {'model_name': 'RandomForestImputer', 'max_iter': 5, 'decreasing': True, 'min_samples_split': 0.2, 'min_samples_leaf': 1.0, 'max_features': 1.0, 'bootstrap': False, 'oob_score': True, 'warm_start': True}. Best is trial 11 with value: 2.3055238773642177.
[I 2023-11-21 13:05:19,602] Trial 24 finished with value: inf and parameters: {'model_name': 'RandomForestImputer', 'max_iter': 3, 'decreasing': False, 'min_samples_split': 0.30000000000000004, 'min_samples_leaf': 0.2, 'max_features': 0.9, 'bootstrap': False, 'oob_score': False, 'warm_start': False}. Best is trial 11 with value: 2.3055238773642177.
[I 2023-11-21 13:05:19,905] Trial 39 finished with value: 6.103949524471663 and parameters: {'model_name': 'SimpleImputer', 'strategy': 'constant'}. Best is trial 11 with value: 2.3055238773642177.
[I 2023-11-21 13:05:20,182] Trial 35 finished with value: 2.3055238773642177 and parameters: {'model_name': 'SimpleImputer', 'strategy': 'mean'}. Best is trial 11 with value: 2.3055238773642177.
[I 2023-11-21 13:05:20,364] Trial 52 finished with value: 6.103949524471663 and parameters: {'model_name': 'SimpleImputer', 'strategy': 'constant'}. Best is trial 11 with value: 2.3055238773642177.
[I 2023-11-21 13:05:20,842] Trial 53 finished with value: 6.103949524471663 and parameters: {'model_name': 'SimpleImputer', 'strategy': 'constant'}. Best is trial 11 with value: 2.3055238773642177.
[I 2023-11-21 13:05:21,207] Trial 42 finished with value: 6.103949524471663 and parameters: {'model_name': 'SimpleImputer', 'strategy': 'constant'}. Best is trial 11 with value: 2.3055238773642177.
[I 2023-11-21 13:05:21,408] Trial 54 finished with value: 6.103949524471663 and parameters: {'model_name': 'SimpleImputer', 'strategy': 'constant'}. Best is trial 11 with value: 2.3055238773642177.
[I 2023-11-21 13:05:21,737] Trial 13 finished with value: 2.2858491903823945 and parameters: {'model_name': 'SimpleImputer', 'strategy': 'median'}. Best is trial 13 with value: 2.2858491903823945.
[I 2023-11-21 13:05:21,738] Trial 55 finished with value: 6.103949524471663 and parameters: {'model_name': 'SimpleImputer', 'strategy': 'constant'}. Best is trial 13 with value: 2.2858491903823945.
[I 2023-11-21 13:05:22,110] Trial 56 finished with value: 6.103949524471663 and parameters: {'model_name': 'SimpleImputer', 'strategy': 'constant'}. Best is trial 13 with value: 2.2858491903823945.
[I 2023-11-21 13:05:22,416] Trial 50 finished with value: 2.3055238773642177 and parameters: {'model_name': 'SimpleImputer', 'strategy': 'mean'}. Best is trial 13 with value: 2.2858491903823945.
[I 2023-11-21 13:05:23,044] Trial 57 finished with value: 6.103949524471663 and parameters: {'model_name': 'SimpleImputer', 'strategy': 'constant'}. Best is trial 13 with value: 2.2858491903823945.
[I 2023-11-21 13:05:23,528] Trial 63 finished with value: 6.103949524471663 and parameters: {'model_name': 'SimpleImputer', 'strategy': 'constant'}. Best is trial 13 with value: 2.2858491903823945.
[I 2023-11-21 13:05:23,841] Trial 60 finished with value: 6.103949524471663 and parameters: {'model_name': 'SimpleImputer', 'strategy': 'constant'}. Best is trial 13 with value: 2.2858491903823945.
[I 2023-11-21 13:05:24,136] Trial 58 finished with value: 6.103949524471663 and parameters: {'model_name': 'SimpleImputer', 'strategy': 'constant'}. Best is trial 13 with value: 2.2858491903823945.
[I 2023-11-21 13:05:24,388] Trial 64 finished with value: 6.103949524471663 and parameters: {'model_name': 'SimpleImputer', 'strategy': 'constant'}. Best is trial 13 with value: 2.2858491903823945.
[I 2023-11-21 13:05:24,713] Trial 65 finished with value: 6.103949524471663 and parameters: {'model_name': 'SimpleImputer', 'strategy': 'constant'}. Best is trial 13 with value: 2.2858491903823945.
[I 2023-11-21 13:05:24,915] Trial 59 finished with value: 6.103949524471663 and parameters: {'model_name': 'SimpleImputer', 'strategy': 'constant'}. Best is trial 13 with value: 2.2858491903823945.
[I 2023-11-21 13:05:25,208] Trial 66 finished with value: 6.103949524471663 and parameters: {'model_name': 'SimpleImputer', 'strategy': 'constant'}. Best is trial 13 with value: 2.2858491903823945.
[I 2023-11-21 13:05:25,414] Trial 62 finished with value: 6.103949524471663 and parameters: {'model_name': 'SimpleImputer', 'strategy': 'constant'}. Best is trial 13 with value: 2.2858491903823945.
[I 2023-11-21 13:05:25,790] Trial 61 finished with value: 6.103949524471663 and parameters: {'model_name': 'SimpleImputer', 'strategy': 'constant'}. Best is trial 13 with value: 2.2858491903823945.
[I 2023-11-21 13:05:26,106] Trial 68 finished with value: 6.103949524471663 and parameters: {'model_name': 'SimpleImputer', 'strategy': 'constant'}. Best is trial 13 with value: 2.2858491903823945.
[I 2023-11-21 13:05:26,435] Trial 70 finished with value: 6.103949524471663 and parameters: {'model_name': 'SimpleImputer', 'strategy': 'constant'}. Best is trial 13 with value: 2.2858491903823945.
[I 2023-11-21 13:05:26,638] Trial 71 finished with value: 6.103949524471663 and parameters: {'model_name': 'SimpleImputer', 'strategy': 'constant'}. Best is trial 13 with value: 2.2858491903823945.
[I 2023-11-21 13:05:27,016] Trial 45 finished with value: 2.2858491903823945 and parameters: {'model_name': 'SimpleImputer', 'strategy': 'median'}. Best is trial 13 with value: 2.2858491903823945.
[I 2023-11-21 13:05:27,254] Trial 69 finished with value: 6.103949524471663 and parameters: {'model_name': 'SimpleImputer', 'strategy': 'constant'}. Best is trial 13 with value: 2.2858491903823945.
[I 2023-11-21 13:05:27,448] Trial 47 finished with value: 2.2858491903823945 and parameters: {'model_name': 'SimpleImputer', 'strategy': 'median'}. Best is trial 13 with value: 2.2858491903823945.
[I 2023-11-21 13:05:27,662] Trial 76 finished with value: 6.103949524471663 and parameters: {'model_name': 'SimpleImputer', 'strategy': 'constant'}. Best is trial 13 with value: 2.2858491903823945.
[I 2023-11-21 13:05:27,937] Trial 75 finished with value: 6.103949524471663 and parameters: {'model_name': 'SimpleImputer', 'strategy': 'constant'}. Best is trial 13 with value: 2.2858491903823945.
[I 2023-11-21 13:05:27,940] Trial 67 finished with value: 6.103949524471663 and parameters: {'model_name': 'SimpleImputer', 'strategy': 'constant'}. Best is trial 13 with value: 2.2858491903823945.
[I 2023-11-21 13:05:28,228] Trial 72 finished with value: 6.103949524471663 and parameters: {'model_name': 'SimpleImputer', 'strategy': 'constant'}. Best is trial 13 with value: 2.2858491903823945.
[I 2023-11-21 13:05:28,707] Trial 78 finished with value: 6.103949524471663 and parameters: {'model_name': 'SimpleImputer', 'strategy': 'constant'}. Best is trial 13 with value: 2.2858491903823945.
[I 2023-11-21 13:05:29,131] Trial 74 finished with value: 6.103949524471663 and parameters: {'model_name': 'SimpleImputer', 'strategy': 'constant'}. Best is trial 13 with value: 2.2858491903823945.
[I 2023-11-21 13:05:29,342] Trial 82 finished with value: 6.103949524471663 and parameters: {'model_name': 'SimpleImputer', 'strategy': 'constant'}. Best is trial 13 with value: 2.2858491903823945.
[I 2023-11-21 13:05:29,676] Trial 77 finished with value: 6.103949524471663 and parameters: {'model_name': 'SimpleImputer', 'strategy': 'constant'}. Best is trial 13 with value: 2.2858491903823945.
[I 2023-11-21 13:05:30,085] Trial 80 finished with value: 6.103949524471663 and parameters: {'model_name': 'SimpleImputer', 'strategy': 'constant'}. Best is trial 13 with value: 2.2858491903823945.
[I 2023-11-21 13:05:30,400] Trial 79 finished with value: 6.103949524471663 and parameters: {'model_name': 'SimpleImputer', 'strategy': 'constant'}. Best is trial 13 with value: 2.2858491903823945.
[I 2023-11-21 13:05:30,622] Trial 81 finished with value: 6.103949524471663 and parameters: {'model_name': 'SimpleImputer', 'strategy': 'constant'}. Best is trial 13 with value: 2.2858491903823945.
[I 2023-11-21 13:05:30,938] Trial 83 finished with value: 2.3055238773642177 and parameters: {'model_name': 'SimpleImputer', 'strategy': 'mean'}. Best is trial 13 with value: 2.2858491903823945.
[I 2023-11-21 13:05:31,337] Trial 90 finished with value: 2.3055238773642177 and parameters: {'model_name': 'SimpleImputer', 'strategy': 'mean'}. Best is trial 13 with value: 2.2858491903823945.
[I 2023-11-21 13:05:31,385] Trial 73 finished with value: 2.3055238773642177 and parameters: {'model_name': 'SimpleImputer', 'strategy': 'mean'}. Best is trial 13 with value: 2.2858491903823945.
[I 2023-11-21 13:05:31,763] Trial 85 finished with value: 2.3055238773642177 and parameters: {'model_name': 'SimpleImputer', 'strategy': 'mean'}. Best is trial 13 with value: 2.2858491903823945.
[I 2023-11-21 13:05:31,994] Trial 89 finished with value: 2.3055238773642177 and parameters: {'model_name': 'SimpleImputer', 'strategy': 'mean'}. Best is trial 13 with value: 2.2858491903823945.
[I 2023-11-21 13:05:32,221] Trial 86 finished with value: 2.3055238773642177 and parameters: {'model_name': 'SimpleImputer', 'strategy': 'mean'}. Best is trial 13 with value: 2.2858491903823945.
[I 2023-11-21 13:05:32,467] Trial 88 finished with value: 2.3055238773642177 and parameters: {'model_name': 'SimpleImputer', 'strategy': 'mean'}. Best is trial 13 with value: 2.2858491903823945.
[I 2023-11-21 13:05:32,753] Trial 91 finished with value: 2.3055238773642177 and parameters: {'model_name': 'SimpleImputer', 'strategy': 'mean'}. Best is trial 13 with value: 2.2858491903823945.
[I 2023-11-21 13:05:32,988] Trial 84 finished with value: 2.3055238773642177 and parameters: {'model_name': 'SimpleImputer', 'strategy': 'mean'}. Best is trial 13 with value: 2.2858491903823945.
[I 2023-11-21 13:05:33,316] Trial 87 finished with value: 2.3055238773642177 and parameters: {'model_name': 'SimpleImputer', 'strategy': 'mean'}. Best is trial 13 with value: 2.2858491903823945.
[I 2023-11-21 13:05:33,687] Trial 92 finished with value: 2.3055238773642177 and parameters: {'model_name': 'SimpleImputer', 'strategy': 'mean'}. Best is trial 13 with value: 2.2858491903823945.
[I 2023-11-21 13:05:34,098] Trial 98 finished with value: 2.3055238773642177 and parameters: {'model_name': 'SimpleImputer', 'strategy': 'mean'}. Best is trial 13 with value: 2.2858491903823945.
[I 2023-11-21 13:05:34,310] Trial 93 finished with value: 2.3055238773642177 and parameters: {'model_name': 'SimpleImputer', 'strategy': 'mean'}. Best is trial 13 with value: 2.2858491903823945.
[I 2023-11-21 13:05:36,300] Trial 108 finished with value: 2.3055238773642177 and parameters: {'model_name': 'SimpleImputer', 'strategy': 'mean'}. Best is trial 13 with value: 2.2858491903823945.
[I 2023-11-21 13:05:36,679] Trial 127 finished with value: inf and parameters: {'model_name': 'KNNImputer', 'weights': 'uniform', 'keep_empty_features': False}. Best is trial 13 with value: 2.2858491903823945.
[I 2023-11-21 13:05:37,663] Trial 131 finished with value: inf and parameters: {'model_name': 'KNNImputer', 'weights': 'uniform', 'keep_empty_features': False}. Best is trial 13 with value: 2.2858491903823945.
[I 2023-11-21 13:05:38,679] Trial 6 finished with value: 2.3779831830163807 and parameters: {'model_name': 'SimpleImputer', 'strategy': 'most_frequent'}. Best is trial 13 with value: 2.2858491903823945.
[I 2023-11-21 13:05:41,311] Trial 51 finished with value: 2.3779831830163807 and parameters: {'model_name': 'SimpleImputer', 'strategy': 'most_frequent'}. Best is trial 13 with value: 2.2858491903823945.
[I 2023-11-21 13:05:41,857] Trial 21 finished with value: 2.3779831830163807 and parameters: {'model_name': 'SimpleImputer', 'strategy': 'most_frequent'}. Best is trial 13 with value: 2.2858491903823945.
[I 2023-11-21 13:06:36,713] Trial 8 finished with value: inf and parameters: {'model_name': 'IterativeImputer', 'estimator': 'RFR', 'sample_posterior': True, 'initial_strategy': 'mean', 'imputation_order': 'random'}. Best is trial 13 with value: 2.2858491903823945.
[I 2023-11-21 13:06:37,929] Trial 48 finished with value: inf and parameters: {'model_name': 'IterativeImputer', 'estimator': 'RFR', 'sample_posterior': True, 'initial_strategy': 'mean', 'imputation_order': 'random'}. Best is trial 13 with value: 2.2858491903823945.
[I 2023-11-21 13:06:43,256] Trial 138 finished with value: 2.2858491903823945 and parameters: {'model_name': 'SimpleImputer', 'strategy': 'median'}. Best is trial 13 with value: 2.2858491903823945.
[I 2023-11-21 13:07:48,954] Trial 4 finished with value: inf and parameters: {'model_name': 'IterativeImputer', 'estimator': 'RFR', 'sample_posterior': True, 'initial_strategy': 'median', 'imputation_order': 'random'}. Best is trial 13 with value: 2.2858491903823945.
[I 2023-11-21 13:13:43,475] Trial 101 finished with value: 1.7206114817906215 and parameters: {'model_name': 'IterativeImputer', 'estimator': 'Ridge', 'sample_posterior': False, 'initial_strategy': 'mean', 'imputation_order': 'ascending'}. Best is trial 101 with value: 1.7206114817906215.
[I 2023-11-21 13:13:45,148] Trial 130 finished with value: 1.7206117198267514 and parameters: {'model_name': 'IterativeImputer', 'estimator': 'Ridge', 'sample_posterior': False, 'initial_strategy': 'mean', 'imputation_order': 'roman'}. Best is trial 101 with value: 1.7206114817906215.
[I 2023-11-21 13:13:48,534] Trial 95 finished with value: 1.720613705612979 and parameters: {'model_name': 'IterativeImputer', 'estimator': 'Ridge', 'sample_posterior': False, 'initial_strategy': 'constant', 'imputation_order': 'ascending'}. Best is trial 101 with value: 1.7206114817906215.
[I 2023-11-21 13:13:51,721] Trial 114 finished with value: 1.720613705612979 and parameters: {'model_name': 'IterativeImputer', 'estimator': 'Ridge', 'sample_posterior': False, 'initial_strategy': 'constant', 'imputation_order': 'ascending'}. Best is trial 101 with value: 1.7206114817906215.
[I 2023-11-21 13:13:53,210] Trial 136 finished with value: 1.7206140481237142 and parameters: {'model_name': 'IterativeImputer', 'estimator': 'Ridge', 'sample_posterior': False, 'initial_strategy': 'constant', 'imputation_order': 'descending'}. Best is trial 101 with value: 1.7206114817906215.
[I 2023-11-21 13:13:55,310] Trial 103 finished with value: 1.7206118775465122 and parameters: {'model_name': 'IterativeImputer', 'estimator': 'Ridge', 'sample_posterior': False, 'initial_strategy': 'median', 'imputation_order': 'arabic'}. Best is trial 101 with value: 1.7206114817906215.
[I 2023-11-21 13:13:56,055] Trial 112 finished with value: 1.7206122614213701 and parameters: {'model_name': 'IterativeImputer', 'estimator': 'Ridge', 'sample_posterior': False, 'initial_strategy': 'median', 'imputation_order': 'descending'}. Best is trial 101 with value: 1.7206114817906215.
[I 2023-11-21 13:13:56,678] Trial 29 finished with value: 1.720611858793911 and parameters: {'model_name': 'IterativeImputer', 'estimator': 'Ridge', 'sample_posterior': False, 'initial_strategy': 'mean', 'imputation_order': 'descending'}. Best is trial 101 with value: 1.7206114817906215.
[I 2023-11-21 13:13:57,459] Trial 135 finished with value: 1.7206132468536588 and parameters: {'model_name': 'IterativeImputer', 'estimator': 'Ridge', 'sample_posterior': False, 'initial_strategy': 'constant', 'imputation_order': 'arabic'}. Best is trial 101 with value: 1.7206114817906215.
[I 2023-11-21 13:13:58,551] Trial 113 finished with value: 1.720611858793911 and parameters: {'model_name': 'IterativeImputer', 'estimator': 'Ridge', 'sample_posterior': False, 'initial_strategy': 'mean', 'imputation_order': 'descending'}. Best is trial 101 with value: 1.7206114817906215.
[I 2023-11-21 13:13:59,367] Trial 104 finished with value: 1.7206122614213701 and parameters: {'model_name': 'IterativeImputer', 'estimator': 'Ridge', 'sample_posterior': False, 'initial_strategy': 'median', 'imputation_order': 'descending'}. Best is trial 101 with value: 1.7206114817906215.
[I 2023-11-21 13:14:01,598] Trial 122 finished with value: 1.7206117198267514 and parameters: {'model_name': 'IterativeImputer', 'estimator': 'Ridge', 'sample_posterior': False, 'initial_strategy': 'mean', 'imputation_order': 'roman'}. Best is trial 101 with value: 1.7206114817906215.
[I 2023-11-21 13:14:02,167] Trial 120 finished with value: 1.7206119879537702 and parameters: {'model_name': 'IterativeImputer', 'estimator': 'Ridge', 'sample_posterior': False, 'initial_strategy': 'median', 'imputation_order': 'roman'}. Best is trial 101 with value: 1.7206114817906215.
[I 2023-11-21 13:14:02,874] Trial 121 finished with value: 1.7206132468536588 and parameters: {'model_name': 'IterativeImputer', 'estimator': 'Ridge', 'sample_posterior': False, 'initial_strategy': 'constant', 'imputation_order': 'arabic'}. Best is trial 101 with value: 1.7206114817906215.
[I 2023-11-21 13:14:05,203] Trial 106 finished with value: 1.7206132468536588 and parameters: {'model_name': 'IterativeImputer', 'estimator': 'Ridge', 'sample_posterior': False, 'initial_strategy': 'constant', 'imputation_order': 'arabic'}. Best is trial 101 with value: 1.7206114817906215.
[I 2023-11-21 13:14:07,814] Trial 126 finished with value: 1.7206116736522457 and parameters: {'model_name': 'IterativeImputer', 'estimator': 'Ridge', 'sample_posterior': False, 'initial_strategy': 'mean', 'imputation_order': 'arabic'}. Best is trial 101 with value: 1.7206114817906215.
[I 2023-11-21 13:14:09,413] Trial 137 finished with value: 1.7206142484953209 and parameters: {'model_name': 'IterativeImputer', 'estimator': 'Ridge', 'sample_posterior': False, 'initial_strategy': 'constant', 'imputation_order': 'roman'}. Best is trial 101 with value: 1.7206114817906215.
[I 2023-11-21 13:14:09,956] Trial 134 finished with value: 1.7206132468536588 and parameters: {'model_name': 'IterativeImputer', 'estimator': 'Ridge', 'sample_posterior': False, 'initial_strategy': 'constant', 'imputation_order': 'arabic'}. Best is trial 101 with value: 1.7206114817906215.
[I 2023-11-21 13:14:17,898] Trial 117 finished with value: 1.7206140481237142 and parameters: {'model_name': 'IterativeImputer', 'estimator': 'Ridge', 'sample_posterior': False, 'initial_strategy': 'constant', 'imputation_order': 'descending'}. Best is trial 101 with value: 1.7206114817906215.
[I 2023-11-21 13:14:18,796] Trial 99 finished with value: 1.7206122614213701 and parameters: {'model_name': 'IterativeImputer', 'estimator': 'Ridge', 'sample_posterior': False, 'initial_strategy': 'median', 'imputation_order': 'descending'}. Best is trial 101 with value: 1.7206114817906215.
[I 2023-11-21 13:14:59,319] Trial 139 finished with value: 1.7206140481237142 and parameters: {'model_name': 'IterativeImputer', 'estimator': 'Ridge', 'sample_posterior': False, 'initial_strategy': 'constant', 'imputation_order': 'descending'}. Best is trial 101 with value: 1.7206114817906215.
[I 2023-11-21 13:19:17,180] Trial 12 finished with value: 0.7007193649511971 and parameters: {'model_name': 'IterativeImputer', 'estimator': 'KNN', 'sample_posterior': False, 'initial_strategy': 'most_frequent', 'imputation_order': 'roman'}. Best is trial 12 with value: 0.7007193649511971.
[I 2023-11-21 13:19:26,901] Trial 38 finished with value: 0.7010607707080101 and parameters: {'model_name': 'IterativeImputer', 'estimator': 'KNN', 'sample_posterior': False, 'initial_strategy': 'most_frequent', 'imputation_order': 'ascending'}. Best is trial 12 with value: 0.7007193649511971.
[I 2023-11-21 13:21:48,869] Trial 143 finished with value: 1.720613705612979 and parameters: {'model_name': 'IterativeImputer', 'estimator': 'Ridge', 'sample_posterior': False, 'initial_strategy': 'constant', 'imputation_order': 'ascending'}. Best is trial 12 with value: 0.7007193649511971.
[I 2023-11-21 13:22:05,534] Trial 142 finished with value: 1.720613705612979 and parameters: {'model_name': 'IterativeImputer', 'estimator': 'Ridge', 'sample_posterior': False, 'initial_strategy': 'constant', 'imputation_order': 'ascending'}. Best is trial 12 with value: 0.7007193649511971.
[I 2023-11-21 13:22:06,259] Trial 149 finished with value: 1.720613705612979 and parameters: {'model_name': 'IterativeImputer', 'estimator': 'Ridge', 'sample_posterior': False, 'initial_strategy': 'constant', 'imputation_order': 'ascending'}. Best is trial 12 with value: 0.7007193649511971.
[I 2023-11-21 13:22:06,650] Trial 144 finished with value: 1.720613705612979 and parameters: {'model_name': 'IterativeImputer', 'estimator': 'Ridge', 'sample_posterior': False, 'initial_strategy': 'constant', 'imputation_order': 'ascending'}. Best is trial 12 with value: 0.7007193649511971.
[I 2023-11-21 13:22:07,818] Trial 147 finished with value: 1.720613705612979 and parameters: {'model_name': 'IterativeImputer', 'estimator': 'Ridge', 'sample_posterior': False, 'initial_strategy': 'constant', 'imputation_order': 'ascending'}. Best is trial 12 with value: 0.7007193649511971.
[I 2023-11-21 13:22:19,672] Trial 145 finished with value: 1.720613705612979 and parameters: {'model_name': 'IterativeImputer', 'estimator': 'Ridge', 'sample_posterior': False, 'initial_strategy': 'constant', 'imputation_order': 'ascending'}. Best is trial 12 with value: 0.7007193649511971.
[I 2023-11-21 13:22:23,849] Trial 156 finished with value: 1.7206119879537702 and parameters: {'model_name': 'IterativeImputer', 'estimator': 'Ridge', 'sample_posterior': False, 'initial_strategy': 'median', 'imputation_order': 'roman'}. Best is trial 12 with value: 0.7007193649511971.
[I 2023-11-21 13:22:25,861] Trial 152 finished with value: 1.7206140481237142 and parameters: {'model_name': 'IterativeImputer', 'estimator': 'Ridge', 'sample_posterior': False, 'initial_strategy': 'constant', 'imputation_order': 'descending'}. Best is trial 12 with value: 0.7007193649511971.
[I 2023-11-21 13:22:26,312] Trial 151 finished with value: 1.7206140481237142 and parameters: {'model_name': 'IterativeImputer', 'estimator': 'Ridge', 'sample_posterior': False, 'initial_strategy': 'constant', 'imputation_order': 'descending'}. Best is trial 12 with value: 0.7007193649511971.
[I 2023-11-21 13:22:26,931] Trial 150 finished with value: 1.720613705612979 and parameters: {'model_name': 'IterativeImputer', 'estimator': 'Ridge', 'sample_posterior': False, 'initial_strategy': 'constant', 'imputation_order': 'ascending'}. Best is trial 12 with value: 0.7007193649511971.
[I 2023-11-21 13:22:31,199] Trial 148 finished with value: 1.720613705612979 and parameters: {'model_name': 'IterativeImputer', 'estimator': 'Ridge', 'sample_posterior': False, 'initial_strategy': 'constant', 'imputation_order': 'ascending'}. Best is trial 12 with value: 0.7007193649511971.
[I 2023-11-21 13:22:34,631] Trial 154 finished with value: 1.7206119879537702 and parameters: {'model_name': 'IterativeImputer', 'estimator': 'Ridge', 'sample_posterior': False, 'initial_strategy': 'median', 'imputation_order': 'roman'}. Best is trial 12 with value: 0.7007193649511971.
[I 2023-11-21 13:22:42,040] Trial 159 finished with value: 1.7206122614213701 and parameters: {'model_name': 'IterativeImputer', 'estimator': 'Ridge', 'sample_posterior': False, 'initial_strategy': 'median', 'imputation_order': 'descending'}. Best is trial 12 with value: 0.7007193649511971.
[I 2023-11-21 13:22:42,785] Trial 146 finished with value: 1.720613705612979 and parameters: {'model_name': 'IterativeImputer', 'estimator': 'Ridge', 'sample_posterior': False, 'initial_strategy': 'constant', 'imputation_order': 'ascending'}. Best is trial 12 with value: 0.7007193649511971.
[I 2023-11-21 13:22:46,375] Trial 153 finished with value: 1.7206114817906215 and parameters: {'model_name': 'IterativeImputer', 'estimator': 'Ridge', 'sample_posterior': False, 'initial_strategy': 'mean', 'imputation_order': 'ascending'}. Best is trial 12 with value: 0.7007193649511971.
[I 2023-11-21 13:22:48,536] Trial 157 finished with value: 1.7206119879537702 and parameters: {'model_name': 'IterativeImputer', 'estimator': 'Ridge', 'sample_posterior': False, 'initial_strategy': 'median', 'imputation_order': 'roman'}. Best is trial 12 with value: 0.7007193649511971.
[I 2023-11-21 13:22:49,085] Trial 155 finished with value: 1.7206119879537702 and parameters: {'model_name': 'IterativeImputer', 'estimator': 'Ridge', 'sample_posterior': False, 'initial_strategy': 'median', 'imputation_order': 'roman'}. Best is trial 12 with value: 0.7007193649511971.
[I 2023-11-21 13:22:54,317] Trial 158 finished with value: 1.7206118775465122 and parameters: {'model_name': 'IterativeImputer', 'estimator': 'Ridge', 'sample_posterior': False, 'initial_strategy': 'median', 'imputation_order': 'arabic'}. Best is trial 12 with value: 0.7007193649511971.
[I 2023-11-21 13:22:57,495] Trial 182 finished with value: inf and parameters: {'model_name': 'IterativeImputer', 'estimator': 'KNN', 'sample_posterior': True, 'initial_strategy': 'mean', 'imputation_order': 'roman'}. Best is trial 12 with value: 0.7007193649511971.
[I 2023-11-21 13:23:12,154] Trial 161 finished with value: 1.7206122614213701 and parameters: {'model_name': 'IterativeImputer', 'estimator': 'Ridge', 'sample_posterior': False, 'initial_strategy': 'median', 'imputation_order': 'descending'}. Best is trial 12 with value: 0.7007193649511971.
[I 2023-11-21 13:23:21,192] Trial 160 finished with value: 1.7206119879537702 and parameters: {'model_name': 'IterativeImputer', 'estimator': 'Ridge', 'sample_posterior': False, 'initial_strategy': 'median', 'imputation_order': 'roman'}. Best is trial 12 with value: 0.7007193649511971.
[I 2023-11-21 13:24:14,642] Trial 162 finished with value: 1.7206119879537702 and parameters: {'model_name': 'IterativeImputer', 'estimator': 'Ridge', 'sample_posterior': False, 'initial_strategy': 'median', 'imputation_order': 'roman'}. Best is trial 12 with value: 0.7007193649511971.
[I 2023-11-21 13:24:26,711] Trial 110 finished with value: 1.7206392243420403 and parameters: {'model_name': 'IterativeImputer', 'estimator': 'Bayesian', 'sample_posterior': False, 'initial_strategy': 'constant', 'imputation_order': 'ascending'}. Best is trial 12 with value: 0.7007193649511971.
[I 2023-11-21 13:24:29,777] Trial 43 finished with value: 1.720637402975301 and parameters: {'model_name': 'IterativeImputer', 'estimator': 'Bayesian', 'sample_posterior': False, 'initial_strategy': 'mean', 'imputation_order': 'descending'}. Best is trial 12 with value: 0.7007193649511971.
[I 2023-11-21 13:24:43,102] Trial 96 finished with value: 1.7206372202383409 and parameters: {'model_name': 'IterativeImputer', 'estimator': 'Bayesian', 'sample_posterior': False, 'initial_strategy': 'mean', 'imputation_order': 'arabic'}. Best is trial 12 with value: 0.7007193649511971.
[I 2023-11-21 13:24:50,154] Trial 102 finished with value: 1.72063877539705 and parameters: {'model_name': 'IterativeImputer', 'estimator': 'Bayesian', 'sample_posterior': False, 'initial_strategy': 'constant', 'imputation_order': 'arabic'}. Best is trial 12 with value: 0.7007193649511971.
[I 2023-11-21 13:24:51,472] Trial 116 finished with value: 1.7206372621952142 and parameters: {'model_name': 'IterativeImputer', 'estimator': 'Bayesian', 'sample_posterior': False, 'initial_strategy': 'mean', 'imputation_order': 'roman'}. Best is trial 12 with value: 0.7007193649511971.
[I 2023-11-21 13:25:02,416] Trial 97 finished with value: 1.7206371374834635 and parameters: {'model_name': 'IterativeImputer', 'estimator': 'Bayesian', 'sample_posterior': False, 'initial_strategy': 'median', 'imputation_order': 'ascending'}. Best is trial 12 with value: 0.7007193649511971.
[I 2023-11-21 13:25:13,130] Trial 100 finished with value: 1.7206395701497992 and parameters: {'model_name': 'IterativeImputer', 'estimator': 'Bayesian', 'sample_posterior': False, 'initial_strategy': 'constant', 'imputation_order': 'descending'}. Best is trial 12 with value: 0.7007193649511971.
[I 2023-11-21 13:25:20,886] Trial 193 finished with value: inf and parameters: {'model_name': 'IterativeImputer', 'estimator': 'KNN', 'sample_posterior': True, 'initial_strategy': 'most_frequent', 'imputation_order': 'roman'}. Best is trial 12 with value: 0.7007193649511971.
[I 2023-11-21 13:25:25,976] Trial 3 finished with value: 1.72063877539705 and parameters: {'model_name': 'IterativeImputer', 'estimator': 'Bayesian', 'sample_posterior': False, 'initial_strategy': 'constant', 'imputation_order': 'arabic'}. Best is trial 12 with value: 0.7007193649511971.
[I 2023-11-21 13:25:30,139] Trial 129 finished with value: 1.720637028911753 and parameters: {'model_name': 'IterativeImputer', 'estimator': 'Bayesian', 'sample_posterior': False, 'initial_strategy': 'mean', 'imputation_order': 'ascending'}. Best is trial 12 with value: 0.7007193649511971.
[I 2023-11-21 13:25:35,701] Trial 128 finished with value: 1.7206375280978778 and parameters: {'model_name': 'IterativeImputer', 'estimator': 'Bayesian', 'sample_posterior': False, 'initial_strategy': 'median', 'imputation_order': 'roman'}. Best is trial 12 with value: 0.7007193649511971.
[I 2023-11-21 13:25:38,132] Trial 132 finished with value: 1.72063877539705 and parameters: {'model_name': 'IterativeImputer', 'estimator': 'Bayesian', 'sample_posterior': False, 'initial_strategy': 'constant', 'imputation_order': 'arabic'}. Best is trial 12 with value: 0.7007193649511971.
[I 2023-11-21 13:25:45,045] Trial 111 finished with value: 1.7206374209941822 and parameters: {'model_name': 'IterativeImputer', 'estimator': 'Bayesian', 'sample_posterior': False, 'initial_strategy': 'median', 'imputation_order': 'arabic'}. Best is trial 12 with value: 0.7007193649511971.
[I 2023-11-21 13:27:23,762] Trial 140 finished with value: 1.7206375280978778 and parameters: {'model_name': 'IterativeImputer', 'estimator': 'Bayesian', 'sample_posterior': False, 'initial_strategy': 'median', 'imputation_order': 'roman'}. Best is trial 12 with value: 0.7007193649511971.
[I 2023-11-21 13:30:08,078] Trial 141 finished with value: 1.72063877539705 and parameters: {'model_name': 'IterativeImputer', 'estimator': 'Bayesian', 'sample_posterior': False, 'initial_strategy': 'constant', 'imputation_order': 'arabic'}. Best is trial 12 with value: 0.7007193649511971.
[I 2023-11-21 13:33:37,110] Trial 163 finished with value: 1.7206119879537702 and parameters: {'model_name': 'IterativeImputer', 'estimator': 'Ridge', 'sample_posterior': False, 'initial_strategy': 'median', 'imputation_order': 'roman'}. Best is trial 12 with value: 0.7007193649511971.
[I 2023-11-21 13:38:33,595] Trial 164 finished with value: 0.7011578476173582 and parameters: {'model_name': 'IterativeImputer', 'estimator': 'KNN', 'sample_posterior': False, 'initial_strategy': 'mean', 'imputation_order': 'roman'}. Best is trial 12 with value: 0.7007193649511971.
[I 2023-11-21 13:41:48,452] Trial 167 finished with value: 0.7011578476173582 and parameters: {'model_name': 'IterativeImputer', 'estimator': 'KNN', 'sample_posterior': False, 'initial_strategy': 'mean', 'imputation_order': 'roman'}. Best is trial 12 with value: 0.7007193649511971.
[I 2023-11-21 13:41:59,638] Trial 165 finished with value: 0.7011578476173582 and parameters: {'model_name': 'IterativeImputer', 'estimator': 'KNN', 'sample_posterior': False, 'initial_strategy': 'mean', 'imputation_order': 'roman'}. Best is trial 12 with value: 0.7007193649511971.
[I 2023-11-21 13:42:09,133] Trial 166 finished with value: 0.7011578476173582 and parameters: {'model_name': 'IterativeImputer', 'estimator': 'KNN', 'sample_posterior': False, 'initial_strategy': 'mean', 'imputation_order': 'roman'}. Best is trial 12 with value: 0.7007193649511971.
[I 2023-11-21 13:42:14,129] Trial 168 finished with value: 0.6986375778844899 and parameters: {'model_name': 'IterativeImputer', 'estimator': 'KNN', 'sample_posterior': False, 'initial_strategy': 'median', 'imputation_order': 'roman'}. Best is trial 168 with value: 0.6986375778844899.
[I 2023-11-21 13:42:19,036] Trial 169 finished with value: 0.6986375778844899 and parameters: {'model_name': 'IterativeImputer', 'estimator': 'KNN', 'sample_posterior': False, 'initial_strategy': 'median', 'imputation_order': 'roman'}. Best is trial 168 with value: 0.6986375778844899.
[I 2023-11-21 13:42:20,465] Trial 175 finished with value: 0.7011578476173582 and parameters: {'model_name': 'IterativeImputer', 'estimator': 'KNN', 'sample_posterior': False, 'initial_strategy': 'mean', 'imputation_order': 'roman'}. Best is trial 168 with value: 0.6986375778844899.
[I 2023-11-21 13:42:26,555] Trial 171 finished with value: 0.7011578476173582 and parameters: {'model_name': 'IterativeImputer', 'estimator': 'KNN', 'sample_posterior': False, 'initial_strategy': 'mean', 'imputation_order': 'roman'}. Best is trial 168 with value: 0.6986375778844899.
[I 2023-11-21 13:42:29,960] Trial 174 finished with value: 0.7011578476173582 and parameters: {'model_name': 'IterativeImputer', 'estimator': 'KNN', 'sample_posterior': False, 'initial_strategy': 'mean', 'imputation_order': 'roman'}. Best is trial 168 with value: 0.6986375778844899.
[I 2023-11-21 13:42:30,943] Trial 170 finished with value: 0.6986375778844899 and parameters: {'model_name': 'IterativeImputer', 'estimator': 'KNN', 'sample_posterior': False, 'initial_strategy': 'median', 'imputation_order': 'roman'}. Best is trial 168 with value: 0.6986375778844899.
[I 2023-11-21 13:42:35,819] Trial 178 finished with value: 0.7011578476173582 and parameters: {'model_name': 'IterativeImputer', 'estimator': 'KNN', 'sample_posterior': False, 'initial_strategy': 'mean', 'imputation_order': 'roman'}. Best is trial 168 with value: 0.6986375778844899.
[I 2023-11-21 13:42:36,137] Trial 184 finished with value: 0.7011578476173582 and parameters: {'model_name': 'IterativeImputer', 'estimator': 'KNN', 'sample_posterior': False, 'initial_strategy': 'mean', 'imputation_order': 'roman'}. Best is trial 168 with value: 0.6986375778844899.
[I 2023-11-21 13:42:38,447] Trial 179 finished with value: 0.7011578476173582 and parameters: {'model_name': 'IterativeImputer', 'estimator': 'KNN', 'sample_posterior': False, 'initial_strategy': 'mean', 'imputation_order': 'roman'}. Best is trial 168 with value: 0.6986375778844899.
[I 2023-11-21 13:42:38,959] Trial 181 finished with value: 0.7011578476173582 and parameters: {'model_name': 'IterativeImputer', 'estimator': 'KNN', 'sample_posterior': False, 'initial_strategy': 'mean', 'imputation_order': 'roman'}. Best is trial 168 with value: 0.6986375778844899.
[I 2023-11-21 13:42:39,273] Trial 176 finished with value: 0.7011578476173582 and parameters: {'model_name': 'IterativeImputer', 'estimator': 'KNN', 'sample_posterior': False, 'initial_strategy': 'mean', 'imputation_order': 'roman'}. Best is trial 168 with value: 0.6986375778844899.
[I 2023-11-21 13:42:40,018] Trial 172 finished with value: 0.7011578476173582 and parameters: {'model_name': 'IterativeImputer', 'estimator': 'KNN', 'sample_posterior': False, 'initial_strategy': 'mean', 'imputation_order': 'roman'}. Best is trial 168 with value: 0.6986375778844899.
[I 2023-11-21 13:42:41,155] Trial 177 finished with value: 0.7011578476173582 and parameters: {'model_name': 'IterativeImputer', 'estimator': 'KNN', 'sample_posterior': False, 'initial_strategy': 'mean', 'imputation_order': 'roman'}. Best is trial 168 with value: 0.6986375778844899.
[I 2023-11-21 13:42:43,209] Trial 183 finished with value: 0.7011578476173582 and parameters: {'model_name': 'IterativeImputer', 'estimator': 'KNN', 'sample_posterior': False, 'initial_strategy': 'mean', 'imputation_order': 'roman'}. Best is trial 168 with value: 0.6986375778844899.
[I 2023-11-21 13:42:43,814] Trial 173 finished with value: 0.7011578476173582 and parameters: {'model_name': 'IterativeImputer', 'estimator': 'KNN', 'sample_posterior': False, 'initial_strategy': 'mean', 'imputation_order': 'roman'}. Best is trial 168 with value: 0.6986375778844899.
[I 2023-11-21 13:42:47,648] Trial 185 finished with value: 0.7011578476173582 and parameters: {'model_name': 'IterativeImputer', 'estimator': 'KNN', 'sample_posterior': False, 'initial_strategy': 'mean', 'imputation_order': 'roman'}. Best is trial 168 with value: 0.6986375778844899.
[I 2023-11-21 13:42:49,070] Trial 180 finished with value: 0.7011578476173582 and parameters: {'model_name': 'IterativeImputer', 'estimator': 'KNN', 'sample_posterior': False, 'initial_strategy': 'mean', 'imputation_order': 'roman'}. Best is trial 168 with value: 0.6986375778844899.
[I 2023-11-21 13:43:00,949] Trial 188 finished with value: 0.7011578476173582 and parameters: {'model_name': 'IterativeImputer', 'estimator': 'KNN', 'sample_posterior': False, 'initial_strategy': 'mean', 'imputation_order': 'roman'}. Best is trial 168 with value: 0.6986375778844899.
[I 2023-11-21 13:43:03,614] Trial 187 finished with value: 0.7011578476173582 and parameters: {'model_name': 'IterativeImputer', 'estimator': 'KNN', 'sample_posterior': False, 'initial_strategy': 'mean', 'imputation_order': 'roman'}. Best is trial 168 with value: 0.6986375778844899.
[I 2023-11-21 13:43:08,268] Trial 186 finished with value: 0.7011578476173582 and parameters: {'model_name': 'IterativeImputer', 'estimator': 'KNN', 'sample_posterior': False, 'initial_strategy': 'mean', 'imputation_order': 'roman'}. Best is trial 168 with value: 0.6986375778844899.
[I 2023-11-21 13:43:18,995] Trial 192 finished with value: 0.7007193649511971 and parameters: {'model_name': 'IterativeImputer', 'estimator': 'KNN', 'sample_posterior': False, 'initial_strategy': 'most_frequent', 'imputation_order': 'roman'}. Best is trial 168 with value: 0.6986375778844899.
[I 2023-11-21 13:43:22,546] Trial 196 finished with value: 0.7011578476173582 and parameters: {'model_name': 'IterativeImputer', 'estimator': 'KNN', 'sample_posterior': False, 'initial_strategy': 'mean', 'imputation_order': 'roman'}. Best is trial 168 with value: 0.6986375778844899.
[I 2023-11-21 13:43:24,121] Trial 197 finished with value: 0.7011578476173582 and parameters: {'model_name': 'IterativeImputer', 'estimator': 'KNN', 'sample_posterior': False, 'initial_strategy': 'mean', 'imputation_order': 'roman'}. Best is trial 168 with value: 0.6986375778844899.
[I 2023-11-21 13:43:25,842] Trial 199 finished with value: 0.7011578476173582 and parameters: {'model_name': 'IterativeImputer', 'estimator': 'KNN', 'sample_posterior': False, 'initial_strategy': 'mean', 'imputation_order': 'roman'}. Best is trial 168 with value: 0.6986375778844899.
[I 2023-11-21 13:43:26,558] Trial 191 finished with value: 0.7007193649511971 and parameters: {'model_name': 'IterativeImputer', 'estimator': 'KNN', 'sample_posterior': False, 'initial_strategy': 'most_frequent', 'imputation_order': 'roman'}. Best is trial 168 with value: 0.6986375778844899.
[I 2023-11-21 13:43:27,225] Trial 190 finished with value: 0.7007193649511971 and parameters: {'model_name': 'IterativeImputer', 'estimator': 'KNN', 'sample_posterior': False, 'initial_strategy': 'most_frequent', 'imputation_order': 'roman'}. Best is trial 168 with value: 0.6986375778844899.
[I 2023-11-21 13:43:28,221] Trial 189 finished with value: 0.7007193649511971 and parameters: {'model_name': 'IterativeImputer', 'estimator': 'KNN', 'sample_posterior': False, 'initial_strategy': 'most_frequent', 'imputation_order': 'roman'}. Best is trial 168 with value: 0.6986375778844899.
[I 2023-11-21 13:43:28,962] Trial 198 finished with value: 0.7011578476173582 and parameters: {'model_name': 'IterativeImputer', 'estimator': 'KNN', 'sample_posterior': False, 'initial_strategy': 'mean', 'imputation_order': 'roman'}. Best is trial 168 with value: 0.6986375778844899.
[I 2023-11-21 13:43:29,661] Trial 194 finished with value: 0.7011578476173582 and parameters: {'model_name': 'IterativeImputer', 'estimator': 'KNN', 'sample_posterior': False, 'initial_strategy': 'mean', 'imputation_order': 'roman'}. Best is trial 168 with value: 0.6986375778844899.
[I 2023-11-21 13:43:29,864] Trial 195 finished with value: 0.7011578476173582 and parameters: {'model_name': 'IterativeImputer', 'estimator': 'KNN', 'sample_posterior': False, 'initial_strategy': 'mean', 'imputation_order': 'roman'}. Best is trial 168 with value: 0.6986375778844899.
