Run: 10
/cm/local/apps/slurm/var/spool/job434378/slurm_script: line 23: /common/ketrong/minconda3/etc/profile.d/conda.sh: No such file or directory
/cm/local/apps/slurm/var/spool/job434378/slurm_script: line 26: $'\nconda create --name tpot2devenv -c conda-forge python=3.10\n': command not found
/cm/local/apps/slurm/var/spool/job434378/slurm_script: line 31: $'\npip install -r requirements.txt\n': command not found
RunStart
2023-12-05 17:09:05.666860: I tensorflow/core/util/port.cc:113] oneDNN custom operations are on. You may see slightly different numerical results due to floating-point round-off errors from different computation orders. To turn them off, set the environment variable `TF_ENABLE_ONEDNN_OPTS=0`.
2023-12-05 17:09:05.703760: E external/local_xla/xla/stream_executor/cuda/cuda_dnn.cc:9261] Unable to register cuDNN factory: Attempting to register factory for plugin cuDNN when one has already been registered
2023-12-05 17:09:05.703785: E external/local_xla/xla/stream_executor/cuda/cuda_fft.cc:607] Unable to register cuFFT factory: Attempting to register factory for plugin cuFFT when one has already been registered
2023-12-05 17:09:05.705170: E external/local_xla/xla/stream_executor/cuda/cuda_blas.cc:1515] Unable to register cuBLAS factory: Attempting to register factory for plugin cuBLAS when one has already been registered
2023-12-05 17:09:05.711445: I tensorflow/core/platform/cpu_feature_guard.cc:182] This TensorFlow binary is optimized to use available CPU instructions in performance-critical operations.
To enable the following instructions: AVX2 AVX512F AVX512_VNNI FMA, in other operations, rebuild TensorFlow with the appropriate compiler flags.
2023-12-05 17:09:27.100136: W tensorflow/compiler/tf2tensorrt/utils/py_utils.cc:38] TF-TRT Warning: Could not find TensorRT
WARNING:tensorflow:From /home/ketrong/miniconda3/envs/tpot2devenv/lib/python3.10/site-packages/tensorflow/python/compat/v2_compat.py:108: disable_resource_variables (from tensorflow.python.ops.variable_scope) is deprecated and will be removed in a future version.
Instructions for updating:
non-resource variables are not supported in the long term
working on 
tpot2_imputetest/Impute_Experiments/logs//tpot2_base_normal_30_0.9_MAR_10
4.918275594711304
loading data
tpot2_imputetest/Impute_Experiments/data/30_True.pkl
running experiment 1/3 - Does large hyperparameter space improve reconstruction accuracy over simple
[I 2023-12-05 17:10:12,077] A new study created in memory with name: no-name-382e04d4-992b-4476-97d0-b79d4de8031c
[I 2023-12-05 17:10:12,104] Trial 3 finished with value: 691.1978354941698 and parameters: {'model_name': 'SimpleImputer', 'strategy': 'constant'}. Best is trial 3 with value: 691.1978354941698.
[I 2023-12-05 17:10:12,315] Trial 1 finished with value: 1680.1631466137458 and parameters: {'model_name': 'SimpleImputer', 'strategy': 'mean'}. Best is trial 3 with value: 691.1978354941698.
[I 2023-12-05 17:10:12,472] Trial 5 finished with value: 1680.1631466137458 and parameters: {'model_name': 'SimpleImputer', 'strategy': 'mean'}. Best is trial 3 with value: 691.1978354941698.
[I 2023-12-05 17:10:12,474] Trial 2 finished with value: 1680.1631466137458 and parameters: {'model_name': 'SimpleImputer', 'strategy': 'mean'}. Best is trial 3 with value: 691.1978354941698.
[I 2023-12-05 17:10:12,768] Trial 0 finished with value: 1680.1631466137458 and parameters: {'model_name': 'SimpleImputer', 'strategy': 'mean'}. Best is trial 3 with value: 691.1978354941698.
[I 2023-12-05 17:10:12,774] Trial 6 finished with value: 1680.1631466137458 and parameters: {'model_name': 'SimpleImputer', 'strategy': 'mean'}. Best is trial 3 with value: 691.1978354941698.
[I 2023-12-05 17:10:12,782] Trial 4 finished with value: 666.6375333671076 and parameters: {'model_name': 'SimpleImputer', 'strategy': 'most_frequent'}. Best is trial 4 with value: 666.6375333671076.
[I 2023-12-05 17:10:12,946] Trial 9 finished with value: 691.1978354941698 and parameters: {'model_name': 'SimpleImputer', 'strategy': 'constant'}. Best is trial 4 with value: 666.6375333671076.
[I 2023-12-05 17:10:13,397] Trial 15 finished with value: 691.1978354941698 and parameters: {'model_name': 'SimpleImputer', 'strategy': 'constant'}. Best is trial 4 with value: 666.6375333671076.
[I 2023-12-05 17:10:13,542] Trial 13 finished with value: 691.1978354941698 and parameters: {'model_name': 'SimpleImputer', 'strategy': 'constant'}. Best is trial 4 with value: 666.6375333671076.
[I 2023-12-05 17:10:13,691] Trial 12 finished with value: 1680.1631466137458 and parameters: {'model_name': 'SimpleImputer', 'strategy': 'mean'}. Best is trial 4 with value: 666.6375333671076.
[I 2023-12-05 17:10:13,845] Trial 17 finished with value: 691.1978354941698 and parameters: {'model_name': 'SimpleImputer', 'strategy': 'constant'}. Best is trial 4 with value: 666.6375333671076.
[I 2023-12-05 17:10:14,004] Trial 8 finished with value: 589.1523475366612 and parameters: {'model_name': 'SimpleImputer', 'strategy': 'median'}. Best is trial 8 with value: 589.1523475366612.
[I 2023-12-05 17:10:14,156] Trial 7 finished with value: 666.6375333671076 and parameters: {'model_name': 'SimpleImputer', 'strategy': 'most_frequent'}. Best is trial 8 with value: 589.1523475366612.
[I 2023-12-05 17:10:14,343] Trial 11 finished with value: 589.1523475366612 and parameters: {'model_name': 'SimpleImputer', 'strategy': 'median'}. Best is trial 8 with value: 589.1523475366612.
[I 2023-12-05 17:10:14,485] Trial 19 finished with value: 1680.1631466137458 and parameters: {'model_name': 'SimpleImputer', 'strategy': 'mean'}. Best is trial 8 with value: 589.1523475366612.
[I 2023-12-05 17:10:14,629] Trial 21 finished with value: 1680.1631466137458 and parameters: {'model_name': 'SimpleImputer', 'strategy': 'mean'}. Best is trial 8 with value: 589.1523475366612.
[I 2023-12-05 17:10:14,812] Trial 10 finished with value: 589.1523475366612 and parameters: {'model_name': 'SimpleImputer', 'strategy': 'median'}. Best is trial 8 with value: 589.1523475366612.
[I 2023-12-05 17:10:14,975] Trial 18 finished with value: 589.1523475366612 and parameters: {'model_name': 'SimpleImputer', 'strategy': 'median'}. Best is trial 8 with value: 589.1523475366612.
[I 2023-12-05 17:10:15,120] Trial 23 finished with value: 666.6375333671076 and parameters: {'model_name': 'SimpleImputer', 'strategy': 'most_frequent'}. Best is trial 8 with value: 589.1523475366612.
[I 2023-12-05 17:10:15,273] Trial 16 finished with value: 589.1523475366612 and parameters: {'model_name': 'SimpleImputer', 'strategy': 'median'}. Best is trial 8 with value: 589.1523475366612.
[I 2023-12-05 17:10:15,416] Trial 20 finished with value: 666.6375333671076 and parameters: {'model_name': 'SimpleImputer', 'strategy': 'most_frequent'}. Best is trial 8 with value: 589.1523475366612.
[I 2023-12-05 17:10:15,570] Trial 22 finished with value: 1680.1631466137458 and parameters: {'model_name': 'SimpleImputer', 'strategy': 'mean'}. Best is trial 8 with value: 589.1523475366612.
[I 2023-12-05 17:10:15,719] Trial 26 finished with value: 666.6375333671076 and parameters: {'model_name': 'SimpleImputer', 'strategy': 'most_frequent'}. Best is trial 8 with value: 589.1523475366612.
[I 2023-12-05 17:10:15,956] Trial 14 finished with value: 666.6375333671076 and parameters: {'model_name': 'SimpleImputer', 'strategy': 'most_frequent'}. Best is trial 8 with value: 589.1523475366612.
[I 2023-12-05 17:10:16,131] Trial 29 finished with value: 589.1523475366612 and parameters: {'model_name': 'SimpleImputer', 'strategy': 'median'}. Best is trial 8 with value: 589.1523475366612.
[I 2023-12-05 17:10:16,296] Trial 24 finished with value: 666.6375333671076 and parameters: {'model_name': 'SimpleImputer', 'strategy': 'most_frequent'}. Best is trial 8 with value: 589.1523475366612.
[I 2023-12-05 17:10:16,447] Trial 25 finished with value: 666.6375333671076 and parameters: {'model_name': 'SimpleImputer', 'strategy': 'most_frequent'}. Best is trial 8 with value: 589.1523475366612.
[I 2023-12-05 17:10:16,596] Trial 27 finished with value: 666.6375333671076 and parameters: {'model_name': 'SimpleImputer', 'strategy': 'most_frequent'}. Best is trial 8 with value: 589.1523475366612.
[I 2023-12-05 17:10:16,840] Trial 28 finished with value: 589.1523475366612 and parameters: {'model_name': 'SimpleImputer', 'strategy': 'median'}. Best is trial 8 with value: 589.1523475366612.
[I 2023-12-05 17:10:17,011] Trial 33 finished with value: 589.1523475366612 and parameters: {'model_name': 'SimpleImputer', 'strategy': 'median'}. Best is trial 8 with value: 589.1523475366612.
[I 2023-12-05 17:10:17,178] Trial 34 finished with value: 589.1523475366612 and parameters: {'model_name': 'SimpleImputer', 'strategy': 'median'}. Best is trial 8 with value: 589.1523475366612.
[I 2023-12-05 17:10:17,363] Trial 32 finished with value: 589.1523475366612 and parameters: {'model_name': 'SimpleImputer', 'strategy': 'median'}. Best is trial 8 with value: 589.1523475366612.
[I 2023-12-05 17:10:17,528] Trial 38 finished with value: 589.1523475366612 and parameters: {'model_name': 'SimpleImputer', 'strategy': 'median'}. Best is trial 8 with value: 589.1523475366612.
[I 2023-12-05 17:10:17,765] Trial 31 finished with value: 589.1523475366612 and parameters: {'model_name': 'SimpleImputer', 'strategy': 'median'}. Best is trial 8 with value: 589.1523475366612.
[I 2023-12-05 17:10:17,934] Trial 42 finished with value: 589.1523475366612 and parameters: {'model_name': 'SimpleImputer', 'strategy': 'median'}. Best is trial 8 with value: 589.1523475366612.
[I 2023-12-05 17:10:18,103] Trial 45 finished with value: 589.1523475366612 and parameters: {'model_name': 'SimpleImputer', 'strategy': 'median'}. Best is trial 8 with value: 589.1523475366612.
[I 2023-12-05 17:10:18,272] Trial 43 finished with value: 589.1523475366612 and parameters: {'model_name': 'SimpleImputer', 'strategy': 'median'}. Best is trial 8 with value: 589.1523475366612.
[I 2023-12-05 17:10:18,431] Trial 50 finished with value: 589.1523475366612 and parameters: {'model_name': 'SimpleImputer', 'strategy': 'median'}. Best is trial 8 with value: 589.1523475366612.
[I 2023-12-05 17:10:18,597] Trial 36 finished with value: 589.1523475366612 and parameters: {'model_name': 'SimpleImputer', 'strategy': 'median'}. Best is trial 8 with value: 589.1523475366612.
[I 2023-12-05 17:10:18,833] Trial 51 finished with value: 589.1523475366612 and parameters: {'model_name': 'SimpleImputer', 'strategy': 'median'}. Best is trial 8 with value: 589.1523475366612.
[I 2023-12-05 17:10:19,016] Trial 37 finished with value: 589.1523475366612 and parameters: {'model_name': 'SimpleImputer', 'strategy': 'median'}. Best is trial 8 with value: 589.1523475366612.
[I 2023-12-05 17:10:19,180] Trial 48 finished with value: 589.1523475366612 and parameters: {'model_name': 'SimpleImputer', 'strategy': 'median'}. Best is trial 8 with value: 589.1523475366612.
[I 2023-12-05 17:10:19,367] Trial 56 finished with value: 589.1523475366612 and parameters: {'model_name': 'SimpleImputer', 'strategy': 'median'}. Best is trial 8 with value: 589.1523475366612.
[I 2023-12-05 17:10:19,524] Trial 41 finished with value: 589.1523475366612 and parameters: {'model_name': 'SimpleImputer', 'strategy': 'median'}. Best is trial 8 with value: 589.1523475366612.
[I 2023-12-05 17:10:19,683] Trial 40 finished with value: 589.1523475366612 and parameters: {'model_name': 'SimpleImputer', 'strategy': 'median'}. Best is trial 8 with value: 589.1523475366612.
[I 2023-12-05 17:10:19,882] Trial 59 finished with value: 589.1523475366612 and parameters: {'model_name': 'SimpleImputer', 'strategy': 'median'}. Best is trial 8 with value: 589.1523475366612.
[I 2023-12-05 17:10:20,054] Trial 39 finished with value: 589.1523475366612 and parameters: {'model_name': 'SimpleImputer', 'strategy': 'median'}. Best is trial 8 with value: 589.1523475366612.
[I 2023-12-05 17:10:20,294] Trial 61 finished with value: 589.1523475366612 and parameters: {'model_name': 'SimpleImputer', 'strategy': 'median'}. Best is trial 8 with value: 589.1523475366612.
[I 2023-12-05 17:10:20,473] Trial 47 finished with value: 589.1523475366612 and parameters: {'model_name': 'SimpleImputer', 'strategy': 'median'}. Best is trial 8 with value: 589.1523475366612.
[I 2023-12-05 17:10:20,624] Trial 72 finished with value: 589.1523475366612 and parameters: {'model_name': 'SimpleImputer', 'strategy': 'median'}. Best is trial 8 with value: 589.1523475366612.
[I 2023-12-05 17:10:20,783] Trial 70 finished with value: 589.1523475366612 and parameters: {'model_name': 'SimpleImputer', 'strategy': 'median'}. Best is trial 8 with value: 589.1523475366612.
[I 2023-12-05 17:10:20,934] Trial 68 finished with value: 589.1523475366612 and parameters: {'model_name': 'SimpleImputer', 'strategy': 'median'}. Best is trial 8 with value: 589.1523475366612.
[I 2023-12-05 17:10:21,084] Trial 66 finished with value: 589.1523475366612 and parameters: {'model_name': 'SimpleImputer', 'strategy': 'median'}. Best is trial 8 with value: 589.1523475366612.
[I 2023-12-05 17:10:21,244] Trial 65 finished with value: 589.1523475366612 and parameters: {'model_name': 'SimpleImputer', 'strategy': 'median'}. Best is trial 8 with value: 589.1523475366612.
[I 2023-12-05 17:10:21,412] Trial 77 finished with value: 589.1523475366612 and parameters: {'model_name': 'SimpleImputer', 'strategy': 'median'}. Best is trial 8 with value: 589.1523475366612.
[I 2023-12-05 17:10:21,656] Trial 30 finished with value: 589.1523475366612 and parameters: {'model_name': 'SimpleImputer', 'strategy': 'median'}. Best is trial 8 with value: 589.1523475366612.
[I 2023-12-05 17:10:21,893] Trial 58 finished with value: 589.1523475366612 and parameters: {'model_name': 'SimpleImputer', 'strategy': 'median'}. Best is trial 8 with value: 589.1523475366612.
[I 2023-12-05 17:10:22,057] Trial 74 finished with value: 589.1523475366612 and parameters: {'model_name': 'SimpleImputer', 'strategy': 'median'}. Best is trial 8 with value: 589.1523475366612.
[I 2023-12-05 17:10:22,210] Trial 76 finished with value: 589.1523475366612 and parameters: {'model_name': 'SimpleImputer', 'strategy': 'median'}. Best is trial 8 with value: 589.1523475366612.
[I 2023-12-05 17:10:22,367] Trial 60 finished with value: 589.1523475366612 and parameters: {'model_name': 'SimpleImputer', 'strategy': 'median'}. Best is trial 8 with value: 589.1523475366612.
[I 2023-12-05 17:10:22,521] Trial 52 finished with value: 589.1523475366612 and parameters: {'model_name': 'SimpleImputer', 'strategy': 'median'}. Best is trial 8 with value: 589.1523475366612.
[I 2023-12-05 17:10:22,671] Trial 73 finished with value: 589.1523475366612 and parameters: {'model_name': 'SimpleImputer', 'strategy': 'median'}. Best is trial 8 with value: 589.1523475366612.
[I 2023-12-05 17:10:22,818] Trial 62 finished with value: 589.1523475366612 and parameters: {'model_name': 'SimpleImputer', 'strategy': 'median'}. Best is trial 8 with value: 589.1523475366612.
[I 2023-12-05 17:10:22,974] Trial 64 finished with value: 589.1523475366612 and parameters: {'model_name': 'SimpleImputer', 'strategy': 'median'}. Best is trial 8 with value: 589.1523475366612.
[I 2023-12-05 17:10:23,128] Trial 46 finished with value: 589.1523475366612 and parameters: {'model_name': 'SimpleImputer', 'strategy': 'median'}. Best is trial 8 with value: 589.1523475366612.
[I 2023-12-05 17:10:23,295] Trial 67 finished with value: 589.1523475366612 and parameters: {'model_name': 'SimpleImputer', 'strategy': 'median'}. Best is trial 8 with value: 589.1523475366612.
[I 2023-12-05 17:10:23,445] Trial 44 finished with value: 589.1523475366612 and parameters: {'model_name': 'SimpleImputer', 'strategy': 'median'}. Best is trial 8 with value: 589.1523475366612.
[I 2023-12-05 17:10:23,621] Trial 79 finished with value: 589.1523475366612 and parameters: {'model_name': 'SimpleImputer', 'strategy': 'median'}. Best is trial 8 with value: 589.1523475366612.
[I 2023-12-05 17:10:23,824] Trial 75 finished with value: 589.1523475366612 and parameters: {'model_name': 'SimpleImputer', 'strategy': 'median'}. Best is trial 8 with value: 589.1523475366612.
[I 2023-12-05 17:10:23,984] Trial 49 finished with value: 589.1523475366612 and parameters: {'model_name': 'SimpleImputer', 'strategy': 'median'}. Best is trial 8 with value: 589.1523475366612.
[I 2023-12-05 17:10:24,140] Trial 84 finished with value: 691.1978354941698 and parameters: {'model_name': 'SimpleImputer', 'strategy': 'constant'}. Best is trial 8 with value: 589.1523475366612.
[I 2023-12-05 17:10:24,291] Trial 54 finished with value: 589.1523475366612 and parameters: {'model_name': 'SimpleImputer', 'strategy': 'median'}. Best is trial 8 with value: 589.1523475366612.
[I 2023-12-05 17:10:24,546] Trial 82 finished with value: 589.1523475366612 and parameters: {'model_name': 'SimpleImputer', 'strategy': 'median'}. Best is trial 8 with value: 589.1523475366612.
[I 2023-12-05 17:10:24,739] Trial 57 finished with value: 589.1523475366612 and parameters: {'model_name': 'SimpleImputer', 'strategy': 'median'}. Best is trial 8 with value: 589.1523475366612.
[I 2023-12-05 17:10:24,892] Trial 53 finished with value: 589.1523475366612 and parameters: {'model_name': 'SimpleImputer', 'strategy': 'median'}. Best is trial 8 with value: 589.1523475366612.
[I 2023-12-05 17:10:25,040] Trial 55 finished with value: 589.1523475366612 and parameters: {'model_name': 'SimpleImputer', 'strategy': 'median'}. Best is trial 8 with value: 589.1523475366612.
[I 2023-12-05 17:10:25,194] Trial 35 finished with value: 589.1523475366612 and parameters: {'model_name': 'SimpleImputer', 'strategy': 'median'}. Best is trial 8 with value: 589.1523475366612.
[I 2023-12-05 17:10:25,469] Trial 78 finished with value: 589.1523475366612 and parameters: {'model_name': 'SimpleImputer', 'strategy': 'median'}. Best is trial 8 with value: 589.1523475366612.
[I 2023-12-05 17:10:25,650] Trial 63 finished with value: 589.1523475366612 and parameters: {'model_name': 'SimpleImputer', 'strategy': 'median'}. Best is trial 8 with value: 589.1523475366612.
[I 2023-12-05 17:10:25,810] Trial 87 finished with value: 691.1978354941698 and parameters: {'model_name': 'SimpleImputer', 'strategy': 'constant'}. Best is trial 8 with value: 589.1523475366612.
[I 2023-12-05 17:10:26,005] Trial 89 finished with value: 691.1978354941698 and parameters: {'model_name': 'SimpleImputer', 'strategy': 'constant'}. Best is trial 8 with value: 589.1523475366612.
[I 2023-12-05 17:10:26,166] Trial 69 finished with value: 589.1523475366612 and parameters: {'model_name': 'SimpleImputer', 'strategy': 'median'}. Best is trial 8 with value: 589.1523475366612.
[I 2023-12-05 17:10:26,328] Trial 80 finished with value: 589.1523475366612 and parameters: {'model_name': 'SimpleImputer', 'strategy': 'median'}. Best is trial 8 with value: 589.1523475366612.
[I 2023-12-05 17:10:26,568] Trial 71 finished with value: 589.1523475366612 and parameters: {'model_name': 'SimpleImputer', 'strategy': 'median'}. Best is trial 8 with value: 589.1523475366612.
[I 2023-12-05 17:10:26,741] Trial 92 finished with value: 691.1978354941698 and parameters: {'model_name': 'SimpleImputer', 'strategy': 'constant'}. Best is trial 8 with value: 589.1523475366612.
[I 2023-12-05 17:10:26,910] Trial 95 finished with value: 691.1978354941698 and parameters: {'model_name': 'SimpleImputer', 'strategy': 'constant'}. Best is trial 8 with value: 589.1523475366612.
[I 2023-12-05 17:10:27,069] Trial 85 finished with value: 691.1978354941698 and parameters: {'model_name': 'SimpleImputer', 'strategy': 'constant'}. Best is trial 8 with value: 589.1523475366612.
[I 2023-12-05 17:10:27,323] Trial 97 finished with value: 691.1978354941698 and parameters: {'model_name': 'SimpleImputer', 'strategy': 'constant'}. Best is trial 8 with value: 589.1523475366612.
[I 2023-12-05 17:10:27,514] Trial 100 finished with value: 1680.1631466137458 and parameters: {'model_name': 'SimpleImputer', 'strategy': 'mean'}. Best is trial 8 with value: 589.1523475366612.
[I 2023-12-05 17:10:27,514] Trial 86 finished with value: 691.1978354941698 and parameters: {'model_name': 'SimpleImputer', 'strategy': 'constant'}. Best is trial 8 with value: 589.1523475366612.
[I 2023-12-05 17:10:27,858] Trial 107 finished with value: 1680.1631466137458 and parameters: {'model_name': 'SimpleImputer', 'strategy': 'mean'}. Best is trial 8 with value: 589.1523475366612.
[I 2023-12-05 17:10:28,016] Trial 88 finished with value: 691.1978354941698 and parameters: {'model_name': 'SimpleImputer', 'strategy': 'constant'}. Best is trial 8 with value: 589.1523475366612.
[I 2023-12-05 17:10:28,171] Trial 83 finished with value: 691.1978354941698 and parameters: {'model_name': 'SimpleImputer', 'strategy': 'constant'}. Best is trial 8 with value: 589.1523475366612.
[I 2023-12-05 17:10:28,330] Trial 111 finished with value: 1680.1631466137458 and parameters: {'model_name': 'SimpleImputer', 'strategy': 'mean'}. Best is trial 8 with value: 589.1523475366612.
[I 2023-12-05 17:10:28,504] Trial 91 finished with value: 691.1978354941698 and parameters: {'model_name': 'SimpleImputer', 'strategy': 'constant'}. Best is trial 8 with value: 589.1523475366612.
[I 2023-12-05 17:10:28,507] Trial 114 finished with value: 1680.1631466137458 and parameters: {'model_name': 'SimpleImputer', 'strategy': 'mean'}. Best is trial 8 with value: 589.1523475366612.
[I 2023-12-05 17:10:28,509] Trial 104 finished with value: 1680.1631466137458 and parameters: {'model_name': 'SimpleImputer', 'strategy': 'mean'}. Best is trial 8 with value: 589.1523475366612.
[I 2023-12-05 17:10:28,988] Trial 96 finished with value: 691.1978354941698 and parameters: {'model_name': 'SimpleImputer', 'strategy': 'constant'}. Best is trial 8 with value: 589.1523475366612.
[I 2023-12-05 17:10:29,142] Trial 110 finished with value: 1680.1631466137458 and parameters: {'model_name': 'SimpleImputer', 'strategy': 'mean'}. Best is trial 8 with value: 589.1523475366612.
[I 2023-12-05 17:10:29,295] Trial 116 finished with value: 1680.1631466137458 and parameters: {'model_name': 'SimpleImputer', 'strategy': 'mean'}. Best is trial 8 with value: 589.1523475366612.
[I 2023-12-05 17:10:29,466] Trial 117 finished with value: 1680.1631466137458 and parameters: {'model_name': 'SimpleImputer', 'strategy': 'mean'}. Best is trial 8 with value: 589.1523475366612.
[I 2023-12-05 17:10:29,629] Trial 98 finished with value: 1680.1631466137458 and parameters: {'model_name': 'SimpleImputer', 'strategy': 'mean'}. Best is trial 8 with value: 589.1523475366612.
[I 2023-12-05 17:10:29,806] Trial 119 finished with value: 1680.1631466137458 and parameters: {'model_name': 'SimpleImputer', 'strategy': 'mean'}. Best is trial 8 with value: 589.1523475366612.
[I 2023-12-05 17:10:29,982] Trial 103 finished with value: 1680.1631466137458 and parameters: {'model_name': 'SimpleImputer', 'strategy': 'mean'}. Best is trial 8 with value: 589.1523475366612.
[I 2023-12-05 17:10:30,170] Trial 102 finished with value: 1680.1631466137458 and parameters: {'model_name': 'SimpleImputer', 'strategy': 'mean'}. Best is trial 8 with value: 589.1523475366612.
[I 2023-12-05 17:10:30,438] Trial 105 finished with value: 1680.1631466137458 and parameters: {'model_name': 'SimpleImputer', 'strategy': 'mean'}. Best is trial 8 with value: 589.1523475366612.
[I 2023-12-05 17:10:30,620] Trial 122 finished with value: 1680.1631466137458 and parameters: {'model_name': 'SimpleImputer', 'strategy': 'mean'}. Best is trial 8 with value: 589.1523475366612.
[I 2023-12-05 17:10:30,866] Trial 113 finished with value: 1680.1631466137458 and parameters: {'model_name': 'SimpleImputer', 'strategy': 'mean'}. Best is trial 8 with value: 589.1523475366612.
[I 2023-12-05 17:10:31,047] Trial 94 finished with value: 691.1978354941698 and parameters: {'model_name': 'SimpleImputer', 'strategy': 'constant'}. Best is trial 8 with value: 589.1523475366612.
[I 2023-12-05 17:10:31,213] Trial 109 finished with value: 1680.1631466137458 and parameters: {'model_name': 'SimpleImputer', 'strategy': 'mean'}. Best is trial 8 with value: 589.1523475366612.
[I 2023-12-05 17:10:31,216] Trial 93 finished with value: 691.1978354941698 and parameters: {'model_name': 'SimpleImputer', 'strategy': 'constant'}. Best is trial 8 with value: 589.1523475366612.
[I 2023-12-05 17:10:31,611] Trial 106 finished with value: 1680.1631466137458 and parameters: {'model_name': 'SimpleImputer', 'strategy': 'mean'}. Best is trial 8 with value: 589.1523475366612.
[I 2023-12-05 17:10:31,813] Trial 81 finished with value: 589.1523475366612 and parameters: {'model_name': 'SimpleImputer', 'strategy': 'median'}. Best is trial 8 with value: 589.1523475366612.
[I 2023-12-05 17:10:31,986] Trial 108 finished with value: 1680.1631466137458 and parameters: {'model_name': 'SimpleImputer', 'strategy': 'mean'}. Best is trial 8 with value: 589.1523475366612.
[I 2023-12-05 17:10:32,174] Trial 112 finished with value: 1680.1631466137458 and parameters: {'model_name': 'SimpleImputer', 'strategy': 'mean'}. Best is trial 8 with value: 589.1523475366612.
[I 2023-12-05 17:10:32,342] Trial 129 finished with value: 666.6375333671076 and parameters: {'model_name': 'SimpleImputer', 'strategy': 'most_frequent'}. Best is trial 8 with value: 589.1523475366612.
[I 2023-12-05 17:10:32,528] Trial 120 finished with value: 1680.1631466137458 and parameters: {'model_name': 'SimpleImputer', 'strategy': 'mean'}. Best is trial 8 with value: 589.1523475366612.
[I 2023-12-05 17:10:32,695] Trial 121 finished with value: 1680.1631466137458 and parameters: {'model_name': 'SimpleImputer', 'strategy': 'mean'}. Best is trial 8 with value: 589.1523475366612.
[I 2023-12-05 17:10:32,855] Trial 124 finished with value: 1680.1631466137458 and parameters: {'model_name': 'SimpleImputer', 'strategy': 'mean'}. Best is trial 8 with value: 589.1523475366612.
[I 2023-12-05 17:10:33,025] Trial 123 finished with value: 1680.1631466137458 and parameters: {'model_name': 'SimpleImputer', 'strategy': 'mean'}. Best is trial 8 with value: 589.1523475366612.
[I 2023-12-05 17:10:33,292] Trial 131 finished with value: 666.6375333671076 and parameters: {'model_name': 'SimpleImputer', 'strategy': 'most_frequent'}. Best is trial 8 with value: 589.1523475366612.
[I 2023-12-05 17:10:33,488] Trial 127 finished with value: 1680.1631466137458 and parameters: {'model_name': 'SimpleImputer', 'strategy': 'mean'}. Best is trial 8 with value: 589.1523475366612.
[I 2023-12-05 17:10:33,673] Trial 132 finished with value: 666.6375333671076 and parameters: {'model_name': 'SimpleImputer', 'strategy': 'most_frequent'}. Best is trial 8 with value: 589.1523475366612.
[I 2023-12-05 17:10:33,841] Trial 130 finished with value: 666.6375333671076 and parameters: {'model_name': 'SimpleImputer', 'strategy': 'most_frequent'}. Best is trial 8 with value: 589.1523475366612.
[I 2023-12-05 17:10:33,997] Trial 90 finished with value: 691.1978354941698 and parameters: {'model_name': 'SimpleImputer', 'strategy': 'constant'}. Best is trial 8 with value: 589.1523475366612.
[I 2023-12-05 17:10:34,167] Trial 133 finished with value: 666.6375333671076 and parameters: {'model_name': 'SimpleImputer', 'strategy': 'most_frequent'}. Best is trial 8 with value: 589.1523475366612.
[I 2023-12-05 17:10:34,322] Trial 101 finished with value: 1680.1631466137458 and parameters: {'model_name': 'SimpleImputer', 'strategy': 'mean'}. Best is trial 8 with value: 589.1523475366612.
[I 2023-12-05 17:10:34,479] Trial 126 finished with value: 666.6375333671076 and parameters: {'model_name': 'SimpleImputer', 'strategy': 'most_frequent'}. Best is trial 8 with value: 589.1523475366612.
[I 2023-12-05 17:10:34,642] Trial 115 finished with value: 1680.1631466137458 and parameters: {'model_name': 'SimpleImputer', 'strategy': 'mean'}. Best is trial 8 with value: 589.1523475366612.
[I 2023-12-05 17:10:34,644] Trial 135 finished with value: 666.6375333671076 and parameters: {'model_name': 'SimpleImputer', 'strategy': 'most_frequent'}. Best is trial 8 with value: 589.1523475366612.
[I 2023-12-05 17:10:34,801] Trial 128 finished with value: 666.6375333671076 and parameters: {'model_name': 'SimpleImputer', 'strategy': 'most_frequent'}. Best is trial 8 with value: 589.1523475366612.
[I 2023-12-05 17:10:35,208] Trial 142 finished with value: 666.6375333671076 and parameters: {'model_name': 'SimpleImputer', 'strategy': 'most_frequent'}. Best is trial 8 with value: 589.1523475366612.
[I 2023-12-05 17:10:35,379] Trial 134 finished with value: 666.6375333671076 and parameters: {'model_name': 'SimpleImputer', 'strategy': 'most_frequent'}. Best is trial 8 with value: 589.1523475366612.
[I 2023-12-05 17:10:35,616] Trial 144 finished with value: 666.6375333671076 and parameters: {'model_name': 'SimpleImputer', 'strategy': 'most_frequent'}. Best is trial 8 with value: 589.1523475366612.
[I 2023-12-05 17:10:35,805] Trial 139 finished with value: 666.6375333671076 and parameters: {'model_name': 'SimpleImputer', 'strategy': 'most_frequent'}. Best is trial 8 with value: 589.1523475366612.
[I 2023-12-05 17:10:35,975] Trial 148 finished with value: 589.1523475366612 and parameters: {'model_name': 'SimpleImputer', 'strategy': 'median'}. Best is trial 8 with value: 589.1523475366612.
[I 2023-12-05 17:10:36,137] Trial 137 finished with value: 666.6375333671076 and parameters: {'model_name': 'SimpleImputer', 'strategy': 'most_frequent'}. Best is trial 8 with value: 589.1523475366612.
[I 2023-12-05 17:10:36,308] Trial 143 finished with value: 666.6375333671076 and parameters: {'model_name': 'SimpleImputer', 'strategy': 'most_frequent'}. Best is trial 8 with value: 589.1523475366612.
[I 2023-12-05 17:10:36,565] Trial 136 finished with value: 589.1523475366612 and parameters: {'model_name': 'SimpleImputer', 'strategy': 'median'}. Best is trial 8 with value: 589.1523475366612.
[I 2023-12-05 17:10:36,775] Trial 118 finished with value: 1680.1631466137458 and parameters: {'model_name': 'SimpleImputer', 'strategy': 'mean'}. Best is trial 8 with value: 589.1523475366612.
[I 2023-12-05 17:10:37,020] Trial 145 finished with value: 666.6375333671076 and parameters: {'model_name': 'SimpleImputer', 'strategy': 'most_frequent'}. Best is trial 8 with value: 589.1523475366612.
[I 2023-12-05 17:10:37,190] Trial 138 finished with value: 666.6375333671076 and parameters: {'model_name': 'SimpleImputer', 'strategy': 'most_frequent'}. Best is trial 8 with value: 589.1523475366612.
[I 2023-12-05 17:10:37,436] Trial 151 finished with value: 589.1523475366612 and parameters: {'model_name': 'SimpleImputer', 'strategy': 'median'}. Best is trial 8 with value: 589.1523475366612.
[I 2023-12-05 17:10:37,665] Trial 99 finished with value: 1680.1631466137458 and parameters: {'model_name': 'SimpleImputer', 'strategy': 'mean'}. Best is trial 8 with value: 589.1523475366612.
[I 2023-12-05 17:10:37,838] Trial 140 finished with value: 666.6375333671076 and parameters: {'model_name': 'SimpleImputer', 'strategy': 'most_frequent'}. Best is trial 8 with value: 589.1523475366612.
[I 2023-12-05 17:10:38,038] Trial 125 finished with value: 666.6375333671076 and parameters: {'model_name': 'SimpleImputer', 'strategy': 'most_frequent'}. Best is trial 8 with value: 589.1523475366612.
[I 2023-12-05 17:10:38,238] Trial 149 finished with value: 589.1523475366612 and parameters: {'model_name': 'SimpleImputer', 'strategy': 'median'}. Best is trial 8 with value: 589.1523475366612.
[I 2023-12-05 17:10:38,485] Trial 158 finished with value: 589.1523475366612 and parameters: {'model_name': 'SimpleImputer', 'strategy': 'median'}. Best is trial 8 with value: 589.1523475366612.
[I 2023-12-05 17:10:38,657] Trial 150 finished with value: 589.1523475366612 and parameters: {'model_name': 'SimpleImputer', 'strategy': 'median'}. Best is trial 8 with value: 589.1523475366612.
[I 2023-12-05 17:10:38,891] Trial 146 finished with value: 666.6375333671076 and parameters: {'model_name': 'SimpleImputer', 'strategy': 'most_frequent'}. Best is trial 8 with value: 589.1523475366612.
[I 2023-12-05 17:10:39,065] Trial 147 finished with value: 589.1523475366612 and parameters: {'model_name': 'SimpleImputer', 'strategy': 'median'}. Best is trial 8 with value: 589.1523475366612.
[I 2023-12-05 17:10:39,234] Trial 141 finished with value: 666.6375333671076 and parameters: {'model_name': 'SimpleImputer', 'strategy': 'most_frequent'}. Best is trial 8 with value: 589.1523475366612.
[I 2023-12-05 17:10:39,408] Trial 169 finished with value: 589.1523475366612 and parameters: {'model_name': 'SimpleImputer', 'strategy': 'median'}. Best is trial 8 with value: 589.1523475366612.
[I 2023-12-05 17:10:39,582] Trial 153 finished with value: 589.1523475366612 and parameters: {'model_name': 'SimpleImputer', 'strategy': 'median'}. Best is trial 8 with value: 589.1523475366612.
[I 2023-12-05 17:10:39,744] Trial 168 finished with value: 589.1523475366612 and parameters: {'model_name': 'SimpleImputer', 'strategy': 'median'}. Best is trial 8 with value: 589.1523475366612.
[I 2023-12-05 17:10:39,904] Trial 154 finished with value: 589.1523475366612 and parameters: {'model_name': 'SimpleImputer', 'strategy': 'median'}. Best is trial 8 with value: 589.1523475366612.
[I 2023-12-05 17:10:40,075] Trial 152 finished with value: 589.1523475366612 and parameters: {'model_name': 'SimpleImputer', 'strategy': 'median'}. Best is trial 8 with value: 589.1523475366612.
[I 2023-12-05 17:10:40,289] Trial 174 finished with value: 589.1523475366612 and parameters: {'model_name': 'SimpleImputer', 'strategy': 'median'}. Best is trial 8 with value: 589.1523475366612.
[I 2023-12-05 17:10:40,459] Trial 162 finished with value: 589.1523475366612 and parameters: {'model_name': 'SimpleImputer', 'strategy': 'median'}. Best is trial 8 with value: 589.1523475366612.
[I 2023-12-05 17:10:40,616] Trial 163 finished with value: 589.1523475366612 and parameters: {'model_name': 'SimpleImputer', 'strategy': 'median'}. Best is trial 8 with value: 589.1523475366612.
[I 2023-12-05 17:10:40,771] Trial 178 finished with value: 589.1523475366612 and parameters: {'model_name': 'SimpleImputer', 'strategy': 'median'}. Best is trial 8 with value: 589.1523475366612.
[I 2023-12-05 17:10:40,942] Trial 173 finished with value: 589.1523475366612 and parameters: {'model_name': 'SimpleImputer', 'strategy': 'median'}. Best is trial 8 with value: 589.1523475366612.
[I 2023-12-05 17:10:41,102] Trial 160 finished with value: 589.1523475366612 and parameters: {'model_name': 'SimpleImputer', 'strategy': 'median'}. Best is trial 8 with value: 589.1523475366612.
[I 2023-12-05 17:10:41,272] Trial 155 finished with value: 589.1523475366612 and parameters: {'model_name': 'SimpleImputer', 'strategy': 'median'}. Best is trial 8 with value: 589.1523475366612.
[I 2023-12-05 17:10:41,433] Trial 157 finished with value: 589.1523475366612 and parameters: {'model_name': 'SimpleImputer', 'strategy': 'median'}. Best is trial 8 with value: 589.1523475366612.
[I 2023-12-05 17:10:41,590] Trial 166 finished with value: 589.1523475366612 and parameters: {'model_name': 'SimpleImputer', 'strategy': 'median'}. Best is trial 8 with value: 589.1523475366612.
[I 2023-12-05 17:10:41,758] Trial 179 finished with value: 589.1523475366612 and parameters: {'model_name': 'SimpleImputer', 'strategy': 'median'}. Best is trial 8 with value: 589.1523475366612.
[I 2023-12-05 17:10:41,926] Trial 167 finished with value: 589.1523475366612 and parameters: {'model_name': 'SimpleImputer', 'strategy': 'median'}. Best is trial 8 with value: 589.1523475366612.
[I 2023-12-05 17:10:42,089] Trial 170 finished with value: 589.1523475366612 and parameters: {'model_name': 'SimpleImputer', 'strategy': 'median'}. Best is trial 8 with value: 589.1523475366612.
[I 2023-12-05 17:10:42,322] Trial 182 finished with value: 589.1523475366612 and parameters: {'model_name': 'SimpleImputer', 'strategy': 'median'}. Best is trial 8 with value: 589.1523475366612.
[I 2023-12-05 17:10:42,499] Trial 184 finished with value: 589.1523475366612 and parameters: {'model_name': 'SimpleImputer', 'strategy': 'median'}. Best is trial 8 with value: 589.1523475366612.
[I 2023-12-05 17:10:42,660] Trial 156 finished with value: 589.1523475366612 and parameters: {'model_name': 'SimpleImputer', 'strategy': 'median'}. Best is trial 8 with value: 589.1523475366612.
[I 2023-12-05 17:10:42,815] Trial 175 finished with value: 589.1523475366612 and parameters: {'model_name': 'SimpleImputer', 'strategy': 'median'}. Best is trial 8 with value: 589.1523475366612.
[I 2023-12-05 17:10:43,007] Trial 165 finished with value: 589.1523475366612 and parameters: {'model_name': 'SimpleImputer', 'strategy': 'median'}. Best is trial 8 with value: 589.1523475366612.
[I 2023-12-05 17:10:43,256] Trial 185 finished with value: 589.1523475366612 and parameters: {'model_name': 'SimpleImputer', 'strategy': 'median'}. Best is trial 8 with value: 589.1523475366612.
[I 2023-12-05 17:10:43,488] Trial 171 finished with value: 589.1523475366612 and parameters: {'model_name': 'SimpleImputer', 'strategy': 'median'}. Best is trial 8 with value: 589.1523475366612.
[I 2023-12-05 17:10:43,675] Trial 172 finished with value: 589.1523475366612 and parameters: {'model_name': 'SimpleImputer', 'strategy': 'median'}. Best is trial 8 with value: 589.1523475366612.
[I 2023-12-05 17:10:43,853] Trial 188 finished with value: 589.1523475366612 and parameters: {'model_name': 'SimpleImputer', 'strategy': 'median'}. Best is trial 8 with value: 589.1523475366612.
[I 2023-12-05 17:10:44,105] Trial 180 finished with value: 589.1523475366612 and parameters: {'model_name': 'SimpleImputer', 'strategy': 'median'}. Best is trial 8 with value: 589.1523475366612.
[I 2023-12-05 17:10:44,333] Trial 191 finished with value: 589.1523475366612 and parameters: {'model_name': 'SimpleImputer', 'strategy': 'median'}. Best is trial 8 with value: 589.1523475366612.
[I 2023-12-05 17:10:44,505] Trial 164 finished with value: 589.1523475366612 and parameters: {'model_name': 'SimpleImputer', 'strategy': 'median'}. Best is trial 8 with value: 589.1523475366612.
[I 2023-12-05 17:10:44,687] Trial 161 finished with value: 589.1523475366612 and parameters: {'model_name': 'SimpleImputer', 'strategy': 'median'}. Best is trial 8 with value: 589.1523475366612.
[I 2023-12-05 17:10:44,860] Trial 177 finished with value: 589.1523475366612 and parameters: {'model_name': 'SimpleImputer', 'strategy': 'median'}. Best is trial 8 with value: 589.1523475366612.
[I 2023-12-05 17:10:45,022] Trial 181 finished with value: 589.1523475366612 and parameters: {'model_name': 'SimpleImputer', 'strategy': 'median'}. Best is trial 8 with value: 589.1523475366612.
[I 2023-12-05 17:10:45,181] Trial 186 finished with value: 589.1523475366612 and parameters: {'model_name': 'SimpleImputer', 'strategy': 'median'}. Best is trial 8 with value: 589.1523475366612.
[I 2023-12-05 17:10:45,343] Trial 189 finished with value: 589.1523475366612 and parameters: {'model_name': 'SimpleImputer', 'strategy': 'median'}. Best is trial 8 with value: 589.1523475366612.
[I 2023-12-05 17:10:45,501] Trial 192 finished with value: 589.1523475366612 and parameters: {'model_name': 'SimpleImputer', 'strategy': 'median'}. Best is trial 8 with value: 589.1523475366612.
[I 2023-12-05 17:10:45,662] Trial 183 finished with value: 589.1523475366612 and parameters: {'model_name': 'SimpleImputer', 'strategy': 'median'}. Best is trial 8 with value: 589.1523475366612.
[I 2023-12-05 17:10:45,898] Trial 195 finished with value: 589.1523475366612 and parameters: {'model_name': 'SimpleImputer', 'strategy': 'median'}. Best is trial 8 with value: 589.1523475366612.
[I 2023-12-05 17:10:46,125] Trial 198 finished with value: 589.1523475366612 and parameters: {'model_name': 'SimpleImputer', 'strategy': 'median'}. Best is trial 8 with value: 589.1523475366612.
[I 2023-12-05 17:10:46,302] Trial 159 finished with value: 589.1523475366612 and parameters: {'model_name': 'SimpleImputer', 'strategy': 'median'}. Best is trial 8 with value: 589.1523475366612.
[I 2023-12-05 17:10:46,472] Trial 176 finished with value: 589.1523475366612 and parameters: {'model_name': 'SimpleImputer', 'strategy': 'median'}. Best is trial 8 with value: 589.1523475366612.
[I 2023-12-05 17:10:46,631] Trial 196 finished with value: 589.1523475366612 and parameters: {'model_name': 'SimpleImputer', 'strategy': 'median'}. Best is trial 8 with value: 589.1523475366612.
[I 2023-12-05 17:10:46,868] Trial 199 finished with value: 589.1523475366612 and parameters: {'model_name': 'SimpleImputer', 'strategy': 'median'}. Best is trial 8 with value: 589.1523475366612.
[I 2023-12-05 17:10:47,039] Trial 187 finished with value: 589.1523475366612 and parameters: {'model_name': 'SimpleImputer', 'strategy': 'median'}. Best is trial 8 with value: 589.1523475366612.
[I 2023-12-05 17:10:47,275] Trial 194 finished with value: 589.1523475366612 and parameters: {'model_name': 'SimpleImputer', 'strategy': 'median'}. Best is trial 8 with value: 589.1523475366612.
[I 2023-12-05 17:10:47,442] Trial 197 finished with value: 589.1523475366612 and parameters: {'model_name': 'SimpleImputer', 'strategy': 'median'}. Best is trial 8 with value: 589.1523475366612.
[I 2023-12-05 17:10:47,600] Trial 190 finished with value: 589.1523475366612 and parameters: {'model_name': 'SimpleImputer', 'strategy': 'median'}. Best is trial 8 with value: 589.1523475366612.
[I 2023-12-05 17:10:47,831] Trial 193 finished with value: 589.1523475366612 and parameters: {'model_name': 'SimpleImputer', 'strategy': 'median'}. Best is trial 8 with value: 589.1523475366612.
simple fit
simple transform
589.1523475366612
589.1523475366612
[I 2023-12-05 17:10:51,334] A new study created in memory with name: no-name-df345af1-2d73-4a48-a874-b50232916cf9
[I 2023-12-05 17:10:51,421] Trial 9 finished with value: 1038.7621405375826 and parameters: {'model_name': 'SimpleImputer', 'strategy': 'constant'}. Best is trial 9 with value: 1038.7621405375826.
[I 2023-12-05 17:10:51,664] Trial 3 finished with value: 1010.1537915718252 and parameters: {'model_name': 'SimpleImputer', 'strategy': 'median'}. Best is trial 3 with value: 1010.1537915718252.
[I 2023-12-05 17:10:51,829] Trial 10 finished with value: 987.2441819635725 and parameters: {'model_name': 'SimpleImputer', 'strategy': 'mean'}. Best is trial 10 with value: 987.2441819635725.
[I 2023-12-05 17:10:52,007] Trial 0 finished with value: 987.2441819635725 and parameters: {'model_name': 'SimpleImputer', 'strategy': 'mean'}. Best is trial 10 with value: 987.2441819635725.
[I 2023-12-05 17:10:52,169] Trial 6 finished with value: 1010.1537915718252 and parameters: {'model_name': 'SimpleImputer', 'strategy': 'median'}. Best is trial 10 with value: 987.2441819635725.
[I 2023-12-05 17:10:52,593] Trial 23 finished with value: 1038.7621405375826 and parameters: {'model_name': 'SimpleImputer', 'strategy': 'constant'}. Best is trial 10 with value: 987.2441819635725.
[I 2023-12-05 17:10:52,913] Trial 24 finished with value: 1010.1537915718252 and parameters: {'model_name': 'SimpleImputer', 'strategy': 'median'}. Best is trial 10 with value: 987.2441819635725.
[I 2023-12-05 17:10:54,057] Trial 38 finished with value: 987.2441819635725 and parameters: {'model_name': 'SimpleImputer', 'strategy': 'mean'}. Best is trial 10 with value: 987.2441819635725.
[I 2023-12-05 17:10:54,390] Trial 31 finished with value: 1029.512190287541 and parameters: {'model_name': 'SimpleImputer', 'strategy': 'most_frequent'}. Best is trial 10 with value: 987.2441819635725.
[I 2023-12-05 17:10:55,024] Trial 46 finished with value: 1010.1537915718252 and parameters: {'model_name': 'SimpleImputer', 'strategy': 'median'}. Best is trial 10 with value: 987.2441819635725.
[I 2023-12-05 17:10:55,501] Trial 43 finished with value: 1029.512190287541 and parameters: {'model_name': 'SimpleImputer', 'strategy': 'most_frequent'}. Best is trial 10 with value: 987.2441819635725.
[I 2023-12-05 17:10:55,984] Trial 2 finished with value: 987.2441819635725 and parameters: {'model_name': 'RandomForestImputer', 'max_iter': 1, 'decreasing': False, 'min_samples_split': 0.0, 'min_samples_leaf': 0.5, 'max_features': 0.6, 'warm_start': True}. Best is trial 10 with value: 987.2441819635725.
[I 2023-12-05 17:10:56,906] Trial 8 finished with value: 987.2441819635725 and parameters: {'model_name': 'RandomForestImputer', 'max_iter': 1, 'decreasing': True, 'min_samples_split': 0.4, 'min_samples_leaf': 0.4, 'max_features': 0.4, 'warm_start': True}. Best is trial 10 with value: 987.2441819635725.
[I 2023-12-05 17:10:57,685] Trial 15 finished with value: 987.2441819635725 and parameters: {'model_name': 'RandomForestImputer', 'max_iter': 1, 'decreasing': False, 'min_samples_split': 0.5, 'min_samples_leaf': 0.1, 'max_features': 0.1, 'warm_start': True}. Best is trial 10 with value: 987.2441819635725.
[I 2023-12-05 17:10:58,353] Trial 60 finished with value: inf and parameters: {'model_name': 'IterativeImputer', 'estimator': 'KNN', 'sample_posterior': True, 'initial_strategy': 'constant', 'imputation_order': 'ascending'}. Best is trial 10 with value: 987.2441819635725.
[I 2023-12-05 17:10:58,804] Trial 19 finished with value: 766.2820734738882 and parameters: {'model_name': 'KNNImputer', 'weights': 'uniform', 'keep_empty_features': False}. Best is trial 19 with value: 766.2820734738882.
[I 2023-12-05 17:10:59,342] Trial 12 finished with value: 766.2820734738882 and parameters: {'model_name': 'KNNImputer', 'weights': 'uniform', 'keep_empty_features': False}. Best is trial 19 with value: 766.2820734738882.
[I 2023-12-05 17:10:59,877] Trial 25 finished with value: 987.2441819635725 and parameters: {'model_name': 'RandomForestImputer', 'max_iter': 1, 'decreasing': True, 'min_samples_split': 0.1, 'min_samples_leaf': 0.7000000000000001, 'max_features': 0.4, 'warm_start': True}. Best is trial 19 with value: 766.2820734738882.
[I 2023-12-05 17:11:00,297] Trial 1 finished with value: 766.2820734738882 and parameters: {'model_name': 'KNNImputer', 'weights': 'uniform', 'keep_empty_features': False}. Best is trial 19 with value: 766.2820734738882.
[I 2023-12-05 17:11:01,725] Trial 13 finished with value: 760.9141676103231 and parameters: {'model_name': 'KNNImputer', 'weights': 'distance', 'keep_empty_features': False}. Best is trial 13 with value: 760.9141676103231.
[I 2023-12-05 17:11:02,252] Trial 51 finished with value: 766.2820734738882 and parameters: {'model_name': 'KNNImputer', 'weights': 'uniform', 'keep_empty_features': False}. Best is trial 13 with value: 760.9141676103231.
[I 2023-12-05 17:11:02,705] Trial 39 finished with value: 766.2820734738882 and parameters: {'model_name': 'KNNImputer', 'weights': 'uniform', 'keep_empty_features': False}. Best is trial 13 with value: 760.9141676103231.
[I 2023-12-05 17:11:03,038] Trial 45 finished with value: 760.9141676103231 and parameters: {'model_name': 'KNNImputer', 'weights': 'distance', 'keep_empty_features': False}. Best is trial 13 with value: 760.9141676103231.
[I 2023-12-05 17:11:03,836] Trial 42 finished with value: 760.9141676103231 and parameters: {'model_name': 'KNNImputer', 'weights': 'distance', 'keep_empty_features': False}. Best is trial 13 with value: 760.9141676103231.
[I 2023-12-05 17:11:04,177] Trial 50 finished with value: 760.9141676103231 and parameters: {'model_name': 'KNNImputer', 'weights': 'distance', 'keep_empty_features': False}. Best is trial 13 with value: 760.9141676103231.
[I 2023-12-05 17:11:04,832] Trial 58 finished with value: 987.2441819635725 and parameters: {'model_name': 'RandomForestImputer', 'max_iter': 1, 'decreasing': False, 'min_samples_split': 0.0, 'min_samples_leaf': 0.5, 'max_features': 0.6, 'warm_start': True}. Best is trial 13 with value: 760.9141676103231.
[I 2023-12-05 17:11:05,756] Trial 59 finished with value: 987.2441819635725 and parameters: {'model_name': 'RandomForestImputer', 'max_iter': 1, 'decreasing': False, 'min_samples_split': 0.0, 'min_samples_leaf': 0.5, 'max_features': 0.6, 'warm_start': True}. Best is trial 13 with value: 760.9141676103231.
[I 2023-12-05 17:11:06,231] Trial 52 finished with value: 760.9141676103231 and parameters: {'model_name': 'KNNImputer', 'weights': 'distance', 'keep_empty_features': False}. Best is trial 13 with value: 760.9141676103231.
2023-12-05 17:11:06.599263: E external/local_xla/xla/stream_executor/cuda/cuda_driver.cc:274] failed call to cuInit: CUDA_ERROR_NO_DEVICE: no CUDA-capable device is detected
[I 2023-12-05 17:11:06,850] Trial 54 finished with value: 760.9141676103231 and parameters: {'model_name': 'KNNImputer', 'weights': 'distance', 'keep_empty_features': False}. Best is trial 13 with value: 760.9141676103231.
2023-12-05 17:11:07.203983: I tensorflow/compiler/mlir/mlir_graph_optimization_pass.cc:388] MLIR V1 optimization pass is not enabled
[I 2023-12-05 17:11:07,730] Trial 62 finished with value: 766.2820734738882 and parameters: {'model_name': 'KNNImputer', 'weights': 'uniform', 'keep_empty_features': False}. Best is trial 13 with value: 760.9141676103231.
[I 2023-12-05 17:11:08,245] Trial 66 finished with value: 766.2820734738882 and parameters: {'model_name': 'KNNImputer', 'weights': 'uniform', 'keep_empty_features': False}. Best is trial 13 with value: 760.9141676103231.
[I 2023-12-05 17:11:08,834] Trial 63 finished with value: 766.2820734738882 and parameters: {'model_name': 'KNNImputer', 'weights': 'uniform', 'keep_empty_features': False}. Best is trial 13 with value: 760.9141676103231.
[I 2023-12-05 17:11:09,361] Trial 65 finished with value: 766.2820734738882 and parameters: {'model_name': 'KNNImputer', 'weights': 'uniform', 'keep_empty_features': False}. Best is trial 13 with value: 760.9141676103231.
[I 2023-12-05 17:11:09,831] Trial 64 finished with value: 766.2820734738882 and parameters: {'model_name': 'KNNImputer', 'weights': 'uniform', 'keep_empty_features': False}. Best is trial 13 with value: 760.9141676103231.
[I 2023-12-05 17:11:10,782] Trial 67 finished with value: 760.9141676103231 and parameters: {'model_name': 'KNNImputer', 'weights': 'distance', 'keep_empty_features': False}. Best is trial 13 with value: 760.9141676103231.
[I 2023-12-05 17:11:11,549] Trial 68 finished with value: 760.9141676103231 and parameters: {'model_name': 'KNNImputer', 'weights': 'distance', 'keep_empty_features': False}. Best is trial 13 with value: 760.9141676103231.
[I 2023-12-05 17:11:12,073] Trial 69 finished with value: 760.9141676103231 and parameters: {'model_name': 'KNNImputer', 'weights': 'distance', 'keep_empty_features': False}. Best is trial 13 with value: 760.9141676103231.
[I 2023-12-05 17:11:12,567] Trial 4 finished with value: 1945.963483784836 and parameters: {'model_name': 'GAIN', 'batch_size': 2, 'hint_rate': 0.99, 'alpha': 53, 'iterations': 7}. Best is trial 13 with value: 760.9141676103231.
[I 2023-12-05 17:11:12,919] Trial 34 finished with value: 2239.296534850694 and parameters: {'model_name': 'GAIN', 'batch_size': 44, 'hint_rate': 0.81, 'alpha': 89, 'iterations': 1}. Best is trial 13 with value: 760.9141676103231.
[I 2023-12-05 17:11:13,185] Trial 55 finished with value: 1359.8486805073235 and parameters: {'model_name': 'IterativeImputer', 'estimator': 'Ridge', 'sample_posterior': False, 'initial_strategy': 'median', 'imputation_order': 'ascending'}. Best is trial 13 with value: 760.9141676103231.
[I 2023-12-05 17:11:15,998] Trial 16 finished with value: 1089.5667725817514 and parameters: {'model_name': 'IterativeImputer', 'estimator': 'Ridge', 'sample_posterior': False, 'initial_strategy': 'median', 'imputation_order': 'roman'}. Best is trial 13 with value: 760.9141676103231.
[I 2023-12-05 17:11:17,411] Trial 37 finished with value: 987.2441819635725 and parameters: {'model_name': 'RandomForestImputer', 'max_iter': 1, 'decreasing': True, 'min_samples_split': 0.8, 'min_samples_leaf': 0.2, 'max_features': 0.8, 'warm_start': False}. Best is trial 13 with value: 760.9141676103231.
[I 2023-12-05 17:11:17,717] Trial 40 finished with value: 1016.8870468806509 and parameters: {'model_name': 'RandomForestImputer', 'max_iter': 4, 'decreasing': True, 'min_samples_split': 0.8, 'min_samples_leaf': 0.4, 'max_features': 0.2, 'warm_start': True}. Best is trial 13 with value: 760.9141676103231.
[I 2023-12-05 17:11:18,145] Trial 47 finished with value: 1483.8778576110085 and parameters: {'model_name': 'IterativeImputer', 'estimator': 'Ridge', 'sample_posterior': False, 'initial_strategy': 'mean', 'imputation_order': 'descending'}. Best is trial 13 with value: 760.9141676103231.
[I 2023-12-05 17:11:18,551] Trial 49 finished with value: 2192.413878648475 and parameters: {'model_name': 'GAIN', 'batch_size': 3, 'hint_rate': 0.3, 'alpha': 72, 'iterations': 2}. Best is trial 13 with value: 760.9141676103231.
[I 2023-12-05 17:11:19,511] Trial 36 finished with value: 1037.5911491550007 and parameters: {'model_name': 'RandomForestImputer', 'max_iter': 4, 'decreasing': False, 'min_samples_split': 0.6000000000000001, 'min_samples_leaf': 0.2, 'max_features': 0.5, 'warm_start': True}. Best is trial 13 with value: 760.9141676103231.
[I 2023-12-05 17:11:20,063] Trial 41 finished with value: 1704.3469072051496 and parameters: {'model_name': 'GAIN', 'batch_size': 873, 'hint_rate': 0.12, 'alpha': 25, 'iterations': 6}. Best is trial 13 with value: 760.9141676103231.
[I 2023-12-05 17:11:22,664] Trial 32 finished with value: 1747.089062984016 and parameters: {'model_name': 'GAIN', 'batch_size': 9, 'hint_rate': 0.17, 'alpha': 100, 'iterations': 14}. Best is trial 13 with value: 760.9141676103231.
[I 2023-12-05 17:11:23,197] Trial 89 finished with value: 760.9141676103231 and parameters: {'model_name': 'KNNImputer', 'weights': 'distance', 'keep_empty_features': False}. Best is trial 13 with value: 760.9141676103231.
[I 2023-12-05 17:11:23,968] Trial 92 finished with value: 760.9141676103231 and parameters: {'model_name': 'KNNImputer', 'weights': 'distance', 'keep_empty_features': False}. Best is trial 13 with value: 760.9141676103231.
[I 2023-12-05 17:11:24,335] Trial 77 finished with value: 1066.8057384300616 and parameters: {'model_name': 'IterativeImputer', 'estimator': 'Ridge', 'sample_posterior': False, 'initial_strategy': 'most_frequent', 'imputation_order': 'roman'}. Best is trial 13 with value: 760.9141676103231.
[I 2023-12-05 17:11:24,683] Trial 74 finished with value: 1400.383018229216 and parameters: {'model_name': 'GAIN', 'batch_size': 766, 'hint_rate': 0.61, 'alpha': 97, 'iterations': 2}. Best is trial 13 with value: 760.9141676103231.
[I 2023-12-05 17:11:25,106] Trial 93 finished with value: 760.9141676103231 and parameters: {'model_name': 'KNNImputer', 'weights': 'distance', 'keep_empty_features': False}. Best is trial 13 with value: 760.9141676103231.
[I 2023-12-05 17:11:25,575] Trial 81 finished with value: 1908.3154927691605 and parameters: {'model_name': 'GAIN', 'batch_size': 5, 'hint_rate': 0.8200000000000001, 'alpha': 44, 'iterations': 1}. Best is trial 13 with value: 760.9141676103231.
[I 2023-12-05 17:11:26,185] Trial 94 finished with value: 760.9141676103231 and parameters: {'model_name': 'KNNImputer', 'weights': 'distance', 'keep_empty_features': False}. Best is trial 13 with value: 760.9141676103231.
[I 2023-12-05 17:11:27,199] Trial 84 finished with value: 1055.3841642546406 and parameters: {'model_name': 'GAIN', 'batch_size': 4, 'hint_rate': 0.59, 'alpha': 71, 'iterations': 1}. Best is trial 13 with value: 760.9141676103231.
[I 2023-12-05 17:11:27,978] Trial 95 finished with value: 760.9141676103231 and parameters: {'model_name': 'KNNImputer', 'weights': 'distance', 'keep_empty_features': False}. Best is trial 13 with value: 760.9141676103231.
[I 2023-12-05 17:11:28,440] Trial 96 finished with value: 760.9141676103231 and parameters: {'model_name': 'KNNImputer', 'weights': 'distance', 'keep_empty_features': False}. Best is trial 13 with value: 760.9141676103231.
[I 2023-12-05 17:11:28,814] Trial 97 finished with value: 760.9141676103231 and parameters: {'model_name': 'KNNImputer', 'weights': 'distance', 'keep_empty_features': False}. Best is trial 13 with value: 760.9141676103231.
[I 2023-12-05 17:11:29,803] Trial 99 finished with value: 760.9141676103231 and parameters: {'model_name': 'KNNImputer', 'weights': 'distance', 'keep_empty_features': False}. Best is trial 13 with value: 760.9141676103231.
[I 2023-12-05 17:11:30,174] Trial 98 finished with value: 760.9141676103231 and parameters: {'model_name': 'KNNImputer', 'weights': 'distance', 'keep_empty_features': False}. Best is trial 13 with value: 760.9141676103231.
[I 2023-12-05 17:11:30,586] Trial 100 finished with value: 760.9141676103231 and parameters: {'model_name': 'KNNImputer', 'weights': 'distance', 'keep_empty_features': False}. Best is trial 13 with value: 760.9141676103231.
[I 2023-12-05 17:11:30,840] Trial 21 finished with value: 705.5385495194997 and parameters: {'model_name': 'IterativeImputer', 'estimator': 'KNN', 'sample_posterior': False, 'initial_strategy': 'most_frequent', 'imputation_order': 'arabic'}. Best is trial 21 with value: 705.5385495194997.
[I 2023-12-05 17:11:31,098] Trial 101 finished with value: 760.9141676103231 and parameters: {'model_name': 'KNNImputer', 'weights': 'distance', 'keep_empty_features': False}. Best is trial 21 with value: 705.5385495194997.
[I 2023-12-05 17:11:31,957] Trial 11 finished with value: 705.4785441732196 and parameters: {'model_name': 'IterativeImputer', 'estimator': 'KNN', 'sample_posterior': False, 'initial_strategy': 'mean', 'imputation_order': 'descending'}. Best is trial 11 with value: 705.4785441732196.
[I 2023-12-05 17:11:32,342] Trial 102 finished with value: 760.9141676103231 and parameters: {'model_name': 'KNNImputer', 'weights': 'distance', 'keep_empty_features': False}. Best is trial 11 with value: 705.4785441732196.
[I 2023-12-05 17:11:32,717] Trial 110 finished with value: inf and parameters: {'model_name': 'IterativeImputer', 'estimator': 'KNN', 'sample_posterior': True, 'initial_strategy': 'most_frequent', 'imputation_order': 'arabic'}. Best is trial 11 with value: 705.4785441732196.
[I 2023-12-05 17:11:33,095] Trial 103 finished with value: 760.9141676103231 and parameters: {'model_name': 'KNNImputer', 'weights': 'distance', 'keep_empty_features': False}. Best is trial 11 with value: 705.4785441732196.
[I 2023-12-05 17:11:33,774] Trial 105 finished with value: 760.9141676103231 and parameters: {'model_name': 'KNNImputer', 'weights': 'distance', 'keep_empty_features': False}. Best is trial 11 with value: 705.4785441732196.
[I 2023-12-05 17:11:34,050] Trial 104 finished with value: 760.9141676103231 and parameters: {'model_name': 'KNNImputer', 'weights': 'distance', 'keep_empty_features': False}. Best is trial 11 with value: 705.4785441732196.
[I 2023-12-05 17:11:34,410] Trial 106 finished with value: 760.9141676103231 and parameters: {'model_name': 'KNNImputer', 'weights': 'distance', 'keep_empty_features': False}. Best is trial 11 with value: 705.4785441732196.
[I 2023-12-05 17:11:35,152] Trial 108 finished with value: 760.9141676103231 and parameters: {'model_name': 'KNNImputer', 'weights': 'distance', 'keep_empty_features': False}. Best is trial 11 with value: 705.4785441732196.
[I 2023-12-05 17:11:35,630] Trial 107 finished with value: 760.9141676103231 and parameters: {'model_name': 'KNNImputer', 'weights': 'distance', 'keep_empty_features': False}. Best is trial 11 with value: 705.4785441732196.
[I 2023-12-05 17:11:35,954] Trial 109 finished with value: 760.9141676103231 and parameters: {'model_name': 'KNNImputer', 'weights': 'distance', 'keep_empty_features': False}. Best is trial 11 with value: 705.4785441732196.
[I 2023-12-05 17:11:39,323] Trial 5 finished with value: 985.7709936812845 and parameters: {'model_name': 'RandomForestImputer', 'max_iter': 7, 'decreasing': False, 'min_samples_split': 0.0, 'min_samples_leaf': 0.8, 'max_features': 0.9, 'warm_start': False}. Best is trial 11 with value: 705.4785441732196.
[I 2023-12-05 17:11:41,328] Trial 53 finished with value: 2420.292543420764 and parameters: {'model_name': 'GAIN', 'batch_size': 1, 'hint_rate': 0.56, 'alpha': 15, 'iterations': 26}. Best is trial 11 with value: 705.4785441732196.
[I 2023-12-05 17:11:42,011] Trial 112 finished with value: 705.4778576002891 and parameters: {'model_name': 'IterativeImputer', 'estimator': 'KNN', 'sample_posterior': False, 'initial_strategy': 'mean', 'imputation_order': 'arabic'}. Best is trial 112 with value: 705.4778576002891.
[I 2023-12-05 17:11:42,285] Trial 116 finished with value: 705.4785441732196 and parameters: {'model_name': 'IterativeImputer', 'estimator': 'KNN', 'sample_posterior': False, 'initial_strategy': 'mean', 'imputation_order': 'descending'}. Best is trial 112 with value: 705.4778576002891.
[I 2023-12-05 17:11:42,634] Trial 114 finished with value: 705.4785441732196 and parameters: {'model_name': 'IterativeImputer', 'estimator': 'KNN', 'sample_posterior': False, 'initial_strategy': 'mean', 'imputation_order': 'descending'}. Best is trial 112 with value: 705.4778576002891.
[I 2023-12-05 17:11:43,118] Trial 113 finished with value: 705.4778576002891 and parameters: {'model_name': 'IterativeImputer', 'estimator': 'KNN', 'sample_posterior': False, 'initial_strategy': 'mean', 'imputation_order': 'arabic'}. Best is trial 112 with value: 705.4778576002891.
[I 2023-12-05 17:11:43,384] Trial 115 finished with value: 705.4785441732196 and parameters: {'model_name': 'IterativeImputer', 'estimator': 'KNN', 'sample_posterior': False, 'initial_strategy': 'mean', 'imputation_order': 'descending'}. Best is trial 112 with value: 705.4778576002891.
[I 2023-12-05 17:11:43,667] Trial 117 finished with value: 705.4778576002891 and parameters: {'model_name': 'IterativeImputer', 'estimator': 'KNN', 'sample_posterior': False, 'initial_strategy': 'mean', 'imputation_order': 'arabic'}. Best is trial 112 with value: 705.4778576002891.
[I 2023-12-05 17:11:44,219] Trial 118 finished with value: 705.4785441732196 and parameters: {'model_name': 'IterativeImputer', 'estimator': 'KNN', 'sample_posterior': False, 'initial_strategy': 'mean', 'imputation_order': 'descending'}. Best is trial 112 with value: 705.4778576002891.
[I 2023-12-05 17:11:44,962] Trial 121 finished with value: 705.4785441732196 and parameters: {'model_name': 'IterativeImputer', 'estimator': 'KNN', 'sample_posterior': False, 'initial_strategy': 'mean', 'imputation_order': 'descending'}. Best is trial 112 with value: 705.4778576002891.
[I 2023-12-05 17:11:45,564] Trial 119 finished with value: 705.4785441732196 and parameters: {'model_name': 'IterativeImputer', 'estimator': 'KNN', 'sample_posterior': False, 'initial_strategy': 'mean', 'imputation_order': 'descending'}. Best is trial 112 with value: 705.4778576002891.
[I 2023-12-05 17:11:46,368] Trial 120 finished with value: 705.4778576002891 and parameters: {'model_name': 'IterativeImputer', 'estimator': 'KNN', 'sample_posterior': False, 'initial_strategy': 'mean', 'imputation_order': 'arabic'}. Best is trial 112 with value: 705.4778576002891.
[I 2023-12-05 17:11:47,641] Trial 7 finished with value: 1037.6255296866113 and parameters: {'model_name': 'RandomForestImputer', 'max_iter': 91, 'decreasing': False, 'min_samples_split': 0.0, 'min_samples_leaf': 0.7000000000000001, 'max_features': 0.8, 'warm_start': True}. Best is trial 112 with value: 705.4778576002891.
[I 2023-12-05 17:11:49,135] Trial 122 finished with value: 705.4778576002891 and parameters: {'model_name': 'IterativeImputer', 'estimator': 'KNN', 'sample_posterior': False, 'initial_strategy': 'mean', 'imputation_order': 'arabic'}. Best is trial 112 with value: 705.4778576002891.
[I 2023-12-05 17:11:50,014] Trial 75 finished with value: 2413.5556425595396 and parameters: {'model_name': 'GAIN', 'batch_size': 640, 'hint_rate': 0.22, 'alpha': 15, 'iterations': 26}. Best is trial 112 with value: 705.4778576002891.
[I 2023-12-05 17:11:52,128] Trial 123 finished with value: 705.4778576002891 and parameters: {'model_name': 'IterativeImputer', 'estimator': 'KNN', 'sample_posterior': False, 'initial_strategy': 'mean', 'imputation_order': 'arabic'}. Best is trial 112 with value: 705.4778576002891.
[I 2023-12-05 17:11:52,560] Trial 124 finished with value: 705.4778576002891 and parameters: {'model_name': 'IterativeImputer', 'estimator': 'KNN', 'sample_posterior': False, 'initial_strategy': 'mean', 'imputation_order': 'arabic'}. Best is trial 112 with value: 705.4778576002891.
[I 2023-12-05 17:11:52,855] Trial 125 finished with value: 705.4778576002891 and parameters: {'model_name': 'IterativeImputer', 'estimator': 'KNN', 'sample_posterior': False, 'initial_strategy': 'mean', 'imputation_order': 'arabic'}. Best is trial 112 with value: 705.4778576002891.
[I 2023-12-05 17:11:53,269] Trial 126 finished with value: 705.4785441732196 and parameters: {'model_name': 'IterativeImputer', 'estimator': 'KNN', 'sample_posterior': False, 'initial_strategy': 'mean', 'imputation_order': 'descending'}. Best is trial 112 with value: 705.4778576002891.
[I 2023-12-05 17:11:53,653] Trial 57 finished with value: 2325.127179367918 and parameters: {'model_name': 'GAIN', 'batch_size': 13, 'hint_rate': 0.93, 'alpha': 36, 'iterations': 44}. Best is trial 112 with value: 705.4778576002891.
[I 2023-12-05 17:11:54,260] Trial 130 finished with value: 705.4785441732196 and parameters: {'model_name': 'IterativeImputer', 'estimator': 'KNN', 'sample_posterior': False, 'initial_strategy': 'mean', 'imputation_order': 'descending'}. Best is trial 112 with value: 705.4778576002891.
[I 2023-12-05 17:11:54,589] Trial 128 finished with value: 705.4785441732196 and parameters: {'model_name': 'IterativeImputer', 'estimator': 'KNN', 'sample_posterior': False, 'initial_strategy': 'mean', 'imputation_order': 'descending'}. Best is trial 112 with value: 705.4778576002891.
[I 2023-12-05 17:11:55,001] Trial 127 finished with value: 705.4785441732196 and parameters: {'model_name': 'IterativeImputer', 'estimator': 'KNN', 'sample_posterior': False, 'initial_strategy': 'mean', 'imputation_order': 'descending'}. Best is trial 112 with value: 705.4778576002891.
[I 2023-12-05 17:11:55,353] Trial 129 finished with value: 705.4785441732196 and parameters: {'model_name': 'IterativeImputer', 'estimator': 'KNN', 'sample_posterior': False, 'initial_strategy': 'mean', 'imputation_order': 'descending'}. Best is trial 112 with value: 705.4778576002891.
[I 2023-12-05 17:11:56,134] Trial 131 finished with value: 705.4785441732196 and parameters: {'model_name': 'IterativeImputer', 'estimator': 'KNN', 'sample_posterior': False, 'initial_strategy': 'mean', 'imputation_order': 'descending'}. Best is trial 112 with value: 705.4778576002891.
[I 2023-12-05 17:11:57,185] Trial 132 finished with value: 705.4785441732196 and parameters: {'model_name': 'IterativeImputer', 'estimator': 'KNN', 'sample_posterior': False, 'initial_strategy': 'mean', 'imputation_order': 'descending'}. Best is trial 112 with value: 705.4778576002891.
[I 2023-12-05 17:11:57,628] Trial 29 finished with value: 986.7070929562344 and parameters: {'model_name': 'RandomForestImputer', 'max_iter': 12, 'decreasing': False, 'min_samples_split': 0.4, 'min_samples_leaf': 0.5, 'max_features': 0.1, 'warm_start': False}. Best is trial 112 with value: 705.4778576002891.
[I 2023-12-05 17:11:58,845] Trial 133 finished with value: 705.4778576002891 and parameters: {'model_name': 'IterativeImputer', 'estimator': 'KNN', 'sample_posterior': False, 'initial_strategy': 'mean', 'imputation_order': 'arabic'}. Best is trial 112 with value: 705.4778576002891.
[I 2023-12-05 17:12:00,164] Trial 134 finished with value: 705.4778576002891 and parameters: {'model_name': 'IterativeImputer', 'estimator': 'KNN', 'sample_posterior': False, 'initial_strategy': 'mean', 'imputation_order': 'arabic'}. Best is trial 112 with value: 705.4778576002891.
[I 2023-12-05 17:12:00,611] Trial 142 finished with value: 1360.9076319092758 and parameters: {'model_name': 'IterativeImputer', 'estimator': 'Bayesian', 'sample_posterior': False, 'initial_strategy': 'mean', 'imputation_order': 'arabic'}. Best is trial 112 with value: 705.4778576002891.
[I 2023-12-05 17:12:01,323] Trial 145 finished with value: 1360.9076319092758 and parameters: {'model_name': 'IterativeImputer', 'estimator': 'Bayesian', 'sample_posterior': False, 'initial_strategy': 'mean', 'imputation_order': 'arabic'}. Best is trial 112 with value: 705.4778576002891.
[I 2023-12-05 17:12:01,838] Trial 135 finished with value: 705.4778576002891 and parameters: {'model_name': 'IterativeImputer', 'estimator': 'KNN', 'sample_posterior': False, 'initial_strategy': 'mean', 'imputation_order': 'arabic'}. Best is trial 112 with value: 705.4778576002891.
[I 2023-12-05 17:12:02,305] Trial 147 finished with value: 1360.9076319092758 and parameters: {'model_name': 'IterativeImputer', 'estimator': 'Bayesian', 'sample_posterior': False, 'initial_strategy': 'mean', 'imputation_order': 'arabic'}. Best is trial 112 with value: 705.4778576002891.
[I 2023-12-05 17:12:02,839] Trial 136 finished with value: 705.4778576002891 and parameters: {'model_name': 'IterativeImputer', 'estimator': 'KNN', 'sample_posterior': False, 'initial_strategy': 'mean', 'imputation_order': 'arabic'}. Best is trial 112 with value: 705.4778576002891.
[I 2023-12-05 17:12:03,157] Trial 148 finished with value: 1360.9076319092758 and parameters: {'model_name': 'IterativeImputer', 'estimator': 'Bayesian', 'sample_posterior': False, 'initial_strategy': 'mean', 'imputation_order': 'arabic'}. Best is trial 112 with value: 705.4778576002891.
[I 2023-12-05 17:12:03,580] Trial 14 finished with value: 987.0416716777709 and parameters: {'model_name': 'RandomForestImputer', 'max_iter': 16, 'decreasing': False, 'min_samples_split': 0.0, 'min_samples_leaf': 0.8, 'max_features': 0.7000000000000001, 'warm_start': False}. Best is trial 112 with value: 705.4778576002891.
[I 2023-12-05 17:12:05,316] Trial 140 finished with value: 705.4778576002891 and parameters: {'model_name': 'IterativeImputer', 'estimator': 'KNN', 'sample_posterior': False, 'initial_strategy': 'mean', 'imputation_order': 'arabic'}. Best is trial 112 with value: 705.4778576002891.
[I 2023-12-05 17:12:05,694] Trial 138 finished with value: 705.4778576002891 and parameters: {'model_name': 'IterativeImputer', 'estimator': 'KNN', 'sample_posterior': False, 'initial_strategy': 'mean', 'imputation_order': 'arabic'}. Best is trial 112 with value: 705.4778576002891.
[I 2023-12-05 17:12:06,032] Trial 141 finished with value: 705.4778576002891 and parameters: {'model_name': 'IterativeImputer', 'estimator': 'KNN', 'sample_posterior': False, 'initial_strategy': 'mean', 'imputation_order': 'arabic'}. Best is trial 112 with value: 705.4778576002891.
[I 2023-12-05 17:12:06,419] Trial 139 finished with value: 705.4778576002891 and parameters: {'model_name': 'IterativeImputer', 'estimator': 'KNN', 'sample_posterior': False, 'initial_strategy': 'mean', 'imputation_order': 'arabic'}. Best is trial 112 with value: 705.4778576002891.
[I 2023-12-05 17:12:06,959] Trial 137 finished with value: 705.4778576002891 and parameters: {'model_name': 'IterativeImputer', 'estimator': 'KNN', 'sample_posterior': False, 'initial_strategy': 'mean', 'imputation_order': 'arabic'}. Best is trial 112 with value: 705.4778576002891.
[I 2023-12-05 17:12:07,477] Trial 20 finished with value: 1016.8412788567002 and parameters: {'model_name': 'RandomForestImputer', 'max_iter': 99, 'decreasing': True, 'min_samples_split': 0.30000000000000004, 'min_samples_leaf': 0.9, 'max_features': 0.1, 'warm_start': True}. Best is trial 112 with value: 705.4778576002891.
[I 2023-12-05 17:12:08,147] Trial 149 finished with value: 705.4778576002891 and parameters: {'model_name': 'IterativeImputer', 'estimator': 'KNN', 'sample_posterior': False, 'initial_strategy': 'mean', 'imputation_order': 'arabic'}. Best is trial 112 with value: 705.4778576002891.
[I 2023-12-05 17:12:08,802] Trial 154 finished with value: 705.4778576002891 and parameters: {'model_name': 'IterativeImputer', 'estimator': 'KNN', 'sample_posterior': False, 'initial_strategy': 'mean', 'imputation_order': 'arabic'}. Best is trial 112 with value: 705.4778576002891.
[I 2023-12-05 17:12:11,954] Trial 165 finished with value: 705.4260753304371 and parameters: {'model_name': 'IterativeImputer', 'estimator': 'KNN', 'sample_posterior': False, 'initial_strategy': 'constant', 'imputation_order': 'random'}. Best is trial 165 with value: 705.4260753304371.
[I 2023-12-05 17:12:13,854] Trial 27 finished with value: 987.7304573372559 and parameters: {'model_name': 'RandomForestImputer', 'max_iter': 30, 'decreasing': False, 'min_samples_split': 0.30000000000000004, 'min_samples_leaf': 0.6, 'max_features': 0.30000000000000004, 'warm_start': False}. Best is trial 165 with value: 705.4260753304371.
[I 2023-12-05 17:12:20,992] Trial 76 finished with value: 3072.6064130310215 and parameters: {'model_name': 'GAIN', 'batch_size': 229, 'hint_rate': 0.7100000000000001, 'alpha': 53, 'iterations': 151}. Best is trial 165 with value: 705.4260753304371.
[I 2023-12-05 17:12:21,953] Trial 111 finished with value: inf and parameters: {'model_name': 'IterativeImputer', 'estimator': 'RFR', 'sample_posterior': True, 'initial_strategy': 'most_frequent', 'imputation_order': 'arabic'}. Best is trial 165 with value: 705.4260753304371.
[I 2023-12-05 17:12:22,854] Trial 166 finished with value: inf and parameters: {'model_name': 'IterativeImputer', 'estimator': 'RFR', 'sample_posterior': True, 'initial_strategy': 'constant', 'imputation_order': 'random'}. Best is trial 165 with value: 705.4260753304371.
[I 2023-12-05 17:12:24,964] Trial 167 finished with value: inf and parameters: {'model_name': 'IterativeImputer', 'estimator': 'RFR', 'sample_posterior': True, 'initial_strategy': 'constant', 'imputation_order': 'random'}. Best is trial 165 with value: 705.4260753304371.
[I 2023-12-05 17:12:25,860] Trial 169 finished with value: 705.458126860771 and parameters: {'model_name': 'IterativeImputer', 'estimator': 'KNN', 'sample_posterior': False, 'initial_strategy': 'constant', 'imputation_order': 'random'}. Best is trial 165 with value: 705.4260753304371.
[I 2023-12-05 17:12:27,165] Trial 170 finished with value: 705.6009543578509 and parameters: {'model_name': 'IterativeImputer', 'estimator': 'KNN', 'sample_posterior': False, 'initial_strategy': 'constant', 'imputation_order': 'random'}. Best is trial 165 with value: 705.4260753304371.
[I 2023-12-05 17:12:28,121] Trial 172 finished with value: 705.3615246775498 and parameters: {'model_name': 'IterativeImputer', 'estimator': 'KNN', 'sample_posterior': False, 'initial_strategy': 'constant', 'imputation_order': 'random'}. Best is trial 172 with value: 705.3615246775498.
[I 2023-12-05 17:12:28,779] Trial 171 finished with value: 705.5228475955986 and parameters: {'model_name': 'IterativeImputer', 'estimator': 'KNN', 'sample_posterior': False, 'initial_strategy': 'median', 'imputation_order': 'arabic'}. Best is trial 172 with value: 705.3615246775498.
[I 2023-12-05 17:12:32,990] Trial 175 finished with value: 1467.0528013800065 and parameters: {'model_name': 'IterativeImputer', 'estimator': 'Ridge', 'sample_posterior': False, 'initial_strategy': 'constant', 'imputation_order': 'random'}. Best is trial 172 with value: 705.3615246775498.
[I 2023-12-05 17:12:33,355] Trial 173 finished with value: 705.5228475955986 and parameters: {'model_name': 'IterativeImputer', 'estimator': 'KNN', 'sample_posterior': False, 'initial_strategy': 'median', 'imputation_order': 'arabic'}. Best is trial 172 with value: 705.3615246775498.
[I 2023-12-05 17:12:34,420] Trial 174 finished with value: 705.4594990228458 and parameters: {'model_name': 'IterativeImputer', 'estimator': 'KNN', 'sample_posterior': False, 'initial_strategy': 'constant', 'imputation_order': 'random'}. Best is trial 172 with value: 705.3615246775498.
[I 2023-12-05 17:12:38,077] Trial 177 finished with value: 705.4260657141158 and parameters: {'model_name': 'IterativeImputer', 'estimator': 'KNN', 'sample_posterior': False, 'initial_strategy': 'constant', 'imputation_order': 'random'}. Best is trial 172 with value: 705.3615246775498.
[I 2023-12-05 17:12:38,770] Trial 176 finished with value: 705.6190877980362 and parameters: {'model_name': 'IterativeImputer', 'estimator': 'KNN', 'sample_posterior': False, 'initial_strategy': 'constant', 'imputation_order': 'random'}. Best is trial 172 with value: 705.3615246775498.
[I 2023-12-05 17:12:39,343] Trial 178 finished with value: 705.4276512264523 and parameters: {'model_name': 'IterativeImputer', 'estimator': 'KNN', 'sample_posterior': False, 'initial_strategy': 'constant', 'imputation_order': 'random'}. Best is trial 172 with value: 705.3615246775498.
[I 2023-12-05 17:12:39,768] Trial 181 finished with value: 1029.512190287541 and parameters: {'model_name': 'SimpleImputer', 'strategy': 'most_frequent'}. Best is trial 172 with value: 705.3615246775498.
[I 2023-12-05 17:12:40,817] Trial 80 finished with value: 986.6410411634392 and parameters: {'model_name': 'GAIN', 'batch_size': 60, 'hint_rate': 0.55, 'alpha': 18, 'iterations': 230}. Best is trial 172 with value: 705.3615246775498.
[I 2023-12-05 17:12:43,391] Trial 179 finished with value: 705.5973342652076 and parameters: {'model_name': 'IterativeImputer', 'estimator': 'KNN', 'sample_posterior': False, 'initial_strategy': 'constant', 'imputation_order': 'random'}. Best is trial 172 with value: 705.3615246775498.
[I 2023-12-05 17:12:43,776] Trial 180 finished with value: 705.5342231782085 and parameters: {'model_name': 'IterativeImputer', 'estimator': 'KNN', 'sample_posterior': False, 'initial_strategy': 'constant', 'imputation_order': 'random'}. Best is trial 172 with value: 705.3615246775498.
[I 2023-12-05 17:12:44,158] Trial 182 finished with value: 705.6515294800816 and parameters: {'model_name': 'IterativeImputer', 'estimator': 'KNN', 'sample_posterior': False, 'initial_strategy': 'constant', 'imputation_order': 'random'}. Best is trial 172 with value: 705.3615246775498.
[I 2023-12-05 17:12:45,361] Trial 183 finished with value: 705.4083685422306 and parameters: {'model_name': 'IterativeImputer', 'estimator': 'KNN', 'sample_posterior': False, 'initial_strategy': 'constant', 'imputation_order': 'random'}. Best is trial 172 with value: 705.3615246775498.
[I 2023-12-05 17:12:46,899] Trial 185 finished with value: 705.3629506163404 and parameters: {'model_name': 'IterativeImputer', 'estimator': 'KNN', 'sample_posterior': False, 'initial_strategy': 'constant', 'imputation_order': 'random'}. Best is trial 172 with value: 705.3615246775498.
[I 2023-12-05 17:12:47,714] Trial 186 finished with value: 705.4090769884538 and parameters: {'model_name': 'IterativeImputer', 'estimator': 'KNN', 'sample_posterior': False, 'initial_strategy': 'constant', 'imputation_order': 'ascending'}. Best is trial 172 with value: 705.3615246775498.
[I 2023-12-05 17:12:49,131] Trial 184 finished with value: 705.6345042102517 and parameters: {'model_name': 'IterativeImputer', 'estimator': 'KNN', 'sample_posterior': False, 'initial_strategy': 'constant', 'imputation_order': 'random'}. Best is trial 172 with value: 705.3615246775498.
[I 2023-12-05 17:12:51,392] Trial 187 finished with value: 705.5497056797627 and parameters: {'model_name': 'IterativeImputer', 'estimator': 'KNN', 'sample_posterior': False, 'initial_strategy': 'constant', 'imputation_order': 'random'}. Best is trial 172 with value: 705.3615246775498.
[I 2023-12-05 17:12:51,999] Trial 56 finished with value: 987.4754130361068 and parameters: {'model_name': 'RandomForestImputer', 'max_iter': 66, 'decreasing': True, 'min_samples_split': 0.7000000000000001, 'min_samples_leaf': 0.7000000000000001, 'max_features': 0.8, 'warm_start': False}. Best is trial 172 with value: 705.3615246775498.
[I 2023-12-05 17:12:53,746] Trial 189 finished with value: 705.4090769884538 and parameters: {'model_name': 'IterativeImputer', 'estimator': 'KNN', 'sample_posterior': False, 'initial_strategy': 'constant', 'imputation_order': 'ascending'}. Best is trial 172 with value: 705.3615246775498.
[I 2023-12-05 17:12:54,217] Trial 188 finished with value: 705.4257396240725 and parameters: {'model_name': 'IterativeImputer', 'estimator': 'KNN', 'sample_posterior': False, 'initial_strategy': 'constant', 'imputation_order': 'random'}. Best is trial 172 with value: 705.3615246775498.
[I 2023-12-05 17:12:56,118] Trial 190 finished with value: 705.4090769884538 and parameters: {'model_name': 'IterativeImputer', 'estimator': 'KNN', 'sample_posterior': False, 'initial_strategy': 'constant', 'imputation_order': 'ascending'}. Best is trial 172 with value: 705.3615246775498.
[I 2023-12-05 17:12:57,825] Trial 191 finished with value: 705.4090769884538 and parameters: {'model_name': 'IterativeImputer', 'estimator': 'KNN', 'sample_posterior': False, 'initial_strategy': 'constant', 'imputation_order': 'ascending'}. Best is trial 172 with value: 705.3615246775498.
[I 2023-12-05 17:12:58,447] Trial 192 finished with value: 705.4090769884538 and parameters: {'model_name': 'IterativeImputer', 'estimator': 'KNN', 'sample_posterior': False, 'initial_strategy': 'constant', 'imputation_order': 'ascending'}. Best is trial 172 with value: 705.3615246775498.
[I 2023-12-05 17:13:00,277] Trial 197 finished with value: 1358.8369245663287 and parameters: {'model_name': 'IterativeImputer', 'estimator': 'Ridge', 'sample_posterior': False, 'initial_strategy': 'constant', 'imputation_order': 'ascending'}. Best is trial 172 with value: 705.3615246775498.
[I 2023-12-05 17:13:01,013] Trial 194 finished with value: 705.4090769884538 and parameters: {'model_name': 'IterativeImputer', 'estimator': 'KNN', 'sample_posterior': False, 'initial_strategy': 'constant', 'imputation_order': 'ascending'}. Best is trial 172 with value: 705.3615246775498.
[I 2023-12-05 17:13:01,431] Trial 193 finished with value: 705.4090769884538 and parameters: {'model_name': 'IterativeImputer', 'estimator': 'KNN', 'sample_posterior': False, 'initial_strategy': 'constant', 'imputation_order': 'ascending'}. Best is trial 172 with value: 705.3615246775498.
[I 2023-12-05 17:13:02,486] Trial 195 finished with value: 705.4090769884538 and parameters: {'model_name': 'IterativeImputer', 'estimator': 'KNN', 'sample_posterior': False, 'initial_strategy': 'constant', 'imputation_order': 'ascending'}. Best is trial 172 with value: 705.3615246775498.
[I 2023-12-05 17:13:03,709] Trial 196 finished with value: 705.4090769884538 and parameters: {'model_name': 'IterativeImputer', 'estimator': 'KNN', 'sample_posterior': False, 'initial_strategy': 'constant', 'imputation_order': 'ascending'}. Best is trial 172 with value: 705.3615246775498.
[I 2023-12-05 17:13:04,553] Trial 198 finished with value: 705.4090769884538 and parameters: {'model_name': 'IterativeImputer', 'estimator': 'KNN', 'sample_posterior': False, 'initial_strategy': 'constant', 'imputation_order': 'ascending'}. Best is trial 172 with value: 705.3615246775498.
[I 2023-12-05 17:13:05,028] Trial 199 finished with value: 705.4090769884538 and parameters: {'model_name': 'IterativeImputer', 'estimator': 'KNN', 'sample_posterior': False, 'initial_strategy': 'constant', 'imputation_order': 'ascending'}. Best is trial 172 with value: 705.3615246775498.
[I 2023-12-05 17:13:05,681] Trial 26 finished with value: 1310.2986435717378 and parameters: {'model_name': 'GAIN', 'batch_size': 760, 'hint_rate': 0.8, 'alpha': 9, 'iterations': 273}. Best is trial 172 with value: 705.3615246775498.
[I 2023-12-05 17:13:29,321] Trial 30 finished with value: 1029.2332566410853 and parameters: {'model_name': 'GAIN', 'batch_size': 837, 'hint_rate': 0.02, 'alpha': 66, 'iterations': 457}. Best is trial 172 with value: 705.3615246775498.
[I 2023-12-05 17:15:56,282] Trial 18 finished with value: inf and parameters: {'model_name': 'GAIN', 'batch_size': 800, 'hint_rate': 0.5800000000000001, 'alpha': 35, 'iterations': 1831}. Best is trial 172 with value: 705.3615246775498.
[I 2023-12-05 17:16:35,893] Trial 83 finished with value: inf and parameters: {'model_name': 'GAIN', 'batch_size': 40, 'hint_rate': 0.6, 'alpha': 4, 'iterations': 2794}. Best is trial 172 with value: 705.3615246775498.
[I 2023-12-05 17:17:04,688] Trial 79 finished with value: inf and parameters: {'model_name': 'GAIN', 'batch_size': 39, 'hint_rate': 0.59, 'alpha': 83, 'iterations': 3123}. Best is trial 172 with value: 705.3615246775498.
slurmstepd: error: *** STEP 434378.0 ON esplhpc-cp010 CANCELLED AT 2023-12-05T17:21:24 ***
slurmstepd: error: *** JOB 434378 ON esplhpc-cp010 CANCELLED AT 2023-12-05T17:21:24 ***
