Run: 6
/cm/local/apps/slurm/var/spool/job434374/slurm_script: line 23: /common/ketrong/minconda3/etc/profile.d/conda.sh: No such file or directory
/cm/local/apps/slurm/var/spool/job434374/slurm_script: line 26: $'\nconda create --name tpot2devenv -c conda-forge python=3.10\n': command not found
/cm/local/apps/slurm/var/spool/job434374/slurm_script: line 31: $'\npip install -r requirements.txt\n': command not found
RunStart
2023-12-05 17:09:05.647426: I tensorflow/core/util/port.cc:113] oneDNN custom operations are on. You may see slightly different numerical results due to floating-point round-off errors from different computation orders. To turn them off, set the environment variable `TF_ENABLE_ONEDNN_OPTS=0`.
2023-12-05 17:09:05.680892: E external/local_xla/xla/stream_executor/cuda/cuda_dnn.cc:9261] Unable to register cuDNN factory: Attempting to register factory for plugin cuDNN when one has already been registered
2023-12-05 17:09:05.680915: E external/local_xla/xla/stream_executor/cuda/cuda_fft.cc:607] Unable to register cuFFT factory: Attempting to register factory for plugin cuFFT when one has already been registered
2023-12-05 17:09:05.681734: E external/local_xla/xla/stream_executor/cuda/cuda_blas.cc:1515] Unable to register cuBLAS factory: Attempting to register factory for plugin cuBLAS when one has already been registered
2023-12-05 17:09:05.686823: I tensorflow/core/platform/cpu_feature_guard.cc:182] This TensorFlow binary is optimized to use available CPU instructions in performance-critical operations.
To enable the following instructions: AVX2 AVX512F AVX512_VNNI FMA, in other operations, rebuild TensorFlow with the appropriate compiler flags.
2023-12-05 17:09:27.100106: W tensorflow/compiler/tf2tensorrt/utils/py_utils.cc:38] TF-TRT Warning: Could not find TensorRT
WARNING:tensorflow:From /home/ketrong/miniconda3/envs/tpot2devenv/lib/python3.10/site-packages/tensorflow/python/compat/v2_compat.py:108: disable_resource_variables (from tensorflow.python.ops.variable_scope) is deprecated and will be removed in a future version.
Instructions for updating:
non-resource variables are not supported in the long term
working on 
tpot2_imputetest/Impute_Experiments/logs//tpot2_base_normal_30_0.01_MAR_6
3.5547499656677246
loading data
tpot2_imputetest/Impute_Experiments/data/30_True.pkl
running experiment 1/3 - Does large hyperparameter space improve reconstruction accuracy over simple
[I 2023-12-05 17:10:13,653] A new study created in memory with name: no-name-c5666fa6-0947-4c50-955f-91cd1b7dd0fd
[I 2023-12-05 17:10:13,687] Trial 2 finished with value: 3835.4555498236537 and parameters: {'model_name': 'SimpleImputer', 'strategy': 'mean'}. Best is trial 2 with value: 3835.4555498236537.
[I 2023-12-05 17:10:13,909] Trial 1 finished with value: 3881.7084333052035 and parameters: {'model_name': 'SimpleImputer', 'strategy': 'median'}. Best is trial 2 with value: 3835.4555498236537.
[I 2023-12-05 17:10:14,077] Trial 7 finished with value: 3911.432113280217 and parameters: {'model_name': 'SimpleImputer', 'strategy': 'constant'}. Best is trial 2 with value: 3835.4555498236537.
[I 2023-12-05 17:10:14,229] Trial 4 finished with value: 3911.432113280217 and parameters: {'model_name': 'SimpleImputer', 'strategy': 'constant'}. Best is trial 2 with value: 3835.4555498236537.
[I 2023-12-05 17:10:14,395] Trial 3 finished with value: 3881.7084333052035 and parameters: {'model_name': 'SimpleImputer', 'strategy': 'median'}. Best is trial 2 with value: 3835.4555498236537.
[I 2023-12-05 17:10:14,554] Trial 0 finished with value: 3908.5280266217997 and parameters: {'model_name': 'SimpleImputer', 'strategy': 'most_frequent'}. Best is trial 2 with value: 3835.4555498236537.
[I 2023-12-05 17:10:14,729] Trial 8 finished with value: 3911.432113280217 and parameters: {'model_name': 'SimpleImputer', 'strategy': 'constant'}. Best is trial 2 with value: 3835.4555498236537.
[I 2023-12-05 17:10:14,900] Trial 10 finished with value: 3881.7084333052035 and parameters: {'model_name': 'SimpleImputer', 'strategy': 'median'}. Best is trial 2 with value: 3835.4555498236537.
[I 2023-12-05 17:10:15,054] Trial 12 finished with value: 3835.4555498236537 and parameters: {'model_name': 'SimpleImputer', 'strategy': 'mean'}. Best is trial 2 with value: 3835.4555498236537.
[I 2023-12-05 17:10:15,209] Trial 15 finished with value: 3835.4555498236537 and parameters: {'model_name': 'SimpleImputer', 'strategy': 'mean'}. Best is trial 2 with value: 3835.4555498236537.
[I 2023-12-05 17:10:15,365] Trial 6 finished with value: 3881.7084333052035 and parameters: {'model_name': 'SimpleImputer', 'strategy': 'median'}. Best is trial 2 with value: 3835.4555498236537.
[I 2023-12-05 17:10:15,515] Trial 11 finished with value: 3881.7084333052035 and parameters: {'model_name': 'SimpleImputer', 'strategy': 'median'}. Best is trial 2 with value: 3835.4555498236537.
[I 2023-12-05 17:10:15,771] Trial 18 finished with value: 3835.4555498236537 and parameters: {'model_name': 'SimpleImputer', 'strategy': 'mean'}. Best is trial 2 with value: 3835.4555498236537.
[I 2023-12-05 17:10:15,934] Trial 14 finished with value: 3881.7084333052035 and parameters: {'model_name': 'SimpleImputer', 'strategy': 'median'}. Best is trial 2 with value: 3835.4555498236537.
[I 2023-12-05 17:10:16,093] Trial 16 finished with value: 3911.432113280217 and parameters: {'model_name': 'SimpleImputer', 'strategy': 'constant'}. Best is trial 2 with value: 3835.4555498236537.
[I 2023-12-05 17:10:16,327] Trial 24 finished with value: 3835.4555498236537 and parameters: {'model_name': 'SimpleImputer', 'strategy': 'mean'}. Best is trial 2 with value: 3835.4555498236537.
[I 2023-12-05 17:10:16,493] Trial 25 finished with value: 3835.4555498236537 and parameters: {'model_name': 'SimpleImputer', 'strategy': 'mean'}. Best is trial 2 with value: 3835.4555498236537.
[I 2023-12-05 17:10:16,644] Trial 19 finished with value: 3911.432113280217 and parameters: {'model_name': 'SimpleImputer', 'strategy': 'constant'}. Best is trial 2 with value: 3835.4555498236537.
[I 2023-12-05 17:10:16,794] Trial 17 finished with value: 3835.4555498236537 and parameters: {'model_name': 'SimpleImputer', 'strategy': 'mean'}. Best is trial 2 with value: 3835.4555498236537.
[I 2023-12-05 17:10:16,940] Trial 26 finished with value: 3835.4555498236537 and parameters: {'model_name': 'SimpleImputer', 'strategy': 'mean'}. Best is trial 2 with value: 3835.4555498236537.
[I 2023-12-05 17:10:17,091] Trial 13 finished with value: 3908.5280266217997 and parameters: {'model_name': 'SimpleImputer', 'strategy': 'most_frequent'}. Best is trial 2 with value: 3835.4555498236537.
[I 2023-12-05 17:10:17,246] Trial 5 finished with value: 3908.5280266217997 and parameters: {'model_name': 'SimpleImputer', 'strategy': 'most_frequent'}. Best is trial 2 with value: 3835.4555498236537.
[I 2023-12-05 17:10:17,416] Trial 20 finished with value: 3911.432113280217 and parameters: {'model_name': 'SimpleImputer', 'strategy': 'constant'}. Best is trial 2 with value: 3835.4555498236537.
[I 2023-12-05 17:10:17,565] Trial 23 finished with value: 3835.4555498236537 and parameters: {'model_name': 'SimpleImputer', 'strategy': 'mean'}. Best is trial 2 with value: 3835.4555498236537.
[I 2023-12-05 17:10:17,723] Trial 21 finished with value: 3908.5280266217997 and parameters: {'model_name': 'SimpleImputer', 'strategy': 'most_frequent'}. Best is trial 2 with value: 3835.4555498236537.
[I 2023-12-05 17:10:17,872] Trial 22 finished with value: 3908.5280266217997 and parameters: {'model_name': 'SimpleImputer', 'strategy': 'most_frequent'}. Best is trial 2 with value: 3835.4555498236537.
[I 2023-12-05 17:10:18,017] Trial 9 finished with value: 3908.5280266217997 and parameters: {'model_name': 'SimpleImputer', 'strategy': 'most_frequent'}. Best is trial 2 with value: 3835.4555498236537.
[I 2023-12-05 17:10:18,212] Trial 33 finished with value: 3835.4555498236537 and parameters: {'model_name': 'SimpleImputer', 'strategy': 'mean'}. Best is trial 2 with value: 3835.4555498236537.
[I 2023-12-05 17:10:18,367] Trial 30 finished with value: 3835.4555498236537 and parameters: {'model_name': 'SimpleImputer', 'strategy': 'mean'}. Best is trial 2 with value: 3835.4555498236537.
[I 2023-12-05 17:10:18,524] Trial 27 finished with value: 3835.4555498236537 and parameters: {'model_name': 'SimpleImputer', 'strategy': 'mean'}. Best is trial 2 with value: 3835.4555498236537.
[I 2023-12-05 17:10:18,675] Trial 35 finished with value: 3835.4555498236537 and parameters: {'model_name': 'SimpleImputer', 'strategy': 'mean'}. Best is trial 2 with value: 3835.4555498236537.
[I 2023-12-05 17:10:18,910] Trial 28 finished with value: 3835.4555498236537 and parameters: {'model_name': 'SimpleImputer', 'strategy': 'mean'}. Best is trial 2 with value: 3835.4555498236537.
[I 2023-12-05 17:10:19,075] Trial 31 finished with value: 3835.4555498236537 and parameters: {'model_name': 'SimpleImputer', 'strategy': 'mean'}. Best is trial 2 with value: 3835.4555498236537.
[I 2023-12-05 17:10:19,237] Trial 39 finished with value: 3835.4555498236537 and parameters: {'model_name': 'SimpleImputer', 'strategy': 'mean'}. Best is trial 2 with value: 3835.4555498236537.
[I 2023-12-05 17:10:19,398] Trial 41 finished with value: 3835.4555498236537 and parameters: {'model_name': 'SimpleImputer', 'strategy': 'mean'}. Best is trial 2 with value: 3835.4555498236537.
[I 2023-12-05 17:10:19,561] Trial 29 finished with value: 3835.4555498236537 and parameters: {'model_name': 'SimpleImputer', 'strategy': 'mean'}. Best is trial 2 with value: 3835.4555498236537.
[I 2023-12-05 17:10:19,810] Trial 32 finished with value: 3835.4555498236537 and parameters: {'model_name': 'SimpleImputer', 'strategy': 'mean'}. Best is trial 2 with value: 3835.4555498236537.
[I 2023-12-05 17:10:20,039] Trial 49 finished with value: 3835.4555498236537 and parameters: {'model_name': 'SimpleImputer', 'strategy': 'mean'}. Best is trial 2 with value: 3835.4555498236537.
[I 2023-12-05 17:10:20,230] Trial 37 finished with value: 3835.4555498236537 and parameters: {'model_name': 'SimpleImputer', 'strategy': 'mean'}. Best is trial 2 with value: 3835.4555498236537.
[I 2023-12-05 17:10:20,384] Trial 46 finished with value: 3835.4555498236537 and parameters: {'model_name': 'SimpleImputer', 'strategy': 'mean'}. Best is trial 2 with value: 3835.4555498236537.
[I 2023-12-05 17:10:20,539] Trial 36 finished with value: 3835.4555498236537 and parameters: {'model_name': 'SimpleImputer', 'strategy': 'mean'}. Best is trial 2 with value: 3835.4555498236537.
[I 2023-12-05 17:10:20,695] Trial 45 finished with value: 3835.4555498236537 and parameters: {'model_name': 'SimpleImputer', 'strategy': 'mean'}. Best is trial 2 with value: 3835.4555498236537.
[I 2023-12-05 17:10:20,858] Trial 53 finished with value: 3835.4555498236537 and parameters: {'model_name': 'SimpleImputer', 'strategy': 'mean'}. Best is trial 2 with value: 3835.4555498236537.
[I 2023-12-05 17:10:21,011] Trial 40 finished with value: 3835.4555498236537 and parameters: {'model_name': 'SimpleImputer', 'strategy': 'mean'}. Best is trial 2 with value: 3835.4555498236537.
[I 2023-12-05 17:10:21,164] Trial 50 finished with value: 3835.4555498236537 and parameters: {'model_name': 'SimpleImputer', 'strategy': 'mean'}. Best is trial 2 with value: 3835.4555498236537.
[I 2023-12-05 17:10:21,327] Trial 42 finished with value: 3835.4555498236537 and parameters: {'model_name': 'SimpleImputer', 'strategy': 'mean'}. Best is trial 2 with value: 3835.4555498236537.
[I 2023-12-05 17:10:21,489] Trial 43 finished with value: 3835.4555498236537 and parameters: {'model_name': 'SimpleImputer', 'strategy': 'mean'}. Best is trial 2 with value: 3835.4555498236537.
[I 2023-12-05 17:10:21,660] Trial 60 finished with value: 3835.4555498236537 and parameters: {'model_name': 'SimpleImputer', 'strategy': 'mean'}. Best is trial 2 with value: 3835.4555498236537.
[I 2023-12-05 17:10:21,814] Trial 44 finished with value: 3835.4555498236537 and parameters: {'model_name': 'SimpleImputer', 'strategy': 'mean'}. Best is trial 2 with value: 3835.4555498236537.
[I 2023-12-05 17:10:21,965] Trial 59 finished with value: 3835.4555498236537 and parameters: {'model_name': 'SimpleImputer', 'strategy': 'mean'}. Best is trial 2 with value: 3835.4555498236537.
[I 2023-12-05 17:10:22,118] Trial 38 finished with value: 3835.4555498236537 and parameters: {'model_name': 'SimpleImputer', 'strategy': 'mean'}. Best is trial 2 with value: 3835.4555498236537.
[I 2023-12-05 17:10:22,346] Trial 48 finished with value: 3835.4555498236537 and parameters: {'model_name': 'SimpleImputer', 'strategy': 'mean'}. Best is trial 2 with value: 3835.4555498236537.
[I 2023-12-05 17:10:22,548] Trial 47 finished with value: 3835.4555498236537 and parameters: {'model_name': 'SimpleImputer', 'strategy': 'mean'}. Best is trial 2 with value: 3835.4555498236537.
[I 2023-12-05 17:10:22,707] Trial 51 finished with value: 3835.4555498236537 and parameters: {'model_name': 'SimpleImputer', 'strategy': 'mean'}. Best is trial 2 with value: 3835.4555498236537.
[I 2023-12-05 17:10:22,870] Trial 52 finished with value: 3835.4555498236537 and parameters: {'model_name': 'SimpleImputer', 'strategy': 'mean'}. Best is trial 2 with value: 3835.4555498236537.
[I 2023-12-05 17:10:23,025] Trial 66 finished with value: 3835.4555498236537 and parameters: {'model_name': 'SimpleImputer', 'strategy': 'mean'}. Best is trial 2 with value: 3835.4555498236537.
[I 2023-12-05 17:10:23,179] Trial 54 finished with value: 3835.4555498236537 and parameters: {'model_name': 'SimpleImputer', 'strategy': 'mean'}. Best is trial 2 with value: 3835.4555498236537.
[I 2023-12-05 17:10:23,333] Trial 68 finished with value: 3835.4555498236537 and parameters: {'model_name': 'SimpleImputer', 'strategy': 'mean'}. Best is trial 2 with value: 3835.4555498236537.
[I 2023-12-05 17:10:23,501] Trial 76 finished with value: 3835.4555498236537 and parameters: {'model_name': 'SimpleImputer', 'strategy': 'mean'}. Best is trial 2 with value: 3835.4555498236537.
[I 2023-12-05 17:10:23,654] Trial 74 finished with value: 3835.4555498236537 and parameters: {'model_name': 'SimpleImputer', 'strategy': 'mean'}. Best is trial 2 with value: 3835.4555498236537.
[I 2023-12-05 17:10:23,802] Trial 56 finished with value: 3835.4555498236537 and parameters: {'model_name': 'SimpleImputer', 'strategy': 'mean'}. Best is trial 2 with value: 3835.4555498236537.
[I 2023-12-05 17:10:23,972] Trial 58 finished with value: 3835.4555498236537 and parameters: {'model_name': 'SimpleImputer', 'strategy': 'mean'}. Best is trial 2 with value: 3835.4555498236537.
[I 2023-12-05 17:10:24,132] Trial 62 finished with value: 3835.4555498236537 and parameters: {'model_name': 'SimpleImputer', 'strategy': 'mean'}. Best is trial 2 with value: 3835.4555498236537.
[I 2023-12-05 17:10:24,286] Trial 34 finished with value: 3835.4555498236537 and parameters: {'model_name': 'SimpleImputer', 'strategy': 'mean'}. Best is trial 2 with value: 3835.4555498236537.
[I 2023-12-05 17:10:24,541] Trial 81 finished with value: 3881.7084333052035 and parameters: {'model_name': 'SimpleImputer', 'strategy': 'median'}. Best is trial 2 with value: 3835.4555498236537.
[I 2023-12-05 17:10:24,781] Trial 63 finished with value: 3835.4555498236537 and parameters: {'model_name': 'SimpleImputer', 'strategy': 'mean'}. Best is trial 2 with value: 3835.4555498236537.
[I 2023-12-05 17:10:24,959] Trial 65 finished with value: 3835.4555498236537 and parameters: {'model_name': 'SimpleImputer', 'strategy': 'mean'}. Best is trial 2 with value: 3835.4555498236537.
[I 2023-12-05 17:10:25,139] Trial 70 finished with value: 3835.4555498236537 and parameters: {'model_name': 'SimpleImputer', 'strategy': 'mean'}. Best is trial 2 with value: 3835.4555498236537.
[I 2023-12-05 17:10:25,291] Trial 71 finished with value: 3835.4555498236537 and parameters: {'model_name': 'SimpleImputer', 'strategy': 'mean'}. Best is trial 2 with value: 3835.4555498236537.
[I 2023-12-05 17:10:25,442] Trial 64 finished with value: 3835.4555498236537 and parameters: {'model_name': 'SimpleImputer', 'strategy': 'mean'}. Best is trial 2 with value: 3835.4555498236537.
[I 2023-12-05 17:10:25,611] Trial 67 finished with value: 3835.4555498236537 and parameters: {'model_name': 'SimpleImputer', 'strategy': 'mean'}. Best is trial 2 with value: 3835.4555498236537.
[I 2023-12-05 17:10:25,769] Trial 85 finished with value: 3881.7084333052035 and parameters: {'model_name': 'SimpleImputer', 'strategy': 'median'}. Best is trial 2 with value: 3835.4555498236537.
[I 2023-12-05 17:10:25,932] Trial 72 finished with value: 3835.4555498236537 and parameters: {'model_name': 'SimpleImputer', 'strategy': 'mean'}. Best is trial 2 with value: 3835.4555498236537.
[I 2023-12-05 17:10:26,170] Trial 73 finished with value: 3835.4555498236537 and parameters: {'model_name': 'SimpleImputer', 'strategy': 'mean'}. Best is trial 2 with value: 3835.4555498236537.
[I 2023-12-05 17:10:26,336] Trial 55 finished with value: 3835.4555498236537 and parameters: {'model_name': 'SimpleImputer', 'strategy': 'mean'}. Best is trial 2 with value: 3835.4555498236537.
[I 2023-12-05 17:10:26,500] Trial 57 finished with value: 3835.4555498236537 and parameters: {'model_name': 'SimpleImputer', 'strategy': 'mean'}. Best is trial 2 with value: 3835.4555498236537.
[I 2023-12-05 17:10:26,668] Trial 89 finished with value: 3881.7084333052035 and parameters: {'model_name': 'SimpleImputer', 'strategy': 'median'}. Best is trial 2 with value: 3835.4555498236537.
[I 2023-12-05 17:10:26,826] Trial 61 finished with value: 3835.4555498236537 and parameters: {'model_name': 'SimpleImputer', 'strategy': 'mean'}. Best is trial 2 with value: 3835.4555498236537.
[I 2023-12-05 17:10:26,993] Trial 94 finished with value: 3881.7084333052035 and parameters: {'model_name': 'SimpleImputer', 'strategy': 'median'}. Best is trial 2 with value: 3835.4555498236537.
[I 2023-12-05 17:10:27,157] Trial 78 finished with value: 3881.7084333052035 and parameters: {'model_name': 'SimpleImputer', 'strategy': 'median'}. Best is trial 2 with value: 3835.4555498236537.
[I 2023-12-05 17:10:27,311] Trial 80 finished with value: 3881.7084333052035 and parameters: {'model_name': 'SimpleImputer', 'strategy': 'median'}. Best is trial 2 with value: 3835.4555498236537.
[I 2023-12-05 17:10:27,596] Trial 77 finished with value: 3881.7084333052035 and parameters: {'model_name': 'SimpleImputer', 'strategy': 'median'}. Best is trial 2 with value: 3835.4555498236537.
[I 2023-12-05 17:10:27,776] Trial 93 finished with value: 3881.7084333052035 and parameters: {'model_name': 'SimpleImputer', 'strategy': 'median'}. Best is trial 2 with value: 3835.4555498236537.
[I 2023-12-05 17:10:27,783] Trial 91 finished with value: 3881.7084333052035 and parameters: {'model_name': 'SimpleImputer', 'strategy': 'median'}. Best is trial 2 with value: 3835.4555498236537.
[I 2023-12-05 17:10:28,126] Trial 86 finished with value: 3881.7084333052035 and parameters: {'model_name': 'SimpleImputer', 'strategy': 'median'}. Best is trial 2 with value: 3835.4555498236537.
[I 2023-12-05 17:10:28,288] Trial 69 finished with value: 3835.4555498236537 and parameters: {'model_name': 'SimpleImputer', 'strategy': 'mean'}. Best is trial 2 with value: 3835.4555498236537.
[I 2023-12-05 17:10:28,445] Trial 79 finished with value: 3881.7084333052035 and parameters: {'model_name': 'SimpleImputer', 'strategy': 'median'}. Best is trial 2 with value: 3835.4555498236537.
[I 2023-12-05 17:10:28,602] Trial 83 finished with value: 3881.7084333052035 and parameters: {'model_name': 'SimpleImputer', 'strategy': 'median'}. Best is trial 2 with value: 3835.4555498236537.
[I 2023-12-05 17:10:28,777] Trial 82 finished with value: 3881.7084333052035 and parameters: {'model_name': 'SimpleImputer', 'strategy': 'median'}. Best is trial 2 with value: 3835.4555498236537.
[I 2023-12-05 17:10:28,961] Trial 84 finished with value: 3881.7084333052035 and parameters: {'model_name': 'SimpleImputer', 'strategy': 'median'}. Best is trial 2 with value: 3835.4555498236537.
[I 2023-12-05 17:10:29,132] Trial 75 finished with value: 3835.4555498236537 and parameters: {'model_name': 'SimpleImputer', 'strategy': 'mean'}. Best is trial 2 with value: 3835.4555498236537.
[I 2023-12-05 17:10:29,291] Trial 88 finished with value: 3881.7084333052035 and parameters: {'model_name': 'SimpleImputer', 'strategy': 'median'}. Best is trial 2 with value: 3835.4555498236537.
[I 2023-12-05 17:10:29,450] Trial 99 finished with value: 3908.5280266217997 and parameters: {'model_name': 'SimpleImputer', 'strategy': 'most_frequent'}. Best is trial 2 with value: 3835.4555498236537.
[I 2023-12-05 17:10:29,610] Trial 87 finished with value: 3881.7084333052035 and parameters: {'model_name': 'SimpleImputer', 'strategy': 'median'}. Best is trial 2 with value: 3835.4555498236537.
[I 2023-12-05 17:10:29,817] Trial 101 finished with value: 3908.5280266217997 and parameters: {'model_name': 'SimpleImputer', 'strategy': 'most_frequent'}. Best is trial 2 with value: 3835.4555498236537.
[I 2023-12-05 17:10:30,072] Trial 104 finished with value: 3908.5280266217997 and parameters: {'model_name': 'SimpleImputer', 'strategy': 'most_frequent'}. Best is trial 2 with value: 3835.4555498236537.
[I 2023-12-05 17:10:30,262] Trial 96 finished with value: 3881.7084333052035 and parameters: {'model_name': 'SimpleImputer', 'strategy': 'median'}. Best is trial 2 with value: 3835.4555498236537.
[I 2023-12-05 17:10:30,431] Trial 102 finished with value: 3908.5280266217997 and parameters: {'model_name': 'SimpleImputer', 'strategy': 'most_frequent'}. Best is trial 2 with value: 3835.4555498236537.
[I 2023-12-05 17:10:30,611] Trial 90 finished with value: 3881.7084333052035 and parameters: {'model_name': 'SimpleImputer', 'strategy': 'median'}. Best is trial 2 with value: 3835.4555498236537.
[I 2023-12-05 17:10:30,771] Trial 105 finished with value: 3908.5280266217997 and parameters: {'model_name': 'SimpleImputer', 'strategy': 'most_frequent'}. Best is trial 2 with value: 3835.4555498236537.
[I 2023-12-05 17:10:30,984] Trial 97 finished with value: 3908.5280266217997 and parameters: {'model_name': 'SimpleImputer', 'strategy': 'most_frequent'}. Best is trial 2 with value: 3835.4555498236537.
[I 2023-12-05 17:10:31,177] Trial 98 finished with value: 3908.5280266217997 and parameters: {'model_name': 'SimpleImputer', 'strategy': 'most_frequent'}. Best is trial 2 with value: 3835.4555498236537.
[I 2023-12-05 17:10:31,368] Trial 123 finished with value: 3911.432113280217 and parameters: {'model_name': 'SimpleImputer', 'strategy': 'constant'}. Best is trial 2 with value: 3835.4555498236537.
[I 2023-12-05 17:10:31,537] Trial 100 finished with value: 3908.5280266217997 and parameters: {'model_name': 'SimpleImputer', 'strategy': 'most_frequent'}. Best is trial 2 with value: 3835.4555498236537.
[I 2023-12-05 17:10:31,714] Trial 111 finished with value: 3908.5280266217997 and parameters: {'model_name': 'SimpleImputer', 'strategy': 'most_frequent'}. Best is trial 2 with value: 3835.4555498236537.
[I 2023-12-05 17:10:31,893] Trial 126 finished with value: 3911.432113280217 and parameters: {'model_name': 'SimpleImputer', 'strategy': 'constant'}. Best is trial 2 with value: 3835.4555498236537.
[I 2023-12-05 17:10:32,053] Trial 115 finished with value: 3908.5280266217997 and parameters: {'model_name': 'SimpleImputer', 'strategy': 'most_frequent'}. Best is trial 2 with value: 3835.4555498236537.
[I 2023-12-05 17:10:32,218] Trial 103 finished with value: 3908.5280266217997 and parameters: {'model_name': 'SimpleImputer', 'strategy': 'most_frequent'}. Best is trial 2 with value: 3835.4555498236537.
[I 2023-12-05 17:10:32,395] Trial 125 finished with value: 3911.432113280217 and parameters: {'model_name': 'SimpleImputer', 'strategy': 'constant'}. Best is trial 2 with value: 3835.4555498236537.
[I 2023-12-05 17:10:32,607] Trial 107 finished with value: 3908.5280266217997 and parameters: {'model_name': 'SimpleImputer', 'strategy': 'most_frequent'}. Best is trial 2 with value: 3835.4555498236537.
[I 2023-12-05 17:10:32,607] Trial 92 finished with value: 3881.7084333052035 and parameters: {'model_name': 'SimpleImputer', 'strategy': 'median'}. Best is trial 2 with value: 3835.4555498236537.
[I 2023-12-05 17:10:33,034] Trial 117 finished with value: 3908.5280266217997 and parameters: {'model_name': 'SimpleImputer', 'strategy': 'most_frequent'}. Best is trial 2 with value: 3835.4555498236537.
[I 2023-12-05 17:10:33,225] Trial 132 finished with value: 3911.432113280217 and parameters: {'model_name': 'SimpleImputer', 'strategy': 'constant'}. Best is trial 2 with value: 3835.4555498236537.
[I 2023-12-05 17:10:33,437] Trial 109 finished with value: 3908.5280266217997 and parameters: {'model_name': 'SimpleImputer', 'strategy': 'most_frequent'}. Best is trial 2 with value: 3835.4555498236537.
[I 2023-12-05 17:10:33,614] Trial 110 finished with value: 3908.5280266217997 and parameters: {'model_name': 'SimpleImputer', 'strategy': 'most_frequent'}. Best is trial 2 with value: 3835.4555498236537.
[I 2023-12-05 17:10:33,775] Trial 121 finished with value: 3908.5280266217997 and parameters: {'model_name': 'SimpleImputer', 'strategy': 'most_frequent'}. Best is trial 2 with value: 3835.4555498236537.
[I 2023-12-05 17:10:33,941] Trial 106 finished with value: 3908.5280266217997 and parameters: {'model_name': 'SimpleImputer', 'strategy': 'most_frequent'}. Best is trial 2 with value: 3835.4555498236537.
[I 2023-12-05 17:10:34,106] Trial 108 finished with value: 3908.5280266217997 and parameters: {'model_name': 'SimpleImputer', 'strategy': 'most_frequent'}. Best is trial 2 with value: 3835.4555498236537.
[I 2023-12-05 17:10:34,366] Trial 118 finished with value: 3911.432113280217 and parameters: {'model_name': 'SimpleImputer', 'strategy': 'constant'}. Best is trial 2 with value: 3835.4555498236537.
[I 2023-12-05 17:10:34,593] Trial 133 finished with value: 3911.432113280217 and parameters: {'model_name': 'SimpleImputer', 'strategy': 'constant'}. Best is trial 2 with value: 3835.4555498236537.
[I 2023-12-05 17:10:34,763] Trial 136 finished with value: 3911.432113280217 and parameters: {'model_name': 'SimpleImputer', 'strategy': 'constant'}. Best is trial 2 with value: 3835.4555498236537.
[I 2023-12-05 17:10:34,924] Trial 120 finished with value: 3908.5280266217997 and parameters: {'model_name': 'SimpleImputer', 'strategy': 'most_frequent'}. Best is trial 2 with value: 3835.4555498236537.
[I 2023-12-05 17:10:35,081] Trial 114 finished with value: 3908.5280266217997 and parameters: {'model_name': 'SimpleImputer', 'strategy': 'most_frequent'}. Best is trial 2 with value: 3835.4555498236537.
[I 2023-12-05 17:10:35,242] Trial 113 finished with value: 3908.5280266217997 and parameters: {'model_name': 'SimpleImputer', 'strategy': 'most_frequent'}. Best is trial 2 with value: 3835.4555498236537.
[I 2023-12-05 17:10:35,408] Trial 122 finished with value: 3911.432113280217 and parameters: {'model_name': 'SimpleImputer', 'strategy': 'constant'}. Best is trial 2 with value: 3835.4555498236537.
[I 2023-12-05 17:10:35,568] Trial 127 finished with value: 3911.432113280217 and parameters: {'model_name': 'SimpleImputer', 'strategy': 'constant'}. Best is trial 2 with value: 3835.4555498236537.
[I 2023-12-05 17:10:35,728] Trial 112 finished with value: 3908.5280266217997 and parameters: {'model_name': 'SimpleImputer', 'strategy': 'most_frequent'}. Best is trial 2 with value: 3835.4555498236537.
[I 2023-12-05 17:10:35,890] Trial 95 finished with value: 3881.7084333052035 and parameters: {'model_name': 'SimpleImputer', 'strategy': 'median'}. Best is trial 2 with value: 3835.4555498236537.
[I 2023-12-05 17:10:36,048] Trial 116 finished with value: 3908.5280266217997 and parameters: {'model_name': 'SimpleImputer', 'strategy': 'most_frequent'}. Best is trial 2 with value: 3835.4555498236537.
[I 2023-12-05 17:10:36,222] Trial 129 finished with value: 3911.432113280217 and parameters: {'model_name': 'SimpleImputer', 'strategy': 'constant'}. Best is trial 2 with value: 3835.4555498236537.
[I 2023-12-05 17:10:36,403] Trial 139 finished with value: 3911.432113280217 and parameters: {'model_name': 'SimpleImputer', 'strategy': 'constant'}. Best is trial 2 with value: 3835.4555498236537.
[I 2023-12-05 17:10:36,575] Trial 131 finished with value: 3911.432113280217 and parameters: {'model_name': 'SimpleImputer', 'strategy': 'constant'}. Best is trial 2 with value: 3835.4555498236537.
[I 2023-12-05 17:10:36,739] Trial 144 finished with value: 3835.4555498236537 and parameters: {'model_name': 'SimpleImputer', 'strategy': 'mean'}. Best is trial 2 with value: 3835.4555498236537.
[I 2023-12-05 17:10:36,896] Trial 141 finished with value: 3835.4555498236537 and parameters: {'model_name': 'SimpleImputer', 'strategy': 'mean'}. Best is trial 2 with value: 3835.4555498236537.
[I 2023-12-05 17:10:37,051] Trial 142 finished with value: 3835.4555498236537 and parameters: {'model_name': 'SimpleImputer', 'strategy': 'mean'}. Best is trial 2 with value: 3835.4555498236537.
[I 2023-12-05 17:10:37,216] Trial 143 finished with value: 3835.4555498236537 and parameters: {'model_name': 'SimpleImputer', 'strategy': 'mean'}. Best is trial 2 with value: 3835.4555498236537.
[I 2023-12-05 17:10:37,382] Trial 134 finished with value: 3911.432113280217 and parameters: {'model_name': 'SimpleImputer', 'strategy': 'constant'}. Best is trial 2 with value: 3835.4555498236537.
[I 2023-12-05 17:10:37,546] Trial 124 finished with value: 3911.432113280217 and parameters: {'model_name': 'SimpleImputer', 'strategy': 'constant'}. Best is trial 2 with value: 3835.4555498236537.
[I 2023-12-05 17:10:37,712] Trial 137 finished with value: 3835.4555498236537 and parameters: {'model_name': 'SimpleImputer', 'strategy': 'mean'}. Best is trial 2 with value: 3835.4555498236537.
[I 2023-12-05 17:10:37,883] Trial 148 finished with value: 3835.4555498236537 and parameters: {'model_name': 'SimpleImputer', 'strategy': 'mean'}. Best is trial 2 with value: 3835.4555498236537.
[I 2023-12-05 17:10:38,052] Trial 128 finished with value: 3911.432113280217 and parameters: {'model_name': 'SimpleImputer', 'strategy': 'constant'}. Best is trial 2 with value: 3835.4555498236537.
[I 2023-12-05 17:10:38,301] Trial 138 finished with value: 3911.432113280217 and parameters: {'model_name': 'SimpleImputer', 'strategy': 'constant'}. Best is trial 2 with value: 3835.4555498236537.
[I 2023-12-05 17:10:38,490] Trial 149 finished with value: 3835.4555498236537 and parameters: {'model_name': 'SimpleImputer', 'strategy': 'mean'}. Best is trial 2 with value: 3835.4555498236537.
[I 2023-12-05 17:10:38,498] Trial 140 finished with value: 3911.432113280217 and parameters: {'model_name': 'SimpleImputer', 'strategy': 'constant'}. Best is trial 2 with value: 3835.4555498236537.
[I 2023-12-05 17:10:38,826] Trial 156 finished with value: 3835.4555498236537 and parameters: {'model_name': 'SimpleImputer', 'strategy': 'mean'}. Best is trial 2 with value: 3835.4555498236537.
[I 2023-12-05 17:10:38,990] Trial 130 finished with value: 3911.432113280217 and parameters: {'model_name': 'SimpleImputer', 'strategy': 'constant'}. Best is trial 2 with value: 3835.4555498236537.
[I 2023-12-05 17:10:39,161] Trial 135 finished with value: 3911.432113280217 and parameters: {'model_name': 'SimpleImputer', 'strategy': 'constant'}. Best is trial 2 with value: 3835.4555498236537.
[I 2023-12-05 17:10:39,327] Trial 159 finished with value: 3835.4555498236537 and parameters: {'model_name': 'SimpleImputer', 'strategy': 'mean'}. Best is trial 2 with value: 3835.4555498236537.
[I 2023-12-05 17:10:39,491] Trial 146 finished with value: 3835.4555498236537 and parameters: {'model_name': 'SimpleImputer', 'strategy': 'mean'}. Best is trial 2 with value: 3835.4555498236537.
[I 2023-12-05 17:10:39,732] Trial 155 finished with value: 3835.4555498236537 and parameters: {'model_name': 'SimpleImputer', 'strategy': 'mean'}. Best is trial 2 with value: 3835.4555498236537.
[I 2023-12-05 17:10:39,973] Trial 161 finished with value: 3835.4555498236537 and parameters: {'model_name': 'SimpleImputer', 'strategy': 'mean'}. Best is trial 2 with value: 3835.4555498236537.
[I 2023-12-05 17:10:40,144] Trial 119 finished with value: 3908.5280266217997 and parameters: {'model_name': 'SimpleImputer', 'strategy': 'most_frequent'}. Best is trial 2 with value: 3835.4555498236537.
[I 2023-12-05 17:10:40,310] Trial 163 finished with value: 3835.4555498236537 and parameters: {'model_name': 'SimpleImputer', 'strategy': 'mean'}. Best is trial 2 with value: 3835.4555498236537.
[I 2023-12-05 17:10:40,476] Trial 160 finished with value: 3835.4555498236537 and parameters: {'model_name': 'SimpleImputer', 'strategy': 'mean'}. Best is trial 2 with value: 3835.4555498236537.
[I 2023-12-05 17:10:40,729] Trial 154 finished with value: 3835.4555498236537 and parameters: {'model_name': 'SimpleImputer', 'strategy': 'mean'}. Best is trial 2 with value: 3835.4555498236537.
[I 2023-12-05 17:10:40,903] Trial 164 finished with value: 3835.4555498236537 and parameters: {'model_name': 'SimpleImputer', 'strategy': 'mean'}. Best is trial 2 with value: 3835.4555498236537.
[I 2023-12-05 17:10:41,066] Trial 151 finished with value: 3835.4555498236537 and parameters: {'model_name': 'SimpleImputer', 'strategy': 'mean'}. Best is trial 2 with value: 3835.4555498236537.
[I 2023-12-05 17:10:41,226] Trial 150 finished with value: 3835.4555498236537 and parameters: {'model_name': 'SimpleImputer', 'strategy': 'mean'}. Best is trial 2 with value: 3835.4555498236537.
[I 2023-12-05 17:10:41,386] Trial 173 finished with value: 3835.4555498236537 and parameters: {'model_name': 'SimpleImputer', 'strategy': 'mean'}. Best is trial 2 with value: 3835.4555498236537.
[I 2023-12-05 17:10:41,546] Trial 169 finished with value: 3835.4555498236537 and parameters: {'model_name': 'SimpleImputer', 'strategy': 'mean'}. Best is trial 2 with value: 3835.4555498236537.
[I 2023-12-05 17:10:41,706] Trial 153 finished with value: 3835.4555498236537 and parameters: {'model_name': 'SimpleImputer', 'strategy': 'mean'}. Best is trial 2 with value: 3835.4555498236537.
[I 2023-12-05 17:10:41,900] Trial 157 finished with value: 3835.4555498236537 and parameters: {'model_name': 'SimpleImputer', 'strategy': 'mean'}. Best is trial 2 with value: 3835.4555498236537.
[I 2023-12-05 17:10:42,148] Trial 158 finished with value: 3835.4555498236537 and parameters: {'model_name': 'SimpleImputer', 'strategy': 'mean'}. Best is trial 2 with value: 3835.4555498236537.
[I 2023-12-05 17:10:42,318] Trial 145 finished with value: 3835.4555498236537 and parameters: {'model_name': 'SimpleImputer', 'strategy': 'mean'}. Best is trial 2 with value: 3835.4555498236537.
[I 2023-12-05 17:10:42,485] Trial 147 finished with value: 3835.4555498236537 and parameters: {'model_name': 'SimpleImputer', 'strategy': 'mean'}. Best is trial 2 with value: 3835.4555498236537.
[I 2023-12-05 17:10:42,643] Trial 177 finished with value: 3835.4555498236537 and parameters: {'model_name': 'SimpleImputer', 'strategy': 'mean'}. Best is trial 2 with value: 3835.4555498236537.
[I 2023-12-05 17:10:42,819] Trial 178 finished with value: 3835.4555498236537 and parameters: {'model_name': 'SimpleImputer', 'strategy': 'mean'}. Best is trial 2 with value: 3835.4555498236537.
[I 2023-12-05 17:10:42,984] Trial 179 finished with value: 3835.4555498236537 and parameters: {'model_name': 'SimpleImputer', 'strategy': 'mean'}. Best is trial 2 with value: 3835.4555498236537.
[I 2023-12-05 17:10:43,144] Trial 162 finished with value: 3835.4555498236537 and parameters: {'model_name': 'SimpleImputer', 'strategy': 'mean'}. Best is trial 2 with value: 3835.4555498236537.
[I 2023-12-05 17:10:43,308] Trial 166 finished with value: 3835.4555498236537 and parameters: {'model_name': 'SimpleImputer', 'strategy': 'mean'}. Best is trial 2 with value: 3835.4555498236537.
[I 2023-12-05 17:10:43,492] Trial 167 finished with value: 3835.4555498236537 and parameters: {'model_name': 'SimpleImputer', 'strategy': 'mean'}. Best is trial 2 with value: 3835.4555498236537.
[I 2023-12-05 17:10:43,653] Trial 171 finished with value: 3835.4555498236537 and parameters: {'model_name': 'SimpleImputer', 'strategy': 'mean'}. Best is trial 2 with value: 3835.4555498236537.
[I 2023-12-05 17:10:43,817] Trial 184 finished with value: 3835.4555498236537 and parameters: {'model_name': 'SimpleImputer', 'strategy': 'mean'}. Best is trial 2 with value: 3835.4555498236537.
[I 2023-12-05 17:10:43,980] Trial 185 finished with value: 3835.4555498236537 and parameters: {'model_name': 'SimpleImputer', 'strategy': 'mean'}. Best is trial 2 with value: 3835.4555498236537.
[I 2023-12-05 17:10:44,213] Trial 172 finished with value: 3835.4555498236537 and parameters: {'model_name': 'SimpleImputer', 'strategy': 'mean'}. Best is trial 2 with value: 3835.4555498236537.
[I 2023-12-05 17:10:44,393] Trial 174 finished with value: 3835.4555498236537 and parameters: {'model_name': 'SimpleImputer', 'strategy': 'mean'}. Best is trial 2 with value: 3835.4555498236537.
[I 2023-12-05 17:10:44,582] Trial 175 finished with value: 3835.4555498236537 and parameters: {'model_name': 'SimpleImputer', 'strategy': 'mean'}. Best is trial 2 with value: 3835.4555498236537.
[I 2023-12-05 17:10:44,743] Trial 192 finished with value: 3835.4555498236537 and parameters: {'model_name': 'SimpleImputer', 'strategy': 'mean'}. Best is trial 2 with value: 3835.4555498236537.
[I 2023-12-05 17:10:44,905] Trial 176 finished with value: 3835.4555498236537 and parameters: {'model_name': 'SimpleImputer', 'strategy': 'mean'}. Best is trial 2 with value: 3835.4555498236537.
[I 2023-12-05 17:10:45,069] Trial 186 finished with value: 3835.4555498236537 and parameters: {'model_name': 'SimpleImputer', 'strategy': 'mean'}. Best is trial 2 with value: 3835.4555498236537.
[I 2023-12-05 17:10:45,229] Trial 191 finished with value: 3835.4555498236537 and parameters: {'model_name': 'SimpleImputer', 'strategy': 'mean'}. Best is trial 2 with value: 3835.4555498236537.
[I 2023-12-05 17:10:45,395] Trial 152 finished with value: 3835.4555498236537 and parameters: {'model_name': 'SimpleImputer', 'strategy': 'mean'}. Best is trial 2 with value: 3835.4555498236537.
[I 2023-12-05 17:10:45,555] Trial 182 finished with value: 3835.4555498236537 and parameters: {'model_name': 'SimpleImputer', 'strategy': 'mean'}. Best is trial 2 with value: 3835.4555498236537.
[I 2023-12-05 17:10:45,719] Trial 183 finished with value: 3835.4555498236537 and parameters: {'model_name': 'SimpleImputer', 'strategy': 'mean'}. Best is trial 2 with value: 3835.4555498236537.
[I 2023-12-05 17:10:45,882] Trial 190 finished with value: 3835.4555498236537 and parameters: {'model_name': 'SimpleImputer', 'strategy': 'mean'}. Best is trial 2 with value: 3835.4555498236537.
[I 2023-12-05 17:10:46,061] Trial 187 finished with value: 3835.4555498236537 and parameters: {'model_name': 'SimpleImputer', 'strategy': 'mean'}. Best is trial 2 with value: 3835.4555498236537.
[I 2023-12-05 17:10:46,223] Trial 195 finished with value: 3835.4555498236537 and parameters: {'model_name': 'SimpleImputer', 'strategy': 'mean'}. Best is trial 2 with value: 3835.4555498236537.
[I 2023-12-05 17:10:46,393] Trial 189 finished with value: 3835.4555498236537 and parameters: {'model_name': 'SimpleImputer', 'strategy': 'mean'}. Best is trial 2 with value: 3835.4555498236537.
[I 2023-12-05 17:10:46,555] Trial 168 finished with value: 3835.4555498236537 and parameters: {'model_name': 'SimpleImputer', 'strategy': 'mean'}. Best is trial 2 with value: 3835.4555498236537.
[I 2023-12-05 17:10:46,795] Trial 196 finished with value: 3835.4555498236537 and parameters: {'model_name': 'SimpleImputer', 'strategy': 'mean'}. Best is trial 2 with value: 3835.4555498236537.
[I 2023-12-05 17:10:46,990] Trial 181 finished with value: 3835.4555498236537 and parameters: {'model_name': 'SimpleImputer', 'strategy': 'mean'}. Best is trial 2 with value: 3835.4555498236537.
[I 2023-12-05 17:10:47,170] Trial 193 finished with value: 3835.4555498236537 and parameters: {'model_name': 'SimpleImputer', 'strategy': 'mean'}. Best is trial 2 with value: 3835.4555498236537.
[I 2023-12-05 17:10:47,414] Trial 165 finished with value: 3835.4555498236537 and parameters: {'model_name': 'SimpleImputer', 'strategy': 'mean'}. Best is trial 2 with value: 3835.4555498236537.
[I 2023-12-05 17:10:47,655] Trial 194 finished with value: 3835.4555498236537 and parameters: {'model_name': 'SimpleImputer', 'strategy': 'mean'}. Best is trial 2 with value: 3835.4555498236537.
[I 2023-12-05 17:10:47,839] Trial 180 finished with value: 3835.4555498236537 and parameters: {'model_name': 'SimpleImputer', 'strategy': 'mean'}. Best is trial 2 with value: 3835.4555498236537.
[I 2023-12-05 17:10:47,997] Trial 197 finished with value: 3835.4555498236537 and parameters: {'model_name': 'SimpleImputer', 'strategy': 'mean'}. Best is trial 2 with value: 3835.4555498236537.
[I 2023-12-05 17:10:48,190] Trial 199 finished with value: 3835.4555498236537 and parameters: {'model_name': 'SimpleImputer', 'strategy': 'mean'}. Best is trial 2 with value: 3835.4555498236537.
[I 2023-12-05 17:10:48,357] Trial 188 finished with value: 3835.4555498236537 and parameters: {'model_name': 'SimpleImputer', 'strategy': 'mean'}. Best is trial 2 with value: 3835.4555498236537.
[I 2023-12-05 17:10:48,517] Trial 198 finished with value: 3835.4555498236537 and parameters: {'model_name': 'SimpleImputer', 'strategy': 'mean'}. Best is trial 2 with value: 3835.4555498236537.
[I 2023-12-05 17:10:48,672] Trial 170 finished with value: 3835.4555498236537 and parameters: {'model_name': 'SimpleImputer', 'strategy': 'mean'}. Best is trial 2 with value: 3835.4555498236537.
simple fit
simple transform
3835.4555498236537
3835.4555498236537
[I 2023-12-05 17:10:52,149] A new study created in memory with name: no-name-126764f8-95fb-4711-83d9-bd3d207e00ce
[I 2023-12-05 17:10:52,234] Trial 7 finished with value: 5982.600246336272 and parameters: {'model_name': 'SimpleImputer', 'strategy': 'constant'}. Best is trial 7 with value: 5982.600246336272.
[I 2023-12-05 17:10:52,583] Trial 12 finished with value: 5901.849564814202 and parameters: {'model_name': 'SimpleImputer', 'strategy': 'median'}. Best is trial 12 with value: 5901.849564814202.
[I 2023-12-05 17:10:52,869] Trial 4 finished with value: inf and parameters: {'model_name': 'IterativeImputer', 'estimator': 'KNN', 'sample_posterior': True, 'initial_strategy': 'median', 'imputation_order': 'random'}. Best is trial 12 with value: 5901.849564814202.
[I 2023-12-05 17:10:53,129] Trial 15 finished with value: 5901.849564814202 and parameters: {'model_name': 'SimpleImputer', 'strategy': 'median'}. Best is trial 12 with value: 5901.849564814202.
[I 2023-12-05 17:10:53,352] Trial 2 finished with value: inf and parameters: {'model_name': 'IterativeImputer', 'estimator': 'KNN', 'sample_posterior': True, 'initial_strategy': 'most_frequent', 'imputation_order': 'roman'}. Best is trial 12 with value: 5901.849564814202.
[I 2023-12-05 17:10:53,696] Trial 9 finished with value: 2665.8613817187916 and parameters: {'model_name': 'KNNImputer', 'weights': 'uniform', 'keep_empty_features': False}. Best is trial 9 with value: 2665.8613817187916.
[I 2023-12-05 17:10:53,992] Trial 18 finished with value: 2663.2262223483062 and parameters: {'model_name': 'KNNImputer', 'weights': 'distance', 'keep_empty_features': False}. Best is trial 18 with value: 2663.2262223483062.
[I 2023-12-05 17:10:54,250] Trial 17 finished with value: inf and parameters: {'model_name': 'IterativeImputer', 'estimator': 'KNN', 'sample_posterior': True, 'initial_strategy': 'most_frequent', 'imputation_order': 'arabic'}. Best is trial 18 with value: 2663.2262223483062.
[I 2023-12-05 17:10:54,497] Trial 21 finished with value: 2663.2262223483062 and parameters: {'model_name': 'KNNImputer', 'weights': 'distance', 'keep_empty_features': False}. Best is trial 18 with value: 2663.2262223483062.
[I 2023-12-05 17:10:54,497] Trial 32 finished with value: 5777.487034856856 and parameters: {'model_name': 'SimpleImputer', 'strategy': 'mean'}. Best is trial 18 with value: 2663.2262223483062.
[I 2023-12-05 17:10:55,557] Trial 23 finished with value: 2663.2262223483062 and parameters: {'model_name': 'KNNImputer', 'weights': 'distance', 'keep_empty_features': False}. Best is trial 18 with value: 2663.2262223483062.
[I 2023-12-05 17:10:55,853] Trial 29 finished with value: inf and parameters: {'model_name': 'IterativeImputer', 'estimator': 'Ridge', 'sample_posterior': True, 'initial_strategy': 'median', 'imputation_order': 'descending'}. Best is trial 18 with value: 2663.2262223483062.
[I 2023-12-05 17:10:56,111] Trial 49 finished with value: 2663.2262223483062 and parameters: {'model_name': 'KNNImputer', 'weights': 'distance', 'keep_empty_features': False}. Best is trial 18 with value: 2663.2262223483062.
[I 2023-12-05 17:10:56,429] Trial 5 finished with value: 5777.487034856856 and parameters: {'model_name': 'RandomForestImputer', 'max_iter': 1, 'decreasing': True, 'min_samples_split': 0.7000000000000001, 'min_samples_leaf': 0.6, 'max_features': 0.4, 'warm_start': True}. Best is trial 18 with value: 2663.2262223483062.
[I 2023-12-05 17:10:56,813] Trial 48 finished with value: 5979.979566323219 and parameters: {'model_name': 'SimpleImputer', 'strategy': 'most_frequent'}. Best is trial 18 with value: 2663.2262223483062.
[I 2023-12-05 17:10:57,117] Trial 27 finished with value: 2663.2262223483062 and parameters: {'model_name': 'KNNImputer', 'weights': 'distance', 'keep_empty_features': False}. Best is trial 18 with value: 2663.2262223483062.
[I 2023-12-05 17:10:57,481] Trial 34 finished with value: 2665.8613817187916 and parameters: {'model_name': 'KNNImputer', 'weights': 'uniform', 'keep_empty_features': False}. Best is trial 18 with value: 2663.2262223483062.
[I 2023-12-05 17:10:57,753] Trial 36 finished with value: inf and parameters: {'model_name': 'IterativeImputer', 'estimator': 'Ridge', 'sample_posterior': True, 'initial_strategy': 'constant', 'imputation_order': 'roman'}. Best is trial 18 with value: 2663.2262223483062.
[I 2023-12-05 17:10:57,998] Trial 24 finished with value: 2663.2262223483062 and parameters: {'model_name': 'KNNImputer', 'weights': 'distance', 'keep_empty_features': False}. Best is trial 18 with value: 2663.2262223483062.
[I 2023-12-05 17:10:58,261] Trial 39 finished with value: 2665.8613817187916 and parameters: {'model_name': 'KNNImputer', 'weights': 'uniform', 'keep_empty_features': False}. Best is trial 18 with value: 2663.2262223483062.
[I 2023-12-05 17:10:58,531] Trial 47 finished with value: 2665.8613817187916 and parameters: {'model_name': 'KNNImputer', 'weights': 'uniform', 'keep_empty_features': False}. Best is trial 18 with value: 2663.2262223483062.
[I 2023-12-05 17:10:59,012] Trial 35 finished with value: 2665.8613817187916 and parameters: {'model_name': 'KNNImputer', 'weights': 'uniform', 'keep_empty_features': False}. Best is trial 18 with value: 2663.2262223483062.
[I 2023-12-05 17:10:59,039] Trial 42 finished with value: inf and parameters: {'model_name': 'IterativeImputer', 'estimator': 'Ridge', 'sample_posterior': True, 'initial_strategy': 'constant', 'imputation_order': 'descending'}. Best is trial 18 with value: 2663.2262223483062.
[I 2023-12-05 17:10:59,514] Trial 40 finished with value: 2665.8613817187916 and parameters: {'model_name': 'KNNImputer', 'weights': 'uniform', 'keep_empty_features': False}. Best is trial 18 with value: 2663.2262223483062.
[I 2023-12-05 17:10:59,990] Trial 44 finished with value: 2663.2262223483062 and parameters: {'model_name': 'KNNImputer', 'weights': 'distance', 'keep_empty_features': False}. Best is trial 18 with value: 2663.2262223483062.
2023-12-05 17:11:04.620123: E external/local_xla/xla/stream_executor/cuda/cuda_driver.cc:274] failed call to cuInit: CUDA_ERROR_NO_DEVICE: no CUDA-capable device is detected
2023-12-05 17:11:04.970326: I tensorflow/compiler/mlir/mlir_graph_optimization_pass.cc:388] MLIR V1 optimization pass is not enabled
[I 2023-12-05 17:11:06,814] Trial 6 finished with value: 4185.2160723542265 and parameters: {'model_name': 'GAIN', 'batch_size': 6, 'hint_rate': 0.9600000000000001, 'alpha': 2, 'iterations': 1}. Best is trial 18 with value: 2663.2262223483062.
[I 2023-12-05 17:11:09,354] Trial 50 finished with value: 4219.831567797233 and parameters: {'model_name': 'GAIN', 'batch_size': 1, 'hint_rate': 0.6, 'alpha': 63, 'iterations': 2}. Best is trial 18 with value: 2663.2262223483062.
[I 2023-12-05 17:11:10,146] Trial 52 finished with value: 5982.4999952688195 and parameters: {'model_name': 'RandomForestImputer', 'max_iter': 5, 'decreasing': True, 'min_samples_split': 0.8, 'min_samples_leaf': 0.30000000000000004, 'max_features': 0.9, 'warm_start': True}. Best is trial 18 with value: 2663.2262223483062.
[I 2023-12-05 17:11:10,434] Trial 0 finished with value: 3894.8658013470053 and parameters: {'model_name': 'GAIN', 'batch_size': 171, 'hint_rate': 0.25, 'alpha': 47, 'iterations': 19}. Best is trial 18 with value: 2663.2262223483062.
[I 2023-12-05 17:11:13,841] Trial 61 finished with value: 4038.276298904103 and parameters: {'model_name': 'GAIN', 'batch_size': 481, 'hint_rate': 0.5, 'alpha': 2, 'iterations': 1}. Best is trial 18 with value: 2663.2262223483062.
[I 2023-12-05 17:11:14,213] Trial 58 finished with value: 4545.643786903886 and parameters: {'model_name': 'GAIN', 'batch_size': 39, 'hint_rate': 0.54, 'alpha': 13, 'iterations': 1}. Best is trial 18 with value: 2663.2262223483062.
[I 2023-12-05 17:11:14,848] Trial 78 finished with value: 2663.2262223483062 and parameters: {'model_name': 'KNNImputer', 'weights': 'distance', 'keep_empty_features': False}. Best is trial 18 with value: 2663.2262223483062.
[I 2023-12-05 17:11:15,497] Trial 70 finished with value: 4167.478518208141 and parameters: {'model_name': 'GAIN', 'batch_size': 533, 'hint_rate': 0.9400000000000001, 'alpha': 40, 'iterations': 2}. Best is trial 18 with value: 2663.2262223483062.
[I 2023-12-05 17:11:15,774] Trial 79 finished with value: 2663.2262223483062 and parameters: {'model_name': 'KNNImputer', 'weights': 'distance', 'keep_empty_features': False}. Best is trial 18 with value: 2663.2262223483062.
[I 2023-12-05 17:11:16,529] Trial 81 finished with value: 2663.2262223483062 and parameters: {'model_name': 'KNNImputer', 'weights': 'distance', 'keep_empty_features': False}. Best is trial 18 with value: 2663.2262223483062.
[I 2023-12-05 17:11:16,802] Trial 80 finished with value: 2663.2262223483062 and parameters: {'model_name': 'KNNImputer', 'weights': 'distance', 'keep_empty_features': False}. Best is trial 18 with value: 2663.2262223483062.
[I 2023-12-05 17:11:17,128] Trial 26 finished with value: 5982.473828617924 and parameters: {'model_name': 'RandomForestImputer', 'max_iter': 26, 'decreasing': True, 'min_samples_split': 0.9, 'min_samples_leaf': 0.5, 'max_features': 0.2, 'warm_start': True}. Best is trial 18 with value: 2663.2262223483062.
[I 2023-12-05 17:11:17,567] Trial 71 finished with value: 4363.988123716787 and parameters: {'model_name': 'GAIN', 'batch_size': 25, 'hint_rate': 0.17, 'alpha': 15, 'iterations': 6}. Best is trial 18 with value: 2663.2262223483062.
[I 2023-12-05 17:11:17,991] Trial 57 finished with value: 5979.016882095207 and parameters: {'model_name': 'RandomForestImputer', 'max_iter': 10, 'decreasing': False, 'min_samples_split': 0.7000000000000001, 'min_samples_leaf': 0.8, 'max_features': 0.5, 'warm_start': True}. Best is trial 18 with value: 2663.2262223483062.
[I 2023-12-05 17:11:18,657] Trial 67 finished with value: 4300.54757639495 and parameters: {'model_name': 'GAIN', 'batch_size': 10, 'hint_rate': 0.5700000000000001, 'alpha': 77, 'iterations': 5}. Best is trial 18 with value: 2663.2262223483062.
[I 2023-12-05 17:11:19,151] Trial 86 finished with value: 2663.2262223483062 and parameters: {'model_name': 'KNNImputer', 'weights': 'distance', 'keep_empty_features': False}. Best is trial 18 with value: 2663.2262223483062.
[I 2023-12-05 17:11:19,157] Trial 13 finished with value: 5978.9930095979935 and parameters: {'model_name': 'RandomForestImputer', 'max_iter': 36, 'decreasing': False, 'min_samples_split': 1.0, 'min_samples_leaf': 0.9, 'max_features': 0.4, 'warm_start': True}. Best is trial 18 with value: 2663.2262223483062.
[I 2023-12-05 17:11:19,762] Trial 84 finished with value: 2663.2262223483062 and parameters: {'model_name': 'KNNImputer', 'weights': 'distance', 'keep_empty_features': False}. Best is trial 18 with value: 2663.2262223483062.
[I 2023-12-05 17:11:20,139] Trial 85 finished with value: 2663.2262223483062 and parameters: {'model_name': 'KNNImputer', 'weights': 'distance', 'keep_empty_features': False}. Best is trial 18 with value: 2663.2262223483062.
[I 2023-12-05 17:11:20,857] Trial 88 finished with value: 2663.2262223483062 and parameters: {'model_name': 'KNNImputer', 'weights': 'distance', 'keep_empty_features': False}. Best is trial 18 with value: 2663.2262223483062.
[I 2023-12-05 17:11:21,226] Trial 89 finished with value: 2663.2262223483062 and parameters: {'model_name': 'KNNImputer', 'weights': 'distance', 'keep_empty_features': False}. Best is trial 18 with value: 2663.2262223483062.
[I 2023-12-05 17:11:21,555] Trial 87 finished with value: 2663.2262223483062 and parameters: {'model_name': 'KNNImputer', 'weights': 'distance', 'keep_empty_features': False}. Best is trial 18 with value: 2663.2262223483062.
[I 2023-12-05 17:11:21,858] Trial 90 finished with value: 2663.2262223483062 and parameters: {'model_name': 'KNNImputer', 'weights': 'distance', 'keep_empty_features': False}. Best is trial 18 with value: 2663.2262223483062.
[I 2023-12-05 17:11:22,281] Trial 62 finished with value: 4481.700514867829 and parameters: {'model_name': 'GAIN', 'batch_size': 4, 'hint_rate': 0.32, 'alpha': 19, 'iterations': 9}. Best is trial 18 with value: 2663.2262223483062.
[I 2023-12-05 17:11:22,541] Trial 91 finished with value: 2663.2262223483062 and parameters: {'model_name': 'KNNImputer', 'weights': 'distance', 'keep_empty_features': False}. Best is trial 18 with value: 2663.2262223483062.
[I 2023-12-05 17:11:23,155] Trial 92 finished with value: 2663.2262223483062 and parameters: {'model_name': 'KNNImputer', 'weights': 'distance', 'keep_empty_features': False}. Best is trial 18 with value: 2663.2262223483062.
[I 2023-12-05 17:11:23,566] Trial 93 finished with value: 2663.2262223483062 and parameters: {'model_name': 'KNNImputer', 'weights': 'distance', 'keep_empty_features': False}. Best is trial 18 with value: 2663.2262223483062.
[I 2023-12-05 17:11:24,024] Trial 94 finished with value: 2663.2262223483062 and parameters: {'model_name': 'KNNImputer', 'weights': 'distance', 'keep_empty_features': False}. Best is trial 18 with value: 2663.2262223483062.
[I 2023-12-05 17:11:24,371] Trial 95 finished with value: 2663.2262223483062 and parameters: {'model_name': 'KNNImputer', 'weights': 'distance', 'keep_empty_features': False}. Best is trial 18 with value: 2663.2262223483062.
[I 2023-12-05 17:11:24,736] Trial 96 finished with value: 2663.2262223483062 and parameters: {'model_name': 'KNNImputer', 'weights': 'distance', 'keep_empty_features': False}. Best is trial 18 with value: 2663.2262223483062.
[I 2023-12-05 17:11:25,108] Trial 97 finished with value: 2663.2262223483062 and parameters: {'model_name': 'KNNImputer', 'weights': 'distance', 'keep_empty_features': False}. Best is trial 18 with value: 2663.2262223483062.
[I 2023-12-05 17:11:25,622] Trial 101 finished with value: 5979.979566323219 and parameters: {'model_name': 'SimpleImputer', 'strategy': 'most_frequent'}. Best is trial 18 with value: 2663.2262223483062.
[I 2023-12-05 17:11:25,972] Trial 99 finished with value: 2663.2262223483062 and parameters: {'model_name': 'KNNImputer', 'weights': 'distance', 'keep_empty_features': False}. Best is trial 18 with value: 2663.2262223483062.
[I 2023-12-05 17:11:26,263] Trial 98 finished with value: 2663.2262223483062 and parameters: {'model_name': 'KNNImputer', 'weights': 'distance', 'keep_empty_features': False}. Best is trial 18 with value: 2663.2262223483062.
[I 2023-12-05 17:11:26,593] Trial 103 finished with value: 5979.979566323219 and parameters: {'model_name': 'SimpleImputer', 'strategy': 'most_frequent'}. Best is trial 18 with value: 2663.2262223483062.
[I 2023-12-05 17:11:26,921] Trial 100 finished with value: 2663.2262223483062 and parameters: {'model_name': 'KNNImputer', 'weights': 'distance', 'keep_empty_features': False}. Best is trial 18 with value: 2663.2262223483062.
[I 2023-12-05 17:11:27,222] Trial 102 finished with value: 5979.979566323219 and parameters: {'model_name': 'SimpleImputer', 'strategy': 'most_frequent'}. Best is trial 18 with value: 2663.2262223483062.
[I 2023-12-05 17:11:27,985] Trial 11 finished with value: 5979.006518507829 and parameters: {'model_name': 'RandomForestImputer', 'max_iter': 96, 'decreasing': False, 'min_samples_split': 0.2, 'min_samples_leaf': 0.4, 'max_features': 0.7000000000000001, 'warm_start': True}. Best is trial 18 with value: 2663.2262223483062.
[I 2023-12-05 17:11:28,471] Trial 37 finished with value: 4157.147914214425 and parameters: {'model_name': 'GAIN', 'batch_size': 1, 'hint_rate': 0.3, 'alpha': 89, 'iterations': 26}. Best is trial 18 with value: 2663.2262223483062.
[I 2023-12-05 17:11:29,361] Trial 31 finished with value: 1007.6825801892854 and parameters: {'model_name': 'IterativeImputer', 'estimator': 'Bayesian', 'sample_posterior': False, 'initial_strategy': 'most_frequent', 'imputation_order': 'ascending'}. Best is trial 31 with value: 1007.6825801892854.
[I 2023-12-05 17:11:30,346] Trial 38 finished with value: 5979.889197758067 and parameters: {'model_name': 'RandomForestImputer', 'max_iter': 83, 'decreasing': False, 'min_samples_split': 0.2, 'min_samples_leaf': 0.30000000000000004, 'max_features': 0.9, 'warm_start': True}. Best is trial 31 with value: 1007.6825801892854.
[I 2023-12-05 17:11:31,179] Trial 64 finished with value: 3895.1060580964736 and parameters: {'model_name': 'GAIN', 'batch_size': 398, 'hint_rate': 0.5700000000000001, 'alpha': 41, 'iterations': 15}. Best is trial 31 with value: 1007.6825801892854.
[I 2023-12-05 17:11:32,193] Trial 10 finished with value: 5982.491251505202 and parameters: {'model_name': 'RandomForestImputer', 'max_iter': 44, 'decreasing': True, 'min_samples_split': 1.0, 'min_samples_leaf': 0.30000000000000004, 'max_features': 0.4, 'warm_start': True}. Best is trial 31 with value: 1007.6825801892854.
[I 2023-12-05 17:11:32,750] Trial 14 finished with value: inf and parameters: {'model_name': 'IterativeImputer', 'estimator': 'RFR', 'sample_posterior': True, 'initial_strategy': 'constant', 'imputation_order': 'roman'}. Best is trial 31 with value: 1007.6825801892854.
[I 2023-12-05 17:11:33,061] Trial 66 finished with value: 4013.73594752014 and parameters: {'model_name': 'GAIN', 'batch_size': 137, 'hint_rate': 0.37, 'alpha': 12, 'iterations': 21}. Best is trial 31 with value: 1007.6825801892854.
[I 2023-12-05 17:11:34,131] Trial 46 finished with value: inf and parameters: {'model_name': 'IterativeImputer', 'estimator': 'RFR', 'sample_posterior': True, 'initial_strategy': 'mean', 'imputation_order': 'roman'}. Best is trial 31 with value: 1007.6825801892854.
[I 2023-12-05 17:11:34,425] Trial 8 finished with value: 5979.0988839586225 and parameters: {'model_name': 'RandomForestImputer', 'max_iter': 65, 'decreasing': False, 'min_samples_split': 0.5, 'min_samples_leaf': 0.2, 'max_features': 0.2, 'warm_start': True}. Best is trial 31 with value: 1007.6825801892854.
[I 2023-12-05 17:11:35,623] Trial 25 finished with value: inf and parameters: {'model_name': 'IterativeImputer', 'estimator': 'RFR', 'sample_posterior': True, 'initial_strategy': 'mean', 'imputation_order': 'arabic'}. Best is trial 31 with value: 1007.6825801892854.
[I 2023-12-05 17:11:36,662] Trial 65 finished with value: 3677.886424916864 and parameters: {'model_name': 'GAIN', 'batch_size': 23, 'hint_rate': 0.26, 'alpha': 28, 'iterations': 26}. Best is trial 31 with value: 1007.6825801892854.
[I 2023-12-05 17:11:37,021] Trial 53 finished with value: 5776.56062525234 and parameters: {'model_name': 'RandomForestImputer', 'max_iter': 3, 'decreasing': True, 'min_samples_split': 0.30000000000000004, 'min_samples_leaf': 0.5, 'max_features': 0.2, 'warm_start': False}. Best is trial 31 with value: 1007.6825801892854.
[I 2023-12-05 17:11:40,615] Trial 105 finished with value: 1006.9235268840071 and parameters: {'model_name': 'IterativeImputer', 'estimator': 'Bayesian', 'sample_posterior': False, 'initial_strategy': 'mean', 'imputation_order': 'ascending'}. Best is trial 105 with value: 1006.9235268840071.
[I 2023-12-05 17:11:41,638] Trial 110 finished with value: 1006.9235268840071 and parameters: {'model_name': 'IterativeImputer', 'estimator': 'Bayesian', 'sample_posterior': False, 'initial_strategy': 'mean', 'imputation_order': 'ascending'}. Best is trial 105 with value: 1006.9235268840071.
[I 2023-12-05 17:11:42,206] Trial 111 finished with value: 1006.9235268840071 and parameters: {'model_name': 'IterativeImputer', 'estimator': 'Bayesian', 'sample_posterior': False, 'initial_strategy': 'mean', 'imputation_order': 'ascending'}. Best is trial 105 with value: 1006.9235268840071.
[I 2023-12-05 17:11:42,503] Trial 106 finished with value: 1006.9235268840071 and parameters: {'model_name': 'IterativeImputer', 'estimator': 'Bayesian', 'sample_posterior': False, 'initial_strategy': 'mean', 'imputation_order': 'ascending'}. Best is trial 105 with value: 1006.9235268840071.
[I 2023-12-05 17:11:42,910] Trial 55 finished with value: 5775.395176951058 and parameters: {'model_name': 'RandomForestImputer', 'max_iter': 7, 'decreasing': False, 'min_samples_split': 0.0, 'min_samples_leaf': 0.8, 'max_features': 0.6, 'warm_start': False}. Best is trial 105 with value: 1006.9235268840071.
[I 2023-12-05 17:11:44,560] Trial 112 finished with value: 1006.9235268840071 and parameters: {'model_name': 'IterativeImputer', 'estimator': 'Bayesian', 'sample_posterior': False, 'initial_strategy': 'mean', 'imputation_order': 'ascending'}. Best is trial 105 with value: 1006.9235268840071.
[I 2023-12-05 17:11:44,917] Trial 114 finished with value: 1006.9235268840071 and parameters: {'model_name': 'IterativeImputer', 'estimator': 'Bayesian', 'sample_posterior': False, 'initial_strategy': 'mean', 'imputation_order': 'ascending'}. Best is trial 105 with value: 1006.9235268840071.
[I 2023-12-05 17:11:45,244] Trial 113 finished with value: 1006.9235268840071 and parameters: {'model_name': 'IterativeImputer', 'estimator': 'Bayesian', 'sample_posterior': False, 'initial_strategy': 'mean', 'imputation_order': 'ascending'}. Best is trial 105 with value: 1006.9235268840071.
[I 2023-12-05 17:11:47,207] Trial 116 finished with value: 1006.9235268840071 and parameters: {'model_name': 'IterativeImputer', 'estimator': 'Bayesian', 'sample_posterior': False, 'initial_strategy': 'mean', 'imputation_order': 'ascending'}. Best is trial 105 with value: 1006.9235268840071.
[I 2023-12-05 17:11:47,906] Trial 115 finished with value: 1006.9235268840071 and parameters: {'model_name': 'IterativeImputer', 'estimator': 'Bayesian', 'sample_posterior': False, 'initial_strategy': 'mean', 'imputation_order': 'ascending'}. Best is trial 105 with value: 1006.9235268840071.
[I 2023-12-05 17:11:48,311] Trial 117 finished with value: 1006.9235268840071 and parameters: {'model_name': 'IterativeImputer', 'estimator': 'Bayesian', 'sample_posterior': False, 'initial_strategy': 'mean', 'imputation_order': 'ascending'}. Best is trial 105 with value: 1006.9235268840071.
[I 2023-12-05 17:11:48,935] Trial 119 finished with value: 1007.6825801892854 and parameters: {'model_name': 'IterativeImputer', 'estimator': 'Bayesian', 'sample_posterior': False, 'initial_strategy': 'most_frequent', 'imputation_order': 'ascending'}. Best is trial 105 with value: 1006.9235268840071.
[I 2023-12-05 17:11:49,948] Trial 118 finished with value: 1007.6825801892854 and parameters: {'model_name': 'IterativeImputer', 'estimator': 'Bayesian', 'sample_posterior': False, 'initial_strategy': 'most_frequent', 'imputation_order': 'ascending'}. Best is trial 105 with value: 1006.9235268840071.
[I 2023-12-05 17:11:50,731] Trial 56 finished with value: 5214.200222335623 and parameters: {'model_name': 'RandomForestImputer', 'max_iter': 4, 'decreasing': False, 'min_samples_split': 1.0, 'min_samples_leaf': 0.1, 'max_features': 0.9, 'warm_start': False}. Best is trial 105 with value: 1006.9235268840071.
[I 2023-12-05 17:11:51,745] Trial 120 finished with value: 1007.6825801892854 and parameters: {'model_name': 'IterativeImputer', 'estimator': 'Bayesian', 'sample_posterior': False, 'initial_strategy': 'most_frequent', 'imputation_order': 'ascending'}. Best is trial 105 with value: 1006.9235268840071.
[I 2023-12-05 17:11:52,419] Trial 122 finished with value: 1007.6825801892854 and parameters: {'model_name': 'IterativeImputer', 'estimator': 'Bayesian', 'sample_posterior': False, 'initial_strategy': 'most_frequent', 'imputation_order': 'ascending'}. Best is trial 105 with value: 1006.9235268840071.
[I 2023-12-05 17:11:52,838] Trial 121 finished with value: 1007.6825801892854 and parameters: {'model_name': 'IterativeImputer', 'estimator': 'Bayesian', 'sample_posterior': False, 'initial_strategy': 'most_frequent', 'imputation_order': 'ascending'}. Best is trial 105 with value: 1006.9235268840071.
[I 2023-12-05 17:11:56,154] Trial 123 finished with value: 1006.9235268840071 and parameters: {'model_name': 'IterativeImputer', 'estimator': 'Bayesian', 'sample_posterior': False, 'initial_strategy': 'mean', 'imputation_order': 'ascending'}. Best is trial 105 with value: 1006.9235268840071.
[I 2023-12-05 17:11:56,744] Trial 127 finished with value: 1006.9235268840071 and parameters: {'model_name': 'IterativeImputer', 'estimator': 'Bayesian', 'sample_posterior': False, 'initial_strategy': 'mean', 'imputation_order': 'ascending'}. Best is trial 105 with value: 1006.9235268840071.
[I 2023-12-05 17:11:57,752] Trial 3 finished with value: 1044.6371535920136 and parameters: {'model_name': 'IterativeImputer', 'estimator': 'Bayesian', 'sample_posterior': True, 'initial_strategy': 'median', 'imputation_order': 'descending'}. Best is trial 105 with value: 1006.9235268840071.
[I 2023-12-05 17:11:58,062] Trial 124 finished with value: 1006.9235268840071 and parameters: {'model_name': 'IterativeImputer', 'estimator': 'Bayesian', 'sample_posterior': False, 'initial_strategy': 'mean', 'imputation_order': 'ascending'}. Best is trial 105 with value: 1006.9235268840071.
[I 2023-12-05 17:11:58,471] Trial 125 finished with value: 1006.9235268840071 and parameters: {'model_name': 'IterativeImputer', 'estimator': 'Bayesian', 'sample_posterior': False, 'initial_strategy': 'mean', 'imputation_order': 'ascending'}. Best is trial 105 with value: 1006.9235268840071.
[I 2023-12-05 17:11:59,391] Trial 126 finished with value: 1006.9235268840071 and parameters: {'model_name': 'IterativeImputer', 'estimator': 'Bayesian', 'sample_posterior': False, 'initial_strategy': 'mean', 'imputation_order': 'ascending'}. Best is trial 105 with value: 1006.9235268840071.
[I 2023-12-05 17:12:00,056] Trial 128 finished with value: 1006.9235268840071 and parameters: {'model_name': 'IterativeImputer', 'estimator': 'Bayesian', 'sample_posterior': False, 'initial_strategy': 'mean', 'imputation_order': 'ascending'}. Best is trial 105 with value: 1006.9235268840071.
[I 2023-12-05 17:12:00,413] Trial 20 finished with value: 1050.5727009171985 and parameters: {'model_name': 'IterativeImputer', 'estimator': 'Bayesian', 'sample_posterior': True, 'initial_strategy': 'mean', 'imputation_order': 'ascending'}. Best is trial 105 with value: 1006.9235268840071.
[I 2023-12-05 17:12:01,521] Trial 129 finished with value: 1006.9235268840071 and parameters: {'model_name': 'IterativeImputer', 'estimator': 'Bayesian', 'sample_posterior': False, 'initial_strategy': 'mean', 'imputation_order': 'ascending'}. Best is trial 105 with value: 1006.9235268840071.
[I 2023-12-05 17:12:01,894] Trial 130 finished with value: 1006.9235268840071 and parameters: {'model_name': 'IterativeImputer', 'estimator': 'Bayesian', 'sample_posterior': False, 'initial_strategy': 'mean', 'imputation_order': 'ascending'}. Best is trial 105 with value: 1006.9235268840071.
[I 2023-12-05 17:12:03,538] Trial 131 finished with value: 1006.9235268840071 and parameters: {'model_name': 'IterativeImputer', 'estimator': 'Bayesian', 'sample_posterior': False, 'initial_strategy': 'mean', 'imputation_order': 'ascending'}. Best is trial 105 with value: 1006.9235268840071.
[I 2023-12-05 17:12:04,030] Trial 134 finished with value: 1006.9235268840071 and parameters: {'model_name': 'IterativeImputer', 'estimator': 'Bayesian', 'sample_posterior': False, 'initial_strategy': 'mean', 'imputation_order': 'ascending'}. Best is trial 105 with value: 1006.9235268840071.
[I 2023-12-05 17:12:04,312] Trial 132 finished with value: 1006.9235268840071 and parameters: {'model_name': 'IterativeImputer', 'estimator': 'Bayesian', 'sample_posterior': False, 'initial_strategy': 'mean', 'imputation_order': 'ascending'}. Best is trial 105 with value: 1006.9235268840071.
[I 2023-12-05 17:12:04,670] Trial 43 finished with value: 5776.166220962834 and parameters: {'model_name': 'RandomForestImputer', 'max_iter': 23, 'decreasing': False, 'min_samples_split': 0.30000000000000004, 'min_samples_leaf': 0.9, 'max_features': 0.2, 'warm_start': False}. Best is trial 105 with value: 1006.9235268840071.
[I 2023-12-05 17:12:05,065] Trial 133 finished with value: 1006.9235268840071 and parameters: {'model_name': 'IterativeImputer', 'estimator': 'Bayesian', 'sample_posterior': False, 'initial_strategy': 'mean', 'imputation_order': 'ascending'}. Best is trial 105 with value: 1006.9235268840071.
[I 2023-12-05 17:12:05,467] Trial 135 finished with value: 1006.9235268840071 and parameters: {'model_name': 'IterativeImputer', 'estimator': 'Bayesian', 'sample_posterior': False, 'initial_strategy': 'mean', 'imputation_order': 'ascending'}. Best is trial 105 with value: 1006.9235268840071.
[I 2023-12-05 17:12:06,801] Trial 136 finished with value: 1006.9235268840071 and parameters: {'model_name': 'IterativeImputer', 'estimator': 'Bayesian', 'sample_posterior': False, 'initial_strategy': 'mean', 'imputation_order': 'ascending'}. Best is trial 105 with value: 1006.9235268840071.
[I 2023-12-05 17:12:07,348] Trial 137 finished with value: 1006.9235268840071 and parameters: {'model_name': 'IterativeImputer', 'estimator': 'Bayesian', 'sample_posterior': False, 'initial_strategy': 'mean', 'imputation_order': 'ascending'}. Best is trial 105 with value: 1006.9235268840071.
[I 2023-12-05 17:12:07,731] Trial 138 finished with value: 1006.9235268840071 and parameters: {'model_name': 'IterativeImputer', 'estimator': 'Bayesian', 'sample_posterior': False, 'initial_strategy': 'mean', 'imputation_order': 'ascending'}. Best is trial 105 with value: 1006.9235268840071.
[I 2023-12-05 17:12:08,202] Trial 139 finished with value: 1006.9235268840071 and parameters: {'model_name': 'IterativeImputer', 'estimator': 'Bayesian', 'sample_posterior': False, 'initial_strategy': 'mean', 'imputation_order': 'ascending'}. Best is trial 105 with value: 1006.9235268840071.
[I 2023-12-05 17:12:10,112] Trial 140 finished with value: 1006.9235268840071 and parameters: {'model_name': 'IterativeImputer', 'estimator': 'Bayesian', 'sample_posterior': False, 'initial_strategy': 'mean', 'imputation_order': 'ascending'}. Best is trial 105 with value: 1006.9235268840071.
[I 2023-12-05 17:12:10,624] Trial 141 finished with value: 1006.9235268840071 and parameters: {'model_name': 'IterativeImputer', 'estimator': 'Bayesian', 'sample_posterior': False, 'initial_strategy': 'mean', 'imputation_order': 'ascending'}. Best is trial 105 with value: 1006.9235268840071.
[I 2023-12-05 17:12:10,947] Trial 144 finished with value: 1006.9235268840071 and parameters: {'model_name': 'IterativeImputer', 'estimator': 'Bayesian', 'sample_posterior': False, 'initial_strategy': 'mean', 'imputation_order': 'ascending'}. Best is trial 105 with value: 1006.9235268840071.
[I 2023-12-05 17:12:11,362] Trial 145 finished with value: 1006.9235268840071 and parameters: {'model_name': 'IterativeImputer', 'estimator': 'Bayesian', 'sample_posterior': False, 'initial_strategy': 'mean', 'imputation_order': 'ascending'}. Best is trial 105 with value: 1006.9235268840071.
[I 2023-12-05 17:12:11,844] Trial 142 finished with value: 1006.9235268840071 and parameters: {'model_name': 'IterativeImputer', 'estimator': 'Bayesian', 'sample_posterior': False, 'initial_strategy': 'mean', 'imputation_order': 'ascending'}. Best is trial 105 with value: 1006.9235268840071.
[I 2023-12-05 17:12:12,539] Trial 143 finished with value: 1006.9235268840071 and parameters: {'model_name': 'IterativeImputer', 'estimator': 'Bayesian', 'sample_posterior': False, 'initial_strategy': 'mean', 'imputation_order': 'ascending'}. Best is trial 105 with value: 1006.9235268840071.
[I 2023-12-05 17:12:13,288] Trial 146 finished with value: 1006.9235268840071 and parameters: {'model_name': 'IterativeImputer', 'estimator': 'Bayesian', 'sample_posterior': False, 'initial_strategy': 'mean', 'imputation_order': 'ascending'}. Best is trial 105 with value: 1006.9235268840071.
[I 2023-12-05 17:12:13,784] Trial 160 finished with value: 2544.294868135782 and parameters: {'model_name': 'IterativeImputer', 'estimator': 'KNN', 'sample_posterior': False, 'initial_strategy': 'mean', 'imputation_order': 'random'}. Best is trial 105 with value: 1006.9235268840071.
[I 2023-12-05 17:12:14,332] Trial 147 finished with value: 1006.9235268840071 and parameters: {'model_name': 'IterativeImputer', 'estimator': 'Bayesian', 'sample_posterior': False, 'initial_strategy': 'mean', 'imputation_order': 'ascending'}. Best is trial 105 with value: 1006.9235268840071.
[I 2023-12-05 17:12:14,630] Trial 148 finished with value: 1006.9235268840071 and parameters: {'model_name': 'IterativeImputer', 'estimator': 'Bayesian', 'sample_posterior': False, 'initial_strategy': 'mean', 'imputation_order': 'ascending'}. Best is trial 105 with value: 1006.9235268840071.
[I 2023-12-05 17:12:14,997] Trial 149 finished with value: 1006.9235268840071 and parameters: {'model_name': 'IterativeImputer', 'estimator': 'Bayesian', 'sample_posterior': False, 'initial_strategy': 'mean', 'imputation_order': 'ascending'}. Best is trial 105 with value: 1006.9235268840071.
[I 2023-12-05 17:12:16,199] Trial 164 finished with value: 2544.294868135782 and parameters: {'model_name': 'IterativeImputer', 'estimator': 'KNN', 'sample_posterior': False, 'initial_strategy': 'mean', 'imputation_order': 'arabic'}. Best is trial 105 with value: 1006.9235268840071.
[I 2023-12-05 17:12:17,085] Trial 152 finished with value: 1006.9235268840071 and parameters: {'model_name': 'IterativeImputer', 'estimator': 'Bayesian', 'sample_posterior': False, 'initial_strategy': 'mean', 'imputation_order': 'ascending'}. Best is trial 105 with value: 1006.9235268840071.
[I 2023-12-05 17:12:17,400] Trial 150 finished with value: 1006.9235268840071 and parameters: {'model_name': 'IterativeImputer', 'estimator': 'Bayesian', 'sample_posterior': False, 'initial_strategy': 'mean', 'imputation_order': 'ascending'}. Best is trial 105 with value: 1006.9235268840071.
[I 2023-12-05 17:12:17,820] Trial 151 finished with value: 1006.9235268840071 and parameters: {'model_name': 'IterativeImputer', 'estimator': 'Bayesian', 'sample_posterior': False, 'initial_strategy': 'mean', 'imputation_order': 'ascending'}. Best is trial 105 with value: 1006.9235268840071.
[I 2023-12-05 17:12:18,128] Trial 166 finished with value: 2544.2948281848076 and parameters: {'model_name': 'IterativeImputer', 'estimator': 'KNN', 'sample_posterior': False, 'initial_strategy': 'mean', 'imputation_order': 'random'}. Best is trial 105 with value: 1006.9235268840071.
[I 2023-12-05 17:12:18,474] Trial 163 finished with value: 2544.294868135782 and parameters: {'model_name': 'IterativeImputer', 'estimator': 'KNN', 'sample_posterior': False, 'initial_strategy': 'mean', 'imputation_order': 'random'}. Best is trial 105 with value: 1006.9235268840071.
[I 2023-12-05 17:12:18,839] Trial 165 finished with value: 2544.294868135782 and parameters: {'model_name': 'IterativeImputer', 'estimator': 'KNN', 'sample_posterior': False, 'initial_strategy': 'median', 'imputation_order': 'random'}. Best is trial 105 with value: 1006.9235268840071.
[I 2023-12-05 17:12:19,161] Trial 162 finished with value: 2544.294868135782 and parameters: {'model_name': 'IterativeImputer', 'estimator': 'KNN', 'sample_posterior': False, 'initial_strategy': 'mean', 'imputation_order': 'random'}. Best is trial 105 with value: 1006.9235268840071.
[I 2023-12-05 17:12:19,557] Trial 153 finished with value: 1006.9235268840071 and parameters: {'model_name': 'IterativeImputer', 'estimator': 'Bayesian', 'sample_posterior': False, 'initial_strategy': 'mean', 'imputation_order': 'ascending'}. Best is trial 105 with value: 1006.9235268840071.
[I 2023-12-05 17:12:19,979] Trial 154 finished with value: 1006.9235268840071 and parameters: {'model_name': 'IterativeImputer', 'estimator': 'Bayesian', 'sample_posterior': False, 'initial_strategy': 'mean', 'imputation_order': 'ascending'}. Best is trial 105 with value: 1006.9235268840071.
[I 2023-12-05 17:12:20,760] Trial 155 finished with value: 961.9296646857995 and parameters: {'model_name': 'IterativeImputer', 'estimator': 'Bayesian', 'sample_posterior': False, 'initial_strategy': 'mean', 'imputation_order': 'random'}. Best is trial 155 with value: 961.9296646857995.
[I 2023-12-05 17:12:21,680] Trial 158 finished with value: 1006.9235268840071 and parameters: {'model_name': 'IterativeImputer', 'estimator': 'Bayesian', 'sample_posterior': False, 'initial_strategy': 'mean', 'imputation_order': 'ascending'}. Best is trial 155 with value: 961.9296646857995.
[I 2023-12-05 17:12:22,963] Trial 176 finished with value: 1048.0274661194326 and parameters: {'model_name': 'IterativeImputer', 'estimator': 'Ridge', 'sample_posterior': False, 'initial_strategy': 'median', 'imputation_order': 'roman'}. Best is trial 155 with value: 961.9296646857995.
[I 2023-12-05 17:12:24,001] Trial 156 finished with value: 1006.8724033075165 and parameters: {'model_name': 'IterativeImputer', 'estimator': 'Bayesian', 'sample_posterior': False, 'initial_strategy': 'mean', 'imputation_order': 'random'}. Best is trial 155 with value: 961.9296646857995.
[I 2023-12-05 17:12:24,398] Trial 161 finished with value: 1006.9235268840071 and parameters: {'model_name': 'IterativeImputer', 'estimator': 'Bayesian', 'sample_posterior': False, 'initial_strategy': 'mean', 'imputation_order': 'ascending'}. Best is trial 155 with value: 961.9296646857995.
[I 2023-12-05 17:12:24,922] Trial 159 finished with value: 990.440162920725 and parameters: {'model_name': 'IterativeImputer', 'estimator': 'Bayesian', 'sample_posterior': False, 'initial_strategy': 'mean', 'imputation_order': 'random'}. Best is trial 155 with value: 961.9296646857995.
[I 2023-12-05 17:12:25,724] Trial 157 finished with value: 978.5621830695375 and parameters: {'model_name': 'IterativeImputer', 'estimator': 'Bayesian', 'sample_posterior': False, 'initial_strategy': 'mean', 'imputation_order': 'random'}. Best is trial 155 with value: 961.9296646857995.
[I 2023-12-05 17:12:45,409] Trial 182 finished with value: inf and parameters: {'model_name': 'IterativeImputer', 'estimator': 'RFR', 'sample_posterior': True, 'initial_strategy': 'constant', 'imputation_order': 'descending'}. Best is trial 155 with value: 961.9296646857995.
[I 2023-12-05 17:12:50,817] Trial 183 finished with value: inf and parameters: {'model_name': 'IterativeImputer', 'estimator': 'RFR', 'sample_posterior': True, 'initial_strategy': 'mean', 'imputation_order': 'descending'}. Best is trial 155 with value: 961.9296646857995.
[I 2023-12-05 17:12:52,374] Trial 184 finished with value: inf and parameters: {'model_name': 'IterativeImputer', 'estimator': 'RFR', 'sample_posterior': True, 'initial_strategy': 'mean', 'imputation_order': 'random'}. Best is trial 155 with value: 961.9296646857995.
[I 2023-12-05 17:12:54,865] Trial 63 finished with value: 5087.179375946879 and parameters: {'model_name': 'GAIN', 'batch_size': 9, 'hint_rate': 0.85, 'alpha': 92, 'iterations': 231}. Best is trial 155 with value: 961.9296646857995.
[I 2023-12-05 17:12:56,908] Trial 188 finished with value: 1003.3401262374985 and parameters: {'model_name': 'IterativeImputer', 'estimator': 'Bayesian', 'sample_posterior': False, 'initial_strategy': 'mean', 'imputation_order': 'random'}. Best is trial 155 with value: 961.9296646857995.
[I 2023-12-05 17:12:58,406] Trial 185 finished with value: 1054.7050583570528 and parameters: {'model_name': 'IterativeImputer', 'estimator': 'Bayesian', 'sample_posterior': True, 'initial_strategy': 'constant', 'imputation_order': 'descending'}. Best is trial 155 with value: 961.9296646857995.
[I 2023-12-05 17:13:10,026] Trial 190 finished with value: 964.3261692803314 and parameters: {'model_name': 'IterativeImputer', 'estimator': 'Bayesian', 'sample_posterior': False, 'initial_strategy': 'constant', 'imputation_order': 'random'}. Best is trial 155 with value: 961.9296646857995.
[I 2023-12-05 17:13:12,154] Trial 30 finished with value: 4943.864497819468 and parameters: {'model_name': 'GAIN', 'batch_size': 377, 'hint_rate': 0.64, 'alpha': 54, 'iterations': 240}. Best is trial 155 with value: 961.9296646857995.
[I 2023-12-05 17:13:13,293] Trial 189 finished with value: 980.2831084794246 and parameters: {'model_name': 'IterativeImputer', 'estimator': 'Bayesian', 'sample_posterior': False, 'initial_strategy': 'constant', 'imputation_order': 'random'}. Best is trial 155 with value: 961.9296646857995.
[I 2023-12-05 17:13:13,747] Trial 193 finished with value: 999.9893123847103 and parameters: {'model_name': 'IterativeImputer', 'estimator': 'Bayesian', 'sample_posterior': False, 'initial_strategy': 'mean', 'imputation_order': 'random'}. Best is trial 155 with value: 961.9296646857995.
[I 2023-12-05 17:13:17,702] Trial 82 finished with value: 5777.570695522111 and parameters: {'model_name': 'RandomForestImputer', 'max_iter': 79, 'decreasing': False, 'min_samples_split': 0.0, 'min_samples_leaf': 0.9, 'max_features': 0.1, 'warm_start': False}. Best is trial 155 with value: 961.9296646857995.
[I 2023-12-05 17:13:18,396] Trial 75 finished with value: 5777.68872665836 and parameters: {'model_name': 'RandomForestImputer', 'max_iter': 97, 'decreasing': False, 'min_samples_split': 0.0, 'min_samples_leaf': 0.9, 'max_features': 0.1, 'warm_start': False}. Best is trial 155 with value: 961.9296646857995.
[I 2023-12-05 17:13:19,806] Trial 191 finished with value: 991.6081516863482 and parameters: {'model_name': 'IterativeImputer', 'estimator': 'Bayesian', 'sample_posterior': False, 'initial_strategy': 'constant', 'imputation_order': 'random'}. Best is trial 155 with value: 961.9296646857995.
[I 2023-12-05 17:13:20,650] Trial 76 finished with value: 5777.742819314575 and parameters: {'model_name': 'RandomForestImputer', 'max_iter': 95, 'decreasing': False, 'min_samples_split': 0.0, 'min_samples_leaf': 0.9, 'max_features': 0.1, 'warm_start': False}. Best is trial 155 with value: 961.9296646857995.
[I 2023-12-05 17:13:21,384] Trial 197 finished with value: 1009.936179849435 and parameters: {'model_name': 'IterativeImputer', 'estimator': 'Ridge', 'sample_posterior': False, 'initial_strategy': 'constant', 'imputation_order': 'random'}. Best is trial 155 with value: 961.9296646857995.
[I 2023-12-05 17:13:23,461] Trial 51 finished with value: 5378.704342324081 and parameters: {'model_name': 'GAIN', 'batch_size': 19, 'hint_rate': 0.73, 'alpha': 46, 'iterations': 277}. Best is trial 155 with value: 961.9296646857995.
[I 2023-12-05 17:13:28,614] Trial 192 finished with value: 990.5230230008493 and parameters: {'model_name': 'IterativeImputer', 'estimator': 'Bayesian', 'sample_posterior': False, 'initial_strategy': 'mean', 'imputation_order': 'random'}. Best is trial 155 with value: 961.9296646857995.
[I 2023-12-05 17:13:30,778] Trial 195 finished with value: 964.4920687877054 and parameters: {'model_name': 'IterativeImputer', 'estimator': 'Bayesian', 'sample_posterior': False, 'initial_strategy': 'constant', 'imputation_order': 'random'}. Best is trial 155 with value: 961.9296646857995.
[I 2023-12-05 17:13:31,713] Trial 83 finished with value: 5776.802646498208 and parameters: {'model_name': 'RandomForestImputer', 'max_iter': 93, 'decreasing': False, 'min_samples_split': 0.0, 'min_samples_leaf': 0.8, 'max_features': 0.1, 'warm_start': False}. Best is trial 155 with value: 961.9296646857995.
[I 2023-12-05 17:13:33,721] Trial 196 finished with value: 964.3464191297583 and parameters: {'model_name': 'IterativeImputer', 'estimator': 'Bayesian', 'sample_posterior': False, 'initial_strategy': 'constant', 'imputation_order': 'random'}. Best is trial 155 with value: 961.9296646857995.
[I 2023-12-05 17:13:34,934] Trial 198 finished with value: 964.6806561004228 and parameters: {'model_name': 'IterativeImputer', 'estimator': 'Bayesian', 'sample_posterior': False, 'initial_strategy': 'constant', 'imputation_order': 'random'}. Best is trial 155 with value: 961.9296646857995.
[I 2023-12-05 17:13:35,802] Trial 194 finished with value: 1007.676907856359 and parameters: {'model_name': 'IterativeImputer', 'estimator': 'Bayesian', 'sample_posterior': False, 'initial_strategy': 'constant', 'imputation_order': 'random'}. Best is trial 155 with value: 961.9296646857995.
[I 2023-12-05 17:13:36,323] Trial 187 finished with value: inf and parameters: {'model_name': 'IterativeImputer', 'estimator': 'RFR', 'sample_posterior': True, 'initial_strategy': 'constant', 'imputation_order': 'random'}. Best is trial 155 with value: 961.9296646857995.
[I 2023-12-05 17:13:38,461] Trial 77 finished with value: 5777.89195935856 and parameters: {'model_name': 'RandomForestImputer', 'max_iter': 99, 'decreasing': False, 'min_samples_split': 0.1, 'min_samples_leaf': 0.9, 'max_features': 0.1, 'warm_start': False}. Best is trial 155 with value: 961.9296646857995.
[I 2023-12-05 17:13:41,001] Trial 199 finished with value: 980.2280717542553 and parameters: {'model_name': 'IterativeImputer', 'estimator': 'Bayesian', 'sample_posterior': False, 'initial_strategy': 'constant', 'imputation_order': 'random'}. Best is trial 155 with value: 961.9296646857995.
[I 2023-12-05 17:13:44,770] Trial 1 finished with value: 5891.305774960725 and parameters: {'model_name': 'GAIN', 'batch_size': 41, 'hint_rate': 0.98, 'alpha': 73, 'iterations': 379}. Best is trial 155 with value: 961.9296646857995.
[I 2023-12-05 17:13:46,983] Trial 33 finished with value: 5282.775177876439 and parameters: {'model_name': 'RandomForestImputer', 'max_iter': 44, 'decreasing': False, 'min_samples_split': 1.0, 'min_samples_leaf': 0.1, 'max_features': 0.4, 'warm_start': False}. Best is trial 155 with value: 961.9296646857995.
[I 2023-12-05 17:13:47,633] Trial 72 finished with value: 5611.272735371036 and parameters: {'model_name': 'GAIN', 'batch_size': 10, 'hint_rate': 0.52, 'alpha': 77, 'iterations': 381}. Best is trial 155 with value: 961.9296646857995.
[I 2023-12-05 17:13:48,900] Trial 186 finished with value: inf and parameters: {'model_name': 'IterativeImputer', 'estimator': 'RFR', 'sample_posterior': True, 'initial_strategy': 'mean', 'imputation_order': 'random'}. Best is trial 155 with value: 961.9296646857995.
[I 2023-12-05 17:13:57,246] Trial 28 finished with value: 5777.6486373326825 and parameters: {'model_name': 'RandomForestImputer', 'max_iter': 77, 'decreasing': True, 'min_samples_split': 0.30000000000000004, 'min_samples_leaf': 0.5, 'max_features': 0.2, 'warm_start': False}. Best is trial 155 with value: 961.9296646857995.
[I 2023-12-05 17:14:09,742] Trial 69 finished with value: 5091.685190412695 and parameters: {'model_name': 'GAIN', 'batch_size': 6, 'hint_rate': 0.02, 'alpha': 50, 'iterations': 800}. Best is trial 155 with value: 961.9296646857995.
[I 2023-12-05 17:14:13,950] Trial 74 finished with value: 5221.333432798841 and parameters: {'model_name': 'RandomForestImputer', 'max_iter': 86, 'decreasing': False, 'min_samples_split': 0.0, 'min_samples_leaf': 0.1, 'max_features': 0.8, 'warm_start': False}. Best is trial 155 with value: 961.9296646857995.
[I 2023-12-05 17:14:51,143] Trial 59 finished with value: 4678.163892938617 and parameters: {'model_name': 'GAIN', 'batch_size': 24, 'hint_rate': 0.72, 'alpha': 79, 'iterations': 1743}. Best is trial 155 with value: 961.9296646857995.
[I 2023-12-05 17:17:11,194] Trial 41 finished with value: inf and parameters: {'model_name': 'GAIN', 'batch_size': 1, 'hint_rate': 0.08, 'alpha': 60, 'iterations': 5502}. Best is trial 155 with value: 961.9296646857995.
[I 2023-12-05 17:18:17,132] Trial 22 finished with value: inf and parameters: {'model_name': 'GAIN', 'batch_size': 1, 'hint_rate': 0.17, 'alpha': 59, 'iterations': 7392}. Best is trial 155 with value: 961.9296646857995.
slurmstepd: error: *** JOB 434374 ON esplhpc-cp006 CANCELLED AT 2023-12-05T17:21:24 ***
slurmstepd: error: *** STEP 434374.0 ON esplhpc-cp006 CANCELLED AT 2023-12-05T17:21:24 ***
