Run: 9
/cm/local/apps/slurm/var/spool/job434377/slurm_script: line 23: /common/ketrong/minconda3/etc/profile.d/conda.sh: No such file or directory
/cm/local/apps/slurm/var/spool/job434377/slurm_script: line 26: $'\nconda create --name tpot2devenv -c conda-forge python=3.10\n': command not found
/cm/local/apps/slurm/var/spool/job434377/slurm_script: line 31: $'\npip install -r requirements.txt\n': command not found
RunStart
2023-12-05 17:09:05.662564: I tensorflow/core/util/port.cc:113] oneDNN custom operations are on. You may see slightly different numerical results due to floating-point round-off errors from different computation orders. To turn them off, set the environment variable `TF_ENABLE_ONEDNN_OPTS=0`.
2023-12-05 17:09:05.698553: E external/local_xla/xla/stream_executor/cuda/cuda_dnn.cc:9261] Unable to register cuDNN factory: Attempting to register factory for plugin cuDNN when one has already been registered
2023-12-05 17:09:05.698580: E external/local_xla/xla/stream_executor/cuda/cuda_fft.cc:607] Unable to register cuFFT factory: Attempting to register factory for plugin cuFFT when one has already been registered
2023-12-05 17:09:05.699964: E external/local_xla/xla/stream_executor/cuda/cuda_blas.cc:1515] Unable to register cuBLAS factory: Attempting to register factory for plugin cuBLAS when one has already been registered
2023-12-05 17:09:05.706091: I tensorflow/core/platform/cpu_feature_guard.cc:182] This TensorFlow binary is optimized to use available CPU instructions in performance-critical operations.
To enable the following instructions: AVX2 AVX512F AVX512_VNNI FMA, in other operations, rebuild TensorFlow with the appropriate compiler flags.
2023-12-05 17:09:27.099701: W tensorflow/compiler/tf2tensorrt/utils/py_utils.cc:38] TF-TRT Warning: Could not find TensorRT
WARNING:tensorflow:From /home/ketrong/miniconda3/envs/tpot2devenv/lib/python3.10/site-packages/tensorflow/python/compat/v2_compat.py:108: disable_resource_variables (from tensorflow.python.ops.variable_scope) is deprecated and will be removed in a future version.
Instructions for updating:
non-resource variables are not supported in the long term
working on 
tpot2_imputetest/Impute_Experiments/logs//tpot2_base_normal_30_0.5_MAR_9
3.650876998901367
loading data
tpot2_imputetest/Impute_Experiments/data/30_True.pkl
running experiment 1/3 - Does large hyperparameter space improve reconstruction accuracy over simple
[I 2023-12-05 17:10:16,098] A new study created in memory with name: no-name-6b3d6fdd-1ed8-4ef8-aebe-2a93960de5b7
[I 2023-12-05 17:10:16,140] Trial 0 finished with value: 2854.399948749908 and parameters: {'model_name': 'SimpleImputer', 'strategy': 'mean'}. Best is trial 0 with value: 2854.399948749908.
[I 2023-12-05 17:10:16,410] Trial 4 finished with value: 2917.4789583322654 and parameters: {'model_name': 'SimpleImputer', 'strategy': 'constant'}. Best is trial 0 with value: 2854.399948749908.
[I 2023-12-05 17:10:16,580] Trial 7 finished with value: 2917.4789583322654 and parameters: {'model_name': 'SimpleImputer', 'strategy': 'constant'}. Best is trial 0 with value: 2854.399948749908.
[I 2023-12-05 17:10:16,768] Trial 2 finished with value: 2854.399948749908 and parameters: {'model_name': 'SimpleImputer', 'strategy': 'mean'}. Best is trial 0 with value: 2854.399948749908.
[I 2023-12-05 17:10:16,929] Trial 3 finished with value: 2886.951197985449 and parameters: {'model_name': 'SimpleImputer', 'strategy': 'median'}. Best is trial 0 with value: 2854.399948749908.
[I 2023-12-05 17:10:17,088] Trial 6 finished with value: 2886.951197985449 and parameters: {'model_name': 'SimpleImputer', 'strategy': 'median'}. Best is trial 0 with value: 2854.399948749908.
[I 2023-12-05 17:10:17,242] Trial 10 finished with value: 2854.399948749908 and parameters: {'model_name': 'SimpleImputer', 'strategy': 'mean'}. Best is trial 0 with value: 2854.399948749908.
[I 2023-12-05 17:10:17,396] Trial 5 finished with value: 2886.951197985449 and parameters: {'model_name': 'SimpleImputer', 'strategy': 'median'}. Best is trial 0 with value: 2854.399948749908.
[I 2023-12-05 17:10:17,632] Trial 1 finished with value: 2905.8504183728287 and parameters: {'model_name': 'SimpleImputer', 'strategy': 'most_frequent'}. Best is trial 0 with value: 2854.399948749908.
[I 2023-12-05 17:10:17,786] Trial 11 finished with value: 2905.8504183728287 and parameters: {'model_name': 'SimpleImputer', 'strategy': 'most_frequent'}. Best is trial 0 with value: 2854.399948749908.
[I 2023-12-05 17:10:17,947] Trial 21 finished with value: 2917.4789583322654 and parameters: {'model_name': 'SimpleImputer', 'strategy': 'constant'}. Best is trial 0 with value: 2854.399948749908.
[I 2023-12-05 17:10:18,103] Trial 27 finished with value: 2917.4789583322654 and parameters: {'model_name': 'SimpleImputer', 'strategy': 'constant'}. Best is trial 0 with value: 2854.399948749908.
[I 2023-12-05 17:10:18,265] Trial 15 finished with value: 2905.8504183728287 and parameters: {'model_name': 'SimpleImputer', 'strategy': 'most_frequent'}. Best is trial 0 with value: 2854.399948749908.
[I 2023-12-05 17:10:18,430] Trial 22 finished with value: 2886.951197985449 and parameters: {'model_name': 'SimpleImputer', 'strategy': 'median'}. Best is trial 0 with value: 2854.399948749908.
[I 2023-12-05 17:10:18,431] Trial 16 finished with value: 2886.951197985449 and parameters: {'model_name': 'SimpleImputer', 'strategy': 'median'}. Best is trial 0 with value: 2854.399948749908.
[I 2023-12-05 17:10:18,432] Trial 12 finished with value: 2905.8504183728287 and parameters: {'model_name': 'SimpleImputer', 'strategy': 'most_frequent'}. Best is trial 0 with value: 2854.399948749908.
[I 2023-12-05 17:10:18,594] Trial 9 finished with value: 2905.8504183728287 and parameters: {'model_name': 'SimpleImputer', 'strategy': 'most_frequent'}. Best is trial 0 with value: 2854.399948749908.
[I 2023-12-05 17:10:18,599] Trial 13 finished with value: 2905.8504183728287 and parameters: {'model_name': 'SimpleImputer', 'strategy': 'most_frequent'}. Best is trial 0 with value: 2854.399948749908.
[I 2023-12-05 17:10:18,907] Trial 20 finished with value: 2917.4789583322654 and parameters: {'model_name': 'SimpleImputer', 'strategy': 'constant'}. Best is trial 0 with value: 2854.399948749908.
[I 2023-12-05 17:10:19,144] Trial 8 finished with value: 2905.8504183728287 and parameters: {'model_name': 'SimpleImputer', 'strategy': 'most_frequent'}. Best is trial 0 with value: 2854.399948749908.
[I 2023-12-05 17:10:19,309] Trial 23 finished with value: 2854.399948749908 and parameters: {'model_name': 'SimpleImputer', 'strategy': 'mean'}. Best is trial 0 with value: 2854.399948749908.
[I 2023-12-05 17:10:19,611] Trial 26 finished with value: 2917.4789583322654 and parameters: {'model_name': 'SimpleImputer', 'strategy': 'constant'}. Best is trial 0 with value: 2854.399948749908.
[I 2023-12-05 17:10:19,761] Trial 14 finished with value: 2905.8504183728287 and parameters: {'model_name': 'SimpleImputer', 'strategy': 'most_frequent'}. Best is trial 0 with value: 2854.399948749908.
[I 2023-12-05 17:10:19,773] Trial 17 finished with value: 2886.951197985449 and parameters: {'model_name': 'SimpleImputer', 'strategy': 'median'}. Best is trial 0 with value: 2854.399948749908.
[I 2023-12-05 17:10:19,774] Trial 24 finished with value: 2886.951197985449 and parameters: {'model_name': 'SimpleImputer', 'strategy': 'median'}. Best is trial 0 with value: 2854.399948749908.
[I 2023-12-05 17:10:19,944] Trial 33 finished with value: 2854.399948749908 and parameters: {'model_name': 'SimpleImputer', 'strategy': 'mean'}. Best is trial 0 with value: 2854.399948749908.
[I 2023-12-05 17:10:20,104] Trial 19 finished with value: 2886.951197985449 and parameters: {'model_name': 'SimpleImputer', 'strategy': 'median'}. Best is trial 0 with value: 2854.399948749908.
[I 2023-12-05 17:10:20,715] Trial 32 finished with value: 2854.399948749908 and parameters: {'model_name': 'SimpleImputer', 'strategy': 'mean'}. Best is trial 0 with value: 2854.399948749908.
[I 2023-12-05 17:10:20,869] Trial 31 finished with value: 2854.399948749908 and parameters: {'model_name': 'SimpleImputer', 'strategy': 'mean'}. Best is trial 0 with value: 2854.399948749908.
[I 2023-12-05 17:10:21,027] Trial 34 finished with value: 2854.399948749908 and parameters: {'model_name': 'SimpleImputer', 'strategy': 'mean'}. Best is trial 0 with value: 2854.399948749908.
[I 2023-12-05 17:10:21,175] Trial 28 finished with value: 2886.951197985449 and parameters: {'model_name': 'SimpleImputer', 'strategy': 'median'}. Best is trial 0 with value: 2854.399948749908.
[I 2023-12-05 17:10:21,326] Trial 29 finished with value: 2854.399948749908 and parameters: {'model_name': 'SimpleImputer', 'strategy': 'mean'}. Best is trial 0 with value: 2854.399948749908.
[I 2023-12-05 17:10:21,486] Trial 36 finished with value: 2854.399948749908 and parameters: {'model_name': 'SimpleImputer', 'strategy': 'mean'}. Best is trial 0 with value: 2854.399948749908.
[I 2023-12-05 17:10:21,639] Trial 30 finished with value: 2854.399948749908 and parameters: {'model_name': 'SimpleImputer', 'strategy': 'mean'}. Best is trial 0 with value: 2854.399948749908.
[I 2023-12-05 17:10:21,788] Trial 35 finished with value: 2854.399948749908 and parameters: {'model_name': 'SimpleImputer', 'strategy': 'mean'}. Best is trial 0 with value: 2854.399948749908.
[I 2023-12-05 17:10:21,946] Trial 18 finished with value: 2905.8504183728287 and parameters: {'model_name': 'SimpleImputer', 'strategy': 'most_frequent'}. Best is trial 0 with value: 2854.399948749908.
[I 2023-12-05 17:10:22,102] Trial 25 finished with value: 2886.951197985449 and parameters: {'model_name': 'SimpleImputer', 'strategy': 'median'}. Best is trial 0 with value: 2854.399948749908.
[I 2023-12-05 17:10:22,262] Trial 37 finished with value: 2854.399948749908 and parameters: {'model_name': 'SimpleImputer', 'strategy': 'mean'}. Best is trial 0 with value: 2854.399948749908.
[I 2023-12-05 17:10:22,414] Trial 38 finished with value: 2854.399948749908 and parameters: {'model_name': 'SimpleImputer', 'strategy': 'mean'}. Best is trial 0 with value: 2854.399948749908.
[I 2023-12-05 17:10:22,574] Trial 41 finished with value: 2854.399948749908 and parameters: {'model_name': 'SimpleImputer', 'strategy': 'mean'}. Best is trial 0 with value: 2854.399948749908.
[I 2023-12-05 17:10:22,728] Trial 40 finished with value: 2854.399948749908 and parameters: {'model_name': 'SimpleImputer', 'strategy': 'mean'}. Best is trial 0 with value: 2854.399948749908.
[I 2023-12-05 17:10:22,886] Trial 44 finished with value: 2854.399948749908 and parameters: {'model_name': 'SimpleImputer', 'strategy': 'mean'}. Best is trial 0 with value: 2854.399948749908.
[I 2023-12-05 17:10:23,042] Trial 45 finished with value: 2854.399948749908 and parameters: {'model_name': 'SimpleImputer', 'strategy': 'mean'}. Best is trial 0 with value: 2854.399948749908.
[I 2023-12-05 17:10:23,197] Trial 39 finished with value: 2854.399948749908 and parameters: {'model_name': 'SimpleImputer', 'strategy': 'mean'}. Best is trial 0 with value: 2854.399948749908.
[I 2023-12-05 17:10:23,356] Trial 48 finished with value: 2854.399948749908 and parameters: {'model_name': 'SimpleImputer', 'strategy': 'mean'}. Best is trial 0 with value: 2854.399948749908.
[I 2023-12-05 17:10:23,526] Trial 52 finished with value: 2854.399948749908 and parameters: {'model_name': 'SimpleImputer', 'strategy': 'mean'}. Best is trial 0 with value: 2854.399948749908.
[I 2023-12-05 17:10:23,693] Trial 42 finished with value: 2854.399948749908 and parameters: {'model_name': 'SimpleImputer', 'strategy': 'mean'}. Best is trial 0 with value: 2854.399948749908.
[I 2023-12-05 17:10:23,847] Trial 56 finished with value: 2854.399948749908 and parameters: {'model_name': 'SimpleImputer', 'strategy': 'mean'}. Best is trial 0 with value: 2854.399948749908.
[I 2023-12-05 17:10:24,015] Trial 58 finished with value: 2854.399948749908 and parameters: {'model_name': 'SimpleImputer', 'strategy': 'mean'}. Best is trial 0 with value: 2854.399948749908.
[I 2023-12-05 17:10:24,162] Trial 57 finished with value: 2854.399948749908 and parameters: {'model_name': 'SimpleImputer', 'strategy': 'mean'}. Best is trial 0 with value: 2854.399948749908.
[I 2023-12-05 17:10:24,328] Trial 47 finished with value: 2854.399948749908 and parameters: {'model_name': 'SimpleImputer', 'strategy': 'mean'}. Best is trial 0 with value: 2854.399948749908.
[I 2023-12-05 17:10:24,484] Trial 66 finished with value: 2854.399948749908 and parameters: {'model_name': 'SimpleImputer', 'strategy': 'mean'}. Best is trial 0 with value: 2854.399948749908.
[I 2023-12-05 17:10:24,637] Trial 64 finished with value: 2854.399948749908 and parameters: {'model_name': 'SimpleImputer', 'strategy': 'mean'}. Best is trial 0 with value: 2854.399948749908.
[I 2023-12-05 17:10:24,786] Trial 67 finished with value: 2854.399948749908 and parameters: {'model_name': 'SimpleImputer', 'strategy': 'mean'}. Best is trial 0 with value: 2854.399948749908.
[I 2023-12-05 17:10:24,939] Trial 63 finished with value: 2854.399948749908 and parameters: {'model_name': 'SimpleImputer', 'strategy': 'mean'}. Best is trial 0 with value: 2854.399948749908.
[I 2023-12-05 17:10:25,113] Trial 69 finished with value: 2854.399948749908 and parameters: {'model_name': 'SimpleImputer', 'strategy': 'mean'}. Best is trial 0 with value: 2854.399948749908.
[I 2023-12-05 17:10:25,263] Trial 49 finished with value: 2854.399948749908 and parameters: {'model_name': 'SimpleImputer', 'strategy': 'mean'}. Best is trial 0 with value: 2854.399948749908.
[I 2023-12-05 17:10:25,418] Trial 61 finished with value: 2854.399948749908 and parameters: {'model_name': 'SimpleImputer', 'strategy': 'mean'}. Best is trial 0 with value: 2854.399948749908.
[I 2023-12-05 17:10:25,584] Trial 76 finished with value: 2854.399948749908 and parameters: {'model_name': 'SimpleImputer', 'strategy': 'mean'}. Best is trial 0 with value: 2854.399948749908.
[I 2023-12-05 17:10:25,739] Trial 50 finished with value: 2854.399948749908 and parameters: {'model_name': 'SimpleImputer', 'strategy': 'mean'}. Best is trial 0 with value: 2854.399948749908.
[I 2023-12-05 17:10:25,912] Trial 71 finished with value: 2854.399948749908 and parameters: {'model_name': 'SimpleImputer', 'strategy': 'mean'}. Best is trial 0 with value: 2854.399948749908.
[I 2023-12-05 17:10:26,110] Trial 74 finished with value: 2854.399948749908 and parameters: {'model_name': 'SimpleImputer', 'strategy': 'mean'}. Best is trial 0 with value: 2854.399948749908.
[I 2023-12-05 17:10:26,268] Trial 43 finished with value: 2854.399948749908 and parameters: {'model_name': 'SimpleImputer', 'strategy': 'mean'}. Best is trial 0 with value: 2854.399948749908.
[I 2023-12-05 17:10:26,420] Trial 72 finished with value: 2854.399948749908 and parameters: {'model_name': 'SimpleImputer', 'strategy': 'mean'}. Best is trial 0 with value: 2854.399948749908.
[I 2023-12-05 17:10:26,572] Trial 80 finished with value: 2854.399948749908 and parameters: {'model_name': 'SimpleImputer', 'strategy': 'mean'}. Best is trial 0 with value: 2854.399948749908.
[I 2023-12-05 17:10:26,723] Trial 53 finished with value: 2854.399948749908 and parameters: {'model_name': 'SimpleImputer', 'strategy': 'mean'}. Best is trial 0 with value: 2854.399948749908.
[I 2023-12-05 17:10:26,882] Trial 54 finished with value: 2854.399948749908 and parameters: {'model_name': 'SimpleImputer', 'strategy': 'mean'}. Best is trial 0 with value: 2854.399948749908.
[I 2023-12-05 17:10:26,885] Trial 77 finished with value: 2854.399948749908 and parameters: {'model_name': 'SimpleImputer', 'strategy': 'mean'}. Best is trial 0 with value: 2854.399948749908.
[I 2023-12-05 17:10:27,195] Trial 59 finished with value: 2854.399948749908 and parameters: {'model_name': 'SimpleImputer', 'strategy': 'mean'}. Best is trial 0 with value: 2854.399948749908.
[I 2023-12-05 17:10:27,344] Trial 83 finished with value: 2854.399948749908 and parameters: {'model_name': 'SimpleImputer', 'strategy': 'mean'}. Best is trial 0 with value: 2854.399948749908.
[I 2023-12-05 17:10:27,495] Trial 62 finished with value: 2854.399948749908 and parameters: {'model_name': 'SimpleImputer', 'strategy': 'mean'}. Best is trial 0 with value: 2854.399948749908.
[I 2023-12-05 17:10:27,642] Trial 46 finished with value: 2854.399948749908 and parameters: {'model_name': 'SimpleImputer', 'strategy': 'mean'}. Best is trial 0 with value: 2854.399948749908.
[I 2023-12-05 17:10:27,798] Trial 65 finished with value: 2854.399948749908 and parameters: {'model_name': 'SimpleImputer', 'strategy': 'mean'}. Best is trial 0 with value: 2854.399948749908.
[I 2023-12-05 17:10:27,959] Trial 86 finished with value: 2854.399948749908 and parameters: {'model_name': 'SimpleImputer', 'strategy': 'mean'}. Best is trial 0 with value: 2854.399948749908.
[I 2023-12-05 17:10:28,135] Trial 75 finished with value: 2854.399948749908 and parameters: {'model_name': 'SimpleImputer', 'strategy': 'mean'}. Best is trial 0 with value: 2854.399948749908.
[I 2023-12-05 17:10:28,287] Trial 88 finished with value: 2854.399948749908 and parameters: {'model_name': 'SimpleImputer', 'strategy': 'mean'}. Best is trial 0 with value: 2854.399948749908.
[I 2023-12-05 17:10:28,441] Trial 87 finished with value: 2854.399948749908 and parameters: {'model_name': 'SimpleImputer', 'strategy': 'mean'}. Best is trial 0 with value: 2854.399948749908.
[I 2023-12-05 17:10:28,611] Trial 81 finished with value: 2854.399948749908 and parameters: {'model_name': 'SimpleImputer', 'strategy': 'mean'}. Best is trial 0 with value: 2854.399948749908.
[I 2023-12-05 17:10:28,765] Trial 55 finished with value: 2854.399948749908 and parameters: {'model_name': 'SimpleImputer', 'strategy': 'mean'}. Best is trial 0 with value: 2854.399948749908.
[I 2023-12-05 17:10:29,021] Trial 82 finished with value: 2854.399948749908 and parameters: {'model_name': 'SimpleImputer', 'strategy': 'mean'}. Best is trial 0 with value: 2854.399948749908.
[I 2023-12-05 17:10:29,192] Trial 78 finished with value: 2854.399948749908 and parameters: {'model_name': 'SimpleImputer', 'strategy': 'mean'}. Best is trial 0 with value: 2854.399948749908.
[I 2023-12-05 17:10:29,351] Trial 84 finished with value: 2854.399948749908 and parameters: {'model_name': 'SimpleImputer', 'strategy': 'mean'}. Best is trial 0 with value: 2854.399948749908.
[I 2023-12-05 17:10:29,528] Trial 85 finished with value: 2854.399948749908 and parameters: {'model_name': 'SimpleImputer', 'strategy': 'mean'}. Best is trial 0 with value: 2854.399948749908.
[I 2023-12-05 17:10:29,718] Trial 73 finished with value: 2854.399948749908 and parameters: {'model_name': 'SimpleImputer', 'strategy': 'mean'}. Best is trial 0 with value: 2854.399948749908.
[I 2023-12-05 17:10:29,894] Trial 91 finished with value: 2905.8504183728287 and parameters: {'model_name': 'SimpleImputer', 'strategy': 'most_frequent'}. Best is trial 0 with value: 2854.399948749908.
[I 2023-12-05 17:10:30,059] Trial 79 finished with value: 2854.399948749908 and parameters: {'model_name': 'SimpleImputer', 'strategy': 'mean'}. Best is trial 0 with value: 2854.399948749908.
[I 2023-12-05 17:10:30,240] Trial 94 finished with value: 2905.8504183728287 and parameters: {'model_name': 'SimpleImputer', 'strategy': 'most_frequent'}. Best is trial 0 with value: 2854.399948749908.
[I 2023-12-05 17:10:30,391] Trial 93 finished with value: 2905.8504183728287 and parameters: {'model_name': 'SimpleImputer', 'strategy': 'most_frequent'}. Best is trial 0 with value: 2854.399948749908.
[I 2023-12-05 17:10:30,600] Trial 103 finished with value: 2905.8504183728287 and parameters: {'model_name': 'SimpleImputer', 'strategy': 'most_frequent'}. Best is trial 0 with value: 2854.399948749908.
[I 2023-12-05 17:10:30,807] Trial 70 finished with value: 2854.399948749908 and parameters: {'model_name': 'SimpleImputer', 'strategy': 'mean'}. Best is trial 0 with value: 2854.399948749908.
[I 2023-12-05 17:10:30,965] Trial 99 finished with value: 2905.8504183728287 and parameters: {'model_name': 'SimpleImputer', 'strategy': 'most_frequent'}. Best is trial 0 with value: 2854.399948749908.
[I 2023-12-05 17:10:31,131] Trial 89 finished with value: 2905.8504183728287 and parameters: {'model_name': 'SimpleImputer', 'strategy': 'most_frequent'}. Best is trial 0 with value: 2854.399948749908.
[I 2023-12-05 17:10:31,286] Trial 105 finished with value: 2905.8504183728287 and parameters: {'model_name': 'SimpleImputer', 'strategy': 'most_frequent'}. Best is trial 0 with value: 2854.399948749908.
[I 2023-12-05 17:10:31,448] Trial 114 finished with value: 2905.8504183728287 and parameters: {'model_name': 'SimpleImputer', 'strategy': 'most_frequent'}. Best is trial 0 with value: 2854.399948749908.
[I 2023-12-05 17:10:31,598] Trial 106 finished with value: 2905.8504183728287 and parameters: {'model_name': 'SimpleImputer', 'strategy': 'most_frequent'}. Best is trial 0 with value: 2854.399948749908.
[I 2023-12-05 17:10:31,819] Trial 112 finished with value: 2905.8504183728287 and parameters: {'model_name': 'SimpleImputer', 'strategy': 'most_frequent'}. Best is trial 0 with value: 2854.399948749908.
[I 2023-12-05 17:10:31,973] Trial 108 finished with value: 2905.8504183728287 and parameters: {'model_name': 'SimpleImputer', 'strategy': 'most_frequent'}. Best is trial 0 with value: 2854.399948749908.
[I 2023-12-05 17:10:32,149] Trial 111 finished with value: 2905.8504183728287 and parameters: {'model_name': 'SimpleImputer', 'strategy': 'most_frequent'}. Best is trial 0 with value: 2854.399948749908.
[I 2023-12-05 17:10:32,330] Trial 115 finished with value: 2905.8504183728287 and parameters: {'model_name': 'SimpleImputer', 'strategy': 'most_frequent'}. Best is trial 0 with value: 2854.399948749908.
[I 2023-12-05 17:10:32,503] Trial 96 finished with value: 2905.8504183728287 and parameters: {'model_name': 'SimpleImputer', 'strategy': 'most_frequent'}. Best is trial 0 with value: 2854.399948749908.
[I 2023-12-05 17:10:32,656] Trial 60 finished with value: 2854.399948749908 and parameters: {'model_name': 'SimpleImputer', 'strategy': 'mean'}. Best is trial 0 with value: 2854.399948749908.
[I 2023-12-05 17:10:32,821] Trial 95 finished with value: 2905.8504183728287 and parameters: {'model_name': 'SimpleImputer', 'strategy': 'most_frequent'}. Best is trial 0 with value: 2854.399948749908.
[I 2023-12-05 17:10:32,977] Trial 98 finished with value: 2905.8504183728287 and parameters: {'model_name': 'SimpleImputer', 'strategy': 'most_frequent'}. Best is trial 0 with value: 2854.399948749908.
[I 2023-12-05 17:10:33,151] Trial 118 finished with value: 2905.8504183728287 and parameters: {'model_name': 'SimpleImputer', 'strategy': 'most_frequent'}. Best is trial 0 with value: 2854.399948749908.
[I 2023-12-05 17:10:33,320] Trial 116 finished with value: 2905.8504183728287 and parameters: {'model_name': 'SimpleImputer', 'strategy': 'most_frequent'}. Best is trial 0 with value: 2854.399948749908.
[I 2023-12-05 17:10:33,478] Trial 120 finished with value: 2905.8504183728287 and parameters: {'model_name': 'SimpleImputer', 'strategy': 'most_frequent'}. Best is trial 0 with value: 2854.399948749908.
[I 2023-12-05 17:10:33,646] Trial 90 finished with value: 2917.4789583322654 and parameters: {'model_name': 'SimpleImputer', 'strategy': 'constant'}. Best is trial 0 with value: 2854.399948749908.
[I 2023-12-05 17:10:33,820] Trial 97 finished with value: 2905.8504183728287 and parameters: {'model_name': 'SimpleImputer', 'strategy': 'most_frequent'}. Best is trial 0 with value: 2854.399948749908.
[I 2023-12-05 17:10:33,974] Trial 100 finished with value: 2905.8504183728287 and parameters: {'model_name': 'SimpleImputer', 'strategy': 'most_frequent'}. Best is trial 0 with value: 2854.399948749908.
[I 2023-12-05 17:10:34,136] Trial 107 finished with value: 2905.8504183728287 and parameters: {'model_name': 'SimpleImputer', 'strategy': 'most_frequent'}. Best is trial 0 with value: 2854.399948749908.
[I 2023-12-05 17:10:34,290] Trial 126 finished with value: 2917.4789583322654 and parameters: {'model_name': 'SimpleImputer', 'strategy': 'constant'}. Best is trial 0 with value: 2854.399948749908.
[I 2023-12-05 17:10:34,463] Trial 68 finished with value: 2854.399948749908 and parameters: {'model_name': 'SimpleImputer', 'strategy': 'mean'}. Best is trial 0 with value: 2854.399948749908.
[I 2023-12-05 17:10:34,617] Trial 51 finished with value: 2854.399948749908 and parameters: {'model_name': 'SimpleImputer', 'strategy': 'mean'}. Best is trial 0 with value: 2854.399948749908.
[I 2023-12-05 17:10:34,778] Trial 124 finished with value: 2905.8504183728287 and parameters: {'model_name': 'SimpleImputer', 'strategy': 'most_frequent'}. Best is trial 0 with value: 2854.399948749908.
[I 2023-12-05 17:10:34,945] Trial 92 finished with value: 2905.8504183728287 and parameters: {'model_name': 'SimpleImputer', 'strategy': 'most_frequent'}. Best is trial 0 with value: 2854.399948749908.
[I 2023-12-05 17:10:35,099] Trial 102 finished with value: 2905.8504183728287 and parameters: {'model_name': 'SimpleImputer', 'strategy': 'most_frequent'}. Best is trial 0 with value: 2854.399948749908.
[I 2023-12-05 17:10:35,263] Trial 113 finished with value: 2905.8504183728287 and parameters: {'model_name': 'SimpleImputer', 'strategy': 'most_frequent'}. Best is trial 0 with value: 2854.399948749908.
[I 2023-12-05 17:10:35,418] Trial 110 finished with value: 2905.8504183728287 and parameters: {'model_name': 'SimpleImputer', 'strategy': 'most_frequent'}. Best is trial 0 with value: 2854.399948749908.
[I 2023-12-05 17:10:35,577] Trial 119 finished with value: 2905.8504183728287 and parameters: {'model_name': 'SimpleImputer', 'strategy': 'most_frequent'}. Best is trial 0 with value: 2854.399948749908.
[I 2023-12-05 17:10:35,759] Trial 109 finished with value: 2905.8504183728287 and parameters: {'model_name': 'SimpleImputer', 'strategy': 'most_frequent'}. Best is trial 0 with value: 2854.399948749908.
[I 2023-12-05 17:10:35,920] Trial 117 finished with value: 2905.8504183728287 and parameters: {'model_name': 'SimpleImputer', 'strategy': 'most_frequent'}. Best is trial 0 with value: 2854.399948749908.
[I 2023-12-05 17:10:36,101] Trial 129 finished with value: 2917.4789583322654 and parameters: {'model_name': 'SimpleImputer', 'strategy': 'constant'}. Best is trial 0 with value: 2854.399948749908.
[I 2023-12-05 17:10:36,252] Trial 101 finished with value: 2905.8504183728287 and parameters: {'model_name': 'SimpleImputer', 'strategy': 'most_frequent'}. Best is trial 0 with value: 2854.399948749908.
[I 2023-12-05 17:10:36,422] Trial 125 finished with value: 2917.4789583322654 and parameters: {'model_name': 'SimpleImputer', 'strategy': 'constant'}. Best is trial 0 with value: 2854.399948749908.
[I 2023-12-05 17:10:36,585] Trial 122 finished with value: 2905.8504183728287 and parameters: {'model_name': 'SimpleImputer', 'strategy': 'most_frequent'}. Best is trial 0 with value: 2854.399948749908.
[I 2023-12-05 17:10:36,766] Trial 131 finished with value: 2917.4789583322654 and parameters: {'model_name': 'SimpleImputer', 'strategy': 'constant'}. Best is trial 0 with value: 2854.399948749908.
[I 2023-12-05 17:10:36,924] Trial 121 finished with value: 2905.8504183728287 and parameters: {'model_name': 'SimpleImputer', 'strategy': 'most_frequent'}. Best is trial 0 with value: 2854.399948749908.
[I 2023-12-05 17:10:37,103] Trial 128 finished with value: 2917.4789583322654 and parameters: {'model_name': 'SimpleImputer', 'strategy': 'constant'}. Best is trial 0 with value: 2854.399948749908.
[I 2023-12-05 17:10:37,269] Trial 138 finished with value: 2854.399948749908 and parameters: {'model_name': 'SimpleImputer', 'strategy': 'mean'}. Best is trial 0 with value: 2854.399948749908.
[I 2023-12-05 17:10:37,459] Trial 127 finished with value: 2917.4789583322654 and parameters: {'model_name': 'SimpleImputer', 'strategy': 'constant'}. Best is trial 0 with value: 2854.399948749908.
[I 2023-12-05 17:10:37,617] Trial 130 finished with value: 2917.4789583322654 and parameters: {'model_name': 'SimpleImputer', 'strategy': 'constant'}. Best is trial 0 with value: 2854.399948749908.
[I 2023-12-05 17:10:37,773] Trial 141 finished with value: 2886.951197985449 and parameters: {'model_name': 'SimpleImputer', 'strategy': 'median'}. Best is trial 0 with value: 2854.399948749908.
[I 2023-12-05 17:10:37,928] Trial 135 finished with value: 2886.951197985449 and parameters: {'model_name': 'SimpleImputer', 'strategy': 'median'}. Best is trial 0 with value: 2854.399948749908.
[I 2023-12-05 17:10:38,078] Trial 144 finished with value: 2886.951197985449 and parameters: {'model_name': 'SimpleImputer', 'strategy': 'median'}. Best is trial 0 with value: 2854.399948749908.
[I 2023-12-05 17:10:38,246] Trial 104 finished with value: 2905.8504183728287 and parameters: {'model_name': 'SimpleImputer', 'strategy': 'most_frequent'}. Best is trial 0 with value: 2854.399948749908.
[I 2023-12-05 17:10:38,533] Trial 140 finished with value: 2886.951197985449 and parameters: {'model_name': 'SimpleImputer', 'strategy': 'median'}. Best is trial 0 with value: 2854.399948749908.
[I 2023-12-05 17:10:38,736] Trial 132 finished with value: 2917.4789583322654 and parameters: {'model_name': 'SimpleImputer', 'strategy': 'constant'}. Best is trial 0 with value: 2854.399948749908.
[I 2023-12-05 17:10:38,899] Trial 134 finished with value: 2854.399948749908 and parameters: {'model_name': 'SimpleImputer', 'strategy': 'mean'}. Best is trial 0 with value: 2854.399948749908.
[I 2023-12-05 17:10:39,067] Trial 137 finished with value: 2886.951197985449 and parameters: {'model_name': 'SimpleImputer', 'strategy': 'median'}. Best is trial 0 with value: 2854.399948749908.
[I 2023-12-05 17:10:39,241] Trial 151 finished with value: 2886.951197985449 and parameters: {'model_name': 'SimpleImputer', 'strategy': 'median'}. Best is trial 0 with value: 2854.399948749908.
[I 2023-12-05 17:10:39,249] Trial 148 finished with value: 2886.951197985449 and parameters: {'model_name': 'SimpleImputer', 'strategy': 'median'}. Best is trial 0 with value: 2854.399948749908.
[I 2023-12-05 17:10:39,593] Trial 142 finished with value: 2886.951197985449 and parameters: {'model_name': 'SimpleImputer', 'strategy': 'median'}. Best is trial 0 with value: 2854.399948749908.
[I 2023-12-05 17:10:39,751] Trial 156 finished with value: 2854.399948749908 and parameters: {'model_name': 'SimpleImputer', 'strategy': 'mean'}. Best is trial 0 with value: 2854.399948749908.
[I 2023-12-05 17:10:39,920] Trial 162 finished with value: 2886.951197985449 and parameters: {'model_name': 'SimpleImputer', 'strategy': 'median'}. Best is trial 0 with value: 2854.399948749908.
[I 2023-12-05 17:10:40,078] Trial 145 finished with value: 2886.951197985449 and parameters: {'model_name': 'SimpleImputer', 'strategy': 'median'}. Best is trial 0 with value: 2854.399948749908.
[I 2023-12-05 17:10:40,244] Trial 163 finished with value: 2854.399948749908 and parameters: {'model_name': 'SimpleImputer', 'strategy': 'mean'}. Best is trial 0 with value: 2854.399948749908.
[I 2023-12-05 17:10:40,405] Trial 159 finished with value: 2886.951197985449 and parameters: {'model_name': 'SimpleImputer', 'strategy': 'median'}. Best is trial 0 with value: 2854.399948749908.
[I 2023-12-05 17:10:40,565] Trial 147 finished with value: 2854.399948749908 and parameters: {'model_name': 'SimpleImputer', 'strategy': 'mean'}. Best is trial 0 with value: 2854.399948749908.
[I 2023-12-05 17:10:40,727] Trial 154 finished with value: 2886.951197985449 and parameters: {'model_name': 'SimpleImputer', 'strategy': 'median'}. Best is trial 0 with value: 2854.399948749908.
[I 2023-12-05 17:10:40,892] Trial 123 finished with value: 2905.8504183728287 and parameters: {'model_name': 'SimpleImputer', 'strategy': 'most_frequent'}. Best is trial 0 with value: 2854.399948749908.
[I 2023-12-05 17:10:41,075] Trial 170 finished with value: 2886.951197985449 and parameters: {'model_name': 'SimpleImputer', 'strategy': 'median'}. Best is trial 0 with value: 2854.399948749908.
[I 2023-12-05 17:10:41,255] Trial 173 finished with value: 2854.399948749908 and parameters: {'model_name': 'SimpleImputer', 'strategy': 'mean'}. Best is trial 0 with value: 2854.399948749908.
[I 2023-12-05 17:10:41,261] Trial 153 finished with value: 2886.951197985449 and parameters: {'model_name': 'SimpleImputer', 'strategy': 'median'}. Best is trial 0 with value: 2854.399948749908.
[I 2023-12-05 17:10:41,437] Trial 166 finished with value: 2886.951197985449 and parameters: {'model_name': 'SimpleImputer', 'strategy': 'median'}. Best is trial 0 with value: 2854.399948749908.
[I 2023-12-05 17:10:41,765] Trial 149 finished with value: 2886.951197985449 and parameters: {'model_name': 'SimpleImputer', 'strategy': 'median'}. Best is trial 0 with value: 2854.399948749908.
[I 2023-12-05 17:10:41,926] Trial 133 finished with value: 2886.951197985449 and parameters: {'model_name': 'SimpleImputer', 'strategy': 'median'}. Best is trial 0 with value: 2854.399948749908.
[I 2023-12-05 17:10:42,087] Trial 169 finished with value: 2886.951197985449 and parameters: {'model_name': 'SimpleImputer', 'strategy': 'median'}. Best is trial 0 with value: 2854.399948749908.
[I 2023-12-05 17:10:42,257] Trial 136 finished with value: 2886.951197985449 and parameters: {'model_name': 'SimpleImputer', 'strategy': 'median'}. Best is trial 0 with value: 2854.399948749908.
[I 2023-12-05 17:10:42,493] Trial 139 finished with value: 2886.951197985449 and parameters: {'model_name': 'SimpleImputer', 'strategy': 'median'}. Best is trial 0 with value: 2854.399948749908.
[I 2023-12-05 17:10:42,667] Trial 157 finished with value: 2854.399948749908 and parameters: {'model_name': 'SimpleImputer', 'strategy': 'mean'}. Best is trial 0 with value: 2854.399948749908.
[I 2023-12-05 17:10:42,851] Trial 175 finished with value: 2854.399948749908 and parameters: {'model_name': 'SimpleImputer', 'strategy': 'mean'}. Best is trial 0 with value: 2854.399948749908.
[I 2023-12-05 17:10:43,024] Trial 161 finished with value: 2886.951197985449 and parameters: {'model_name': 'SimpleImputer', 'strategy': 'median'}. Best is trial 0 with value: 2854.399948749908.
[I 2023-12-05 17:10:43,195] Trial 143 finished with value: 2854.399948749908 and parameters: {'model_name': 'SimpleImputer', 'strategy': 'mean'}. Best is trial 0 with value: 2854.399948749908.
[I 2023-12-05 17:10:43,449] Trial 155 finished with value: 2886.951197985449 and parameters: {'model_name': 'SimpleImputer', 'strategy': 'median'}. Best is trial 0 with value: 2854.399948749908.
[I 2023-12-05 17:10:43,639] Trial 158 finished with value: 2886.951197985449 and parameters: {'model_name': 'SimpleImputer', 'strategy': 'median'}. Best is trial 0 with value: 2854.399948749908.
[I 2023-12-05 17:10:43,800] Trial 146 finished with value: 2886.951197985449 and parameters: {'model_name': 'SimpleImputer', 'strategy': 'median'}. Best is trial 0 with value: 2854.399948749908.
[I 2023-12-05 17:10:43,960] Trial 150 finished with value: 2854.399948749908 and parameters: {'model_name': 'SimpleImputer', 'strategy': 'mean'}. Best is trial 0 with value: 2854.399948749908.
[I 2023-12-05 17:10:44,119] Trial 168 finished with value: 2886.951197985449 and parameters: {'model_name': 'SimpleImputer', 'strategy': 'median'}. Best is trial 0 with value: 2854.399948749908.
[I 2023-12-05 17:10:44,280] Trial 174 finished with value: 2854.399948749908 and parameters: {'model_name': 'SimpleImputer', 'strategy': 'mean'}. Best is trial 0 with value: 2854.399948749908.
[I 2023-12-05 17:10:44,439] Trial 171 finished with value: 2854.399948749908 and parameters: {'model_name': 'SimpleImputer', 'strategy': 'mean'}. Best is trial 0 with value: 2854.399948749908.
[I 2023-12-05 17:10:44,601] Trial 160 finished with value: 2886.951197985449 and parameters: {'model_name': 'SimpleImputer', 'strategy': 'median'}. Best is trial 0 with value: 2854.399948749908.
[I 2023-12-05 17:10:44,772] Trial 164 finished with value: 2886.951197985449 and parameters: {'model_name': 'SimpleImputer', 'strategy': 'median'}. Best is trial 0 with value: 2854.399948749908.
[I 2023-12-05 17:10:44,943] Trial 182 finished with value: 2854.399948749908 and parameters: {'model_name': 'SimpleImputer', 'strategy': 'mean'}. Best is trial 0 with value: 2854.399948749908.
[I 2023-12-05 17:10:45,103] Trial 177 finished with value: 2854.399948749908 and parameters: {'model_name': 'SimpleImputer', 'strategy': 'mean'}. Best is trial 0 with value: 2854.399948749908.
[I 2023-12-05 17:10:45,269] Trial 178 finished with value: 2854.399948749908 and parameters: {'model_name': 'SimpleImputer', 'strategy': 'mean'}. Best is trial 0 with value: 2854.399948749908.
[I 2023-12-05 17:10:45,428] Trial 183 finished with value: 2854.399948749908 and parameters: {'model_name': 'SimpleImputer', 'strategy': 'mean'}. Best is trial 0 with value: 2854.399948749908.
[I 2023-12-05 17:10:45,592] Trial 180 finished with value: 2854.399948749908 and parameters: {'model_name': 'SimpleImputer', 'strategy': 'mean'}. Best is trial 0 with value: 2854.399948749908.
[I 2023-12-05 17:10:45,756] Trial 184 finished with value: 2854.399948749908 and parameters: {'model_name': 'SimpleImputer', 'strategy': 'mean'}. Best is trial 0 with value: 2854.399948749908.
[I 2023-12-05 17:10:45,917] Trial 152 finished with value: 2886.951197985449 and parameters: {'model_name': 'SimpleImputer', 'strategy': 'median'}. Best is trial 0 with value: 2854.399948749908.
[I 2023-12-05 17:10:46,083] Trial 193 finished with value: 2854.399948749908 and parameters: {'model_name': 'SimpleImputer', 'strategy': 'mean'}. Best is trial 0 with value: 2854.399948749908.
[I 2023-12-05 17:10:46,254] Trial 181 finished with value: 2854.399948749908 and parameters: {'model_name': 'SimpleImputer', 'strategy': 'mean'}. Best is trial 0 with value: 2854.399948749908.
[I 2023-12-05 17:10:46,418] Trial 197 finished with value: 2854.399948749908 and parameters: {'model_name': 'SimpleImputer', 'strategy': 'mean'}. Best is trial 0 with value: 2854.399948749908.
[I 2023-12-05 17:10:46,576] Trial 187 finished with value: 2854.399948749908 and parameters: {'model_name': 'SimpleImputer', 'strategy': 'mean'}. Best is trial 0 with value: 2854.399948749908.
[I 2023-12-05 17:10:46,735] Trial 172 finished with value: 2854.399948749908 and parameters: {'model_name': 'SimpleImputer', 'strategy': 'mean'}. Best is trial 0 with value: 2854.399948749908.
[I 2023-12-05 17:10:46,908] Trial 186 finished with value: 2854.399948749908 and parameters: {'model_name': 'SimpleImputer', 'strategy': 'mean'}. Best is trial 0 with value: 2854.399948749908.
[I 2023-12-05 17:10:47,066] Trial 167 finished with value: 2886.951197985449 and parameters: {'model_name': 'SimpleImputer', 'strategy': 'median'}. Best is trial 0 with value: 2854.399948749908.
[I 2023-12-05 17:10:47,222] Trial 191 finished with value: 2854.399948749908 and parameters: {'model_name': 'SimpleImputer', 'strategy': 'mean'}. Best is trial 0 with value: 2854.399948749908.
[I 2023-12-05 17:10:47,394] Trial 189 finished with value: 2854.399948749908 and parameters: {'model_name': 'SimpleImputer', 'strategy': 'mean'}. Best is trial 0 with value: 2854.399948749908.
[I 2023-12-05 17:10:47,558] Trial 165 finished with value: 2886.951197985449 and parameters: {'model_name': 'SimpleImputer', 'strategy': 'median'}. Best is trial 0 with value: 2854.399948749908.
[I 2023-12-05 17:10:47,723] Trial 190 finished with value: 2854.399948749908 and parameters: {'model_name': 'SimpleImputer', 'strategy': 'mean'}. Best is trial 0 with value: 2854.399948749908.
[I 2023-12-05 17:10:47,724] Trial 185 finished with value: 2854.399948749908 and parameters: {'model_name': 'SimpleImputer', 'strategy': 'mean'}. Best is trial 0 with value: 2854.399948749908.
[I 2023-12-05 17:10:48,053] Trial 179 finished with value: 2854.399948749908 and parameters: {'model_name': 'SimpleImputer', 'strategy': 'mean'}. Best is trial 0 with value: 2854.399948749908.
[I 2023-12-05 17:10:48,218] Trial 176 finished with value: 2854.399948749908 and parameters: {'model_name': 'SimpleImputer', 'strategy': 'mean'}. Best is trial 0 with value: 2854.399948749908.
[I 2023-12-05 17:10:48,220] Trial 188 finished with value: 2854.399948749908 and parameters: {'model_name': 'SimpleImputer', 'strategy': 'mean'}. Best is trial 0 with value: 2854.399948749908.
[I 2023-12-05 17:10:48,221] Trial 194 finished with value: 2854.399948749908 and parameters: {'model_name': 'SimpleImputer', 'strategy': 'mean'}. Best is trial 0 with value: 2854.399948749908.
[I 2023-12-05 17:10:48,224] Trial 192 finished with value: 2854.399948749908 and parameters: {'model_name': 'SimpleImputer', 'strategy': 'mean'}. Best is trial 0 with value: 2854.399948749908.
[I 2023-12-05 17:10:48,384] Trial 196 finished with value: 2854.399948749908 and parameters: {'model_name': 'SimpleImputer', 'strategy': 'mean'}. Best is trial 0 with value: 2854.399948749908.
[I 2023-12-05 17:10:49,009] Trial 199 finished with value: 2854.399948749908 and parameters: {'model_name': 'SimpleImputer', 'strategy': 'mean'}. Best is trial 0 with value: 2854.399948749908.
[I 2023-12-05 17:10:49,166] Trial 198 finished with value: 2854.399948749908 and parameters: {'model_name': 'SimpleImputer', 'strategy': 'mean'}. Best is trial 0 with value: 2854.399948749908.
[I 2023-12-05 17:10:49,321] Trial 195 finished with value: 2854.399948749908 and parameters: {'model_name': 'SimpleImputer', 'strategy': 'mean'}. Best is trial 0 with value: 2854.399948749908.
simple fit
simple transform
2854.399948749908
2854.399948749908
[I 2023-12-05 17:10:52,793] A new study created in memory with name: no-name-ed8af328-3010-46c3-98f6-716258e0870e
[I 2023-12-05 17:10:52,828] Trial 0 finished with value: 232.65910792296123 and parameters: {'model_name': 'SimpleImputer', 'strategy': 'mean'}. Best is trial 0 with value: 232.65910792296123.
[I 2023-12-05 17:10:53,221] Trial 7 finished with value: 232.65910792296123 and parameters: {'model_name': 'SimpleImputer', 'strategy': 'mean'}. Best is trial 0 with value: 232.65910792296123.
[I 2023-12-05 17:10:53,625] Trial 13 finished with value: 172.2770360199993 and parameters: {'model_name': 'SimpleImputer', 'strategy': 'median'}. Best is trial 13 with value: 172.2770360199993.
[I 2023-12-05 17:10:54,379] Trial 17 finished with value: 193.65853140201042 and parameters: {'model_name': 'SimpleImputer', 'strategy': 'constant'}. Best is trial 13 with value: 172.2770360199993.
[I 2023-12-05 17:10:54,702] Trial 21 finished with value: 193.65853140201042 and parameters: {'model_name': 'SimpleImputer', 'strategy': 'constant'}. Best is trial 13 with value: 172.2770360199993.
[I 2023-12-05 17:10:55,740] Trial 45 finished with value: 232.65910792296123 and parameters: {'model_name': 'SimpleImputer', 'strategy': 'mean'}. Best is trial 13 with value: 172.2770360199993.
[I 2023-12-05 17:10:56,579] Trial 32 finished with value: 190.73498466089293 and parameters: {'model_name': 'SimpleImputer', 'strategy': 'most_frequent'}. Best is trial 13 with value: 172.2770360199993.
[I 2023-12-05 17:10:57,154] Trial 39 finished with value: 190.73498466089293 and parameters: {'model_name': 'SimpleImputer', 'strategy': 'most_frequent'}. Best is trial 13 with value: 172.2770360199993.
[I 2023-12-05 17:10:57,534] Trial 29 finished with value: inf and parameters: {'model_name': 'IterativeImputer', 'estimator': 'KNN', 'sample_posterior': True, 'initial_strategy': 'mean', 'imputation_order': 'descending'}. Best is trial 13 with value: 172.2770360199993.
[I 2023-12-05 17:10:58,130] Trial 51 finished with value: 232.65910792296123 and parameters: {'model_name': 'SimpleImputer', 'strategy': 'mean'}. Best is trial 13 with value: 172.2770360199993.
[I 2023-12-05 17:10:59,756] Trial 6 finished with value: 59.43641502755339 and parameters: {'model_name': 'KNNImputer', 'weights': 'uniform', 'keep_empty_features': False}. Best is trial 6 with value: 59.43641502755339.
[I 2023-12-05 17:11:00,423] Trial 5 finished with value: 59.43641502755339 and parameters: {'model_name': 'KNNImputer', 'weights': 'uniform', 'keep_empty_features': False}. Best is trial 6 with value: 59.43641502755339.
[I 2023-12-05 17:11:00,918] Trial 2 finished with value: 52.42810216488147 and parameters: {'model_name': 'KNNImputer', 'weights': 'distance', 'keep_empty_features': False}. Best is trial 2 with value: 52.42810216488147.
[I 2023-12-05 17:11:00,988] Trial 8 finished with value: 52.42810216488147 and parameters: {'model_name': 'KNNImputer', 'weights': 'distance', 'keep_empty_features': False}. Best is trial 2 with value: 52.42810216488147.
[I 2023-12-05 17:11:00,989] Trial 3 finished with value: 52.42810216488147 and parameters: {'model_name': 'KNNImputer', 'weights': 'distance', 'keep_empty_features': False}. Best is trial 2 with value: 52.42810216488147.
[I 2023-12-05 17:11:02,336] Trial 14 finished with value: 52.42810216488147 and parameters: {'model_name': 'KNNImputer', 'weights': 'distance', 'keep_empty_features': False}. Best is trial 2 with value: 52.42810216488147.
[I 2023-12-05 17:11:03,059] Trial 19 finished with value: 59.43641502755339 and parameters: {'model_name': 'KNNImputer', 'weights': 'uniform', 'keep_empty_features': False}. Best is trial 2 with value: 52.42810216488147.
[I 2023-12-05 17:11:03,328] Trial 12 finished with value: 52.42810216488147 and parameters: {'model_name': 'KNNImputer', 'weights': 'distance', 'keep_empty_features': False}. Best is trial 2 with value: 52.42810216488147.
[I 2023-12-05 17:11:03,776] Trial 23 finished with value: 59.43641502755339 and parameters: {'model_name': 'KNNImputer', 'weights': 'uniform', 'keep_empty_features': False}. Best is trial 2 with value: 52.42810216488147.
[I 2023-12-05 17:11:03,780] Trial 31 finished with value: 59.43641502755339 and parameters: {'model_name': 'KNNImputer', 'weights': 'uniform', 'keep_empty_features': False}. Best is trial 2 with value: 52.42810216488147.
[I 2023-12-05 17:11:04,582] Trial 36 finished with value: 52.42810216488147 and parameters: {'model_name': 'KNNImputer', 'weights': 'distance', 'keep_empty_features': False}. Best is trial 2 with value: 52.42810216488147.
[I 2023-12-05 17:11:04,864] Trial 25 finished with value: 52.42810216488147 and parameters: {'model_name': 'KNNImputer', 'weights': 'distance', 'keep_empty_features': False}. Best is trial 2 with value: 52.42810216488147.
[I 2023-12-05 17:11:05,438] Trial 43 finished with value: 59.43641502755339 and parameters: {'model_name': 'KNNImputer', 'weights': 'uniform', 'keep_empty_features': False}. Best is trial 2 with value: 52.42810216488147.
[I 2023-12-05 17:11:05,883] Trial 49 finished with value: 59.43641502755339 and parameters: {'model_name': 'KNNImputer', 'weights': 'uniform', 'keep_empty_features': False}. Best is trial 2 with value: 52.42810216488147.
[I 2023-12-05 17:11:06,168] Trial 47 finished with value: 59.43641502755339 and parameters: {'model_name': 'KNNImputer', 'weights': 'uniform', 'keep_empty_features': False}. Best is trial 2 with value: 52.42810216488147.
[I 2023-12-05 17:11:06,834] Trial 53 finished with value: 59.43641502755339 and parameters: {'model_name': 'KNNImputer', 'weights': 'uniform', 'keep_empty_features': False}. Best is trial 2 with value: 52.42810216488147.
[I 2023-12-05 17:11:07,825] Trial 57 finished with value: 52.42810216488147 and parameters: {'model_name': 'KNNImputer', 'weights': 'distance', 'keep_empty_features': False}. Best is trial 2 with value: 52.42810216488147.
[I 2023-12-05 17:11:08,219] Trial 58 finished with value: 59.43641502755339 and parameters: {'model_name': 'KNNImputer', 'weights': 'uniform', 'keep_empty_features': False}. Best is trial 2 with value: 52.42810216488147.
[I 2023-12-05 17:11:09,116] Trial 59 finished with value: 59.43641502755339 and parameters: {'model_name': 'KNNImputer', 'weights': 'uniform', 'keep_empty_features': False}. Best is trial 2 with value: 52.42810216488147.
2023-12-05 17:11:10.073310: E external/local_xla/xla/stream_executor/cuda/cuda_driver.cc:274] failed call to cuInit: CUDA_ERROR_NO_DEVICE: no CUDA-capable device is detected
2023-12-05 17:11:10.262051: I tensorflow/compiler/mlir/mlir_graph_optimization_pass.cc:388] MLIR V1 optimization pass is not enabled
[I 2023-12-05 17:11:10,666] Trial 70 finished with value: 232.65910792296123 and parameters: {'model_name': 'RandomForestImputer', 'max_iter': 1, 'decreasing': False, 'min_samples_split': 0.1, 'min_samples_leaf': 0.5, 'max_features': 0.4, 'warm_start': True}. Best is trial 2 with value: 52.42810216488147.
[I 2023-12-05 17:11:12,335] Trial 50 finished with value: 183.4896186521286 and parameters: {'model_name': 'RandomForestImputer', 'max_iter': 2, 'decreasing': True, 'min_samples_split': 1.0, 'min_samples_leaf': 0.6, 'max_features': 0.8, 'warm_start': True}. Best is trial 2 with value: 52.42810216488147.
[I 2023-12-05 17:11:13,711] Trial 10 finished with value: 3033.1273359435227 and parameters: {'model_name': 'GAIN', 'batch_size': 38, 'hint_rate': 0.35000000000000003, 'alpha': 33, 'iterations': 19}. Best is trial 2 with value: 52.42810216488147.
[I 2023-12-05 17:11:14,464] Trial 66 finished with value: 177.0494203131362 and parameters: {'model_name': 'RandomForestImputer', 'max_iter': 2, 'decreasing': True, 'min_samples_split': 0.9, 'min_samples_leaf': 0.30000000000000004, 'max_features': 0.5, 'warm_start': True}. Best is trial 2 with value: 52.42810216488147.
[I 2023-12-05 17:11:14,804] Trial 28 finished with value: 232.65910792296123 and parameters: {'model_name': 'RandomForestImputer', 'max_iter': 1, 'decreasing': True, 'min_samples_split': 0.5, 'min_samples_leaf': 0.9, 'max_features': 0.6, 'warm_start': False}. Best is trial 2 with value: 52.42810216488147.
[I 2023-12-05 17:11:15,519] Trial 48 finished with value: 183.46847466114852 and parameters: {'model_name': 'RandomForestImputer', 'max_iter': 3, 'decreasing': True, 'min_samples_split': 0.1, 'min_samples_leaf': 0.7000000000000001, 'max_features': 0.7000000000000001, 'warm_start': True}. Best is trial 2 with value: 52.42810216488147.
[I 2023-12-05 17:11:16,011] Trial 42 finished with value: 5683.564828301248 and parameters: {'model_name': 'GAIN', 'batch_size': 83, 'hint_rate': 0.01, 'alpha': 87, 'iterations': 2}. Best is trial 2 with value: 52.42810216488147.
[I 2023-12-05 17:11:16,352] Trial 62 finished with value: 232.65910792296123 and parameters: {'model_name': 'RandomForestImputer', 'max_iter': 1, 'decreasing': False, 'min_samples_split': 0.5, 'min_samples_leaf': 0.30000000000000004, 'max_features': 0.30000000000000004, 'warm_start': False}. Best is trial 2 with value: 52.42810216488147.
[I 2023-12-05 17:11:17,624] Trial 16 finished with value: 7275.220407238753 and parameters: {'model_name': 'GAIN', 'batch_size': 2, 'hint_rate': 0.8200000000000001, 'alpha': 42, 'iterations': 3}. Best is trial 2 with value: 52.42810216488147.
[I 2023-12-05 17:11:19,467] Trial 52 finished with value: 140.61044861707148 and parameters: {'model_name': 'IterativeImputer', 'estimator': 'Ridge', 'sample_posterior': False, 'initial_strategy': 'median', 'imputation_order': 'ascending'}. Best is trial 2 with value: 52.42810216488147.
[I 2023-12-05 17:11:20,806] Trial 24 finished with value: 189.61220419384767 and parameters: {'model_name': 'RandomForestImputer', 'max_iter': 9, 'decreasing': False, 'min_samples_split': 0.0, 'min_samples_leaf': 0.4, 'max_features': 0.2, 'warm_start': True}. Best is trial 2 with value: 52.42810216488147.
[I 2023-12-05 17:11:21,381] Trial 60 finished with value: 189.55520751198284 and parameters: {'model_name': 'RandomForestImputer', 'max_iter': 7, 'decreasing': False, 'min_samples_split': 0.1, 'min_samples_leaf': 0.8, 'max_features': 0.6, 'warm_start': True}. Best is trial 2 with value: 52.42810216488147.
[I 2023-12-05 17:11:21,647] Trial 30 finished with value: 4789.595531249003 and parameters: {'model_name': 'GAIN', 'batch_size': 987, 'hint_rate': 0.060000000000000005, 'alpha': 85, 'iterations': 9}. Best is trial 2 with value: 52.42810216488147.
[I 2023-12-05 17:11:21,919] Trial 71 finished with value: 178.31026838579302 and parameters: {'model_name': 'RandomForestImputer', 'max_iter': 5, 'decreasing': True, 'min_samples_split': 0.8, 'min_samples_leaf': 0.30000000000000004, 'max_features': 0.5, 'warm_start': True}. Best is trial 2 with value: 52.42810216488147.
[I 2023-12-05 17:11:23,288] Trial 77 finished with value: 5075.202576729888 and parameters: {'model_name': 'GAIN', 'batch_size': 1, 'hint_rate': 0.24000000000000002, 'alpha': 68, 'iterations': 2}. Best is trial 2 with value: 52.42810216488147.
[I 2023-12-05 17:11:25,217] Trial 80 finished with value: 157.81925305472456 and parameters: {'model_name': 'IterativeImputer', 'estimator': 'Ridge', 'sample_posterior': False, 'initial_strategy': 'most_frequent', 'imputation_order': 'random'}. Best is trial 2 with value: 52.42810216488147.
[I 2023-12-05 17:11:25,608] Trial 84 finished with value: 140.61044861707148 and parameters: {'model_name': 'IterativeImputer', 'estimator': 'Ridge', 'sample_posterior': False, 'initial_strategy': 'median', 'imputation_order': 'ascending'}. Best is trial 2 with value: 52.42810216488147.
[I 2023-12-05 17:11:25,905] Trial 88 finished with value: 52.42810216488147 and parameters: {'model_name': 'KNNImputer', 'weights': 'distance', 'keep_empty_features': False}. Best is trial 2 with value: 52.42810216488147.
[I 2023-12-05 17:11:26,191] Trial 89 finished with value: 52.42810216488147 and parameters: {'model_name': 'KNNImputer', 'weights': 'distance', 'keep_empty_features': False}. Best is trial 2 with value: 52.42810216488147.
[I 2023-12-05 17:11:26,531] Trial 90 finished with value: 52.42810216488147 and parameters: {'model_name': 'KNNImputer', 'weights': 'distance', 'keep_empty_features': False}. Best is trial 2 with value: 52.42810216488147.
[I 2023-12-05 17:11:27,724] Trial 64 finished with value: 188.53785223478695 and parameters: {'model_name': 'RandomForestImputer', 'max_iter': 17, 'decreasing': False, 'min_samples_split': 0.1, 'min_samples_leaf': 0.30000000000000004, 'max_features': 0.9, 'warm_start': True}. Best is trial 2 with value: 52.42810216488147.
[I 2023-12-05 17:11:28,219] Trial 91 finished with value: 52.42810216488147 and parameters: {'model_name': 'KNNImputer', 'weights': 'distance', 'keep_empty_features': False}. Best is trial 2 with value: 52.42810216488147.
[I 2023-12-05 17:11:28,811] Trial 18 finished with value: inf and parameters: {'model_name': 'IterativeImputer', 'estimator': 'RFR', 'sample_posterior': True, 'initial_strategy': 'most_frequent', 'imputation_order': 'descending'}. Best is trial 2 with value: 52.42810216488147.
[I 2023-12-05 17:11:30,432] Trial 92 finished with value: 52.42810216488147 and parameters: {'model_name': 'KNNImputer', 'weights': 'distance', 'keep_empty_features': False}. Best is trial 2 with value: 52.42810216488147.
[I 2023-12-05 17:11:31,011] Trial 96 finished with value: 52.42810216488147 and parameters: {'model_name': 'KNNImputer', 'weights': 'distance', 'keep_empty_features': False}. Best is trial 2 with value: 52.42810216488147.
[I 2023-12-05 17:11:31,287] Trial 93 finished with value: 52.42810216488147 and parameters: {'model_name': 'KNNImputer', 'weights': 'distance', 'keep_empty_features': False}. Best is trial 2 with value: 52.42810216488147.
[I 2023-12-05 17:11:31,591] Trial 94 finished with value: 52.42810216488147 and parameters: {'model_name': 'KNNImputer', 'weights': 'distance', 'keep_empty_features': False}. Best is trial 2 with value: 52.42810216488147.
[I 2023-12-05 17:11:31,996] Trial 95 finished with value: 52.42810216488147 and parameters: {'model_name': 'KNNImputer', 'weights': 'distance', 'keep_empty_features': False}. Best is trial 2 with value: 52.42810216488147.
[I 2023-12-05 17:11:32,696] Trial 41 finished with value: inf and parameters: {'model_name': 'IterativeImputer', 'estimator': 'RFR', 'sample_posterior': True, 'initial_strategy': 'most_frequent', 'imputation_order': 'descending'}. Best is trial 2 with value: 52.42810216488147.
[I 2023-12-05 17:11:33,627] Trial 98 finished with value: 52.42810216488147 and parameters: {'model_name': 'KNNImputer', 'weights': 'distance', 'keep_empty_features': False}. Best is trial 2 with value: 52.42810216488147.
[I 2023-12-05 17:11:34,105] Trial 97 finished with value: 52.42810216488147 and parameters: {'model_name': 'KNNImputer', 'weights': 'distance', 'keep_empty_features': False}. Best is trial 2 with value: 52.42810216488147.
[I 2023-12-05 17:11:35,100] Trial 99 finished with value: 52.42810216488147 and parameters: {'model_name': 'KNNImputer', 'weights': 'distance', 'keep_empty_features': False}. Best is trial 2 with value: 52.42810216488147.
[I 2023-12-05 17:11:36,287] Trial 100 finished with value: 52.42810216488147 and parameters: {'model_name': 'KNNImputer', 'weights': 'distance', 'keep_empty_features': False}. Best is trial 2 with value: 52.42810216488147.
[I 2023-12-05 17:11:36,841] Trial 101 finished with value: 52.42810216488147 and parameters: {'model_name': 'KNNImputer', 'weights': 'distance', 'keep_empty_features': False}. Best is trial 2 with value: 52.42810216488147.
[I 2023-12-05 17:11:37,301] Trial 102 finished with value: 52.42810216488147 and parameters: {'model_name': 'KNNImputer', 'weights': 'distance', 'keep_empty_features': False}. Best is trial 2 with value: 52.42810216488147.
[I 2023-12-05 17:11:37,619] Trial 103 finished with value: 52.42810216488147 and parameters: {'model_name': 'KNNImputer', 'weights': 'distance', 'keep_empty_features': False}. Best is trial 2 with value: 52.42810216488147.
[I 2023-12-05 17:11:37,910] Trial 104 finished with value: 52.42810216488147 and parameters: {'model_name': 'KNNImputer', 'weights': 'distance', 'keep_empty_features': False}. Best is trial 2 with value: 52.42810216488147.
[I 2023-12-05 17:11:38,934] Trial 105 finished with value: 52.42810216488147 and parameters: {'model_name': 'KNNImputer', 'weights': 'distance', 'keep_empty_features': False}. Best is trial 2 with value: 52.42810216488147.
[I 2023-12-05 17:11:39,293] Trial 106 finished with value: 52.42810216488147 and parameters: {'model_name': 'KNNImputer', 'weights': 'distance', 'keep_empty_features': False}. Best is trial 2 with value: 52.42810216488147.
[I 2023-12-05 17:11:39,833] Trial 44 finished with value: 5056.648992186329 and parameters: {'model_name': 'GAIN', 'batch_size': 9, 'hint_rate': 0.13, 'alpha': 39, 'iterations': 40}. Best is trial 2 with value: 52.42810216488147.
[I 2023-12-05 17:11:40,156] Trial 107 finished with value: 52.42810216488147 and parameters: {'model_name': 'KNNImputer', 'weights': 'distance', 'keep_empty_features': False}. Best is trial 2 with value: 52.42810216488147.
[I 2023-12-05 17:11:40,792] Trial 108 finished with value: 52.42810216488147 and parameters: {'model_name': 'KNNImputer', 'weights': 'distance', 'keep_empty_features': False}. Best is trial 2 with value: 52.42810216488147.
[I 2023-12-05 17:11:42,188] Trial 109 finished with value: 52.42810216488147 and parameters: {'model_name': 'KNNImputer', 'weights': 'distance', 'keep_empty_features': False}. Best is trial 2 with value: 52.42810216488147.
[I 2023-12-05 17:11:42,763] Trial 110 finished with value: 52.42810216488147 and parameters: {'model_name': 'KNNImputer', 'weights': 'distance', 'keep_empty_features': False}. Best is trial 2 with value: 52.42810216488147.
[I 2023-12-05 17:11:43,255] Trial 111 finished with value: 52.42810216488147 and parameters: {'model_name': 'KNNImputer', 'weights': 'distance', 'keep_empty_features': False}. Best is trial 2 with value: 52.42810216488147.
[I 2023-12-05 17:11:44,533] Trial 114 finished with value: 52.42810216488147 and parameters: {'model_name': 'KNNImputer', 'weights': 'distance', 'keep_empty_features': False}. Best is trial 2 with value: 52.42810216488147.
[I 2023-12-05 17:11:45,077] Trial 118 finished with value: 52.42810216488147 and parameters: {'model_name': 'KNNImputer', 'weights': 'distance', 'keep_empty_features': False}. Best is trial 2 with value: 52.42810216488147.
[I 2023-12-05 17:11:45,845] Trial 27 finished with value: 190.01222063281847 and parameters: {'model_name': 'RandomForestImputer', 'max_iter': 3, 'decreasing': True, 'min_samples_split': 0.9, 'min_samples_leaf': 0.2, 'max_features': 0.2, 'warm_start': False}. Best is trial 2 with value: 52.42810216488147.
[I 2023-12-05 17:11:46,339] Trial 20 finished with value: 183.4347709341917 and parameters: {'model_name': 'RandomForestImputer', 'max_iter': 70, 'decreasing': True, 'min_samples_split': 0.30000000000000004, 'min_samples_leaf': 0.7000000000000001, 'max_features': 0.9, 'warm_start': True}. Best is trial 2 with value: 52.42810216488147.
[I 2023-12-05 17:11:47,004] Trial 55 finished with value: 189.53909262389186 and parameters: {'model_name': 'RandomForestImputer', 'max_iter': 41, 'decreasing': False, 'min_samples_split': 0.1, 'min_samples_leaf': 0.8, 'max_features': 0.2, 'warm_start': True}. Best is trial 2 with value: 52.42810216488147.
[I 2023-12-05 17:11:47,463] Trial 119 finished with value: 52.42810216488147 and parameters: {'model_name': 'KNNImputer', 'weights': 'distance', 'keep_empty_features': False}. Best is trial 2 with value: 52.42810216488147.
[I 2023-12-05 17:11:47,948] Trial 120 finished with value: 52.42810216488147 and parameters: {'model_name': 'KNNImputer', 'weights': 'distance', 'keep_empty_features': False}. Best is trial 2 with value: 52.42810216488147.
[I 2023-12-05 17:11:50,293] Trial 4 finished with value: 233.52188914741654 and parameters: {'model_name': 'RandomForestImputer', 'max_iter': 17, 'decreasing': True, 'min_samples_split': 0.8, 'min_samples_leaf': 0.4, 'max_features': 0.4, 'warm_start': False}. Best is trial 2 with value: 52.42810216488147.
[I 2023-12-05 17:11:52,240] Trial 83 finished with value: 164.7192016186501 and parameters: {'model_name': 'IterativeImputer', 'estimator': 'Bayesian', 'sample_posterior': False, 'initial_strategy': 'constant', 'imputation_order': 'random'}. Best is trial 2 with value: 52.42810216488147.
[I 2023-12-05 17:11:52,954] Trial 11 finished with value: 236.16916192416593 and parameters: {'model_name': 'RandomForestImputer', 'max_iter': 10, 'decreasing': False, 'min_samples_split': 0.30000000000000004, 'min_samples_leaf': 0.9, 'max_features': 0.30000000000000004, 'warm_start': False}. Best is trial 2 with value: 52.42810216488147.
[I 2023-12-05 17:11:53,882] Trial 63 finished with value: 183.43506829273508 and parameters: {'model_name': 'RandomForestImputer', 'max_iter': 75, 'decreasing': True, 'min_samples_split': 0.0, 'min_samples_leaf': 0.5, 'max_features': 0.2, 'warm_start': True}. Best is trial 2 with value: 52.42810216488147.
[I 2023-12-05 17:11:56,644] Trial 40 finished with value: 232.58814736490388 and parameters: {'model_name': 'RandomForestImputer', 'max_iter': 28, 'decreasing': False, 'min_samples_split': 1.0, 'min_samples_leaf': 0.6, 'max_features': 0.9, 'warm_start': False}. Best is trial 2 with value: 52.42810216488147.
[I 2023-12-05 17:11:57,094] Trial 85 finished with value: 160.0007060446857 and parameters: {'model_name': 'IterativeImputer', 'estimator': 'Bayesian', 'sample_posterior': False, 'initial_strategy': 'constant', 'imputation_order': 'random'}. Best is trial 2 with value: 52.42810216488147.
[I 2023-12-05 17:11:57,439] Trial 72 finished with value: 4769.657649168804 and parameters: {'model_name': 'GAIN', 'batch_size': 2, 'hint_rate': 0.79, 'alpha': 18, 'iterations': 63}. Best is trial 2 with value: 52.42810216488147.
[I 2023-12-05 17:11:57,806] Trial 135 finished with value: 172.2770360199993 and parameters: {'model_name': 'SimpleImputer', 'strategy': 'median'}. Best is trial 2 with value: 52.42810216488147.
[I 2023-12-05 17:11:59,000] Trial 46 finished with value: 231.8163783198161 and parameters: {'model_name': 'RandomForestImputer', 'max_iter': 29, 'decreasing': False, 'min_samples_split': 0.7000000000000001, 'min_samples_leaf': 0.8, 'max_features': 0.1, 'warm_start': False}. Best is trial 2 with value: 52.42810216488147.
[I 2023-12-05 17:12:00,657] Trial 54 finished with value: 172.42938428789574 and parameters: {'model_name': 'RandomForestImputer', 'max_iter': 5, 'decreasing': False, 'min_samples_split': 0.1, 'min_samples_leaf': 0.2, 'max_features': 0.7000000000000001, 'warm_start': False}. Best is trial 2 with value: 52.42810216488147.
[I 2023-12-05 17:12:01,011] Trial 136 finished with value: 52.42810216488147 and parameters: {'model_name': 'KNNImputer', 'weights': 'distance', 'keep_empty_features': False}. Best is trial 2 with value: 52.42810216488147.
[I 2023-12-05 17:12:01,941] Trial 34 finished with value: 4030.6891815398826 and parameters: {'model_name': 'GAIN', 'batch_size': 38, 'hint_rate': 0.59, 'alpha': 93, 'iterations': 93}. Best is trial 2 with value: 52.42810216488147.
[I 2023-12-05 17:12:02,307] Trial 137 finished with value: 52.42810216488147 and parameters: {'model_name': 'KNNImputer', 'weights': 'distance', 'keep_empty_features': False}. Best is trial 2 with value: 52.42810216488147.
[I 2023-12-05 17:12:03,437] Trial 38 finished with value: 8320.233943184574 and parameters: {'model_name': 'GAIN', 'batch_size': 160, 'hint_rate': 0.05, 'alpha': 89, 'iterations': 95}. Best is trial 2 with value: 52.42810216488147.
[I 2023-12-05 17:12:04,268] Trial 138 finished with value: 52.42810216488147 and parameters: {'model_name': 'KNNImputer', 'weights': 'distance', 'keep_empty_features': False}. Best is trial 2 with value: 52.42810216488147.
[I 2023-12-05 17:12:04,754] Trial 139 finished with value: 52.42810216488147 and parameters: {'model_name': 'KNNImputer', 'weights': 'distance', 'keep_empty_features': False}. Best is trial 2 with value: 52.42810216488147.
[I 2023-12-05 17:12:05,829] Trial 140 finished with value: 52.42810216488147 and parameters: {'model_name': 'KNNImputer', 'weights': 'distance', 'keep_empty_features': False}. Best is trial 2 with value: 52.42810216488147.
[I 2023-12-05 17:12:06,273] Trial 141 finished with value: 52.42810216488147 and parameters: {'model_name': 'KNNImputer', 'weights': 'distance', 'keep_empty_features': False}. Best is trial 2 with value: 52.42810216488147.
[I 2023-12-05 17:12:07,281] Trial 142 finished with value: 52.42810216488147 and parameters: {'model_name': 'KNNImputer', 'weights': 'distance', 'keep_empty_features': False}. Best is trial 2 with value: 52.42810216488147.
[I 2023-12-05 17:12:08,365] Trial 68 finished with value: 3955.08969074164 and parameters: {'model_name': 'GAIN', 'batch_size': 135, 'hint_rate': 0.4, 'alpha': 71, 'iterations': 106}. Best is trial 2 with value: 52.42810216488147.
[I 2023-12-05 17:12:08,732] Trial 144 finished with value: 52.42810216488147 and parameters: {'model_name': 'KNNImputer', 'weights': 'distance', 'keep_empty_features': False}. Best is trial 2 with value: 52.42810216488147.
[I 2023-12-05 17:12:09,043] Trial 143 finished with value: 52.42810216488147 and parameters: {'model_name': 'KNNImputer', 'weights': 'distance', 'keep_empty_features': False}. Best is trial 2 with value: 52.42810216488147.
[I 2023-12-05 17:12:09,951] Trial 145 finished with value: 52.42810216488147 and parameters: {'model_name': 'KNNImputer', 'weights': 'distance', 'keep_empty_features': False}. Best is trial 2 with value: 52.42810216488147.
[I 2023-12-05 17:12:10,630] Trial 146 finished with value: 52.42810216488147 and parameters: {'model_name': 'KNNImputer', 'weights': 'distance', 'keep_empty_features': False}. Best is trial 2 with value: 52.42810216488147.
[I 2023-12-05 17:12:11,180] Trial 26 finished with value: 222.6549123207208 and parameters: {'model_name': 'IterativeImputer', 'estimator': 'Bayesian', 'sample_posterior': True, 'initial_strategy': 'constant', 'imputation_order': 'descending'}. Best is trial 2 with value: 52.42810216488147.
[I 2023-12-05 17:12:11,612] Trial 33 finished with value: 221.07748775077312 and parameters: {'model_name': 'IterativeImputer', 'estimator': 'Bayesian', 'sample_posterior': True, 'initial_strategy': 'most_frequent', 'imputation_order': 'roman'}. Best is trial 2 with value: 52.42810216488147.
[I 2023-12-05 17:12:11,962] Trial 147 finished with value: 52.42810216488147 and parameters: {'model_name': 'KNNImputer', 'weights': 'distance', 'keep_empty_features': False}. Best is trial 2 with value: 52.42810216488147.
[I 2023-12-05 17:12:13,207] Trial 148 finished with value: 52.42810216488147 and parameters: {'model_name': 'KNNImputer', 'weights': 'distance', 'keep_empty_features': False}. Best is trial 2 with value: 52.42810216488147.
[I 2023-12-05 17:12:13,610] Trial 156 finished with value: 190.73498466089293 and parameters: {'model_name': 'SimpleImputer', 'strategy': 'most_frequent'}. Best is trial 2 with value: 52.42810216488147.
[I 2023-12-05 17:12:14,192] Trial 149 finished with value: 52.42810216488147 and parameters: {'model_name': 'KNNImputer', 'weights': 'distance', 'keep_empty_features': False}. Best is trial 2 with value: 52.42810216488147.
[I 2023-12-05 17:12:14,645] Trial 150 finished with value: 52.42810216488147 and parameters: {'model_name': 'KNNImputer', 'weights': 'distance', 'keep_empty_features': False}. Best is trial 2 with value: 52.42810216488147.
[I 2023-12-05 17:12:15,401] Trial 152 finished with value: 52.42810216488147 and parameters: {'model_name': 'KNNImputer', 'weights': 'distance', 'keep_empty_features': False}. Best is trial 2 with value: 52.42810216488147.
[I 2023-12-05 17:12:15,961] Trial 151 finished with value: 52.42810216488147 and parameters: {'model_name': 'KNNImputer', 'weights': 'distance', 'keep_empty_features': False}. Best is trial 2 with value: 52.42810216488147.
[I 2023-12-05 17:12:16,791] Trial 154 finished with value: 59.43641502755339 and parameters: {'model_name': 'KNNImputer', 'weights': 'uniform', 'keep_empty_features': False}. Best is trial 2 with value: 52.42810216488147.
[I 2023-12-05 17:12:17,270] Trial 153 finished with value: 59.43641502755339 and parameters: {'model_name': 'KNNImputer', 'weights': 'uniform', 'keep_empty_features': False}. Best is trial 2 with value: 52.42810216488147.
[I 2023-12-05 17:12:17,746] Trial 155 finished with value: 59.43641502755339 and parameters: {'model_name': 'KNNImputer', 'weights': 'uniform', 'keep_empty_features': False}. Best is trial 2 with value: 52.42810216488147.
[I 2023-12-05 17:12:18,961] Trial 157 finished with value: 52.42810216488147 and parameters: {'model_name': 'KNNImputer', 'weights': 'distance', 'keep_empty_features': False}. Best is trial 2 with value: 52.42810216488147.
[I 2023-12-05 17:12:19,260] Trial 158 finished with value: 59.43641502755339 and parameters: {'model_name': 'KNNImputer', 'weights': 'uniform', 'keep_empty_features': False}. Best is trial 2 with value: 52.42810216488147.
[I 2023-12-05 17:12:19,521] Trial 159 finished with value: 52.42810216488147 and parameters: {'model_name': 'KNNImputer', 'weights': 'distance', 'keep_empty_features': False}. Best is trial 2 with value: 52.42810216488147.
[I 2023-12-05 17:12:20,452] Trial 160 finished with value: 59.43641502755339 and parameters: {'model_name': 'KNNImputer', 'weights': 'uniform', 'keep_empty_features': False}. Best is trial 2 with value: 52.42810216488147.
[I 2023-12-05 17:12:20,854] Trial 161 finished with value: 59.43641502755339 and parameters: {'model_name': 'KNNImputer', 'weights': 'uniform', 'keep_empty_features': False}. Best is trial 2 with value: 52.42810216488147.
[I 2023-12-05 17:12:21,872] Trial 163 finished with value: 52.42810216488147 and parameters: {'model_name': 'KNNImputer', 'weights': 'distance', 'keep_empty_features': False}. Best is trial 2 with value: 52.42810216488147.
[I 2023-12-05 17:12:22,334] Trial 164 finished with value: 52.42810216488147 and parameters: {'model_name': 'KNNImputer', 'weights': 'distance', 'keep_empty_features': False}. Best is trial 2 with value: 52.42810216488147.
[I 2023-12-05 17:12:22,762] Trial 87 finished with value: 216.83580852790968 and parameters: {'model_name': 'IterativeImputer', 'estimator': 'Bayesian', 'sample_posterior': True, 'initial_strategy': 'constant', 'imputation_order': 'arabic'}. Best is trial 2 with value: 52.42810216488147.
[I 2023-12-05 17:12:23,022] Trial 162 finished with value: 52.42810216488147 and parameters: {'model_name': 'KNNImputer', 'weights': 'distance', 'keep_empty_features': False}. Best is trial 2 with value: 52.42810216488147.
[I 2023-12-05 17:12:23,985] Trial 166 finished with value: 52.42810216488147 and parameters: {'model_name': 'KNNImputer', 'weights': 'distance', 'keep_empty_features': False}. Best is trial 2 with value: 52.42810216488147.
[I 2023-12-05 17:12:24,380] Trial 165 finished with value: 52.42810216488147 and parameters: {'model_name': 'KNNImputer', 'weights': 'distance', 'keep_empty_features': False}. Best is trial 2 with value: 52.42810216488147.
[I 2023-12-05 17:12:25,009] Trial 167 finished with value: 52.42810216488147 and parameters: {'model_name': 'KNNImputer', 'weights': 'distance', 'keep_empty_features': False}. Best is trial 2 with value: 52.42810216488147.
[I 2023-12-05 17:12:25,335] Trial 168 finished with value: 52.42810216488147 and parameters: {'model_name': 'KNNImputer', 'weights': 'distance', 'keep_empty_features': False}. Best is trial 2 with value: 52.42810216488147.
[I 2023-12-05 17:12:25,778] Trial 169 finished with value: 52.42810216488147 and parameters: {'model_name': 'KNNImputer', 'weights': 'distance', 'keep_empty_features': False}. Best is trial 2 with value: 52.42810216488147.
[I 2023-12-05 17:12:26,837] Trial 170 finished with value: 52.42810216488147 and parameters: {'model_name': 'KNNImputer', 'weights': 'distance', 'keep_empty_features': False}. Best is trial 2 with value: 52.42810216488147.
[I 2023-12-05 17:12:27,365] Trial 171 finished with value: 52.42810216488147 and parameters: {'model_name': 'KNNImputer', 'weights': 'distance', 'keep_empty_features': False}. Best is trial 2 with value: 52.42810216488147.
[I 2023-12-05 17:12:27,983] Trial 173 finished with value: 52.42810216488147 and parameters: {'model_name': 'KNNImputer', 'weights': 'distance', 'keep_empty_features': False}. Best is trial 2 with value: 52.42810216488147.
[I 2023-12-05 17:12:28,415] Trial 172 finished with value: 52.42810216488147 and parameters: {'model_name': 'KNNImputer', 'weights': 'distance', 'keep_empty_features': False}. Best is trial 2 with value: 52.42810216488147.
[I 2023-12-05 17:12:28,812] Trial 175 finished with value: 52.42810216488147 and parameters: {'model_name': 'KNNImputer', 'weights': 'distance', 'keep_empty_features': False}. Best is trial 2 with value: 52.42810216488147.
[I 2023-12-05 17:12:29,291] Trial 174 finished with value: 52.42810216488147 and parameters: {'model_name': 'KNNImputer', 'weights': 'distance', 'keep_empty_features': False}. Best is trial 2 with value: 52.42810216488147.
[I 2023-12-05 17:12:30,305] Trial 176 finished with value: 52.42810216488147 and parameters: {'model_name': 'KNNImputer', 'weights': 'distance', 'keep_empty_features': False}. Best is trial 2 with value: 52.42810216488147.
[I 2023-12-05 17:12:31,742] Trial 181 finished with value: 52.42810216488147 and parameters: {'model_name': 'KNNImputer', 'weights': 'distance', 'keep_empty_features': False}. Best is trial 2 with value: 52.42810216488147.
[I 2023-12-05 17:12:33,718] Trial 186 finished with value: 52.42810216488147 and parameters: {'model_name': 'KNNImputer', 'weights': 'distance', 'keep_empty_features': False}. Best is trial 2 with value: 52.42810216488147.
[I 2023-12-05 17:12:53,521] Trial 15 finished with value: 204.3154907559324 and parameters: {'model_name': 'RandomForestImputer', 'max_iter': 36, 'decreasing': True, 'min_samples_split': 1.0, 'min_samples_leaf': 0.30000000000000004, 'max_features': 0.1, 'warm_start': False}. Best is trial 2 with value: 52.42810216488147.
[I 2023-12-05 17:12:54,875] Trial 75 finished with value: 506.82450069260295 and parameters: {'model_name': 'GAIN', 'batch_size': 141, 'hint_rate': 0.22, 'alpha': 73, 'iterations': 374}. Best is trial 2 with value: 52.42810216488147.
[I 2023-12-05 17:12:55,270] Trial 189 finished with value: 172.2770360199993 and parameters: {'model_name': 'SimpleImputer', 'strategy': 'median'}. Best is trial 2 with value: 52.42810216488147.
[I 2023-12-05 17:12:57,071] Trial 190 finished with value: 52.42810216488147 and parameters: {'model_name': 'KNNImputer', 'weights': 'distance', 'keep_empty_features': False}. Best is trial 2 with value: 52.42810216488147.
[I 2023-12-05 17:12:58,810] Trial 191 finished with value: 52.42810216488147 and parameters: {'model_name': 'KNNImputer', 'weights': 'distance', 'keep_empty_features': False}. Best is trial 2 with value: 52.42810216488147.
[I 2023-12-05 17:13:00,694] Trial 1 finished with value: 345.6711159641264 and parameters: {'model_name': 'GAIN', 'batch_size': 22, 'hint_rate': 0.9, 'alpha': 80, 'iterations': 502}. Best is trial 2 with value: 52.42810216488147.
[I 2023-12-05 17:13:01,773] Trial 74 finished with value: inf and parameters: {'model_name': 'GAIN', 'batch_size': 684, 'hint_rate': 0.34, 'alpha': 75, 'iterations': 372}. Best is trial 2 with value: 52.42810216488147.
[I 2023-12-05 17:13:03,475] Trial 194 finished with value: 52.42810216488147 and parameters: {'model_name': 'KNNImputer', 'weights': 'distance', 'keep_empty_features': False}. Best is trial 2 with value: 52.42810216488147.
[I 2023-12-05 17:13:05,273] Trial 195 finished with value: 52.42810216488147 and parameters: {'model_name': 'KNNImputer', 'weights': 'distance', 'keep_empty_features': False}. Best is trial 2 with value: 52.42810216488147.
[I 2023-12-05 17:13:06,955] Trial 196 finished with value: 52.42810216488147 and parameters: {'model_name': 'KNNImputer', 'weights': 'distance', 'keep_empty_features': False}. Best is trial 2 with value: 52.42810216488147.
[I 2023-12-05 17:13:08,685] Trial 197 finished with value: 52.42810216488147 and parameters: {'model_name': 'KNNImputer', 'weights': 'distance', 'keep_empty_features': False}. Best is trial 2 with value: 52.42810216488147.
[I 2023-12-05 17:13:10,447] Trial 198 finished with value: 52.42810216488147 and parameters: {'model_name': 'KNNImputer', 'weights': 'distance', 'keep_empty_features': False}. Best is trial 2 with value: 52.42810216488147.
[I 2023-12-05 17:13:12,209] Trial 199 finished with value: 52.42810216488147 and parameters: {'model_name': 'KNNImputer', 'weights': 'distance', 'keep_empty_features': False}. Best is trial 2 with value: 52.42810216488147.
[I 2023-12-05 17:13:44,619] Trial 67 finished with value: 232.68383505354174 and parameters: {'model_name': 'RandomForestImputer', 'max_iter': 98, 'decreasing': False, 'min_samples_split': 0.1, 'min_samples_leaf': 0.5, 'max_features': 0.6, 'warm_start': False}. Best is trial 2 with value: 52.42810216488147.
[I 2023-12-05 17:15:49,717] Trial 73 finished with value: inf and parameters: {'model_name': 'GAIN', 'batch_size': 69, 'hint_rate': 0.41000000000000003, 'alpha': 100, 'iterations': 2542}. Best is trial 2 with value: 52.42810216488147.
[I 2023-12-05 17:16:12,231] Trial 61 finished with value: inf and parameters: {'model_name': 'GAIN', 'batch_size': 11, 'hint_rate': 0.21000000000000002, 'alpha': 29, 'iterations': 3150}. Best is trial 2 with value: 52.42810216488147.
[I 2023-12-05 17:17:48,785] Trial 56 finished with value: inf and parameters: {'model_name': 'GAIN', 'batch_size': 24, 'hint_rate': 0.67, 'alpha': 30, 'iterations': 4317}. Best is trial 2 with value: 52.42810216488147.
[I 2023-12-05 17:20:27,121] Trial 180 finished with value: inf and parameters: {'model_name': 'GAIN', 'batch_size': 15, 'hint_rate': 0.99, 'alpha': 1, 'iterations': 6830}. Best is trial 2 with value: 52.42810216488147.
[I 2023-12-05 17:21:09,172] Trial 9 finished with value: inf and parameters: {'model_name': 'GAIN', 'batch_size': 116, 'hint_rate': 0.16, 'alpha': 95, 'iterations': 6726}. Best is trial 2 with value: 52.42810216488147.
slurmstepd: error: *** STEP 434377.0 ON esplhpc-cp009 CANCELLED AT 2023-12-05T17:21:24 ***
slurmstepd: error: *** JOB 434377 ON esplhpc-cp009 CANCELLED AT 2023-12-05T17:21:24 ***
