/cm/local/apps/slurm/var/spool/job417818/slurm_script: line 19: /common/ketrong/minconda3/etc/profile.d/conda.sh: No such file or directory
/cm/local/apps/slurm/var/spool/job417818/slurm_script: line 22: $'\nconda create --name tpot2devenv -c conda-forge python=3.10\n': command not found
/cm/local/apps/slurm/var/spool/job417818/slurm_script: line 27: $'\npip install -r requirements.txt\n': command not found
RunStart
2023-11-28 16:02:53.649755: I tensorflow/core/util/port.cc:113] oneDNN custom operations are on. You may see slightly different numerical results due to floating-point round-off errors from different computation orders. To turn them off, set the environment variable `TF_ENABLE_ONEDNN_OPTS=0`.
2023-11-28 16:02:53.685611: E external/local_xla/xla/stream_executor/cuda/cuda_dnn.cc:9261] Unable to register cuDNN factory: Attempting to register factory for plugin cuDNN when one has already been registered
2023-11-28 16:02:53.685636: E external/local_xla/xla/stream_executor/cuda/cuda_fft.cc:607] Unable to register cuFFT factory: Attempting to register factory for plugin cuFFT when one has already been registered
2023-11-28 16:02:53.687003: E external/local_xla/xla/stream_executor/cuda/cuda_blas.cc:1515] Unable to register cuBLAS factory: Attempting to register factory for plugin cuBLAS when one has already been registered
2023-11-28 16:02:53.693050: I tensorflow/core/platform/cpu_feature_guard.cc:182] This TensorFlow binary is optimized to use available CPU instructions in performance-critical operations.
To enable the following instructions: AVX2 AVX512F AVX512_VNNI FMA, in other operations, rebuild TensorFlow with the appropriate compiler flags.
2023-11-28 16:02:55.696047: W tensorflow/compiler/tf2tensorrt/utils/py_utils.cc:38] TF-TRT Warning: Could not find TensorRT
WARNING:tensorflow:From /home/ketrong/miniconda3/envs/tpot2devenv/lib/python3.10/site-packages/tensorflow/python/compat/v2_compat.py:108: disable_resource_variables (from tensorflow.python.ops.variable_scope) is deprecated and will be removed in a future version.
Instructions for updating:
non-resource variables are not supported in the long term
start
working on 
tpot2_imputetest/Impute_Experiments/logs//small_run
loading data
tpot2_imputetest/Impute_Experiments/data/26_True.pkl
starting impute modules
running experiment 1/3 - Does large hyperparameter space improve reconstruction accuracy over simple
[I 2023-11-28 16:03:11,651] A new study created in memory with name: no-name-9ea31ea8-3409-410e-a7dc-cee7b2faeeac
[I 2023-11-28 16:03:11,664] Trial 1 finished with value: inf and parameters: {'model_name': 'GAIN', 'batch_size': 11, 'hint_rate': 0.0010607514252686302, 'alpha': 50, 'iterations': 6}. Best is trial 1 with value: inf.
[I 2023-11-28 16:03:11,879] Trial 3 finished with value: inf and parameters: {'model_name': 'GAIN', 'batch_size': 347, 'hint_rate': 0.005044216995026388, 'alpha': 38, 'iterations': 44}. Best is trial 1 with value: inf.
[I 2023-11-28 16:03:12,023] Trial 0 finished with value: inf and parameters: {'model_name': 'GAIN', 'batch_size': 101, 'hint_rate': 0.13784714502731182, 'alpha': 43, 'iterations': 32}. Best is trial 1 with value: inf.
[I 2023-11-28 16:03:12,168] Trial 2 finished with value: inf and parameters: {'model_name': 'GAIN', 'batch_size': 2, 'hint_rate': 0.014917858057242842, 'alpha': 51, 'iterations': 1}. Best is trial 1 with value: inf.
[I 2023-11-28 16:03:12,317] Trial 4 finished with value: inf and parameters: {'model_name': 'GAIN', 'batch_size': 841, 'hint_rate': 0.032936933261123666, 'alpha': 50, 'iterations': 6}. Best is trial 1 with value: inf.
[I 2023-11-28 16:03:12,321] Trial 5 finished with value: inf and parameters: {'model_name': 'GAIN', 'batch_size': 17, 'hint_rate': 0.15719507117459092, 'alpha': 27, 'iterations': 2}. Best is trial 1 with value: inf.
[I 2023-11-28 16:03:12,330] Trial 6 finished with value: inf and parameters: {'model_name': 'GAIN', 'batch_size': 425, 'hint_rate': 0.5067444517273669, 'alpha': 34, 'iterations': 120}. Best is trial 1 with value: inf.
[I 2023-11-28 16:03:12,334] Trial 7 finished with value: inf and parameters: {'model_name': 'GAIN', 'batch_size': 406, 'hint_rate': 0.5495492237390662, 'alpha': 58, 'iterations': 78729}. Best is trial 1 with value: inf.
[I 2023-11-28 16:03:12,334] Trial 9 finished with value: inf and parameters: {'model_name': 'GAIN', 'batch_size': 11, 'hint_rate': 0.1285168352740728, 'alpha': 44, 'iterations': 3}. Best is trial 1 with value: inf.
[I 2023-11-28 16:03:12,921] Trial 11 finished with value: inf and parameters: {'model_name': 'GAIN', 'batch_size': 63, 'hint_rate': 0.05605395517125645, 'alpha': 83, 'iterations': 3414}. Best is trial 1 with value: inf.
[I 2023-11-28 16:03:13,068] Trial 14 finished with value: inf and parameters: {'model_name': 'GAIN', 'batch_size': 33, 'hint_rate': 0.020040470090440778, 'alpha': 24, 'iterations': 90}. Best is trial 1 with value: inf.
[I 2023-11-28 16:03:13,069] Trial 10 finished with value: inf and parameters: {'model_name': 'GAIN', 'batch_size': 25, 'hint_rate': 0.012916598493325859, 'alpha': 60, 'iterations': 62071}. Best is trial 1 with value: inf.
[I 2023-11-28 16:03:13,075] Trial 8 finished with value: inf and parameters: {'model_name': 'GAIN', 'batch_size': 2, 'hint_rate': 0.03052258056607626, 'alpha': 51, 'iterations': 80}. Best is trial 1 with value: inf.
[I 2023-11-28 16:03:13,664] Trial 12 finished with value: inf and parameters: {'model_name': 'GAIN', 'batch_size': 16, 'hint_rate': 0.0010389162271249206, 'alpha': 4, 'iterations': 5}. Best is trial 1 with value: inf.
[I 2023-11-28 16:03:13,806] Trial 13 finished with value: inf and parameters: {'model_name': 'GAIN', 'batch_size': 37, 'hint_rate': 0.0062669064348938345, 'alpha': 46, 'iterations': 15284}. Best is trial 1 with value: inf.
[I 2023-11-28 16:03:14,139] Trial 16 finished with value: inf and parameters: {'model_name': 'GAIN', 'batch_size': 123, 'hint_rate': 0.0012593980405003651, 'alpha': 6, 'iterations': 15}. Best is trial 1 with value: inf.
[I 2023-11-28 16:03:14,297] Trial 17 finished with value: inf and parameters: {'model_name': 'GAIN', 'batch_size': 107, 'hint_rate': 0.0013737875093948384, 'alpha': 3, 'iterations': 11}. Best is trial 1 with value: inf.
[I 2023-11-28 16:03:14,441] Trial 15 finished with value: inf and parameters: {'model_name': 'GAIN', 'batch_size': 3, 'hint_rate': 0.0010293116274577266, 'alpha': 3, 'iterations': 19}. Best is trial 1 with value: inf.
[I 2023-11-28 16:03:14,614] Trial 19 finished with value: inf and parameters: {'model_name': 'GAIN', 'batch_size': 6, 'hint_rate': 0.002150807902450275, 'alpha': 11, 'iterations': 10}. Best is trial 1 with value: inf.
[I 2023-11-28 16:03:14,850] Trial 31 finished with value: inf and parameters: {'model_name': 'GAIN', 'batch_size': 96, 'hint_rate': 0.002853715119710548, 'alpha': 75, 'iterations': 27}. Best is trial 1 with value: inf.
[I 2023-11-28 16:03:15,037] Trial 20 finished with value: inf and parameters: {'model_name': 'GAIN', 'batch_size': 121, 'hint_rate': 0.0012269261615551973, 'alpha': 11, 'iterations': 11}. Best is trial 1 with value: inf.
[I 2023-11-28 16:03:15,202] Trial 23 finished with value: inf and parameters: {'model_name': 'GAIN', 'batch_size': 90, 'hint_rate': 0.0012406402497563537, 'alpha': 80, 'iterations': 17}. Best is trial 1 with value: inf.
[I 2023-11-28 16:03:15,368] Trial 33 finished with value: inf and parameters: {'model_name': 'GAIN', 'batch_size': 105, 'hint_rate': 0.0015163695084471536, 'alpha': 76, 'iterations': 28}. Best is trial 1 with value: inf.
[I 2023-11-28 16:03:15,528] Trial 35 finished with value: inf and parameters: {'model_name': 'GAIN', 'batch_size': 5, 'hint_rate': 0.0010892687282329351, 'alpha': 77, 'iterations': 16}. Best is trial 1 with value: inf.
[I 2023-11-28 16:03:15,681] Trial 18 finished with value: inf and parameters: {'model_name': 'GAIN', 'batch_size': 87, 'hint_rate': 0.002819025128686644, 'alpha': 2, 'iterations': 16}. Best is trial 1 with value: inf.
[I 2023-11-28 16:03:15,826] Trial 21 finished with value: inf and parameters: {'model_name': 'GAIN', 'batch_size': 117, 'hint_rate': 0.001007856424751809, 'alpha': 81, 'iterations': 16}. Best is trial 1 with value: inf.
[I 2023-11-28 16:03:16,001] Trial 37 finished with value: inf and parameters: {'model_name': 'GAIN', 'batch_size': 142, 'hint_rate': 0.0010415513260222636, 'alpha': 79, 'iterations': 21}. Best is trial 1 with value: inf.
[I 2023-11-28 16:03:16,170] Trial 29 finished with value: inf and parameters: {'model_name': 'GAIN', 'batch_size': 91, 'hint_rate': 0.0012056222899543714, 'alpha': 75, 'iterations': 17}. Best is trial 1 with value: inf.
[I 2023-11-28 16:03:16,317] Trial 32 finished with value: inf and parameters: {'model_name': 'GAIN', 'batch_size': 95, 'hint_rate': 0.0017847305298389405, 'alpha': 73, 'iterations': 17}. Best is trial 1 with value: inf.
[I 2023-11-28 16:03:16,494] Trial 36 finished with value: inf and parameters: {'model_name': 'GAIN', 'batch_size': 103, 'hint_rate': 0.0012138641560138317, 'alpha': 76, 'iterations': 15}. Best is trial 1 with value: inf.
[I 2023-11-28 16:03:16,678] Trial 25 finished with value: inf and parameters: {'model_name': 'GAIN', 'batch_size': 91, 'hint_rate': 0.0012464327880477286, 'alpha': 77, 'iterations': 23}. Best is trial 1 with value: inf.
[I 2023-11-28 16:03:16,834] Trial 27 finished with value: inf and parameters: {'model_name': 'GAIN', 'batch_size': 120, 'hint_rate': 0.0011219073439793067, 'alpha': 74, 'iterations': 17}. Best is trial 1 with value: inf.
[I 2023-11-28 16:03:16,837] Trial 34 finished with value: inf and parameters: {'model_name': 'GAIN', 'batch_size': 118, 'hint_rate': 0.0012654784480691042, 'alpha': 75, 'iterations': 19}. Best is trial 1 with value: inf.
[I 2023-11-28 16:03:17,174] Trial 43 finished with value: inf and parameters: {'model_name': 'GAIN', 'batch_size': 128, 'hint_rate': 0.0011228925611763232, 'alpha': 87, 'iterations': 17}. Best is trial 1 with value: inf.
[I 2023-11-28 16:03:17,345] Trial 30 finished with value: inf and parameters: {'model_name': 'GAIN', 'batch_size': 127, 'hint_rate': 0.0011143890578295824, 'alpha': 75, 'iterations': 12}. Best is trial 1 with value: inf.
[I 2023-11-28 16:03:17,488] Trial 24 finished with value: inf and parameters: {'model_name': 'GAIN', 'batch_size': 5, 'hint_rate': 0.0014779872075456665, 'alpha': 72, 'iterations': 19}. Best is trial 1 with value: inf.
[I 2023-11-28 16:03:17,665] Trial 59 finished with value: inf and parameters: {'model_name': 'GAIN', 'batch_size': 1, 'hint_rate': 0.00328707019415682, 'alpha': 75, 'iterations': 845}. Best is trial 1 with value: inf.
[I 2023-11-28 16:03:17,816] Trial 50 finished with value: inf and parameters: {'model_name': 'GAIN', 'batch_size': 6, 'hint_rate': 0.003500523398240819, 'alpha': 75, 'iterations': 456}. Best is trial 1 with value: inf.
[I 2023-11-28 16:03:17,998] Trial 22 finished with value: inf and parameters: {'model_name': 'GAIN', 'batch_size': 100, 'hint_rate': 0.0013832465649346829, 'alpha': 73, 'iterations': 11}. Best is trial 1 with value: inf.
[I 2023-11-28 16:03:18,142] Trial 44 finished with value: inf and parameters: {'model_name': 'GAIN', 'batch_size': 88, 'hint_rate': 0.001102062199656945, 'alpha': 77, 'iterations': 12}. Best is trial 1 with value: inf.
[I 2023-11-28 16:03:18,337] Trial 61 finished with value: inf and parameters: {'model_name': 'GAIN', 'batch_size': 1, 'hint_rate': 0.07803197624489012, 'alpha': 74, 'iterations': 476}. Best is trial 1 with value: inf.
[I 2023-11-28 16:03:18,494] Trial 39 finished with value: inf and parameters: {'model_name': 'GAIN', 'batch_size': 128, 'hint_rate': 0.0010074239893839937, 'alpha': 76, 'iterations': 18}. Best is trial 1 with value: inf.
[I 2023-11-28 16:03:18,692] Trial 57 finished with value: inf and parameters: {'model_name': 'GAIN', 'batch_size': 4, 'hint_rate': 0.003507911097086538, 'alpha': 73, 'iterations': 415}. Best is trial 1 with value: inf.
[I 2023-11-28 16:03:18,926] Trial 45 finished with value: inf and parameters: {'model_name': 'GAIN', 'batch_size': 92, 'hint_rate': 0.0010906212338744423, 'alpha': 75, 'iterations': 18}. Best is trial 1 with value: inf.
[I 2023-11-28 16:03:19,088] Trial 51 finished with value: inf and parameters: {'model_name': 'GAIN', 'batch_size': 6, 'hint_rate': 0.00272632064154557, 'alpha': 78, 'iterations': 584}. Best is trial 1 with value: inf.
[I 2023-11-28 16:03:19,240] Trial 38 finished with value: inf and parameters: {'model_name': 'GAIN', 'batch_size': 118, 'hint_rate': 0.001210419543240556, 'alpha': 77, 'iterations': 17}. Best is trial 1 with value: inf.
[I 2023-11-28 16:03:19,407] Trial 60 finished with value: inf and parameters: {'model_name': 'GAIN', 'batch_size': 1, 'hint_rate': 0.0030199178987341197, 'alpha': 81, 'iterations': 248}. Best is trial 1 with value: inf.
[I 2023-11-28 16:03:19,553] Trial 28 finished with value: inf and parameters: {'model_name': 'GAIN', 'batch_size': 6, 'hint_rate': 0.0020457567737669617, 'alpha': 75, 'iterations': 12}. Best is trial 1 with value: inf.
[I 2023-11-28 16:03:19,808] Trial 26 finished with value: inf and parameters: {'model_name': 'GAIN', 'batch_size': 98, 'hint_rate': 0.001739117394977675, 'alpha': 83, 'iterations': 856}. Best is trial 1 with value: inf.
[I 2023-11-28 16:03:19,990] Trial 62 finished with value: inf and parameters: {'model_name': 'GAIN', 'batch_size': 1, 'hint_rate': 0.005103432936720054, 'alpha': 79, 'iterations': 323}. Best is trial 1 with value: inf.
[I 2023-11-28 16:03:20,142] Trial 52 finished with value: inf and parameters: {'model_name': 'GAIN', 'batch_size': 1, 'hint_rate': 0.003926785578622188, 'alpha': 72, 'iterations': 527}. Best is trial 1 with value: inf.
[I 2023-11-28 16:03:20,327] Trial 55 finished with value: inf and parameters: {'model_name': 'GAIN', 'batch_size': 1, 'hint_rate': 0.002842430233517807, 'alpha': 74, 'iterations': 601}. Best is trial 1 with value: inf.
[I 2023-11-28 16:03:20,503] Trial 64 finished with value: inf and parameters: {'model_name': 'GAIN', 'batch_size': 6, 'hint_rate': 0.0030339278467476044, 'alpha': 76, 'iterations': 460}. Best is trial 1 with value: inf.
[I 2023-11-28 16:03:20,663] Trial 41 finished with value: inf and parameters: {'model_name': 'GAIN', 'batch_size': 86, 'hint_rate': 0.001054993969050579, 'alpha': 72, 'iterations': 17}. Best is trial 1 with value: inf.
[I 2023-11-28 16:03:20,827] Trial 42 finished with value: inf and parameters: {'model_name': 'GAIN', 'batch_size': 140, 'hint_rate': 0.0021398038323178024, 'alpha': 75, 'iterations': 16}. Best is trial 1 with value: inf.
[I 2023-11-28 16:03:20,989] Trial 47 finished with value: inf and parameters: {'model_name': 'GAIN', 'batch_size': 6, 'hint_rate': 0.002514627439607543, 'alpha': 73, 'iterations': 516}. Best is trial 1 with value: inf.
[I 2023-11-28 16:03:21,165] Trial 40 finished with value: inf and parameters: {'model_name': 'GAIN', 'batch_size': 97, 'hint_rate': 0.0012373154538502986, 'alpha': 75, 'iterations': 16}. Best is trial 1 with value: inf.
[I 2023-11-28 16:03:21,336] Trial 53 finished with value: inf and parameters: {'model_name': 'GAIN', 'batch_size': 1, 'hint_rate': 0.005910271399128587, 'alpha': 83, 'iterations': 1}. Best is trial 1 with value: inf.
[I 2023-11-28 16:03:21,511] Trial 46 finished with value: inf and parameters: {'model_name': 'GAIN', 'batch_size': 6, 'hint_rate': 0.0030918825938707666, 'alpha': 71, 'iterations': 788}. Best is trial 1 with value: inf.
[I 2023-11-28 16:03:21,677] Trial 70 finished with value: inf and parameters: {'model_name': 'GAIN', 'batch_size': 1, 'hint_rate': 0.006348995141215793, 'alpha': 91, 'iterations': 1}. Best is trial 1 with value: inf.
[I 2023-11-28 16:03:21,847] Trial 49 finished with value: inf and parameters: {'model_name': 'GAIN', 'batch_size': 5, 'hint_rate': 0.0038505014708925755, 'alpha': 69, 'iterations': 501}. Best is trial 1 with value: inf.
[I 2023-11-28 16:03:22,006] Trial 72 finished with value: inf and parameters: {'model_name': 'GAIN', 'batch_size': 1, 'hint_rate': 0.007623474839853649, 'alpha': 98, 'iterations': 1}. Best is trial 1 with value: inf.
[I 2023-11-28 16:03:22,168] Trial 63 finished with value: inf and parameters: {'model_name': 'GAIN', 'batch_size': 6, 'hint_rate': 0.00335446359471026, 'alpha': 74, 'iterations': 634}. Best is trial 1 with value: inf.
[I 2023-11-28 16:03:22,357] Trial 58 finished with value: inf and parameters: {'model_name': 'GAIN', 'batch_size': 1, 'hint_rate': 0.0039472475702605914, 'alpha': 74, 'iterations': 613}. Best is trial 1 with value: inf.
[I 2023-11-28 16:03:22,520] Trial 68 finished with value: inf and parameters: {'model_name': 'GAIN', 'batch_size': 1, 'hint_rate': 0.006534593170721615, 'alpha': 67, 'iterations': 1}. Best is trial 1 with value: inf.
[I 2023-11-28 16:03:22,747] Trial 77 finished with value: inf and parameters: {'model_name': 'GAIN', 'batch_size': 965, 'hint_rate': 0.006221149461975963, 'alpha': 36, 'iterations': 1}. Best is trial 1 with value: inf.
[I 2023-11-28 16:03:22,911] Trial 65 finished with value: inf and parameters: {'model_name': 'GAIN', 'batch_size': 1, 'hint_rate': 0.005593004149301292, 'alpha': 72, 'iterations': 543}. Best is trial 1 with value: inf.
[I 2023-11-28 16:03:23,065] Trial 66 finished with value: inf and parameters: {'model_name': 'GAIN', 'batch_size': 1, 'hint_rate': 0.005636847744781665, 'alpha': 98, 'iterations': 1}. Best is trial 1 with value: inf.
[I 2023-11-28 16:03:23,278] Trial 54 finished with value: inf and parameters: {'model_name': 'GAIN', 'batch_size': 1, 'hint_rate': 0.004340432192104346, 'alpha': 73, 'iterations': 449}. Best is trial 1 with value: inf.
[I 2023-11-28 16:03:23,435] Trial 76 finished with value: inf and parameters: {'model_name': 'GAIN', 'batch_size': 879, 'hint_rate': 0.0071595648710815595, 'alpha': 37, 'iterations': 1}. Best is trial 1 with value: inf.
[I 2023-11-28 16:03:23,604] Trial 56 finished with value: inf and parameters: {'model_name': 'GAIN', 'batch_size': 1, 'hint_rate': 0.0025462907824151063, 'alpha': 76, 'iterations': 398}. Best is trial 1 with value: inf.
[I 2023-11-28 16:03:23,837] Trial 87 finished with value: inf and parameters: {'model_name': 'GAIN', 'batch_size': 821, 'hint_rate': 0.010851723728043071, 'alpha': 36, 'iterations': 1}. Best is trial 1 with value: inf.
[I 2023-11-28 16:03:24,002] Trial 80 finished with value: inf and parameters: {'model_name': 'GAIN', 'batch_size': 289, 'hint_rate': 0.008342054532493638, 'alpha': 36, 'iterations': 1}. Best is trial 1 with value: inf.
[I 2023-11-28 16:03:24,213] Trial 69 finished with value: inf and parameters: {'model_name': 'GAIN', 'batch_size': 1, 'hint_rate': 0.009713572532925535, 'alpha': 97, 'iterations': 1}. Best is trial 1 with value: inf.
[I 2023-11-28 16:03:24,368] Trial 71 finished with value: inf and parameters: {'model_name': 'GAIN', 'batch_size': 1, 'hint_rate': 0.004995261602034033, 'alpha': 91, 'iterations': 1}. Best is trial 1 with value: inf.
[I 2023-11-28 16:03:24,531] Trial 75 finished with value: inf and parameters: {'model_name': 'GAIN', 'batch_size': 1, 'hint_rate': 0.005202441094468114, 'alpha': 34, 'iterations': 1}. Best is trial 1 with value: inf.
[I 2023-11-28 16:03:24,688] Trial 84 finished with value: inf and parameters: {'model_name': 'GAIN', 'batch_size': 960, 'hint_rate': 0.007293112603437752, 'alpha': 37, 'iterations': 1}. Best is trial 1 with value: inf.
[I 2023-11-28 16:03:24,847] Trial 67 finished with value: inf and parameters: {'model_name': 'GAIN', 'batch_size': 1, 'hint_rate': 0.00896228285208677, 'alpha': 67, 'iterations': 1}. Best is trial 1 with value: inf.
[I 2023-11-28 16:03:25,003] Trial 93 finished with value: inf and parameters: {'model_name': 'GAIN', 'batch_size': 777, 'hint_rate': 0.009004552616619192, 'alpha': 38, 'iterations': 1}. Best is trial 1 with value: inf.
[I 2023-11-28 16:03:25,174] Trial 73 finished with value: inf and parameters: {'model_name': 'GAIN', 'batch_size': 1, 'hint_rate': 0.006873751408892776, 'alpha': 37, 'iterations': 1}. Best is trial 1 with value: inf.
[I 2023-11-28 16:03:25,330] Trial 92 finished with value: inf and parameters: {'model_name': 'GAIN', 'batch_size': 335, 'hint_rate': 0.009948788585331542, 'alpha': 36, 'iterations': 1}. Best is trial 1 with value: inf.
[I 2023-11-28 16:03:25,502] Trial 78 finished with value: inf and parameters: {'model_name': 'GAIN', 'batch_size': 734, 'hint_rate': 0.007584493192912831, 'alpha': 35, 'iterations': 1}. Best is trial 1 with value: inf.
[I 2023-11-28 16:03:25,662] Trial 48 finished with value: inf and parameters: {'model_name': 'GAIN', 'batch_size': 5, 'hint_rate': 0.003491748171097088, 'alpha': 75, 'iterations': 320}. Best is trial 1 with value: inf.
[I 2023-11-28 16:03:25,863] Trial 81 finished with value: inf and parameters: {'model_name': 'GAIN', 'batch_size': 603, 'hint_rate': 0.009992899301556786, 'alpha': 33, 'iterations': 1}. Best is trial 1 with value: inf.
[I 2023-11-28 16:03:26,049] Trial 85 finished with value: inf and parameters: {'model_name': 'GAIN', 'batch_size': 830, 'hint_rate': 0.012125251107849157, 'alpha': 37, 'iterations': 1}. Best is trial 1 with value: inf.
[I 2023-11-28 16:03:26,242] Trial 90 finished with value: inf and parameters: {'model_name': 'GAIN', 'batch_size': 830, 'hint_rate': 0.010888726616510412, 'alpha': 37, 'iterations': 1}. Best is trial 1 with value: inf.
[I 2023-11-28 16:03:26,244] Trial 74 finished with value: inf and parameters: {'model_name': 'GAIN', 'batch_size': 293, 'hint_rate': 0.005357723866329149, 'alpha': 36, 'iterations': 1}. Best is trial 1 with value: inf.
[I 2023-11-28 16:03:26,616] Trial 100 finished with value: inf and parameters: {'model_name': 'GAIN', 'batch_size': 705, 'hint_rate': 0.253476740109857, 'alpha': 37, 'iterations': 4}. Best is trial 1 with value: inf.
[I 2023-11-28 16:03:26,773] Trial 97 finished with value: inf and parameters: {'model_name': 'GAIN', 'batch_size': 840, 'hint_rate': 0.24223301231474004, 'alpha': 35, 'iterations': 3}. Best is trial 1 with value: inf.
[I 2023-11-28 16:03:26,935] Trial 79 finished with value: inf and parameters: {'model_name': 'GAIN', 'batch_size': 868, 'hint_rate': 0.007759377209940835, 'alpha': 35, 'iterations': 1}. Best is trial 1 with value: inf.
[I 2023-11-28 16:03:27,115] Trial 89 finished with value: inf and parameters: {'model_name': 'GAIN', 'batch_size': 689, 'hint_rate': 0.011512394345477303, 'alpha': 35, 'iterations': 1}. Best is trial 1 with value: inf.
[I 2023-11-28 16:03:27,280] Trial 102 finished with value: inf and parameters: {'model_name': 'GAIN', 'batch_size': 791, 'hint_rate': 0.26529848326387806, 'alpha': 36, 'iterations': 5}. Best is trial 1 with value: inf.
[I 2023-11-28 16:03:27,477] Trial 111 finished with value: inf and parameters: {'model_name': 'GAIN', 'batch_size': 18, 'hint_rate': 0.2830824353500413, 'alpha': 51, 'iterations': 5}. Best is trial 1 with value: inf.
[I 2023-11-28 16:03:27,628] Trial 101 finished with value: inf and parameters: {'model_name': 'GAIN', 'batch_size': 680, 'hint_rate': 0.29957786541068016, 'alpha': 37, 'iterations': 4}. Best is trial 1 with value: inf.
[I 2023-11-28 16:03:27,806] Trial 82 finished with value: inf and parameters: {'model_name': 'GAIN', 'batch_size': 867, 'hint_rate': 0.011007238622643056, 'alpha': 36, 'iterations': 1}. Best is trial 1 with value: inf.
[I 2023-11-28 16:03:27,956] Trial 106 finished with value: inf and parameters: {'model_name': 'GAIN', 'batch_size': 584, 'hint_rate': 0.2915078109040211, 'alpha': 36, 'iterations': 4}. Best is trial 1 with value: inf.
[I 2023-11-28 16:03:28,104] Trial 88 finished with value: inf and parameters: {'model_name': 'GAIN', 'batch_size': 892, 'hint_rate': 0.012652718211212907, 'alpha': 36, 'iterations': 1}. Best is trial 1 with value: inf.
[I 2023-11-28 16:03:28,417] Trial 95 finished with value: inf and parameters: {'model_name': 'GAIN', 'batch_size': 950, 'hint_rate': 0.01087015576747963, 'alpha': 37, 'iterations': 4}. Best is trial 1 with value: inf.
[I 2023-11-28 16:03:28,593] Trial 114 finished with value: inf and parameters: {'model_name': 'GAIN', 'batch_size': 467, 'hint_rate': 0.4574244717824238, 'alpha': 53, 'iterations': 5}. Best is trial 1 with value: inf.
[I 2023-11-28 16:03:28,774] Trial 105 finished with value: inf and parameters: {'model_name': 'GAIN', 'batch_size': 514, 'hint_rate': 0.2815798932370659, 'alpha': 36, 'iterations': 4}. Best is trial 1 with value: inf.
[I 2023-11-28 16:03:28,946] Trial 94 finished with value: inf and parameters: {'model_name': 'GAIN', 'batch_size': 623, 'hint_rate': 0.00972306263217621, 'alpha': 36, 'iterations': 1}. Best is trial 1 with value: inf.
[I 2023-11-28 16:03:29,133] Trial 104 finished with value: inf and parameters: {'model_name': 'GAIN', 'batch_size': 677, 'hint_rate': 0.33661148808046865, 'alpha': 39, 'iterations': 4}. Best is trial 1 with value: inf.
[I 2023-11-28 16:03:29,303] Trial 86 finished with value: inf and parameters: {'model_name': 'GAIN', 'batch_size': 957, 'hint_rate': 0.010985502055728253, 'alpha': 36, 'iterations': 1}. Best is trial 1 with value: inf.
[I 2023-11-28 16:03:29,486] Trial 91 finished with value: inf and parameters: {'model_name': 'GAIN', 'batch_size': 481, 'hint_rate': 0.010211109583722544, 'alpha': 38, 'iterations': 1}. Best is trial 1 with value: inf.
[I 2023-11-28 16:03:29,664] Trial 103 finished with value: inf and parameters: {'model_name': 'GAIN', 'batch_size': 963, 'hint_rate': 0.3606362679220099, 'alpha': 35, 'iterations': 4}. Best is trial 1 with value: inf.
[I 2023-11-28 16:03:29,828] Trial 99 finished with value: inf and parameters: {'model_name': 'GAIN', 'batch_size': 693, 'hint_rate': 0.22158525239596313, 'alpha': 38, 'iterations': 5}. Best is trial 1 with value: inf.
[I 2023-11-28 16:03:30,008] Trial 83 finished with value: inf and parameters: {'model_name': 'GAIN', 'batch_size': 825, 'hint_rate': 0.009932311941723225, 'alpha': 39, 'iterations': 1}. Best is trial 1 with value: inf.
[I 2023-11-28 16:03:30,193] Trial 118 finished with value: inf and parameters: {'model_name': 'GAIN', 'batch_size': 17, 'hint_rate': 0.40924906926152516, 'alpha': 54, 'iterations': 5}. Best is trial 1 with value: inf.
[I 2023-11-28 16:03:30,344] Trial 96 finished with value: inf and parameters: {'model_name': 'GAIN', 'batch_size': 753, 'hint_rate': 0.2030776167360641, 'alpha': 36, 'iterations': 4}. Best is trial 1 with value: inf.
[I 2023-11-28 16:03:30,506] Trial 117 finished with value: inf and parameters: {'model_name': 'GAIN', 'batch_size': 16, 'hint_rate': 0.31898319370474265, 'alpha': 53, 'iterations': 5}. Best is trial 1 with value: inf.
[I 2023-11-28 16:03:30,685] Trial 112 finished with value: inf and parameters: {'model_name': 'GAIN', 'batch_size': 475, 'hint_rate': 0.45136276237556305, 'alpha': 51, 'iterations': 5}. Best is trial 1 with value: inf.
[I 2023-11-28 16:03:30,881] Trial 115 finished with value: inf and parameters: {'model_name': 'GAIN', 'batch_size': 481, 'hint_rate': 0.45722246543750655, 'alpha': 54, 'iterations': 6}. Best is trial 1 with value: inf.
[I 2023-11-28 16:03:31,069] Trial 122 finished with value: inf and parameters: {'model_name': 'GAIN', 'batch_size': 27, 'hint_rate': 0.36215510198995987, 'alpha': 52, 'iterations': 68}. Best is trial 1 with value: inf.
[I 2023-11-28 16:03:31,259] Trial 107 finished with value: inf and parameters: {'model_name': 'GAIN', 'batch_size': 522, 'hint_rate': 0.21430713898815898, 'alpha': 36, 'iterations': 4}. Best is trial 1 with value: inf.
[I 2023-11-28 16:03:31,412] Trial 128 finished with value: inf and parameters: {'model_name': 'GAIN', 'batch_size': 38, 'hint_rate': 0.020321244513743623, 'alpha': 53, 'iterations': 70}. Best is trial 1 with value: inf.
[I 2023-11-28 16:03:31,594] Trial 109 finished with value: inf and parameters: {'model_name': 'GAIN', 'batch_size': 653, 'hint_rate': 0.3605932772747796, 'alpha': 37, 'iterations': 4}. Best is trial 1 with value: inf.
[I 2023-11-28 16:03:31,749] Trial 108 finished with value: inf and parameters: {'model_name': 'GAIN', 'batch_size': 729, 'hint_rate': 0.4238189877239586, 'alpha': 35, 'iterations': 4}. Best is trial 1 with value: inf.
[I 2023-11-28 16:03:31,910] Trial 120 finished with value: inf and parameters: {'model_name': 'GAIN', 'batch_size': 20, 'hint_rate': 0.5282391461461335, 'alpha': 54, 'iterations': 70}. Best is trial 1 with value: inf.
[I 2023-11-28 16:03:32,094] Trial 123 finished with value: inf and parameters: {'model_name': 'GAIN', 'batch_size': 20, 'hint_rate': 0.41661564812554125, 'alpha': 53, 'iterations': 85}. Best is trial 1 with value: inf.
[I 2023-11-28 16:03:32,251] Trial 121 finished with value: inf and parameters: {'model_name': 'GAIN', 'batch_size': 10, 'hint_rate': 0.45236704179021436, 'alpha': 52, 'iterations': 89}. Best is trial 1 with value: inf.
[I 2023-11-28 16:03:32,411] Trial 129 finished with value: inf and parameters: {'model_name': 'GAIN', 'batch_size': 14, 'hint_rate': 0.02822164586992891, 'alpha': 53, 'iterations': 58}. Best is trial 1 with value: inf.
[I 2023-11-28 16:03:32,580] Trial 98 finished with value: inf and parameters: {'model_name': 'GAIN', 'batch_size': 737, 'hint_rate': 0.027130985368387314, 'alpha': 36, 'iterations': 5}. Best is trial 1 with value: inf.
[I 2023-11-28 16:03:32,861] Trial 132 finished with value: inf and parameters: {'model_name': 'GAIN', 'batch_size': 13, 'hint_rate': 0.015099875058831622, 'alpha': 50, 'iterations': 40}. Best is trial 1 with value: inf.
[I 2023-11-28 16:03:33,073] Trial 134 finished with value: inf and parameters: {'model_name': 'GAIN', 'batch_size': 11, 'hint_rate': 0.018970505024768762, 'alpha': 51, 'iterations': 99}. Best is trial 1 with value: inf.
[I 2023-11-28 16:03:33,252] Trial 126 finished with value: inf and parameters: {'model_name': 'GAIN', 'batch_size': 18, 'hint_rate': 0.35818515040176446, 'alpha': 54, 'iterations': 56}. Best is trial 1 with value: inf.
[I 2023-11-28 16:03:33,421] Trial 119 finished with value: inf and parameters: {'model_name': 'GAIN', 'batch_size': 17, 'hint_rate': 0.4692635112943406, 'alpha': 54, 'iterations': 86}. Best is trial 1 with value: inf.
[I 2023-11-28 16:03:33,615] Trial 125 finished with value: inf and parameters: {'model_name': 'GAIN', 'batch_size': 19, 'hint_rate': 0.4285542732549281, 'alpha': 53, 'iterations': 72}. Best is trial 1 with value: inf.
[I 2023-11-28 16:03:33,781] Trial 144 finished with value: inf and parameters: {'model_name': 'GAIN', 'batch_size': 10, 'hint_rate': 0.026418851360631677, 'alpha': 57, 'iterations': 98349}. Best is trial 1 with value: inf.
[I 2023-11-28 16:03:33,987] Trial 110 finished with value: inf and parameters: {'model_name': 'GAIN', 'batch_size': 17, 'hint_rate': 0.21034725299387091, 'alpha': 52, 'iterations': 5}. Best is trial 1 with value: inf.
[I 2023-11-28 16:03:34,187] Trial 131 finished with value: inf and parameters: {'model_name': 'GAIN', 'batch_size': 12, 'hint_rate': 0.021949750640580263, 'alpha': 51, 'iterations': 43}. Best is trial 1 with value: inf.
[I 2023-11-28 16:03:34,405] Trial 116 finished with value: inf and parameters: {'model_name': 'GAIN', 'batch_size': 16, 'hint_rate': 0.4524879147469529, 'alpha': 54, 'iterations': 5}. Best is trial 1 with value: inf.
[I 2023-11-28 16:03:34,696] Trial 133 finished with value: inf and parameters: {'model_name': 'GAIN', 'batch_size': 13, 'hint_rate': 0.016539538614353012, 'alpha': 54, 'iterations': 66}. Best is trial 1 with value: inf.
[I 2023-11-28 16:03:34,864] Trial 138 finished with value: inf and parameters: {'model_name': 'GAIN', 'batch_size': 13, 'hint_rate': 0.015923476679065175, 'alpha': 45, 'iterations': 65}. Best is trial 1 with value: inf.
[I 2023-11-28 16:03:35,021] Trial 135 finished with value: inf and parameters: {'model_name': 'GAIN', 'batch_size': 8, 'hint_rate': 0.016874389081498943, 'alpha': 51, 'iterations': 57}. Best is trial 1 with value: inf.
[I 2023-11-28 16:03:35,184] Trial 124 finished with value: inf and parameters: {'model_name': 'GAIN', 'batch_size': 39, 'hint_rate': 0.38184946979540657, 'alpha': 53, 'iterations': 63}. Best is trial 1 with value: inf.
[I 2023-11-28 16:03:35,357] Trial 136 finished with value: inf and parameters: {'model_name': 'GAIN', 'batch_size': 10, 'hint_rate': 0.02034511528747843, 'alpha': 52, 'iterations': 80}. Best is trial 1 with value: inf.
[I 2023-11-28 16:03:35,557] Trial 139 finished with value: inf and parameters: {'model_name': 'GAIN', 'batch_size': 31, 'hint_rate': 0.023800201231148656, 'alpha': 57, 'iterations': 69}. Best is trial 1 with value: inf.
[I 2023-11-28 16:03:35,727] Trial 143 finished with value: inf and parameters: {'model_name': 'GAIN', 'batch_size': 13, 'hint_rate': 0.02504021984072706, 'alpha': 57, 'iterations': 75}. Best is trial 1 with value: inf.
[I 2023-11-28 16:03:35,911] Trial 113 finished with value: inf and parameters: {'model_name': 'GAIN', 'batch_size': 487, 'hint_rate': 0.3768159089660187, 'alpha': 54, 'iterations': 4}. Best is trial 1 with value: inf.
[I 2023-11-28 16:03:36,134] Trial 147 finished with value: inf and parameters: {'model_name': 'GAIN', 'batch_size': 31, 'hint_rate': 0.030424185203691275, 'alpha': 59, 'iterations': 56}. Best is trial 1 with value: inf.
[I 2023-11-28 16:03:36,287] Trial 145 finished with value: inf and parameters: {'model_name': 'GAIN', 'batch_size': 12, 'hint_rate': 0.02512373951176043, 'alpha': 57, 'iterations': 74436}. Best is trial 1 with value: inf.
[I 2023-11-28 16:03:36,444] Trial 160 finished with value: inf and parameters: {'model_name': 'GAIN', 'batch_size': 2, 'hint_rate': 0.04201056775287578, 'alpha': 48, 'iterations': 79092}. Best is trial 1 with value: inf.
[I 2023-11-28 16:03:36,600] Trial 154 finished with value: inf and parameters: {'model_name': 'GAIN', 'batch_size': 30, 'hint_rate': 0.029316570409163488, 'alpha': 46, 'iterations': 96665}. Best is trial 1 with value: inf.
[I 2023-11-28 16:03:36,782] Trial 140 finished with value: inf and parameters: {'model_name': 'GAIN', 'batch_size': 11, 'hint_rate': 0.0283037418753125, 'alpha': 57, 'iterations': 64}. Best is trial 1 with value: inf.
[I 2023-11-28 16:03:36,957] Trial 151 finished with value: inf and parameters: {'model_name': 'GAIN', 'batch_size': 12, 'hint_rate': 0.02942949496524536, 'alpha': 46, 'iterations': 84237}. Best is trial 1 with value: inf.
[I 2023-11-28 16:03:37,147] Trial 130 finished with value: inf and parameters: {'model_name': 'GAIN', 'batch_size': 16, 'hint_rate': 0.016335812585471766, 'alpha': 53, 'iterations': 76}. Best is trial 1 with value: inf.
[I 2023-11-28 16:03:37,331] Trial 153 finished with value: inf and parameters: {'model_name': 'GAIN', 'batch_size': 11, 'hint_rate': 0.0242509206788368, 'alpha': 45, 'iterations': 77803}. Best is trial 1 with value: inf.
[I 2023-11-28 16:03:37,649] Trial 157 finished with value: inf and parameters: {'model_name': 'GAIN', 'batch_size': 13, 'hint_rate': 0.030073921793525003, 'alpha': 48, 'iterations': 86654}. Best is trial 1 with value: inf.
[I 2023-11-28 16:03:37,821] Trial 127 finished with value: inf and parameters: {'model_name': 'GAIN', 'batch_size': 18, 'hint_rate': 0.3084462675657513, 'alpha': 54, 'iterations': 59}. Best is trial 1 with value: inf.
[I 2023-11-28 16:03:38,058] Trial 168 finished with value: inf and parameters: {'model_name': 'GAIN', 'batch_size': 2, 'hint_rate': 0.05353818212048975, 'alpha': 46, 'iterations': 69934}. Best is trial 1 with value: inf.
[I 2023-11-28 16:03:38,303] Trial 150 finished with value: inf and parameters: {'model_name': 'GAIN', 'batch_size': 12, 'hint_rate': 0.03726726383061309, 'alpha': 45, 'iterations': 74009}. Best is trial 1 with value: inf.
[I 2023-11-28 16:03:38,481] Trial 146 finished with value: inf and parameters: {'model_name': 'GAIN', 'batch_size': 12, 'hint_rate': 0.022225035129786797, 'alpha': 57, 'iterations': 67}. Best is trial 1 with value: inf.
[I 2023-11-28 16:03:38,482] Trial 165 finished with value: inf and parameters: {'model_name': 'GAIN', 'batch_size': 2, 'hint_rate': 0.048413132481589675, 'alpha': 59, 'iterations': 75041}. Best is trial 1 with value: inf.
[I 2023-11-28 16:03:38,823] Trial 152 finished with value: inf and parameters: {'model_name': 'GAIN', 'batch_size': 11, 'hint_rate': 0.029913465808741237, 'alpha': 45, 'iterations': 79630}. Best is trial 1 with value: inf.
[I 2023-11-28 16:03:39,088] Trial 148 finished with value: inf and parameters: {'model_name': 'GAIN', 'batch_size': 32, 'hint_rate': 0.02568335858234756, 'alpha': 45, 'iterations': 78}. Best is trial 1 with value: inf.
[I 2023-11-28 16:03:39,262] Trial 163 finished with value: inf and parameters: {'model_name': 'GAIN', 'batch_size': 54, 'hint_rate': 0.04186537119150168, 'alpha': 59, 'iterations': 76904}. Best is trial 1 with value: inf.
[I 2023-11-28 16:03:39,467] Trial 162 finished with value: inf and parameters: {'model_name': 'GAIN', 'batch_size': 2, 'hint_rate': 0.046443235630269274, 'alpha': 60, 'iterations': 52249}. Best is trial 1 with value: inf.
[I 2023-11-28 16:03:39,641] Trial 155 finished with value: inf and parameters: {'model_name': 'GAIN', 'batch_size': 12, 'hint_rate': 0.02501938610510428, 'alpha': 46, 'iterations': 60727}. Best is trial 1 with value: inf.
[I 2023-11-28 16:03:39,811] Trial 161 finished with value: inf and parameters: {'model_name': 'GAIN', 'batch_size': 42, 'hint_rate': 0.04779187770482896, 'alpha': 47, 'iterations': 43812}. Best is trial 1 with value: inf.
[I 2023-11-28 16:03:39,981] Trial 141 finished with value: inf and parameters: {'model_name': 'GAIN', 'batch_size': 33, 'hint_rate': 0.022732486683047576, 'alpha': 57, 'iterations': 72}. Best is trial 1 with value: inf.
[I 2023-11-28 16:03:40,150] Trial 137 finished with value: inf and parameters: {'model_name': 'GAIN', 'batch_size': 11, 'hint_rate': 0.020911189688669025, 'alpha': 52, 'iterations': 40}. Best is trial 1 with value: inf.
[I 2023-11-28 16:03:40,331] Trial 158 finished with value: inf and parameters: {'model_name': 'GAIN', 'batch_size': 11, 'hint_rate': 0.03748390021479045, 'alpha': 45, 'iterations': 93917}. Best is trial 1 with value: inf.
[I 2023-11-28 16:03:40,565] Trial 170 finished with value: inf and parameters: {'model_name': 'GAIN', 'batch_size': 2, 'hint_rate': 0.04456099790188288, 'alpha': 44, 'iterations': 141}. Best is trial 1 with value: inf.
[I 2023-11-28 16:03:40,743] Trial 176 finished with value: inf and parameters: {'model_name': 'GAIN', 'batch_size': 27, 'hint_rate': 0.03946474669661245, 'alpha': 45, 'iterations': 2}. Best is trial 1 with value: inf.
[I 2023-11-28 16:03:40,932] Trial 164 finished with value: inf and parameters: {'model_name': 'GAIN', 'batch_size': 40, 'hint_rate': 0.0016637034573042382, 'alpha': 59, 'iterations': 56998}. Best is trial 1 with value: inf.
[I 2023-11-28 16:03:41,099] Trial 159 finished with value: inf and parameters: {'model_name': 'GAIN', 'batch_size': 12, 'hint_rate': 0.04553880856050632, 'alpha': 47, 'iterations': 44207}. Best is trial 1 with value: inf.
[I 2023-11-28 16:03:41,305] Trial 167 finished with value: inf and parameters: {'model_name': 'GAIN', 'batch_size': 26, 'hint_rate': 0.04278734525298739, 'alpha': 47, 'iterations': 10434}. Best is trial 1 with value: inf.
[I 2023-11-28 16:03:41,641] Trial 156 finished with value: inf and parameters: {'model_name': 'GAIN', 'batch_size': 12, 'hint_rate': 0.024997690719230813, 'alpha': 47, 'iterations': 54381}. Best is trial 1 with value: inf.
[I 2023-11-28 16:03:41,914] Trial 172 finished with value: inf and parameters: {'model_name': 'GAIN', 'batch_size': 43, 'hint_rate': 0.0468089858141188, 'alpha': 42, 'iterations': 127}. Best is trial 1 with value: inf.
[I 2023-11-28 16:03:42,184] Trial 182 finished with value: inf and parameters: {'model_name': 'GAIN', 'batch_size': 56, 'hint_rate': 0.001490843723229378, 'alpha': 19, 'iterations': 134}. Best is trial 1 with value: inf.
[I 2023-11-28 16:03:42,442] Trial 185 finished with value: inf and parameters: {'model_name': 'GAIN', 'batch_size': 49, 'hint_rate': 0.0014939951123057733, 'alpha': 19, 'iterations': 2}. Best is trial 1 with value: inf.
[I 2023-11-28 16:03:42,696] Trial 169 finished with value: inf and parameters: {'model_name': 'GAIN', 'batch_size': 41, 'hint_rate': 0.051685803442091664, 'alpha': 43, 'iterations': 2}. Best is trial 1 with value: inf.
[I 2023-11-28 16:03:42,913] Trial 179 finished with value: inf and parameters: {'model_name': 'GAIN', 'batch_size': 2, 'hint_rate': 0.03542863626309485, 'alpha': 19, 'iterations': 2}. Best is trial 1 with value: inf.
[I 2023-11-28 16:03:43,094] Trial 149 finished with value: inf and parameters: {'model_name': 'GAIN', 'batch_size': 11, 'hint_rate': 0.02634437282601834, 'alpha': 59, 'iterations': 81}. Best is trial 1 with value: inf.
[I 2023-11-28 16:03:43,371] Trial 178 finished with value: inf and parameters: {'model_name': 'GAIN', 'batch_size': 2, 'hint_rate': 0.03628960887898011, 'alpha': 26, 'iterations': 2}. Best is trial 1 with value: inf.
[I 2023-11-28 16:03:43,620] Trial 184 finished with value: inf and parameters: {'model_name': 'GAIN', 'batch_size': 46, 'hint_rate': 0.0014427366208739495, 'alpha': 25, 'iterations': 2}. Best is trial 1 with value: inf.
[I 2023-11-28 16:03:43,847] Trial 171 finished with value: inf and parameters: {'model_name': 'GAIN', 'batch_size': 38, 'hint_rate': 0.06004390051090149, 'alpha': 17, 'iterations': 2}. Best is trial 1 with value: inf.
[I 2023-11-28 16:03:44,071] Trial 173 finished with value: inf and parameters: {'model_name': 'GAIN', 'batch_size': 2, 'hint_rate': 0.03910760395577607, 'alpha': 43, 'iterations': 2}. Best is trial 1 with value: inf.
[I 2023-11-28 16:03:44,294] Trial 181 finished with value: inf and parameters: {'model_name': 'GAIN', 'batch_size': 57, 'hint_rate': 0.0018424666765088453, 'alpha': 23, 'iterations': 115}. Best is trial 1 with value: inf.
[I 2023-11-28 16:03:44,531] Trial 188 finished with value: inf and parameters: {'model_name': 'GAIN', 'batch_size': 60, 'hint_rate': 0.15187686719027746, 'alpha': 28, 'iterations': 2}. Best is trial 1 with value: inf.
[I 2023-11-28 16:03:44,532] Trial 175 finished with value: inf and parameters: {'model_name': 'GAIN', 'batch_size': 2, 'hint_rate': 0.0014517307477190538, 'alpha': 44, 'iterations': 54565}. Best is trial 1 with value: inf.
[I 2023-11-28 16:03:44,996] Trial 177 finished with value: inf and parameters: {'model_name': 'GAIN', 'batch_size': 53, 'hint_rate': 0.04121048022703711, 'alpha': 47, 'iterations': 2}. Best is trial 1 with value: inf.
[I 2023-11-28 16:03:45,259] Trial 180 finished with value: inf and parameters: {'model_name': 'GAIN', 'batch_size': 50, 'hint_rate': 0.040112083086061665, 'alpha': 11, 'iterations': 2}. Best is trial 1 with value: inf.
[I 2023-11-28 16:03:45,487] Trial 189 finished with value: inf and parameters: {'model_name': 'GAIN', 'batch_size': 65, 'hint_rate': 0.0014145480771681573, 'alpha': 27, 'iterations': 2}. Best is trial 1 with value: inf.
[I 2023-11-28 16:03:45,716] Trial 191 finished with value: inf and parameters: {'model_name': 'GAIN', 'batch_size': 64, 'hint_rate': 0.036121676198499916, 'alpha': 26, 'iterations': 2}. Best is trial 1 with value: inf.
[I 2023-11-28 16:03:45,965] Trial 190 finished with value: inf and parameters: {'model_name': 'GAIN', 'batch_size': 57, 'hint_rate': 0.0016787554534681824, 'alpha': 25, 'iterations': 2}. Best is trial 1 with value: inf.
[I 2023-11-28 16:03:46,191] Trial 199 finished with value: inf and parameters: {'model_name': 'GAIN', 'batch_size': 187, 'hint_rate': 0.0014022252979183066, 'alpha': 6, 'iterations': 8}. Best is trial 1 with value: inf.
[I 2023-11-28 16:03:46,413] Trial 198 finished with value: inf and parameters: {'model_name': 'GAIN', 'batch_size': 22, 'hint_rate': 0.0014049998723799997, 'alpha': 0, 'iterations': 2}. Best is trial 1 with value: inf.
[I 2023-11-28 16:03:46,629] Trial 142 finished with value: inf and parameters: {'model_name': 'GAIN', 'batch_size': 14, 'hint_rate': 0.02680631238654047, 'alpha': 57, 'iterations': 81}. Best is trial 1 with value: inf.
[I 2023-11-28 16:03:46,913] Trial 166 finished with value: inf and parameters: {'model_name': 'GAIN', 'batch_size': 68, 'hint_rate': 0.04402810960460625, 'alpha': 47, 'iterations': 43301}. Best is trial 1 with value: inf.
[I 2023-11-28 16:03:47,097] Trial 192 finished with value: inf and parameters: {'model_name': 'GAIN', 'batch_size': 24, 'hint_rate': 0.0017821355289957181, 'alpha': 18, 'iterations': 2}. Best is trial 1 with value: inf.
[I 2023-11-28 16:03:47,347] Trial 174 finished with value: inf and parameters: {'model_name': 'GAIN', 'batch_size': 37, 'hint_rate': 0.047882658312846584, 'alpha': 47, 'iterations': 2}. Best is trial 1 with value: inf.
[I 2023-11-28 16:03:47,580] Trial 197 finished with value: inf and parameters: {'model_name': 'GAIN', 'batch_size': 23, 'hint_rate': 0.0014952910189872022, 'alpha': 4, 'iterations': 2}. Best is trial 1 with value: inf.
[I 2023-11-28 16:03:47,803] Trial 193 finished with value: inf and parameters: {'model_name': 'GAIN', 'batch_size': 57, 'hint_rate': 0.00141586718351344, 'alpha': 24, 'iterations': 2}. Best is trial 1 with value: inf.
[I 2023-11-28 16:03:47,981] Trial 194 finished with value: inf and parameters: {'model_name': 'GAIN', 'batch_size': 55, 'hint_rate': 0.0014801242837288234, 'alpha': 8, 'iterations': 2}. Best is trial 1 with value: inf.
[I 2023-11-28 16:03:48,221] Trial 196 finished with value: inf and parameters: {'model_name': 'GAIN', 'batch_size': 23, 'hint_rate': 0.0014100297546330042, 'alpha': 8, 'iterations': 2}. Best is trial 1 with value: inf.
[I 2023-11-28 16:03:48,448] Trial 183 finished with value: inf and parameters: {'model_name': 'GAIN', 'batch_size': 50, 'hint_rate': 0.0015525133216819143, 'alpha': 24, 'iterations': 2}. Best is trial 1 with value: inf.
[I 2023-11-28 16:03:48,666] Trial 195 finished with value: inf and parameters: {'model_name': 'GAIN', 'batch_size': 23, 'hint_rate': 0.0016372012474072425, 'alpha': 0, 'iterations': 2}. Best is trial 1 with value: inf.
[I 2023-11-28 16:03:48,884] Trial 186 finished with value: inf and parameters: {'model_name': 'GAIN', 'batch_size': 56, 'hint_rate': 0.03499224302385411, 'alpha': 23, 'iterations': 2}. Best is trial 1 with value: inf.
[I 2023-11-28 16:03:49,102] Trial 187 finished with value: inf and parameters: {'model_name': 'GAIN', 'batch_size': 54, 'hint_rate': 0.0016919292625870242, 'alpha': 24, 'iterations': 2}. Best is trial 1 with value: inf.
Traceback (most recent call last):
  File "/home/ketrong/miniconda3/envs/tpot2devenv/lib/python3.10/site-packages/pandas/core/indexes/base.py", line 3802, in get_loc
    return self._engine.get_loc(casted_key)
  File "pandas/_libs/index.pyx", line 138, in pandas._libs.index.IndexEngine.get_loc
  File "pandas/_libs/index.pyx", line 144, in pandas._libs.index.IndexEngine.get_loc
TypeError: '(slice(None, None, None), 0)' is an invalid key

During handling of the above exception, another exception occurred:

Traceback (most recent call last):
  File "/common/ketrong/AutoImputeExp/tpot2_imputetest/Impute_Experiments/small_main.py", line 110, in <module>
    main()
  File "/common/ketrong/AutoImputeExp/tpot2_imputetest/Impute_Experiments/small_main.py", line 70, in main
    auto_test_missing = automodel.transform(X=X_test_missing)
  File "/common/ketrong/AutoImputeExp/tpot2_imputetest/Impute_Experiments/autoimpute.py", line 70, in transform
    imputed = self.best_model.transform(self.missing_set_test)
  File "/home/ketrong/miniconda3/envs/tpot2devenv/lib/python3.10/site-packages/sklearn/utils/_set_output.py", line 157, in wrapped
    data_to_wrap = f(self, X, *args, **kwargs)
  File "/common/ketrong/AutoImputeExp/tpot2_imputetest/Impute_Experiments/transformers.py", line 605, in transform
    return self.gain(X, self.params)
  File "/common/ketrong/AutoImputeExp/tpot2_imputetest/Impute_Experiments/transformers.py", line 636, in gain
    norm_data, norm_parameters = self.normalization(data_x)
  File "/common/ketrong/AutoImputeExp/tpot2_imputetest/Impute_Experiments/transformers.py", line 751, in normalization
    min_val[i] = np.nanmin(norm_data[:,i])
  File "/home/ketrong/miniconda3/envs/tpot2devenv/lib/python3.10/site-packages/pandas/core/frame.py", line 3807, in __getitem__
    indexer = self.columns.get_loc(key)
  File "/home/ketrong/miniconda3/envs/tpot2devenv/lib/python3.10/site-packages/pandas/core/indexes/base.py", line 3809, in get_loc
    self._check_indexing_error(key)
  File "/home/ketrong/miniconda3/envs/tpot2devenv/lib/python3.10/site-packages/pandas/core/indexes/base.py", line 5925, in _check_indexing_error
    raise InvalidIndexError(key)
pandas.errors.InvalidIndexError: (slice(None, None, None), 0)
srun: error: esplhpc-cp004: task 0: Exited with exit code 1
