/cm/local/apps/slurm/var/spool/job403174/slurm_script: line 19: /common/ketrong/minconda3/etc/profile.d/conda.sh: No such file or directory
/cm/local/apps/slurm/var/spool/job403174/slurm_script: line 22: $'\nconda create --name tpot2devenv -c conda-forge python=3.10\n': command not found
/cm/local/apps/slurm/var/spool/job403174/slurm_script: line 27: $'\npip install -r requirements.txt\n': command not found
RunStart
2023-11-21 15:56:10.200440: I tensorflow/core/util/port.cc:113] oneDNN custom operations are on. You may see slightly different numerical results due to floating-point round-off errors from different computation orders. To turn them off, set the environment variable `TF_ENABLE_ONEDNN_OPTS=0`.
2023-11-21 15:56:10.237619: E external/local_xla/xla/stream_executor/cuda/cuda_dnn.cc:9261] Unable to register cuDNN factory: Attempting to register factory for plugin cuDNN when one has already been registered
2023-11-21 15:56:10.237648: E external/local_xla/xla/stream_executor/cuda/cuda_fft.cc:607] Unable to register cuFFT factory: Attempting to register factory for plugin cuFFT when one has already been registered
2023-11-21 15:56:10.239043: E external/local_xla/xla/stream_executor/cuda/cuda_blas.cc:1515] Unable to register cuBLAS factory: Attempting to register factory for plugin cuBLAS when one has already been registered
2023-11-21 15:56:10.245334: I tensorflow/core/platform/cpu_feature_guard.cc:182] This TensorFlow binary is optimized to use available CPU instructions in performance-critical operations.
To enable the following instructions: AVX2 AVX512F AVX512_VNNI FMA, in other operations, rebuild TensorFlow with the appropriate compiler flags.
2023-11-21 15:56:11.443059: W tensorflow/compiler/tf2tensorrt/utils/py_utils.cc:38] TF-TRT Warning: Could not find TensorRT
WARNING:tensorflow:From /home/ketrong/miniconda3/envs/tpot2devenv/lib/python3.10/site-packages/tensorflow/python/compat/v2_compat.py:108: disable_resource_variables (from tensorflow.python.ops.variable_scope) is deprecated and will be removed in a future version.
Instructions for updating:
non-resource variables are not supported in the long term
working on 
tpot2_imputetest/Impute_Experiments/logs//tpot2_base_normal_6_0.1_MNAR_2
loading data
tpot2_imputetest/Impute_Experiments/data/6_True.pkl
running experiment 1/3 - Does large hyperparameter space improve reconstruction accuracy over simple
[I 2023-11-21 15:59:21,573] A new study created in memory with name: no-name-a4c9c25a-88d9-41ff-8c1c-5ef86ee50b6f
[I 2023-11-21 15:59:22,810] Trial 0 finished with value: 6.569181156198191 and parameters: {'model_name': 'SimpleImputer', 'strategy': 'constant'}. Best is trial 0 with value: 6.569181156198191.
[I 2023-11-21 15:59:23,135] Trial 1 finished with value: 6.569181156198191 and parameters: {'model_name': 'SimpleImputer', 'strategy': 'constant'}. Best is trial 0 with value: 6.569181156198191.
[I 2023-11-21 15:59:23,761] Trial 13 finished with value: 6.569181156198191 and parameters: {'model_name': 'SimpleImputer', 'strategy': 'constant'}. Best is trial 0 with value: 6.569181156198191.
[I 2023-11-21 15:59:23,917] Trial 14 finished with value: 6.569181156198191 and parameters: {'model_name': 'SimpleImputer', 'strategy': 'constant'}. Best is trial 0 with value: 6.569181156198191.
[I 2023-11-21 15:59:24,155] Trial 12 finished with value: 6.569181156198191 and parameters: {'model_name': 'SimpleImputer', 'strategy': 'constant'}. Best is trial 0 with value: 6.569181156198191.
[I 2023-11-21 15:59:24,357] Trial 7 finished with value: 6.569181156198191 and parameters: {'model_name': 'SimpleImputer', 'strategy': 'constant'}. Best is trial 0 with value: 6.569181156198191.
[I 2023-11-21 15:59:24,640] Trial 4 finished with value: 6.569181156198191 and parameters: {'model_name': 'SimpleImputer', 'strategy': 'constant'}. Best is trial 0 with value: 6.569181156198191.
[I 2023-11-21 15:59:24,859] Trial 24 finished with value: 6.569181156198191 and parameters: {'model_name': 'SimpleImputer', 'strategy': 'constant'}. Best is trial 0 with value: 6.569181156198191.
[I 2023-11-21 15:59:25,106] Trial 6 finished with value: 6.569181156198191 and parameters: {'model_name': 'SimpleImputer', 'strategy': 'constant'}. Best is trial 0 with value: 6.569181156198191.
[I 2023-11-21 15:59:25,512] Trial 36 finished with value: 6.569181156198191 and parameters: {'model_name': 'SimpleImputer', 'strategy': 'constant'}. Best is trial 0 with value: 6.569181156198191.
[I 2023-11-21 15:59:25,933] Trial 32 finished with value: 6.569181156198191 and parameters: {'model_name': 'SimpleImputer', 'strategy': 'constant'}. Best is trial 0 with value: 6.569181156198191.
[I 2023-11-21 15:59:26,211] Trial 17 finished with value: 2.3262047532344337 and parameters: {'model_name': 'SimpleImputer', 'strategy': 'mean'}. Best is trial 17 with value: 2.3262047532344337.
[I 2023-11-21 15:59:26,466] Trial 21 finished with value: 2.3262047532344337 and parameters: {'model_name': 'SimpleImputer', 'strategy': 'mean'}. Best is trial 17 with value: 2.3262047532344337.
[I 2023-11-21 15:59:26,766] Trial 18 finished with value: 2.3262047532344337 and parameters: {'model_name': 'SimpleImputer', 'strategy': 'mean'}. Best is trial 17 with value: 2.3262047532344337.
[I 2023-11-21 15:59:27,092] Trial 43 finished with value: 6.569181156198191 and parameters: {'model_name': 'SimpleImputer', 'strategy': 'constant'}. Best is trial 17 with value: 2.3262047532344337.
[I 2023-11-21 15:59:27,338] Trial 16 finished with value: 2.3262047532344337 and parameters: {'model_name': 'SimpleImputer', 'strategy': 'mean'}. Best is trial 17 with value: 2.3262047532344337.
[I 2023-11-21 15:59:27,512] Trial 23 finished with value: 2.3262047532344337 and parameters: {'model_name': 'SimpleImputer', 'strategy': 'mean'}. Best is trial 17 with value: 2.3262047532344337.
[I 2023-11-21 15:59:27,688] Trial 25 finished with value: 2.3262047532344337 and parameters: {'model_name': 'SimpleImputer', 'strategy': 'mean'}. Best is trial 17 with value: 2.3262047532344337.
[I 2023-11-21 15:59:27,913] Trial 30 finished with value: 2.3262047532344337 and parameters: {'model_name': 'SimpleImputer', 'strategy': 'mean'}. Best is trial 17 with value: 2.3262047532344337.
[I 2023-11-21 15:59:28,144] Trial 45 finished with value: 6.569181156198191 and parameters: {'model_name': 'SimpleImputer', 'strategy': 'constant'}. Best is trial 17 with value: 2.3262047532344337.
[I 2023-11-21 15:59:28,309] Trial 44 finished with value: 6.569181156198191 and parameters: {'model_name': 'SimpleImputer', 'strategy': 'constant'}. Best is trial 17 with value: 2.3262047532344337.
[I 2023-11-21 15:59:28,480] Trial 42 finished with value: 6.569181156198191 and parameters: {'model_name': 'SimpleImputer', 'strategy': 'constant'}. Best is trial 17 with value: 2.3262047532344337.
[I 2023-11-21 15:59:28,804] Trial 40 finished with value: 2.3262047532344337 and parameters: {'model_name': 'SimpleImputer', 'strategy': 'mean'}. Best is trial 17 with value: 2.3262047532344337.
[I 2023-11-21 15:59:28,984] Trial 15 finished with value: 2.3262047532344337 and parameters: {'model_name': 'SimpleImputer', 'strategy': 'mean'}. Best is trial 17 with value: 2.3262047532344337.
[I 2023-11-21 15:59:29,175] Trial 41 finished with value: 6.569181156198191 and parameters: {'model_name': 'SimpleImputer', 'strategy': 'constant'}. Best is trial 17 with value: 2.3262047532344337.
[I 2023-11-21 15:59:29,545] Trial 48 finished with value: 6.569181156198191 and parameters: {'model_name': 'SimpleImputer', 'strategy': 'constant'}. Best is trial 17 with value: 2.3262047532344337.
[I 2023-11-21 15:59:29,813] Trial 33 finished with value: 2.3262047532344337 and parameters: {'model_name': 'SimpleImputer', 'strategy': 'mean'}. Best is trial 17 with value: 2.3262047532344337.
[I 2023-11-21 15:59:30,070] Trial 3 finished with value: 2.345851754719413 and parameters: {'model_name': 'SimpleImputer', 'strategy': 'median'}. Best is trial 17 with value: 2.3262047532344337.
[I 2023-11-21 15:59:30,343] Trial 47 finished with value: 2.3262047532344337 and parameters: {'model_name': 'SimpleImputer', 'strategy': 'mean'}. Best is trial 17 with value: 2.3262047532344337.
[I 2023-11-21 15:59:30,652] Trial 10 finished with value: 2.345851754719413 and parameters: {'model_name': 'SimpleImputer', 'strategy': 'median'}. Best is trial 17 with value: 2.3262047532344337.
[I 2023-11-21 15:59:31,334] Trial 11 finished with value: 2.345851754719413 and parameters: {'model_name': 'SimpleImputer', 'strategy': 'median'}. Best is trial 17 with value: 2.3262047532344337.
[I 2023-11-21 15:59:31,608] Trial 2 finished with value: 2.345851754719413 and parameters: {'model_name': 'SimpleImputer', 'strategy': 'median'}. Best is trial 17 with value: 2.3262047532344337.
[I 2023-11-21 15:59:31,850] Trial 9 finished with value: 2.345851754719413 and parameters: {'model_name': 'SimpleImputer', 'strategy': 'median'}. Best is trial 17 with value: 2.3262047532344337.
[I 2023-11-21 15:59:32,168] Trial 19 finished with value: 2.345851754719413 and parameters: {'model_name': 'SimpleImputer', 'strategy': 'median'}. Best is trial 17 with value: 2.3262047532344337.
[I 2023-11-21 15:59:32,527] Trial 52 finished with value: 2.3262047532344337 and parameters: {'model_name': 'SimpleImputer', 'strategy': 'mean'}. Best is trial 17 with value: 2.3262047532344337.
[I 2023-11-21 15:59:32,751] Trial 38 finished with value: 2.345851754719413 and parameters: {'model_name': 'SimpleImputer', 'strategy': 'median'}. Best is trial 17 with value: 2.3262047532344337.
[I 2023-11-21 15:59:33,021] Trial 46 finished with value: 2.345851754719413 and parameters: {'model_name': 'SimpleImputer', 'strategy': 'median'}. Best is trial 17 with value: 2.3262047532344337.
[I 2023-11-21 15:59:33,275] Trial 39 finished with value: 2.345851754719413 and parameters: {'model_name': 'SimpleImputer', 'strategy': 'median'}. Best is trial 17 with value: 2.3262047532344337.
[I 2023-11-21 15:59:33,731] Trial 37 finished with value: 2.345851754719413 and parameters: {'model_name': 'SimpleImputer', 'strategy': 'median'}. Best is trial 17 with value: 2.3262047532344337.
[I 2023-11-21 15:59:34,214] Trial 53 finished with value: 2.3262047532344337 and parameters: {'model_name': 'SimpleImputer', 'strategy': 'mean'}. Best is trial 17 with value: 2.3262047532344337.
[I 2023-11-21 15:59:34,404] Trial 57 finished with value: 2.3262047532344337 and parameters: {'model_name': 'SimpleImputer', 'strategy': 'mean'}. Best is trial 17 with value: 2.3262047532344337.
[I 2023-11-21 15:59:34,748] Trial 59 finished with value: 2.3262047532344337 and parameters: {'model_name': 'SimpleImputer', 'strategy': 'mean'}. Best is trial 17 with value: 2.3262047532344337.
[I 2023-11-21 15:59:35,106] Trial 58 finished with value: 2.3262047532344337 and parameters: {'model_name': 'SimpleImputer', 'strategy': 'mean'}. Best is trial 17 with value: 2.3262047532344337.
[I 2023-11-21 15:59:35,410] Trial 60 finished with value: 2.3262047532344337 and parameters: {'model_name': 'SimpleImputer', 'strategy': 'mean'}. Best is trial 17 with value: 2.3262047532344337.
[I 2023-11-21 15:59:35,616] Trial 61 finished with value: 2.3262047532344337 and parameters: {'model_name': 'SimpleImputer', 'strategy': 'mean'}. Best is trial 17 with value: 2.3262047532344337.
[I 2023-11-21 15:59:36,032] Trial 51 finished with value: 2.345851754719413 and parameters: {'model_name': 'SimpleImputer', 'strategy': 'median'}. Best is trial 17 with value: 2.3262047532344337.
[I 2023-11-21 15:59:36,223] Trial 55 finished with value: 2.345851754719413 and parameters: {'model_name': 'SimpleImputer', 'strategy': 'median'}. Best is trial 17 with value: 2.3262047532344337.
[I 2023-11-21 15:59:37,046] Trial 72 finished with value: 2.345851754719413 and parameters: {'model_name': 'SimpleImputer', 'strategy': 'median'}. Best is trial 17 with value: 2.3262047532344337.
[I 2023-11-21 15:59:37,322] Trial 56 finished with value: 2.345851754719413 and parameters: {'model_name': 'SimpleImputer', 'strategy': 'median'}. Best is trial 17 with value: 2.3262047532344337.
[I 2023-11-21 15:59:37,998] Trial 71 finished with value: 2.345851754719413 and parameters: {'model_name': 'SimpleImputer', 'strategy': 'median'}. Best is trial 17 with value: 2.3262047532344337.
[I 2023-11-21 15:59:38,257] Trial 74 finished with value: 2.345851754719413 and parameters: {'model_name': 'SimpleImputer', 'strategy': 'median'}. Best is trial 17 with value: 2.3262047532344337.
[I 2023-11-21 15:59:38,461] Trial 63 finished with value: 2.345851754719413 and parameters: {'model_name': 'SimpleImputer', 'strategy': 'median'}. Best is trial 17 with value: 2.3262047532344337.
[I 2023-11-21 15:59:38,730] Trial 73 finished with value: 2.345851754719413 and parameters: {'model_name': 'SimpleImputer', 'strategy': 'median'}. Best is trial 17 with value: 2.3262047532344337.
[I 2023-11-21 15:59:38,933] Trial 65 finished with value: 2.345851754719413 and parameters: {'model_name': 'SimpleImputer', 'strategy': 'median'}. Best is trial 17 with value: 2.3262047532344337.
[I 2023-11-21 15:59:39,099] Trial 70 finished with value: 2.345851754719413 and parameters: {'model_name': 'SimpleImputer', 'strategy': 'median'}. Best is trial 17 with value: 2.3262047532344337.
[I 2023-11-21 15:59:39,827] Trial 89 finished with value: 2.3262047532344337 and parameters: {'model_name': 'SimpleImputer', 'strategy': 'mean'}. Best is trial 17 with value: 2.3262047532344337.
[I 2023-11-21 15:59:41,259] Trial 27 finished with value: 2.4409545150435186 and parameters: {'model_name': 'SimpleImputer', 'strategy': 'most_frequent'}. Best is trial 17 with value: 2.3262047532344337.
[I 2023-11-21 15:59:41,510] Trial 5 finished with value: 2.4409545150435186 and parameters: {'model_name': 'SimpleImputer', 'strategy': 'most_frequent'}. Best is trial 17 with value: 2.3262047532344337.
[I 2023-11-21 15:59:41,841] Trial 34 finished with value: 2.4409545150435186 and parameters: {'model_name': 'SimpleImputer', 'strategy': 'most_frequent'}. Best is trial 17 with value: 2.3262047532344337.
[I 2023-11-21 15:59:42,100] Trial 20 finished with value: 2.4409545150435186 and parameters: {'model_name': 'SimpleImputer', 'strategy': 'most_frequent'}. Best is trial 17 with value: 2.3262047532344337.
[I 2023-11-21 15:59:42,537] Trial 28 finished with value: 2.4409545150435186 and parameters: {'model_name': 'SimpleImputer', 'strategy': 'most_frequent'}. Best is trial 17 with value: 2.3262047532344337.
[I 2023-11-21 15:59:42,935] Trial 35 finished with value: 2.4409545150435186 and parameters: {'model_name': 'SimpleImputer', 'strategy': 'most_frequent'}. Best is trial 17 with value: 2.3262047532344337.
[I 2023-11-21 15:59:43,210] Trial 26 finished with value: 2.4409545150435186 and parameters: {'model_name': 'SimpleImputer', 'strategy': 'most_frequent'}. Best is trial 17 with value: 2.3262047532344337.
[I 2023-11-21 15:59:43,513] Trial 8 finished with value: 2.4409545150435186 and parameters: {'model_name': 'SimpleImputer', 'strategy': 'most_frequent'}. Best is trial 17 with value: 2.3262047532344337.
[I 2023-11-21 15:59:44,005] Trial 22 finished with value: 2.4409545150435186 and parameters: {'model_name': 'SimpleImputer', 'strategy': 'most_frequent'}. Best is trial 17 with value: 2.3262047532344337.
[I 2023-11-21 15:59:44,331] Trial 31 finished with value: 2.4409545150435186 and parameters: {'model_name': 'SimpleImputer', 'strategy': 'most_frequent'}. Best is trial 17 with value: 2.3262047532344337.
[I 2023-11-21 15:59:44,879] Trial 29 finished with value: 2.4409545150435186 and parameters: {'model_name': 'SimpleImputer', 'strategy': 'most_frequent'}. Best is trial 17 with value: 2.3262047532344337.
[I 2023-11-21 15:59:45,918] Trial 107 finished with value: 2.3262047532344337 and parameters: {'model_name': 'SimpleImputer', 'strategy': 'mean'}. Best is trial 17 with value: 2.3262047532344337.
[I 2023-11-21 15:59:46,220] Trial 49 finished with value: 2.4409545150435186 and parameters: {'model_name': 'SimpleImputer', 'strategy': 'most_frequent'}. Best is trial 17 with value: 2.3262047532344337.
[I 2023-11-21 15:59:46,415] Trial 54 finished with value: 2.4409545150435186 and parameters: {'model_name': 'SimpleImputer', 'strategy': 'most_frequent'}. Best is trial 17 with value: 2.3262047532344337.
[I 2023-11-21 15:59:46,894] Trial 106 finished with value: 2.3262047532344337 and parameters: {'model_name': 'SimpleImputer', 'strategy': 'mean'}. Best is trial 17 with value: 2.3262047532344337.
[I 2023-11-21 15:59:47,097] Trial 50 finished with value: 2.4409545150435186 and parameters: {'model_name': 'SimpleImputer', 'strategy': 'most_frequent'}. Best is trial 17 with value: 2.3262047532344337.
[I 2023-11-21 15:59:47,658] Trial 62 finished with value: 2.4409545150435186 and parameters: {'model_name': 'SimpleImputer', 'strategy': 'most_frequent'}. Best is trial 17 with value: 2.3262047532344337.
[I 2023-11-21 15:59:47,958] Trial 104 finished with value: 2.3262047532344337 and parameters: {'model_name': 'SimpleImputer', 'strategy': 'mean'}. Best is trial 17 with value: 2.3262047532344337.
[I 2023-11-21 15:59:48,240] Trial 64 finished with value: 2.4409545150435186 and parameters: {'model_name': 'SimpleImputer', 'strategy': 'most_frequent'}. Best is trial 17 with value: 2.3262047532344337.
[I 2023-11-21 15:59:48,573] Trial 75 finished with value: 2.4409545150435186 and parameters: {'model_name': 'SimpleImputer', 'strategy': 'most_frequent'}. Best is trial 17 with value: 2.3262047532344337.
[I 2023-11-21 15:59:48,890] Trial 68 finished with value: 2.4409545150435186 and parameters: {'model_name': 'SimpleImputer', 'strategy': 'most_frequent'}. Best is trial 17 with value: 2.3262047532344337.
[I 2023-11-21 15:59:49,081] Trial 77 finished with value: 2.4409545150435186 and parameters: {'model_name': 'SimpleImputer', 'strategy': 'most_frequent'}. Best is trial 17 with value: 2.3262047532344337.
[I 2023-11-21 15:59:49,251] Trial 111 finished with value: 2.3262047532344337 and parameters: {'model_name': 'SimpleImputer', 'strategy': 'mean'}. Best is trial 17 with value: 2.3262047532344337.
[I 2023-11-21 15:59:49,456] Trial 110 finished with value: 2.3262047532344337 and parameters: {'model_name': 'SimpleImputer', 'strategy': 'mean'}. Best is trial 17 with value: 2.3262047532344337.
[I 2023-11-21 15:59:49,890] Trial 109 finished with value: 2.3262047532344337 and parameters: {'model_name': 'SimpleImputer', 'strategy': 'mean'}. Best is trial 17 with value: 2.3262047532344337.
[I 2023-11-21 15:59:50,080] Trial 76 finished with value: 2.4409545150435186 and parameters: {'model_name': 'SimpleImputer', 'strategy': 'most_frequent'}. Best is trial 17 with value: 2.3262047532344337.
[I 2023-11-21 15:59:50,407] Trial 108 finished with value: 2.3262047532344337 and parameters: {'model_name': 'SimpleImputer', 'strategy': 'mean'}. Best is trial 17 with value: 2.3262047532344337.
[I 2023-11-21 15:59:50,722] Trial 113 finished with value: 2.3262047532344337 and parameters: {'model_name': 'SimpleImputer', 'strategy': 'mean'}. Best is trial 17 with value: 2.3262047532344337.
[I 2023-11-21 15:59:51,032] Trial 69 finished with value: 2.4409545150435186 and parameters: {'model_name': 'SimpleImputer', 'strategy': 'most_frequent'}. Best is trial 17 with value: 2.3262047532344337.
[I 2023-11-21 15:59:51,219] Trial 112 finished with value: 2.3262047532344337 and parameters: {'model_name': 'SimpleImputer', 'strategy': 'mean'}. Best is trial 17 with value: 2.3262047532344337.
[I 2023-11-21 15:59:51,425] Trial 79 finished with value: 2.4409545150435186 and parameters: {'model_name': 'SimpleImputer', 'strategy': 'most_frequent'}. Best is trial 17 with value: 2.3262047532344337.
[I 2023-11-21 15:59:51,771] Trial 67 finished with value: 2.4409545150435186 and parameters: {'model_name': 'SimpleImputer', 'strategy': 'most_frequent'}. Best is trial 17 with value: 2.3262047532344337.
[I 2023-11-21 15:59:52,021] Trial 84 finished with value: 2.4409545150435186 and parameters: {'model_name': 'SimpleImputer', 'strategy': 'most_frequent'}. Best is trial 17 with value: 2.3262047532344337.
[I 2023-11-21 15:59:52,299] Trial 87 finished with value: 2.4409545150435186 and parameters: {'model_name': 'SimpleImputer', 'strategy': 'most_frequent'}. Best is trial 17 with value: 2.3262047532344337.
[I 2023-11-21 15:59:52,784] Trial 66 finished with value: 2.4409545150435186 and parameters: {'model_name': 'SimpleImputer', 'strategy': 'most_frequent'}. Best is trial 17 with value: 2.3262047532344337.
[I 2023-11-21 15:59:53,214] Trial 82 finished with value: 2.4409545150435186 and parameters: {'model_name': 'SimpleImputer', 'strategy': 'most_frequent'}. Best is trial 17 with value: 2.3262047532344337.
[I 2023-11-21 15:59:53,466] Trial 88 finished with value: 2.4409545150435186 and parameters: {'model_name': 'SimpleImputer', 'strategy': 'most_frequent'}. Best is trial 17 with value: 2.3262047532344337.
[I 2023-11-21 15:59:53,685] Trial 78 finished with value: 2.4409545150435186 and parameters: {'model_name': 'SimpleImputer', 'strategy': 'most_frequent'}. Best is trial 17 with value: 2.3262047532344337.
[I 2023-11-21 15:59:53,931] Trial 114 finished with value: 2.3262047532344337 and parameters: {'model_name': 'SimpleImputer', 'strategy': 'mean'}. Best is trial 17 with value: 2.3262047532344337.
[I 2023-11-21 15:59:54,176] Trial 81 finished with value: 2.4409545150435186 and parameters: {'model_name': 'SimpleImputer', 'strategy': 'most_frequent'}. Best is trial 17 with value: 2.3262047532344337.
[I 2023-11-21 15:59:54,571] Trial 117 finished with value: 2.3262047532344337 and parameters: {'model_name': 'SimpleImputer', 'strategy': 'mean'}. Best is trial 17 with value: 2.3262047532344337.
[I 2023-11-21 15:59:54,786] Trial 116 finished with value: 2.3262047532344337 and parameters: {'model_name': 'SimpleImputer', 'strategy': 'mean'}. Best is trial 17 with value: 2.3262047532344337.
[I 2023-11-21 15:59:55,038] Trial 85 finished with value: 2.4409545150435186 and parameters: {'model_name': 'SimpleImputer', 'strategy': 'most_frequent'}. Best is trial 17 with value: 2.3262047532344337.
[I 2023-11-21 15:59:55,454] Trial 86 finished with value: 2.4409545150435186 and parameters: {'model_name': 'SimpleImputer', 'strategy': 'most_frequent'}. Best is trial 17 with value: 2.3262047532344337.
[I 2023-11-21 15:59:55,799] Trial 118 finished with value: 2.3262047532344337 and parameters: {'model_name': 'SimpleImputer', 'strategy': 'mean'}. Best is trial 17 with value: 2.3262047532344337.
[I 2023-11-21 15:59:56,123] Trial 115 finished with value: 2.3262047532344337 and parameters: {'model_name': 'SimpleImputer', 'strategy': 'mean'}. Best is trial 17 with value: 2.3262047532344337.
[I 2023-11-21 15:59:56,429] Trial 121 finished with value: 2.3262047532344337 and parameters: {'model_name': 'SimpleImputer', 'strategy': 'mean'}. Best is trial 17 with value: 2.3262047532344337.
[I 2023-11-21 15:59:56,683] Trial 90 finished with value: 2.4409545150435186 and parameters: {'model_name': 'SimpleImputer', 'strategy': 'most_frequent'}. Best is trial 17 with value: 2.3262047532344337.
[I 2023-11-21 15:59:56,939] Trial 119 finished with value: 2.3262047532344337 and parameters: {'model_name': 'SimpleImputer', 'strategy': 'mean'}. Best is trial 17 with value: 2.3262047532344337.
[I 2023-11-21 15:59:57,183] Trial 120 finished with value: 2.3262047532344337 and parameters: {'model_name': 'SimpleImputer', 'strategy': 'mean'}. Best is trial 17 with value: 2.3262047532344337.
[I 2023-11-21 15:59:57,359] Trial 83 finished with value: 2.4409545150435186 and parameters: {'model_name': 'SimpleImputer', 'strategy': 'most_frequent'}. Best is trial 17 with value: 2.3262047532344337.
[I 2023-11-21 15:59:57,620] Trial 92 finished with value: 2.4409545150435186 and parameters: {'model_name': 'SimpleImputer', 'strategy': 'most_frequent'}. Best is trial 17 with value: 2.3262047532344337.
[I 2023-11-21 15:59:58,076] Trial 124 finished with value: 2.3262047532344337 and parameters: {'model_name': 'SimpleImputer', 'strategy': 'mean'}. Best is trial 17 with value: 2.3262047532344337.
[I 2023-11-21 15:59:58,383] Trial 123 finished with value: 2.3262047532344337 and parameters: {'model_name': 'SimpleImputer', 'strategy': 'mean'}. Best is trial 17 with value: 2.3262047532344337.
[I 2023-11-21 15:59:58,718] Trial 125 finished with value: 2.3262047532344337 and parameters: {'model_name': 'SimpleImputer', 'strategy': 'mean'}. Best is trial 17 with value: 2.3262047532344337.
[I 2023-11-21 15:59:59,070] Trial 122 finished with value: 2.3262047532344337 and parameters: {'model_name': 'SimpleImputer', 'strategy': 'mean'}. Best is trial 17 with value: 2.3262047532344337.
[I 2023-11-21 15:59:59,358] Trial 126 finished with value: 2.3262047532344337 and parameters: {'model_name': 'SimpleImputer', 'strategy': 'mean'}. Best is trial 17 with value: 2.3262047532344337.
[I 2023-11-21 15:59:59,654] Trial 130 finished with value: 2.3262047532344337 and parameters: {'model_name': 'SimpleImputer', 'strategy': 'mean'}. Best is trial 17 with value: 2.3262047532344337.
[I 2023-11-21 15:59:59,869] Trial 129 finished with value: 2.3262047532344337 and parameters: {'model_name': 'SimpleImputer', 'strategy': 'mean'}. Best is trial 17 with value: 2.3262047532344337.
[I 2023-11-21 16:00:00,134] Trial 93 finished with value: 2.4409545150435186 and parameters: {'model_name': 'SimpleImputer', 'strategy': 'most_frequent'}. Best is trial 17 with value: 2.3262047532344337.
[I 2023-11-21 16:00:00,401] Trial 91 finished with value: 2.4409545150435186 and parameters: {'model_name': 'SimpleImputer', 'strategy': 'most_frequent'}. Best is trial 17 with value: 2.3262047532344337.
[I 2023-11-21 16:00:00,625] Trial 127 finished with value: 2.3262047532344337 and parameters: {'model_name': 'SimpleImputer', 'strategy': 'mean'}. Best is trial 17 with value: 2.3262047532344337.
[I 2023-11-21 16:00:00,916] Trial 80 finished with value: 2.4409545150435186 and parameters: {'model_name': 'SimpleImputer', 'strategy': 'most_frequent'}. Best is trial 17 with value: 2.3262047532344337.
[I 2023-11-21 16:00:01,250] Trial 128 finished with value: 2.3262047532344337 and parameters: {'model_name': 'SimpleImputer', 'strategy': 'mean'}. Best is trial 17 with value: 2.3262047532344337.
[I 2023-11-21 16:00:01,456] Trial 136 finished with value: 2.3262047532344337 and parameters: {'model_name': 'SimpleImputer', 'strategy': 'mean'}. Best is trial 17 with value: 2.3262047532344337.
[I 2023-11-21 16:00:01,661] Trial 94 finished with value: 2.4409545150435186 and parameters: {'model_name': 'SimpleImputer', 'strategy': 'most_frequent'}. Best is trial 17 with value: 2.3262047532344337.
[I 2023-11-21 16:00:01,852] Trial 131 finished with value: 2.3262047532344337 and parameters: {'model_name': 'SimpleImputer', 'strategy': 'mean'}. Best is trial 17 with value: 2.3262047532344337.
[I 2023-11-21 16:00:02,129] Trial 135 finished with value: 2.3262047532344337 and parameters: {'model_name': 'SimpleImputer', 'strategy': 'mean'}. Best is trial 17 with value: 2.3262047532344337.
[I 2023-11-21 16:00:02,388] Trial 132 finished with value: 2.3262047532344337 and parameters: {'model_name': 'SimpleImputer', 'strategy': 'mean'}. Best is trial 17 with value: 2.3262047532344337.
[I 2023-11-21 16:00:02,599] Trial 133 finished with value: 2.3262047532344337 and parameters: {'model_name': 'SimpleImputer', 'strategy': 'mean'}. Best is trial 17 with value: 2.3262047532344337.
[I 2023-11-21 16:00:02,806] Trial 134 finished with value: 2.3262047532344337 and parameters: {'model_name': 'SimpleImputer', 'strategy': 'mean'}. Best is trial 17 with value: 2.3262047532344337.
[I 2023-11-21 16:00:03,096] Trial 96 finished with value: 2.4409545150435186 and parameters: {'model_name': 'SimpleImputer', 'strategy': 'most_frequent'}. Best is trial 17 with value: 2.3262047532344337.
[I 2023-11-21 16:00:03,333] Trial 138 finished with value: 2.3262047532344337 and parameters: {'model_name': 'SimpleImputer', 'strategy': 'mean'}. Best is trial 17 with value: 2.3262047532344337.
[I 2023-11-21 16:00:03,649] Trial 95 finished with value: 2.4409545150435186 and parameters: {'model_name': 'SimpleImputer', 'strategy': 'most_frequent'}. Best is trial 17 with value: 2.3262047532344337.
[I 2023-11-21 16:00:03,978] Trial 137 finished with value: 2.3262047532344337 and parameters: {'model_name': 'SimpleImputer', 'strategy': 'mean'}. Best is trial 17 with value: 2.3262047532344337.
[I 2023-11-21 16:00:04,226] Trial 97 finished with value: 2.4409545150435186 and parameters: {'model_name': 'SimpleImputer', 'strategy': 'most_frequent'}. Best is trial 17 with value: 2.3262047532344337.
[I 2023-11-21 16:00:04,638] Trial 141 finished with value: 2.3262047532344337 and parameters: {'model_name': 'SimpleImputer', 'strategy': 'mean'}. Best is trial 17 with value: 2.3262047532344337.
[I 2023-11-21 16:00:04,870] Trial 140 finished with value: 2.3262047532344337 and parameters: {'model_name': 'SimpleImputer', 'strategy': 'mean'}. Best is trial 17 with value: 2.3262047532344337.
[I 2023-11-21 16:00:05,080] Trial 139 finished with value: 2.3262047532344337 and parameters: {'model_name': 'SimpleImputer', 'strategy': 'mean'}. Best is trial 17 with value: 2.3262047532344337.
[I 2023-11-21 16:00:05,460] Trial 98 finished with value: 2.4409545150435186 and parameters: {'model_name': 'SimpleImputer', 'strategy': 'most_frequent'}. Best is trial 17 with value: 2.3262047532344337.
[I 2023-11-21 16:00:05,748] Trial 144 finished with value: 2.3262047532344337 and parameters: {'model_name': 'SimpleImputer', 'strategy': 'mean'}. Best is trial 17 with value: 2.3262047532344337.
[I 2023-11-21 16:00:05,933] Trial 142 finished with value: 2.3262047532344337 and parameters: {'model_name': 'SimpleImputer', 'strategy': 'mean'}. Best is trial 17 with value: 2.3262047532344337.
[I 2023-11-21 16:00:06,143] Trial 143 finished with value: 2.3262047532344337 and parameters: {'model_name': 'SimpleImputer', 'strategy': 'mean'}. Best is trial 17 with value: 2.3262047532344337.
[I 2023-11-21 16:00:06,360] Trial 146 finished with value: 2.3262047532344337 and parameters: {'model_name': 'SimpleImputer', 'strategy': 'mean'}. Best is trial 17 with value: 2.3262047532344337.
[I 2023-11-21 16:00:06,586] Trial 101 finished with value: 2.4409545150435186 and parameters: {'model_name': 'SimpleImputer', 'strategy': 'most_frequent'}. Best is trial 17 with value: 2.3262047532344337.
[I 2023-11-21 16:00:06,860] Trial 100 finished with value: 2.4409545150435186 and parameters: {'model_name': 'SimpleImputer', 'strategy': 'most_frequent'}. Best is trial 17 with value: 2.3262047532344337.
[I 2023-11-21 16:00:07,107] Trial 149 finished with value: 2.3262047532344337 and parameters: {'model_name': 'SimpleImputer', 'strategy': 'mean'}. Best is trial 17 with value: 2.3262047532344337.
[I 2023-11-21 16:00:07,384] Trial 148 finished with value: 2.3262047532344337 and parameters: {'model_name': 'SimpleImputer', 'strategy': 'mean'}. Best is trial 17 with value: 2.3262047532344337.
[I 2023-11-21 16:00:07,734] Trial 99 finished with value: 2.4409545150435186 and parameters: {'model_name': 'SimpleImputer', 'strategy': 'most_frequent'}. Best is trial 17 with value: 2.3262047532344337.
[I 2023-11-21 16:00:07,952] Trial 151 finished with value: 2.3262047532344337 and parameters: {'model_name': 'SimpleImputer', 'strategy': 'mean'}. Best is trial 17 with value: 2.3262047532344337.
[I 2023-11-21 16:00:08,265] Trial 145 finished with value: 2.3262047532344337 and parameters: {'model_name': 'SimpleImputer', 'strategy': 'mean'}. Best is trial 17 with value: 2.3262047532344337.
[I 2023-11-21 16:00:08,500] Trial 147 finished with value: 2.3262047532344337 and parameters: {'model_name': 'SimpleImputer', 'strategy': 'mean'}. Best is trial 17 with value: 2.3262047532344337.
[I 2023-11-21 16:00:08,752] Trial 102 finished with value: 2.4409545150435186 and parameters: {'model_name': 'SimpleImputer', 'strategy': 'most_frequent'}. Best is trial 17 with value: 2.3262047532344337.
[I 2023-11-21 16:00:08,961] Trial 154 finished with value: 2.3262047532344337 and parameters: {'model_name': 'SimpleImputer', 'strategy': 'mean'}. Best is trial 17 with value: 2.3262047532344337.
[I 2023-11-21 16:00:09,168] Trial 152 finished with value: 2.3262047532344337 and parameters: {'model_name': 'SimpleImputer', 'strategy': 'mean'}. Best is trial 17 with value: 2.3262047532344337.
[I 2023-11-21 16:00:09,498] Trial 153 finished with value: 2.3262047532344337 and parameters: {'model_name': 'SimpleImputer', 'strategy': 'mean'}. Best is trial 17 with value: 2.3262047532344337.
[I 2023-11-21 16:00:09,766] Trial 156 finished with value: 2.3262047532344337 and parameters: {'model_name': 'SimpleImputer', 'strategy': 'mean'}. Best is trial 17 with value: 2.3262047532344337.
[I 2023-11-21 16:00:10,042] Trial 155 finished with value: 2.3262047532344337 and parameters: {'model_name': 'SimpleImputer', 'strategy': 'mean'}. Best is trial 17 with value: 2.3262047532344337.
[I 2023-11-21 16:00:10,284] Trial 150 finished with value: 2.3262047532344337 and parameters: {'model_name': 'SimpleImputer', 'strategy': 'mean'}. Best is trial 17 with value: 2.3262047532344337.
[I 2023-11-21 16:00:10,537] Trial 161 finished with value: 2.3262047532344337 and parameters: {'model_name': 'SimpleImputer', 'strategy': 'mean'}. Best is trial 17 with value: 2.3262047532344337.
[I 2023-11-21 16:00:10,822] Trial 159 finished with value: 2.3262047532344337 and parameters: {'model_name': 'SimpleImputer', 'strategy': 'mean'}. Best is trial 17 with value: 2.3262047532344337.
[I 2023-11-21 16:00:11,078] Trial 160 finished with value: 2.3262047532344337 and parameters: {'model_name': 'SimpleImputer', 'strategy': 'mean'}. Best is trial 17 with value: 2.3262047532344337.
[I 2023-11-21 16:00:11,295] Trial 157 finished with value: 2.3262047532344337 and parameters: {'model_name': 'SimpleImputer', 'strategy': 'mean'}. Best is trial 17 with value: 2.3262047532344337.
[I 2023-11-21 16:00:11,497] Trial 164 finished with value: 2.3262047532344337 and parameters: {'model_name': 'SimpleImputer', 'strategy': 'mean'}. Best is trial 17 with value: 2.3262047532344337.
[I 2023-11-21 16:00:11,870] Trial 165 finished with value: 2.3262047532344337 and parameters: {'model_name': 'SimpleImputer', 'strategy': 'mean'}. Best is trial 17 with value: 2.3262047532344337.
[I 2023-11-21 16:00:12,125] Trial 162 finished with value: 2.3262047532344337 and parameters: {'model_name': 'SimpleImputer', 'strategy': 'mean'}. Best is trial 17 with value: 2.3262047532344337.
[I 2023-11-21 16:00:12,325] Trial 158 finished with value: 2.3262047532344337 and parameters: {'model_name': 'SimpleImputer', 'strategy': 'mean'}. Best is trial 17 with value: 2.3262047532344337.
[I 2023-11-21 16:00:12,565] Trial 103 finished with value: 2.4409545150435186 and parameters: {'model_name': 'SimpleImputer', 'strategy': 'most_frequent'}. Best is trial 17 with value: 2.3262047532344337.
[I 2023-11-21 16:00:12,793] Trial 166 finished with value: 2.3262047532344337 and parameters: {'model_name': 'SimpleImputer', 'strategy': 'mean'}. Best is trial 17 with value: 2.3262047532344337.
[I 2023-11-21 16:00:13,109] Trial 178 finished with value: 2.3262047532344337 and parameters: {'model_name': 'SimpleImputer', 'strategy': 'mean'}. Best is trial 17 with value: 2.3262047532344337.
[I 2023-11-21 16:00:13,317] Trial 169 finished with value: 2.3262047532344337 and parameters: {'model_name': 'SimpleImputer', 'strategy': 'mean'}. Best is trial 17 with value: 2.3262047532344337.
[I 2023-11-21 16:00:13,555] Trial 163 finished with value: 2.3262047532344337 and parameters: {'model_name': 'SimpleImputer', 'strategy': 'mean'}. Best is trial 17 with value: 2.3262047532344337.
[I 2023-11-21 16:00:13,785] Trial 167 finished with value: 2.3262047532344337 and parameters: {'model_name': 'SimpleImputer', 'strategy': 'mean'}. Best is trial 17 with value: 2.3262047532344337.
[I 2023-11-21 16:00:14,016] Trial 174 finished with value: 2.3262047532344337 and parameters: {'model_name': 'SimpleImputer', 'strategy': 'mean'}. Best is trial 17 with value: 2.3262047532344337.
[I 2023-11-21 16:00:14,226] Trial 176 finished with value: 2.3262047532344337 and parameters: {'model_name': 'SimpleImputer', 'strategy': 'mean'}. Best is trial 17 with value: 2.3262047532344337.
[I 2023-11-21 16:00:14,422] Trial 180 finished with value: 2.3262047532344337 and parameters: {'model_name': 'SimpleImputer', 'strategy': 'mean'}. Best is trial 17 with value: 2.3262047532344337.
[I 2023-11-21 16:00:14,651] Trial 171 finished with value: 2.3262047532344337 and parameters: {'model_name': 'SimpleImputer', 'strategy': 'mean'}. Best is trial 17 with value: 2.3262047532344337.
[I 2023-11-21 16:00:14,884] Trial 168 finished with value: 2.3262047532344337 and parameters: {'model_name': 'SimpleImputer', 'strategy': 'mean'}. Best is trial 17 with value: 2.3262047532344337.
[I 2023-11-21 16:00:15,165] Trial 179 finished with value: 2.3262047532344337 and parameters: {'model_name': 'SimpleImputer', 'strategy': 'mean'}. Best is trial 17 with value: 2.3262047532344337.
[I 2023-11-21 16:00:15,402] Trial 170 finished with value: 2.3262047532344337 and parameters: {'model_name': 'SimpleImputer', 'strategy': 'mean'}. Best is trial 17 with value: 2.3262047532344337.
[I 2023-11-21 16:00:15,656] Trial 173 finished with value: 2.3262047532344337 and parameters: {'model_name': 'SimpleImputer', 'strategy': 'mean'}. Best is trial 17 with value: 2.3262047532344337.
[I 2023-11-21 16:00:15,968] Trial 105 finished with value: 2.4409545150435186 and parameters: {'model_name': 'SimpleImputer', 'strategy': 'most_frequent'}. Best is trial 17 with value: 2.3262047532344337.
[I 2023-11-21 16:00:16,213] Trial 177 finished with value: 2.3262047532344337 and parameters: {'model_name': 'SimpleImputer', 'strategy': 'mean'}. Best is trial 17 with value: 2.3262047532344337.
[I 2023-11-21 16:00:16,432] Trial 183 finished with value: 2.3262047532344337 and parameters: {'model_name': 'SimpleImputer', 'strategy': 'mean'}. Best is trial 17 with value: 2.3262047532344337.
[I 2023-11-21 16:00:16,633] Trial 184 finished with value: 2.3262047532344337 and parameters: {'model_name': 'SimpleImputer', 'strategy': 'mean'}. Best is trial 17 with value: 2.3262047532344337.
[I 2023-11-21 16:00:16,817] Trial 181 finished with value: 2.3262047532344337 and parameters: {'model_name': 'SimpleImputer', 'strategy': 'mean'}. Best is trial 17 with value: 2.3262047532344337.
[I 2023-11-21 16:00:17,043] Trial 172 finished with value: 2.3262047532344337 and parameters: {'model_name': 'SimpleImputer', 'strategy': 'mean'}. Best is trial 17 with value: 2.3262047532344337.
[I 2023-11-21 16:00:17,270] Trial 175 finished with value: 2.3262047532344337 and parameters: {'model_name': 'SimpleImputer', 'strategy': 'mean'}. Best is trial 17 with value: 2.3262047532344337.
[I 2023-11-21 16:00:17,582] Trial 190 finished with value: 2.3262047532344337 and parameters: {'model_name': 'SimpleImputer', 'strategy': 'mean'}. Best is trial 17 with value: 2.3262047532344337.
[I 2023-11-21 16:00:17,807] Trial 185 finished with value: 2.3262047532344337 and parameters: {'model_name': 'SimpleImputer', 'strategy': 'mean'}. Best is trial 17 with value: 2.3262047532344337.
[I 2023-11-21 16:00:18,003] Trial 187 finished with value: 2.3262047532344337 and parameters: {'model_name': 'SimpleImputer', 'strategy': 'mean'}. Best is trial 17 with value: 2.3262047532344337.
[I 2023-11-21 16:00:18,188] Trial 194 finished with value: 2.3262047532344337 and parameters: {'model_name': 'SimpleImputer', 'strategy': 'mean'}. Best is trial 17 with value: 2.3262047532344337.
[I 2023-11-21 16:00:18,418] Trial 196 finished with value: 2.3262047532344337 and parameters: {'model_name': 'SimpleImputer', 'strategy': 'mean'}. Best is trial 17 with value: 2.3262047532344337.
[I 2023-11-21 16:00:18,602] Trial 193 finished with value: 2.3262047532344337 and parameters: {'model_name': 'SimpleImputer', 'strategy': 'mean'}. Best is trial 17 with value: 2.3262047532344337.
[I 2023-11-21 16:00:18,777] Trial 182 finished with value: 2.3262047532344337 and parameters: {'model_name': 'SimpleImputer', 'strategy': 'mean'}. Best is trial 17 with value: 2.3262047532344337.
[I 2023-11-21 16:00:19,023] Trial 186 finished with value: 2.3262047532344337 and parameters: {'model_name': 'SimpleImputer', 'strategy': 'mean'}. Best is trial 17 with value: 2.3262047532344337.
[I 2023-11-21 16:00:19,212] Trial 197 finished with value: 2.3262047532344337 and parameters: {'model_name': 'SimpleImputer', 'strategy': 'mean'}. Best is trial 17 with value: 2.3262047532344337.
[I 2023-11-21 16:00:19,407] Trial 189 finished with value: 2.3262047532344337 and parameters: {'model_name': 'SimpleImputer', 'strategy': 'mean'}. Best is trial 17 with value: 2.3262047532344337.
[I 2023-11-21 16:00:19,589] Trial 192 finished with value: 2.3262047532344337 and parameters: {'model_name': 'SimpleImputer', 'strategy': 'mean'}. Best is trial 17 with value: 2.3262047532344337.
[I 2023-11-21 16:00:19,763] Trial 191 finished with value: 2.3262047532344337 and parameters: {'model_name': 'SimpleImputer', 'strategy': 'mean'}. Best is trial 17 with value: 2.3262047532344337.
[I 2023-11-21 16:00:19,942] Trial 188 finished with value: 2.3262047532344337 and parameters: {'model_name': 'SimpleImputer', 'strategy': 'mean'}. Best is trial 17 with value: 2.3262047532344337.
[I 2023-11-21 16:00:20,164] Trial 195 finished with value: 2.3262047532344337 and parameters: {'model_name': 'SimpleImputer', 'strategy': 'mean'}. Best is trial 17 with value: 2.3262047532344337.
[I 2023-11-21 16:00:20,370] Trial 198 finished with value: 2.3262047532344337 and parameters: {'model_name': 'SimpleImputer', 'strategy': 'mean'}. Best is trial 17 with value: 2.3262047532344337.
[I 2023-11-21 16:00:20,556] Trial 199 finished with value: 2.3262047532344337 and parameters: {'model_name': 'SimpleImputer', 'strategy': 'mean'}. Best is trial 17 with value: 2.3262047532344337.
failed on 
tpot2_imputetest/Impute_Experiments/logs//tpot2_base_normal_6_0.1_MNAR_2
'model_names'
Traceback (most recent call last):
  File "/common/ketrong/AutoImputeExp/tpot2_imputetest/Impute_Experiments/utils.py", line 169, in loop_through_tasks
    SimpleImputeSpace.fit(X_train_pandas)
  File "/common/ketrong/AutoImputeExp/tpot2_imputetest/Impute_Experiments/autoimpute.py", line 61, in fit
    self.best_model = autoutils.MyModel(random_state = self.random_state, **self.study.best_trial.params)
  File "/common/ketrong/AutoImputeExp/tpot2_imputetest/Impute_Experiments/autoutils.py", line 31, in MyModel
    model_name = params['model_names']
KeyError: 'model_names'

DONE
