/cm/local/apps/slurm/var/spool/job402905/slurm_script: line 19: /common/ketrong/minconda3/etc/profile.d/conda.sh: No such file or directory
/cm/local/apps/slurm/var/spool/job402905/slurm_script: line 22: $'\nconda create --name tpot2devenv -c conda-forge python=3.10\n': command not found
/cm/local/apps/slurm/var/spool/job402905/slurm_script: line 27: $'\npip install -r requirements.txt\n': command not found
RunStart
2023-11-21 13:02:32.506564: I tensorflow/core/util/port.cc:113] oneDNN custom operations are on. You may see slightly different numerical results due to floating-point round-off errors from different computation orders. To turn them off, set the environment variable `TF_ENABLE_ONEDNN_OPTS=0`.
2023-11-21 13:02:32.540061: E external/local_xla/xla/stream_executor/cuda/cuda_dnn.cc:9261] Unable to register cuDNN factory: Attempting to register factory for plugin cuDNN when one has already been registered
2023-11-21 13:02:32.540084: E external/local_xla/xla/stream_executor/cuda/cuda_fft.cc:607] Unable to register cuFFT factory: Attempting to register factory for plugin cuFFT when one has already been registered
2023-11-21 13:02:32.540964: E external/local_xla/xla/stream_executor/cuda/cuda_blas.cc:1515] Unable to register cuBLAS factory: Attempting to register factory for plugin cuBLAS when one has already been registered
2023-11-21 13:02:32.546358: I tensorflow/core/platform/cpu_feature_guard.cc:182] This TensorFlow binary is optimized to use available CPU instructions in performance-critical operations.
To enable the following instructions: AVX2 AVX512F AVX512_VNNI FMA, in other operations, rebuild TensorFlow with the appropriate compiler flags.
2023-11-21 13:02:36.972553: W tensorflow/compiler/tf2tensorrt/utils/py_utils.cc:38] TF-TRT Warning: Could not find TensorRT
WARNING:tensorflow:From /home/ketrong/miniconda3/envs/tpot2devenv/lib/python3.10/site-packages/tensorflow/python/compat/v2_compat.py:108: disable_resource_variables (from tensorflow.python.ops.variable_scope) is deprecated and will be removed in a future version.
Instructions for updating:
non-resource variables are not supported in the long term
working on 
tpot2_imputetest/Impute_Experiments/logs//tpot2_base_normal_6_0.3_MNAR_1
loading data
tpot2_imputetest/Impute_Experiments/data/6_True.pkl
running experiment 1/3 - Does large hyperparameter space improve reconstruction accuracy over simple
[I 2023-11-21 13:04:55,814] A new study created in memory with name: no-name-7cfc4571-a731-4cc2-b631-3ac07ad0dfb5
[I 2023-11-21 13:04:57,111] Trial 3 finished with value: 6.579830421240915 and parameters: {'model_name': 'SimpleImputer', 'strategy': 'constant'}. Best is trial 3 with value: 6.579830421240915.
[I 2023-11-21 13:04:57,633] Trial 7 finished with value: 6.579830421240915 and parameters: {'model_name': 'SimpleImputer', 'strategy': 'constant'}. Best is trial 3 with value: 6.579830421240915.
[I 2023-11-21 13:04:57,886] Trial 19 finished with value: 6.579830421240915 and parameters: {'model_name': 'SimpleImputer', 'strategy': 'constant'}. Best is trial 3 with value: 6.579830421240915.
[I 2023-11-21 13:04:58,112] Trial 18 finished with value: 6.579830421240915 and parameters: {'model_name': 'SimpleImputer', 'strategy': 'constant'}. Best is trial 3 with value: 6.579830421240915.
[I 2023-11-21 13:04:58,485] Trial 11 finished with value: 6.579830421240915 and parameters: {'model_name': 'SimpleImputer', 'strategy': 'constant'}. Best is trial 3 with value: 6.579830421240915.
[I 2023-11-21 13:04:58,722] Trial 0 finished with value: 2.336509687467104 and parameters: {'model_name': 'SimpleImputer', 'strategy': 'mean'}. Best is trial 0 with value: 2.336509687467104.
[I 2023-11-21 13:04:59,082] Trial 28 finished with value: 6.579830421240915 and parameters: {'model_name': 'SimpleImputer', 'strategy': 'constant'}. Best is trial 0 with value: 2.336509687467104.
[I 2023-11-21 13:04:59,404] Trial 17 finished with value: 2.336509687467104 and parameters: {'model_name': 'SimpleImputer', 'strategy': 'mean'}. Best is trial 0 with value: 2.336509687467104.
[I 2023-11-21 13:04:59,624] Trial 10 finished with value: 2.336509687467104 and parameters: {'model_name': 'SimpleImputer', 'strategy': 'mean'}. Best is trial 0 with value: 2.336509687467104.
[I 2023-11-21 13:04:59,893] Trial 1 finished with value: 2.336509687467104 and parameters: {'model_name': 'SimpleImputer', 'strategy': 'mean'}. Best is trial 0 with value: 2.336509687467104.
[I 2023-11-21 13:05:00,166] Trial 16 finished with value: 2.336509687467104 and parameters: {'model_name': 'SimpleImputer', 'strategy': 'mean'}. Best is trial 0 with value: 2.336509687467104.
[I 2023-11-21 13:05:00,456] Trial 12 finished with value: 2.336509687467104 and parameters: {'model_name': 'SimpleImputer', 'strategy': 'mean'}. Best is trial 0 with value: 2.336509687467104.
[I 2023-11-21 13:05:00,744] Trial 6 finished with value: 2.336509687467104 and parameters: {'model_name': 'SimpleImputer', 'strategy': 'mean'}. Best is trial 0 with value: 2.336509687467104.
[I 2023-11-21 13:05:01,015] Trial 44 finished with value: 6.579830421240915 and parameters: {'model_name': 'SimpleImputer', 'strategy': 'constant'}. Best is trial 0 with value: 2.336509687467104.
[I 2023-11-21 13:05:01,215] Trial 8 finished with value: 2.336509687467104 and parameters: {'model_name': 'SimpleImputer', 'strategy': 'mean'}. Best is trial 0 with value: 2.336509687467104.
[I 2023-11-21 13:05:01,499] Trial 9 finished with value: 2.336509687467104 and parameters: {'model_name': 'SimpleImputer', 'strategy': 'mean'}. Best is trial 0 with value: 2.336509687467104.
[I 2023-11-21 13:05:01,768] Trial 23 finished with value: 6.579830421240915 and parameters: {'model_name': 'SimpleImputer', 'strategy': 'constant'}. Best is trial 0 with value: 2.336509687467104.
[I 2023-11-21 13:05:02,274] Trial 47 finished with value: 6.579830421240915 and parameters: {'model_name': 'SimpleImputer', 'strategy': 'constant'}. Best is trial 0 with value: 2.336509687467104.
[I 2023-11-21 13:05:02,464] Trial 34 finished with value: 2.336509687467104 and parameters: {'model_name': 'SimpleImputer', 'strategy': 'mean'}. Best is trial 0 with value: 2.336509687467104.
[I 2023-11-21 13:05:02,647] Trial 46 finished with value: 6.579830421240915 and parameters: {'model_name': 'SimpleImputer', 'strategy': 'constant'}. Best is trial 0 with value: 2.336509687467104.
[I 2023-11-21 13:05:02,844] Trial 48 finished with value: 6.579830421240915 and parameters: {'model_name': 'SimpleImputer', 'strategy': 'constant'}. Best is trial 0 with value: 2.336509687467104.
[I 2023-11-21 13:05:03,104] Trial 29 finished with value: 2.336509687467104 and parameters: {'model_name': 'SimpleImputer', 'strategy': 'mean'}. Best is trial 0 with value: 2.336509687467104.
[I 2023-11-21 13:05:03,278] Trial 32 finished with value: 2.336509687467104 and parameters: {'model_name': 'SimpleImputer', 'strategy': 'mean'}. Best is trial 0 with value: 2.336509687467104.
[I 2023-11-21 13:05:03,586] Trial 13 finished with value: 2.397481827779403 and parameters: {'model_name': 'SimpleImputer', 'strategy': 'median'}. Best is trial 0 with value: 2.336509687467104.
[I 2023-11-21 13:05:03,948] Trial 42 finished with value: 2.336509687467104 and parameters: {'model_name': 'SimpleImputer', 'strategy': 'mean'}. Best is trial 0 with value: 2.336509687467104.
[I 2023-11-21 13:05:04,260] Trial 4 finished with value: 2.397481827779403 and parameters: {'model_name': 'SimpleImputer', 'strategy': 'median'}. Best is trial 0 with value: 2.336509687467104.
[I 2023-11-21 13:05:04,552] Trial 27 finished with value: 2.397481827779403 and parameters: {'model_name': 'SimpleImputer', 'strategy': 'median'}. Best is trial 0 with value: 2.336509687467104.
[I 2023-11-21 13:05:04,850] Trial 41 finished with value: 2.336509687467104 and parameters: {'model_name': 'SimpleImputer', 'strategy': 'mean'}. Best is trial 0 with value: 2.336509687467104.
[I 2023-11-21 13:05:05,093] Trial 37 finished with value: 2.336509687467104 and parameters: {'model_name': 'SimpleImputer', 'strategy': 'mean'}. Best is trial 0 with value: 2.336509687467104.
[I 2023-11-21 13:05:05,714] Trial 30 finished with value: 2.397481827779403 and parameters: {'model_name': 'SimpleImputer', 'strategy': 'median'}. Best is trial 0 with value: 2.336509687467104.
[I 2023-11-21 13:05:06,014] Trial 51 finished with value: 2.336509687467104 and parameters: {'model_name': 'SimpleImputer', 'strategy': 'mean'}. Best is trial 0 with value: 2.336509687467104.
[I 2023-11-21 13:05:06,248] Trial 25 finished with value: 2.397481827779403 and parameters: {'model_name': 'SimpleImputer', 'strategy': 'median'}. Best is trial 0 with value: 2.336509687467104.
[I 2023-11-21 13:05:06,490] Trial 33 finished with value: 2.397481827779403 and parameters: {'model_name': 'SimpleImputer', 'strategy': 'median'}. Best is trial 0 with value: 2.336509687467104.
[I 2023-11-21 13:05:06,824] Trial 40 finished with value: 2.397481827779403 and parameters: {'model_name': 'SimpleImputer', 'strategy': 'median'}. Best is trial 0 with value: 2.336509687467104.
[I 2023-11-21 13:05:07,053] Trial 31 finished with value: 2.397481827779403 and parameters: {'model_name': 'SimpleImputer', 'strategy': 'median'}. Best is trial 0 with value: 2.336509687467104.
[I 2023-11-21 13:05:07,348] Trial 36 finished with value: 2.397481827779403 and parameters: {'model_name': 'SimpleImputer', 'strategy': 'median'}. Best is trial 0 with value: 2.336509687467104.
[I 2023-11-21 13:05:07,880] Trial 45 finished with value: 2.397481827779403 and parameters: {'model_name': 'SimpleImputer', 'strategy': 'median'}. Best is trial 0 with value: 2.336509687467104.
[I 2023-11-21 13:05:08,305] Trial 53 finished with value: 2.336509687467104 and parameters: {'model_name': 'SimpleImputer', 'strategy': 'mean'}. Best is trial 0 with value: 2.336509687467104.
[I 2023-11-21 13:05:08,770] Trial 38 finished with value: 2.397481827779403 and parameters: {'model_name': 'SimpleImputer', 'strategy': 'median'}. Best is trial 0 with value: 2.336509687467104.
[I 2023-11-21 13:05:09,280] Trial 49 finished with value: 2.397481827779403 and parameters: {'model_name': 'SimpleImputer', 'strategy': 'median'}. Best is trial 0 with value: 2.336509687467104.
[I 2023-11-21 13:05:09,599] Trial 54 finished with value: 2.397481827779403 and parameters: {'model_name': 'SimpleImputer', 'strategy': 'median'}. Best is trial 0 with value: 2.336509687467104.
[I 2023-11-21 13:05:09,970] Trial 52 finished with value: 2.397481827779403 and parameters: {'model_name': 'SimpleImputer', 'strategy': 'median'}. Best is trial 0 with value: 2.336509687467104.
[I 2023-11-21 13:05:10,425] Trial 57 finished with value: 2.397481827779403 and parameters: {'model_name': 'SimpleImputer', 'strategy': 'median'}. Best is trial 0 with value: 2.336509687467104.
[I 2023-11-21 13:05:10,793] Trial 55 finished with value: 2.397481827779403 and parameters: {'model_name': 'SimpleImputer', 'strategy': 'median'}. Best is trial 0 with value: 2.336509687467104.
[I 2023-11-21 13:05:11,554] Trial 76 finished with value: 2.336509687467104 and parameters: {'model_name': 'SimpleImputer', 'strategy': 'mean'}. Best is trial 0 with value: 2.336509687467104.
[I 2023-11-21 13:05:11,818] Trial 65 finished with value: 2.397481827779403 and parameters: {'model_name': 'SimpleImputer', 'strategy': 'median'}. Best is trial 0 with value: 2.336509687467104.
[I 2023-11-21 13:05:12,043] Trial 59 finished with value: 2.397481827779403 and parameters: {'model_name': 'SimpleImputer', 'strategy': 'median'}. Best is trial 0 with value: 2.336509687467104.
[I 2023-11-21 13:05:12,314] Trial 68 finished with value: 2.397481827779403 and parameters: {'model_name': 'SimpleImputer', 'strategy': 'median'}. Best is trial 0 with value: 2.336509687467104.
[I 2023-11-21 13:05:12,618] Trial 67 finished with value: 2.397481827779403 and parameters: {'model_name': 'SimpleImputer', 'strategy': 'median'}. Best is trial 0 with value: 2.336509687467104.
[I 2023-11-21 13:05:13,028] Trial 69 finished with value: 2.397481827779403 and parameters: {'model_name': 'SimpleImputer', 'strategy': 'median'}. Best is trial 0 with value: 2.336509687467104.
[I 2023-11-21 13:05:13,752] Trial 15 finished with value: 2.506268869628827 and parameters: {'model_name': 'SimpleImputer', 'strategy': 'most_frequent'}. Best is trial 0 with value: 2.336509687467104.
[I 2023-11-21 13:05:14,560] Trial 2 finished with value: 2.506268869628827 and parameters: {'model_name': 'SimpleImputer', 'strategy': 'most_frequent'}. Best is trial 0 with value: 2.336509687467104.
[I 2023-11-21 13:05:14,967] Trial 14 finished with value: 2.506268869628827 and parameters: {'model_name': 'SimpleImputer', 'strategy': 'most_frequent'}. Best is trial 0 with value: 2.336509687467104.
[I 2023-11-21 13:05:15,421] Trial 5 finished with value: 2.506268869628827 and parameters: {'model_name': 'SimpleImputer', 'strategy': 'most_frequent'}. Best is trial 0 with value: 2.336509687467104.
[I 2023-11-21 13:05:15,618] Trial 22 finished with value: 2.506268869628827 and parameters: {'model_name': 'SimpleImputer', 'strategy': 'most_frequent'}. Best is trial 0 with value: 2.336509687467104.
[I 2023-11-21 13:05:15,964] Trial 26 finished with value: 2.506268869628827 and parameters: {'model_name': 'SimpleImputer', 'strategy': 'most_frequent'}. Best is trial 0 with value: 2.336509687467104.
[I 2023-11-21 13:05:16,160] Trial 39 finished with value: 2.506268869628827 and parameters: {'model_name': 'SimpleImputer', 'strategy': 'most_frequent'}. Best is trial 0 with value: 2.336509687467104.
[I 2023-11-21 13:05:16,372] Trial 21 finished with value: 2.506268869628827 and parameters: {'model_name': 'SimpleImputer', 'strategy': 'most_frequent'}. Best is trial 0 with value: 2.336509687467104.
[I 2023-11-21 13:05:16,763] Trial 35 finished with value: 2.506268869628827 and parameters: {'model_name': 'SimpleImputer', 'strategy': 'most_frequent'}. Best is trial 0 with value: 2.336509687467104.
[I 2023-11-21 13:05:16,989] Trial 20 finished with value: 2.506268869628827 and parameters: {'model_name': 'SimpleImputer', 'strategy': 'most_frequent'}. Best is trial 0 with value: 2.336509687467104.
[I 2023-11-21 13:05:17,353] Trial 24 finished with value: 2.506268869628827 and parameters: {'model_name': 'SimpleImputer', 'strategy': 'most_frequent'}. Best is trial 0 with value: 2.336509687467104.
[I 2023-11-21 13:05:17,609] Trial 93 finished with value: 2.336509687467104 and parameters: {'model_name': 'SimpleImputer', 'strategy': 'mean'}. Best is trial 0 with value: 2.336509687467104.
[I 2023-11-21 13:05:18,077] Trial 43 finished with value: 2.506268869628827 and parameters: {'model_name': 'SimpleImputer', 'strategy': 'most_frequent'}. Best is trial 0 with value: 2.336509687467104.
[I 2023-11-21 13:05:19,224] Trial 50 finished with value: 2.506268869628827 and parameters: {'model_name': 'SimpleImputer', 'strategy': 'most_frequent'}. Best is trial 0 with value: 2.336509687467104.
[I 2023-11-21 13:05:19,983] Trial 58 finished with value: 2.506268869628827 and parameters: {'model_name': 'SimpleImputer', 'strategy': 'most_frequent'}. Best is trial 0 with value: 2.336509687467104.
[I 2023-11-21 13:05:20,334] Trial 102 finished with value: 2.336509687467104 and parameters: {'model_name': 'SimpleImputer', 'strategy': 'mean'}. Best is trial 0 with value: 2.336509687467104.
[I 2023-11-21 13:05:20,528] Trial 103 finished with value: 2.336509687467104 and parameters: {'model_name': 'SimpleImputer', 'strategy': 'mean'}. Best is trial 0 with value: 2.336509687467104.
[I 2023-11-21 13:05:20,708] Trial 61 finished with value: 2.506268869628827 and parameters: {'model_name': 'SimpleImputer', 'strategy': 'most_frequent'}. Best is trial 0 with value: 2.336509687467104.
[I 2023-11-21 13:05:21,089] Trial 62 finished with value: 2.506268869628827 and parameters: {'model_name': 'SimpleImputer', 'strategy': 'most_frequent'}. Best is trial 0 with value: 2.336509687467104.
[I 2023-11-21 13:05:21,320] Trial 105 finished with value: 2.336509687467104 and parameters: {'model_name': 'SimpleImputer', 'strategy': 'mean'}. Best is trial 0 with value: 2.336509687467104.
[I 2023-11-21 13:05:21,576] Trial 104 finished with value: 2.336509687467104 and parameters: {'model_name': 'SimpleImputer', 'strategy': 'mean'}. Best is trial 0 with value: 2.336509687467104.
[I 2023-11-21 13:05:21,859] Trial 56 finished with value: 2.506268869628827 and parameters: {'model_name': 'SimpleImputer', 'strategy': 'most_frequent'}. Best is trial 0 with value: 2.336509687467104.
[I 2023-11-21 13:05:22,034] Trial 60 finished with value: 2.506268869628827 and parameters: {'model_name': 'SimpleImputer', 'strategy': 'most_frequent'}. Best is trial 0 with value: 2.336509687467104.
[I 2023-11-21 13:05:22,297] Trial 101 finished with value: 2.336509687467104 and parameters: {'model_name': 'SimpleImputer', 'strategy': 'mean'}. Best is trial 0 with value: 2.336509687467104.
[I 2023-11-21 13:05:22,652] Trial 64 finished with value: 2.506268869628827 and parameters: {'model_name': 'SimpleImputer', 'strategy': 'most_frequent'}. Best is trial 0 with value: 2.336509687467104.
[I 2023-11-21 13:05:22,872] Trial 72 finished with value: 2.506268869628827 and parameters: {'model_name': 'SimpleImputer', 'strategy': 'most_frequent'}. Best is trial 0 with value: 2.336509687467104.
[I 2023-11-21 13:05:23,100] Trial 107 finished with value: 2.336509687467104 and parameters: {'model_name': 'SimpleImputer', 'strategy': 'mean'}. Best is trial 0 with value: 2.336509687467104.
[I 2023-11-21 13:05:23,432] Trial 66 finished with value: 2.506268869628827 and parameters: {'model_name': 'SimpleImputer', 'strategy': 'most_frequent'}. Best is trial 0 with value: 2.336509687467104.
[I 2023-11-21 13:05:23,680] Trial 81 finished with value: 2.506268869628827 and parameters: {'model_name': 'SimpleImputer', 'strategy': 'most_frequent'}. Best is trial 0 with value: 2.336509687467104.
[I 2023-11-21 13:05:23,865] Trial 106 finished with value: 2.336509687467104 and parameters: {'model_name': 'SimpleImputer', 'strategy': 'mean'}. Best is trial 0 with value: 2.336509687467104.
[I 2023-11-21 13:05:24,101] Trial 71 finished with value: 2.506268869628827 and parameters: {'model_name': 'SimpleImputer', 'strategy': 'most_frequent'}. Best is trial 0 with value: 2.336509687467104.
[I 2023-11-21 13:05:24,280] Trial 108 finished with value: 2.336509687467104 and parameters: {'model_name': 'SimpleImputer', 'strategy': 'mean'}. Best is trial 0 with value: 2.336509687467104.
[I 2023-11-21 13:05:24,555] Trial 73 finished with value: 2.506268869628827 and parameters: {'model_name': 'SimpleImputer', 'strategy': 'most_frequent'}. Best is trial 0 with value: 2.336509687467104.
[I 2023-11-21 13:05:24,803] Trial 70 finished with value: 2.506268869628827 and parameters: {'model_name': 'SimpleImputer', 'strategy': 'most_frequent'}. Best is trial 0 with value: 2.336509687467104.
[I 2023-11-21 13:05:25,117] Trial 74 finished with value: 2.506268869628827 and parameters: {'model_name': 'SimpleImputer', 'strategy': 'most_frequent'}. Best is trial 0 with value: 2.336509687467104.
[I 2023-11-21 13:05:25,348] Trial 109 finished with value: 2.336509687467104 and parameters: {'model_name': 'SimpleImputer', 'strategy': 'mean'}. Best is trial 0 with value: 2.336509687467104.
[I 2023-11-21 13:05:25,612] Trial 110 finished with value: 2.336509687467104 and parameters: {'model_name': 'SimpleImputer', 'strategy': 'mean'}. Best is trial 0 with value: 2.336509687467104.
[I 2023-11-21 13:05:26,173] Trial 63 finished with value: 2.506268869628827 and parameters: {'model_name': 'SimpleImputer', 'strategy': 'most_frequent'}. Best is trial 0 with value: 2.336509687467104.
[I 2023-11-21 13:05:26,424] Trial 79 finished with value: 2.506268869628827 and parameters: {'model_name': 'SimpleImputer', 'strategy': 'most_frequent'}. Best is trial 0 with value: 2.336509687467104.
[I 2023-11-21 13:05:26,679] Trial 78 finished with value: 2.506268869628827 and parameters: {'model_name': 'SimpleImputer', 'strategy': 'most_frequent'}. Best is trial 0 with value: 2.336509687467104.
[I 2023-11-21 13:05:27,007] Trial 75 finished with value: 2.506268869628827 and parameters: {'model_name': 'SimpleImputer', 'strategy': 'most_frequent'}. Best is trial 0 with value: 2.336509687467104.
[I 2023-11-21 13:05:27,382] Trial 82 finished with value: 2.506268869628827 and parameters: {'model_name': 'SimpleImputer', 'strategy': 'most_frequent'}. Best is trial 0 with value: 2.336509687467104.
[I 2023-11-21 13:05:27,713] Trial 84 finished with value: 2.506268869628827 and parameters: {'model_name': 'SimpleImputer', 'strategy': 'most_frequent'}. Best is trial 0 with value: 2.336509687467104.
[I 2023-11-21 13:05:27,931] Trial 85 finished with value: 2.506268869628827 and parameters: {'model_name': 'SimpleImputer', 'strategy': 'most_frequent'}. Best is trial 0 with value: 2.336509687467104.
[I 2023-11-21 13:05:28,118] Trial 111 finished with value: 2.336509687467104 and parameters: {'model_name': 'SimpleImputer', 'strategy': 'mean'}. Best is trial 0 with value: 2.336509687467104.
[I 2023-11-21 13:05:28,353] Trial 80 finished with value: 2.506268869628827 and parameters: {'model_name': 'SimpleImputer', 'strategy': 'most_frequent'}. Best is trial 0 with value: 2.336509687467104.
[I 2023-11-21 13:05:28,653] Trial 77 finished with value: 2.506268869628827 and parameters: {'model_name': 'SimpleImputer', 'strategy': 'most_frequent'}. Best is trial 0 with value: 2.336509687467104.
[I 2023-11-21 13:05:28,945] Trial 116 finished with value: 2.336509687467104 and parameters: {'model_name': 'SimpleImputer', 'strategy': 'mean'}. Best is trial 0 with value: 2.336509687467104.
[I 2023-11-21 13:05:29,292] Trial 83 finished with value: 2.506268869628827 and parameters: {'model_name': 'SimpleImputer', 'strategy': 'most_frequent'}. Best is trial 0 with value: 2.336509687467104.
[I 2023-11-21 13:05:29,756] Trial 113 finished with value: 2.336509687467104 and parameters: {'model_name': 'SimpleImputer', 'strategy': 'mean'}. Best is trial 0 with value: 2.336509687467104.
[I 2023-11-21 13:05:30,185] Trial 112 finished with value: 2.336509687467104 and parameters: {'model_name': 'SimpleImputer', 'strategy': 'mean'}. Best is trial 0 with value: 2.336509687467104.
[I 2023-11-21 13:05:30,421] Trial 117 finished with value: 2.336509687467104 and parameters: {'model_name': 'SimpleImputer', 'strategy': 'mean'}. Best is trial 0 with value: 2.336509687467104.
[I 2023-11-21 13:05:30,719] Trial 124 finished with value: 2.336509687467104 and parameters: {'model_name': 'SimpleImputer', 'strategy': 'mean'}. Best is trial 0 with value: 2.336509687467104.
[I 2023-11-21 13:05:30,902] Trial 89 finished with value: 2.506268869628827 and parameters: {'model_name': 'SimpleImputer', 'strategy': 'most_frequent'}. Best is trial 0 with value: 2.336509687467104.
[I 2023-11-21 13:05:31,092] Trial 118 finished with value: 2.336509687467104 and parameters: {'model_name': 'SimpleImputer', 'strategy': 'mean'}. Best is trial 0 with value: 2.336509687467104.
[I 2023-11-21 13:05:31,275] Trial 115 finished with value: 2.336509687467104 and parameters: {'model_name': 'SimpleImputer', 'strategy': 'mean'}. Best is trial 0 with value: 2.336509687467104.
[I 2023-11-21 13:05:31,548] Trial 129 finished with value: 2.336509687467104 and parameters: {'model_name': 'SimpleImputer', 'strategy': 'mean'}. Best is trial 0 with value: 2.336509687467104.
[I 2023-11-21 13:05:31,788] Trial 119 finished with value: 2.336509687467104 and parameters: {'model_name': 'SimpleImputer', 'strategy': 'mean'}. Best is trial 0 with value: 2.336509687467104.
[I 2023-11-21 13:05:32,133] Trial 87 finished with value: 2.506268869628827 and parameters: {'model_name': 'SimpleImputer', 'strategy': 'most_frequent'}. Best is trial 0 with value: 2.336509687467104.
[I 2023-11-21 13:05:32,390] Trial 122 finished with value: 2.336509687467104 and parameters: {'model_name': 'SimpleImputer', 'strategy': 'mean'}. Best is trial 0 with value: 2.336509687467104.
[I 2023-11-21 13:05:32,619] Trial 120 finished with value: 2.336509687467104 and parameters: {'model_name': 'SimpleImputer', 'strategy': 'mean'}. Best is trial 0 with value: 2.336509687467104.
[I 2023-11-21 13:05:32,817] Trial 114 finished with value: 2.336509687467104 and parameters: {'model_name': 'SimpleImputer', 'strategy': 'mean'}. Best is trial 0 with value: 2.336509687467104.
[I 2023-11-21 13:05:33,069] Trial 123 finished with value: 2.336509687467104 and parameters: {'model_name': 'SimpleImputer', 'strategy': 'mean'}. Best is trial 0 with value: 2.336509687467104.
[I 2023-11-21 13:05:33,406] Trial 126 finished with value: 2.336509687467104 and parameters: {'model_name': 'SimpleImputer', 'strategy': 'mean'}. Best is trial 0 with value: 2.336509687467104.
[I 2023-11-21 13:05:33,610] Trial 121 finished with value: 2.336509687467104 and parameters: {'model_name': 'SimpleImputer', 'strategy': 'mean'}. Best is trial 0 with value: 2.336509687467104.
[I 2023-11-21 13:05:33,905] Trial 128 finished with value: 2.336509687467104 and parameters: {'model_name': 'SimpleImputer', 'strategy': 'mean'}. Best is trial 0 with value: 2.336509687467104.
[I 2023-11-21 13:05:34,083] Trial 127 finished with value: 2.336509687467104 and parameters: {'model_name': 'SimpleImputer', 'strategy': 'mean'}. Best is trial 0 with value: 2.336509687467104.
[I 2023-11-21 13:05:34,303] Trial 86 finished with value: 2.506268869628827 and parameters: {'model_name': 'SimpleImputer', 'strategy': 'most_frequent'}. Best is trial 0 with value: 2.336509687467104.
[I 2023-11-21 13:05:34,518] Trial 130 finished with value: 2.336509687467104 and parameters: {'model_name': 'SimpleImputer', 'strategy': 'mean'}. Best is trial 0 with value: 2.336509687467104.
[I 2023-11-21 13:05:34,830] Trial 91 finished with value: 2.506268869628827 and parameters: {'model_name': 'SimpleImputer', 'strategy': 'most_frequent'}. Best is trial 0 with value: 2.336509687467104.
[I 2023-11-21 13:05:35,075] Trial 125 finished with value: 2.336509687467104 and parameters: {'model_name': 'SimpleImputer', 'strategy': 'mean'}. Best is trial 0 with value: 2.336509687467104.
[I 2023-11-21 13:05:35,270] Trial 131 finished with value: 2.336509687467104 and parameters: {'model_name': 'SimpleImputer', 'strategy': 'mean'}. Best is trial 0 with value: 2.336509687467104.
[I 2023-11-21 13:05:35,688] Trial 136 finished with value: 2.336509687467104 and parameters: {'model_name': 'SimpleImputer', 'strategy': 'mean'}. Best is trial 0 with value: 2.336509687467104.
[I 2023-11-21 13:05:36,139] Trial 97 finished with value: 2.506268869628827 and parameters: {'model_name': 'SimpleImputer', 'strategy': 'most_frequent'}. Best is trial 0 with value: 2.336509687467104.
[I 2023-11-21 13:05:36,422] Trial 88 finished with value: 2.506268869628827 and parameters: {'model_name': 'SimpleImputer', 'strategy': 'most_frequent'}. Best is trial 0 with value: 2.336509687467104.
[I 2023-11-21 13:05:36,654] Trial 137 finished with value: 2.336509687467104 and parameters: {'model_name': 'SimpleImputer', 'strategy': 'mean'}. Best is trial 0 with value: 2.336509687467104.
[I 2023-11-21 13:05:36,857] Trial 95 finished with value: 2.506268869628827 and parameters: {'model_name': 'SimpleImputer', 'strategy': 'most_frequent'}. Best is trial 0 with value: 2.336509687467104.
[I 2023-11-21 13:05:37,030] Trial 132 finished with value: 2.336509687467104 and parameters: {'model_name': 'SimpleImputer', 'strategy': 'mean'}. Best is trial 0 with value: 2.336509687467104.
[I 2023-11-21 13:05:37,303] Trial 134 finished with value: 2.336509687467104 and parameters: {'model_name': 'SimpleImputer', 'strategy': 'mean'}. Best is trial 0 with value: 2.336509687467104.
[I 2023-11-21 13:05:37,576] Trial 133 finished with value: 2.336509687467104 and parameters: {'model_name': 'SimpleImputer', 'strategy': 'mean'}. Best is trial 0 with value: 2.336509687467104.
[I 2023-11-21 13:05:37,907] Trial 135 finished with value: 2.336509687467104 and parameters: {'model_name': 'SimpleImputer', 'strategy': 'mean'}. Best is trial 0 with value: 2.336509687467104.
[I 2023-11-21 13:05:38,159] Trial 98 finished with value: 2.506268869628827 and parameters: {'model_name': 'SimpleImputer', 'strategy': 'most_frequent'}. Best is trial 0 with value: 2.336509687467104.
[I 2023-11-21 13:05:38,339] Trial 90 finished with value: 2.506268869628827 and parameters: {'model_name': 'SimpleImputer', 'strategy': 'most_frequent'}. Best is trial 0 with value: 2.336509687467104.
[I 2023-11-21 13:05:38,737] Trial 141 finished with value: 2.336509687467104 and parameters: {'model_name': 'SimpleImputer', 'strategy': 'mean'}. Best is trial 0 with value: 2.336509687467104.
[I 2023-11-21 13:05:38,928] Trial 142 finished with value: 2.336509687467104 and parameters: {'model_name': 'SimpleImputer', 'strategy': 'mean'}. Best is trial 0 with value: 2.336509687467104.
[I 2023-11-21 13:05:39,118] Trial 144 finished with value: 2.336509687467104 and parameters: {'model_name': 'SimpleImputer', 'strategy': 'mean'}. Best is trial 0 with value: 2.336509687467104.
[I 2023-11-21 13:05:39,326] Trial 92 finished with value: 2.506268869628827 and parameters: {'model_name': 'SimpleImputer', 'strategy': 'most_frequent'}. Best is trial 0 with value: 2.336509687467104.
[I 2023-11-21 13:05:39,669] Trial 145 finished with value: 2.336509687467104 and parameters: {'model_name': 'SimpleImputer', 'strategy': 'mean'}. Best is trial 0 with value: 2.336509687467104.
[I 2023-11-21 13:05:39,913] Trial 140 finished with value: 2.336509687467104 and parameters: {'model_name': 'SimpleImputer', 'strategy': 'mean'}. Best is trial 0 with value: 2.336509687467104.
[I 2023-11-21 13:05:40,124] Trial 139 finished with value: 2.336509687467104 and parameters: {'model_name': 'SimpleImputer', 'strategy': 'mean'}. Best is trial 0 with value: 2.336509687467104.
[I 2023-11-21 13:05:40,395] Trial 146 finished with value: 2.336509687467104 and parameters: {'model_name': 'SimpleImputer', 'strategy': 'mean'}. Best is trial 0 with value: 2.336509687467104.
[I 2023-11-21 13:05:40,668] Trial 147 finished with value: 2.336509687467104 and parameters: {'model_name': 'SimpleImputer', 'strategy': 'mean'}. Best is trial 0 with value: 2.336509687467104.
[I 2023-11-21 13:05:40,851] Trial 143 finished with value: 2.336509687467104 and parameters: {'model_name': 'SimpleImputer', 'strategy': 'mean'}. Best is trial 0 with value: 2.336509687467104.
[I 2023-11-21 13:05:41,200] Trial 138 finished with value: 2.336509687467104 and parameters: {'model_name': 'SimpleImputer', 'strategy': 'mean'}. Best is trial 0 with value: 2.336509687467104.
[I 2023-11-21 13:05:41,612] Trial 96 finished with value: 2.506268869628827 and parameters: {'model_name': 'SimpleImputer', 'strategy': 'most_frequent'}. Best is trial 0 with value: 2.336509687467104.
[I 2023-11-21 13:05:42,019] Trial 150 finished with value: 2.336509687467104 and parameters: {'model_name': 'SimpleImputer', 'strategy': 'mean'}. Best is trial 0 with value: 2.336509687467104.
[I 2023-11-21 13:05:42,261] Trial 148 finished with value: 2.336509687467104 and parameters: {'model_name': 'SimpleImputer', 'strategy': 'mean'}. Best is trial 0 with value: 2.336509687467104.
[I 2023-11-21 13:05:42,525] Trial 151 finished with value: 2.336509687467104 and parameters: {'model_name': 'SimpleImputer', 'strategy': 'mean'}. Best is trial 0 with value: 2.336509687467104.
[I 2023-11-21 13:05:42,741] Trial 156 finished with value: 2.336509687467104 and parameters: {'model_name': 'SimpleImputer', 'strategy': 'mean'}. Best is trial 0 with value: 2.336509687467104.
[I 2023-11-21 13:05:42,939] Trial 158 finished with value: 2.336509687467104 and parameters: {'model_name': 'SimpleImputer', 'strategy': 'mean'}. Best is trial 0 with value: 2.336509687467104.
[I 2023-11-21 13:05:43,138] Trial 94 finished with value: 2.506268869628827 and parameters: {'model_name': 'SimpleImputer', 'strategy': 'most_frequent'}. Best is trial 0 with value: 2.336509687467104.
[I 2023-11-21 13:05:43,362] Trial 152 finished with value: 2.336509687467104 and parameters: {'model_name': 'SimpleImputer', 'strategy': 'mean'}. Best is trial 0 with value: 2.336509687467104.
[I 2023-11-21 13:05:43,610] Trial 155 finished with value: 2.336509687467104 and parameters: {'model_name': 'SimpleImputer', 'strategy': 'mean'}. Best is trial 0 with value: 2.336509687467104.
[I 2023-11-21 13:05:43,847] Trial 153 finished with value: 2.336509687467104 and parameters: {'model_name': 'SimpleImputer', 'strategy': 'mean'}. Best is trial 0 with value: 2.336509687467104.
[I 2023-11-21 13:05:44,086] Trial 149 finished with value: 2.336509687467104 and parameters: {'model_name': 'SimpleImputer', 'strategy': 'mean'}. Best is trial 0 with value: 2.336509687467104.
[I 2023-11-21 13:05:44,414] Trial 99 finished with value: 2.506268869628827 and parameters: {'model_name': 'SimpleImputer', 'strategy': 'most_frequent'}. Best is trial 0 with value: 2.336509687467104.
[I 2023-11-21 13:05:44,668] Trial 154 finished with value: 2.336509687467104 and parameters: {'model_name': 'SimpleImputer', 'strategy': 'mean'}. Best is trial 0 with value: 2.336509687467104.
[I 2023-11-21 13:05:44,899] Trial 157 finished with value: 2.336509687467104 and parameters: {'model_name': 'SimpleImputer', 'strategy': 'mean'}. Best is trial 0 with value: 2.336509687467104.
[I 2023-11-21 13:05:45,277] Trial 162 finished with value: 2.336509687467104 and parameters: {'model_name': 'SimpleImputer', 'strategy': 'mean'}. Best is trial 0 with value: 2.336509687467104.
[I 2023-11-21 13:05:45,550] Trial 173 finished with value: 6.579830421240915 and parameters: {'model_name': 'SimpleImputer', 'strategy': 'constant'}. Best is trial 0 with value: 2.336509687467104.
[I 2023-11-21 13:05:45,820] Trial 176 finished with value: 6.579830421240915 and parameters: {'model_name': 'SimpleImputer', 'strategy': 'constant'}. Best is trial 0 with value: 2.336509687467104.
[I 2023-11-21 13:05:46,080] Trial 161 finished with value: 2.336509687467104 and parameters: {'model_name': 'SimpleImputer', 'strategy': 'mean'}. Best is trial 0 with value: 2.336509687467104.
[I 2023-11-21 13:05:46,294] Trial 159 finished with value: 2.336509687467104 and parameters: {'model_name': 'SimpleImputer', 'strategy': 'mean'}. Best is trial 0 with value: 2.336509687467104.
[I 2023-11-21 13:05:46,509] Trial 168 finished with value: 2.336509687467104 and parameters: {'model_name': 'SimpleImputer', 'strategy': 'mean'}. Best is trial 0 with value: 2.336509687467104.
[I 2023-11-21 13:05:46,727] Trial 160 finished with value: 2.336509687467104 and parameters: {'model_name': 'SimpleImputer', 'strategy': 'mean'}. Best is trial 0 with value: 2.336509687467104.
[I 2023-11-21 13:05:46,932] Trial 163 finished with value: 2.336509687467104 and parameters: {'model_name': 'SimpleImputer', 'strategy': 'mean'}. Best is trial 0 with value: 2.336509687467104.
[I 2023-11-21 13:05:47,149] Trial 164 finished with value: 2.336509687467104 and parameters: {'model_name': 'SimpleImputer', 'strategy': 'mean'}. Best is trial 0 with value: 2.336509687467104.
[I 2023-11-21 13:05:47,385] Trial 165 finished with value: 2.336509687467104 and parameters: {'model_name': 'SimpleImputer', 'strategy': 'mean'}. Best is trial 0 with value: 2.336509687467104.
[I 2023-11-21 13:05:47,583] Trial 179 finished with value: 6.579830421240915 and parameters: {'model_name': 'SimpleImputer', 'strategy': 'constant'}. Best is trial 0 with value: 2.336509687467104.
[I 2023-11-21 13:05:47,824] Trial 166 finished with value: 2.336509687467104 and parameters: {'model_name': 'SimpleImputer', 'strategy': 'mean'}. Best is trial 0 with value: 2.336509687467104.
[I 2023-11-21 13:05:48,013] Trial 169 finished with value: 2.336509687467104 and parameters: {'model_name': 'SimpleImputer', 'strategy': 'mean'}. Best is trial 0 with value: 2.336509687467104.
[I 2023-11-21 13:05:48,218] Trial 100 finished with value: 2.506268869628827 and parameters: {'model_name': 'SimpleImputer', 'strategy': 'most_frequent'}. Best is trial 0 with value: 2.336509687467104.
[I 2023-11-21 13:05:48,410] Trial 167 finished with value: 2.336509687467104 and parameters: {'model_name': 'SimpleImputer', 'strategy': 'mean'}. Best is trial 0 with value: 2.336509687467104.
[I 2023-11-21 13:05:48,618] Trial 181 finished with value: 6.579830421240915 and parameters: {'model_name': 'SimpleImputer', 'strategy': 'constant'}. Best is trial 0 with value: 2.336509687467104.
[I 2023-11-21 13:05:48,843] Trial 177 finished with value: 6.579830421240915 and parameters: {'model_name': 'SimpleImputer', 'strategy': 'constant'}. Best is trial 0 with value: 2.336509687467104.
[I 2023-11-21 13:05:49,157] Trial 184 finished with value: 6.579830421240915 and parameters: {'model_name': 'SimpleImputer', 'strategy': 'constant'}. Best is trial 0 with value: 2.336509687467104.
[I 2023-11-21 13:05:49,382] Trial 175 finished with value: 2.336509687467104 and parameters: {'model_name': 'SimpleImputer', 'strategy': 'mean'}. Best is trial 0 with value: 2.336509687467104.
[I 2023-11-21 13:05:49,624] Trial 174 finished with value: 2.336509687467104 and parameters: {'model_name': 'SimpleImputer', 'strategy': 'mean'}. Best is trial 0 with value: 2.336509687467104.
[I 2023-11-21 13:05:49,848] Trial 188 finished with value: 6.579830421240915 and parameters: {'model_name': 'SimpleImputer', 'strategy': 'constant'}. Best is trial 0 with value: 2.336509687467104.
[I 2023-11-21 13:05:50,055] Trial 172 finished with value: 6.579830421240915 and parameters: {'model_name': 'SimpleImputer', 'strategy': 'constant'}. Best is trial 0 with value: 2.336509687467104.
[I 2023-11-21 13:05:50,257] Trial 186 finished with value: 6.579830421240915 and parameters: {'model_name': 'SimpleImputer', 'strategy': 'constant'}. Best is trial 0 with value: 2.336509687467104.
[I 2023-11-21 13:05:50,451] Trial 170 finished with value: 2.336509687467104 and parameters: {'model_name': 'SimpleImputer', 'strategy': 'mean'}. Best is trial 0 with value: 2.336509687467104.
[I 2023-11-21 13:05:50,674] Trial 178 finished with value: 6.579830421240915 and parameters: {'model_name': 'SimpleImputer', 'strategy': 'constant'}. Best is trial 0 with value: 2.336509687467104.
[I 2023-11-21 13:05:50,869] Trial 189 finished with value: 6.579830421240915 and parameters: {'model_name': 'SimpleImputer', 'strategy': 'constant'}. Best is trial 0 with value: 2.336509687467104.
[I 2023-11-21 13:05:51,113] Trial 180 finished with value: 6.579830421240915 and parameters: {'model_name': 'SimpleImputer', 'strategy': 'constant'}. Best is trial 0 with value: 2.336509687467104.
[I 2023-11-21 13:05:51,309] Trial 185 finished with value: 6.579830421240915 and parameters: {'model_name': 'SimpleImputer', 'strategy': 'constant'}. Best is trial 0 with value: 2.336509687467104.
[I 2023-11-21 13:05:51,487] Trial 171 finished with value: 2.336509687467104 and parameters: {'model_name': 'SimpleImputer', 'strategy': 'mean'}. Best is trial 0 with value: 2.336509687467104.
[I 2023-11-21 13:05:51,757] Trial 191 finished with value: 6.579830421240915 and parameters: {'model_name': 'SimpleImputer', 'strategy': 'constant'}. Best is trial 0 with value: 2.336509687467104.
[I 2023-11-21 13:05:51,951] Trial 183 finished with value: 2.336509687467104 and parameters: {'model_name': 'SimpleImputer', 'strategy': 'mean'}. Best is trial 0 with value: 2.336509687467104.
[I 2023-11-21 13:05:52,191] Trial 197 finished with value: 6.579830421240915 and parameters: {'model_name': 'SimpleImputer', 'strategy': 'constant'}. Best is trial 0 with value: 2.336509687467104.
[I 2023-11-21 13:05:52,402] Trial 182 finished with value: 2.336509687467104 and parameters: {'model_name': 'SimpleImputer', 'strategy': 'mean'}. Best is trial 0 with value: 2.336509687467104.
[I 2023-11-21 13:05:52,604] Trial 187 finished with value: 2.336509687467104 and parameters: {'model_name': 'SimpleImputer', 'strategy': 'mean'}. Best is trial 0 with value: 2.336509687467104.
[I 2023-11-21 13:05:52,818] Trial 195 finished with value: 6.579830421240915 and parameters: {'model_name': 'SimpleImputer', 'strategy': 'constant'}. Best is trial 0 with value: 2.336509687467104.
[I 2023-11-21 13:05:53,028] Trial 192 finished with value: 6.579830421240915 and parameters: {'model_name': 'SimpleImputer', 'strategy': 'constant'}. Best is trial 0 with value: 2.336509687467104.
[I 2023-11-21 13:05:53,214] Trial 190 finished with value: 6.579830421240915 and parameters: {'model_name': 'SimpleImputer', 'strategy': 'constant'}. Best is trial 0 with value: 2.336509687467104.
[I 2023-11-21 13:05:53,390] Trial 199 finished with value: 6.579830421240915 and parameters: {'model_name': 'SimpleImputer', 'strategy': 'constant'}. Best is trial 0 with value: 2.336509687467104.
[I 2023-11-21 13:05:53,607] Trial 196 finished with value: 6.579830421240915 and parameters: {'model_name': 'SimpleImputer', 'strategy': 'constant'}. Best is trial 0 with value: 2.336509687467104.
[I 2023-11-21 13:05:53,820] Trial 194 finished with value: 6.579830421240915 and parameters: {'model_name': 'SimpleImputer', 'strategy': 'constant'}. Best is trial 0 with value: 2.336509687467104.
[I 2023-11-21 13:05:54,015] Trial 193 finished with value: 6.579830421240915 and parameters: {'model_name': 'SimpleImputer', 'strategy': 'constant'}. Best is trial 0 with value: 2.336509687467104.
[I 2023-11-21 13:05:54,232] Trial 198 finished with value: 2.336509687467104 and parameters: {'model_name': 'SimpleImputer', 'strategy': 'mean'}. Best is trial 0 with value: 2.336509687467104.
simple fit
simple transform
[I 2023-11-21 13:06:00,578] A new study created in memory with name: no-name-9d22d644-c59e-472a-a510-f4e7901ef73d
[I 2023-11-21 13:06:00,614] Trial 2 finished with value: inf and parameters: {'model_name': 'KNNImputer', 'weights': 'uniform', 'keep_empty_features': False}. Best is trial 2 with value: inf.
[I 2023-11-21 13:06:00,976] Trial 8 finished with value: inf and parameters: {'model_name': 'KNNImputer', 'weights': 'distance', 'keep_empty_features': True}. Best is trial 2 with value: inf.
[I 2023-11-21 13:06:01,214] Trial 9 finished with value: inf and parameters: {'model_name': 'KNNImputer', 'weights': 'distance', 'keep_empty_features': False}. Best is trial 2 with value: inf.
[I 2023-11-21 13:06:01,556] Trial 21 finished with value: inf and parameters: {'model_name': 'KNNImputer', 'weights': 'distance', 'keep_empty_features': True}. Best is trial 2 with value: inf.
[I 2023-11-21 13:06:01,822] Trial 12 finished with value: inf and parameters: {'model_name': 'GAIN', 'batch_size': 1, 'hint_rate': 0.04715350631820387, 'alpha': 72, 'iterations': 577}. Best is trial 2 with value: inf.
[I 2023-11-21 13:06:02,031] Trial 0 finished with value: 2.348575638969819 and parameters: {'model_name': 'SimpleImputer', 'strategy': 'mean'}. Best is trial 0 with value: 2.348575638969819.
[I 2023-11-21 13:06:02,272] Trial 36 finished with value: inf and parameters: {'model_name': 'KNNImputer', 'weights': 'uniform', 'keep_empty_features': True}. Best is trial 0 with value: 2.348575638969819.
[I 2023-11-21 13:06:02,477] Trial 22 finished with value: inf and parameters: {'model_name': 'KNNImputer', 'weights': 'uniform', 'keep_empty_features': True}. Best is trial 0 with value: 2.348575638969819.
[I 2023-11-21 13:06:02,756] Trial 29 finished with value: inf and parameters: {'model_name': 'KNNImputer', 'weights': 'distance', 'keep_empty_features': True}. Best is trial 0 with value: 2.348575638969819.
[I 2023-11-21 13:06:03,027] Trial 35 finished with value: inf and parameters: {'model_name': 'KNNImputer', 'weights': 'distance', 'keep_empty_features': False}. Best is trial 0 with value: 2.348575638969819.
[I 2023-11-21 13:06:03,267] Trial 10 finished with value: 2.348575638969819 and parameters: {'model_name': 'SimpleImputer', 'strategy': 'mean'}. Best is trial 0 with value: 2.348575638969819.
[I 2023-11-21 13:06:03,518] Trial 40 finished with value: inf and parameters: {'model_name': 'KNNImputer', 'weights': 'uniform', 'keep_empty_features': False}. Best is trial 0 with value: 2.348575638969819.
[I 2023-11-21 13:06:03,781] Trial 16 finished with value: inf and parameters: {'model_name': 'GAIN', 'batch_size': 9, 'hint_rate': 0.027959479117722556, 'alpha': 15, 'iterations': 47}. Best is trial 0 with value: 2.348575638969819.
[I 2023-11-21 13:06:03,990] Trial 15 finished with value: 6.6844190758794015 and parameters: {'model_name': 'SimpleImputer', 'strategy': 'constant'}. Best is trial 0 with value: 2.348575638969819.
[I 2023-11-21 13:06:04,221] Trial 44 finished with value: inf and parameters: {'model_name': 'KNNImputer', 'weights': 'distance', 'keep_empty_features': True}. Best is trial 0 with value: 2.348575638969819.
[I 2023-11-21 13:06:04,425] Trial 14 finished with value: inf and parameters: {'model_name': 'GAIN', 'batch_size': 4, 'hint_rate': 0.00988907209466614, 'alpha': 59, 'iterations': 1555}. Best is trial 0 with value: 2.348575638969819.
[I 2023-11-21 13:06:04,715] Trial 34 finished with value: inf and parameters: {'model_name': 'GAIN', 'batch_size': 2, 'hint_rate': 0.010490388291859156, 'alpha': 23, 'iterations': 6901}. Best is trial 0 with value: 2.348575638969819.
[I 2023-11-21 13:06:04,941] Trial 3 finished with value: inf and parameters: {'model_name': 'RandomForestImputer', 'max_iter': 1, 'decreasing': True, 'min_samples_split': 0.8, 'min_samples_leaf': 1.0, 'max_features': 0.9, 'bootstrap': True, 'oob_score': False, 'warm_start': False}. Best is trial 0 with value: 2.348575638969819.
[I 2023-11-21 13:06:05,189] Trial 4 finished with value: inf and parameters: {'model_name': 'RandomForestImputer', 'max_iter': 11, 'decreasing': False, 'min_samples_split': 0.5, 'min_samples_leaf': 0.5, 'max_features': 1.0, 'bootstrap': False, 'oob_score': True, 'warm_start': False}. Best is trial 0 with value: 2.348575638969819.
[I 2023-11-21 13:06:05,436] Trial 48 finished with value: inf and parameters: {'model_name': 'KNNImputer', 'weights': 'uniform', 'keep_empty_features': True}. Best is trial 0 with value: 2.348575638969819.
[I 2023-11-21 13:06:05,644] Trial 1 finished with value: inf and parameters: {'model_name': 'RandomForestImputer', 'max_iter': 7, 'decreasing': False, 'min_samples_split': 0.9, 'min_samples_leaf': 1.0, 'max_features': 1.0, 'bootstrap': True, 'oob_score': False, 'warm_start': True}. Best is trial 0 with value: 2.348575638969819.
[I 2023-11-21 13:06:05,875] Trial 39 finished with value: inf and parameters: {'model_name': 'GAIN', 'batch_size': 3, 'hint_rate': 0.0017507317995193665, 'alpha': 24, 'iterations': 21}. Best is trial 0 with value: 2.348575638969819.
[I 2023-11-21 13:06:06,137] Trial 37 finished with value: inf and parameters: {'model_name': 'GAIN', 'batch_size': 838, 'hint_rate': 0.0020620109269337836, 'alpha': 84, 'iterations': 26632}. Best is trial 0 with value: 2.348575638969819.
[I 2023-11-21 13:06:06,468] Trial 30 finished with value: inf and parameters: {'model_name': 'GAIN', 'batch_size': 705, 'hint_rate': 0.01745037416004731, 'alpha': 95, 'iterations': 2}. Best is trial 0 with value: 2.348575638969819.
[I 2023-11-21 13:06:06,917] Trial 7 finished with value: inf and parameters: {'model_name': 'RandomForestImputer', 'max_iter': 73, 'decreasing': True, 'min_samples_split': 0.7000000000000001, 'min_samples_leaf': 0.9, 'max_features': 0.2, 'bootstrap': True, 'oob_score': True, 'warm_start': False}. Best is trial 0 with value: 2.348575638969819.
[I 2023-11-21 13:06:07,239] Trial 23 finished with value: inf and parameters: {'model_name': 'IterativeImputer', 'estimator': 'Ridge', 'sample_posterior': True, 'initial_strategy': 'mean', 'imputation_order': 'random'}. Best is trial 0 with value: 2.348575638969819.
[I 2023-11-21 13:06:07,503] Trial 46 finished with value: inf and parameters: {'model_name': 'GAIN', 'batch_size': 1, 'hint_rate': 0.005308767179271661, 'alpha': 76, 'iterations': 2356}. Best is trial 0 with value: 2.348575638969819.
[I 2023-11-21 13:06:07,775] Trial 47 finished with value: inf and parameters: {'model_name': 'GAIN', 'batch_size': 239, 'hint_rate': 0.3982845195873658, 'alpha': 61, 'iterations': 28210}. Best is trial 0 with value: 2.348575638969819.
[I 2023-11-21 13:06:08,173] Trial 6 finished with value: 2.3991240497727144 and parameters: {'model_name': 'SimpleImputer', 'strategy': 'median'}. Best is trial 0 with value: 2.348575638969819.
[I 2023-11-21 13:06:08,521] Trial 19 finished with value: inf and parameters: {'model_name': 'RandomForestImputer', 'max_iter': 29, 'decreasing': True, 'min_samples_split': 0.5, 'min_samples_leaf': 1.0, 'max_features': 0.6000000000000001, 'bootstrap': True, 'oob_score': True, 'warm_start': False}. Best is trial 0 with value: 2.348575638969819.
[I 2023-11-21 13:06:08,780] Trial 11 finished with value: inf and parameters: {'model_name': 'RandomForestImputer', 'max_iter': 53, 'decreasing': False, 'min_samples_split': 0.30000000000000004, 'min_samples_leaf': 0.1, 'max_features': 1.0, 'bootstrap': True, 'oob_score': True, 'warm_start': True}. Best is trial 0 with value: 2.348575638969819.
[I 2023-11-21 13:06:09,029] Trial 42 finished with value: 6.6844190758794015 and parameters: {'model_name': 'SimpleImputer', 'strategy': 'constant'}. Best is trial 0 with value: 2.348575638969819.
[I 2023-11-21 13:06:09,305] Trial 18 finished with value: inf and parameters: {'model_name': 'RandomForestImputer', 'max_iter': 5, 'decreasing': True, 'min_samples_split': 0.8, 'min_samples_leaf': 0.0, 'max_features': 0.8, 'bootstrap': True, 'oob_score': True, 'warm_start': True}. Best is trial 0 with value: 2.348575638969819.
[I 2023-11-21 13:06:09,530] Trial 41 finished with value: 2.348575638969819 and parameters: {'model_name': 'SimpleImputer', 'strategy': 'mean'}. Best is trial 0 with value: 2.348575638969819.
[I 2023-11-21 13:06:09,736] Trial 49 finished with value: inf and parameters: {'model_name': 'IterativeImputer', 'estimator': 'KNN', 'sample_posterior': True, 'initial_strategy': 'constant', 'imputation_order': 'arabic'}. Best is trial 0 with value: 2.348575638969819.
[I 2023-11-21 13:06:09,938] Trial 13 finished with value: inf and parameters: {'model_name': 'RandomForestImputer', 'max_iter': 1, 'decreasing': False, 'min_samples_split': 0.1, 'min_samples_leaf': 0.1, 'max_features': 1.0, 'bootstrap': True, 'oob_score': False, 'warm_start': False}. Best is trial 0 with value: 2.348575638969819.
[I 2023-11-21 13:06:10,164] Trial 28 finished with value: inf and parameters: {'model_name': 'RandomForestImputer', 'max_iter': 12, 'decreasing': False, 'min_samples_split': 0.30000000000000004, 'min_samples_leaf': 0.7000000000000001, 'max_features': 0.5, 'bootstrap': True, 'oob_score': True, 'warm_start': True}. Best is trial 0 with value: 2.348575638969819.
[I 2023-11-21 13:06:10,468] Trial 27 finished with value: inf and parameters: {'model_name': 'RandomForestImputer', 'max_iter': 2, 'decreasing': False, 'min_samples_split': 0.30000000000000004, 'min_samples_leaf': 0.2, 'max_features': 0.9, 'bootstrap': True, 'oob_score': False, 'warm_start': False}. Best is trial 0 with value: 2.348575638969819.
[I 2023-11-21 13:06:10,706] Trial 33 finished with value: inf and parameters: {'model_name': 'RandomForestImputer', 'max_iter': 78, 'decreasing': True, 'min_samples_split': 0.9, 'min_samples_leaf': 0.0, 'max_features': 0.4, 'bootstrap': True, 'oob_score': False, 'warm_start': False}. Best is trial 0 with value: 2.348575638969819.
[I 2023-11-21 13:06:10,987] Trial 25 finished with value: inf and parameters: {'model_name': 'RandomForestImputer', 'max_iter': 17, 'decreasing': False, 'min_samples_split': 0.4, 'min_samples_leaf': 0.2, 'max_features': 0.2, 'bootstrap': False, 'oob_score': False, 'warm_start': False}. Best is trial 0 with value: 2.348575638969819.
[I 2023-11-21 13:06:11,268] Trial 38 finished with value: inf and parameters: {'model_name': 'RandomForestImputer', 'max_iter': 1, 'decreasing': True, 'min_samples_split': 0.2, 'min_samples_leaf': 0.7000000000000001, 'max_features': 0.9, 'bootstrap': True, 'oob_score': True, 'warm_start': False}. Best is trial 0 with value: 2.348575638969819.
[I 2023-11-21 13:06:11,517] Trial 43 finished with value: inf and parameters: {'model_name': 'RandomForestImputer', 'max_iter': 1, 'decreasing': False, 'min_samples_split': 0.9, 'min_samples_leaf': 0.9, 'max_features': 0.1, 'bootstrap': True, 'oob_score': False, 'warm_start': False}. Best is trial 0 with value: 2.348575638969819.
[I 2023-11-21 13:06:11,788] Trial 32 finished with value: inf and parameters: {'model_name': 'RandomForestImputer', 'max_iter': 5, 'decreasing': False, 'min_samples_split': 0.9, 'min_samples_leaf': 0.8, 'max_features': 0.6000000000000001, 'bootstrap': False, 'oob_score': True, 'warm_start': True}. Best is trial 0 with value: 2.348575638969819.
[I 2023-11-21 13:06:12,009] Trial 53 finished with value: 2.348575638969819 and parameters: {'model_name': 'SimpleImputer', 'strategy': 'mean'}. Best is trial 0 with value: 2.348575638969819.
[I 2023-11-21 13:06:12,236] Trial 52 finished with value: 2.348575638969819 and parameters: {'model_name': 'SimpleImputer', 'strategy': 'mean'}. Best is trial 0 with value: 2.348575638969819.
[I 2023-11-21 13:06:12,849] Trial 57 finished with value: 2.348575638969819 and parameters: {'model_name': 'SimpleImputer', 'strategy': 'mean'}. Best is trial 0 with value: 2.348575638969819.
[I 2023-11-21 13:06:13,329] Trial 61 finished with value: 2.348575638969819 and parameters: {'model_name': 'SimpleImputer', 'strategy': 'mean'}. Best is trial 0 with value: 2.348575638969819.
[I 2023-11-21 13:06:13,572] Trial 60 finished with value: 2.348575638969819 and parameters: {'model_name': 'SimpleImputer', 'strategy': 'mean'}. Best is trial 0 with value: 2.348575638969819.
[I 2023-11-21 13:06:13,812] Trial 58 finished with value: 2.348575638969819 and parameters: {'model_name': 'SimpleImputer', 'strategy': 'mean'}. Best is trial 0 with value: 2.348575638969819.
[I 2023-11-21 13:06:14,011] Trial 54 finished with value: 2.348575638969819 and parameters: {'model_name': 'SimpleImputer', 'strategy': 'mean'}. Best is trial 0 with value: 2.348575638969819.
[I 2023-11-21 13:06:14,258] Trial 45 finished with value: 2.3991240497727144 and parameters: {'model_name': 'SimpleImputer', 'strategy': 'median'}. Best is trial 0 with value: 2.348575638969819.
[I 2023-11-21 13:06:14,570] Trial 55 finished with value: 2.348575638969819 and parameters: {'model_name': 'SimpleImputer', 'strategy': 'mean'}. Best is trial 0 with value: 2.348575638969819.
[I 2023-11-21 13:06:14,819] Trial 56 finished with value: 2.348575638969819 and parameters: {'model_name': 'SimpleImputer', 'strategy': 'mean'}. Best is trial 0 with value: 2.348575638969819.
[I 2023-11-21 13:06:15,066] Trial 59 finished with value: 2.348575638969819 and parameters: {'model_name': 'SimpleImputer', 'strategy': 'mean'}. Best is trial 0 with value: 2.348575638969819.
[I 2023-11-21 13:06:15,496] Trial 63 finished with value: 2.348575638969819 and parameters: {'model_name': 'SimpleImputer', 'strategy': 'mean'}. Best is trial 0 with value: 2.348575638969819.
[I 2023-11-21 13:06:15,789] Trial 62 finished with value: 2.348575638969819 and parameters: {'model_name': 'SimpleImputer', 'strategy': 'mean'}. Best is trial 0 with value: 2.348575638969819.
[I 2023-11-21 13:06:16,097] Trial 64 finished with value: 2.348575638969819 and parameters: {'model_name': 'SimpleImputer', 'strategy': 'mean'}. Best is trial 0 with value: 2.348575638969819.
[I 2023-11-21 13:06:16,407] Trial 67 finished with value: 2.348575638969819 and parameters: {'model_name': 'SimpleImputer', 'strategy': 'mean'}. Best is trial 0 with value: 2.348575638969819.
[I 2023-11-21 13:06:16,670] Trial 65 finished with value: 2.348575638969819 and parameters: {'model_name': 'SimpleImputer', 'strategy': 'mean'}. Best is trial 0 with value: 2.348575638969819.
[I 2023-11-21 13:06:16,979] Trial 70 finished with value: 2.348575638969819 and parameters: {'model_name': 'SimpleImputer', 'strategy': 'mean'}. Best is trial 0 with value: 2.348575638969819.
[I 2023-11-21 13:06:17,338] Trial 71 finished with value: 2.348575638969819 and parameters: {'model_name': 'SimpleImputer', 'strategy': 'mean'}. Best is trial 0 with value: 2.348575638969819.
[I 2023-11-21 13:06:17,687] Trial 76 finished with value: 2.348575638969819 and parameters: {'model_name': 'SimpleImputer', 'strategy': 'mean'}. Best is trial 0 with value: 2.348575638969819.
[I 2023-11-21 13:06:17,974] Trial 73 finished with value: 2.348575638969819 and parameters: {'model_name': 'SimpleImputer', 'strategy': 'mean'}. Best is trial 0 with value: 2.348575638969819.
[I 2023-11-21 13:06:18,223] Trial 68 finished with value: 2.348575638969819 and parameters: {'model_name': 'SimpleImputer', 'strategy': 'mean'}. Best is trial 0 with value: 2.348575638969819.
[I 2023-11-21 13:06:18,574] Trial 69 finished with value: 2.348575638969819 and parameters: {'model_name': 'SimpleImputer', 'strategy': 'mean'}. Best is trial 0 with value: 2.348575638969819.
[I 2023-11-21 13:06:18,973] Trial 74 finished with value: 2.348575638969819 and parameters: {'model_name': 'SimpleImputer', 'strategy': 'mean'}. Best is trial 0 with value: 2.348575638969819.
[I 2023-11-21 13:06:19,208] Trial 77 finished with value: 2.348575638969819 and parameters: {'model_name': 'SimpleImputer', 'strategy': 'mean'}. Best is trial 0 with value: 2.348575638969819.
[I 2023-11-21 13:06:19,545] Trial 66 finished with value: 2.348575638969819 and parameters: {'model_name': 'SimpleImputer', 'strategy': 'mean'}. Best is trial 0 with value: 2.348575638969819.
[I 2023-11-21 13:06:19,800] Trial 79 finished with value: 2.348575638969819 and parameters: {'model_name': 'SimpleImputer', 'strategy': 'mean'}. Best is trial 0 with value: 2.348575638969819.
[I 2023-11-21 13:06:20,106] Trial 84 finished with value: 2.348575638969819 and parameters: {'model_name': 'SimpleImputer', 'strategy': 'mean'}. Best is trial 0 with value: 2.348575638969819.
[I 2023-11-21 13:06:20,402] Trial 75 finished with value: 2.348575638969819 and parameters: {'model_name': 'SimpleImputer', 'strategy': 'mean'}. Best is trial 0 with value: 2.348575638969819.
[I 2023-11-21 13:06:20,633] Trial 80 finished with value: 2.348575638969819 and parameters: {'model_name': 'SimpleImputer', 'strategy': 'mean'}. Best is trial 0 with value: 2.348575638969819.
[I 2023-11-21 13:06:20,802] Trial 72 finished with value: 2.348575638969819 and parameters: {'model_name': 'SimpleImputer', 'strategy': 'mean'}. Best is trial 0 with value: 2.348575638969819.
[I 2023-11-21 13:06:21,068] Trial 83 finished with value: 2.348575638969819 and parameters: {'model_name': 'SimpleImputer', 'strategy': 'mean'}. Best is trial 0 with value: 2.348575638969819.
[I 2023-11-21 13:06:21,588] Trial 82 finished with value: 2.348575638969819 and parameters: {'model_name': 'SimpleImputer', 'strategy': 'mean'}. Best is trial 0 with value: 2.348575638969819.
[I 2023-11-21 13:06:21,885] Trial 88 finished with value: 2.348575638969819 and parameters: {'model_name': 'SimpleImputer', 'strategy': 'mean'}. Best is trial 0 with value: 2.348575638969819.
[I 2023-11-21 13:06:22,257] Trial 85 finished with value: 2.348575638969819 and parameters: {'model_name': 'SimpleImputer', 'strategy': 'mean'}. Best is trial 0 with value: 2.348575638969819.
[I 2023-11-21 13:06:22,496] Trial 87 finished with value: 2.348575638969819 and parameters: {'model_name': 'SimpleImputer', 'strategy': 'mean'}. Best is trial 0 with value: 2.348575638969819.
[I 2023-11-21 13:06:22,686] Trial 91 finished with value: 2.348575638969819 and parameters: {'model_name': 'SimpleImputer', 'strategy': 'mean'}. Best is trial 0 with value: 2.348575638969819.
[I 2023-11-21 13:06:22,956] Trial 89 finished with value: 2.348575638969819 and parameters: {'model_name': 'SimpleImputer', 'strategy': 'mean'}. Best is trial 0 with value: 2.348575638969819.
[I 2023-11-21 13:06:22,969] Trial 92 finished with value: 2.348575638969819 and parameters: {'model_name': 'SimpleImputer', 'strategy': 'mean'}. Best is trial 0 with value: 2.348575638969819.
[I 2023-11-21 13:06:23,584] Trial 86 finished with value: 2.348575638969819 and parameters: {'model_name': 'SimpleImputer', 'strategy': 'mean'}. Best is trial 0 with value: 2.348575638969819.
[I 2023-11-21 13:06:23,823] Trial 78 finished with value: 2.348575638969819 and parameters: {'model_name': 'SimpleImputer', 'strategy': 'mean'}. Best is trial 0 with value: 2.348575638969819.
[I 2023-11-21 13:06:24,023] Trial 90 finished with value: 2.348575638969819 and parameters: {'model_name': 'SimpleImputer', 'strategy': 'mean'}. Best is trial 0 with value: 2.348575638969819.
[I 2023-11-21 13:06:24,330] Trial 81 finished with value: 2.348575638969819 and parameters: {'model_name': 'SimpleImputer', 'strategy': 'mean'}. Best is trial 0 with value: 2.348575638969819.
[I 2023-11-21 13:06:24,834] Trial 93 finished with value: 2.348575638969819 and parameters: {'model_name': 'SimpleImputer', 'strategy': 'mean'}. Best is trial 0 with value: 2.348575638969819.
[I 2023-11-21 13:06:24,863] Trial 95 finished with value: 2.348575638969819 and parameters: {'model_name': 'SimpleImputer', 'strategy': 'mean'}. Best is trial 0 with value: 2.348575638969819.
[I 2023-11-21 13:06:25,410] Trial 97 finished with value: 2.348575638969819 and parameters: {'model_name': 'SimpleImputer', 'strategy': 'mean'}. Best is trial 0 with value: 2.348575638969819.
[I 2023-11-21 13:06:25,720] Trial 99 finished with value: 2.348575638969819 and parameters: {'model_name': 'SimpleImputer', 'strategy': 'mean'}. Best is trial 0 with value: 2.348575638969819.
[I 2023-11-21 13:06:25,922] Trial 102 finished with value: 2.348575638969819 and parameters: {'model_name': 'SimpleImputer', 'strategy': 'mean'}. Best is trial 0 with value: 2.348575638969819.
[I 2023-11-21 13:06:26,247] Trial 94 finished with value: 2.348575638969819 and parameters: {'model_name': 'SimpleImputer', 'strategy': 'mean'}. Best is trial 0 with value: 2.348575638969819.
[I 2023-11-21 13:06:26,494] Trial 98 finished with value: 2.348575638969819 and parameters: {'model_name': 'SimpleImputer', 'strategy': 'mean'}. Best is trial 0 with value: 2.348575638969819.
[I 2023-11-21 13:06:26,789] Trial 96 finished with value: 2.348575638969819 and parameters: {'model_name': 'SimpleImputer', 'strategy': 'mean'}. Best is trial 0 with value: 2.348575638969819.
[I 2023-11-21 13:06:28,009] Trial 26 finished with value: 2.602368062061004 and parameters: {'model_name': 'SimpleImputer', 'strategy': 'most_frequent'}. Best is trial 0 with value: 2.348575638969819.
[I 2023-11-21 13:06:35,774] Trial 50 finished with value: 2.602368062061004 and parameters: {'model_name': 'SimpleImputer', 'strategy': 'most_frequent'}. Best is trial 0 with value: 2.348575638969819.
[I 2023-11-21 13:06:36,570] Trial 108 finished with value: 2.602368062061004 and parameters: {'model_name': 'SimpleImputer', 'strategy': 'most_frequent'}. Best is trial 0 with value: 2.348575638969819.
[I 2023-11-21 13:06:36,941] Trial 105 finished with value: 2.602368062061004 and parameters: {'model_name': 'SimpleImputer', 'strategy': 'most_frequent'}. Best is trial 0 with value: 2.348575638969819.
[I 2023-11-21 13:06:37,426] Trial 143 finished with value: inf and parameters: {'model_name': 'GAIN', 'batch_size': 50, 'hint_rate': 0.8557966593458718, 'alpha': 40, 'iterations': 84721}. Best is trial 0 with value: 2.348575638969819.
[I 2023-11-21 13:06:38,043] Trial 106 finished with value: 2.602368062061004 and parameters: {'model_name': 'SimpleImputer', 'strategy': 'most_frequent'}. Best is trial 0 with value: 2.348575638969819.
[I 2023-11-21 13:06:38,793] Trial 104 finished with value: 2.602368062061004 and parameters: {'model_name': 'SimpleImputer', 'strategy': 'most_frequent'}. Best is trial 0 with value: 2.348575638969819.
[I 2023-11-21 13:06:39,099] Trial 100 finished with value: 2.602368062061004 and parameters: {'model_name': 'SimpleImputer', 'strategy': 'most_frequent'}. Best is trial 0 with value: 2.348575638969819.
[I 2023-11-21 13:06:40,591] Trial 103 finished with value: 2.602368062061004 and parameters: {'model_name': 'SimpleImputer', 'strategy': 'most_frequent'}. Best is trial 0 with value: 2.348575638969819.
[I 2023-11-21 13:06:41,543] Trial 101 finished with value: 2.602368062061004 and parameters: {'model_name': 'SimpleImputer', 'strategy': 'most_frequent'}. Best is trial 0 with value: 2.348575638969819.
[I 2023-11-21 13:06:42,022] Trial 125 finished with value: 2.602368062061004 and parameters: {'model_name': 'SimpleImputer', 'strategy': 'most_frequent'}. Best is trial 0 with value: 2.348575638969819.
[I 2023-11-21 13:06:43,428] Trial 124 finished with value: 2.602368062061004 and parameters: {'model_name': 'SimpleImputer', 'strategy': 'most_frequent'}. Best is trial 0 with value: 2.348575638969819.
[I 2023-11-21 13:06:44,472] Trial 132 finished with value: 2.602368062061004 and parameters: {'model_name': 'SimpleImputer', 'strategy': 'most_frequent'}. Best is trial 0 with value: 2.348575638969819.
[I 2023-11-21 13:06:44,922] Trial 149 finished with value: 6.6844190758794015 and parameters: {'model_name': 'SimpleImputer', 'strategy': 'constant'}. Best is trial 0 with value: 2.348575638969819.
[I 2023-11-21 13:06:45,265] Trial 153 finished with value: inf and parameters: {'model_name': 'KNNImputer', 'weights': 'uniform', 'keep_empty_features': False}. Best is trial 0 with value: 2.348575638969819.
[I 2023-11-21 13:06:45,594] Trial 128 finished with value: 2.602368062061004 and parameters: {'model_name': 'SimpleImputer', 'strategy': 'most_frequent'}. Best is trial 0 with value: 2.348575638969819.
[I 2023-11-21 13:06:46,059] Trial 138 finished with value: 2.602368062061004 and parameters: {'model_name': 'SimpleImputer', 'strategy': 'most_frequent'}. Best is trial 0 with value: 2.348575638969819.
[I 2023-11-21 13:06:47,263] Trial 117 finished with value: 2.602368062061004 and parameters: {'model_name': 'SimpleImputer', 'strategy': 'most_frequent'}. Best is trial 0 with value: 2.348575638969819.
[I 2023-11-21 13:06:47,523] Trial 140 finished with value: 2.602368062061004 and parameters: {'model_name': 'SimpleImputer', 'strategy': 'most_frequent'}. Best is trial 0 with value: 2.348575638969819.
[I 2023-11-21 13:07:14,734] Trial 17 finished with value: inf and parameters: {'model_name': 'IterativeImputer', 'estimator': 'RFR', 'sample_posterior': True, 'initial_strategy': 'most_frequent', 'imputation_order': 'roman'}. Best is trial 0 with value: 2.348575638969819.
[I 2023-11-21 13:15:00,062] Trial 31 finished with value: 1.9784558996453732 and parameters: {'model_name': 'IterativeImputer', 'estimator': 'Ridge', 'sample_posterior': False, 'initial_strategy': 'mean', 'imputation_order': 'roman'}. Best is trial 31 with value: 1.9784558996453732.
[I 2023-11-21 13:23:42,683] Trial 113 finished with value: 1.9638125915371503 and parameters: {'model_name': 'IterativeImputer', 'estimator': 'Bayesian', 'sample_posterior': False, 'initial_strategy': 'median', 'imputation_order': 'ascending'}. Best is trial 113 with value: 1.9638125915371503.
[I 2023-11-21 13:23:48,929] Trial 139 finished with value: 1.957908827606523 and parameters: {'model_name': 'IterativeImputer', 'estimator': 'Bayesian', 'sample_posterior': False, 'initial_strategy': 'most_frequent', 'imputation_order': 'ascending'}. Best is trial 139 with value: 1.957908827606523.
[I 2023-11-21 13:23:53,033] Trial 127 finished with value: 1.944418036377605 and parameters: {'model_name': 'IterativeImputer', 'estimator': 'Bayesian', 'sample_posterior': False, 'initial_strategy': 'median', 'imputation_order': 'descending'}. Best is trial 127 with value: 1.944418036377605.
[I 2023-11-21 13:23:55,274] Trial 133 finished with value: 1.9638125915371503 and parameters: {'model_name': 'IterativeImputer', 'estimator': 'Bayesian', 'sample_posterior': False, 'initial_strategy': 'median', 'imputation_order': 'ascending'}. Best is trial 127 with value: 1.944418036377605.
[I 2023-11-21 13:23:58,847] Trial 112 finished with value: 1.9803725576238904 and parameters: {'model_name': 'IterativeImputer', 'estimator': 'Bayesian', 'sample_posterior': False, 'initial_strategy': 'median', 'imputation_order': 'roman'}. Best is trial 127 with value: 1.944418036377605.
[I 2023-11-21 13:24:00,255] Trial 123 finished with value: 1.957908827606523 and parameters: {'model_name': 'IterativeImputer', 'estimator': 'Bayesian', 'sample_posterior': False, 'initial_strategy': 'most_frequent', 'imputation_order': 'ascending'}. Best is trial 127 with value: 1.944418036377605.
[I 2023-11-21 13:24:01,487] Trial 116 finished with value: 1.9638125915371503 and parameters: {'model_name': 'IterativeImputer', 'estimator': 'Bayesian', 'sample_posterior': False, 'initial_strategy': 'median', 'imputation_order': 'ascending'}. Best is trial 127 with value: 1.944418036377605.
[I 2023-11-21 13:24:02,268] Trial 118 finished with value: 1.944418036377605 and parameters: {'model_name': 'IterativeImputer', 'estimator': 'Bayesian', 'sample_posterior': False, 'initial_strategy': 'median', 'imputation_order': 'descending'}. Best is trial 127 with value: 1.944418036377605.
[I 2023-11-21 13:24:04,566] Trial 156 finished with value: 1.944418036377605 and parameters: {'model_name': 'IterativeImputer', 'estimator': 'Bayesian', 'sample_posterior': False, 'initial_strategy': 'median', 'imputation_order': 'descending'}. Best is trial 127 with value: 1.944418036377605.
[I 2023-11-21 13:24:04,906] Trial 121 finished with value: 1.9476001857488616 and parameters: {'model_name': 'IterativeImputer', 'estimator': 'Bayesian', 'sample_posterior': False, 'initial_strategy': 'most_frequent', 'imputation_order': 'descending'}. Best is trial 127 with value: 1.944418036377605.
[I 2023-11-21 13:24:06,162] Trial 131 finished with value: 1.9803725576238904 and parameters: {'model_name': 'IterativeImputer', 'estimator': 'Bayesian', 'sample_posterior': False, 'initial_strategy': 'median', 'imputation_order': 'roman'}. Best is trial 127 with value: 1.944418036377605.
[I 2023-11-21 13:24:06,920] Trial 129 finished with value: 1.944418036377605 and parameters: {'model_name': 'IterativeImputer', 'estimator': 'Bayesian', 'sample_posterior': False, 'initial_strategy': 'median', 'imputation_order': 'descending'}. Best is trial 127 with value: 1.944418036377605.
[I 2023-11-21 13:24:07,692] Trial 137 finished with value: 1.9476001857488616 and parameters: {'model_name': 'IterativeImputer', 'estimator': 'Bayesian', 'sample_posterior': False, 'initial_strategy': 'most_frequent', 'imputation_order': 'descending'}. Best is trial 127 with value: 1.944418036377605.
[I 2023-11-21 13:24:08,783] Trial 161 finished with value: 1.9784558996453732 and parameters: {'model_name': 'IterativeImputer', 'estimator': 'Ridge', 'sample_posterior': False, 'initial_strategy': 'mean', 'imputation_order': 'roman'}. Best is trial 127 with value: 1.944418036377605.
[I 2023-11-21 13:24:09,426] Trial 134 finished with value: 1.9803725576238904 and parameters: {'model_name': 'IterativeImputer', 'estimator': 'Bayesian', 'sample_posterior': False, 'initial_strategy': 'median', 'imputation_order': 'roman'}. Best is trial 127 with value: 1.944418036377605.
[I 2023-11-21 13:24:14,887] Trial 147 finished with value: 1.944418036377605 and parameters: {'model_name': 'IterativeImputer', 'estimator': 'Bayesian', 'sample_posterior': False, 'initial_strategy': 'median', 'imputation_order': 'descending'}. Best is trial 127 with value: 1.944418036377605.
[I 2023-11-21 13:24:20,415] Trial 126 finished with value: 1.9803725576238904 and parameters: {'model_name': 'IterativeImputer', 'estimator': 'Bayesian', 'sample_posterior': False, 'initial_strategy': 'median', 'imputation_order': 'roman'}. Best is trial 127 with value: 1.944418036377605.
[I 2023-11-21 13:24:26,511] Trial 136 finished with value: 1.9476001857488616 and parameters: {'model_name': 'IterativeImputer', 'estimator': 'Bayesian', 'sample_posterior': False, 'initial_strategy': 'most_frequent', 'imputation_order': 'descending'}. Best is trial 127 with value: 1.944418036377605.
[I 2023-11-21 13:24:31,211] Trial 119 finished with value: 1.9476001857488616 and parameters: {'model_name': 'IterativeImputer', 'estimator': 'Bayesian', 'sample_posterior': False, 'initial_strategy': 'most_frequent', 'imputation_order': 'descending'}. Best is trial 127 with value: 1.944418036377605.
[I 2023-11-21 13:24:31,428] Trial 151 finished with value: 1.9476001857488616 and parameters: {'model_name': 'IterativeImputer', 'estimator': 'Bayesian', 'sample_posterior': False, 'initial_strategy': 'most_frequent', 'imputation_order': 'descending'}. Best is trial 127 with value: 1.944418036377605.
[I 2023-11-21 13:24:38,543] Trial 160 finished with value: 1.9638125915371503 and parameters: {'model_name': 'IterativeImputer', 'estimator': 'Bayesian', 'sample_posterior': False, 'initial_strategy': 'median', 'imputation_order': 'ascending'}. Best is trial 127 with value: 1.944418036377605.
[I 2023-11-21 13:24:38,954] Trial 157 finished with value: 1.9476001857488616 and parameters: {'model_name': 'IterativeImputer', 'estimator': 'Bayesian', 'sample_posterior': False, 'initial_strategy': 'most_frequent', 'imputation_order': 'descending'}. Best is trial 127 with value: 1.944418036377605.
[I 2023-11-21 13:24:39,564] Trial 148 finished with value: 1.9803725576238904 and parameters: {'model_name': 'IterativeImputer', 'estimator': 'Bayesian', 'sample_posterior': False, 'initial_strategy': 'median', 'imputation_order': 'roman'}. Best is trial 127 with value: 1.944418036377605.
[I 2023-11-21 13:24:47,697] Trial 146 finished with value: 1.9476001857488616 and parameters: {'model_name': 'IterativeImputer', 'estimator': 'Bayesian', 'sample_posterior': False, 'initial_strategy': 'most_frequent', 'imputation_order': 'descending'}. Best is trial 127 with value: 1.944418036377605.
[I 2023-11-21 13:37:59,171] Trial 5 finished with value: 1.26056938309776 and parameters: {'model_name': 'IterativeImputer', 'estimator': 'KNN', 'sample_posterior': False, 'initial_strategy': 'constant', 'imputation_order': 'roman'}. Best is trial 5 with value: 1.26056938309776.
[I 2023-11-21 13:38:31,592] Trial 51 finished with value: 2.4151750348237657 and parameters: {'model_name': 'IterativeImputer', 'estimator': 'Bayesian', 'sample_posterior': True, 'initial_strategy': 'mean', 'imputation_order': 'descending'}. Best is trial 5 with value: 1.26056938309776.
[I 2023-11-21 13:38:51,335] Trial 24 finished with value: 2.422425207138298 and parameters: {'model_name': 'IterativeImputer', 'estimator': 'Bayesian', 'sample_posterior': True, 'initial_strategy': 'constant', 'imputation_order': 'random'}. Best is trial 5 with value: 1.26056938309776.
[I 2023-11-21 13:38:54,044] Trial 20 finished with value: 2.4205690947698026 and parameters: {'model_name': 'IterativeImputer', 'estimator': 'Bayesian', 'sample_posterior': True, 'initial_strategy': 'constant', 'imputation_order': 'ascending'}. Best is trial 5 with value: 1.26056938309776.
[I 2023-11-21 13:41:25,048] Trial 162 finished with value: 1.9638125915371503 and parameters: {'model_name': 'IterativeImputer', 'estimator': 'Bayesian', 'sample_posterior': False, 'initial_strategy': 'median', 'imputation_order': 'ascending'}. Best is trial 5 with value: 1.26056938309776.
[I 2023-11-21 13:41:43,664] Trial 169 finished with value: 1.9638125915371503 and parameters: {'model_name': 'IterativeImputer', 'estimator': 'Bayesian', 'sample_posterior': False, 'initial_strategy': 'median', 'imputation_order': 'ascending'}. Best is trial 5 with value: 1.26056938309776.
[I 2023-11-21 13:41:44,468] Trial 174 finished with value: 1.944418036377605 and parameters: {'model_name': 'IterativeImputer', 'estimator': 'Bayesian', 'sample_posterior': False, 'initial_strategy': 'median', 'imputation_order': 'descending'}. Best is trial 5 with value: 1.26056938309776.
[I 2023-11-21 13:41:48,264] Trial 166 finished with value: 1.9638125915371503 and parameters: {'model_name': 'IterativeImputer', 'estimator': 'Bayesian', 'sample_posterior': False, 'initial_strategy': 'median', 'imputation_order': 'ascending'}. Best is trial 5 with value: 1.26056938309776.
[I 2023-11-21 13:41:48,887] Trial 163 finished with value: 1.9638125915371503 and parameters: {'model_name': 'IterativeImputer', 'estimator': 'Bayesian', 'sample_posterior': False, 'initial_strategy': 'median', 'imputation_order': 'ascending'}. Best is trial 5 with value: 1.26056938309776.
[I 2023-11-21 13:41:53,691] Trial 167 finished with value: 1.9638125915371503 and parameters: {'model_name': 'IterativeImputer', 'estimator': 'Bayesian', 'sample_posterior': False, 'initial_strategy': 'median', 'imputation_order': 'ascending'}. Best is trial 5 with value: 1.26056938309776.
[I 2023-11-21 13:41:56,808] Trial 171 finished with value: 1.9638125915371503 and parameters: {'model_name': 'IterativeImputer', 'estimator': 'Bayesian', 'sample_posterior': False, 'initial_strategy': 'median', 'imputation_order': 'ascending'}. Best is trial 5 with value: 1.26056938309776.
[I 2023-11-21 13:42:00,128] Trial 165 finished with value: 1.9638125915371503 and parameters: {'model_name': 'IterativeImputer', 'estimator': 'Bayesian', 'sample_posterior': False, 'initial_strategy': 'median', 'imputation_order': 'ascending'}. Best is trial 5 with value: 1.26056938309776.
[I 2023-11-21 13:42:01,303] Trial 173 finished with value: 1.944418036377605 and parameters: {'model_name': 'IterativeImputer', 'estimator': 'Bayesian', 'sample_posterior': False, 'initial_strategy': 'median', 'imputation_order': 'descending'}. Best is trial 5 with value: 1.26056938309776.
[I 2023-11-21 13:42:04,222] Trial 168 finished with value: 1.9638125915371503 and parameters: {'model_name': 'IterativeImputer', 'estimator': 'Bayesian', 'sample_posterior': False, 'initial_strategy': 'median', 'imputation_order': 'ascending'}. Best is trial 5 with value: 1.26056938309776.
[I 2023-11-21 13:42:07,411] Trial 177 finished with value: 1.9476001857488616 and parameters: {'model_name': 'IterativeImputer', 'estimator': 'Bayesian', 'sample_posterior': False, 'initial_strategy': 'most_frequent', 'imputation_order': 'descending'}. Best is trial 5 with value: 1.26056938309776.
[I 2023-11-21 13:42:07,931] Trial 170 finished with value: 1.9638125915371503 and parameters: {'model_name': 'IterativeImputer', 'estimator': 'Bayesian', 'sample_posterior': False, 'initial_strategy': 'median', 'imputation_order': 'ascending'}. Best is trial 5 with value: 1.26056938309776.
[I 2023-11-21 13:42:10,450] Trial 172 finished with value: 1.9638125915371503 and parameters: {'model_name': 'IterativeImputer', 'estimator': 'Bayesian', 'sample_posterior': False, 'initial_strategy': 'median', 'imputation_order': 'ascending'}. Best is trial 5 with value: 1.26056938309776.
[I 2023-11-21 13:42:12,299] Trial 164 finished with value: 1.9638125915371503 and parameters: {'model_name': 'IterativeImputer', 'estimator': 'Bayesian', 'sample_posterior': False, 'initial_strategy': 'median', 'imputation_order': 'ascending'}. Best is trial 5 with value: 1.26056938309776.
[I 2023-11-21 13:42:21,841] Trial 175 finished with value: 1.944418036377605 and parameters: {'model_name': 'IterativeImputer', 'estimator': 'Bayesian', 'sample_posterior': False, 'initial_strategy': 'median', 'imputation_order': 'descending'}. Best is trial 5 with value: 1.26056938309776.
[I 2023-11-21 13:42:23,521] Trial 181 finished with value: 1.9476001857488616 and parameters: {'model_name': 'IterativeImputer', 'estimator': 'Bayesian', 'sample_posterior': False, 'initial_strategy': 'most_frequent', 'imputation_order': 'descending'}. Best is trial 5 with value: 1.26056938309776.
[I 2023-11-21 13:42:26,206] Trial 182 finished with value: 1.9476001857488616 and parameters: {'model_name': 'IterativeImputer', 'estimator': 'Bayesian', 'sample_posterior': False, 'initial_strategy': 'most_frequent', 'imputation_order': 'descending'}. Best is trial 5 with value: 1.26056938309776.
[I 2023-11-21 13:42:27,580] Trial 178 finished with value: 1.9476001857488616 and parameters: {'model_name': 'IterativeImputer', 'estimator': 'Bayesian', 'sample_posterior': False, 'initial_strategy': 'most_frequent', 'imputation_order': 'descending'}. Best is trial 5 with value: 1.26056938309776.
[I 2023-11-21 13:42:28,735] Trial 176 finished with value: 1.9476001857488616 and parameters: {'model_name': 'IterativeImputer', 'estimator': 'Bayesian', 'sample_posterior': False, 'initial_strategy': 'most_frequent', 'imputation_order': 'descending'}. Best is trial 5 with value: 1.26056938309776.
[I 2023-11-21 13:42:31,082] Trial 183 finished with value: 1.9476001857488616 and parameters: {'model_name': 'IterativeImputer', 'estimator': 'Bayesian', 'sample_posterior': False, 'initial_strategy': 'most_frequent', 'imputation_order': 'descending'}. Best is trial 5 with value: 1.26056938309776.
[I 2023-11-21 13:42:31,894] Trial 184 finished with value: 1.9476001857488616 and parameters: {'model_name': 'IterativeImputer', 'estimator': 'Bayesian', 'sample_posterior': False, 'initial_strategy': 'most_frequent', 'imputation_order': 'descending'}. Best is trial 5 with value: 1.26056938309776.
[I 2023-11-21 13:42:37,402] Trial 179 finished with value: 1.9476001857488616 and parameters: {'model_name': 'IterativeImputer', 'estimator': 'Bayesian', 'sample_posterior': False, 'initial_strategy': 'most_frequent', 'imputation_order': 'descending'}. Best is trial 5 with value: 1.26056938309776.
[I 2023-11-21 13:42:43,185] Trial 185 finished with value: 1.9476001857488616 and parameters: {'model_name': 'IterativeImputer', 'estimator': 'Bayesian', 'sample_posterior': False, 'initial_strategy': 'most_frequent', 'imputation_order': 'descending'}. Best is trial 5 with value: 1.26056938309776.
[I 2023-11-21 13:42:44,545] Trial 180 finished with value: 1.9476001857488616 and parameters: {'model_name': 'IterativeImputer', 'estimator': 'Bayesian', 'sample_posterior': False, 'initial_strategy': 'most_frequent', 'imputation_order': 'descending'}. Best is trial 5 with value: 1.26056938309776.
[I 2023-11-21 13:53:46,910] Trial 186 finished with value: 1.9476001857488616 and parameters: {'model_name': 'IterativeImputer', 'estimator': 'Bayesian', 'sample_posterior': False, 'initial_strategy': 'most_frequent', 'imputation_order': 'descending'}. Best is trial 5 with value: 1.26056938309776.
[I 2023-11-21 13:54:22,613] Trial 187 finished with value: 1.9476001857488616 and parameters: {'model_name': 'IterativeImputer', 'estimator': 'Bayesian', 'sample_posterior': False, 'initial_strategy': 'most_frequent', 'imputation_order': 'descending'}. Best is trial 5 with value: 1.26056938309776.
[I 2023-11-21 13:54:31,460] Trial 188 finished with value: 1.9476001857488616 and parameters: {'model_name': 'IterativeImputer', 'estimator': 'Bayesian', 'sample_posterior': False, 'initial_strategy': 'most_frequent', 'imputation_order': 'descending'}. Best is trial 5 with value: 1.26056938309776.
[I 2023-11-21 13:54:49,418] Trial 189 finished with value: 1.9476001857488616 and parameters: {'model_name': 'IterativeImputer', 'estimator': 'Bayesian', 'sample_posterior': False, 'initial_strategy': 'most_frequent', 'imputation_order': 'descending'}. Best is trial 5 with value: 1.26056938309776.
[I 2023-11-21 13:56:23,050] Trial 190 finished with value: 1.9476001857488616 and parameters: {'model_name': 'IterativeImputer', 'estimator': 'Bayesian', 'sample_posterior': False, 'initial_strategy': 'most_frequent', 'imputation_order': 'descending'}. Best is trial 5 with value: 1.26056938309776.
[I 2023-11-21 13:56:32,918] Trial 191 finished with value: 1.9476001857488616 and parameters: {'model_name': 'IterativeImputer', 'estimator': 'Bayesian', 'sample_posterior': False, 'initial_strategy': 'most_frequent', 'imputation_order': 'descending'}. Best is trial 5 with value: 1.26056938309776.
[I 2023-11-21 13:56:36,398] Trial 196 finished with value: 1.9476001857488616 and parameters: {'model_name': 'IterativeImputer', 'estimator': 'Bayesian', 'sample_posterior': False, 'initial_strategy': 'most_frequent', 'imputation_order': 'descending'}. Best is trial 5 with value: 1.26056938309776.
[I 2023-11-21 14:01:34,230] Trial 192 finished with value: 1.2268753435856614 and parameters: {'model_name': 'IterativeImputer', 'estimator': 'KNN', 'sample_posterior': False, 'initial_strategy': 'most_frequent', 'imputation_order': 'descending'}. Best is trial 192 with value: 1.2268753435856614.
[I 2023-11-21 14:01:35,713] Trial 193 finished with value: 1.2268753435856614 and parameters: {'model_name': 'IterativeImputer', 'estimator': 'KNN', 'sample_posterior': False, 'initial_strategy': 'most_frequent', 'imputation_order': 'descending'}. Best is trial 192 with value: 1.2268753435856614.
[I 2023-11-21 14:01:36,662] Trial 195 finished with value: 1.2268753435856614 and parameters: {'model_name': 'IterativeImputer', 'estimator': 'KNN', 'sample_posterior': False, 'initial_strategy': 'most_frequent', 'imputation_order': 'descending'}. Best is trial 192 with value: 1.2268753435856614.
[I 2023-11-21 14:01:37,575] Trial 198 finished with value: 1.2268753435856614 and parameters: {'model_name': 'IterativeImputer', 'estimator': 'KNN', 'sample_posterior': False, 'initial_strategy': 'most_frequent', 'imputation_order': 'descending'}. Best is trial 192 with value: 1.2268753435856614.
[I 2023-11-21 14:01:38,928] Trial 199 finished with value: 1.2268753435856614 and parameters: {'model_name': 'IterativeImputer', 'estimator': 'KNN', 'sample_posterior': False, 'initial_strategy': 'most_frequent', 'imputation_order': 'descending'}. Best is trial 192 with value: 1.2268753435856614.
[I 2023-11-21 14:01:41,432] Trial 194 finished with value: 1.2268753435856614 and parameters: {'model_name': 'IterativeImputer', 'estimator': 'KNN', 'sample_posterior': False, 'initial_strategy': 'most_frequent', 'imputation_order': 'descending'}. Best is trial 192 with value: 1.2268753435856614.
[I 2023-11-21 14:01:42,034] Trial 197 finished with value: 1.2268753435856614 and parameters: {'model_name': 'IterativeImputer', 'estimator': 'KNN', 'sample_posterior': False, 'initial_strategy': 'most_frequent', 'imputation_order': 'descending'}. Best is trial 192 with value: 1.2268753435856614.
