/cm/local/apps/slurm/var/spool/job403240/slurm_script: line 19: /common/ketrong/minconda3/etc/profile.d/conda.sh: No such file or directory
/cm/local/apps/slurm/var/spool/job403240/slurm_script: line 22: $'\nconda create --name tpot2devenv -c conda-forge python=3.10\n': command not found
/cm/local/apps/slurm/var/spool/job403240/slurm_script: line 27: $'\npip install -r requirements.txt\n': command not found
RunStart
2023-11-21 16:46:54.199534: I tensorflow/core/util/port.cc:113] oneDNN custom operations are on. You may see slightly different numerical results due to floating-point round-off errors from different computation orders. To turn them off, set the environment variable `TF_ENABLE_ONEDNN_OPTS=0`.
2023-11-21 16:46:54.236001: E external/local_xla/xla/stream_executor/cuda/cuda_dnn.cc:9261] Unable to register cuDNN factory: Attempting to register factory for plugin cuDNN when one has already been registered
2023-11-21 16:46:54.236026: E external/local_xla/xla/stream_executor/cuda/cuda_fft.cc:607] Unable to register cuFFT factory: Attempting to register factory for plugin cuFFT when one has already been registered
2023-11-21 16:46:54.237392: E external/local_xla/xla/stream_executor/cuda/cuda_blas.cc:1515] Unable to register cuBLAS factory: Attempting to register factory for plugin cuBLAS when one has already been registered
2023-11-21 16:46:54.243537: I tensorflow/core/platform/cpu_feature_guard.cc:182] This TensorFlow binary is optimized to use available CPU instructions in performance-critical operations.
To enable the following instructions: AVX2 AVX512F AVX512_VNNI FMA, in other operations, rebuild TensorFlow with the appropriate compiler flags.
2023-11-21 16:46:56.232989: W tensorflow/compiler/tf2tensorrt/utils/py_utils.cc:38] TF-TRT Warning: Could not find TensorRT
WARNING:tensorflow:From /home/ketrong/miniconda3/envs/tpot2devenv/lib/python3.10/site-packages/tensorflow/python/compat/v2_compat.py:108: disable_resource_variables (from tensorflow.python.ops.variable_scope) is deprecated and will be removed in a future version.
Instructions for updating:
non-resource variables are not supported in the long term
working on 
tpot2_imputetest/Impute_Experiments/logs//tpot2_base_imputation_6_0.9_MCAR_2
loading data
tpot2_imputetest/Impute_Experiments/data/6_True.pkl
running experiment 1/3 - Does large hyperparameter space improve reconstruction accuracy over simple
[I 2023-11-21 16:50:17,536] A new study created in memory with name: no-name-76791b02-9ecb-4a31-804e-045d73eaa936
[I 2023-11-21 16:50:19,408] Trial 10 finished with value: 6.6026275713692515 and parameters: {'model_name': 'SimpleImputer', 'strategy': 'constant'}. Best is trial 10 with value: 6.6026275713692515.
[I 2023-11-21 16:50:19,804] Trial 2 finished with value: 2.3125304974459304 and parameters: {'model_name': 'SimpleImputer', 'strategy': 'mean'}. Best is trial 2 with value: 2.3125304974459304.
[I 2023-11-21 16:50:20,222] Trial 9 finished with value: 6.6026275713692515 and parameters: {'model_name': 'SimpleImputer', 'strategy': 'constant'}. Best is trial 2 with value: 2.3125304974459304.
[I 2023-11-21 16:50:20,437] Trial 11 finished with value: 6.6026275713692515 and parameters: {'model_name': 'SimpleImputer', 'strategy': 'constant'}. Best is trial 2 with value: 2.3125304974459304.
[I 2023-11-21 16:50:21,407] Trial 3 finished with value: 2.3125304974459304 and parameters: {'model_name': 'SimpleImputer', 'strategy': 'mean'}. Best is trial 2 with value: 2.3125304974459304.
[I 2023-11-21 16:50:21,596] Trial 0 finished with value: 2.3125304974459304 and parameters: {'model_name': 'SimpleImputer', 'strategy': 'mean'}. Best is trial 2 with value: 2.3125304974459304.
[I 2023-11-21 16:50:21,921] Trial 17 finished with value: 6.6026275713692515 and parameters: {'model_name': 'SimpleImputer', 'strategy': 'constant'}. Best is trial 2 with value: 2.3125304974459304.
[I 2023-11-21 16:50:22,144] Trial 1 finished with value: 2.3125304974459304 and parameters: {'model_name': 'SimpleImputer', 'strategy': 'mean'}. Best is trial 2 with value: 2.3125304974459304.
[I 2023-11-21 16:50:22,472] Trial 24 finished with value: 6.6026275713692515 and parameters: {'model_name': 'SimpleImputer', 'strategy': 'constant'}. Best is trial 2 with value: 2.3125304974459304.
[I 2023-11-21 16:50:23,062] Trial 8 finished with value: 2.3125304974459304 and parameters: {'model_name': 'SimpleImputer', 'strategy': 'mean'}. Best is trial 2 with value: 2.3125304974459304.
[I 2023-11-21 16:50:23,353] Trial 18 finished with value: 2.3125304974459304 and parameters: {'model_name': 'SimpleImputer', 'strategy': 'mean'}. Best is trial 2 with value: 2.3125304974459304.
[I 2023-11-21 16:50:23,615] Trial 12 finished with value: 2.3125304974459304 and parameters: {'model_name': 'SimpleImputer', 'strategy': 'mean'}. Best is trial 2 with value: 2.3125304974459304.
[I 2023-11-21 16:50:24,342] Trial 21 finished with value: 2.3125304974459304 and parameters: {'model_name': 'SimpleImputer', 'strategy': 'mean'}. Best is trial 2 with value: 2.3125304974459304.
[I 2023-11-21 16:50:24,585] Trial 13 finished with value: 2.3125304974459304 and parameters: {'model_name': 'SimpleImputer', 'strategy': 'mean'}. Best is trial 2 with value: 2.3125304974459304.
[I 2023-11-21 16:50:25,030] Trial 26 finished with value: 2.3125304974459304 and parameters: {'model_name': 'SimpleImputer', 'strategy': 'mean'}. Best is trial 2 with value: 2.3125304974459304.
[I 2023-11-21 16:50:25,320] Trial 34 finished with value: 6.6026275713692515 and parameters: {'model_name': 'SimpleImputer', 'strategy': 'constant'}. Best is trial 2 with value: 2.3125304974459304.
[I 2023-11-21 16:50:25,617] Trial 39 finished with value: 6.6026275713692515 and parameters: {'model_name': 'SimpleImputer', 'strategy': 'constant'}. Best is trial 2 with value: 2.3125304974459304.
[I 2023-11-21 16:50:25,915] Trial 27 finished with value: 2.3125304974459304 and parameters: {'model_name': 'SimpleImputer', 'strategy': 'mean'}. Best is trial 2 with value: 2.3125304974459304.
[I 2023-11-21 16:50:26,168] Trial 5 finished with value: 2.3678811467543395 and parameters: {'model_name': 'SimpleImputer', 'strategy': 'median'}. Best is trial 2 with value: 2.3125304974459304.
[I 2023-11-21 16:50:26,424] Trial 23 finished with value: 2.3125304974459304 and parameters: {'model_name': 'SimpleImputer', 'strategy': 'mean'}. Best is trial 2 with value: 2.3125304974459304.
[I 2023-11-21 16:50:26,928] Trial 38 finished with value: 6.6026275713692515 and parameters: {'model_name': 'SimpleImputer', 'strategy': 'constant'}. Best is trial 2 with value: 2.3125304974459304.
[I 2023-11-21 16:50:27,193] Trial 36 finished with value: 6.6026275713692515 and parameters: {'model_name': 'SimpleImputer', 'strategy': 'constant'}. Best is trial 2 with value: 2.3125304974459304.
[I 2023-11-21 16:50:27,541] Trial 48 finished with value: 6.6026275713692515 and parameters: {'model_name': 'SimpleImputer', 'strategy': 'constant'}. Best is trial 2 with value: 2.3125304974459304.
[I 2023-11-21 16:50:27,719] Trial 31 finished with value: 2.3125304974459304 and parameters: {'model_name': 'SimpleImputer', 'strategy': 'mean'}. Best is trial 2 with value: 2.3125304974459304.
[I 2023-11-21 16:50:28,005] Trial 43 finished with value: 6.6026275713692515 and parameters: {'model_name': 'SimpleImputer', 'strategy': 'constant'}. Best is trial 2 with value: 2.3125304974459304.
[I 2023-11-21 16:50:28,524] Trial 37 finished with value: 2.3125304974459304 and parameters: {'model_name': 'SimpleImputer', 'strategy': 'mean'}. Best is trial 2 with value: 2.3125304974459304.
[I 2023-11-21 16:50:28,996] Trial 4 finished with value: 2.3678811467543395 and parameters: {'model_name': 'SimpleImputer', 'strategy': 'median'}. Best is trial 2 with value: 2.3125304974459304.
[I 2023-11-21 16:50:29,302] Trial 30 finished with value: 2.3125304974459304 and parameters: {'model_name': 'SimpleImputer', 'strategy': 'mean'}. Best is trial 2 with value: 2.3125304974459304.
[I 2023-11-21 16:50:29,559] Trial 25 finished with value: 2.3678811467543395 and parameters: {'model_name': 'SimpleImputer', 'strategy': 'median'}. Best is trial 2 with value: 2.3125304974459304.
[I 2023-11-21 16:50:29,778] Trial 45 finished with value: 2.3125304974459304 and parameters: {'model_name': 'SimpleImputer', 'strategy': 'mean'}. Best is trial 2 with value: 2.3125304974459304.
[I 2023-11-21 16:50:30,149] Trial 42 finished with value: 2.3125304974459304 and parameters: {'model_name': 'SimpleImputer', 'strategy': 'mean'}. Best is trial 2 with value: 2.3125304974459304.
[I 2023-11-21 16:50:30,438] Trial 47 finished with value: 2.3125304974459304 and parameters: {'model_name': 'SimpleImputer', 'strategy': 'mean'}. Best is trial 2 with value: 2.3125304974459304.
[I 2023-11-21 16:50:30,756] Trial 50 finished with value: 2.3125304974459304 and parameters: {'model_name': 'SimpleImputer', 'strategy': 'mean'}. Best is trial 2 with value: 2.3125304974459304.
[I 2023-11-21 16:50:31,111] Trial 35 finished with value: 2.3125304974459304 and parameters: {'model_name': 'SimpleImputer', 'strategy': 'mean'}. Best is trial 2 with value: 2.3125304974459304.
[I 2023-11-21 16:50:31,386] Trial 16 finished with value: 2.3678811467543395 and parameters: {'model_name': 'SimpleImputer', 'strategy': 'median'}. Best is trial 2 with value: 2.3125304974459304.
[I 2023-11-21 16:50:31,668] Trial 20 finished with value: 2.3678811467543395 and parameters: {'model_name': 'SimpleImputer', 'strategy': 'median'}. Best is trial 2 with value: 2.3125304974459304.
[I 2023-11-21 16:50:31,923] Trial 22 finished with value: 2.3678811467543395 and parameters: {'model_name': 'SimpleImputer', 'strategy': 'median'}. Best is trial 2 with value: 2.3125304974459304.
[I 2023-11-21 16:50:32,114] Trial 49 finished with value: 2.3125304974459304 and parameters: {'model_name': 'SimpleImputer', 'strategy': 'mean'}. Best is trial 2 with value: 2.3125304974459304.
[I 2023-11-21 16:50:32,373] Trial 6 finished with value: 2.3678811467543395 and parameters: {'model_name': 'SimpleImputer', 'strategy': 'median'}. Best is trial 2 with value: 2.3125304974459304.
[I 2023-11-21 16:50:32,620] Trial 40 finished with value: 2.3125304974459304 and parameters: {'model_name': 'SimpleImputer', 'strategy': 'mean'}. Best is trial 2 with value: 2.3125304974459304.
[I 2023-11-21 16:50:32,891] Trial 56 finished with value: 6.6026275713692515 and parameters: {'model_name': 'SimpleImputer', 'strategy': 'constant'}. Best is trial 2 with value: 2.3125304974459304.
[I 2023-11-21 16:50:33,137] Trial 32 finished with value: 2.3678811467543395 and parameters: {'model_name': 'SimpleImputer', 'strategy': 'median'}. Best is trial 2 with value: 2.3125304974459304.
[I 2023-11-21 16:50:33,821] Trial 29 finished with value: 2.3678811467543395 and parameters: {'model_name': 'SimpleImputer', 'strategy': 'median'}. Best is trial 2 with value: 2.3125304974459304.
[I 2023-11-21 16:50:34,538] Trial 55 finished with value: 2.3125304974459304 and parameters: {'model_name': 'SimpleImputer', 'strategy': 'mean'}. Best is trial 2 with value: 2.3125304974459304.
[I 2023-11-21 16:50:34,949] Trial 33 finished with value: 2.3678811467543395 and parameters: {'model_name': 'SimpleImputer', 'strategy': 'median'}. Best is trial 2 with value: 2.3125304974459304.
[I 2023-11-21 16:50:35,858] Trial 41 finished with value: 2.3678811467543395 and parameters: {'model_name': 'SimpleImputer', 'strategy': 'median'}. Best is trial 2 with value: 2.3125304974459304.
[I 2023-11-21 16:50:36,486] Trial 54 finished with value: 2.3678811467543395 and parameters: {'model_name': 'SimpleImputer', 'strategy': 'median'}. Best is trial 2 with value: 2.3125304974459304.
[I 2023-11-21 16:50:36,672] Trial 44 finished with value: 2.3678811467543395 and parameters: {'model_name': 'SimpleImputer', 'strategy': 'median'}. Best is trial 2 with value: 2.3125304974459304.
[I 2023-11-21 16:50:36,924] Trial 53 finished with value: 2.3678811467543395 and parameters: {'model_name': 'SimpleImputer', 'strategy': 'median'}. Best is trial 2 with value: 2.3125304974459304.
[I 2023-11-21 16:50:37,106] Trial 7 finished with value: 2.484677850653404 and parameters: {'model_name': 'SimpleImputer', 'strategy': 'most_frequent'}. Best is trial 2 with value: 2.3125304974459304.
[I 2023-11-21 16:50:38,179] Trial 58 finished with value: 2.3678811467543395 and parameters: {'model_name': 'SimpleImputer', 'strategy': 'median'}. Best is trial 2 with value: 2.3125304974459304.
[I 2023-11-21 16:50:38,525] Trial 52 finished with value: 2.3678811467543395 and parameters: {'model_name': 'SimpleImputer', 'strategy': 'median'}. Best is trial 2 with value: 2.3125304974459304.
[I 2023-11-21 16:50:39,086] Trial 62 finished with value: 2.3678811467543395 and parameters: {'model_name': 'SimpleImputer', 'strategy': 'median'}. Best is trial 2 with value: 2.3125304974459304.
[I 2023-11-21 16:50:39,533] Trial 57 finished with value: 2.3678811467543395 and parameters: {'model_name': 'SimpleImputer', 'strategy': 'median'}. Best is trial 2 with value: 2.3125304974459304.
[I 2023-11-21 16:50:40,060] Trial 59 finished with value: 2.3678811467543395 and parameters: {'model_name': 'SimpleImputer', 'strategy': 'median'}. Best is trial 2 with value: 2.3125304974459304.
[I 2023-11-21 16:50:40,770] Trial 15 finished with value: 2.484677850653404 and parameters: {'model_name': 'SimpleImputer', 'strategy': 'most_frequent'}. Best is trial 2 with value: 2.3125304974459304.
[I 2023-11-21 16:50:41,147] Trial 14 finished with value: 2.484677850653404 and parameters: {'model_name': 'SimpleImputer', 'strategy': 'most_frequent'}. Best is trial 2 with value: 2.3125304974459304.
[I 2023-11-21 16:50:42,334] Trial 93 finished with value: 2.3125304974459304 and parameters: {'model_name': 'SimpleImputer', 'strategy': 'mean'}. Best is trial 2 with value: 2.3125304974459304.
[I 2023-11-21 16:50:42,757] Trial 28 finished with value: 2.484677850653404 and parameters: {'model_name': 'SimpleImputer', 'strategy': 'most_frequent'}. Best is trial 2 with value: 2.3125304974459304.
[I 2023-11-21 16:50:43,167] Trial 19 finished with value: 2.484677850653404 and parameters: {'model_name': 'SimpleImputer', 'strategy': 'most_frequent'}. Best is trial 2 with value: 2.3125304974459304.
[I 2023-11-21 16:50:44,957] Trial 46 finished with value: 2.484677850653404 and parameters: {'model_name': 'SimpleImputer', 'strategy': 'most_frequent'}. Best is trial 2 with value: 2.3125304974459304.
[I 2023-11-21 16:50:45,965] Trial 63 finished with value: 2.484677850653404 and parameters: {'model_name': 'SimpleImputer', 'strategy': 'most_frequent'}. Best is trial 2 with value: 2.3125304974459304.
[I 2023-11-21 16:50:46,190] Trial 64 finished with value: 2.484677850653404 and parameters: {'model_name': 'SimpleImputer', 'strategy': 'most_frequent'}. Best is trial 2 with value: 2.3125304974459304.
[I 2023-11-21 16:50:46,510] Trial 51 finished with value: 2.484677850653404 and parameters: {'model_name': 'SimpleImputer', 'strategy': 'most_frequent'}. Best is trial 2 with value: 2.3125304974459304.
[I 2023-11-21 16:50:46,908] Trial 65 finished with value: 2.484677850653404 and parameters: {'model_name': 'SimpleImputer', 'strategy': 'most_frequent'}. Best is trial 2 with value: 2.3125304974459304.
[I 2023-11-21 16:50:47,606] Trial 69 finished with value: 2.484677850653404 and parameters: {'model_name': 'SimpleImputer', 'strategy': 'most_frequent'}. Best is trial 2 with value: 2.3125304974459304.
[I 2023-11-21 16:50:47,989] Trial 70 finished with value: 2.484677850653404 and parameters: {'model_name': 'SimpleImputer', 'strategy': 'most_frequent'}. Best is trial 2 with value: 2.3125304974459304.
[I 2023-11-21 16:50:48,351] Trial 66 finished with value: 2.484677850653404 and parameters: {'model_name': 'SimpleImputer', 'strategy': 'most_frequent'}. Best is trial 2 with value: 2.3125304974459304.
[I 2023-11-21 16:50:48,742] Trial 75 finished with value: 2.484677850653404 and parameters: {'model_name': 'SimpleImputer', 'strategy': 'most_frequent'}. Best is trial 2 with value: 2.3125304974459304.
[I 2023-11-21 16:50:49,020] Trial 68 finished with value: 2.484677850653404 and parameters: {'model_name': 'SimpleImputer', 'strategy': 'most_frequent'}. Best is trial 2 with value: 2.3125304974459304.
[I 2023-11-21 16:50:49,432] Trial 80 finished with value: 2.484677850653404 and parameters: {'model_name': 'SimpleImputer', 'strategy': 'most_frequent'}. Best is trial 2 with value: 2.3125304974459304.
[I 2023-11-21 16:50:49,716] Trial 71 finished with value: 2.484677850653404 and parameters: {'model_name': 'SimpleImputer', 'strategy': 'most_frequent'}. Best is trial 2 with value: 2.3125304974459304.
[I 2023-11-21 16:50:49,941] Trial 67 finished with value: 2.484677850653404 and parameters: {'model_name': 'SimpleImputer', 'strategy': 'most_frequent'}. Best is trial 2 with value: 2.3125304974459304.
[I 2023-11-21 16:50:50,158] Trial 73 finished with value: 2.484677850653404 and parameters: {'model_name': 'SimpleImputer', 'strategy': 'most_frequent'}. Best is trial 2 with value: 2.3125304974459304.
[I 2023-11-21 16:50:50,391] Trial 107 finished with value: 2.3125304974459304 and parameters: {'model_name': 'SimpleImputer', 'strategy': 'mean'}. Best is trial 2 with value: 2.3125304974459304.
[I 2023-11-21 16:50:50,611] Trial 84 finished with value: 2.484677850653404 and parameters: {'model_name': 'SimpleImputer', 'strategy': 'most_frequent'}. Best is trial 2 with value: 2.3125304974459304.
[I 2023-11-21 16:50:50,808] Trial 72 finished with value: 2.484677850653404 and parameters: {'model_name': 'SimpleImputer', 'strategy': 'most_frequent'}. Best is trial 2 with value: 2.3125304974459304.
[I 2023-11-21 16:50:50,993] Trial 79 finished with value: 2.484677850653404 and parameters: {'model_name': 'SimpleImputer', 'strategy': 'most_frequent'}. Best is trial 2 with value: 2.3125304974459304.
[I 2023-11-21 16:50:51,218] Trial 76 finished with value: 2.484677850653404 and parameters: {'model_name': 'SimpleImputer', 'strategy': 'most_frequent'}. Best is trial 2 with value: 2.3125304974459304.
[I 2023-11-21 16:50:51,603] Trial 83 finished with value: 2.484677850653404 and parameters: {'model_name': 'SimpleImputer', 'strategy': 'most_frequent'}. Best is trial 2 with value: 2.3125304974459304.
[I 2023-11-21 16:50:51,951] Trial 77 finished with value: 2.484677850653404 and parameters: {'model_name': 'SimpleImputer', 'strategy': 'most_frequent'}. Best is trial 2 with value: 2.3125304974459304.
[I 2023-11-21 16:50:52,212] Trial 61 finished with value: 2.484677850653404 and parameters: {'model_name': 'SimpleImputer', 'strategy': 'most_frequent'}. Best is trial 2 with value: 2.3125304974459304.
[I 2023-11-21 16:50:52,525] Trial 85 finished with value: 2.484677850653404 and parameters: {'model_name': 'SimpleImputer', 'strategy': 'most_frequent'}. Best is trial 2 with value: 2.3125304974459304.
[I 2023-11-21 16:50:52,919] Trial 82 finished with value: 2.484677850653404 and parameters: {'model_name': 'SimpleImputer', 'strategy': 'most_frequent'}. Best is trial 2 with value: 2.3125304974459304.
[I 2023-11-21 16:50:53,138] Trial 60 finished with value: 2.484677850653404 and parameters: {'model_name': 'SimpleImputer', 'strategy': 'most_frequent'}. Best is trial 2 with value: 2.3125304974459304.
[I 2023-11-21 16:50:53,830] Trial 91 finished with value: 2.484677850653404 and parameters: {'model_name': 'SimpleImputer', 'strategy': 'most_frequent'}. Best is trial 2 with value: 2.3125304974459304.
[I 2023-11-21 16:50:54,107] Trial 81 finished with value: 2.484677850653404 and parameters: {'model_name': 'SimpleImputer', 'strategy': 'most_frequent'}. Best is trial 2 with value: 2.3125304974459304.
[I 2023-11-21 16:50:54,347] Trial 87 finished with value: 2.484677850653404 and parameters: {'model_name': 'SimpleImputer', 'strategy': 'most_frequent'}. Best is trial 2 with value: 2.3125304974459304.
[I 2023-11-21 16:50:54,648] Trial 86 finished with value: 2.484677850653404 and parameters: {'model_name': 'SimpleImputer', 'strategy': 'most_frequent'}. Best is trial 2 with value: 2.3125304974459304.
[I 2023-11-21 16:50:54,887] Trial 88 finished with value: 2.484677850653404 and parameters: {'model_name': 'SimpleImputer', 'strategy': 'most_frequent'}. Best is trial 2 with value: 2.3125304974459304.
[I 2023-11-21 16:50:55,122] Trial 89 finished with value: 2.484677850653404 and parameters: {'model_name': 'SimpleImputer', 'strategy': 'most_frequent'}. Best is trial 2 with value: 2.3125304974459304.
[I 2023-11-21 16:50:55,910] Trial 92 finished with value: 2.484677850653404 and parameters: {'model_name': 'SimpleImputer', 'strategy': 'most_frequent'}. Best is trial 2 with value: 2.3125304974459304.
[I 2023-11-21 16:50:56,153] Trial 108 finished with value: 2.3125304974459304 and parameters: {'model_name': 'SimpleImputer', 'strategy': 'mean'}. Best is trial 2 with value: 2.3125304974459304.
[I 2023-11-21 16:50:56,408] Trial 74 finished with value: 2.484677850653404 and parameters: {'model_name': 'SimpleImputer', 'strategy': 'most_frequent'}. Best is trial 2 with value: 2.3125304974459304.
[I 2023-11-21 16:50:57,135] Trial 78 finished with value: 2.484677850653404 and parameters: {'model_name': 'SimpleImputer', 'strategy': 'most_frequent'}. Best is trial 2 with value: 2.3125304974459304.
[I 2023-11-21 16:50:57,546] Trial 110 finished with value: 2.3125304974459304 and parameters: {'model_name': 'SimpleImputer', 'strategy': 'mean'}. Best is trial 2 with value: 2.3125304974459304.
[I 2023-11-21 16:50:57,848] Trial 90 finished with value: 2.484677850653404 and parameters: {'model_name': 'SimpleImputer', 'strategy': 'most_frequent'}. Best is trial 2 with value: 2.3125304974459304.
[I 2023-11-21 16:50:58,164] Trial 109 finished with value: 2.3125304974459304 and parameters: {'model_name': 'SimpleImputer', 'strategy': 'mean'}. Best is trial 2 with value: 2.3125304974459304.
[I 2023-11-21 16:50:58,752] Trial 97 finished with value: 2.484677850653404 and parameters: {'model_name': 'SimpleImputer', 'strategy': 'most_frequent'}. Best is trial 2 with value: 2.3125304974459304.
[I 2023-11-21 16:50:59,035] Trial 117 finished with value: 2.3125304974459304 and parameters: {'model_name': 'SimpleImputer', 'strategy': 'mean'}. Best is trial 2 with value: 2.3125304974459304.
[I 2023-11-21 16:50:59,283] Trial 111 finished with value: 2.3125304974459304 and parameters: {'model_name': 'SimpleImputer', 'strategy': 'mean'}. Best is trial 2 with value: 2.3125304974459304.
[I 2023-11-21 16:50:59,695] Trial 95 finished with value: 2.484677850653404 and parameters: {'model_name': 'SimpleImputer', 'strategy': 'most_frequent'}. Best is trial 2 with value: 2.3125304974459304.
[I 2023-11-21 16:51:00,014] Trial 115 finished with value: 2.3125304974459304 and parameters: {'model_name': 'SimpleImputer', 'strategy': 'mean'}. Best is trial 2 with value: 2.3125304974459304.
[I 2023-11-21 16:51:00,414] Trial 112 finished with value: 2.3125304974459304 and parameters: {'model_name': 'SimpleImputer', 'strategy': 'mean'}. Best is trial 2 with value: 2.3125304974459304.
[I 2023-11-21 16:51:00,730] Trial 116 finished with value: 2.3125304974459304 and parameters: {'model_name': 'SimpleImputer', 'strategy': 'mean'}. Best is trial 2 with value: 2.3125304974459304.
[I 2023-11-21 16:51:01,153] Trial 96 finished with value: 2.484677850653404 and parameters: {'model_name': 'SimpleImputer', 'strategy': 'most_frequent'}. Best is trial 2 with value: 2.3125304974459304.
[I 2023-11-21 16:51:01,413] Trial 113 finished with value: 2.3125304974459304 and parameters: {'model_name': 'SimpleImputer', 'strategy': 'mean'}. Best is trial 2 with value: 2.3125304974459304.
[I 2023-11-21 16:51:01,640] Trial 100 finished with value: 2.484677850653404 and parameters: {'model_name': 'SimpleImputer', 'strategy': 'most_frequent'}. Best is trial 2 with value: 2.3125304974459304.
[I 2023-11-21 16:51:02,000] Trial 94 finished with value: 2.484677850653404 and parameters: {'model_name': 'SimpleImputer', 'strategy': 'most_frequent'}. Best is trial 2 with value: 2.3125304974459304.
[I 2023-11-21 16:51:02,429] Trial 114 finished with value: 2.3125304974459304 and parameters: {'model_name': 'SimpleImputer', 'strategy': 'mean'}. Best is trial 2 with value: 2.3125304974459304.
[I 2023-11-21 16:51:03,005] Trial 124 finished with value: 2.3125304974459304 and parameters: {'model_name': 'SimpleImputer', 'strategy': 'mean'}. Best is trial 2 with value: 2.3125304974459304.
[I 2023-11-21 16:51:03,207] Trial 126 finished with value: 2.3125304974459304 and parameters: {'model_name': 'SimpleImputer', 'strategy': 'mean'}. Best is trial 2 with value: 2.3125304974459304.
[I 2023-11-21 16:51:03,498] Trial 119 finished with value: 2.3125304974459304 and parameters: {'model_name': 'SimpleImputer', 'strategy': 'mean'}. Best is trial 2 with value: 2.3125304974459304.
[I 2023-11-21 16:51:03,718] Trial 130 finished with value: 2.3125304974459304 and parameters: {'model_name': 'SimpleImputer', 'strategy': 'mean'}. Best is trial 2 with value: 2.3125304974459304.
[I 2023-11-21 16:51:04,048] Trial 121 finished with value: 2.3125304974459304 and parameters: {'model_name': 'SimpleImputer', 'strategy': 'mean'}. Best is trial 2 with value: 2.3125304974459304.
[I 2023-11-21 16:51:04,267] Trial 120 finished with value: 2.3125304974459304 and parameters: {'model_name': 'SimpleImputer', 'strategy': 'mean'}. Best is trial 2 with value: 2.3125304974459304.
[I 2023-11-21 16:51:04,516] Trial 128 finished with value: 2.3125304974459304 and parameters: {'model_name': 'SimpleImputer', 'strategy': 'mean'}. Best is trial 2 with value: 2.3125304974459304.
[I 2023-11-21 16:51:04,732] Trial 122 finished with value: 2.3125304974459304 and parameters: {'model_name': 'SimpleImputer', 'strategy': 'mean'}. Best is trial 2 with value: 2.3125304974459304.
[I 2023-11-21 16:51:05,174] Trial 129 finished with value: 2.3125304974459304 and parameters: {'model_name': 'SimpleImputer', 'strategy': 'mean'}. Best is trial 2 with value: 2.3125304974459304.
[I 2023-11-21 16:51:05,418] Trial 123 finished with value: 2.3125304974459304 and parameters: {'model_name': 'SimpleImputer', 'strategy': 'mean'}. Best is trial 2 with value: 2.3125304974459304.
[I 2023-11-21 16:51:05,639] Trial 125 finished with value: 2.3125304974459304 and parameters: {'model_name': 'SimpleImputer', 'strategy': 'mean'}. Best is trial 2 with value: 2.3125304974459304.
[I 2023-11-21 16:51:05,955] Trial 133 finished with value: 2.3125304974459304 and parameters: {'model_name': 'SimpleImputer', 'strategy': 'mean'}. Best is trial 2 with value: 2.3125304974459304.
[I 2023-11-21 16:51:06,377] Trial 118 finished with value: 2.3125304974459304 and parameters: {'model_name': 'SimpleImputer', 'strategy': 'mean'}. Best is trial 2 with value: 2.3125304974459304.
[I 2023-11-21 16:51:06,609] Trial 127 finished with value: 2.3125304974459304 and parameters: {'model_name': 'SimpleImputer', 'strategy': 'mean'}. Best is trial 2 with value: 2.3125304974459304.
[I 2023-11-21 16:51:06,911] Trial 98 finished with value: 2.484677850653404 and parameters: {'model_name': 'SimpleImputer', 'strategy': 'most_frequent'}. Best is trial 2 with value: 2.3125304974459304.
[I 2023-11-21 16:51:07,288] Trial 131 finished with value: 2.3125304974459304 and parameters: {'model_name': 'SimpleImputer', 'strategy': 'mean'}. Best is trial 2 with value: 2.3125304974459304.
[I 2023-11-21 16:51:07,587] Trial 99 finished with value: 2.484677850653404 and parameters: {'model_name': 'SimpleImputer', 'strategy': 'most_frequent'}. Best is trial 2 with value: 2.3125304974459304.
[I 2023-11-21 16:51:07,810] Trial 139 finished with value: 2.3125304974459304 and parameters: {'model_name': 'SimpleImputer', 'strategy': 'mean'}. Best is trial 2 with value: 2.3125304974459304.
[I 2023-11-21 16:51:08,054] Trial 138 finished with value: 2.3125304974459304 and parameters: {'model_name': 'SimpleImputer', 'strategy': 'mean'}. Best is trial 2 with value: 2.3125304974459304.
[I 2023-11-21 16:51:08,301] Trial 134 finished with value: 2.3125304974459304 and parameters: {'model_name': 'SimpleImputer', 'strategy': 'mean'}. Best is trial 2 with value: 2.3125304974459304.
[I 2023-11-21 16:51:08,560] Trial 132 finished with value: 2.3125304974459304 and parameters: {'model_name': 'SimpleImputer', 'strategy': 'mean'}. Best is trial 2 with value: 2.3125304974459304.
[I 2023-11-21 16:51:09,061] Trial 141 finished with value: 2.3125304974459304 and parameters: {'model_name': 'SimpleImputer', 'strategy': 'mean'}. Best is trial 2 with value: 2.3125304974459304.
[I 2023-11-21 16:51:09,491] Trial 135 finished with value: 2.3125304974459304 and parameters: {'model_name': 'SimpleImputer', 'strategy': 'mean'}. Best is trial 2 with value: 2.3125304974459304.
[I 2023-11-21 16:51:09,775] Trial 145 finished with value: 2.3125304974459304 and parameters: {'model_name': 'SimpleImputer', 'strategy': 'mean'}. Best is trial 2 with value: 2.3125304974459304.
[I 2023-11-21 16:51:10,129] Trial 144 finished with value: 2.3125304974459304 and parameters: {'model_name': 'SimpleImputer', 'strategy': 'mean'}. Best is trial 2 with value: 2.3125304974459304.
[I 2023-11-21 16:51:10,373] Trial 102 finished with value: 2.484677850653404 and parameters: {'model_name': 'SimpleImputer', 'strategy': 'most_frequent'}. Best is trial 2 with value: 2.3125304974459304.
[I 2023-11-21 16:51:10,645] Trial 101 finished with value: 2.484677850653404 and parameters: {'model_name': 'SimpleImputer', 'strategy': 'most_frequent'}. Best is trial 2 with value: 2.3125304974459304.
[I 2023-11-21 16:51:10,869] Trial 136 finished with value: 2.3125304974459304 and parameters: {'model_name': 'SimpleImputer', 'strategy': 'mean'}. Best is trial 2 with value: 2.3125304974459304.
[I 2023-11-21 16:51:11,082] Trial 137 finished with value: 2.3125304974459304 and parameters: {'model_name': 'SimpleImputer', 'strategy': 'mean'}. Best is trial 2 with value: 2.3125304974459304.
[I 2023-11-21 16:51:11,566] Trial 142 finished with value: 2.3125304974459304 and parameters: {'model_name': 'SimpleImputer', 'strategy': 'mean'}. Best is trial 2 with value: 2.3125304974459304.
[I 2023-11-21 16:51:11,917] Trial 143 finished with value: 2.3125304974459304 and parameters: {'model_name': 'SimpleImputer', 'strategy': 'mean'}. Best is trial 2 with value: 2.3125304974459304.
[I 2023-11-21 16:51:12,724] Trial 105 finished with value: 2.484677850653404 and parameters: {'model_name': 'SimpleImputer', 'strategy': 'most_frequent'}. Best is trial 2 with value: 2.3125304974459304.
[I 2023-11-21 16:51:12,967] Trial 140 finished with value: 2.3125304974459304 and parameters: {'model_name': 'SimpleImputer', 'strategy': 'mean'}. Best is trial 2 with value: 2.3125304974459304.
[I 2023-11-21 16:51:13,504] Trial 147 finished with value: 2.3125304974459304 and parameters: {'model_name': 'SimpleImputer', 'strategy': 'mean'}. Best is trial 2 with value: 2.3125304974459304.
[I 2023-11-21 16:51:14,042] Trial 148 finished with value: 2.3125304974459304 and parameters: {'model_name': 'SimpleImputer', 'strategy': 'mean'}. Best is trial 2 with value: 2.3125304974459304.
[I 2023-11-21 16:51:14,427] Trial 146 finished with value: 2.3125304974459304 and parameters: {'model_name': 'SimpleImputer', 'strategy': 'mean'}. Best is trial 2 with value: 2.3125304974459304.
[I 2023-11-21 16:51:14,651] Trial 103 finished with value: 2.484677850653404 and parameters: {'model_name': 'SimpleImputer', 'strategy': 'most_frequent'}. Best is trial 2 with value: 2.3125304974459304.
[I 2023-11-21 16:51:14,929] Trial 152 finished with value: 2.3125304974459304 and parameters: {'model_name': 'SimpleImputer', 'strategy': 'mean'}. Best is trial 2 with value: 2.3125304974459304.
[I 2023-11-21 16:51:15,200] Trial 149 finished with value: 2.3125304974459304 and parameters: {'model_name': 'SimpleImputer', 'strategy': 'mean'}. Best is trial 2 with value: 2.3125304974459304.
[I 2023-11-21 16:51:15,736] Trial 104 finished with value: 2.484677850653404 and parameters: {'model_name': 'SimpleImputer', 'strategy': 'most_frequent'}. Best is trial 2 with value: 2.3125304974459304.
[I 2023-11-21 16:51:15,986] Trial 155 finished with value: 2.3125304974459304 and parameters: {'model_name': 'SimpleImputer', 'strategy': 'mean'}. Best is trial 2 with value: 2.3125304974459304.
[I 2023-11-21 16:51:16,340] Trial 159 finished with value: 2.3125304974459304 and parameters: {'model_name': 'SimpleImputer', 'strategy': 'mean'}. Best is trial 2 with value: 2.3125304974459304.
[I 2023-11-21 16:51:16,544] Trial 153 finished with value: 2.3125304974459304 and parameters: {'model_name': 'SimpleImputer', 'strategy': 'mean'}. Best is trial 2 with value: 2.3125304974459304.
[I 2023-11-21 16:51:16,841] Trial 106 finished with value: 2.484677850653404 and parameters: {'model_name': 'SimpleImputer', 'strategy': 'most_frequent'}. Best is trial 2 with value: 2.3125304974459304.
[I 2023-11-21 16:51:17,086] Trial 151 finished with value: 2.3125304974459304 and parameters: {'model_name': 'SimpleImputer', 'strategy': 'mean'}. Best is trial 2 with value: 2.3125304974459304.
[I 2023-11-21 16:51:17,387] Trial 150 finished with value: 2.3125304974459304 and parameters: {'model_name': 'SimpleImputer', 'strategy': 'mean'}. Best is trial 2 with value: 2.3125304974459304.
[I 2023-11-21 16:51:17,655] Trial 160 finished with value: 2.3125304974459304 and parameters: {'model_name': 'SimpleImputer', 'strategy': 'mean'}. Best is trial 2 with value: 2.3125304974459304.
[I 2023-11-21 16:51:17,960] Trial 154 finished with value: 2.3125304974459304 and parameters: {'model_name': 'SimpleImputer', 'strategy': 'mean'}. Best is trial 2 with value: 2.3125304974459304.
[I 2023-11-21 16:51:18,458] Trial 158 finished with value: 2.3125304974459304 and parameters: {'model_name': 'SimpleImputer', 'strategy': 'mean'}. Best is trial 2 with value: 2.3125304974459304.
[I 2023-11-21 16:51:18,681] Trial 161 finished with value: 2.3125304974459304 and parameters: {'model_name': 'SimpleImputer', 'strategy': 'mean'}. Best is trial 2 with value: 2.3125304974459304.
[I 2023-11-21 16:51:19,045] Trial 172 finished with value: 2.3125304974459304 and parameters: {'model_name': 'SimpleImputer', 'strategy': 'mean'}. Best is trial 2 with value: 2.3125304974459304.
[I 2023-11-21 16:51:19,351] Trial 156 finished with value: 2.3125304974459304 and parameters: {'model_name': 'SimpleImputer', 'strategy': 'mean'}. Best is trial 2 with value: 2.3125304974459304.
[I 2023-11-21 16:51:19,633] Trial 157 finished with value: 2.3125304974459304 and parameters: {'model_name': 'SimpleImputer', 'strategy': 'mean'}. Best is trial 2 with value: 2.3125304974459304.
[I 2023-11-21 16:51:19,906] Trial 163 finished with value: 2.3125304974459304 and parameters: {'model_name': 'SimpleImputer', 'strategy': 'mean'}. Best is trial 2 with value: 2.3125304974459304.
[I 2023-11-21 16:51:19,908] Trial 162 finished with value: 2.3125304974459304 and parameters: {'model_name': 'SimpleImputer', 'strategy': 'mean'}. Best is trial 2 with value: 2.3125304974459304.
[I 2023-11-21 16:51:19,924] Trial 167 finished with value: 2.3125304974459304 and parameters: {'model_name': 'SimpleImputer', 'strategy': 'mean'}. Best is trial 2 with value: 2.3125304974459304.
[I 2023-11-21 16:51:20,601] Trial 166 finished with value: 2.3125304974459304 and parameters: {'model_name': 'SimpleImputer', 'strategy': 'mean'}. Best is trial 2 with value: 2.3125304974459304.
[I 2023-11-21 16:51:20,890] Trial 169 finished with value: 2.3125304974459304 and parameters: {'model_name': 'SimpleImputer', 'strategy': 'mean'}. Best is trial 2 with value: 2.3125304974459304.
[I 2023-11-21 16:51:21,096] Trial 170 finished with value: 2.3125304974459304 and parameters: {'model_name': 'SimpleImputer', 'strategy': 'mean'}. Best is trial 2 with value: 2.3125304974459304.
[I 2023-11-21 16:51:21,382] Trial 168 finished with value: 2.3125304974459304 and parameters: {'model_name': 'SimpleImputer', 'strategy': 'mean'}. Best is trial 2 with value: 2.3125304974459304.
[I 2023-11-21 16:51:21,584] Trial 164 finished with value: 2.3125304974459304 and parameters: {'model_name': 'SimpleImputer', 'strategy': 'mean'}. Best is trial 2 with value: 2.3125304974459304.
[I 2023-11-21 16:51:21,871] Trial 165 finished with value: 2.3125304974459304 and parameters: {'model_name': 'SimpleImputer', 'strategy': 'mean'}. Best is trial 2 with value: 2.3125304974459304.
[I 2023-11-21 16:51:22,099] Trial 175 finished with value: 2.3125304974459304 and parameters: {'model_name': 'SimpleImputer', 'strategy': 'mean'}. Best is trial 2 with value: 2.3125304974459304.
[I 2023-11-21 16:51:22,341] Trial 173 finished with value: 2.3125304974459304 and parameters: {'model_name': 'SimpleImputer', 'strategy': 'mean'}. Best is trial 2 with value: 2.3125304974459304.
[I 2023-11-21 16:51:22,536] Trial 176 finished with value: 2.3125304974459304 and parameters: {'model_name': 'SimpleImputer', 'strategy': 'mean'}. Best is trial 2 with value: 2.3125304974459304.
[I 2023-11-21 16:51:22,761] Trial 171 finished with value: 2.3125304974459304 and parameters: {'model_name': 'SimpleImputer', 'strategy': 'mean'}. Best is trial 2 with value: 2.3125304974459304.
[I 2023-11-21 16:51:23,081] Trial 174 finished with value: 2.3125304974459304 and parameters: {'model_name': 'SimpleImputer', 'strategy': 'mean'}. Best is trial 2 with value: 2.3125304974459304.
[I 2023-11-21 16:51:23,419] Trial 178 finished with value: 2.3125304974459304 and parameters: {'model_name': 'SimpleImputer', 'strategy': 'mean'}. Best is trial 2 with value: 2.3125304974459304.
[I 2023-11-21 16:51:23,837] Trial 180 finished with value: 2.3125304974459304 and parameters: {'model_name': 'SimpleImputer', 'strategy': 'mean'}. Best is trial 2 with value: 2.3125304974459304.
[I 2023-11-21 16:51:24,144] Trial 179 finished with value: 2.3125304974459304 and parameters: {'model_name': 'SimpleImputer', 'strategy': 'mean'}. Best is trial 2 with value: 2.3125304974459304.
[I 2023-11-21 16:51:24,420] Trial 185 finished with value: 2.3125304974459304 and parameters: {'model_name': 'SimpleImputer', 'strategy': 'mean'}. Best is trial 2 with value: 2.3125304974459304.
[I 2023-11-21 16:51:24,668] Trial 183 finished with value: 2.3125304974459304 and parameters: {'model_name': 'SimpleImputer', 'strategy': 'mean'}. Best is trial 2 with value: 2.3125304974459304.
[I 2023-11-21 16:51:24,866] Trial 194 finished with value: 6.6026275713692515 and parameters: {'model_name': 'SimpleImputer', 'strategy': 'constant'}. Best is trial 2 with value: 2.3125304974459304.
[I 2023-11-21 16:51:25,047] Trial 181 finished with value: 2.3125304974459304 and parameters: {'model_name': 'SimpleImputer', 'strategy': 'mean'}. Best is trial 2 with value: 2.3125304974459304.
[I 2023-11-21 16:51:25,280] Trial 190 finished with value: 6.6026275713692515 and parameters: {'model_name': 'SimpleImputer', 'strategy': 'constant'}. Best is trial 2 with value: 2.3125304974459304.
[I 2023-11-21 16:51:25,523] Trial 184 finished with value: 2.3125304974459304 and parameters: {'model_name': 'SimpleImputer', 'strategy': 'mean'}. Best is trial 2 with value: 2.3125304974459304.
[I 2023-11-21 16:51:25,728] Trial 188 finished with value: 2.3125304974459304 and parameters: {'model_name': 'SimpleImputer', 'strategy': 'mean'}. Best is trial 2 with value: 2.3125304974459304.
[I 2023-11-21 16:51:25,937] Trial 177 finished with value: 2.3125304974459304 and parameters: {'model_name': 'SimpleImputer', 'strategy': 'mean'}. Best is trial 2 with value: 2.3125304974459304.
[I 2023-11-21 16:51:26,188] Trial 196 finished with value: 6.6026275713692515 and parameters: {'model_name': 'SimpleImputer', 'strategy': 'constant'}. Best is trial 2 with value: 2.3125304974459304.
[I 2023-11-21 16:51:26,394] Trial 189 finished with value: 6.6026275713692515 and parameters: {'model_name': 'SimpleImputer', 'strategy': 'constant'}. Best is trial 2 with value: 2.3125304974459304.
[I 2023-11-21 16:51:26,584] Trial 193 finished with value: 6.6026275713692515 and parameters: {'model_name': 'SimpleImputer', 'strategy': 'constant'}. Best is trial 2 with value: 2.3125304974459304.
[I 2023-11-21 16:51:26,821] Trial 186 finished with value: 2.3125304974459304 and parameters: {'model_name': 'SimpleImputer', 'strategy': 'mean'}. Best is trial 2 with value: 2.3125304974459304.
[I 2023-11-21 16:51:27,063] Trial 187 finished with value: 2.3125304974459304 and parameters: {'model_name': 'SimpleImputer', 'strategy': 'mean'}. Best is trial 2 with value: 2.3125304974459304.
[I 2023-11-21 16:51:27,289] Trial 182 finished with value: 2.3125304974459304 and parameters: {'model_name': 'SimpleImputer', 'strategy': 'mean'}. Best is trial 2 with value: 2.3125304974459304.
[I 2023-11-21 16:51:27,511] Trial 192 finished with value: 6.6026275713692515 and parameters: {'model_name': 'SimpleImputer', 'strategy': 'constant'}. Best is trial 2 with value: 2.3125304974459304.
[I 2023-11-21 16:51:27,716] Trial 195 finished with value: 6.6026275713692515 and parameters: {'model_name': 'SimpleImputer', 'strategy': 'constant'}. Best is trial 2 with value: 2.3125304974459304.
[I 2023-11-21 16:51:27,961] Trial 197 finished with value: 6.6026275713692515 and parameters: {'model_name': 'SimpleImputer', 'strategy': 'constant'}. Best is trial 2 with value: 2.3125304974459304.
[I 2023-11-21 16:51:28,161] Trial 191 finished with value: 2.3125304974459304 and parameters: {'model_name': 'SimpleImputer', 'strategy': 'mean'}. Best is trial 2 with value: 2.3125304974459304.
[I 2023-11-21 16:51:28,349] Trial 198 finished with value: 2.3125304974459304 and parameters: {'model_name': 'SimpleImputer', 'strategy': 'mean'}. Best is trial 2 with value: 2.3125304974459304.
[I 2023-11-21 16:51:28,544] Trial 199 finished with value: 2.3125304974459304 and parameters: {'model_name': 'SimpleImputer', 'strategy': 'mean'}. Best is trial 2 with value: 2.3125304974459304.
simple fit
simple transform
[I 2023-11-21 16:51:28,810] A new study created in memory with name: no-name-1b83c021-79b8-4a45-ba36-208407fcc0b6
  0%|          | 0/200 [00:00<?, ?it/s][W 2023-11-21 16:51:28,812] Trial 0 failed with parameters: {'model_name': 'Simple'} because of the following error: UnboundLocalError("local variable 'this_model' referenced before assignment").
Traceback (most recent call last):
  File "/home/ketrong/miniconda3/envs/tpot2devenv/lib/python3.10/site-packages/optuna/study/_optimize.py", line 200, in _run_trial
    value_or_values = func(trial)
  File "/common/ketrong/AutoImputeExp/tpot2_imputetest/Impute_Experiments/autoimpute.py", line 57, in obj
    my_model = autoutils.MyModel(random_state = self.random_state, **my_params)
  File "/common/ketrong/AutoImputeExp/tpot2_imputetest/Impute_Experiments/autoutils.py", line 55, in MyModel
    return this_model
UnboundLocalError: local variable 'this_model' referenced before assignment
                                         0%|          | 0/200 [00:00<?, ?it/s]                                         0%|          | 0/200 [00:00<?, ?it/s][W 2023-11-21 16:51:28,824] Trial 0 failed with value None.
[W 2023-11-21 16:51:28,814] Trial 2 failed with parameters: {'model_name': 'Simple'} because of the following error: UnboundLocalError("local variable 'this_model' referenced before assignment").
Traceback (most recent call last):
  File "/home/ketrong/miniconda3/envs/tpot2devenv/lib/python3.10/site-packages/optuna/study/_optimize.py", line 200, in _run_trial
    value_or_values = func(trial)
  File "/common/ketrong/AutoImputeExp/tpot2_imputetest/Impute_Experiments/autoimpute.py", line 57, in obj
    my_model = autoutils.MyModel(random_state = self.random_state, **my_params)
  File "/common/ketrong/AutoImputeExp/tpot2_imputetest/Impute_Experiments/autoutils.py", line 55, in MyModel
    return this_model
UnboundLocalError: local variable 'this_model' referenced before assignment
                                         0%|          | 0/200 [00:00<?, ?it/s]                                       [W 2023-11-21 16:51:29,009] Trial 2 failed with value None.
  0%|          | 0/200 [00:00<?, ?it/s][W 2023-11-21 16:51:28,815] Trial 4 failed with parameters: {'model_name': 'Simple'} because of the following error: UnboundLocalError("local variable 'this_model' referenced before assignment").
Traceback (most recent call last):
  File "/home/ketrong/miniconda3/envs/tpot2devenv/lib/python3.10/site-packages/optuna/study/_optimize.py", line 200, in _run_trial
    value_or_values = func(trial)
  File "/common/ketrong/AutoImputeExp/tpot2_imputetest/Impute_Experiments/autoimpute.py", line 57, in obj
    my_model = autoutils.MyModel(random_state = self.random_state, **my_params)
  File "/common/ketrong/AutoImputeExp/tpot2_imputetest/Impute_Experiments/autoutils.py", line 55, in MyModel
    return this_model
UnboundLocalError: local variable 'this_model' referenced before assignment
                                         0%|          | 0/200 [00:00<?, ?it/s]                                         0%|          | 0/200 [00:00<?, ?it/s][W 2023-11-21 16:51:29,189] Trial 4 failed with value None.
[W 2023-11-21 16:51:28,819] Trial 6 failed with parameters: {'model_name': 'Simple'} because of the following error: UnboundLocalError("local variable 'this_model' referenced before assignment").
Traceback (most recent call last):
  File "/home/ketrong/miniconda3/envs/tpot2devenv/lib/python3.10/site-packages/optuna/study/_optimize.py", line 200, in _run_trial
    value_or_values = func(trial)
  File "/common/ketrong/AutoImputeExp/tpot2_imputetest/Impute_Experiments/autoimpute.py", line 57, in obj
    my_model = autoutils.MyModel(random_state = self.random_state, **my_params)
  File "/common/ketrong/AutoImputeExp/tpot2_imputetest/Impute_Experiments/autoutils.py", line 55, in MyModel
    return this_model
UnboundLocalError: local variable 'this_model' referenced before assignment
[W 2023-11-21 16:51:29,366] Trial 6 failed with value None.
                                         0%|          | 0/200 [00:00<?, ?it/s]                                         0%|          | 0/200 [00:00<?, ?it/s][W 2023-11-21 16:51:28,821] Trial 8 failed with parameters: {'model_name': 'Simple'} because of the following error: UnboundLocalError("local variable 'this_model' referenced before assignment").
Traceback (most recent call last):
  File "/home/ketrong/miniconda3/envs/tpot2devenv/lib/python3.10/site-packages/optuna/study/_optimize.py", line 200, in _run_trial
    value_or_values = func(trial)
  File "/common/ketrong/AutoImputeExp/tpot2_imputetest/Impute_Experiments/autoimpute.py", line 57, in obj
    my_model = autoutils.MyModel(random_state = self.random_state, **my_params)
  File "/common/ketrong/AutoImputeExp/tpot2_imputetest/Impute_Experiments/autoutils.py", line 55, in MyModel
    return this_model
UnboundLocalError: local variable 'this_model' referenced before assignment
                                         0%|          | 0/200 [00:00<?, ?it/s]                                         0%|          | 0/200 [00:00<?, ?it/s][W 2023-11-21 16:51:29,544] Trial 8 failed with value None.
[W 2023-11-21 16:51:28,822] Trial 10 failed with parameters: {'model_name': 'Simple'} because of the following error: UnboundLocalError("local variable 'this_model' referenced before assignment").
Traceback (most recent call last):
  File "/home/ketrong/miniconda3/envs/tpot2devenv/lib/python3.10/site-packages/optuna/study/_optimize.py", line 200, in _run_trial
    value_or_values = func(trial)
  File "/common/ketrong/AutoImputeExp/tpot2_imputetest/Impute_Experiments/autoimpute.py", line 57, in obj
    my_model = autoutils.MyModel(random_state = self.random_state, **my_params)
  File "/common/ketrong/AutoImputeExp/tpot2_imputetest/Impute_Experiments/autoutils.py", line 55, in MyModel
    return this_model
UnboundLocalError: local variable 'this_model' referenced before assignment
                                         0%|          | 0/200 [00:00<?, ?it/s]                                         0%|          | 0/200 [00:00<?, ?it/s][W 2023-11-21 16:51:29,719] Trial 10 failed with value None.
[W 2023-11-21 16:51:28,824] Trial 12 failed with parameters: {'model_name': 'Simple'} because of the following error: UnboundLocalError("local variable 'this_model' referenced before assignment").
Traceback (most recent call last):
  File "/home/ketrong/miniconda3/envs/tpot2devenv/lib/python3.10/site-packages/optuna/study/_optimize.py", line 200, in _run_trial
    value_or_values = func(trial)
  File "/common/ketrong/AutoImputeExp/tpot2_imputetest/Impute_Experiments/autoimpute.py", line 57, in obj
    my_model = autoutils.MyModel(random_state = self.random_state, **my_params)
  File "/common/ketrong/AutoImputeExp/tpot2_imputetest/Impute_Experiments/autoutils.py", line 55, in MyModel
    return this_model
UnboundLocalError: local variable 'this_model' referenced before assignment
                                         0%|          | 0/200 [00:01<?, ?it/s][W 2023-11-21 16:51:29,892] Trial 12 failed with value None.
                                         0%|          | 0/200 [00:01<?, ?it/s]                                       [W 2023-11-21 16:51:29,008] Trial 13 failed with parameters: {'model_name': 'Simple'} because of the following error: UnboundLocalError("local variable 'this_model' referenced before assignment").
Traceback (most recent call last):
  File "/home/ketrong/miniconda3/envs/tpot2devenv/lib/python3.10/site-packages/optuna/study/_optimize.py", line 200, in _run_trial
    value_or_values = func(trial)
  File "/common/ketrong/AutoImputeExp/tpot2_imputetest/Impute_Experiments/autoimpute.py", line 57, in obj
    my_model = autoutils.MyModel(random_state = self.random_state, **my_params)
  File "/common/ketrong/AutoImputeExp/tpot2_imputetest/Impute_Experiments/autoutils.py", line 55, in MyModel
    return this_model
UnboundLocalError: local variable 'this_model' referenced before assignment
  0%|          | 0/200 [00:01<?, ?it/s][W 2023-11-21 16:51:30,068] Trial 13 failed with value None.
                                         0%|          | 0/200 [00:01<?, ?it/s][W 2023-11-21 16:51:28,814] Trial 3 failed with parameters: {'model_name': 'Simple'} because of the following error: UnboundLocalError("local variable 'this_model' referenced before assignment").
Traceback (most recent call last):
  File "/home/ketrong/miniconda3/envs/tpot2devenv/lib/python3.10/site-packages/optuna/study/_optimize.py", line 200, in _run_trial
    value_or_values = func(trial)
  File "/common/ketrong/AutoImputeExp/tpot2_imputetest/Impute_Experiments/autoimpute.py", line 57, in obj
    my_model = autoutils.MyModel(random_state = self.random_state, **my_params)
  File "/common/ketrong/AutoImputeExp/tpot2_imputetest/Impute_Experiments/autoutils.py", line 55, in MyModel
    return this_model
UnboundLocalError: local variable 'this_model' referenced before assignment
                                         0%|          | 0/200 [00:01<?, ?it/s][W 2023-11-21 16:51:30,243] Trial 3 failed with value None.
                                         0%|          | 0/200 [00:01<?, ?it/s]                                       [W 2023-11-21 16:51:28,816] Trial 5 failed with parameters: {'model_name': 'Simple'} because of the following error: UnboundLocalError("local variable 'this_model' referenced before assignment").
Traceback (most recent call last):
  File "/home/ketrong/miniconda3/envs/tpot2devenv/lib/python3.10/site-packages/optuna/study/_optimize.py", line 200, in _run_trial
    value_or_values = func(trial)
  File "/common/ketrong/AutoImputeExp/tpot2_imputetest/Impute_Experiments/autoimpute.py", line 57, in obj
    my_model = autoutils.MyModel(random_state = self.random_state, **my_params)
  File "/common/ketrong/AutoImputeExp/tpot2_imputetest/Impute_Experiments/autoutils.py", line 55, in MyModel
    return this_model
UnboundLocalError: local variable 'this_model' referenced before assignment
  0%|          | 0/200 [00:01<?, ?it/s][W 2023-11-21 16:51:30,417] Trial 5 failed with value None.
                                         0%|          | 0/200 [00:01<?, ?it/s][W 2023-11-21 16:51:28,820] Trial 7 failed with parameters: {'model_name': 'Simple'} because of the following error: UnboundLocalError("local variable 'this_model' referenced before assignment").
Traceback (most recent call last):
  File "/home/ketrong/miniconda3/envs/tpot2devenv/lib/python3.10/site-packages/optuna/study/_optimize.py", line 200, in _run_trial
    value_or_values = func(trial)
  File "/common/ketrong/AutoImputeExp/tpot2_imputetest/Impute_Experiments/autoimpute.py", line 57, in obj
    my_model = autoutils.MyModel(random_state = self.random_state, **my_params)
  File "/common/ketrong/AutoImputeExp/tpot2_imputetest/Impute_Experiments/autoutils.py", line 55, in MyModel
    return this_model
UnboundLocalError: local variable 'this_model' referenced before assignment
                                         0%|          | 0/200 [00:01<?, ?it/s]                                       [W 2023-11-21 16:51:30,593] Trial 7 failed with value None.
  0%|          | 0/200 [00:01<?, ?it/s]                                       [W 2023-11-21 16:51:29,544] Trial 18 failed with parameters: {'model_name': 'Simple'} because of the following error: UnboundLocalError("local variable 'this_model' referenced before assignment").
Traceback (most recent call last):
  File "/home/ketrong/miniconda3/envs/tpot2devenv/lib/python3.10/site-packages/optuna/study/_optimize.py", line 200, in _run_trial
    value_or_values = func(trial)
  File "/common/ketrong/AutoImputeExp/tpot2_imputetest/Impute_Experiments/autoimpute.py", line 57, in obj
    my_model = autoutils.MyModel(random_state = self.random_state, **my_params)
  File "/common/ketrong/AutoImputeExp/tpot2_imputetest/Impute_Experiments/autoutils.py", line 55, in MyModel
    return this_model
UnboundLocalError: local variable 'this_model' referenced before assignment
  0%|          | 0/200 [00:01<?, ?it/s]                                       [W 2023-11-21 16:51:30,768] Trial 18 failed with value None.
  0%|          | 0/200 [00:01<?, ?it/s]                                       [W 2023-11-21 16:51:29,718] Trial 19 failed with parameters: {'model_name': 'Simple'} because of the following error: UnboundLocalError("local variable 'this_model' referenced before assignment").
Traceback (most recent call last):
  File "/home/ketrong/miniconda3/envs/tpot2devenv/lib/python3.10/site-packages/optuna/study/_optimize.py", line 200, in _run_trial
    value_or_values = func(trial)
  File "/common/ketrong/AutoImputeExp/tpot2_imputetest/Impute_Experiments/autoimpute.py", line 57, in obj
    my_model = autoutils.MyModel(random_state = self.random_state, **my_params)
  File "/common/ketrong/AutoImputeExp/tpot2_imputetest/Impute_Experiments/autoutils.py", line 55, in MyModel
    return this_model
UnboundLocalError: local variable 'this_model' referenced before assignment
  0%|          | 0/200 [00:02<?, ?it/s]                                       [W 2023-11-21 16:51:30,946] Trial 19 failed with value None.
  0%|          | 0/200 [00:02<?, ?it/s]                                       [W 2023-11-21 16:51:28,823] Trial 11 failed with parameters: {'model_name': 'Simple'} because of the following error: UnboundLocalError("local variable 'this_model' referenced before assignment").
Traceback (most recent call last):
  File "/home/ketrong/miniconda3/envs/tpot2devenv/lib/python3.10/site-packages/optuna/study/_optimize.py", line 200, in _run_trial
    value_or_values = func(trial)
  File "/common/ketrong/AutoImputeExp/tpot2_imputetest/Impute_Experiments/autoimpute.py", line 57, in obj
    my_model = autoutils.MyModel(random_state = self.random_state, **my_params)
  File "/common/ketrong/AutoImputeExp/tpot2_imputetest/Impute_Experiments/autoutils.py", line 55, in MyModel
    return this_model
UnboundLocalError: local variable 'this_model' referenced before assignment
  0%|          | 0/200 [00:02<?, ?it/s]                                       [W 2023-11-21 16:51:31,123] Trial 11 failed with value None.
  0%|          | 0/200 [00:02<?, ?it/s][W 2023-11-21 16:51:29,008] Trial 14 failed with parameters: {'model_name': 'Simple'} because of the following error: UnboundLocalError("local variable 'this_model' referenced before assignment").
Traceback (most recent call last):
  File "/home/ketrong/miniconda3/envs/tpot2devenv/lib/python3.10/site-packages/optuna/study/_optimize.py", line 200, in _run_trial
    value_or_values = func(trial)
  File "/common/ketrong/AutoImputeExp/tpot2_imputetest/Impute_Experiments/autoimpute.py", line 57, in obj
    my_model = autoutils.MyModel(random_state = self.random_state, **my_params)
  File "/common/ketrong/AutoImputeExp/tpot2_imputetest/Impute_Experiments/autoutils.py", line 55, in MyModel
    return this_model
UnboundLocalError: local variable 'this_model' referenced before assignment
                                         0%|          | 0/200 [00:02<?, ?it/s]                                         0%|          | 0/200 [00:02<?, ?it/s][W 2023-11-21 16:51:31,302] Trial 14 failed with value None.
                                       [W 2023-11-21 16:51:30,241] Trial 21 failed with parameters: {'model_name': 'Simple'} because of the following error: UnboundLocalError("local variable 'this_model' referenced before assignment").
Traceback (most recent call last):
  File "/home/ketrong/miniconda3/envs/tpot2devenv/lib/python3.10/site-packages/optuna/study/_optimize.py", line 200, in _run_trial
    value_or_values = func(trial)
  File "/common/ketrong/AutoImputeExp/tpot2_imputetest/Impute_Experiments/autoimpute.py", line 57, in obj
    my_model = autoutils.MyModel(random_state = self.random_state, **my_params)
  File "/common/ketrong/AutoImputeExp/tpot2_imputetest/Impute_Experiments/autoutils.py", line 55, in MyModel
    return this_model
UnboundLocalError: local variable 'this_model' referenced before assignment
  0%|          | 0/200 [00:02<?, ?it/s][W 2023-11-21 16:51:31,478] Trial 21 failed with value None.
                                         0%|          | 0/200 [00:02<?, ?it/s]                                       [W 2023-11-21 16:51:30,592] Trial 22 failed with parameters: {'model_name': 'Simple'} because of the following error: UnboundLocalError("local variable 'this_model' referenced before assignment").
Traceback (most recent call last):
  File "/home/ketrong/miniconda3/envs/tpot2devenv/lib/python3.10/site-packages/optuna/study/_optimize.py", line 200, in _run_trial
    value_or_values = func(trial)
  File "/common/ketrong/AutoImputeExp/tpot2_imputetest/Impute_Experiments/autoimpute.py", line 57, in obj
    my_model = autoutils.MyModel(random_state = self.random_state, **my_params)
  File "/common/ketrong/AutoImputeExp/tpot2_imputetest/Impute_Experiments/autoutils.py", line 55, in MyModel
    return this_model
UnboundLocalError: local variable 'this_model' referenced before assignment
  0%|          | 0/200 [00:02<?, ?it/s][W 2023-11-21 16:51:31,656] Trial 22 failed with value None.
                                         0%|          | 0/200 [00:02<?, ?it/s]                                       [W 2023-11-21 16:51:30,592] Trial 23 failed with parameters: {'model_name': 'Simple'} because of the following error: UnboundLocalError("local variable 'this_model' referenced before assignment").
Traceback (most recent call last):
  File "/home/ketrong/miniconda3/envs/tpot2devenv/lib/python3.10/site-packages/optuna/study/_optimize.py", line 200, in _run_trial
    value_or_values = func(trial)
  File "/common/ketrong/AutoImputeExp/tpot2_imputetest/Impute_Experiments/autoimpute.py", line 57, in obj
    my_model = autoutils.MyModel(random_state = self.random_state, **my_params)
  File "/common/ketrong/AutoImputeExp/tpot2_imputetest/Impute_Experiments/autoutils.py", line 55, in MyModel
    return this_model
UnboundLocalError: local variable 'this_model' referenced before assignment
  0%|          | 0/200 [00:03<?, ?it/s]                                       [W 2023-11-21 16:51:31,830] Trial 23 failed with value None.
  0%|          | 0/200 [00:03<?, ?it/s]                                       [W 2023-11-21 16:51:30,943] Trial 24 failed with parameters: {'model_name': 'Simple'} because of the following error: UnboundLocalError("local variable 'this_model' referenced before assignment").
Traceback (most recent call last):
  File "/home/ketrong/miniconda3/envs/tpot2devenv/lib/python3.10/site-packages/optuna/study/_optimize.py", line 200, in _run_trial
    value_or_values = func(trial)
  File "/common/ketrong/AutoImputeExp/tpot2_imputetest/Impute_Experiments/autoimpute.py", line 57, in obj
    my_model = autoutils.MyModel(random_state = self.random_state, **my_params)
  File "/common/ketrong/AutoImputeExp/tpot2_imputetest/Impute_Experiments/autoutils.py", line 55, in MyModel
    return this_model
UnboundLocalError: local variable 'this_model' referenced before assignment
  0%|          | 0/200 [00:03<?, ?it/s]                                         0%|          | 0/200 [00:03<?, ?it/s][W 2023-11-21 16:51:32,009] Trial 24 failed with value None.
                                       [W 2023-11-21 16:51:30,945] Trial 25 failed with parameters: {'model_name': 'Simple'} because of the following error: UnboundLocalError("local variable 'this_model' referenced before assignment").
Traceback (most recent call last):
  File "/home/ketrong/miniconda3/envs/tpot2devenv/lib/python3.10/site-packages/optuna/study/_optimize.py", line 200, in _run_trial
    value_or_values = func(trial)
  File "/common/ketrong/AutoImputeExp/tpot2_imputetest/Impute_Experiments/autoimpute.py", line 57, in obj
    my_model = autoutils.MyModel(random_state = self.random_state, **my_params)
  File "/common/ketrong/AutoImputeExp/tpot2_imputetest/Impute_Experiments/autoutils.py", line 55, in MyModel
    return this_model
UnboundLocalError: local variable 'this_model' referenced before assignment
  0%|          | 0/200 [00:03<?, ?it/s]                                       [W 2023-11-21 16:51:32,184] Trial 25 failed with value None.
  0%|          | 0/200 [00:03<?, ?it/s]                                       [W 2023-11-21 16:51:31,124] Trial 26 failed with parameters: {'model_name': 'Simple'} because of the following error: UnboundLocalError("local variable 'this_model' referenced before assignment").
Traceback (most recent call last):
  File "/home/ketrong/miniconda3/envs/tpot2devenv/lib/python3.10/site-packages/optuna/study/_optimize.py", line 200, in _run_trial
    value_or_values = func(trial)
  File "/common/ketrong/AutoImputeExp/tpot2_imputetest/Impute_Experiments/autoimpute.py", line 57, in obj
    my_model = autoutils.MyModel(random_state = self.random_state, **my_params)
  File "/common/ketrong/AutoImputeExp/tpot2_imputetest/Impute_Experiments/autoutils.py", line 55, in MyModel
    return this_model
UnboundLocalError: local variable 'this_model' referenced before assignment
  0%|          | 0/200 [00:03<?, ?it/s]                                         0%|          | 0/200 [00:03<?, ?it/s][W 2023-11-21 16:51:32,359] Trial 26 failed with value None.
                                       [W 2023-11-21 16:51:31,478] Trial 27 failed with parameters: {'model_name': 'Simple'} because of the following error: UnboundLocalError("local variable 'this_model' referenced before assignment").
Traceback (most recent call last):
  File "/home/ketrong/miniconda3/envs/tpot2devenv/lib/python3.10/site-packages/optuna/study/_optimize.py", line 200, in _run_trial
    value_or_values = func(trial)
  File "/common/ketrong/AutoImputeExp/tpot2_imputetest/Impute_Experiments/autoimpute.py", line 57, in obj
    my_model = autoutils.MyModel(random_state = self.random_state, **my_params)
  File "/common/ketrong/AutoImputeExp/tpot2_imputetest/Impute_Experiments/autoutils.py", line 55, in MyModel
    return this_model
UnboundLocalError: local variable 'this_model' referenced before assignment
  0%|          | 0/200 [00:03<?, ?it/s][W 2023-11-21 16:51:32,536] Trial 27 failed with value None.
                                         0%|          | 0/200 [00:03<?, ?it/s][W 2023-11-21 16:51:31,655] Trial 28 failed with parameters: {'model_name': 'Simple'} because of the following error: UnboundLocalError("local variable 'this_model' referenced before assignment").
Traceback (most recent call last):
  File "/home/ketrong/miniconda3/envs/tpot2devenv/lib/python3.10/site-packages/optuna/study/_optimize.py", line 200, in _run_trial
    value_or_values = func(trial)
  File "/common/ketrong/AutoImputeExp/tpot2_imputetest/Impute_Experiments/autoimpute.py", line 57, in obj
    my_model = autoutils.MyModel(random_state = self.random_state, **my_params)
  File "/common/ketrong/AutoImputeExp/tpot2_imputetest/Impute_Experiments/autoutils.py", line 55, in MyModel
    return this_model
UnboundLocalError: local variable 'this_model' referenced before assignment
                                         0%|          | 0/200 [00:03<?, ?it/s]                                         0%|          | 0/200 [00:03<?, ?it/s][W 2023-11-21 16:51:32,709] Trial 28 failed with value None.
[W 2023-11-21 16:51:28,822] Trial 9 failed with parameters: {'model_name': 'Simple'} because of the following error: UnboundLocalError("local variable 'this_model' referenced before assignment").
Traceback (most recent call last):
  File "/home/ketrong/miniconda3/envs/tpot2devenv/lib/python3.10/site-packages/optuna/study/_optimize.py", line 200, in _run_trial
    value_or_values = func(trial)
  File "/common/ketrong/AutoImputeExp/tpot2_imputetest/Impute_Experiments/autoimpute.py", line 57, in obj
    my_model = autoutils.MyModel(random_state = self.random_state, **my_params)
  File "/common/ketrong/AutoImputeExp/tpot2_imputetest/Impute_Experiments/autoutils.py", line 55, in MyModel
    return this_model
UnboundLocalError: local variable 'this_model' referenced before assignment
                                         0%|          | 0/200 [00:04<?, ?it/s]                                       [W 2023-11-21 16:51:32,888] Trial 9 failed with value None.
  0%|          | 0/200 [00:04<?, ?it/s]                                       [W 2023-11-21 16:51:32,009] Trial 30 failed with parameters: {'model_name': 'Simple'} because of the following error: UnboundLocalError("local variable 'this_model' referenced before assignment").
Traceback (most recent call last):
  File "/home/ketrong/miniconda3/envs/tpot2devenv/lib/python3.10/site-packages/optuna/study/_optimize.py", line 200, in _run_trial
    value_or_values = func(trial)
  File "/common/ketrong/AutoImputeExp/tpot2_imputetest/Impute_Experiments/autoimpute.py", line 57, in obj
    my_model = autoutils.MyModel(random_state = self.random_state, **my_params)
  File "/common/ketrong/AutoImputeExp/tpot2_imputetest/Impute_Experiments/autoutils.py", line 55, in MyModel
    return this_model
UnboundLocalError: local variable 'this_model' referenced before assignment
  0%|          | 0/200 [00:04<?, ?it/s]                                       [W 2023-11-21 16:51:33,064] Trial 30 failed with value None.
  0%|          | 0/200 [00:04<?, ?it/s]                                       [W 2023-11-21 16:51:30,067] Trial 20 failed with parameters: {'model_name': 'Simple'} because of the following error: UnboundLocalError("local variable 'this_model' referenced before assignment").
Traceback (most recent call last):
  File "/home/ketrong/miniconda3/envs/tpot2devenv/lib/python3.10/site-packages/optuna/study/_optimize.py", line 200, in _run_trial
    value_or_values = func(trial)
  File "/common/ketrong/AutoImputeExp/tpot2_imputetest/Impute_Experiments/autoimpute.py", line 57, in obj
    my_model = autoutils.MyModel(random_state = self.random_state, **my_params)
  File "/common/ketrong/AutoImputeExp/tpot2_imputetest/Impute_Experiments/autoutils.py", line 55, in MyModel
    return this_model
UnboundLocalError: local variable 'this_model' referenced before assignment
[W 2023-11-21 16:51:33,241] Trial 20 failed with value None.
  0%|          | 0/200 [00:04<?, ?it/s]                                         0%|          | 0/200 [00:04<?, ?it/s][W 2023-11-21 16:51:29,188] Trial 15 failed with parameters: {'model_name': 'Simple'} because of the following error: UnboundLocalError("local variable 'this_model' referenced before assignment").
Traceback (most recent call last):
  File "/home/ketrong/miniconda3/envs/tpot2devenv/lib/python3.10/site-packages/optuna/study/_optimize.py", line 200, in _run_trial
    value_or_values = func(trial)
  File "/common/ketrong/AutoImputeExp/tpot2_imputetest/Impute_Experiments/autoimpute.py", line 57, in obj
    my_model = autoutils.MyModel(random_state = self.random_state, **my_params)
  File "/common/ketrong/AutoImputeExp/tpot2_imputetest/Impute_Experiments/autoutils.py", line 55, in MyModel
    return this_model
UnboundLocalError: local variable 'this_model' referenced before assignment
                                         0%|          | 0/200 [00:04<?, ?it/s]                                       [W 2023-11-21 16:51:33,416] Trial 15 failed with value None.
  0%|          | 0/200 [00:04<?, ?it/s][W 2023-11-21 16:51:29,365] Trial 16 failed with parameters: {'model_name': 'Simple'} because of the following error: UnboundLocalError("local variable 'this_model' referenced before assignment").
Traceback (most recent call last):
  File "/home/ketrong/miniconda3/envs/tpot2devenv/lib/python3.10/site-packages/optuna/study/_optimize.py", line 200, in _run_trial
    value_or_values = func(trial)
  File "/common/ketrong/AutoImputeExp/tpot2_imputetest/Impute_Experiments/autoimpute.py", line 57, in obj
    my_model = autoutils.MyModel(random_state = self.random_state, **my_params)
  File "/common/ketrong/AutoImputeExp/tpot2_imputetest/Impute_Experiments/autoutils.py", line 55, in MyModel
    return this_model
UnboundLocalError: local variable 'this_model' referenced before assignment
                                         0%|          | 0/200 [00:04<?, ?it/s]                                         0%|          | 0/200 [00:04<?, ?it/s][W 2023-11-21 16:51:33,590] Trial 16 failed with value None.
[W 2023-11-21 16:51:32,007] Trial 29 failed with parameters: {'model_name': 'Simple'} because of the following error: UnboundLocalError("local variable 'this_model' referenced before assignment").
Traceback (most recent call last):
  File "/home/ketrong/miniconda3/envs/tpot2devenv/lib/python3.10/site-packages/optuna/study/_optimize.py", line 200, in _run_trial
    value_or_values = func(trial)
  File "/common/ketrong/AutoImputeExp/tpot2_imputetest/Impute_Experiments/autoimpute.py", line 57, in obj
    my_model = autoutils.MyModel(random_state = self.random_state, **my_params)
  File "/common/ketrong/AutoImputeExp/tpot2_imputetest/Impute_Experiments/autoutils.py", line 55, in MyModel
    return this_model
UnboundLocalError: local variable 'this_model' referenced before assignment
[W 2023-11-21 16:51:33,768] Trial 29 failed with value None.
                                         0%|          | 0/200 [00:04<?, ?it/s]                                         0%|          | 0/200 [00:04<?, ?it/s][W 2023-11-21 16:51:33,239] Trial 33 failed with parameters: {'model_name': 'Simple'} because of the following error: UnboundLocalError("local variable 'this_model' referenced before assignment").
Traceback (most recent call last):
  File "/home/ketrong/miniconda3/envs/tpot2devenv/lib/python3.10/site-packages/optuna/study/_optimize.py", line 200, in _run_trial
    value_or_values = func(trial)
  File "/common/ketrong/AutoImputeExp/tpot2_imputetest/Impute_Experiments/autoimpute.py", line 57, in obj
    my_model = autoutils.MyModel(random_state = self.random_state, **my_params)
  File "/common/ketrong/AutoImputeExp/tpot2_imputetest/Impute_Experiments/autoutils.py", line 55, in MyModel
    return this_model
UnboundLocalError: local variable 'this_model' referenced before assignment
                                         0%|          | 0/200 [00:05<?, ?it/s][W 2023-11-21 16:51:33,941] Trial 33 failed with value None.
                                         0%|          | 0/200 [00:05<?, ?it/s][W 2023-11-21 16:51:32,533] Trial 31 failed with parameters: {'model_name': 'Simple'} because of the following error: UnboundLocalError("local variable 'this_model' referenced before assignment").
Traceback (most recent call last):
  File "/home/ketrong/miniconda3/envs/tpot2devenv/lib/python3.10/site-packages/optuna/study/_optimize.py", line 200, in _run_trial
    value_or_values = func(trial)
  File "/common/ketrong/AutoImputeExp/tpot2_imputetest/Impute_Experiments/autoimpute.py", line 57, in obj
    my_model = autoutils.MyModel(random_state = self.random_state, **my_params)
  File "/common/ketrong/AutoImputeExp/tpot2_imputetest/Impute_Experiments/autoutils.py", line 55, in MyModel
    return this_model
UnboundLocalError: local variable 'this_model' referenced before assignment
                                         0%|          | 0/200 [00:05<?, ?it/s]                                         0%|          | 0/200 [00:05<?, ?it/s][W 2023-11-21 16:51:34,115] Trial 31 failed with value None.
[W 2023-11-21 16:51:29,543] Trial 17 failed with parameters: {'model_name': 'Simple'} because of the following error: UnboundLocalError("local variable 'this_model' referenced before assignment").
Traceback (most recent call last):
  File "/home/ketrong/miniconda3/envs/tpot2devenv/lib/python3.10/site-packages/optuna/study/_optimize.py", line 200, in _run_trial
    value_or_values = func(trial)
  File "/common/ketrong/AutoImputeExp/tpot2_imputetest/Impute_Experiments/autoimpute.py", line 57, in obj
    my_model = autoutils.MyModel(random_state = self.random_state, **my_params)
  File "/common/ketrong/AutoImputeExp/tpot2_imputetest/Impute_Experiments/autoutils.py", line 55, in MyModel
    return this_model
UnboundLocalError: local variable 'this_model' referenced before assignment
                                         0%|          | 0/200 [00:05<?, ?it/s][W 2023-11-21 16:51:34,289] Trial 17 failed with value None.
                                         0%|          | 0/200 [00:05<?, ?it/s][W 2023-11-21 16:51:28,813] Trial 1 failed with parameters: {'model_name': 'Simple'} because of the following error: UnboundLocalError("local variable 'this_model' referenced before assignment").
Traceback (most recent call last):
  File "/home/ketrong/miniconda3/envs/tpot2devenv/lib/python3.10/site-packages/optuna/study/_optimize.py", line 200, in _run_trial
    value_or_values = func(trial)
  File "/common/ketrong/AutoImputeExp/tpot2_imputetest/Impute_Experiments/autoimpute.py", line 57, in obj
    my_model = autoutils.MyModel(random_state = self.random_state, **my_params)
  File "/common/ketrong/AutoImputeExp/tpot2_imputetest/Impute_Experiments/autoutils.py", line 55, in MyModel
    return this_model
UnboundLocalError: local variable 'this_model' referenced before assignment
[W 2023-11-21 16:51:34,465] Trial 1 failed with value None.
                                         0%|          | 0/200 [00:05<?, ?it/s]                                         0%|          | 0/200 [00:05<?, ?it/s][W 2023-11-21 16:51:33,941] Trial 37 failed with parameters: {'model_name': 'Simple'} because of the following error: UnboundLocalError("local variable 'this_model' referenced before assignment").
Traceback (most recent call last):
  File "/home/ketrong/miniconda3/envs/tpot2devenv/lib/python3.10/site-packages/optuna/study/_optimize.py", line 200, in _run_trial
    value_or_values = func(trial)
  File "/common/ketrong/AutoImputeExp/tpot2_imputetest/Impute_Experiments/autoimpute.py", line 57, in obj
    my_model = autoutils.MyModel(random_state = self.random_state, **my_params)
  File "/common/ketrong/AutoImputeExp/tpot2_imputetest/Impute_Experiments/autoutils.py", line 55, in MyModel
    return this_model
UnboundLocalError: local variable 'this_model' referenced before assignment
[W 2023-11-21 16:51:34,639] Trial 37 failed with value None.
                                         0%|          | 0/200 [00:05<?, ?it/s]                                         0%|          | 0/200 [00:05<?, ?it/s][W 2023-11-21 16:51:33,241] Trial 34 failed with parameters: {'model_name': 'Simple'} because of the following error: UnboundLocalError("local variable 'this_model' referenced before assignment").
Traceback (most recent call last):
  File "/home/ketrong/miniconda3/envs/tpot2devenv/lib/python3.10/site-packages/optuna/study/_optimize.py", line 200, in _run_trial
    value_or_values = func(trial)
  File "/common/ketrong/AutoImputeExp/tpot2_imputetest/Impute_Experiments/autoimpute.py", line 57, in obj
    my_model = autoutils.MyModel(random_state = self.random_state, **my_params)
  File "/common/ketrong/AutoImputeExp/tpot2_imputetest/Impute_Experiments/autoutils.py", line 55, in MyModel
    return this_model
UnboundLocalError: local variable 'this_model' referenced before assignment
[W 2023-11-21 16:51:34,812] Trial 34 failed with value None.
                                         0%|          | 0/200 [00:06<?, ?it/s]                                         0%|          | 0/200 [00:06<?, ?it/s][W 2023-11-21 16:51:33,767] Trial 35 failed with parameters: {'model_name': 'Simple'} because of the following error: UnboundLocalError("local variable 'this_model' referenced before assignment").
Traceback (most recent call last):
  File "/home/ketrong/miniconda3/envs/tpot2devenv/lib/python3.10/site-packages/optuna/study/_optimize.py", line 200, in _run_trial
    value_or_values = func(trial)
  File "/common/ketrong/AutoImputeExp/tpot2_imputetest/Impute_Experiments/autoimpute.py", line 57, in obj
    my_model = autoutils.MyModel(random_state = self.random_state, **my_params)
  File "/common/ketrong/AutoImputeExp/tpot2_imputetest/Impute_Experiments/autoutils.py", line 55, in MyModel
    return this_model
UnboundLocalError: local variable 'this_model' referenced before assignment
                                         0%|          | 0/200 [00:06<?, ?it/s]                                         0%|          | 0/200 [00:06<?, ?it/s][W 2023-11-21 16:51:34,990] Trial 35 failed with value None.
[W 2023-11-21 16:51:34,464] Trial 39 failed with parameters: {'model_name': 'Simple'} because of the following error: UnboundLocalError("local variable 'this_model' referenced before assignment").
Traceback (most recent call last):
  File "/home/ketrong/miniconda3/envs/tpot2devenv/lib/python3.10/site-packages/optuna/study/_optimize.py", line 200, in _run_trial
    value_or_values = func(trial)
  File "/common/ketrong/AutoImputeExp/tpot2_imputetest/Impute_Experiments/autoimpute.py", line 57, in obj
    my_model = autoutils.MyModel(random_state = self.random_state, **my_params)
  File "/common/ketrong/AutoImputeExp/tpot2_imputetest/Impute_Experiments/autoutils.py", line 55, in MyModel
    return this_model
UnboundLocalError: local variable 'this_model' referenced before assignment
                                         0%|          | 0/200 [00:06<?, ?it/s]                                       [W 2023-11-21 16:51:35,165] Trial 39 failed with value None.
  0%|          | 0/200 [00:06<?, ?it/s][W 2023-11-21 16:51:34,639] Trial 41 failed with parameters: {'model_name': 'Simple'} because of the following error: UnboundLocalError("local variable 'this_model' referenced before assignment").
Traceback (most recent call last):
  File "/home/ketrong/miniconda3/envs/tpot2devenv/lib/python3.10/site-packages/optuna/study/_optimize.py", line 200, in _run_trial
    value_or_values = func(trial)
  File "/common/ketrong/AutoImputeExp/tpot2_imputetest/Impute_Experiments/autoimpute.py", line 57, in obj
    my_model = autoutils.MyModel(random_state = self.random_state, **my_params)
  File "/common/ketrong/AutoImputeExp/tpot2_imputetest/Impute_Experiments/autoutils.py", line 55, in MyModel
    return this_model
UnboundLocalError: local variable 'this_model' referenced before assignment
                                         0%|          | 0/200 [00:06<?, ?it/s]                                         0%|          | 0/200 [00:06<?, ?it/s][W 2023-11-21 16:51:35,342] Trial 41 failed with value None.
[W 2023-11-21 16:51:34,288] Trial 38 failed with parameters: {'model_name': 'Simple'} because of the following error: UnboundLocalError("local variable 'this_model' referenced before assignment").
Traceback (most recent call last):
  File "/home/ketrong/miniconda3/envs/tpot2devenv/lib/python3.10/site-packages/optuna/study/_optimize.py", line 200, in _run_trial
    value_or_values = func(trial)
  File "/common/ketrong/AutoImputeExp/tpot2_imputetest/Impute_Experiments/autoimpute.py", line 57, in obj
    my_model = autoutils.MyModel(random_state = self.random_state, **my_params)
  File "/common/ketrong/AutoImputeExp/tpot2_imputetest/Impute_Experiments/autoutils.py", line 55, in MyModel
    return this_model
UnboundLocalError: local variable 'this_model' referenced before assignment
                                         0%|          | 0/200 [00:06<?, ?it/s]                                       [W 2023-11-21 16:51:35,518] Trial 38 failed with value None.
  0%|          | 0/200 [00:06<?, ?it/s][W 2023-11-21 16:51:34,989] Trial 43 failed with parameters: {'model_name': 'Simple'} because of the following error: UnboundLocalError("local variable 'this_model' referenced before assignment").
Traceback (most recent call last):
  File "/home/ketrong/miniconda3/envs/tpot2devenv/lib/python3.10/site-packages/optuna/study/_optimize.py", line 200, in _run_trial
    value_or_values = func(trial)
  File "/common/ketrong/AutoImputeExp/tpot2_imputetest/Impute_Experiments/autoimpute.py", line 57, in obj
    my_model = autoutils.MyModel(random_state = self.random_state, **my_params)
  File "/common/ketrong/AutoImputeExp/tpot2_imputetest/Impute_Experiments/autoutils.py", line 55, in MyModel
    return this_model
UnboundLocalError: local variable 'this_model' referenced before assignment
                                         0%|          | 0/200 [00:06<?, ?it/s][W 2023-11-21 16:51:33,940] Trial 36 failed with parameters: {'model_name': 'Simple'} because of the following error: UnboundLocalError("local variable 'this_model' referenced before assignment").
Traceback (most recent call last):
  File "/home/ketrong/miniconda3/envs/tpot2devenv/lib/python3.10/site-packages/optuna/study/_optimize.py", line 200, in _run_trial
    value_or_values = func(trial)
  File "/common/ketrong/AutoImputeExp/tpot2_imputetest/Impute_Experiments/autoimpute.py", line 57, in obj
    my_model = autoutils.MyModel(random_state = self.random_state, **my_params)
  File "/common/ketrong/AutoImputeExp/tpot2_imputetest/Impute_Experiments/autoutils.py", line 55, in MyModel
    return this_model
UnboundLocalError: local variable 'this_model' referenced before assignment
                                         0%|          | 0/200 [00:06<?, ?it/s]                                         0%|          | 0/200 [00:06<?, ?it/s][W 2023-11-21 16:51:35,695] Trial 36 failed with value None.
[W 2023-11-21 16:51:34,465] Trial 40 failed with parameters: {'model_name': 'Simple'} because of the following error: UnboundLocalError("local variable 'this_model' referenced before assignment").
Traceback (most recent call last):
  File "/home/ketrong/miniconda3/envs/tpot2devenv/lib/python3.10/site-packages/optuna/study/_optimize.py", line 200, in _run_trial
    value_or_values = func(trial)
  File "/common/ketrong/AutoImputeExp/tpot2_imputetest/Impute_Experiments/autoimpute.py", line 57, in obj
    my_model = autoutils.MyModel(random_state = self.random_state, **my_params)
  File "/common/ketrong/AutoImputeExp/tpot2_imputetest/Impute_Experiments/autoutils.py", line 55, in MyModel
    return this_model
UnboundLocalError: local variable 'this_model' referenced before assignment
[W 2023-11-21 16:51:35,871] Trial 40 failed with value None.
                                         0%|          | 0/200 [00:07<?, ?it/s]                                         0%|          | 0/200 [00:07<?, ?it/s][W 2023-11-21 16:51:35,694] Trial 44 failed with parameters: {'model_name': 'Simple'} because of the following error: UnboundLocalError("local variable 'this_model' referenced before assignment").
Traceback (most recent call last):
  File "/home/ketrong/miniconda3/envs/tpot2devenv/lib/python3.10/site-packages/optuna/study/_optimize.py", line 200, in _run_trial
    value_or_values = func(trial)
  File "/common/ketrong/AutoImputeExp/tpot2_imputetest/Impute_Experiments/autoimpute.py", line 57, in obj
    my_model = autoutils.MyModel(random_state = self.random_state, **my_params)
  File "/common/ketrong/AutoImputeExp/tpot2_imputetest/Impute_Experiments/autoutils.py", line 55, in MyModel
    return this_model
UnboundLocalError: local variable 'this_model' referenced before assignment
                                         0%|          | 0/200 [00:07<?, ?it/s]                                         0%|          | 0/200 [00:07<?, ?it/s][W 2023-11-21 16:51:36,046] Trial 44 failed with value None.
[W 2023-11-21 16:51:35,694] Trial 45 failed with parameters: {'model_name': 'Simple'} because of the following error: UnboundLocalError("local variable 'this_model' referenced before assignment").
Traceback (most recent call last):
  File "/home/ketrong/miniconda3/envs/tpot2devenv/lib/python3.10/site-packages/optuna/study/_optimize.py", line 200, in _run_trial
    value_or_values = func(trial)
  File "/common/ketrong/AutoImputeExp/tpot2_imputetest/Impute_Experiments/autoimpute.py", line 57, in obj
    my_model = autoutils.MyModel(random_state = self.random_state, **my_params)
  File "/common/ketrong/AutoImputeExp/tpot2_imputetest/Impute_Experiments/autoutils.py", line 55, in MyModel
    return this_model
UnboundLocalError: local variable 'this_model' referenced before assignment
                                         0%|          | 0/200 [00:07<?, ?it/s]                                       [W 2023-11-21 16:51:36,220] Trial 45 failed with value None.
  0%|          | 0/200 [00:07<?, ?it/s][W 2023-11-21 16:51:35,871] Trial 46 failed with parameters: {'model_name': 'Simple'} because of the following error: UnboundLocalError("local variable 'this_model' referenced before assignment").
Traceback (most recent call last):
  File "/home/ketrong/miniconda3/envs/tpot2devenv/lib/python3.10/site-packages/optuna/study/_optimize.py", line 200, in _run_trial
    value_or_values = func(trial)
  File "/common/ketrong/AutoImputeExp/tpot2_imputetest/Impute_Experiments/autoimpute.py", line 57, in obj
    my_model = autoutils.MyModel(random_state = self.random_state, **my_params)
  File "/common/ketrong/AutoImputeExp/tpot2_imputetest/Impute_Experiments/autoutils.py", line 55, in MyModel
    return this_model
UnboundLocalError: local variable 'this_model' referenced before assignment
                                         0%|          | 0/200 [00:07<?, ?it/s]                                         0%|          | 0/200 [00:07<?, ?it/s][W 2023-11-21 16:51:36,395] Trial 46 failed with value None.
[W 2023-11-21 16:51:36,046] Trial 47 failed with parameters: {'model_name': 'Simple'} because of the following error: UnboundLocalError("local variable 'this_model' referenced before assignment").
Traceback (most recent call last):
  File "/home/ketrong/miniconda3/envs/tpot2devenv/lib/python3.10/site-packages/optuna/study/_optimize.py", line 200, in _run_trial
    value_or_values = func(trial)
  File "/common/ketrong/AutoImputeExp/tpot2_imputetest/Impute_Experiments/autoimpute.py", line 57, in obj
    my_model = autoutils.MyModel(random_state = self.random_state, **my_params)
  File "/common/ketrong/AutoImputeExp/tpot2_imputetest/Impute_Experiments/autoutils.py", line 55, in MyModel
    return this_model
UnboundLocalError: local variable 'this_model' referenced before assignment
                                         0%|          | 0/200 [00:07<?, ?it/s]                                         0%|          | 0/200 [00:07<?, ?it/s][W 2023-11-21 16:51:36,568] Trial 47 failed with value None.
[W 2023-11-21 16:51:32,534] Trial 32 failed with parameters: {'model_name': 'Simple'} because of the following error: UnboundLocalError("local variable 'this_model' referenced before assignment").
Traceback (most recent call last):
  File "/home/ketrong/miniconda3/envs/tpot2devenv/lib/python3.10/site-packages/optuna/study/_optimize.py", line 200, in _run_trial
    value_or_values = func(trial)
  File "/common/ketrong/AutoImputeExp/tpot2_imputetest/Impute_Experiments/autoimpute.py", line 57, in obj
    my_model = autoutils.MyModel(random_state = self.random_state, **my_params)
  File "/common/ketrong/AutoImputeExp/tpot2_imputetest/Impute_Experiments/autoutils.py", line 55, in MyModel
    return this_model
UnboundLocalError: local variable 'this_model' referenced before assignment
                                         0%|          | 0/200 [00:07<?, ?it/s][W 2023-11-21 16:51:36,742] Trial 32 failed with value None.
                                         0%|          | 0/200 [00:07<?, ?it/s][W 2023-11-21 16:51:35,695] Trial 43 failed with value None.
                                         0%|          | 0/200 [00:08<?, ?it/s][W 2023-11-21 16:51:34,989] Trial 42 failed with parameters: {'model_name': 'Simple'} because of the following error: UnboundLocalError("local variable 'this_model' referenced before assignment").
Traceback (most recent call last):
  File "/home/ketrong/miniconda3/envs/tpot2devenv/lib/python3.10/site-packages/optuna/study/_optimize.py", line 200, in _run_trial
    value_or_values = func(trial)
  File "/common/ketrong/AutoImputeExp/tpot2_imputetest/Impute_Experiments/autoimpute.py", line 57, in obj
    my_model = autoutils.MyModel(random_state = self.random_state, **my_params)
  File "/common/ketrong/AutoImputeExp/tpot2_imputetest/Impute_Experiments/autoutils.py", line 55, in MyModel
    return this_model
UnboundLocalError: local variable 'this_model' referenced before assignment
                                         0%|          | 0/200 [00:08<?, ?it/s]                                       [W 2023-11-21 16:51:37,092] Trial 42 failed with value None.
  0%|          | 0/200 [00:08<?, ?it/s]  0%|          | 0/200 [00:08<?, ?it/s]
failed on 
tpot2_imputetest/Impute_Experiments/logs//tpot2_base_imputation_6_0.9_MCAR_2
local variable 'this_model' referenced before assignment
Traceback (most recent call last):
  File "/common/ketrong/AutoImputeExp/tpot2_imputetest/Impute_Experiments/utils.py", line 178, in loop_through_tasks
    AutoImputeSpace.fit(X_train_pandas)
  File "/common/ketrong/AutoImputeExp/tpot2_imputetest/Impute_Experiments/autoimpute.py", line 60, in fit
    self.study.optimize(obj, n_trials=self.n_trials, n_jobs=self.n_jobs, show_progress_bar=self.show_progress, gc_after_trial=self.garbage_collect)
  File "/home/ketrong/miniconda3/envs/tpot2devenv/lib/python3.10/site-packages/optuna/study/study.py", line 451, in optimize
    _optimize(
  File "/home/ketrong/miniconda3/envs/tpot2devenv/lib/python3.10/site-packages/optuna/study/_optimize.py", line 103, in _optimize
    f.result()
  File "/home/ketrong/miniconda3/envs/tpot2devenv/lib/python3.10/concurrent/futures/_base.py", line 451, in result
    return self.__get_result()
  File "/home/ketrong/miniconda3/envs/tpot2devenv/lib/python3.10/concurrent/futures/_base.py", line 403, in __get_result
    raise self._exception
  File "/home/ketrong/miniconda3/envs/tpot2devenv/lib/python3.10/concurrent/futures/thread.py", line 58, in run
    result = self.fn(*self.args, **self.kwargs)
  File "/home/ketrong/miniconda3/envs/tpot2devenv/lib/python3.10/site-packages/optuna/study/_optimize.py", line 163, in _optimize_sequential
    frozen_trial = _run_trial(study, func, catch)
  File "/home/ketrong/miniconda3/envs/tpot2devenv/lib/python3.10/site-packages/optuna/study/_optimize.py", line 251, in _run_trial
    raise func_err
  File "/home/ketrong/miniconda3/envs/tpot2devenv/lib/python3.10/site-packages/optuna/study/_optimize.py", line 200, in _run_trial
    value_or_values = func(trial)
  File "/common/ketrong/AutoImputeExp/tpot2_imputetest/Impute_Experiments/autoimpute.py", line 57, in obj
    my_model = autoutils.MyModel(random_state = self.random_state, **my_params)
  File "/common/ketrong/AutoImputeExp/tpot2_imputetest/Impute_Experiments/autoutils.py", line 55, in MyModel
    return this_model
UnboundLocalError: local variable 'this_model' referenced before assignment

DONE
