/cm/local/apps/slurm/var/spool/job405545/slurm_script: line 19: /common/ketrong/minconda3/etc/profile.d/conda.sh: No such file or directory
/cm/local/apps/slurm/var/spool/job405545/slurm_script: line 22: $'\nconda create --name tpot2devenv -c conda-forge python=3.10\n': command not found
/cm/local/apps/slurm/var/spool/job405545/slurm_script: line 27: $'\npip install -r requirements.txt\n': command not found
RunStart
2023-11-22 20:02:31.125843: I tensorflow/core/util/port.cc:113] oneDNN custom operations are on. You may see slightly different numerical results due to floating-point round-off errors from different computation orders. To turn them off, set the environment variable `TF_ENABLE_ONEDNN_OPTS=0`.
2023-11-22 20:02:31.161712: E external/local_xla/xla/stream_executor/cuda/cuda_dnn.cc:9261] Unable to register cuDNN factory: Attempting to register factory for plugin cuDNN when one has already been registered
2023-11-22 20:02:31.161736: E external/local_xla/xla/stream_executor/cuda/cuda_fft.cc:607] Unable to register cuFFT factory: Attempting to register factory for plugin cuFFT when one has already been registered
2023-11-22 20:02:31.163106: E external/local_xla/xla/stream_executor/cuda/cuda_blas.cc:1515] Unable to register cuBLAS factory: Attempting to register factory for plugin cuBLAS when one has already been registered
2023-11-22 20:02:31.169208: I tensorflow/core/platform/cpu_feature_guard.cc:182] This TensorFlow binary is optimized to use available CPU instructions in performance-critical operations.
To enable the following instructions: AVX2 AVX512F AVX512_VNNI FMA, in other operations, rebuild TensorFlow with the appropriate compiler flags.
2023-11-22 20:02:34.249355: W tensorflow/compiler/tf2tensorrt/utils/py_utils.cc:38] TF-TRT Warning: Could not find TensorRT
WARNING:tensorflow:From /home/ketrong/miniconda3/envs/tpot2devenv/lib/python3.10/site-packages/tensorflow/python/compat/v2_compat.py:108: disable_resource_variables (from tensorflow.python.ops.variable_scope) is deprecated and will be removed in a future version.
Instructions for updating:
non-resource variables are not supported in the long term
working on 
tpot2_imputetest/Impute_Experiments/logs//tpot2_base_normal_6_0.3_MNAR_3
loading data
tpot2_imputetest/Impute_Experiments/data/6_True.pkl
running experiment 1/3 - Does large hyperparameter space improve reconstruction accuracy over simple
[I 2023-11-22 20:07:25,758] A new study created in memory with name: no-name-0a1e7154-c543-40a7-a306-e5828097bd13
[I 2023-11-22 20:07:26,829] Trial 4 finished with value: 6.560269285589084 and parameters: {'model_name': 'SimpleImputer', 'strategy': 'constant'}. Best is trial 4 with value: 6.560269285589084.
[I 2023-11-22 20:07:27,468] Trial 2 finished with value: 6.560269285589084 and parameters: {'model_name': 'SimpleImputer', 'strategy': 'constant'}. Best is trial 4 with value: 6.560269285589084.
[I 2023-11-22 20:07:27,880] Trial 7 finished with value: 6.560269285589084 and parameters: {'model_name': 'SimpleImputer', 'strategy': 'constant'}. Best is trial 4 with value: 6.560269285589084.
[I 2023-11-22 20:07:28,426] Trial 6 finished with value: 2.3221009143279607 and parameters: {'model_name': 'SimpleImputer', 'strategy': 'mean'}. Best is trial 6 with value: 2.3221009143279607.
[I 2023-11-22 20:07:28,622] Trial 8 finished with value: 6.560269285589084 and parameters: {'model_name': 'SimpleImputer', 'strategy': 'constant'}. Best is trial 6 with value: 2.3221009143279607.
[I 2023-11-22 20:07:28,918] Trial 1 finished with value: 2.3221009143279607 and parameters: {'model_name': 'SimpleImputer', 'strategy': 'mean'}. Best is trial 6 with value: 2.3221009143279607.
[I 2023-11-22 20:07:29,159] Trial 0 finished with value: 2.3221009143279607 and parameters: {'model_name': 'SimpleImputer', 'strategy': 'mean'}. Best is trial 6 with value: 2.3221009143279607.
[I 2023-11-22 20:07:29,327] Trial 25 finished with value: 6.560269285589084 and parameters: {'model_name': 'SimpleImputer', 'strategy': 'constant'}. Best is trial 6 with value: 2.3221009143279607.
[I 2023-11-22 20:07:29,741] Trial 5 finished with value: 2.3221009143279607 and parameters: {'model_name': 'SimpleImputer', 'strategy': 'mean'}. Best is trial 6 with value: 2.3221009143279607.
[I 2023-11-22 20:07:30,017] Trial 11 finished with value: 2.3221009143279607 and parameters: {'model_name': 'SimpleImputer', 'strategy': 'mean'}. Best is trial 6 with value: 2.3221009143279607.
[I 2023-11-22 20:07:30,418] Trial 15 finished with value: 2.3221009143279607 and parameters: {'model_name': 'SimpleImputer', 'strategy': 'mean'}. Best is trial 6 with value: 2.3221009143279607.
[I 2023-11-22 20:07:30,673] Trial 43 finished with value: 6.560269285589084 and parameters: {'model_name': 'SimpleImputer', 'strategy': 'constant'}. Best is trial 6 with value: 2.3221009143279607.
[I 2023-11-22 20:07:30,938] Trial 9 finished with value: 2.3221009143279607 and parameters: {'model_name': 'SimpleImputer', 'strategy': 'mean'}. Best is trial 6 with value: 2.3221009143279607.
[I 2023-11-22 20:07:31,222] Trial 30 finished with value: 2.3221009143279607 and parameters: {'model_name': 'SimpleImputer', 'strategy': 'mean'}. Best is trial 6 with value: 2.3221009143279607.
[I 2023-11-22 20:07:31,421] Trial 32 finished with value: 6.560269285589084 and parameters: {'model_name': 'SimpleImputer', 'strategy': 'constant'}. Best is trial 6 with value: 2.3221009143279607.
[I 2023-11-22 20:07:31,630] Trial 40 finished with value: 6.560269285589084 and parameters: {'model_name': 'SimpleImputer', 'strategy': 'constant'}. Best is trial 6 with value: 2.3221009143279607.
[I 2023-11-22 20:07:31,889] Trial 16 finished with value: 2.3221009143279607 and parameters: {'model_name': 'SimpleImputer', 'strategy': 'mean'}. Best is trial 6 with value: 2.3221009143279607.
[I 2023-11-22 20:07:32,086] Trial 19 finished with value: 2.3221009143279607 and parameters: {'model_name': 'SimpleImputer', 'strategy': 'mean'}. Best is trial 6 with value: 2.3221009143279607.
[I 2023-11-22 20:07:32,331] Trial 44 finished with value: 6.560269285589084 and parameters: {'model_name': 'SimpleImputer', 'strategy': 'constant'}. Best is trial 6 with value: 2.3221009143279607.
[I 2023-11-22 20:07:32,541] Trial 20 finished with value: 2.3221009143279607 and parameters: {'model_name': 'SimpleImputer', 'strategy': 'mean'}. Best is trial 6 with value: 2.3221009143279607.
[I 2023-11-22 20:07:32,751] Trial 27 finished with value: 2.3221009143279607 and parameters: {'model_name': 'SimpleImputer', 'strategy': 'mean'}. Best is trial 6 with value: 2.3221009143279607.
[I 2023-11-22 20:07:32,972] Trial 34 finished with value: 6.560269285589084 and parameters: {'model_name': 'SimpleImputer', 'strategy': 'constant'}. Best is trial 6 with value: 2.3221009143279607.
[I 2023-11-22 20:07:33,181] Trial 18 finished with value: 2.3221009143279607 and parameters: {'model_name': 'SimpleImputer', 'strategy': 'mean'}. Best is trial 6 with value: 2.3221009143279607.
[I 2023-11-22 20:07:33,426] Trial 46 finished with value: 6.560269285589084 and parameters: {'model_name': 'SimpleImputer', 'strategy': 'constant'}. Best is trial 6 with value: 2.3221009143279607.
[I 2023-11-22 20:07:33,715] Trial 10 finished with value: 2.3221009143279607 and parameters: {'model_name': 'SimpleImputer', 'strategy': 'mean'}. Best is trial 6 with value: 2.3221009143279607.
[I 2023-11-22 20:07:34,171] Trial 48 finished with value: 6.560269285589084 and parameters: {'model_name': 'SimpleImputer', 'strategy': 'constant'}. Best is trial 6 with value: 2.3221009143279607.
[I 2023-11-22 20:07:34,576] Trial 36 finished with value: 2.3221009143279607 and parameters: {'model_name': 'SimpleImputer', 'strategy': 'mean'}. Best is trial 6 with value: 2.3221009143279607.
[I 2023-11-22 20:07:34,798] Trial 37 finished with value: 2.3221009143279607 and parameters: {'model_name': 'SimpleImputer', 'strategy': 'mean'}. Best is trial 6 with value: 2.3221009143279607.
[I 2023-11-22 20:07:35,002] Trial 13 finished with value: 2.3923393086349485 and parameters: {'model_name': 'SimpleImputer', 'strategy': 'median'}. Best is trial 6 with value: 2.3221009143279607.
[I 2023-11-22 20:07:35,254] Trial 35 finished with value: 2.3221009143279607 and parameters: {'model_name': 'SimpleImputer', 'strategy': 'mean'}. Best is trial 6 with value: 2.3221009143279607.
[I 2023-11-22 20:07:35,587] Trial 50 finished with value: 6.560269285589084 and parameters: {'model_name': 'SimpleImputer', 'strategy': 'constant'}. Best is trial 6 with value: 2.3221009143279607.
[I 2023-11-22 20:07:35,871] Trial 3 finished with value: 2.3923393086349485 and parameters: {'model_name': 'SimpleImputer', 'strategy': 'median'}. Best is trial 6 with value: 2.3221009143279607.
[I 2023-11-22 20:07:36,213] Trial 28 finished with value: 2.3221009143279607 and parameters: {'model_name': 'SimpleImputer', 'strategy': 'mean'}. Best is trial 6 with value: 2.3221009143279607.
[I 2023-11-22 20:07:36,501] Trial 47 finished with value: 2.3221009143279607 and parameters: {'model_name': 'SimpleImputer', 'strategy': 'mean'}. Best is trial 6 with value: 2.3221009143279607.
[I 2023-11-22 20:07:36,780] Trial 24 finished with value: 2.3923393086349485 and parameters: {'model_name': 'SimpleImputer', 'strategy': 'median'}. Best is trial 6 with value: 2.3221009143279607.
[I 2023-11-22 20:07:37,129] Trial 54 finished with value: 6.560269285589084 and parameters: {'model_name': 'SimpleImputer', 'strategy': 'constant'}. Best is trial 6 with value: 2.3221009143279607.
[I 2023-11-22 20:07:37,556] Trial 21 finished with value: 2.3923393086349485 and parameters: {'model_name': 'SimpleImputer', 'strategy': 'median'}. Best is trial 6 with value: 2.3221009143279607.
[I 2023-11-22 20:07:37,850] Trial 29 finished with value: 2.3923393086349485 and parameters: {'model_name': 'SimpleImputer', 'strategy': 'median'}. Best is trial 6 with value: 2.3221009143279607.
[I 2023-11-22 20:07:38,119] Trial 42 finished with value: 2.3923393086349485 and parameters: {'model_name': 'SimpleImputer', 'strategy': 'median'}. Best is trial 6 with value: 2.3221009143279607.
[I 2023-11-22 20:07:38,466] Trial 22 finished with value: 2.3923393086349485 and parameters: {'model_name': 'SimpleImputer', 'strategy': 'median'}. Best is trial 6 with value: 2.3221009143279607.
[I 2023-11-22 20:07:38,674] Trial 26 finished with value: 2.3923393086349485 and parameters: {'model_name': 'SimpleImputer', 'strategy': 'median'}. Best is trial 6 with value: 2.3221009143279607.
[I 2023-11-22 20:07:38,986] Trial 45 finished with value: 2.3923393086349485 and parameters: {'model_name': 'SimpleImputer', 'strategy': 'median'}. Best is trial 6 with value: 2.3221009143279607.
[I 2023-11-22 20:07:39,360] Trial 52 finished with value: 2.3221009143279607 and parameters: {'model_name': 'SimpleImputer', 'strategy': 'mean'}. Best is trial 6 with value: 2.3221009143279607.
[I 2023-11-22 20:07:39,743] Trial 51 finished with value: 2.3221009143279607 and parameters: {'model_name': 'SimpleImputer', 'strategy': 'mean'}. Best is trial 6 with value: 2.3221009143279607.
[I 2023-11-22 20:07:40,349] Trial 55 finished with value: 2.3923393086349485 and parameters: {'model_name': 'SimpleImputer', 'strategy': 'median'}. Best is trial 6 with value: 2.3221009143279607.
[I 2023-11-22 20:07:41,231] Trial 53 finished with value: 2.3923393086349485 and parameters: {'model_name': 'SimpleImputer', 'strategy': 'median'}. Best is trial 6 with value: 2.3221009143279607.
[I 2023-11-22 20:07:41,637] Trial 62 finished with value: 2.3923393086349485 and parameters: {'model_name': 'SimpleImputer', 'strategy': 'median'}. Best is trial 6 with value: 2.3221009143279607.
[I 2023-11-22 20:07:42,063] Trial 57 finished with value: 2.3923393086349485 and parameters: {'model_name': 'SimpleImputer', 'strategy': 'median'}. Best is trial 6 with value: 2.3221009143279607.
[I 2023-11-22 20:07:42,576] Trial 69 finished with value: 2.3923393086349485 and parameters: {'model_name': 'SimpleImputer', 'strategy': 'median'}. Best is trial 6 with value: 2.3221009143279607.
[I 2023-11-22 20:07:42,864] Trial 65 finished with value: 2.3923393086349485 and parameters: {'model_name': 'SimpleImputer', 'strategy': 'median'}. Best is trial 6 with value: 2.3221009143279607.
[I 2023-11-22 20:07:43,387] Trial 71 finished with value: 2.3923393086349485 and parameters: {'model_name': 'SimpleImputer', 'strategy': 'median'}. Best is trial 6 with value: 2.3221009143279607.
[I 2023-11-22 20:07:43,638] Trial 70 finished with value: 2.3923393086349485 and parameters: {'model_name': 'SimpleImputer', 'strategy': 'median'}. Best is trial 6 with value: 2.3221009143279607.
[I 2023-11-22 20:07:43,919] Trial 63 finished with value: 2.3923393086349485 and parameters: {'model_name': 'SimpleImputer', 'strategy': 'median'}. Best is trial 6 with value: 2.3221009143279607.
[I 2023-11-22 20:07:44,380] Trial 66 finished with value: 2.3923393086349485 and parameters: {'model_name': 'SimpleImputer', 'strategy': 'median'}. Best is trial 6 with value: 2.3221009143279607.
[I 2023-11-22 20:07:45,569] Trial 12 finished with value: 2.4846447434420242 and parameters: {'model_name': 'SimpleImputer', 'strategy': 'most_frequent'}. Best is trial 6 with value: 2.3221009143279607.
[I 2023-11-22 20:07:45,834] Trial 39 finished with value: 2.4846447434420242 and parameters: {'model_name': 'SimpleImputer', 'strategy': 'most_frequent'}. Best is trial 6 with value: 2.3221009143279607.
[I 2023-11-22 20:07:46,178] Trial 17 finished with value: 2.4846447434420242 and parameters: {'model_name': 'SimpleImputer', 'strategy': 'most_frequent'}. Best is trial 6 with value: 2.3221009143279607.
[I 2023-11-22 20:07:46,837] Trial 31 finished with value: 2.4846447434420242 and parameters: {'model_name': 'SimpleImputer', 'strategy': 'most_frequent'}. Best is trial 6 with value: 2.3221009143279607.
[I 2023-11-22 20:07:47,086] Trial 14 finished with value: 2.4846447434420242 and parameters: {'model_name': 'SimpleImputer', 'strategy': 'most_frequent'}. Best is trial 6 with value: 2.3221009143279607.
[I 2023-11-22 20:07:47,521] Trial 94 finished with value: 2.3221009143279607 and parameters: {'model_name': 'SimpleImputer', 'strategy': 'mean'}. Best is trial 6 with value: 2.3221009143279607.
[I 2023-11-22 20:07:47,890] Trial 41 finished with value: 2.4846447434420242 and parameters: {'model_name': 'SimpleImputer', 'strategy': 'most_frequent'}. Best is trial 6 with value: 2.3221009143279607.
[I 2023-11-22 20:07:48,248] Trial 33 finished with value: 2.4846447434420242 and parameters: {'model_name': 'SimpleImputer', 'strategy': 'most_frequent'}. Best is trial 6 with value: 2.3221009143279607.
[I 2023-11-22 20:07:48,813] Trial 38 finished with value: 2.4846447434420242 and parameters: {'model_name': 'SimpleImputer', 'strategy': 'most_frequent'}. Best is trial 6 with value: 2.3221009143279607.
[I 2023-11-22 20:07:49,084] Trial 49 finished with value: 2.4846447434420242 and parameters: {'model_name': 'SimpleImputer', 'strategy': 'most_frequent'}. Best is trial 6 with value: 2.3221009143279607.
[I 2023-11-22 20:07:49,373] Trial 23 finished with value: 2.4846447434420242 and parameters: {'model_name': 'SimpleImputer', 'strategy': 'most_frequent'}. Best is trial 6 with value: 2.3221009143279607.
[I 2023-11-22 20:07:50,594] Trial 56 finished with value: 2.4846447434420242 and parameters: {'model_name': 'SimpleImputer', 'strategy': 'most_frequent'}. Best is trial 6 with value: 2.3221009143279607.
[I 2023-11-22 20:07:51,010] Trial 104 finished with value: 2.3221009143279607 and parameters: {'model_name': 'SimpleImputer', 'strategy': 'mean'}. Best is trial 6 with value: 2.3221009143279607.
[I 2023-11-22 20:07:51,225] Trial 103 finished with value: 2.3221009143279607 and parameters: {'model_name': 'SimpleImputer', 'strategy': 'mean'}. Best is trial 6 with value: 2.3221009143279607.
[I 2023-11-22 20:07:51,519] Trial 75 finished with value: 2.4846447434420242 and parameters: {'model_name': 'SimpleImputer', 'strategy': 'most_frequent'}. Best is trial 6 with value: 2.3221009143279607.
[I 2023-11-22 20:07:51,686] Trial 68 finished with value: 2.4846447434420242 and parameters: {'model_name': 'SimpleImputer', 'strategy': 'most_frequent'}. Best is trial 6 with value: 2.3221009143279607.
[I 2023-11-22 20:07:51,935] Trial 72 finished with value: 2.4846447434420242 and parameters: {'model_name': 'SimpleImputer', 'strategy': 'most_frequent'}. Best is trial 6 with value: 2.3221009143279607.
[I 2023-11-22 20:07:52,256] Trial 58 finished with value: 2.4846447434420242 and parameters: {'model_name': 'SimpleImputer', 'strategy': 'most_frequent'}. Best is trial 6 with value: 2.3221009143279607.
[I 2023-11-22 20:07:52,484] Trial 61 finished with value: 2.4846447434420242 and parameters: {'model_name': 'SimpleImputer', 'strategy': 'most_frequent'}. Best is trial 6 with value: 2.3221009143279607.
[I 2023-11-22 20:07:52,702] Trial 73 finished with value: 2.4846447434420242 and parameters: {'model_name': 'SimpleImputer', 'strategy': 'most_frequent'}. Best is trial 6 with value: 2.3221009143279607.
[I 2023-11-22 20:07:52,901] Trial 59 finished with value: 2.4846447434420242 and parameters: {'model_name': 'SimpleImputer', 'strategy': 'most_frequent'}. Best is trial 6 with value: 2.3221009143279607.
[I 2023-11-22 20:07:53,218] Trial 60 finished with value: 2.4846447434420242 and parameters: {'model_name': 'SimpleImputer', 'strategy': 'most_frequent'}. Best is trial 6 with value: 2.3221009143279607.
[I 2023-11-22 20:07:53,523] Trial 67 finished with value: 2.4846447434420242 and parameters: {'model_name': 'SimpleImputer', 'strategy': 'most_frequent'}. Best is trial 6 with value: 2.3221009143279607.
[I 2023-11-22 20:07:53,811] Trial 105 finished with value: 2.3221009143279607 and parameters: {'model_name': 'SimpleImputer', 'strategy': 'mean'}. Best is trial 6 with value: 2.3221009143279607.
[I 2023-11-22 20:07:54,090] Trial 106 finished with value: 2.3221009143279607 and parameters: {'model_name': 'SimpleImputer', 'strategy': 'mean'}. Best is trial 6 with value: 2.3221009143279607.
[I 2023-11-22 20:07:54,354] Trial 78 finished with value: 2.4846447434420242 and parameters: {'model_name': 'SimpleImputer', 'strategy': 'most_frequent'}. Best is trial 6 with value: 2.3221009143279607.
[I 2023-11-22 20:07:54,609] Trial 74 finished with value: 2.4846447434420242 and parameters: {'model_name': 'SimpleImputer', 'strategy': 'most_frequent'}. Best is trial 6 with value: 2.3221009143279607.
[I 2023-11-22 20:07:54,808] Trial 79 finished with value: 2.4846447434420242 and parameters: {'model_name': 'SimpleImputer', 'strategy': 'most_frequent'}. Best is trial 6 with value: 2.3221009143279607.
[I 2023-11-22 20:07:54,996] Trial 109 finished with value: 2.3221009143279607 and parameters: {'model_name': 'SimpleImputer', 'strategy': 'mean'}. Best is trial 6 with value: 2.3221009143279607.
[I 2023-11-22 20:07:55,164] Trial 107 finished with value: 2.3221009143279607 and parameters: {'model_name': 'SimpleImputer', 'strategy': 'mean'}. Best is trial 6 with value: 2.3221009143279607.
[I 2023-11-22 20:07:55,419] Trial 64 finished with value: 2.4846447434420242 and parameters: {'model_name': 'SimpleImputer', 'strategy': 'most_frequent'}. Best is trial 6 with value: 2.3221009143279607.
[I 2023-11-22 20:07:55,755] Trial 86 finished with value: 2.4846447434420242 and parameters: {'model_name': 'SimpleImputer', 'strategy': 'most_frequent'}. Best is trial 6 with value: 2.3221009143279607.
[I 2023-11-22 20:07:55,979] Trial 108 finished with value: 2.3221009143279607 and parameters: {'model_name': 'SimpleImputer', 'strategy': 'mean'}. Best is trial 6 with value: 2.3221009143279607.
[I 2023-11-22 20:07:56,248] Trial 82 finished with value: 2.4846447434420242 and parameters: {'model_name': 'SimpleImputer', 'strategy': 'most_frequent'}. Best is trial 6 with value: 2.3221009143279607.
[I 2023-11-22 20:07:56,522] Trial 111 finished with value: 2.3221009143279607 and parameters: {'model_name': 'SimpleImputer', 'strategy': 'mean'}. Best is trial 6 with value: 2.3221009143279607.
[I 2023-11-22 20:07:56,787] Trial 76 finished with value: 2.4846447434420242 and parameters: {'model_name': 'SimpleImputer', 'strategy': 'most_frequent'}. Best is trial 6 with value: 2.3221009143279607.
[I 2023-11-22 20:07:57,080] Trial 83 finished with value: 2.4846447434420242 and parameters: {'model_name': 'SimpleImputer', 'strategy': 'most_frequent'}. Best is trial 6 with value: 2.3221009143279607.
[I 2023-11-22 20:07:57,622] Trial 80 finished with value: 2.4846447434420242 and parameters: {'model_name': 'SimpleImputer', 'strategy': 'most_frequent'}. Best is trial 6 with value: 2.3221009143279607.
[I 2023-11-22 20:07:57,794] Trial 112 finished with value: 2.3221009143279607 and parameters: {'model_name': 'SimpleImputer', 'strategy': 'mean'}. Best is trial 6 with value: 2.3221009143279607.
[I 2023-11-22 20:07:58,048] Trial 77 finished with value: 2.4846447434420242 and parameters: {'model_name': 'SimpleImputer', 'strategy': 'most_frequent'}. Best is trial 6 with value: 2.3221009143279607.
[I 2023-11-22 20:07:58,320] Trial 85 finished with value: 2.4846447434420242 and parameters: {'model_name': 'SimpleImputer', 'strategy': 'most_frequent'}. Best is trial 6 with value: 2.3221009143279607.
[I 2023-11-22 20:07:58,503] Trial 110 finished with value: 2.3221009143279607 and parameters: {'model_name': 'SimpleImputer', 'strategy': 'mean'}. Best is trial 6 with value: 2.3221009143279607.
[I 2023-11-22 20:07:58,763] Trial 84 finished with value: 2.4846447434420242 and parameters: {'model_name': 'SimpleImputer', 'strategy': 'most_frequent'}. Best is trial 6 with value: 2.3221009143279607.
[I 2023-11-22 20:07:59,068] Trial 88 finished with value: 2.4846447434420242 and parameters: {'model_name': 'SimpleImputer', 'strategy': 'most_frequent'}. Best is trial 6 with value: 2.3221009143279607.
[I 2023-11-22 20:07:59,243] Trial 87 finished with value: 2.4846447434420242 and parameters: {'model_name': 'SimpleImputer', 'strategy': 'most_frequent'}. Best is trial 6 with value: 2.3221009143279607.
[I 2023-11-22 20:07:59,522] Trial 81 finished with value: 2.4846447434420242 and parameters: {'model_name': 'SimpleImputer', 'strategy': 'most_frequent'}. Best is trial 6 with value: 2.3221009143279607.
[I 2023-11-22 20:07:59,848] Trial 113 finished with value: 2.3221009143279607 and parameters: {'model_name': 'SimpleImputer', 'strategy': 'mean'}. Best is trial 6 with value: 2.3221009143279607.
[I 2023-11-22 20:08:00,108] Trial 118 finished with value: 2.3221009143279607 and parameters: {'model_name': 'SimpleImputer', 'strategy': 'mean'}. Best is trial 6 with value: 2.3221009143279607.
[I 2023-11-22 20:08:00,477] Trial 89 finished with value: 2.4846447434420242 and parameters: {'model_name': 'SimpleImputer', 'strategy': 'most_frequent'}. Best is trial 6 with value: 2.3221009143279607.
[I 2023-11-22 20:08:00,657] Trial 114 finished with value: 2.3221009143279607 and parameters: {'model_name': 'SimpleImputer', 'strategy': 'mean'}. Best is trial 6 with value: 2.3221009143279607.
[I 2023-11-22 20:08:00,924] Trial 90 finished with value: 2.4846447434420242 and parameters: {'model_name': 'SimpleImputer', 'strategy': 'most_frequent'}. Best is trial 6 with value: 2.3221009143279607.
[I 2023-11-22 20:08:01,144] Trial 116 finished with value: 2.3221009143279607 and parameters: {'model_name': 'SimpleImputer', 'strategy': 'mean'}. Best is trial 6 with value: 2.3221009143279607.
[I 2023-11-22 20:08:01,530] Trial 92 finished with value: 2.4846447434420242 and parameters: {'model_name': 'SimpleImputer', 'strategy': 'most_frequent'}. Best is trial 6 with value: 2.3221009143279607.
[I 2023-11-22 20:08:01,745] Trial 119 finished with value: 2.3221009143279607 and parameters: {'model_name': 'SimpleImputer', 'strategy': 'mean'}. Best is trial 6 with value: 2.3221009143279607.
[I 2023-11-22 20:08:01,977] Trial 91 finished with value: 2.4846447434420242 and parameters: {'model_name': 'SimpleImputer', 'strategy': 'most_frequent'}. Best is trial 6 with value: 2.3221009143279607.
[I 2023-11-22 20:08:02,227] Trial 124 finished with value: 2.3221009143279607 and parameters: {'model_name': 'SimpleImputer', 'strategy': 'mean'}. Best is trial 6 with value: 2.3221009143279607.
[I 2023-11-22 20:08:02,501] Trial 120 finished with value: 2.3221009143279607 and parameters: {'model_name': 'SimpleImputer', 'strategy': 'mean'}. Best is trial 6 with value: 2.3221009143279607.
[I 2023-11-22 20:08:02,738] Trial 115 finished with value: 2.3221009143279607 and parameters: {'model_name': 'SimpleImputer', 'strategy': 'mean'}. Best is trial 6 with value: 2.3221009143279607.
[I 2023-11-22 20:08:02,946] Trial 125 finished with value: 2.3221009143279607 and parameters: {'model_name': 'SimpleImputer', 'strategy': 'mean'}. Best is trial 6 with value: 2.3221009143279607.
[I 2023-11-22 20:08:03,183] Trial 117 finished with value: 2.3221009143279607 and parameters: {'model_name': 'SimpleImputer', 'strategy': 'mean'}. Best is trial 6 with value: 2.3221009143279607.
[I 2023-11-22 20:08:03,433] Trial 126 finished with value: 2.3221009143279607 and parameters: {'model_name': 'SimpleImputer', 'strategy': 'mean'}. Best is trial 6 with value: 2.3221009143279607.
[I 2023-11-22 20:08:03,618] Trial 121 finished with value: 2.3221009143279607 and parameters: {'model_name': 'SimpleImputer', 'strategy': 'mean'}. Best is trial 6 with value: 2.3221009143279607.
[I 2023-11-22 20:08:03,863] Trial 123 finished with value: 2.3221009143279607 and parameters: {'model_name': 'SimpleImputer', 'strategy': 'mean'}. Best is trial 6 with value: 2.3221009143279607.
[I 2023-11-22 20:08:04,205] Trial 130 finished with value: 2.3221009143279607 and parameters: {'model_name': 'SimpleImputer', 'strategy': 'mean'}. Best is trial 6 with value: 2.3221009143279607.
[I 2023-11-22 20:08:04,428] Trial 131 finished with value: 2.3221009143279607 and parameters: {'model_name': 'SimpleImputer', 'strategy': 'mean'}. Best is trial 6 with value: 2.3221009143279607.
[I 2023-11-22 20:08:04,642] Trial 127 finished with value: 2.3221009143279607 and parameters: {'model_name': 'SimpleImputer', 'strategy': 'mean'}. Best is trial 6 with value: 2.3221009143279607.
[I 2023-11-22 20:08:04,813] Trial 128 finished with value: 2.3221009143279607 and parameters: {'model_name': 'SimpleImputer', 'strategy': 'mean'}. Best is trial 6 with value: 2.3221009143279607.
[I 2023-11-22 20:08:05,043] Trial 129 finished with value: 2.3221009143279607 and parameters: {'model_name': 'SimpleImputer', 'strategy': 'mean'}. Best is trial 6 with value: 2.3221009143279607.
[I 2023-11-22 20:08:05,321] Trial 122 finished with value: 2.3221009143279607 and parameters: {'model_name': 'SimpleImputer', 'strategy': 'mean'}. Best is trial 6 with value: 2.3221009143279607.
[I 2023-11-22 20:08:05,742] Trial 96 finished with value: 2.4846447434420242 and parameters: {'model_name': 'SimpleImputer', 'strategy': 'most_frequent'}. Best is trial 6 with value: 2.3221009143279607.
[I 2023-11-22 20:08:05,976] Trial 133 finished with value: 2.3221009143279607 and parameters: {'model_name': 'SimpleImputer', 'strategy': 'mean'}. Best is trial 6 with value: 2.3221009143279607.
[I 2023-11-22 20:08:06,239] Trial 134 finished with value: 2.3221009143279607 and parameters: {'model_name': 'SimpleImputer', 'strategy': 'mean'}. Best is trial 6 with value: 2.3221009143279607.
[I 2023-11-22 20:08:06,469] Trial 137 finished with value: 2.3221009143279607 and parameters: {'model_name': 'SimpleImputer', 'strategy': 'mean'}. Best is trial 6 with value: 2.3221009143279607.
[I 2023-11-22 20:08:06,701] Trial 132 finished with value: 2.3221009143279607 and parameters: {'model_name': 'SimpleImputer', 'strategy': 'mean'}. Best is trial 6 with value: 2.3221009143279607.
[I 2023-11-22 20:08:07,048] Trial 99 finished with value: 2.4846447434420242 and parameters: {'model_name': 'SimpleImputer', 'strategy': 'most_frequent'}. Best is trial 6 with value: 2.3221009143279607.
[I 2023-11-22 20:08:07,297] Trial 138 finished with value: 2.3221009143279607 and parameters: {'model_name': 'SimpleImputer', 'strategy': 'mean'}. Best is trial 6 with value: 2.3221009143279607.
[I 2023-11-22 20:08:07,561] Trial 93 finished with value: 2.4846447434420242 and parameters: {'model_name': 'SimpleImputer', 'strategy': 'most_frequent'}. Best is trial 6 with value: 2.3221009143279607.
[I 2023-11-22 20:08:07,889] Trial 97 finished with value: 2.4846447434420242 and parameters: {'model_name': 'SimpleImputer', 'strategy': 'most_frequent'}. Best is trial 6 with value: 2.3221009143279607.
[I 2023-11-22 20:08:08,167] Trial 135 finished with value: 2.3221009143279607 and parameters: {'model_name': 'SimpleImputer', 'strategy': 'mean'}. Best is trial 6 with value: 2.3221009143279607.
[I 2023-11-22 20:08:08,335] Trial 136 finished with value: 2.3221009143279607 and parameters: {'model_name': 'SimpleImputer', 'strategy': 'mean'}. Best is trial 6 with value: 2.3221009143279607.
[I 2023-11-22 20:08:08,778] Trial 144 finished with value: 2.3221009143279607 and parameters: {'model_name': 'SimpleImputer', 'strategy': 'mean'}. Best is trial 6 with value: 2.3221009143279607.
[I 2023-11-22 20:08:09,138] Trial 140 finished with value: 2.3221009143279607 and parameters: {'model_name': 'SimpleImputer', 'strategy': 'mean'}. Best is trial 6 with value: 2.3221009143279607.
[I 2023-11-22 20:08:09,503] Trial 145 finished with value: 2.3221009143279607 and parameters: {'model_name': 'SimpleImputer', 'strategy': 'mean'}. Best is trial 6 with value: 2.3221009143279607.
[I 2023-11-22 20:08:09,748] Trial 152 finished with value: 2.3221009143279607 and parameters: {'model_name': 'SimpleImputer', 'strategy': 'mean'}. Best is trial 6 with value: 2.3221009143279607.
[I 2023-11-22 20:08:09,982] Trial 151 finished with value: 2.3221009143279607 and parameters: {'model_name': 'SimpleImputer', 'strategy': 'mean'}. Best is trial 6 with value: 2.3221009143279607.
[I 2023-11-22 20:08:10,176] Trial 142 finished with value: 2.3221009143279607 and parameters: {'model_name': 'SimpleImputer', 'strategy': 'mean'}. Best is trial 6 with value: 2.3221009143279607.
[I 2023-11-22 20:08:10,421] Trial 149 finished with value: 2.3221009143279607 and parameters: {'model_name': 'SimpleImputer', 'strategy': 'mean'}. Best is trial 6 with value: 2.3221009143279607.
[I 2023-11-22 20:08:10,658] Trial 141 finished with value: 2.3221009143279607 and parameters: {'model_name': 'SimpleImputer', 'strategy': 'mean'}. Best is trial 6 with value: 2.3221009143279607.
[I 2023-11-22 20:08:10,834] Trial 147 finished with value: 2.3221009143279607 and parameters: {'model_name': 'SimpleImputer', 'strategy': 'mean'}. Best is trial 6 with value: 2.3221009143279607.
[I 2023-11-22 20:08:11,067] Trial 143 finished with value: 2.3221009143279607 and parameters: {'model_name': 'SimpleImputer', 'strategy': 'mean'}. Best is trial 6 with value: 2.3221009143279607.
[I 2023-11-22 20:08:11,240] Trial 146 finished with value: 2.3221009143279607 and parameters: {'model_name': 'SimpleImputer', 'strategy': 'mean'}. Best is trial 6 with value: 2.3221009143279607.
[I 2023-11-22 20:08:11,433] Trial 148 finished with value: 2.3221009143279607 and parameters: {'model_name': 'SimpleImputer', 'strategy': 'mean'}. Best is trial 6 with value: 2.3221009143279607.
[I 2023-11-22 20:08:11,654] Trial 139 finished with value: 2.3221009143279607 and parameters: {'model_name': 'SimpleImputer', 'strategy': 'mean'}. Best is trial 6 with value: 2.3221009143279607.
[I 2023-11-22 20:08:11,841] Trial 95 finished with value: 2.4846447434420242 and parameters: {'model_name': 'SimpleImputer', 'strategy': 'most_frequent'}. Best is trial 6 with value: 2.3221009143279607.
[I 2023-11-22 20:08:12,138] Trial 153 finished with value: 2.3221009143279607 and parameters: {'model_name': 'SimpleImputer', 'strategy': 'mean'}. Best is trial 6 with value: 2.3221009143279607.
[I 2023-11-22 20:08:12,359] Trial 98 finished with value: 2.4846447434420242 and parameters: {'model_name': 'SimpleImputer', 'strategy': 'most_frequent'}. Best is trial 6 with value: 2.3221009143279607.
[I 2023-11-22 20:08:12,585] Trial 100 finished with value: 2.4846447434420242 and parameters: {'model_name': 'SimpleImputer', 'strategy': 'most_frequent'}. Best is trial 6 with value: 2.3221009143279607.
[I 2023-11-22 20:08:12,822] Trial 101 finished with value: 2.4846447434420242 and parameters: {'model_name': 'SimpleImputer', 'strategy': 'most_frequent'}. Best is trial 6 with value: 2.3221009143279607.
[I 2023-11-22 20:08:13,062] Trial 154 finished with value: 2.3221009143279607 and parameters: {'model_name': 'SimpleImputer', 'strategy': 'mean'}. Best is trial 6 with value: 2.3221009143279607.
[I 2023-11-22 20:08:13,486] Trial 160 finished with value: 2.3221009143279607 and parameters: {'model_name': 'SimpleImputer', 'strategy': 'mean'}. Best is trial 6 with value: 2.3221009143279607.
[I 2023-11-22 20:08:13,743] Trial 155 finished with value: 2.3221009143279607 and parameters: {'model_name': 'SimpleImputer', 'strategy': 'mean'}. Best is trial 6 with value: 2.3221009143279607.
[I 2023-11-22 20:08:13,962] Trial 150 finished with value: 2.3221009143279607 and parameters: {'model_name': 'SimpleImputer', 'strategy': 'mean'}. Best is trial 6 with value: 2.3221009143279607.
[I 2023-11-22 20:08:14,202] Trial 158 finished with value: 2.3221009143279607 and parameters: {'model_name': 'SimpleImputer', 'strategy': 'mean'}. Best is trial 6 with value: 2.3221009143279607.
[I 2023-11-22 20:08:14,465] Trial 159 finished with value: 2.3221009143279607 and parameters: {'model_name': 'SimpleImputer', 'strategy': 'mean'}. Best is trial 6 with value: 2.3221009143279607.
[I 2023-11-22 20:08:14,690] Trial 157 finished with value: 2.3221009143279607 and parameters: {'model_name': 'SimpleImputer', 'strategy': 'mean'}. Best is trial 6 with value: 2.3221009143279607.
[I 2023-11-22 20:08:14,944] Trial 167 finished with value: 2.3221009143279607 and parameters: {'model_name': 'SimpleImputer', 'strategy': 'mean'}. Best is trial 6 with value: 2.3221009143279607.
[I 2023-11-22 20:08:15,191] Trial 166 finished with value: 2.3221009143279607 and parameters: {'model_name': 'SimpleImputer', 'strategy': 'mean'}. Best is trial 6 with value: 2.3221009143279607.
[I 2023-11-22 20:08:15,392] Trial 161 finished with value: 2.3221009143279607 and parameters: {'model_name': 'SimpleImputer', 'strategy': 'mean'}. Best is trial 6 with value: 2.3221009143279607.
[I 2023-11-22 20:08:15,592] Trial 163 finished with value: 2.3221009143279607 and parameters: {'model_name': 'SimpleImputer', 'strategy': 'mean'}. Best is trial 6 with value: 2.3221009143279607.
[I 2023-11-22 20:08:15,857] Trial 164 finished with value: 2.3221009143279607 and parameters: {'model_name': 'SimpleImputer', 'strategy': 'mean'}. Best is trial 6 with value: 2.3221009143279607.
[I 2023-11-22 20:08:16,039] Trial 156 finished with value: 2.3221009143279607 and parameters: {'model_name': 'SimpleImputer', 'strategy': 'mean'}. Best is trial 6 with value: 2.3221009143279607.
[I 2023-11-22 20:08:16,442] Trial 162 finished with value: 2.3221009143279607 and parameters: {'model_name': 'SimpleImputer', 'strategy': 'mean'}. Best is trial 6 with value: 2.3221009143279607.
[I 2023-11-22 20:08:16,640] Trial 170 finished with value: 2.3221009143279607 and parameters: {'model_name': 'SimpleImputer', 'strategy': 'mean'}. Best is trial 6 with value: 2.3221009143279607.
[I 2023-11-22 20:08:16,857] Trial 165 finished with value: 2.3221009143279607 and parameters: {'model_name': 'SimpleImputer', 'strategy': 'mean'}. Best is trial 6 with value: 2.3221009143279607.
[I 2023-11-22 20:08:17,142] Trial 178 finished with value: 2.3221009143279607 and parameters: {'model_name': 'SimpleImputer', 'strategy': 'mean'}. Best is trial 6 with value: 2.3221009143279607.
[I 2023-11-22 20:08:17,437] Trial 179 finished with value: 2.3221009143279607 and parameters: {'model_name': 'SimpleImputer', 'strategy': 'mean'}. Best is trial 6 with value: 2.3221009143279607.
[I 2023-11-22 20:08:17,657] Trial 171 finished with value: 2.3221009143279607 and parameters: {'model_name': 'SimpleImputer', 'strategy': 'mean'}. Best is trial 6 with value: 2.3221009143279607.
[I 2023-11-22 20:08:17,837] Trial 173 finished with value: 2.3221009143279607 and parameters: {'model_name': 'SimpleImputer', 'strategy': 'mean'}. Best is trial 6 with value: 2.3221009143279607.
[I 2023-11-22 20:08:18,066] Trial 168 finished with value: 2.3221009143279607 and parameters: {'model_name': 'SimpleImputer', 'strategy': 'mean'}. Best is trial 6 with value: 2.3221009143279607.
[I 2023-11-22 20:08:18,258] Trial 169 finished with value: 2.3221009143279607 and parameters: {'model_name': 'SimpleImputer', 'strategy': 'mean'}. Best is trial 6 with value: 2.3221009143279607.
[I 2023-11-22 20:08:18,504] Trial 174 finished with value: 2.3221009143279607 and parameters: {'model_name': 'SimpleImputer', 'strategy': 'mean'}. Best is trial 6 with value: 2.3221009143279607.
[I 2023-11-22 20:08:18,733] Trial 172 finished with value: 2.3221009143279607 and parameters: {'model_name': 'SimpleImputer', 'strategy': 'mean'}. Best is trial 6 with value: 2.3221009143279607.
[I 2023-11-22 20:08:19,037] Trial 181 finished with value: 2.3221009143279607 and parameters: {'model_name': 'SimpleImputer', 'strategy': 'mean'}. Best is trial 6 with value: 2.3221009143279607.
[I 2023-11-22 20:08:19,269] Trial 182 finished with value: 2.3221009143279607 and parameters: {'model_name': 'SimpleImputer', 'strategy': 'mean'}. Best is trial 6 with value: 2.3221009143279607.
[I 2023-11-22 20:08:19,498] Trial 194 finished with value: 6.560269285589084 and parameters: {'model_name': 'SimpleImputer', 'strategy': 'constant'}. Best is trial 6 with value: 2.3221009143279607.
[I 2023-11-22 20:08:19,679] Trial 177 finished with value: 2.3221009143279607 and parameters: {'model_name': 'SimpleImputer', 'strategy': 'mean'}. Best is trial 6 with value: 2.3221009143279607.
[I 2023-11-22 20:08:19,910] Trial 176 finished with value: 2.3221009143279607 and parameters: {'model_name': 'SimpleImputer', 'strategy': 'mean'}. Best is trial 6 with value: 2.3221009143279607.
[I 2023-11-22 20:08:20,109] Trial 189 finished with value: 6.560269285589084 and parameters: {'model_name': 'SimpleImputer', 'strategy': 'constant'}. Best is trial 6 with value: 2.3221009143279607.
[I 2023-11-22 20:08:20,281] Trial 180 finished with value: 2.3221009143279607 and parameters: {'model_name': 'SimpleImputer', 'strategy': 'mean'}. Best is trial 6 with value: 2.3221009143279607.
[I 2023-11-22 20:08:20,478] Trial 186 finished with value: 6.560269285589084 and parameters: {'model_name': 'SimpleImputer', 'strategy': 'constant'}. Best is trial 6 with value: 2.3221009143279607.
[I 2023-11-22 20:08:20,646] Trial 190 finished with value: 6.560269285589084 and parameters: {'model_name': 'SimpleImputer', 'strategy': 'constant'}. Best is trial 6 with value: 2.3221009143279607.
[I 2023-11-22 20:08:20,846] Trial 184 finished with value: 2.3221009143279607 and parameters: {'model_name': 'SimpleImputer', 'strategy': 'mean'}. Best is trial 6 with value: 2.3221009143279607.
[I 2023-11-22 20:08:21,022] Trial 199 finished with value: 6.560269285589084 and parameters: {'model_name': 'SimpleImputer', 'strategy': 'constant'}. Best is trial 6 with value: 2.3221009143279607.
[I 2023-11-22 20:08:21,276] Trial 102 finished with value: 2.4846447434420242 and parameters: {'model_name': 'SimpleImputer', 'strategy': 'most_frequent'}. Best is trial 6 with value: 2.3221009143279607.
[I 2023-11-22 20:08:21,504] Trial 192 finished with value: 6.560269285589084 and parameters: {'model_name': 'SimpleImputer', 'strategy': 'constant'}. Best is trial 6 with value: 2.3221009143279607.
[I 2023-11-22 20:08:21,676] Trial 185 finished with value: 2.3221009143279607 and parameters: {'model_name': 'SimpleImputer', 'strategy': 'mean'}. Best is trial 6 with value: 2.3221009143279607.
[I 2023-11-22 20:08:21,907] Trial 196 finished with value: 6.560269285589084 and parameters: {'model_name': 'SimpleImputer', 'strategy': 'constant'}. Best is trial 6 with value: 2.3221009143279607.
[I 2023-11-22 20:08:22,083] Trial 198 finished with value: 6.560269285589084 and parameters: {'model_name': 'SimpleImputer', 'strategy': 'constant'}. Best is trial 6 with value: 2.3221009143279607.
[I 2023-11-22 20:08:22,325] Trial 188 finished with value: 6.560269285589084 and parameters: {'model_name': 'SimpleImputer', 'strategy': 'constant'}. Best is trial 6 with value: 2.3221009143279607.
[I 2023-11-22 20:08:22,547] Trial 183 finished with value: 2.3221009143279607 and parameters: {'model_name': 'SimpleImputer', 'strategy': 'mean'}. Best is trial 6 with value: 2.3221009143279607.
[I 2023-11-22 20:08:22,765] Trial 191 finished with value: 2.3221009143279607 and parameters: {'model_name': 'SimpleImputer', 'strategy': 'mean'}. Best is trial 6 with value: 2.3221009143279607.
[I 2023-11-22 20:08:22,990] Trial 193 finished with value: 2.3221009143279607 and parameters: {'model_name': 'SimpleImputer', 'strategy': 'mean'}. Best is trial 6 with value: 2.3221009143279607.
[I 2023-11-22 20:08:23,161] Trial 175 finished with value: 2.3221009143279607 and parameters: {'model_name': 'SimpleImputer', 'strategy': 'mean'}. Best is trial 6 with value: 2.3221009143279607.
[I 2023-11-22 20:08:23,399] Trial 195 finished with value: 6.560269285589084 and parameters: {'model_name': 'SimpleImputer', 'strategy': 'constant'}. Best is trial 6 with value: 2.3221009143279607.
[I 2023-11-22 20:08:23,625] Trial 187 finished with value: 2.3221009143279607 and parameters: {'model_name': 'SimpleImputer', 'strategy': 'mean'}. Best is trial 6 with value: 2.3221009143279607.
[I 2023-11-22 20:08:23,799] Trial 197 finished with value: 2.3221009143279607 and parameters: {'model_name': 'SimpleImputer', 'strategy': 'mean'}. Best is trial 6 with value: 2.3221009143279607.
simple fit
simple transform
[I 2023-11-22 20:08:29,908] A new study created in memory with name: no-name-d58eba62-947f-48e6-85a3-40e1b244f378
  0%|          | 0/200 [00:00<?, ?it/s]                                       [W 2023-11-22 20:08:29,918] Trial 2 failed with parameters: {'model_name': 'IterativeImputer', 'estimator': 'Ridge', 'sample_posterior': True, 'initial_strategy': 'constant', 'imputation_order': 'roman'} because of the following error: TypeError("SimpleImputer.__init__() got an unexpected keyword argument 'estimator'").
Traceback (most recent call last):
  File "/home/ketrong/miniconda3/envs/tpot2devenv/lib/python3.10/site-packages/optuna/study/_optimize.py", line 200, in _run_trial
    value_or_values = func(trial)
  File "/common/ketrong/AutoImputeExp/tpot2_imputetest/Impute_Experiments/autoimpute.py", line 57, in obj
    my_model = autoutils.MyModel(random_state = self.random_state, **my_params)
  File "/common/ketrong/AutoImputeExp/tpot2_imputetest/Impute_Experiments/autoutils.py", line 34, in MyModel
    this_model = SimpleImputer(
TypeError: SimpleImputer.__init__() got an unexpected keyword argument 'estimator'
  0%|          | 0/200 [00:00<?, ?it/s]                                       [W 2023-11-22 20:08:29,936] Trial 2 failed with value None.
  0%|          | 0/200 [00:00<?, ?it/s][W 2023-11-22 20:08:30,148] Trial 3 failed with parameters: {'model_name': 'IterativeImputer', 'estimator': 'KNN', 'sample_posterior': True, 'initial_strategy': 'median', 'imputation_order': 'random'} because of the following error: TypeError("SimpleImputer.__init__() got an unexpected keyword argument 'estimator'").
Traceback (most recent call last):
  File "/home/ketrong/miniconda3/envs/tpot2devenv/lib/python3.10/site-packages/optuna/study/_optimize.py", line 200, in _run_trial
    value_or_values = func(trial)
  File "/common/ketrong/AutoImputeExp/tpot2_imputetest/Impute_Experiments/autoimpute.py", line 57, in obj
    my_model = autoutils.MyModel(random_state = self.random_state, **my_params)
  File "/common/ketrong/AutoImputeExp/tpot2_imputetest/Impute_Experiments/autoutils.py", line 34, in MyModel
    this_model = SimpleImputer(
TypeError: SimpleImputer.__init__() got an unexpected keyword argument 'estimator'
                                         0%|          | 0/200 [00:00<?, ?it/s]                                         0%|          | 0/200 [00:00<?, ?it/s][W 2023-11-22 20:08:30,152] Trial 3 failed with value None.
                                       [W 2023-11-22 20:08:30,638] Trial 21 failed with parameters: {'model_name': 'KNNImputer', 'weights': 'uniform', 'keep_empty_features': False} because of the following error: TypeError("SimpleImputer.__init__() got an unexpected keyword argument 'n_neighbors'").
Traceback (most recent call last):
  File "/home/ketrong/miniconda3/envs/tpot2devenv/lib/python3.10/site-packages/optuna/study/_optimize.py", line 200, in _run_trial
    value_or_values = func(trial)
  File "/common/ketrong/AutoImputeExp/tpot2_imputetest/Impute_Experiments/autoimpute.py", line 57, in obj
    my_model = autoutils.MyModel(random_state = self.random_state, **my_params)
  File "/common/ketrong/AutoImputeExp/tpot2_imputetest/Impute_Experiments/autoutils.py", line 34, in MyModel
    this_model = SimpleImputer(
TypeError: SimpleImputer.__init__() got an unexpected keyword argument 'n_neighbors'
  0%|          | 0/200 [00:00<?, ?it/s][W 2023-11-22 20:08:30,643] Trial 21 failed with value None.
                                         0%|          | 0/200 [00:00<?, ?it/s]                                       [W 2023-11-22 20:08:30,839] Trial 14 failed with parameters: {'model_name': 'KNNImputer', 'weights': 'distance', 'keep_empty_features': False} because of the following error: TypeError("SimpleImputer.__init__() got an unexpected keyword argument 'n_neighbors'").
Traceback (most recent call last):
  File "/home/ketrong/miniconda3/envs/tpot2devenv/lib/python3.10/site-packages/optuna/study/_optimize.py", line 200, in _run_trial
    value_or_values = func(trial)
  File "/common/ketrong/AutoImputeExp/tpot2_imputetest/Impute_Experiments/autoimpute.py", line 57, in obj
    my_model = autoutils.MyModel(random_state = self.random_state, **my_params)
  File "/common/ketrong/AutoImputeExp/tpot2_imputetest/Impute_Experiments/autoutils.py", line 34, in MyModel
    this_model = SimpleImputer(
TypeError: SimpleImputer.__init__() got an unexpected keyword argument 'n_neighbors'
  0%|          | 0/200 [00:00<?, ?it/s]                                         0%|          | 0/200 [00:00<?, ?it/s][W 2023-11-22 20:08:30,840] Trial 14 failed with value None.
[W 2023-11-22 20:08:31,029] Trial 9 failed with parameters: {'model_name': 'IterativeImputer', 'estimator': 'KNN', 'sample_posterior': False, 'initial_strategy': 'constant', 'imputation_order': 'random'} because of the following error: TypeError("SimpleImputer.__init__() got an unexpected keyword argument 'estimator'").
Traceback (most recent call last):
  File "/home/ketrong/miniconda3/envs/tpot2devenv/lib/python3.10/site-packages/optuna/study/_optimize.py", line 200, in _run_trial
    value_or_values = func(trial)
  File "/common/ketrong/AutoImputeExp/tpot2_imputetest/Impute_Experiments/autoimpute.py", line 57, in obj
    my_model = autoutils.MyModel(random_state = self.random_state, **my_params)
  File "/common/ketrong/AutoImputeExp/tpot2_imputetest/Impute_Experiments/autoutils.py", line 34, in MyModel
    this_model = SimpleImputer(
TypeError: SimpleImputer.__init__() got an unexpected keyword argument 'estimator'
                                         0%|          | 0/200 [00:01<?, ?it/s]                                       [W 2023-11-22 20:08:31,031] Trial 9 failed with value None.
  0%|          | 0/200 [00:01<?, ?it/s]                                       [W 2023-11-22 20:08:31,269] Trial 43 failed with parameters: {'model_name': 'KNNImputer', 'weights': 'distance', 'keep_empty_features': False} because of the following error: TypeError("SimpleImputer.__init__() got an unexpected keyword argument 'n_neighbors'").
Traceback (most recent call last):
  File "/home/ketrong/miniconda3/envs/tpot2devenv/lib/python3.10/site-packages/optuna/study/_optimize.py", line 200, in _run_trial
    value_or_values = func(trial)
  File "/common/ketrong/AutoImputeExp/tpot2_imputetest/Impute_Experiments/autoimpute.py", line 57, in obj
    my_model = autoutils.MyModel(random_state = self.random_state, **my_params)
  File "/common/ketrong/AutoImputeExp/tpot2_imputetest/Impute_Experiments/autoutils.py", line 34, in MyModel
    this_model = SimpleImputer(
TypeError: SimpleImputer.__init__() got an unexpected keyword argument 'n_neighbors'
  0%|          | 0/200 [00:01<?, ?it/s]                                       [W 2023-11-22 20:08:31,270] Trial 43 failed with value None.
  0%|          | 0/200 [00:01<?, ?it/s]                                       [W 2023-11-22 20:08:31,440] Trial 29 failed with parameters: {'model_name': 'KNNImputer', 'weights': 'distance', 'keep_empty_features': False} because of the following error: TypeError("SimpleImputer.__init__() got an unexpected keyword argument 'n_neighbors'").
Traceback (most recent call last):
  File "/home/ketrong/miniconda3/envs/tpot2devenv/lib/python3.10/site-packages/optuna/study/_optimize.py", line 200, in _run_trial
    value_or_values = func(trial)
  File "/common/ketrong/AutoImputeExp/tpot2_imputetest/Impute_Experiments/autoimpute.py", line 57, in obj
    my_model = autoutils.MyModel(random_state = self.random_state, **my_params)
  File "/common/ketrong/AutoImputeExp/tpot2_imputetest/Impute_Experiments/autoutils.py", line 34, in MyModel
    this_model = SimpleImputer(
TypeError: SimpleImputer.__init__() got an unexpected keyword argument 'n_neighbors'
  0%|          | 0/200 [00:01<?, ?it/s]                                       [W 2023-11-22 20:08:31,444] Trial 29 failed with value None.
  0%|          | 0/200 [00:01<?, ?it/s]                                       [W 2023-11-22 20:08:31,663] Trial 17 failed with parameters: {'model_name': 'KNNImputer', 'weights': 'distance', 'keep_empty_features': False} because of the following error: TypeError("SimpleImputer.__init__() got an unexpected keyword argument 'n_neighbors'").
Traceback (most recent call last):
  File "/home/ketrong/miniconda3/envs/tpot2devenv/lib/python3.10/site-packages/optuna/study/_optimize.py", line 200, in _run_trial
    value_or_values = func(trial)
  File "/common/ketrong/AutoImputeExp/tpot2_imputetest/Impute_Experiments/autoimpute.py", line 57, in obj
    my_model = autoutils.MyModel(random_state = self.random_state, **my_params)
  File "/common/ketrong/AutoImputeExp/tpot2_imputetest/Impute_Experiments/autoutils.py", line 34, in MyModel
    this_model = SimpleImputer(
TypeError: SimpleImputer.__init__() got an unexpected keyword argument 'n_neighbors'
  0%|          | 0/200 [00:01<?, ?it/s]                                       [W 2023-11-22 20:08:31,666] Trial 17 failed with value None.
  0%|          | 0/200 [00:01<?, ?it/s][W 2023-11-22 20:08:31,666] Trial 10 failed with parameters: {'model_name': 'GAIN', 'batch_size': 44, 'hint_rate': 0.3371113115552132, 'alpha': 73, 'iterations': 6666} because of the following error: TypeError("SimpleImputer.__init__() got an unexpected keyword argument 'batch_size'").
Traceback (most recent call last):
  File "/home/ketrong/miniconda3/envs/tpot2devenv/lib/python3.10/site-packages/optuna/study/_optimize.py", line 200, in _run_trial
    value_or_values = func(trial)
  File "/common/ketrong/AutoImputeExp/tpot2_imputetest/Impute_Experiments/autoimpute.py", line 57, in obj
    my_model = autoutils.MyModel(random_state = self.random_state, **my_params)
  File "/common/ketrong/AutoImputeExp/tpot2_imputetest/Impute_Experiments/autoutils.py", line 34, in MyModel
    this_model = SimpleImputer(
TypeError: SimpleImputer.__init__() got an unexpected keyword argument 'batch_size'
                                         0%|          | 0/200 [00:01<?, ?it/s]                                       [W 2023-11-22 20:08:31,862] Trial 10 failed with value None.
  0%|          | 0/200 [00:01<?, ?it/s][W 2023-11-22 20:08:31,683] Trial 15 failed with parameters: {'model_name': 'GAIN', 'batch_size': 344, 'hint_rate': 0.014783430387021838, 'alpha': 76, 'iterations': 45262} because of the following error: TypeError("SimpleImputer.__init__() got an unexpected keyword argument 'batch_size'").
Traceback (most recent call last):
  File "/home/ketrong/miniconda3/envs/tpot2devenv/lib/python3.10/site-packages/optuna/study/_optimize.py", line 200, in _run_trial
    value_or_values = func(trial)
  File "/common/ketrong/AutoImputeExp/tpot2_imputetest/Impute_Experiments/autoimpute.py", line 57, in obj
    my_model = autoutils.MyModel(random_state = self.random_state, **my_params)
  File "/common/ketrong/AutoImputeExp/tpot2_imputetest/Impute_Experiments/autoutils.py", line 34, in MyModel
    this_model = SimpleImputer(
TypeError: SimpleImputer.__init__() got an unexpected keyword argument 'batch_size'
                                         0%|          | 0/200 [00:02<?, ?it/s]                                       [W 2023-11-22 20:08:32,029] Trial 15 failed with value None.
  0%|          | 0/200 [00:02<?, ?it/s][I 2023-11-22 20:08:32,230] Trial 5 finished with value: 2.354732743906972 and parameters: {'model_name': 'SimpleImputer', 'strategy': 'mean'}. Best is trial 5 with value: 2.354732743906972.
                                         0%|          | 0/200 [00:02<?, ?it/s]Best trial: 5. Best value: 2.35473:   0%|          | 0/200 [00:02<?, ?it/s]Best trial: 5. Best value: 2.35473:   0%|          | 1/200 [00:02<08:14,  2.49s/it][I 2023-11-22 20:08:32,418] Trial 20 finished with value: 6.662601810506205 and parameters: {'model_name': 'SimpleImputer', 'strategy': 'constant'}. Best is trial 5 with value: 2.354732743906972.
                                                                                   Best trial: 5. Best value: 2.35473:   0%|          | 1/200 [00:02<08:14,  2.49s/it]Best trial: 5. Best value: 2.35473:   0%|          | 1/200 [00:02<08:14,  2.49s/it]Best trial: 5. Best value: 2.35473:   1%|          | 2/200 [00:02<03:44,  1.14s/it][W 2023-11-22 20:08:32,678] Trial 32 failed with parameters: {'model_name': 'KNNImputer', 'weights': 'distance', 'keep_empty_features': True} because of the following error: TypeError("SimpleImputer.__init__() got an unexpected keyword argument 'n_neighbors'").
Traceback (most recent call last):
  File "/home/ketrong/miniconda3/envs/tpot2devenv/lib/python3.10/site-packages/optuna/study/_optimize.py", line 200, in _run_trial
    value_or_values = func(trial)
  File "/common/ketrong/AutoImputeExp/tpot2_imputetest/Impute_Experiments/autoimpute.py", line 57, in obj
    my_model = autoutils.MyModel(random_state = self.random_state, **my_params)
  File "/common/ketrong/AutoImputeExp/tpot2_imputetest/Impute_Experiments/autoutils.py", line 34, in MyModel
    this_model = SimpleImputer(
TypeError: SimpleImputer.__init__() got an unexpected keyword argument 'n_neighbors'
                                                                                   Best trial: 5. Best value: 2.35473:   1%|          | 2/200 [00:02<03:44,  1.14s/it]                                                                                   Best trial: 5. Best value: 2.35473:   1%|          | 2/200 [00:02<03:44,  1.14s/it][W 2023-11-22 20:08:32,678] Trial 32 failed with value None.
[I 2023-11-22 20:08:32,943] Trial 0 finished with value: 2.354732743906972 and parameters: {'model_name': 'SimpleImputer', 'strategy': 'mean'}. Best is trial 5 with value: 2.354732743906972.
                                                                                   Best trial: 5. Best value: 2.35473:   1%|          | 2/200 [00:03<03:44,  1.14s/it]Best trial: 5. Best value: 2.35473:   1%|          | 2/200 [00:03<03:44,  1.14s/it]Best trial: 5. Best value: 2.35473:   2%|         | 3/200 [00:03<02:50,  1.15it/s][W 2023-11-22 20:08:33,182] Trial 18 failed with parameters: {'model_name': 'IterativeImputer', 'estimator': 'Bayesian', 'sample_posterior': True, 'initial_strategy': 'constant', 'imputation_order': 'random'} because of the following error: TypeError("SimpleImputer.__init__() got an unexpected keyword argument 'estimator'").
Traceback (most recent call last):
  File "/home/ketrong/miniconda3/envs/tpot2devenv/lib/python3.10/site-packages/optuna/study/_optimize.py", line 200, in _run_trial
    value_or_values = func(trial)
  File "/common/ketrong/AutoImputeExp/tpot2_imputetest/Impute_Experiments/autoimpute.py", line 57, in obj
    my_model = autoutils.MyModel(random_state = self.random_state, **my_params)
  File "/common/ketrong/AutoImputeExp/tpot2_imputetest/Impute_Experiments/autoutils.py", line 34, in MyModel
    this_model = SimpleImputer(
TypeError: SimpleImputer.__init__() got an unexpected keyword argument 'estimator'
                                                                                   Best trial: 5. Best value: 2.35473:   2%|         | 3/200 [00:03<02:50,  1.15it/s]                                                                                   [W 2023-11-22 20:08:33,182] Trial 18 failed with value None.
Best trial: 5. Best value: 2.35473:   2%|         | 3/200 [00:03<02:50,  1.15it/s][W 2023-11-22 20:08:33,456] Trial 44 failed with parameters: {'model_name': 'KNNImputer', 'weights': 'distance', 'keep_empty_features': False} because of the following error: TypeError("SimpleImputer.__init__() got an unexpected keyword argument 'n_neighbors'").
Traceback (most recent call last):
  File "/home/ketrong/miniconda3/envs/tpot2devenv/lib/python3.10/site-packages/optuna/study/_optimize.py", line 200, in _run_trial
    value_or_values = func(trial)
  File "/common/ketrong/AutoImputeExp/tpot2_imputetest/Impute_Experiments/autoimpute.py", line 57, in obj
    my_model = autoutils.MyModel(random_state = self.random_state, **my_params)
  File "/common/ketrong/AutoImputeExp/tpot2_imputetest/Impute_Experiments/autoutils.py", line 34, in MyModel
    this_model = SimpleImputer(
TypeError: SimpleImputer.__init__() got an unexpected keyword argument 'n_neighbors'                                                                                   
Best trial: 5. Best value: 2.35473:   2%|         | 3/200 [00:03<02:50,  1.15it/s][W 2023-11-22 20:08:33,459] Trial 44 failed with value None.
                                                                                   Best trial: 5. Best value: 2.35473:   2%|         | 3/200 [00:03<02:50,  1.15it/s][W 2023-11-22 20:08:33,635] Trial 4 failed with parameters: {'model_name': 'RandomForestImputer', 'max_iter': 3, 'decreasing': False, 'min_samples_split': 0.4, 'min_samples_leaf': 0.1, 'max_features': 0.6000000000000001, 'bootstrap': False, 'oob_score': False, 'warm_start': True} because of the following error: TypeError("SimpleImputer.__init__() got an unexpected keyword argument 'max_iter'").
Traceback (most recent call last):
  File "/home/ketrong/miniconda3/envs/tpot2devenv/lib/python3.10/site-packages/optuna/study/_optimize.py", line 200, in _run_trial
    value_or_values = func(trial)
  File "/common/ketrong/AutoImputeExp/tpot2_imputetest/Impute_Experiments/autoimpute.py", line 57, in obj
    my_model = autoutils.MyModel(random_state = self.random_state, **my_params)
  File "/common/ketrong/AutoImputeExp/tpot2_imputetest/Impute_Experiments/autoutils.py", line 34, in MyModel
    this_model = SimpleImputer(
TypeError: SimpleImputer.__init__() got an unexpected keyword argument 'max_iter'
                                                                                   Best trial: 5. Best value: 2.35473:   2%|         | 3/200 [00:03<02:50,  1.15it/s]                                                                                   [W 2023-11-22 20:08:33,640] Trial 4 failed with value None.
Best trial: 5. Best value: 2.35473:   2%|         | 3/200 [00:03<02:50,  1.15it/s][W 2023-11-22 20:08:33,832] Trial 25 failed with parameters: {'model_name': 'GAIN', 'batch_size': 1, 'hint_rate': 0.0012160468338241412, 'alpha': 36, 'iterations': 64179} because of the following error: TypeError("SimpleImputer.__init__() got an unexpected keyword argument 'batch_size'").
Traceback (most recent call last):
  File "/home/ketrong/miniconda3/envs/tpot2devenv/lib/python3.10/site-packages/optuna/study/_optimize.py", line 200, in _run_trial
    value_or_values = func(trial)
  File "/common/ketrong/AutoImputeExp/tpot2_imputetest/Impute_Experiments/autoimpute.py", line 57, in obj
    my_model = autoutils.MyModel(random_state = self.random_state, **my_params)
  File "/common/ketrong/AutoImputeExp/tpot2_imputetest/Impute_Experiments/autoutils.py", line 34, in MyModel
    this_model = SimpleImputer(
TypeError: SimpleImputer.__init__() got an unexpected keyword argument 'batch_size'
                                                                                   Best trial: 5. Best value: 2.35473:   2%|         | 3/200 [00:03<02:50,  1.15it/s]                                                                                   Best trial: 5. Best value: 2.35473:   2%|         | 3/200 [00:03<02:50,  1.15it/s][W 2023-11-22 20:08:33,833] Trial 25 failed with value None.
                                                                                   [W 2023-11-22 20:08:34,081] Trial 38 failed with parameters: {'model_name': 'GAIN', 'batch_size': 946, 'hint_rate': 0.0011727097387978435, 'alpha': 41, 'iterations': 15984} because of the following error: TypeError("SimpleImputer.__init__() got an unexpected keyword argument 'batch_size'").
Traceback (most recent call last):
  File "/home/ketrong/miniconda3/envs/tpot2devenv/lib/python3.10/site-packages/optuna/study/_optimize.py", line 200, in _run_trial
    value_or_values = func(trial)
  File "/common/ketrong/AutoImputeExp/tpot2_imputetest/Impute_Experiments/autoimpute.py", line 57, in obj
    my_model = autoutils.MyModel(random_state = self.random_state, **my_params)
  File "/common/ketrong/AutoImputeExp/tpot2_imputetest/Impute_Experiments/autoutils.py", line 34, in MyModel
    this_model = SimpleImputer(
TypeError: SimpleImputer.__init__() got an unexpected keyword argument 'batch_size'
Best trial: 5. Best value: 2.35473:   2%|         | 3/200 [00:04<02:50,  1.15it/s]                                                                                   [W 2023-11-22 20:08:34,087] Trial 38 failed with value None.
Best trial: 5. Best value: 2.35473:   2%|         | 3/200 [00:04<02:50,  1.15it/s][W 2023-11-22 20:08:34,263] Trial 41 failed with parameters: {'model_name': 'IterativeImputer', 'estimator': 'RFR', 'sample_posterior': True, 'initial_strategy': 'median', 'imputation_order': 'roman'} because of the following error: TypeError("SimpleImputer.__init__() got an unexpected keyword argument 'estimator'").
Traceback (most recent call last):
  File "/home/ketrong/miniconda3/envs/tpot2devenv/lib/python3.10/site-packages/optuna/study/_optimize.py", line 200, in _run_trial
    value_or_values = func(trial)
  File "/common/ketrong/AutoImputeExp/tpot2_imputetest/Impute_Experiments/autoimpute.py", line 57, in obj
    my_model = autoutils.MyModel(random_state = self.random_state, **my_params)
  File "/common/ketrong/AutoImputeExp/tpot2_imputetest/Impute_Experiments/autoutils.py", line 34, in MyModel
    this_model = SimpleImputer(
TypeError: SimpleImputer.__init__() got an unexpected keyword argument 'estimator'
                                                                                   Best trial: 5. Best value: 2.35473:   2%|         | 3/200 [00:04<02:50,  1.15it/s]                                                                                   [W 2023-11-22 20:08:34,267] Trial 41 failed with value None.
Best trial: 5. Best value: 2.35473:   2%|         | 3/200 [00:04<02:50,  1.15it/s][W 2023-11-22 20:08:34,435] Trial 45 failed with parameters: {'model_name': 'KNNImputer', 'weights': 'uniform', 'keep_empty_features': False} because of the following error: TypeError("SimpleImputer.__init__() got an unexpected keyword argument 'n_neighbors'").
Traceback (most recent call last):
  File "/home/ketrong/miniconda3/envs/tpot2devenv/lib/python3.10/site-packages/optuna/study/_optimize.py", line 200, in _run_trial
    value_or_values = func(trial)
  File "/common/ketrong/AutoImputeExp/tpot2_imputetest/Impute_Experiments/autoimpute.py", line 57, in obj
    my_model = autoutils.MyModel(random_state = self.random_state, **my_params)
  File "/common/ketrong/AutoImputeExp/tpot2_imputetest/Impute_Experiments/autoutils.py", line 34, in MyModel
    this_model = SimpleImputer(
TypeError: SimpleImputer.__init__() got an unexpected keyword argument 'n_neighbors'
                                                                                   Best trial: 5. Best value: 2.35473:   2%|         | 3/200 [00:04<02:50,  1.15it/s]                                                                                   [W 2023-11-22 20:08:34,442] Trial 45 failed with value None.
Best trial: 5. Best value: 2.35473:   2%|         | 3/200 [00:04<02:50,  1.15it/s]                                                                                   [W 2023-11-22 20:08:34,608] Trial 23 failed with parameters: {'model_name': 'GAIN', 'batch_size': 54, 'hint_rate': 0.018411100294850727, 'alpha': 21, 'iterations': 102} because of the following error: TypeError("SimpleImputer.__init__() got an unexpected keyword argument 'batch_size'").
Traceback (most recent call last):
  File "/home/ketrong/miniconda3/envs/tpot2devenv/lib/python3.10/site-packages/optuna/study/_optimize.py", line 200, in _run_trial
    value_or_values = func(trial)
  File "/common/ketrong/AutoImputeExp/tpot2_imputetest/Impute_Experiments/autoimpute.py", line 57, in obj
    my_model = autoutils.MyModel(random_state = self.random_state, **my_params)
  File "/common/ketrong/AutoImputeExp/tpot2_imputetest/Impute_Experiments/autoutils.py", line 34, in MyModel
    this_model = SimpleImputer(
TypeError: SimpleImputer.__init__() got an unexpected keyword argument 'batch_size'
Best trial: 5. Best value: 2.35473:   2%|         | 3/200 [00:04<02:50,  1.15it/s][W 2023-11-22 20:08:34,619] Trial 23 failed with value None.
                                                                                   Best trial: 5. Best value: 2.35473:   2%|         | 3/200 [00:04<02:50,  1.15it/s]                                                                                   [W 2023-11-22 20:08:34,865] Trial 36 failed with parameters: {'model_name': 'IterativeImputer', 'estimator': 'RFR', 'sample_posterior': False, 'initial_strategy': 'mean', 'imputation_order': 'ascending'} because of the following error: TypeError("SimpleImputer.__init__() got an unexpected keyword argument 'estimator'").
Traceback (most recent call last):
  File "/home/ketrong/miniconda3/envs/tpot2devenv/lib/python3.10/site-packages/optuna/study/_optimize.py", line 200, in _run_trial
    value_or_values = func(trial)
  File "/common/ketrong/AutoImputeExp/tpot2_imputetest/Impute_Experiments/autoimpute.py", line 57, in obj
    my_model = autoutils.MyModel(random_state = self.random_state, **my_params)
  File "/common/ketrong/AutoImputeExp/tpot2_imputetest/Impute_Experiments/autoutils.py", line 34, in MyModel
    this_model = SimpleImputer(
TypeError: SimpleImputer.__init__() got an unexpected keyword argument 'estimator'
Best trial: 5. Best value: 2.35473:   2%|         | 3/200 [00:04<02:50,  1.15it/s][W 2023-11-22 20:08:34,866] Trial 36 failed with value None.
                                                                                   Best trial: 5. Best value: 2.35473:   2%|         | 3/200 [00:04<02:50,  1.15it/s][W 2023-11-22 20:08:35,050] Trial 39 failed with parameters: {'model_name': 'IterativeImputer', 'estimator': 'Ridge', 'sample_posterior': True, 'initial_strategy': 'median', 'imputation_order': 'descending'} because of the following error: TypeError("SimpleImputer.__init__() got an unexpected keyword argument 'estimator'").
Traceback (most recent call last):
  File "/home/ketrong/miniconda3/envs/tpot2devenv/lib/python3.10/site-packages/optuna/study/_optimize.py", line 200, in _run_trial
    value_or_values = func(trial)
  File "/common/ketrong/AutoImputeExp/tpot2_imputetest/Impute_Experiments/autoimpute.py", line 57, in obj
    my_model = autoutils.MyModel(random_state = self.random_state, **my_params)
  File "/common/ketrong/AutoImputeExp/tpot2_imputetest/Impute_Experiments/autoutils.py", line 34, in MyModel
    this_model = SimpleImputer(
TypeError: SimpleImputer.__init__() got an unexpected keyword argument 'estimator'
[W 2023-11-22 20:08:35,052] Trial 39 failed with value None.
                                                                                   Best trial: 5. Best value: 2.35473:   2%|         | 3/200 [00:05<02:50,  1.15it/s]                                                                                   Best trial: 5. Best value: 2.35473:   2%|         | 3/200 [00:05<02:50,  1.15it/s]                                                                                   [W 2023-11-22 20:08:35,216] Trial 7 failed with parameters: {'model_name': 'RandomForestImputer', 'max_iter': 19, 'decreasing': False, 'min_samples_split': 0.7000000000000001, 'min_samples_leaf': 0.5, 'max_features': 0.4, 'bootstrap': True, 'oob_score': False, 'warm_start': True} because of the following error: TypeError("SimpleImputer.__init__() got an unexpected keyword argument 'max_iter'").
Traceback (most recent call last):
  File "/home/ketrong/miniconda3/envs/tpot2devenv/lib/python3.10/site-packages/optuna/study/_optimize.py", line 200, in _run_trial
    value_or_values = func(trial)
  File "/common/ketrong/AutoImputeExp/tpot2_imputetest/Impute_Experiments/autoimpute.py", line 57, in obj
    my_model = autoutils.MyModel(random_state = self.random_state, **my_params)
  File "/common/ketrong/AutoImputeExp/tpot2_imputetest/Impute_Experiments/autoutils.py", line 34, in MyModel
    this_model = SimpleImputer(
TypeError: SimpleImputer.__init__() got an unexpected keyword argument 'max_iter'
Best trial: 5. Best value: 2.35473:   2%|         | 3/200 [00:05<02:50,  1.15it/s]                                                                                   [W 2023-11-22 20:08:35,218] Trial 7 failed with value None.
Best trial: 5. Best value: 2.35473:   2%|         | 3/200 [00:05<02:50,  1.15it/s]                                                                                   [W 2023-11-22 20:08:35,418] Trial 31 failed with parameters: {'model_name': 'RandomForestImputer', 'max_iter': 4, 'decreasing': True, 'min_samples_split': 0.8, 'min_samples_leaf': 0.5, 'max_features': 0.5, 'bootstrap': True, 'oob_score': True, 'warm_start': False} because of the following error: TypeError("SimpleImputer.__init__() got an unexpected keyword argument 'max_iter'").
Traceback (most recent call last):
  File "/home/ketrong/miniconda3/envs/tpot2devenv/lib/python3.10/site-packages/optuna/study/_optimize.py", line 200, in _run_trial
    value_or_values = func(trial)
  File "/common/ketrong/AutoImputeExp/tpot2_imputetest/Impute_Experiments/autoimpute.py", line 57, in obj
    my_model = autoutils.MyModel(random_state = self.random_state, **my_params)
  File "/common/ketrong/AutoImputeExp/tpot2_imputetest/Impute_Experiments/autoutils.py", line 34, in MyModel
    this_model = SimpleImputer(
TypeError: SimpleImputer.__init__() got an unexpected keyword argument 'max_iter'
Best trial: 5. Best value: 2.35473:   2%|         | 3/200 [00:05<02:50,  1.15it/s]                                                                                   [W 2023-11-22 20:08:35,419] Trial 31 failed with value None.
Best trial: 5. Best value: 2.35473:   2%|         | 3/200 [00:05<02:50,  1.15it/s]                                                                                   [W 2023-11-22 20:08:35,582] Trial 33 failed with parameters: {'model_name': 'IterativeImputer', 'estimator': 'Ridge', 'sample_posterior': False, 'initial_strategy': 'median', 'imputation_order': 'roman'} because of the following error: TypeError("SimpleImputer.__init__() got an unexpected keyword argument 'estimator'").
Traceback (most recent call last):
  File "/home/ketrong/miniconda3/envs/tpot2devenv/lib/python3.10/site-packages/optuna/study/_optimize.py", line 200, in _run_trial
    value_or_values = func(trial)
  File "/common/ketrong/AutoImputeExp/tpot2_imputetest/Impute_Experiments/autoimpute.py", line 57, in obj
    my_model = autoutils.MyModel(random_state = self.random_state, **my_params)
  File "/common/ketrong/AutoImputeExp/tpot2_imputetest/Impute_Experiments/autoutils.py", line 34, in MyModel
    this_model = SimpleImputer(
TypeError: SimpleImputer.__init__() got an unexpected keyword argument 'estimator'
Best trial: 5. Best value: 2.35473:   2%|         | 3/200 [00:05<02:50,  1.15it/s]                                                                                   [W 2023-11-22 20:08:35,584] Trial 33 failed with value None.
Best trial: 5. Best value: 2.35473:   2%|         | 3/200 [00:05<02:50,  1.15it/s][W 2023-11-22 20:08:35,757] Trial 35 failed with parameters: {'model_name': 'IterativeImputer', 'estimator': 'Ridge', 'sample_posterior': True, 'initial_strategy': 'mean', 'imputation_order': 'random'} because of the following error: TypeError("SimpleImputer.__init__() got an unexpected keyword argument 'estimator'").
Traceback (most recent call last):
  File "/home/ketrong/miniconda3/envs/tpot2devenv/lib/python3.10/site-packages/optuna/study/_optimize.py", line 200, in _run_trial
    value_or_values = func(trial)
  File "/common/ketrong/AutoImputeExp/tpot2_imputetest/Impute_Experiments/autoimpute.py", line 57, in obj
    my_model = autoutils.MyModel(random_state = self.random_state, **my_params)
  File "/common/ketrong/AutoImputeExp/tpot2_imputetest/Impute_Experiments/autoutils.py", line 34, in MyModel
    this_model = SimpleImputer(
TypeError: SimpleImputer.__init__() got an unexpected keyword argument 'estimator'
                                                                                   Best trial: 5. Best value: 2.35473:   2%|         | 3/200 [00:05<02:50,  1.15it/s]                                                                                   [W 2023-11-22 20:08:35,757] Trial 35 failed with value None.
Best trial: 5. Best value: 2.35473:   2%|         | 3/200 [00:05<02:50,  1.15it/s]                                                                                   [W 2023-11-22 20:08:35,941] Trial 47 failed with parameters: {'model_name': 'GAIN', 'batch_size': 1, 'hint_rate': 0.7404652109502684, 'alpha': 29, 'iterations': 139} because of the following error: TypeError("SimpleImputer.__init__() got an unexpected keyword argument 'batch_size'").
Traceback (most recent call last):
  File "/home/ketrong/miniconda3/envs/tpot2devenv/lib/python3.10/site-packages/optuna/study/_optimize.py", line 200, in _run_trial
    value_or_values = func(trial)
  File "/common/ketrong/AutoImputeExp/tpot2_imputetest/Impute_Experiments/autoimpute.py", line 57, in obj
    my_model = autoutils.MyModel(random_state = self.random_state, **my_params)
  File "/common/ketrong/AutoImputeExp/tpot2_imputetest/Impute_Experiments/autoutils.py", line 34, in MyModel
    this_model = SimpleImputer(
TypeError: SimpleImputer.__init__() got an unexpected keyword argument 'batch_size'
Best trial: 5. Best value: 2.35473:   2%|         | 3/200 [00:06<02:50,  1.15it/s]                                                                                   [W 2023-11-22 20:08:35,942] Trial 47 failed with value None.
Best trial: 5. Best value: 2.35473:   2%|         | 3/200 [00:06<02:50,  1.15it/s]                                                                                   [W 2023-11-22 20:08:35,945] Trial 8 failed with parameters: {'model_name': 'RandomForestImputer', 'max_iter': 9, 'decreasing': False, 'min_samples_split': 0.1, 'min_samples_leaf': 0.30000000000000004, 'max_features': 0.6000000000000001, 'bootstrap': False, 'oob_score': False, 'warm_start': False} because of the following error: TypeError("SimpleImputer.__init__() got an unexpected keyword argument 'max_iter'").
Traceback (most recent call last):
  File "/home/ketrong/miniconda3/envs/tpot2devenv/lib/python3.10/site-packages/optuna/study/_optimize.py", line 200, in _run_trial
    value_or_values = func(trial)
  File "/common/ketrong/AutoImputeExp/tpot2_imputetest/Impute_Experiments/autoimpute.py", line 57, in obj
    my_model = autoutils.MyModel(random_state = self.random_state, **my_params)
  File "/common/ketrong/AutoImputeExp/tpot2_imputetest/Impute_Experiments/autoutils.py", line 34, in MyModel
    this_model = SimpleImputer(
TypeError: SimpleImputer.__init__() got an unexpected keyword argument 'max_iter'
Best trial: 5. Best value: 2.35473:   2%|         | 3/200 [00:06<02:50,  1.15it/s]                                                                                   [W 2023-11-22 20:08:36,120] Trial 8 failed with value None.
Best trial: 5. Best value: 2.35473:   2%|         | 3/200 [00:06<02:50,  1.15it/s][I 2023-11-22 20:08:36,292] Trial 16 finished with value: 6.662601810506205 and parameters: {'model_name': 'SimpleImputer', 'strategy': 'constant'}. Best is trial 5 with value: 2.354732743906972.
                                                                                   Best trial: 5. Best value: 2.35473:   2%|         | 3/200 [00:06<02:50,  1.15it/s]Best trial: 5. Best value: 2.35473:   2%|         | 3/200 [00:06<02:50,  1.15it/s]Best trial: 5. Best value: 2.35473:   2%|         | 4/200 [00:06<05:59,  1.84s/it]                                                                                   [W 2023-11-22 20:08:36,470] Trial 12 failed with parameters: {'model_name': 'RandomForestImputer', 'max_iter': 14, 'decreasing': True, 'min_samples_split': 0.0, 'min_samples_leaf': 0.7000000000000001, 'max_features': 0.6000000000000001, 'bootstrap': False, 'oob_score': False, 'warm_start': False} because of the following error: TypeError("SimpleImputer.__init__() got an unexpected keyword argument 'max_iter'").
Traceback (most recent call last):
  File "/home/ketrong/miniconda3/envs/tpot2devenv/lib/python3.10/site-packages/optuna/study/_optimize.py", line 200, in _run_trial
    value_or_values = func(trial)
  File "/common/ketrong/AutoImputeExp/tpot2_imputetest/Impute_Experiments/autoimpute.py", line 57, in obj
    my_model = autoutils.MyModel(random_state = self.random_state, **my_params)
  File "/common/ketrong/AutoImputeExp/tpot2_imputetest/Impute_Experiments/autoutils.py", line 34, in MyModel
    this_model = SimpleImputer(
TypeError: SimpleImputer.__init__() got an unexpected keyword argument 'max_iter'
Best trial: 5. Best value: 2.35473:   2%|         | 4/200 [00:06<05:59,  1.84s/it]                                                                                   Best trial: 5. Best value: 2.35473:   2%|         | 4/200 [00:06<05:59,  1.84s/it][W 2023-11-22 20:08:36,470] Trial 12 failed with value None.
[W 2023-11-22 20:08:36,733] Trial 34 failed with parameters: {'model_name': 'RandomForestImputer', 'max_iter': 1, 'decreasing': True, 'min_samples_split': 0.4, 'min_samples_leaf': 0.8, 'max_features': 0.1, 'bootstrap': False, 'oob_score': False, 'warm_start': True} because of the following error: TypeError("SimpleImputer.__init__() got an unexpected keyword argument 'max_iter'").
Traceback (most recent call last):
  File "/home/ketrong/miniconda3/envs/tpot2devenv/lib/python3.10/site-packages/optuna/study/_optimize.py", line 200, in _run_trial
    value_or_values = func(trial)
  File "/common/ketrong/AutoImputeExp/tpot2_imputetest/Impute_Experiments/autoimpute.py", line 57, in obj
    my_model = autoutils.MyModel(random_state = self.random_state, **my_params)
  File "/common/ketrong/AutoImputeExp/tpot2_imputetest/Impute_Experiments/autoutils.py", line 34, in MyModel
    this_model = SimpleImputer(
TypeError: SimpleImputer.__init__() got an unexpected keyword argument 'max_iter'
                                                                                   Best trial: 5. Best value: 2.35473:   2%|         | 4/200 [00:06<05:59,  1.84s/it]                                                                                   Best trial: 5. Best value: 2.35473:   2%|         | 4/200 [00:06<05:59,  1.84s/it][W 2023-11-22 20:08:36,734] Trial 34 failed with value None.
                                                                                   [W 2023-11-22 20:08:36,952] Trial 40 failed with parameters: {'model_name': 'RandomForestImputer', 'max_iter': 35, 'decreasing': False, 'min_samples_split': 0.7000000000000001, 'min_samples_leaf': 0.6000000000000001, 'max_features': 0.6000000000000001, 'bootstrap': True, 'oob_score': False, 'warm_start': True} because of the following error: TypeError("SimpleImputer.__init__() got an unexpected keyword argument 'max_iter'").
Traceback (most recent call last):
  File "/home/ketrong/miniconda3/envs/tpot2devenv/lib/python3.10/site-packages/optuna/study/_optimize.py", line 200, in _run_trial
    value_or_values = func(trial)
  File "/common/ketrong/AutoImputeExp/tpot2_imputetest/Impute_Experiments/autoimpute.py", line 57, in obj
    my_model = autoutils.MyModel(random_state = self.random_state, **my_params)
  File "/common/ketrong/AutoImputeExp/tpot2_imputetest/Impute_Experiments/autoutils.py", line 34, in MyModel
    this_model = SimpleImputer(
TypeError: SimpleImputer.__init__() got an unexpected keyword argument 'max_iter'
Best trial: 5. Best value: 2.35473:   2%|         | 4/200 [00:07<05:59,  1.84s/it]                                                                                   [W 2023-11-22 20:08:36,962] Trial 40 failed with value None.
Best trial: 5. Best value: 2.35473:   2%|         | 4/200 [00:07<05:59,  1.84s/it][W 2023-11-22 20:08:36,960] Trial 27 failed with parameters: {'model_name': 'RandomForestImputer', 'max_iter': 36, 'decreasing': True, 'min_samples_split': 0.6000000000000001, 'min_samples_leaf': 0.8, 'max_features': 0.6000000000000001, 'bootstrap': True, 'oob_score': False, 'warm_start': False} because of the following error: TypeError("SimpleImputer.__init__() got an unexpected keyword argument 'max_iter'").
Traceback (most recent call last):
  File "/home/ketrong/miniconda3/envs/tpot2devenv/lib/python3.10/site-packages/optuna/study/_optimize.py", line 200, in _run_trial
    value_or_values = func(trial)
  File "/common/ketrong/AutoImputeExp/tpot2_imputetest/Impute_Experiments/autoimpute.py", line 57, in obj
    my_model = autoutils.MyModel(random_state = self.random_state, **my_params)
  File "/common/ketrong/AutoImputeExp/tpot2_imputetest/Impute_Experiments/autoutils.py", line 34, in MyModel
    this_model = SimpleImputer(
TypeError: SimpleImputer.__init__() got an unexpected keyword argument 'max_iter'
                                                                                   Best trial: 5. Best value: 2.35473:   2%|         | 4/200 [00:07<05:59,  1.84s/it][W 2023-11-22 20:08:37,140] Trial 27 failed with value None.
                                                                                   Best trial: 5. Best value: 2.35473:   2%|         | 4/200 [00:07<05:59,  1.84s/it][W 2023-11-22 20:08:36,953] Trial 30 failed with parameters: {'model_name': 'RandomForestImputer', 'max_iter': 1, 'decreasing': True, 'min_samples_split': 0.9, 'min_samples_leaf': 0.9, 'max_features': 0.1, 'bootstrap': True, 'oob_score': True, 'warm_start': False} because of the following error: TypeError("SimpleImputer.__init__() got an unexpected keyword argument 'max_iter'").
Traceback (most recent call last):
  File "/home/ketrong/miniconda3/envs/tpot2devenv/lib/python3.10/site-packages/optuna/study/_optimize.py", line 200, in _run_trial
    value_or_values = func(trial)
  File "/common/ketrong/AutoImputeExp/tpot2_imputetest/Impute_Experiments/autoimpute.py", line 57, in obj
    my_model = autoutils.MyModel(random_state = self.random_state, **my_params)
  File "/common/ketrong/AutoImputeExp/tpot2_imputetest/Impute_Experiments/autoutils.py", line 34, in MyModel
    this_model = SimpleImputer(
TypeError: SimpleImputer.__init__() got an unexpected keyword argument 'max_iter'
                                                                                   Best trial: 5. Best value: 2.35473:   2%|         | 4/200 [00:07<05:59,  1.84s/it]                                                                                   [W 2023-11-22 20:08:37,335] Trial 30 failed with value None.
Best trial: 5. Best value: 2.35473:   2%|         | 4/200 [00:07<05:59,  1.84s/it]                                                                                   [I 2023-11-22 20:08:36,961] Trial 19 finished with value: 6.662601810506205 and parameters: {'model_name': 'SimpleImputer', 'strategy': 'constant'}. Best is trial 5 with value: 2.354732743906972.
Best trial: 5. Best value: 2.35473:   2%|         | 4/200 [00:07<05:59,  1.84s/it]Best trial: 5. Best value: 2.35473:   2%|         | 4/200 [00:07<05:59,  1.84s/it]Best trial: 5. Best value: 2.35473:   2%|         | 5/200 [00:07<05:19,  1.64s/it]                                                                                   [I 2023-11-22 20:08:37,765] Trial 6 finished with value: 2.4101540057212274 and parameters: {'model_name': 'SimpleImputer', 'strategy': 'median'}. Best is trial 5 with value: 2.354732743906972.
Best trial: 5. Best value: 2.35473:   2%|         | 5/200 [00:07<05:19,  1.64s/it]Best trial: 5. Best value: 2.35473:   2%|         | 5/200 [00:08<05:19,  1.64s/it]Best trial: 5. Best value: 2.35473:   3%|         | 6/200 [00:08<03:42,  1.15s/it]                                                                                   [I 2023-11-22 20:08:38,006] Trial 1 finished with value: 2.4101540057212274 and parameters: {'model_name': 'SimpleImputer', 'strategy': 'median'}. Best is trial 5 with value: 2.354732743906972.
Best trial: 5. Best value: 2.35473:   3%|         | 6/200 [00:08<03:42,  1.15s/it]Best trial: 5. Best value: 2.35473:   3%|         | 6/200 [00:08<03:42,  1.15s/it]Best trial: 5. Best value: 2.35473:   4%|         | 7/200 [00:08<02:45,  1.17it/s][I 2023-11-22 20:08:38,210] Trial 28 finished with value: 2.354732743906972 and parameters: {'model_name': 'SimpleImputer', 'strategy': 'mean'}. Best is trial 5 with value: 2.354732743906972.
                                                                                   Best trial: 5. Best value: 2.35473:   4%|         | 7/200 [00:08<02:45,  1.17it/s]Best trial: 5. Best value: 2.35473:   4%|         | 7/200 [00:08<02:45,  1.17it/s]Best trial: 5. Best value: 2.35473:   4%|         | 8/200 [00:08<02:03,  1.55it/s]                                                                                   [I 2023-11-22 20:08:38,438] Trial 11 finished with value: 2.354732743906972 and parameters: {'model_name': 'SimpleImputer', 'strategy': 'mean'}. Best is trial 5 with value: 2.354732743906972.
Best trial: 5. Best value: 2.35473:   4%|         | 8/200 [00:08<02:03,  1.55it/s]Best trial: 5. Best value: 2.35473:   4%|         | 8/200 [00:08<02:03,  1.55it/s]Best trial: 5. Best value: 2.35473:   4%|         | 9/200 [00:08<01:38,  1.94it/s]                                                                                   [I 2023-11-22 20:08:38,642] Trial 24 finished with value: 6.662601810506205 and parameters: {'model_name': 'SimpleImputer', 'strategy': 'constant'}. Best is trial 5 with value: 2.354732743906972.
Best trial: 5. Best value: 2.35473:   4%|         | 9/200 [00:08<01:38,  1.94it/s]Best trial: 5. Best value: 2.35473:   4%|         | 9/200 [00:08<01:38,  1.94it/s]Best trial: 5. Best value: 2.35473:   5%|         | 10/200 [00:08<01:22,  2.30it/s]                                                                                    [I 2023-11-22 20:08:38,894] Trial 13 finished with value: 2.4101540057212274 and parameters: {'model_name': 'SimpleImputer', 'strategy': 'median'}. Best is trial 5 with value: 2.354732743906972.
Best trial: 5. Best value: 2.35473:   5%|         | 10/200 [00:08<01:22,  2.30it/s]Best trial: 5. Best value: 2.35473:   5%|         | 10/200 [00:09<01:22,  2.30it/s]Best trial: 5. Best value: 2.35473:   6%|         | 11/200 [00:09<01:09,  2.73it/s][I 2023-11-22 20:08:39,082] Trial 22 finished with value: 2.4101540057212274 and parameters: {'model_name': 'SimpleImputer', 'strategy': 'median'}. Best is trial 5 with value: 2.354732743906972.
                                                                                    Best trial: 5. Best value: 2.35473:   6%|         | 11/200 [00:09<01:09,  2.73it/s]Best trial: 5. Best value: 2.35473:   6%|         | 11/200 [00:09<01:09,  2.73it/s]Best trial: 5. Best value: 2.35473:   6%|         | 12/200 [00:09<00:57,  3.26it/s]                                                                                    [I 2023-11-22 20:08:39,337] Trial 42 finished with value: 2.4101540057212274 and parameters: {'model_name': 'SimpleImputer', 'strategy': 'median'}. Best is trial 5 with value: 2.354732743906972.
Best trial: 5. Best value: 2.35473:   6%|         | 12/200 [00:09<00:57,  3.26it/s]Best trial: 5. Best value: 2.35473:   6%|         | 12/200 [00:09<00:57,  3.26it/s]Best trial: 5. Best value: 2.35473:   6%|         | 13/200 [00:09<00:54,  3.41it/s][I 2023-11-22 20:08:39,639] Trial 37 finished with value: 2.5244349412715206 and parameters: {'model_name': 'SimpleImputer', 'strategy': 'most_frequent'}. Best is trial 5 with value: 2.354732743906972.
                                                                                    Best trial: 5. Best value: 2.35473:   6%|         | 13/200 [00:09<00:54,  3.41it/s]Best trial: 5. Best value: 2.35473:   6%|         | 13/200 [00:09<00:54,  3.41it/s]Best trial: 5. Best value: 2.35473:   7%|         | 14/200 [00:09<00:55,  3.34it/s][I 2023-11-22 20:08:39,834] Trial 26 finished with value: 2.5244349412715206 and parameters: {'model_name': 'SimpleImputer', 'strategy': 'most_frequent'}. Best is trial 5 with value: 2.354732743906972.
                                                                                    Best trial: 5. Best value: 2.35473:   7%|         | 14/200 [00:09<00:55,  3.34it/s]Best trial: 5. Best value: 2.35473:   7%|         | 14/200 [00:10<00:55,  3.34it/s]Best trial: 5. Best value: 2.35473:   8%|         | 15/200 [00:10<00:48,  3.82it/s][I 2023-11-22 20:08:40,015] Trial 46 finished with value: 2.5244349412715206 and parameters: {'model_name': 'SimpleImputer', 'strategy': 'most_frequent'}. Best is trial 5 with value: 2.354732743906972.
                                                                                    Best trial: 5. Best value: 2.35473:   8%|         | 15/200 [00:10<00:48,  3.82it/s]Best trial: 5. Best value: 2.35473:   8%|         | 15/200 [00:10<00:48,  3.82it/s]Best trial: 5. Best value: 2.35473:   8%|         | 16/200 [00:10<00:43,  4.21it/s]Best trial: 5. Best value: 2.35473:   8%|         | 16/200 [00:10<01:58,  1.56it/s]
failed on 
tpot2_imputetest/Impute_Experiments/logs//tpot2_base_normal_6_0.3_MNAR_3
SimpleImputer.__init__() got an unexpected keyword argument 'estimator'
Traceback (most recent call last):
  File "/common/ketrong/AutoImputeExp/tpot2_imputetest/Impute_Experiments/utils.py", line 178, in loop_through_tasks
    AutoImputeSpace.fit(X_train_pandas)
  File "/common/ketrong/AutoImputeExp/tpot2_imputetest/Impute_Experiments/autoimpute.py", line 60, in fit
    self.study.optimize(obj, n_trials=self.n_trials, n_jobs=self.n_jobs, show_progress_bar=self.show_progress, gc_after_trial=self.garbage_collect)
  File "/home/ketrong/miniconda3/envs/tpot2devenv/lib/python3.10/site-packages/optuna/study/study.py", line 451, in optimize
    _optimize(
  File "/home/ketrong/miniconda3/envs/tpot2devenv/lib/python3.10/site-packages/optuna/study/_optimize.py", line 103, in _optimize
    f.result()
  File "/home/ketrong/miniconda3/envs/tpot2devenv/lib/python3.10/concurrent/futures/_base.py", line 451, in result
    return self.__get_result()
  File "/home/ketrong/miniconda3/envs/tpot2devenv/lib/python3.10/concurrent/futures/_base.py", line 403, in __get_result
    raise self._exception
  File "/home/ketrong/miniconda3/envs/tpot2devenv/lib/python3.10/concurrent/futures/thread.py", line 58, in run
    result = self.fn(*self.args, **self.kwargs)
  File "/home/ketrong/miniconda3/envs/tpot2devenv/lib/python3.10/site-packages/optuna/study/_optimize.py", line 163, in _optimize_sequential
    frozen_trial = _run_trial(study, func, catch)
  File "/home/ketrong/miniconda3/envs/tpot2devenv/lib/python3.10/site-packages/optuna/study/_optimize.py", line 251, in _run_trial
    raise func_err
  File "/home/ketrong/miniconda3/envs/tpot2devenv/lib/python3.10/site-packages/optuna/study/_optimize.py", line 200, in _run_trial
    value_or_values = func(trial)
  File "/common/ketrong/AutoImputeExp/tpot2_imputetest/Impute_Experiments/autoimpute.py", line 57, in obj
    my_model = autoutils.MyModel(random_state = self.random_state, **my_params)
  File "/common/ketrong/AutoImputeExp/tpot2_imputetest/Impute_Experiments/autoutils.py", line 34, in MyModel
    this_model = SimpleImputer(
TypeError: SimpleImputer.__init__() got an unexpected keyword argument 'estimator'

DONE
