Run: 4
/cm/local/apps/slurm/var/spool/job434372/slurm_script: line 23: /common/ketrong/minconda3/etc/profile.d/conda.sh: No such file or directory
/cm/local/apps/slurm/var/spool/job434372/slurm_script: line 26: $'\nconda create --name tpot2devenv -c conda-forge python=3.10\n': command not found
/cm/local/apps/slurm/var/spool/job434372/slurm_script: line 31: $'\npip install -r requirements.txt\n': command not found
RunStart
2023-12-05 17:09:05.662384: I tensorflow/core/util/port.cc:113] oneDNN custom operations are on. You may see slightly different numerical results due to floating-point round-off errors from different computation orders. To turn them off, set the environment variable `TF_ENABLE_ONEDNN_OPTS=0`.
2023-12-05 17:09:05.698410: E external/local_xla/xla/stream_executor/cuda/cuda_dnn.cc:9261] Unable to register cuDNN factory: Attempting to register factory for plugin cuDNN when one has already been registered
2023-12-05 17:09:05.698436: E external/local_xla/xla/stream_executor/cuda/cuda_fft.cc:607] Unable to register cuFFT factory: Attempting to register factory for plugin cuFFT when one has already been registered
2023-12-05 17:09:05.699832: E external/local_xla/xla/stream_executor/cuda/cuda_blas.cc:1515] Unable to register cuBLAS factory: Attempting to register factory for plugin cuBLAS when one has already been registered
2023-12-05 17:09:05.705953: I tensorflow/core/platform/cpu_feature_guard.cc:182] This TensorFlow binary is optimized to use available CPU instructions in performance-critical operations.
To enable the following instructions: AVX2 AVX512F AVX512_VNNI FMA, in other operations, rebuild TensorFlow with the appropriate compiler flags.
2023-12-05 17:09:27.100684: W tensorflow/compiler/tf2tensorrt/utils/py_utils.cc:38] TF-TRT Warning: Could not find TensorRT
WARNING:tensorflow:From /home/ketrong/miniconda3/envs/tpot2devenv/lib/python3.10/site-packages/tensorflow/python/compat/v2_compat.py:108: disable_resource_variables (from tensorflow.python.ops.variable_scope) is deprecated and will be removed in a future version.
Instructions for updating:
non-resource variables are not supported in the long term
working on 
tpot2_imputetest/Impute_Experiments/logs//tpot2_base_normal_30_0.5_MCAR_4
1.456341028213501
loading data
tpot2_imputetest/Impute_Experiments/data/30_True.pkl
running experiment 1/3 - Does large hyperparameter space improve reconstruction accuracy over simple
[I 2023-12-05 17:10:07,882] A new study created in memory with name: no-name-86bc5747-7f00-40ba-bbe1-3fa181788770
[I 2023-12-05 17:10:07,919] Trial 1 finished with value: 1626.0956859439175 and parameters: {'model_name': 'SimpleImputer', 'strategy': 'constant'}. Best is trial 1 with value: 1626.0956859439175.
[I 2023-12-05 17:10:08,124] Trial 3 finished with value: 1626.0956859439175 and parameters: {'model_name': 'SimpleImputer', 'strategy': 'constant'}. Best is trial 1 with value: 1626.0956859439175.
[I 2023-12-05 17:10:08,293] Trial 0 finished with value: 1560.6919856426266 and parameters: {'model_name': 'SimpleImputer', 'strategy': 'mean'}. Best is trial 0 with value: 1560.6919856426266.
[I 2023-12-05 17:10:08,446] Trial 7 finished with value: 1626.0956859439175 and parameters: {'model_name': 'SimpleImputer', 'strategy': 'constant'}. Best is trial 0 with value: 1560.6919856426266.
[I 2023-12-05 17:10:08,614] Trial 4 finished with value: 1626.0956859439175 and parameters: {'model_name': 'SimpleImputer', 'strategy': 'constant'}. Best is trial 0 with value: 1560.6919856426266.
[I 2023-12-05 17:10:08,783] Trial 5 finished with value: 1626.0956859439175 and parameters: {'model_name': 'SimpleImputer', 'strategy': 'constant'}. Best is trial 0 with value: 1560.6919856426266.
[I 2023-12-05 17:10:08,954] Trial 9 finished with value: 1560.6919856426266 and parameters: {'model_name': 'SimpleImputer', 'strategy': 'mean'}. Best is trial 0 with value: 1560.6919856426266.
[I 2023-12-05 17:10:09,112] Trial 8 finished with value: 1626.0956859439175 and parameters: {'model_name': 'SimpleImputer', 'strategy': 'constant'}. Best is trial 0 with value: 1560.6919856426266.
[I 2023-12-05 17:10:09,297] Trial 11 finished with value: 1560.6919856426266 and parameters: {'model_name': 'SimpleImputer', 'strategy': 'mean'}. Best is trial 0 with value: 1560.6919856426266.
[I 2023-12-05 17:10:09,453] Trial 13 finished with value: 1626.0956859439175 and parameters: {'model_name': 'SimpleImputer', 'strategy': 'constant'}. Best is trial 0 with value: 1560.6919856426266.
[I 2023-12-05 17:10:09,603] Trial 12 finished with value: 1593.3158846495091 and parameters: {'model_name': 'SimpleImputer', 'strategy': 'median'}. Best is trial 0 with value: 1560.6919856426266.
[I 2023-12-05 17:10:09,771] Trial 2 finished with value: 1616.7029420359631 and parameters: {'model_name': 'SimpleImputer', 'strategy': 'most_frequent'}. Best is trial 0 with value: 1560.6919856426266.
[I 2023-12-05 17:10:09,935] Trial 6 finished with value: 1616.7029420359631 and parameters: {'model_name': 'SimpleImputer', 'strategy': 'most_frequent'}. Best is trial 0 with value: 1560.6919856426266.
[I 2023-12-05 17:10:10,104] Trial 16 finished with value: 1560.6919856426266 and parameters: {'model_name': 'SimpleImputer', 'strategy': 'mean'}. Best is trial 0 with value: 1560.6919856426266.
[I 2023-12-05 17:10:10,252] Trial 17 finished with value: 1616.7029420359631 and parameters: {'model_name': 'SimpleImputer', 'strategy': 'most_frequent'}. Best is trial 0 with value: 1560.6919856426266.
[I 2023-12-05 17:10:10,415] Trial 18 finished with value: 1626.0956859439175 and parameters: {'model_name': 'SimpleImputer', 'strategy': 'constant'}. Best is trial 0 with value: 1560.6919856426266.
[I 2023-12-05 17:10:10,580] Trial 14 finished with value: 1560.6919856426266 and parameters: {'model_name': 'SimpleImputer', 'strategy': 'mean'}. Best is trial 0 with value: 1560.6919856426266.
[I 2023-12-05 17:10:10,743] Trial 19 finished with value: 1560.6919856426266 and parameters: {'model_name': 'SimpleImputer', 'strategy': 'mean'}. Best is trial 0 with value: 1560.6919856426266.
[I 2023-12-05 17:10:10,893] Trial 10 finished with value: 1616.7029420359631 and parameters: {'model_name': 'SimpleImputer', 'strategy': 'most_frequent'}. Best is trial 0 with value: 1560.6919856426266.
[I 2023-12-05 17:10:11,056] Trial 15 finished with value: 1616.7029420359631 and parameters: {'model_name': 'SimpleImputer', 'strategy': 'most_frequent'}. Best is trial 0 with value: 1560.6919856426266.
[I 2023-12-05 17:10:11,222] Trial 23 finished with value: 1560.6919856426266 and parameters: {'model_name': 'SimpleImputer', 'strategy': 'mean'}. Best is trial 0 with value: 1560.6919856426266.
[I 2023-12-05 17:10:11,381] Trial 20 finished with value: 1560.6919856426266 and parameters: {'model_name': 'SimpleImputer', 'strategy': 'mean'}. Best is trial 0 with value: 1560.6919856426266.
[I 2023-12-05 17:10:11,550] Trial 21 finished with value: 1560.6919856426266 and parameters: {'model_name': 'SimpleImputer', 'strategy': 'mean'}. Best is trial 0 with value: 1560.6919856426266.
[I 2023-12-05 17:10:11,715] Trial 25 finished with value: 1560.6919856426266 and parameters: {'model_name': 'SimpleImputer', 'strategy': 'mean'}. Best is trial 0 with value: 1560.6919856426266.
[I 2023-12-05 17:10:11,898] Trial 29 finished with value: 1560.6919856426266 and parameters: {'model_name': 'SimpleImputer', 'strategy': 'mean'}. Best is trial 0 with value: 1560.6919856426266.
[I 2023-12-05 17:10:12,054] Trial 22 finished with value: 1560.6919856426266 and parameters: {'model_name': 'SimpleImputer', 'strategy': 'mean'}. Best is trial 0 with value: 1560.6919856426266.
[I 2023-12-05 17:10:12,211] Trial 28 finished with value: 1560.6919856426266 and parameters: {'model_name': 'SimpleImputer', 'strategy': 'mean'}. Best is trial 0 with value: 1560.6919856426266.
[I 2023-12-05 17:10:12,387] Trial 32 finished with value: 1560.6919856426266 and parameters: {'model_name': 'SimpleImputer', 'strategy': 'mean'}. Best is trial 0 with value: 1560.6919856426266.
[I 2023-12-05 17:10:12,552] Trial 34 finished with value: 1560.6919856426266 and parameters: {'model_name': 'SimpleImputer', 'strategy': 'mean'}. Best is trial 0 with value: 1560.6919856426266.
[I 2023-12-05 17:10:12,719] Trial 26 finished with value: 1560.6919856426266 and parameters: {'model_name': 'SimpleImputer', 'strategy': 'mean'}. Best is trial 0 with value: 1560.6919856426266.
[I 2023-12-05 17:10:12,723] Trial 30 finished with value: 1560.6919856426266 and parameters: {'model_name': 'SimpleImputer', 'strategy': 'mean'}. Best is trial 0 with value: 1560.6919856426266.
[I 2023-12-05 17:10:13,043] Trial 35 finished with value: 1560.6919856426266 and parameters: {'model_name': 'SimpleImputer', 'strategy': 'mean'}. Best is trial 0 with value: 1560.6919856426266.
[I 2023-12-05 17:10:13,217] Trial 36 finished with value: 1560.6919856426266 and parameters: {'model_name': 'SimpleImputer', 'strategy': 'mean'}. Best is trial 0 with value: 1560.6919856426266.
[I 2023-12-05 17:10:13,369] Trial 40 finished with value: 1560.6919856426266 and parameters: {'model_name': 'SimpleImputer', 'strategy': 'mean'}. Best is trial 0 with value: 1560.6919856426266.
[I 2023-12-05 17:10:13,512] Trial 41 finished with value: 1560.6919856426266 and parameters: {'model_name': 'SimpleImputer', 'strategy': 'mean'}. Best is trial 0 with value: 1560.6919856426266.
[I 2023-12-05 17:10:13,676] Trial 39 finished with value: 1560.6919856426266 and parameters: {'model_name': 'SimpleImputer', 'strategy': 'mean'}. Best is trial 0 with value: 1560.6919856426266.
[I 2023-12-05 17:10:13,842] Trial 24 finished with value: 1560.6919856426266 and parameters: {'model_name': 'SimpleImputer', 'strategy': 'mean'}. Best is trial 0 with value: 1560.6919856426266.
[I 2023-12-05 17:10:14,018] Trial 48 finished with value: 1593.3158846495091 and parameters: {'model_name': 'SimpleImputer', 'strategy': 'median'}. Best is trial 0 with value: 1560.6919856426266.
[I 2023-12-05 17:10:14,172] Trial 42 finished with value: 1593.3158846495091 and parameters: {'model_name': 'SimpleImputer', 'strategy': 'median'}. Best is trial 0 with value: 1560.6919856426266.
[I 2023-12-05 17:10:14,337] Trial 43 finished with value: 1593.3158846495091 and parameters: {'model_name': 'SimpleImputer', 'strategy': 'median'}. Best is trial 0 with value: 1560.6919856426266.
[I 2023-12-05 17:10:14,500] Trial 27 finished with value: 1560.6919856426266 and parameters: {'model_name': 'SimpleImputer', 'strategy': 'mean'}. Best is trial 0 with value: 1560.6919856426266.
[I 2023-12-05 17:10:14,662] Trial 45 finished with value: 1593.3158846495091 and parameters: {'model_name': 'SimpleImputer', 'strategy': 'median'}. Best is trial 0 with value: 1560.6919856426266.
[I 2023-12-05 17:10:14,824] Trial 33 finished with value: 1560.6919856426266 and parameters: {'model_name': 'SimpleImputer', 'strategy': 'mean'}. Best is trial 0 with value: 1560.6919856426266.
[I 2023-12-05 17:10:15,001] Trial 37 finished with value: 1560.6919856426266 and parameters: {'model_name': 'SimpleImputer', 'strategy': 'mean'}. Best is trial 0 with value: 1560.6919856426266.
[I 2023-12-05 17:10:15,165] Trial 38 finished with value: 1560.6919856426266 and parameters: {'model_name': 'SimpleImputer', 'strategy': 'mean'}. Best is trial 0 with value: 1560.6919856426266.
[I 2023-12-05 17:10:15,320] Trial 50 finished with value: 1593.3158846495091 and parameters: {'model_name': 'SimpleImputer', 'strategy': 'median'}. Best is trial 0 with value: 1560.6919856426266.
[I 2023-12-05 17:10:15,496] Trial 56 finished with value: 1560.6919856426266 and parameters: {'model_name': 'SimpleImputer', 'strategy': 'mean'}. Best is trial 0 with value: 1560.6919856426266.
[I 2023-12-05 17:10:15,656] Trial 46 finished with value: 1593.3158846495091 and parameters: {'model_name': 'SimpleImputer', 'strategy': 'median'}. Best is trial 0 with value: 1560.6919856426266.
[I 2023-12-05 17:10:15,667] Trial 54 finished with value: 1593.3158846495091 and parameters: {'model_name': 'SimpleImputer', 'strategy': 'median'}. Best is trial 0 with value: 1560.6919856426266.
[I 2023-12-05 17:10:15,973] Trial 51 finished with value: 1593.3158846495091 and parameters: {'model_name': 'SimpleImputer', 'strategy': 'median'}. Best is trial 0 with value: 1560.6919856426266.
[I 2023-12-05 17:10:16,142] Trial 47 finished with value: 1593.3158846495091 and parameters: {'model_name': 'SimpleImputer', 'strategy': 'median'}. Best is trial 0 with value: 1560.6919856426266.
[I 2023-12-05 17:10:16,308] Trial 49 finished with value: 1593.3158846495091 and parameters: {'model_name': 'SimpleImputer', 'strategy': 'median'}. Best is trial 0 with value: 1560.6919856426266.
[I 2023-12-05 17:10:16,472] Trial 68 finished with value: 1560.6919856426266 and parameters: {'model_name': 'SimpleImputer', 'strategy': 'mean'}. Best is trial 0 with value: 1560.6919856426266.
[I 2023-12-05 17:10:16,643] Trial 63 finished with value: 1593.3158846495091 and parameters: {'model_name': 'SimpleImputer', 'strategy': 'median'}. Best is trial 0 with value: 1560.6919856426266.
[I 2023-12-05 17:10:16,803] Trial 31 finished with value: 1560.6919856426266 and parameters: {'model_name': 'SimpleImputer', 'strategy': 'mean'}. Best is trial 0 with value: 1560.6919856426266.
[I 2023-12-05 17:10:16,956] Trial 71 finished with value: 1560.6919856426266 and parameters: {'model_name': 'SimpleImputer', 'strategy': 'mean'}. Best is trial 0 with value: 1560.6919856426266.
[I 2023-12-05 17:10:17,149] Trial 66 finished with value: 1593.3158846495091 and parameters: {'model_name': 'SimpleImputer', 'strategy': 'median'}. Best is trial 0 with value: 1560.6919856426266.
[I 2023-12-05 17:10:17,299] Trial 75 finished with value: 1560.6919856426266 and parameters: {'model_name': 'SimpleImputer', 'strategy': 'mean'}. Best is trial 0 with value: 1560.6919856426266.
[I 2023-12-05 17:10:17,454] Trial 74 finished with value: 1560.6919856426266 and parameters: {'model_name': 'SimpleImputer', 'strategy': 'mean'}. Best is trial 0 with value: 1560.6919856426266.
[I 2023-12-05 17:10:17,618] Trial 53 finished with value: 1593.3158846495091 and parameters: {'model_name': 'SimpleImputer', 'strategy': 'median'}. Best is trial 0 with value: 1560.6919856426266.
[I 2023-12-05 17:10:17,782] Trial 76 finished with value: 1616.7029420359631 and parameters: {'model_name': 'SimpleImputer', 'strategy': 'most_frequent'}. Best is trial 0 with value: 1560.6919856426266.
[I 2023-12-05 17:10:17,936] Trial 70 finished with value: 1560.6919856426266 and parameters: {'model_name': 'SimpleImputer', 'strategy': 'mean'}. Best is trial 0 with value: 1560.6919856426266.
[I 2023-12-05 17:10:18,111] Trial 57 finished with value: 1593.3158846495091 and parameters: {'model_name': 'SimpleImputer', 'strategy': 'median'}. Best is trial 0 with value: 1560.6919856426266.
[I 2023-12-05 17:10:18,287] Trial 58 finished with value: 1593.3158846495091 and parameters: {'model_name': 'SimpleImputer', 'strategy': 'median'}. Best is trial 0 with value: 1560.6919856426266.
[I 2023-12-05 17:10:18,450] Trial 61 finished with value: 1593.3158846495091 and parameters: {'model_name': 'SimpleImputer', 'strategy': 'median'}. Best is trial 0 with value: 1560.6919856426266.
[I 2023-12-05 17:10:18,636] Trial 64 finished with value: 1593.3158846495091 and parameters: {'model_name': 'SimpleImputer', 'strategy': 'median'}. Best is trial 0 with value: 1560.6919856426266.
[I 2023-12-05 17:10:18,795] Trial 85 finished with value: 1626.0956859439175 and parameters: {'model_name': 'SimpleImputer', 'strategy': 'constant'}. Best is trial 0 with value: 1560.6919856426266.
[I 2023-12-05 17:10:18,960] Trial 60 finished with value: 1593.3158846495091 and parameters: {'model_name': 'SimpleImputer', 'strategy': 'median'}. Best is trial 0 with value: 1560.6919856426266.
[I 2023-12-05 17:10:19,150] Trial 65 finished with value: 1593.3158846495091 and parameters: {'model_name': 'SimpleImputer', 'strategy': 'median'}. Best is trial 0 with value: 1560.6919856426266.
[I 2023-12-05 17:10:19,340] Trial 83 finished with value: 1616.7029420359631 and parameters: {'model_name': 'SimpleImputer', 'strategy': 'most_frequent'}. Best is trial 0 with value: 1560.6919856426266.
[I 2023-12-05 17:10:19,492] Trial 52 finished with value: 1593.3158846495091 and parameters: {'model_name': 'SimpleImputer', 'strategy': 'median'}. Best is trial 0 with value: 1560.6919856426266.
[I 2023-12-05 17:10:19,507] Trial 73 finished with value: 1560.6919856426266 and parameters: {'model_name': 'SimpleImputer', 'strategy': 'mean'}. Best is trial 0 with value: 1560.6919856426266.
[I 2023-12-05 17:10:19,683] Trial 78 finished with value: 1616.7029420359631 and parameters: {'model_name': 'SimpleImputer', 'strategy': 'most_frequent'}. Best is trial 0 with value: 1560.6919856426266.
[I 2023-12-05 17:10:19,845] Trial 82 finished with value: 1616.7029420359631 and parameters: {'model_name': 'SimpleImputer', 'strategy': 'most_frequent'}. Best is trial 0 with value: 1560.6919856426266.
[I 2023-12-05 17:10:20,003] Trial 84 finished with value: 1616.7029420359631 and parameters: {'model_name': 'SimpleImputer', 'strategy': 'most_frequent'}. Best is trial 0 with value: 1560.6919856426266.
[I 2023-12-05 17:10:20,159] Trial 72 finished with value: 1560.6919856426266 and parameters: {'model_name': 'SimpleImputer', 'strategy': 'mean'}. Best is trial 0 with value: 1560.6919856426266.
[I 2023-12-05 17:10:20,467] Trial 90 finished with value: 1626.0956859439175 and parameters: {'model_name': 'SimpleImputer', 'strategy': 'constant'}. Best is trial 0 with value: 1560.6919856426266.
[I 2023-12-05 17:10:20,643] Trial 55 finished with value: 1593.3158846495091 and parameters: {'model_name': 'SimpleImputer', 'strategy': 'median'}. Best is trial 0 with value: 1560.6919856426266.
[I 2023-12-05 17:10:20,823] Trial 59 finished with value: 1593.3158846495091 and parameters: {'model_name': 'SimpleImputer', 'strategy': 'median'}. Best is trial 0 with value: 1560.6919856426266.
[I 2023-12-05 17:10:20,975] Trial 94 finished with value: 1626.0956859439175 and parameters: {'model_name': 'SimpleImputer', 'strategy': 'constant'}. Best is trial 0 with value: 1560.6919856426266.
[I 2023-12-05 17:10:21,139] Trial 88 finished with value: 1616.7029420359631 and parameters: {'model_name': 'SimpleImputer', 'strategy': 'most_frequent'}. Best is trial 0 with value: 1560.6919856426266.
[I 2023-12-05 17:10:21,308] Trial 77 finished with value: 1616.7029420359631 and parameters: {'model_name': 'SimpleImputer', 'strategy': 'most_frequent'}. Best is trial 0 with value: 1560.6919856426266.
[I 2023-12-05 17:10:21,473] Trial 69 finished with value: 1560.6919856426266 and parameters: {'model_name': 'SimpleImputer', 'strategy': 'mean'}. Best is trial 0 with value: 1560.6919856426266.
[I 2023-12-05 17:10:21,634] Trial 80 finished with value: 1616.7029420359631 and parameters: {'model_name': 'SimpleImputer', 'strategy': 'most_frequent'}. Best is trial 0 with value: 1560.6919856426266.
[I 2023-12-05 17:10:21,788] Trial 62 finished with value: 1593.3158846495091 and parameters: {'model_name': 'SimpleImputer', 'strategy': 'median'}. Best is trial 0 with value: 1560.6919856426266.
[I 2023-12-05 17:10:21,948] Trial 79 finished with value: 1616.7029420359631 and parameters: {'model_name': 'SimpleImputer', 'strategy': 'most_frequent'}. Best is trial 0 with value: 1560.6919856426266.
[I 2023-12-05 17:10:22,117] Trial 81 finished with value: 1616.7029420359631 and parameters: {'model_name': 'SimpleImputer', 'strategy': 'most_frequent'}. Best is trial 0 with value: 1560.6919856426266.
[I 2023-12-05 17:10:22,289] Trial 44 finished with value: 1593.3158846495091 and parameters: {'model_name': 'SimpleImputer', 'strategy': 'median'}. Best is trial 0 with value: 1560.6919856426266.
[I 2023-12-05 17:10:22,449] Trial 86 finished with value: 1616.7029420359631 and parameters: {'model_name': 'SimpleImputer', 'strategy': 'most_frequent'}. Best is trial 0 with value: 1560.6919856426266.
[I 2023-12-05 17:10:22,646] Trial 102 finished with value: 1560.6919856426266 and parameters: {'model_name': 'SimpleImputer', 'strategy': 'mean'}. Best is trial 0 with value: 1560.6919856426266.
[I 2023-12-05 17:10:22,814] Trial 87 finished with value: 1616.7029420359631 and parameters: {'model_name': 'SimpleImputer', 'strategy': 'most_frequent'}. Best is trial 0 with value: 1560.6919856426266.
[I 2023-12-05 17:10:22,971] Trial 100 finished with value: 1616.7029420359631 and parameters: {'model_name': 'SimpleImputer', 'strategy': 'most_frequent'}. Best is trial 0 with value: 1560.6919856426266.
[I 2023-12-05 17:10:23,134] Trial 103 finished with value: 1560.6919856426266 and parameters: {'model_name': 'SimpleImputer', 'strategy': 'mean'}. Best is trial 0 with value: 1560.6919856426266.
[I 2023-12-05 17:10:23,284] Trial 92 finished with value: 1626.0956859439175 and parameters: {'model_name': 'SimpleImputer', 'strategy': 'constant'}. Best is trial 0 with value: 1560.6919856426266.
[I 2023-12-05 17:10:23,439] Trial 89 finished with value: 1616.7029420359631 and parameters: {'model_name': 'SimpleImputer', 'strategy': 'most_frequent'}. Best is trial 0 with value: 1560.6919856426266.
[I 2023-12-05 17:10:23,614] Trial 93 finished with value: 1626.0956859439175 and parameters: {'model_name': 'SimpleImputer', 'strategy': 'constant'}. Best is trial 0 with value: 1560.6919856426266.
[I 2023-12-05 17:10:23,781] Trial 107 finished with value: 1560.6919856426266 and parameters: {'model_name': 'SimpleImputer', 'strategy': 'mean'}. Best is trial 0 with value: 1560.6919856426266.
[I 2023-12-05 17:10:23,927] Trial 106 finished with value: 1560.6919856426266 and parameters: {'model_name': 'SimpleImputer', 'strategy': 'mean'}. Best is trial 0 with value: 1560.6919856426266.
[I 2023-12-05 17:10:24,082] Trial 95 finished with value: 1626.0956859439175 and parameters: {'model_name': 'SimpleImputer', 'strategy': 'constant'}. Best is trial 0 with value: 1560.6919856426266.
[I 2023-12-05 17:10:24,256] Trial 109 finished with value: 1560.6919856426266 and parameters: {'model_name': 'SimpleImputer', 'strategy': 'mean'}. Best is trial 0 with value: 1560.6919856426266.
[I 2023-12-05 17:10:24,419] Trial 96 finished with value: 1626.0956859439175 and parameters: {'model_name': 'SimpleImputer', 'strategy': 'constant'}. Best is trial 0 with value: 1560.6919856426266.
[I 2023-12-05 17:10:24,580] Trial 110 finished with value: 1560.6919856426266 and parameters: {'model_name': 'SimpleImputer', 'strategy': 'mean'}. Best is trial 0 with value: 1560.6919856426266.
[I 2023-12-05 17:10:24,741] Trial 98 finished with value: 1626.0956859439175 and parameters: {'model_name': 'SimpleImputer', 'strategy': 'constant'}. Best is trial 0 with value: 1560.6919856426266.
[I 2023-12-05 17:10:24,923] Trial 111 finished with value: 1560.6919856426266 and parameters: {'model_name': 'SimpleImputer', 'strategy': 'mean'}. Best is trial 0 with value: 1560.6919856426266.
[I 2023-12-05 17:10:25,079] Trial 97 finished with value: 1616.7029420359631 and parameters: {'model_name': 'SimpleImputer', 'strategy': 'most_frequent'}. Best is trial 0 with value: 1560.6919856426266.
[I 2023-12-05 17:10:25,246] Trial 113 finished with value: 1560.6919856426266 and parameters: {'model_name': 'SimpleImputer', 'strategy': 'mean'}. Best is trial 0 with value: 1560.6919856426266.
[I 2023-12-05 17:10:25,417] Trial 101 finished with value: 1560.6919856426266 and parameters: {'model_name': 'SimpleImputer', 'strategy': 'mean'}. Best is trial 0 with value: 1560.6919856426266.
[I 2023-12-05 17:10:25,582] Trial 115 finished with value: 1560.6919856426266 and parameters: {'model_name': 'SimpleImputer', 'strategy': 'mean'}. Best is trial 0 with value: 1560.6919856426266.
[I 2023-12-05 17:10:25,743] Trial 104 finished with value: 1560.6919856426266 and parameters: {'model_name': 'SimpleImputer', 'strategy': 'mean'}. Best is trial 0 with value: 1560.6919856426266.
[I 2023-12-05 17:10:25,915] Trial 105 finished with value: 1560.6919856426266 and parameters: {'model_name': 'SimpleImputer', 'strategy': 'mean'}. Best is trial 0 with value: 1560.6919856426266.
[I 2023-12-05 17:10:26,078] Trial 119 finished with value: 1560.6919856426266 and parameters: {'model_name': 'SimpleImputer', 'strategy': 'mean'}. Best is trial 0 with value: 1560.6919856426266.
[I 2023-12-05 17:10:26,241] Trial 99 finished with value: 1616.7029420359631 and parameters: {'model_name': 'SimpleImputer', 'strategy': 'most_frequent'}. Best is trial 0 with value: 1560.6919856426266.
[I 2023-12-05 17:10:26,396] Trial 67 finished with value: 1593.3158846495091 and parameters: {'model_name': 'SimpleImputer', 'strategy': 'median'}. Best is trial 0 with value: 1560.6919856426266.
[I 2023-12-05 17:10:26,554] Trial 121 finished with value: 1560.6919856426266 and parameters: {'model_name': 'SimpleImputer', 'strategy': 'mean'}. Best is trial 0 with value: 1560.6919856426266.
[I 2023-12-05 17:10:26,737] Trial 125 finished with value: 1560.6919856426266 and parameters: {'model_name': 'SimpleImputer', 'strategy': 'mean'}. Best is trial 0 with value: 1560.6919856426266.
[I 2023-12-05 17:10:26,902] Trial 114 finished with value: 1560.6919856426266 and parameters: {'model_name': 'SimpleImputer', 'strategy': 'mean'}. Best is trial 0 with value: 1560.6919856426266.
[I 2023-12-05 17:10:27,060] Trial 129 finished with value: 1560.6919856426266 and parameters: {'model_name': 'SimpleImputer', 'strategy': 'mean'}. Best is trial 0 with value: 1560.6919856426266.
[I 2023-12-05 17:10:27,246] Trial 135 finished with value: 1560.6919856426266 and parameters: {'model_name': 'SimpleImputer', 'strategy': 'mean'}. Best is trial 0 with value: 1560.6919856426266.
[I 2023-12-05 17:10:27,405] Trial 131 finished with value: 1560.6919856426266 and parameters: {'model_name': 'SimpleImputer', 'strategy': 'mean'}. Best is trial 0 with value: 1560.6919856426266.
[I 2023-12-05 17:10:27,561] Trial 132 finished with value: 1560.6919856426266 and parameters: {'model_name': 'SimpleImputer', 'strategy': 'mean'}. Best is trial 0 with value: 1560.6919856426266.
[I 2023-12-05 17:10:27,730] Trial 117 finished with value: 1560.6919856426266 and parameters: {'model_name': 'SimpleImputer', 'strategy': 'mean'}. Best is trial 0 with value: 1560.6919856426266.
[I 2023-12-05 17:10:27,884] Trial 116 finished with value: 1560.6919856426266 and parameters: {'model_name': 'SimpleImputer', 'strategy': 'mean'}. Best is trial 0 with value: 1560.6919856426266.
[I 2023-12-05 17:10:28,045] Trial 91 finished with value: 1616.7029420359631 and parameters: {'model_name': 'SimpleImputer', 'strategy': 'most_frequent'}. Best is trial 0 with value: 1560.6919856426266.
[I 2023-12-05 17:10:28,233] Trial 134 finished with value: 1560.6919856426266 and parameters: {'model_name': 'SimpleImputer', 'strategy': 'mean'}. Best is trial 0 with value: 1560.6919856426266.
[I 2023-12-05 17:10:28,391] Trial 138 finished with value: 1560.6919856426266 and parameters: {'model_name': 'SimpleImputer', 'strategy': 'mean'}. Best is trial 0 with value: 1560.6919856426266.
[I 2023-12-05 17:10:28,540] Trial 139 finished with value: 1560.6919856426266 and parameters: {'model_name': 'SimpleImputer', 'strategy': 'mean'}. Best is trial 0 with value: 1560.6919856426266.
[I 2023-12-05 17:10:28,712] Trial 122 finished with value: 1560.6919856426266 and parameters: {'model_name': 'SimpleImputer', 'strategy': 'mean'}. Best is trial 0 with value: 1560.6919856426266.
[I 2023-12-05 17:10:28,874] Trial 124 finished with value: 1560.6919856426266 and parameters: {'model_name': 'SimpleImputer', 'strategy': 'mean'}. Best is trial 0 with value: 1560.6919856426266.
[I 2023-12-05 17:10:29,054] Trial 112 finished with value: 1560.6919856426266 and parameters: {'model_name': 'SimpleImputer', 'strategy': 'mean'}. Best is trial 0 with value: 1560.6919856426266.
[I 2023-12-05 17:10:29,234] Trial 148 finished with value: 1560.6919856426266 and parameters: {'model_name': 'SimpleImputer', 'strategy': 'mean'}. Best is trial 0 with value: 1560.6919856426266.
[I 2023-12-05 17:10:29,385] Trial 144 finished with value: 1560.6919856426266 and parameters: {'model_name': 'SimpleImputer', 'strategy': 'mean'}. Best is trial 0 with value: 1560.6919856426266.
[I 2023-12-05 17:10:29,545] Trial 130 finished with value: 1560.6919856426266 and parameters: {'model_name': 'SimpleImputer', 'strategy': 'mean'}. Best is trial 0 with value: 1560.6919856426266.
[I 2023-12-05 17:10:29,698] Trial 128 finished with value: 1560.6919856426266 and parameters: {'model_name': 'SimpleImputer', 'strategy': 'mean'}. Best is trial 0 with value: 1560.6919856426266.
[I 2023-12-05 17:10:29,852] Trial 145 finished with value: 1560.6919856426266 and parameters: {'model_name': 'SimpleImputer', 'strategy': 'mean'}. Best is trial 0 with value: 1560.6919856426266.
[I 2023-12-05 17:10:29,695] Trial 127 finished with value: 1560.6919856426266 and parameters: {'model_name': 'SimpleImputer', 'strategy': 'mean'}. Best is trial 0 with value: 1560.6919856426266.
[I 2023-12-05 17:10:30,157] Trial 118 finished with value: 1560.6919856426266 and parameters: {'model_name': 'SimpleImputer', 'strategy': 'mean'}. Best is trial 0 with value: 1560.6919856426266.
[I 2023-12-05 17:10:30,316] Trial 151 finished with value: 1560.6919856426266 and parameters: {'model_name': 'SimpleImputer', 'strategy': 'mean'}. Best is trial 0 with value: 1560.6919856426266.
[I 2023-12-05 17:10:30,490] Trial 153 finished with value: 1560.6919856426266 and parameters: {'model_name': 'SimpleImputer', 'strategy': 'mean'}. Best is trial 0 with value: 1560.6919856426266.
[I 2023-12-05 17:10:30,650] Trial 133 finished with value: 1560.6919856426266 and parameters: {'model_name': 'SimpleImputer', 'strategy': 'mean'}. Best is trial 0 with value: 1560.6919856426266.
[I 2023-12-05 17:10:30,812] Trial 120 finished with value: 1560.6919856426266 and parameters: {'model_name': 'SimpleImputer', 'strategy': 'mean'}. Best is trial 0 with value: 1560.6919856426266.
[I 2023-12-05 17:10:30,992] Trial 141 finished with value: 1560.6919856426266 and parameters: {'model_name': 'SimpleImputer', 'strategy': 'mean'}. Best is trial 0 with value: 1560.6919856426266.
[I 2023-12-05 17:10:31,163] Trial 140 finished with value: 1560.6919856426266 and parameters: {'model_name': 'SimpleImputer', 'strategy': 'mean'}. Best is trial 0 with value: 1560.6919856426266.
[I 2023-12-05 17:10:31,330] Trial 137 finished with value: 1560.6919856426266 and parameters: {'model_name': 'SimpleImputer', 'strategy': 'mean'}. Best is trial 0 with value: 1560.6919856426266.
[I 2023-12-05 17:10:31,480] Trial 143 finished with value: 1560.6919856426266 and parameters: {'model_name': 'SimpleImputer', 'strategy': 'mean'}. Best is trial 0 with value: 1560.6919856426266.
[I 2023-12-05 17:10:31,638] Trial 108 finished with value: 1560.6919856426266 and parameters: {'model_name': 'SimpleImputer', 'strategy': 'mean'}. Best is trial 0 with value: 1560.6919856426266.
[I 2023-12-05 17:10:31,796] Trial 123 finished with value: 1560.6919856426266 and parameters: {'model_name': 'SimpleImputer', 'strategy': 'mean'}. Best is trial 0 with value: 1560.6919856426266.
[I 2023-12-05 17:10:31,961] Trial 155 finished with value: 1560.6919856426266 and parameters: {'model_name': 'SimpleImputer', 'strategy': 'mean'}. Best is trial 0 with value: 1560.6919856426266.
[I 2023-12-05 17:10:32,126] Trial 159 finished with value: 1560.6919856426266 and parameters: {'model_name': 'SimpleImputer', 'strategy': 'mean'}. Best is trial 0 with value: 1560.6919856426266.
[I 2023-12-05 17:10:32,271] Trial 157 finished with value: 1560.6919856426266 and parameters: {'model_name': 'SimpleImputer', 'strategy': 'mean'}. Best is trial 0 with value: 1560.6919856426266.
[I 2023-12-05 17:10:32,434] Trial 147 finished with value: 1560.6919856426266 and parameters: {'model_name': 'SimpleImputer', 'strategy': 'mean'}. Best is trial 0 with value: 1560.6919856426266.
[I 2023-12-05 17:10:32,600] Trial 149 finished with value: 1560.6919856426266 and parameters: {'model_name': 'SimpleImputer', 'strategy': 'mean'}. Best is trial 0 with value: 1560.6919856426266.
[I 2023-12-05 17:10:32,765] Trial 161 finished with value: 1560.6919856426266 and parameters: {'model_name': 'SimpleImputer', 'strategy': 'mean'}. Best is trial 0 with value: 1560.6919856426266.
[I 2023-12-05 17:10:32,922] Trial 150 finished with value: 1560.6919856426266 and parameters: {'model_name': 'SimpleImputer', 'strategy': 'mean'}. Best is trial 0 with value: 1560.6919856426266.
[I 2023-12-05 17:10:33,078] Trial 160 finished with value: 1560.6919856426266 and parameters: {'model_name': 'SimpleImputer', 'strategy': 'mean'}. Best is trial 0 with value: 1560.6919856426266.
[I 2023-12-05 17:10:33,256] Trial 164 finished with value: 1560.6919856426266 and parameters: {'model_name': 'SimpleImputer', 'strategy': 'mean'}. Best is trial 0 with value: 1560.6919856426266.
[I 2023-12-05 17:10:33,436] Trial 156 finished with value: 1560.6919856426266 and parameters: {'model_name': 'SimpleImputer', 'strategy': 'mean'}. Best is trial 0 with value: 1560.6919856426266.
[I 2023-12-05 17:10:33,589] Trial 154 finished with value: 1560.6919856426266 and parameters: {'model_name': 'SimpleImputer', 'strategy': 'mean'}. Best is trial 0 with value: 1560.6919856426266.
[I 2023-12-05 17:10:33,735] Trial 162 finished with value: 1560.6919856426266 and parameters: {'model_name': 'SimpleImputer', 'strategy': 'mean'}. Best is trial 0 with value: 1560.6919856426266.
[I 2023-12-05 17:10:33,902] Trial 158 finished with value: 1560.6919856426266 and parameters: {'model_name': 'SimpleImputer', 'strategy': 'mean'}. Best is trial 0 with value: 1560.6919856426266.
[I 2023-12-05 17:10:34,064] Trial 126 finished with value: 1560.6919856426266 and parameters: {'model_name': 'SimpleImputer', 'strategy': 'mean'}. Best is trial 0 with value: 1560.6919856426266.
[I 2023-12-05 17:10:34,224] Trial 142 finished with value: 1560.6919856426266 and parameters: {'model_name': 'SimpleImputer', 'strategy': 'mean'}. Best is trial 0 with value: 1560.6919856426266.
[I 2023-12-05 17:10:34,380] Trial 170 finished with value: 1560.6919856426266 and parameters: {'model_name': 'SimpleImputer', 'strategy': 'mean'}. Best is trial 0 with value: 1560.6919856426266.
[I 2023-12-05 17:10:34,564] Trial 171 finished with value: 1560.6919856426266 and parameters: {'model_name': 'SimpleImputer', 'strategy': 'mean'}. Best is trial 0 with value: 1560.6919856426266.
[I 2023-12-05 17:10:34,721] Trial 174 finished with value: 1560.6919856426266 and parameters: {'model_name': 'SimpleImputer', 'strategy': 'mean'}. Best is trial 0 with value: 1560.6919856426266.
[I 2023-12-05 17:10:34,878] Trial 173 finished with value: 1560.6919856426266 and parameters: {'model_name': 'SimpleImputer', 'strategy': 'mean'}. Best is trial 0 with value: 1560.6919856426266.
[I 2023-12-05 17:10:35,049] Trial 172 finished with value: 1560.6919856426266 and parameters: {'model_name': 'SimpleImputer', 'strategy': 'mean'}. Best is trial 0 with value: 1560.6919856426266.
[I 2023-12-05 17:10:35,217] Trial 163 finished with value: 1560.6919856426266 and parameters: {'model_name': 'SimpleImputer', 'strategy': 'mean'}. Best is trial 0 with value: 1560.6919856426266.
[I 2023-12-05 17:10:35,371] Trial 183 finished with value: 1560.6919856426266 and parameters: {'model_name': 'SimpleImputer', 'strategy': 'mean'}. Best is trial 0 with value: 1560.6919856426266.
[I 2023-12-05 17:10:35,560] Trial 168 finished with value: 1560.6919856426266 and parameters: {'model_name': 'SimpleImputer', 'strategy': 'mean'}. Best is trial 0 with value: 1560.6919856426266.
[I 2023-12-05 17:10:35,719] Trial 166 finished with value: 1560.6919856426266 and parameters: {'model_name': 'SimpleImputer', 'strategy': 'mean'}. Best is trial 0 with value: 1560.6919856426266.
[I 2023-12-05 17:10:35,874] Trial 179 finished with value: 1560.6919856426266 and parameters: {'model_name': 'SimpleImputer', 'strategy': 'mean'}. Best is trial 0 with value: 1560.6919856426266.
[I 2023-12-05 17:10:36,034] Trial 169 finished with value: 1560.6919856426266 and parameters: {'model_name': 'SimpleImputer', 'strategy': 'mean'}. Best is trial 0 with value: 1560.6919856426266.
[I 2023-12-05 17:10:36,195] Trial 184 finished with value: 1560.6919856426266 and parameters: {'model_name': 'SimpleImputer', 'strategy': 'mean'}. Best is trial 0 with value: 1560.6919856426266.
[I 2023-12-05 17:10:36,368] Trial 189 finished with value: 1560.6919856426266 and parameters: {'model_name': 'SimpleImputer', 'strategy': 'mean'}. Best is trial 0 with value: 1560.6919856426266.
[I 2023-12-05 17:10:36,527] Trial 190 finished with value: 1560.6919856426266 and parameters: {'model_name': 'SimpleImputer', 'strategy': 'mean'}. Best is trial 0 with value: 1560.6919856426266.
[I 2023-12-05 17:10:36,686] Trial 185 finished with value: 1560.6919856426266 and parameters: {'model_name': 'SimpleImputer', 'strategy': 'mean'}. Best is trial 0 with value: 1560.6919856426266.
[I 2023-12-05 17:10:36,846] Trial 187 finished with value: 1560.6919856426266 and parameters: {'model_name': 'SimpleImputer', 'strategy': 'mean'}. Best is trial 0 with value: 1560.6919856426266.
[I 2023-12-05 17:10:36,995] Trial 182 finished with value: 1560.6919856426266 and parameters: {'model_name': 'SimpleImputer', 'strategy': 'mean'}. Best is trial 0 with value: 1560.6919856426266.
[I 2023-12-05 17:10:37,157] Trial 192 finished with value: 1560.6919856426266 and parameters: {'model_name': 'SimpleImputer', 'strategy': 'mean'}. Best is trial 0 with value: 1560.6919856426266.
[I 2023-12-05 17:10:37,170] Trial 195 finished with value: 1560.6919856426266 and parameters: {'model_name': 'SimpleImputer', 'strategy': 'mean'}. Best is trial 0 with value: 1560.6919856426266.
[I 2023-12-05 17:10:37,323] Trial 178 finished with value: 1560.6919856426266 and parameters: {'model_name': 'SimpleImputer', 'strategy': 'mean'}. Best is trial 0 with value: 1560.6919856426266.
[I 2023-12-05 17:10:37,504] Trial 165 finished with value: 1560.6919856426266 and parameters: {'model_name': 'SimpleImputer', 'strategy': 'mean'}. Best is trial 0 with value: 1560.6919856426266.
[I 2023-12-05 17:10:37,664] Trial 180 finished with value: 1560.6919856426266 and parameters: {'model_name': 'SimpleImputer', 'strategy': 'mean'}. Best is trial 0 with value: 1560.6919856426266.
[I 2023-12-05 17:10:37,671] Trial 136 finished with value: 1560.6919856426266 and parameters: {'model_name': 'SimpleImputer', 'strategy': 'mean'}. Best is trial 0 with value: 1560.6919856426266.
[I 2023-12-05 17:10:37,838] Trial 194 finished with value: 1560.6919856426266 and parameters: {'model_name': 'SimpleImputer', 'strategy': 'mean'}. Best is trial 0 with value: 1560.6919856426266.
[I 2023-12-05 17:10:37,843] Trial 167 finished with value: 1560.6919856426266 and parameters: {'model_name': 'SimpleImputer', 'strategy': 'mean'}. Best is trial 0 with value: 1560.6919856426266.
[I 2023-12-05 17:10:37,853] Trial 188 finished with value: 1560.6919856426266 and parameters: {'model_name': 'SimpleImputer', 'strategy': 'mean'}. Best is trial 0 with value: 1560.6919856426266.
[I 2023-12-05 17:10:37,866] Trial 152 finished with value: 1560.6919856426266 and parameters: {'model_name': 'SimpleImputer', 'strategy': 'mean'}. Best is trial 0 with value: 1560.6919856426266.
[I 2023-12-05 17:10:38,172] Trial 181 finished with value: 1560.6919856426266 and parameters: {'model_name': 'SimpleImputer', 'strategy': 'mean'}. Best is trial 0 with value: 1560.6919856426266.
[I 2023-12-05 17:10:38,340] Trial 176 finished with value: 1560.6919856426266 and parameters: {'model_name': 'SimpleImputer', 'strategy': 'mean'}. Best is trial 0 with value: 1560.6919856426266.
[I 2023-12-05 17:10:38,496] Trial 177 finished with value: 1560.6919856426266 and parameters: {'model_name': 'SimpleImputer', 'strategy': 'mean'}. Best is trial 0 with value: 1560.6919856426266.
[I 2023-12-05 17:10:38,662] Trial 175 finished with value: 1560.6919856426266 and parameters: {'model_name': 'SimpleImputer', 'strategy': 'mean'}. Best is trial 0 with value: 1560.6919856426266.
[I 2023-12-05 17:10:38,810] Trial 146 finished with value: 1560.6919856426266 and parameters: {'model_name': 'SimpleImputer', 'strategy': 'mean'}. Best is trial 0 with value: 1560.6919856426266.
[I 2023-12-05 17:10:38,821] Trial 193 finished with value: 1560.6919856426266 and parameters: {'model_name': 'SimpleImputer', 'strategy': 'mean'}. Best is trial 0 with value: 1560.6919856426266.
[I 2023-12-05 17:10:39,423] Trial 186 finished with value: 1560.6919856426266 and parameters: {'model_name': 'SimpleImputer', 'strategy': 'mean'}. Best is trial 0 with value: 1560.6919856426266.
[I 2023-12-05 17:10:39,584] Trial 197 finished with value: 1560.6919856426266 and parameters: {'model_name': 'SimpleImputer', 'strategy': 'mean'}. Best is trial 0 with value: 1560.6919856426266.
[I 2023-12-05 17:10:40,029] Trial 191 finished with value: 1560.6919856426266 and parameters: {'model_name': 'SimpleImputer', 'strategy': 'mean'}. Best is trial 0 with value: 1560.6919856426266.
[I 2023-12-05 17:10:40,193] Trial 196 finished with value: 1560.6919856426266 and parameters: {'model_name': 'SimpleImputer', 'strategy': 'mean'}. Best is trial 0 with value: 1560.6919856426266.
[I 2023-12-05 17:10:40,344] Trial 198 finished with value: 1560.6919856426266 and parameters: {'model_name': 'SimpleImputer', 'strategy': 'mean'}. Best is trial 0 with value: 1560.6919856426266.
[I 2023-12-05 17:10:40,501] Trial 199 finished with value: 1560.6919856426266 and parameters: {'model_name': 'SimpleImputer', 'strategy': 'mean'}. Best is trial 0 with value: 1560.6919856426266.
simple fit
simple transform
1560.6919856426266
1560.6919856426266
[I 2023-12-05 17:10:40,670] A new study created in memory with name: no-name-e35d6fc5-4a99-4607-a960-540f820d6700
[I 2023-12-05 17:10:40,753] Trial 1 finished with value: 1811.0442113325182 and parameters: {'model_name': 'SimpleImputer', 'strategy': 'constant'}. Best is trial 1 with value: 1811.0442113325182.
[I 2023-12-05 17:10:40,756] Trial 2 finished with value: 1801.6238411838783 and parameters: {'model_name': 'SimpleImputer', 'strategy': 'most_frequent'}. Best is trial 2 with value: 1801.6238411838783.
[I 2023-12-05 17:10:40,778] Trial 5 finished with value: 1781.0309225712697 and parameters: {'model_name': 'SimpleImputer', 'strategy': 'median'}. Best is trial 5 with value: 1781.0309225712697.
[I 2023-12-05 17:10:41,268] Trial 9 finished with value: 1811.0442113325182 and parameters: {'model_name': 'SimpleImputer', 'strategy': 'constant'}. Best is trial 5 with value: 1781.0309225712697.
[I 2023-12-05 17:10:41,732] Trial 15 finished with value: inf and parameters: {'model_name': 'IterativeImputer', 'estimator': 'Ridge', 'sample_posterior': True, 'initial_strategy': 'median', 'imputation_order': 'arabic'}. Best is trial 5 with value: 1781.0309225712697.
[I 2023-12-05 17:10:42,002] Trial 16 finished with value: 1801.6238411838783 and parameters: {'model_name': 'SimpleImputer', 'strategy': 'most_frequent'}. Best is trial 5 with value: 1781.0309225712697.
[I 2023-12-05 17:10:42,306] Trial 13 finished with value: inf and parameters: {'model_name': 'IterativeImputer', 'estimator': 'Ridge', 'sample_posterior': True, 'initial_strategy': 'constant', 'imputation_order': 'descending'}. Best is trial 5 with value: 1781.0309225712697.
[I 2023-12-05 17:10:42,596] Trial 25 finished with value: 1781.0309225712697 and parameters: {'model_name': 'SimpleImputer', 'strategy': 'median'}. Best is trial 5 with value: 1781.0309225712697.
[I 2023-12-05 17:10:43,403] Trial 28 finished with value: 1811.0442113325182 and parameters: {'model_name': 'SimpleImputer', 'strategy': 'constant'}. Best is trial 5 with value: 1781.0309225712697.
[I 2023-12-05 17:10:43,686] Trial 20 finished with value: 1801.6238411838783 and parameters: {'model_name': 'SimpleImputer', 'strategy': 'most_frequent'}. Best is trial 5 with value: 1781.0309225712697.
[I 2023-12-05 17:10:45,057] Trial 37 finished with value: 1811.0442113325182 and parameters: {'model_name': 'SimpleImputer', 'strategy': 'constant'}. Best is trial 5 with value: 1781.0309225712697.
[I 2023-12-05 17:10:45,712] Trial 46 finished with value: 1811.0442113325182 and parameters: {'model_name': 'SimpleImputer', 'strategy': 'constant'}. Best is trial 5 with value: 1781.0309225712697.
[I 2023-12-05 17:10:46,136] Trial 36 finished with value: 1811.0442113325182 and parameters: {'model_name': 'SimpleImputer', 'strategy': 'constant'}. Best is trial 5 with value: 1781.0309225712697.
[I 2023-12-05 17:10:46,697] Trial 29 finished with value: inf and parameters: {'model_name': 'IterativeImputer', 'estimator': 'KNN', 'sample_posterior': True, 'initial_strategy': 'median', 'imputation_order': 'roman'}. Best is trial 5 with value: 1781.0309225712697.
[I 2023-12-05 17:10:48,065] Trial 45 finished with value: inf and parameters: {'model_name': 'IterativeImputer', 'estimator': 'Ridge', 'sample_posterior': True, 'initial_strategy': 'most_frequent', 'imputation_order': 'ascending'}. Best is trial 5 with value: 1781.0309225712697.
[I 2023-12-05 17:10:50,312] Trial 11 finished with value: 1750.2908421155207 and parameters: {'model_name': 'RandomForestImputer', 'max_iter': 1, 'decreasing': True, 'min_samples_split': 0.30000000000000004, 'min_samples_leaf': 0.4, 'max_features': 0.8, 'warm_start': True}. Best is trial 11 with value: 1750.2908421155207.
2023-12-05 17:10:52.188132: E external/local_xla/xla/stream_executor/cuda/cuda_driver.cc:274] failed call to cuInit: CUDA_ERROR_NO_DEVICE: no CUDA-capable device is detected
2023-12-05 17:10:52.646833: I tensorflow/compiler/mlir/mlir_graph_optimization_pass.cc:388] MLIR V1 optimization pass is not enabled
[I 2023-12-05 17:10:53,783] Trial 22 finished with value: 1747.0573083404975 and parameters: {'model_name': 'KNNImputer', 'weights': 'uniform', 'keep_empty_features': False}. Best is trial 22 with value: 1747.0573083404975.
[I 2023-12-05 17:10:54,251] Trial 0 finished with value: 1760.8645281494498 and parameters: {'model_name': 'KNNImputer', 'weights': 'distance', 'keep_empty_features': False}. Best is trial 22 with value: 1747.0573083404975.
[I 2023-12-05 17:10:54,663] Trial 19 finished with value: 1747.0573083404975 and parameters: {'model_name': 'KNNImputer', 'weights': 'uniform', 'keep_empty_features': False}. Best is trial 22 with value: 1747.0573083404975.
[I 2023-12-05 17:10:55,877] Trial 63 finished with value: 1750.2908421155207 and parameters: {'model_name': 'RandomForestImputer', 'max_iter': 1, 'decreasing': True, 'min_samples_split': 0.30000000000000004, 'min_samples_leaf': 0.4, 'max_features': 0.8, 'warm_start': True}. Best is trial 22 with value: 1747.0573083404975.
[I 2023-12-05 17:10:56,781] Trial 3 finished with value: 14745.988611931532 and parameters: {'model_name': 'GAIN', 'batch_size': 747, 'hint_rate': 0.28, 'alpha': 7, 'iterations': 2}. Best is trial 22 with value: 1747.0573083404975.
[I 2023-12-05 17:10:56,728] Trial 17 finished with value: 1760.8645281494498 and parameters: {'model_name': 'KNNImputer', 'weights': 'distance', 'keep_empty_features': False}. Best is trial 22 with value: 1747.0573083404975.
[I 2023-12-05 17:10:57,678] Trial 21 finished with value: 1747.0573083404975 and parameters: {'model_name': 'KNNImputer', 'weights': 'uniform', 'keep_empty_features': False}. Best is trial 22 with value: 1747.0573083404975.
[I 2023-12-05 17:10:58,305] Trial 47 finished with value: 1747.0573083404975 and parameters: {'model_name': 'KNNImputer', 'weights': 'uniform', 'keep_empty_features': False}. Best is trial 22 with value: 1747.0573083404975.
[I 2023-12-05 17:10:58,583] Trial 56 finished with value: 1747.0573083404975 and parameters: {'model_name': 'KNNImputer', 'weights': 'uniform', 'keep_empty_features': False}. Best is trial 22 with value: 1747.0573083404975.
[I 2023-12-05 17:11:00,019] Trial 43 finished with value: 1760.8645281494498 and parameters: {'model_name': 'KNNImputer', 'weights': 'distance', 'keep_empty_features': False}. Best is trial 22 with value: 1747.0573083404975.
[I 2023-12-05 17:11:00,605] Trial 55 finished with value: 1747.0573083404975 and parameters: {'model_name': 'KNNImputer', 'weights': 'uniform', 'keep_empty_features': False}. Best is trial 22 with value: 1747.0573083404975.
[I 2023-12-05 17:11:00,940] Trial 52 finished with value: 1760.8645281494498 and parameters: {'model_name': 'KNNImputer', 'weights': 'distance', 'keep_empty_features': False}. Best is trial 22 with value: 1747.0573083404975.
[I 2023-12-05 17:11:01,183] Trial 60 finished with value: 1747.0573083404975 and parameters: {'model_name': 'KNNImputer', 'weights': 'uniform', 'keep_empty_features': False}. Best is trial 22 with value: 1747.0573083404975.
[I 2023-12-05 17:11:02,633] Trial 64 finished with value: 1750.2908421155207 and parameters: {'model_name': 'RandomForestImputer', 'max_iter': 1, 'decreasing': True, 'min_samples_split': 0.30000000000000004, 'min_samples_leaf': 0.4, 'max_features': 0.8, 'warm_start': True}. Best is trial 22 with value: 1747.0573083404975.
[I 2023-12-05 17:11:03,242] Trial 61 finished with value: 1760.8645281494498 and parameters: {'model_name': 'KNNImputer', 'weights': 'distance', 'keep_empty_features': False}. Best is trial 22 with value: 1747.0573083404975.
[I 2023-12-05 17:11:06,189] Trial 35 finished with value: 16253.990325762437 and parameters: {'model_name': 'GAIN', 'batch_size': 2, 'hint_rate': 0.61, 'alpha': 81, 'iterations': 5}. Best is trial 22 with value: 1747.0573083404975.
[I 2023-12-05 17:11:07,568] Trial 23 finished with value: 27568.379217399546 and parameters: {'model_name': 'GAIN', 'batch_size': 264, 'hint_rate': 0.22, 'alpha': 61, 'iterations': 5}. Best is trial 22 with value: 1747.0573083404975.
[I 2023-12-05 17:11:07,583] Trial 33 finished with value: 1794.9145075373021 and parameters: {'model_name': 'RandomForestImputer', 'max_iter': 2, 'decreasing': True, 'min_samples_split': 0.5, 'min_samples_leaf': 0.6, 'max_features': 0.30000000000000004, 'warm_start': True}. Best is trial 22 with value: 1747.0573083404975.
[I 2023-12-05 17:11:08,170] Trial 57 finished with value: 14613.80546770087 and parameters: {'model_name': 'GAIN', 'batch_size': 18, 'hint_rate': 0.11, 'alpha': 97, 'iterations': 1}. Best is trial 22 with value: 1747.0573083404975.
[I 2023-12-05 17:11:08,419] Trial 66 finished with value: 1747.0573083404975 and parameters: {'model_name': 'KNNImputer', 'weights': 'uniform', 'keep_empty_features': False}. Best is trial 22 with value: 1747.0573083404975.
[I 2023-12-05 17:11:08,796] Trial 65 finished with value: 1747.0573083404975 and parameters: {'model_name': 'KNNImputer', 'weights': 'uniform', 'keep_empty_features': False}. Best is trial 22 with value: 1747.0573083404975.
[I 2023-12-05 17:11:09,056] Trial 67 finished with value: 1747.0573083404975 and parameters: {'model_name': 'KNNImputer', 'weights': 'uniform', 'keep_empty_features': False}. Best is trial 22 with value: 1747.0573083404975.
[I 2023-12-05 17:11:10,482] Trial 68 finished with value: 1747.0573083404975 and parameters: {'model_name': 'KNNImputer', 'weights': 'uniform', 'keep_empty_features': False}. Best is trial 22 with value: 1747.0573083404975.
[I 2023-12-05 17:11:11,307] Trial 69 finished with value: 1747.0573083404975 and parameters: {'model_name': 'KNNImputer', 'weights': 'uniform', 'keep_empty_features': False}. Best is trial 22 with value: 1747.0573083404975.
[I 2023-12-05 17:11:11,579] Trial 71 finished with value: 1747.0573083404975 and parameters: {'model_name': 'KNNImputer', 'weights': 'uniform', 'keep_empty_features': False}. Best is trial 22 with value: 1747.0573083404975.
[I 2023-12-05 17:11:12,228] Trial 70 finished with value: 1747.0573083404975 and parameters: {'model_name': 'KNNImputer', 'weights': 'uniform', 'keep_empty_features': False}. Best is trial 22 with value: 1747.0573083404975.
[I 2023-12-05 17:11:12,504] Trial 72 finished with value: 1747.0573083404975 and parameters: {'model_name': 'KNNImputer', 'weights': 'uniform', 'keep_empty_features': False}. Best is trial 22 with value: 1747.0573083404975.
[I 2023-12-05 17:11:13,004] Trial 73 finished with value: 1747.0573083404975 and parameters: {'model_name': 'KNNImputer', 'weights': 'uniform', 'keep_empty_features': False}. Best is trial 22 with value: 1747.0573083404975.
[I 2023-12-05 17:11:14,196] Trial 74 finished with value: 1747.0573083404975 and parameters: {'model_name': 'KNNImputer', 'weights': 'uniform', 'keep_empty_features': False}. Best is trial 22 with value: 1747.0573083404975.
[I 2023-12-05 17:11:14,791] Trial 32 finished with value: 21275.370768122124 and parameters: {'model_name': 'GAIN', 'batch_size': 2, 'hint_rate': 0.63, 'alpha': 14, 'iterations': 12}. Best is trial 22 with value: 1747.0573083404975.
[I 2023-12-05 17:11:16,609] Trial 78 finished with value: 1747.0573083404975 and parameters: {'model_name': 'KNNImputer', 'weights': 'uniform', 'keep_empty_features': False}. Best is trial 22 with value: 1747.0573083404975.
[I 2023-12-05 17:11:18,500] Trial 79 finished with value: 1747.0573083404975 and parameters: {'model_name': 'KNNImputer', 'weights': 'uniform', 'keep_empty_features': False}. Best is trial 22 with value: 1747.0573083404975.
[I 2023-12-05 17:11:19,890] Trial 82 finished with value: 1747.0573083404975 and parameters: {'model_name': 'KNNImputer', 'weights': 'uniform', 'keep_empty_features': False}. Best is trial 22 with value: 1747.0573083404975.
[I 2023-12-05 17:11:20,371] Trial 24 finished with value: 1810.99193618173 and parameters: {'model_name': 'RandomForestImputer', 'max_iter': 5, 'decreasing': False, 'min_samples_split': 0.8, 'min_samples_leaf': 0.5, 'max_features': 0.8, 'warm_start': True}. Best is trial 22 with value: 1747.0573083404975.
[I 2023-12-05 17:11:20,608] Trial 81 finished with value: 1747.0573083404975 and parameters: {'model_name': 'KNNImputer', 'weights': 'uniform', 'keep_empty_features': False}. Best is trial 22 with value: 1747.0573083404975.
[I 2023-12-05 17:11:21,664] Trial 80 finished with value: 1747.0573083404975 and parameters: {'model_name': 'KNNImputer', 'weights': 'uniform', 'keep_empty_features': False}. Best is trial 22 with value: 1747.0573083404975.
[I 2023-12-05 17:11:22,122] Trial 83 finished with value: 1747.0573083404975 and parameters: {'model_name': 'KNNImputer', 'weights': 'uniform', 'keep_empty_features': False}. Best is trial 22 with value: 1747.0573083404975.
[I 2023-12-05 17:11:22,390] Trial 48 finished with value: 1750.2908421155207 and parameters: {'model_name': 'RandomForestImputer', 'max_iter': 1, 'decreasing': True, 'min_samples_split': 0.2, 'min_samples_leaf': 0.1, 'max_features': 0.1, 'warm_start': False}. Best is trial 22 with value: 1747.0573083404975.
[I 2023-12-05 17:11:22,717] Trial 84 finished with value: 1747.0573083404975 and parameters: {'model_name': 'KNNImputer', 'weights': 'uniform', 'keep_empty_features': False}. Best is trial 22 with value: 1747.0573083404975.
[I 2023-12-05 17:11:23,029] Trial 85 finished with value: 1747.0573083404975 and parameters: {'model_name': 'KNNImputer', 'weights': 'uniform', 'keep_empty_features': False}. Best is trial 22 with value: 1747.0573083404975.
[I 2023-12-05 17:11:23,742] Trial 86 finished with value: 1747.0573083404975 and parameters: {'model_name': 'KNNImputer', 'weights': 'uniform', 'keep_empty_features': False}. Best is trial 22 with value: 1747.0573083404975.
[I 2023-12-05 17:11:23,954] Trial 53 finished with value: 1750.2908421155207 and parameters: {'model_name': 'RandomForestImputer', 'max_iter': 1, 'decreasing': False, 'min_samples_split': 0.1, 'min_samples_leaf': 0.30000000000000004, 'max_features': 0.6, 'warm_start': False}. Best is trial 22 with value: 1747.0573083404975.
[I 2023-12-05 17:11:24,321] Trial 88 finished with value: 1747.0573083404975 and parameters: {'model_name': 'KNNImputer', 'weights': 'uniform', 'keep_empty_features': False}. Best is trial 22 with value: 1747.0573083404975.
[I 2023-12-05 17:11:24,706] Trial 49 finished with value: 1750.2908421155207 and parameters: {'model_name': 'RandomForestImputer', 'max_iter': 1, 'decreasing': False, 'min_samples_split': 0.5, 'min_samples_leaf': 0.7000000000000001, 'max_features': 0.1, 'warm_start': False}. Best is trial 22 with value: 1747.0573083404975.
[I 2023-12-05 17:11:25,267] Trial 87 finished with value: 1747.0573083404975 and parameters: {'model_name': 'KNNImputer', 'weights': 'uniform', 'keep_empty_features': False}. Best is trial 22 with value: 1747.0573083404975.
[I 2023-12-05 17:11:25,860] Trial 90 finished with value: 1747.0573083404975 and parameters: {'model_name': 'KNNImputer', 'weights': 'uniform', 'keep_empty_features': False}. Best is trial 22 with value: 1747.0573083404975.
[I 2023-12-05 17:11:26,134] Trial 91 finished with value: 1747.0573083404975 and parameters: {'model_name': 'KNNImputer', 'weights': 'uniform', 'keep_empty_features': False}. Best is trial 22 with value: 1747.0573083404975.
[I 2023-12-05 17:11:26,452] Trial 89 finished with value: 1747.0573083404975 and parameters: {'model_name': 'KNNImputer', 'weights': 'uniform', 'keep_empty_features': False}. Best is trial 22 with value: 1747.0573083404975.
[I 2023-12-05 17:11:26,796] Trial 92 finished with value: 1747.0573083404975 and parameters: {'model_name': 'KNNImputer', 'weights': 'uniform', 'keep_empty_features': False}. Best is trial 22 with value: 1747.0573083404975.
[I 2023-12-05 17:11:27,486] Trial 93 finished with value: 1747.0573083404975 and parameters: {'model_name': 'KNNImputer', 'weights': 'uniform', 'keep_empty_features': False}. Best is trial 22 with value: 1747.0573083404975.
[I 2023-12-05 17:11:28,337] Trial 94 finished with value: 1747.0573083404975 and parameters: {'model_name': 'KNNImputer', 'weights': 'uniform', 'keep_empty_features': False}. Best is trial 22 with value: 1747.0573083404975.
[I 2023-12-05 17:11:29,300] Trial 95 finished with value: 1747.0573083404975 and parameters: {'model_name': 'KNNImputer', 'weights': 'uniform', 'keep_empty_features': False}. Best is trial 22 with value: 1747.0573083404975.
[I 2023-12-05 17:11:30,272] Trial 97 finished with value: 1747.0573083404975 and parameters: {'model_name': 'KNNImputer', 'weights': 'uniform', 'keep_empty_features': False}. Best is trial 22 with value: 1747.0573083404975.
[I 2023-12-05 17:11:30,512] Trial 30 finished with value: 1553.8128544987535 and parameters: {'model_name': 'IterativeImputer', 'estimator': 'Ridge', 'sample_posterior': False, 'initial_strategy': 'most_frequent', 'imputation_order': 'arabic'}. Best is trial 30 with value: 1553.8128544987535.
[I 2023-12-05 17:11:31,010] Trial 98 finished with value: 1747.0573083404975 and parameters: {'model_name': 'KNNImputer', 'weights': 'uniform', 'keep_empty_features': False}. Best is trial 30 with value: 1553.8128544987535.
[I 2023-12-05 17:11:31,304] Trial 99 finished with value: 1747.0573083404975 and parameters: {'model_name': 'KNNImputer', 'weights': 'uniform', 'keep_empty_features': False}. Best is trial 30 with value: 1553.8128544987535.
[I 2023-12-05 17:11:32,018] Trial 26 finished with value: inf and parameters: {'model_name': 'IterativeImputer', 'estimator': 'RFR', 'sample_posterior': True, 'initial_strategy': 'mean', 'imputation_order': 'arabic'}. Best is trial 30 with value: 1553.8128544987535.
[I 2023-12-05 17:11:32,330] Trial 31 finished with value: inf and parameters: {'model_name': 'IterativeImputer', 'estimator': 'RFR', 'sample_posterior': True, 'initial_strategy': 'constant', 'imputation_order': 'roman'}. Best is trial 30 with value: 1553.8128544987535.
[I 2023-12-05 17:11:32,827] Trial 42 finished with value: inf and parameters: {'model_name': 'IterativeImputer', 'estimator': 'RFR', 'sample_posterior': True, 'initial_strategy': 'most_frequent', 'imputation_order': 'arabic'}. Best is trial 30 with value: 1553.8128544987535.
[I 2023-12-05 17:11:34,055] Trial 59 finished with value: 1810.9919549311776 and parameters: {'model_name': 'RandomForestImputer', 'max_iter': 20, 'decreasing': False, 'min_samples_split': 0.7000000000000001, 'min_samples_leaf': 0.30000000000000004, 'max_features': 0.2, 'warm_start': True}. Best is trial 30 with value: 1553.8128544987535.
[I 2023-12-05 17:11:39,493] Trial 8 finished with value: 12625.180418322938 and parameters: {'model_name': 'GAIN', 'batch_size': 4, 'hint_rate': 0.18000000000000002, 'alpha': 18, 'iterations': 76}. Best is trial 30 with value: 1553.8128544987535.
[I 2023-12-05 17:11:41,395] Trial 40 finished with value: 8216.689853610167 and parameters: {'model_name': 'GAIN', 'batch_size': 1, 'hint_rate': 0.79, 'alpha': 31, 'iterations': 67}. Best is trial 30 with value: 1553.8128544987535.
[I 2023-12-05 17:11:42,901] Trial 44 finished with value: 1795.379690757873 and parameters: {'model_name': 'RandomForestImputer', 'max_iter': 26, 'decreasing': True, 'min_samples_split': 0.5, 'min_samples_leaf': 0.9, 'max_features': 0.1, 'warm_start': True}. Best is trial 30 with value: 1553.8128544987535.
[I 2023-12-05 17:11:43,780] Trial 122 finished with value: 1526.636028269116 and parameters: {'model_name': 'IterativeImputer', 'estimator': 'Bayesian', 'sample_posterior': False, 'initial_strategy': 'most_frequent', 'imputation_order': 'random'}. Best is trial 122 with value: 1526.636028269116.
[I 2023-12-05 17:11:45,781] Trial 18 finished with value: 1750.5943067821768 and parameters: {'model_name': 'RandomForestImputer', 'max_iter': 5, 'decreasing': True, 'min_samples_split': 0.0, 'min_samples_leaf': 0.4, 'max_features': 0.2, 'warm_start': False}. Best is trial 122 with value: 1526.636028269116.
[I 2023-12-05 17:11:46,045] Trial 121 finished with value: 1446.254167263551 and parameters: {'model_name': 'IterativeImputer', 'estimator': 'Bayesian', 'sample_posterior': False, 'initial_strategy': 'most_frequent', 'imputation_order': 'random'}. Best is trial 121 with value: 1446.254167263551.
[I 2023-12-05 17:11:49,283] Trial 104 finished with value: 1505.849326817463 and parameters: {'model_name': 'IterativeImputer', 'estimator': 'Bayesian', 'sample_posterior': False, 'initial_strategy': 'mean', 'imputation_order': 'random'}. Best is trial 121 with value: 1446.254167263551.
[I 2023-12-05 17:11:50,819] Trial 123 finished with value: 1509.4592027377307 and parameters: {'model_name': 'IterativeImputer', 'estimator': 'Bayesian', 'sample_posterior': False, 'initial_strategy': 'most_frequent', 'imputation_order': 'random'}. Best is trial 121 with value: 1446.254167263551.
[I 2023-12-05 17:11:51,752] Trial 106 finished with value: 1411.2218489614258 and parameters: {'model_name': 'IterativeImputer', 'estimator': 'Bayesian', 'sample_posterior': False, 'initial_strategy': 'mean', 'imputation_order': 'random'}. Best is trial 106 with value: 1411.2218489614258.
[I 2023-12-05 17:11:52,161] Trial 107 finished with value: 1709.4433057587712 and parameters: {'model_name': 'IterativeImputer', 'estimator': 'Bayesian', 'sample_posterior': False, 'initial_strategy': 'mean', 'imputation_order': 'random'}. Best is trial 106 with value: 1411.2218489614258.
[I 2023-12-05 17:11:52,653] Trial 50 finished with value: 16146.76816004378 and parameters: {'model_name': 'GAIN', 'batch_size': 310, 'hint_rate': 0.5800000000000001, 'alpha': 85, 'iterations': 84}. Best is trial 106 with value: 1411.2218489614258.
[I 2023-12-05 17:11:53,230] Trial 117 finished with value: 1549.2105245067828 and parameters: {'model_name': 'IterativeImputer', 'estimator': 'Bayesian', 'sample_posterior': False, 'initial_strategy': 'most_frequent', 'imputation_order': 'arabic'}. Best is trial 106 with value: 1411.2218489614258.
[I 2023-12-05 17:11:53,525] Trial 119 finished with value: 1549.2105245067828 and parameters: {'model_name': 'IterativeImputer', 'estimator': 'Bayesian', 'sample_posterior': False, 'initial_strategy': 'most_frequent', 'imputation_order': 'arabic'}. Best is trial 106 with value: 1411.2218489614258.
[I 2023-12-05 17:11:53,865] Trial 111 finished with value: 1417.206014906273 and parameters: {'model_name': 'IterativeImputer', 'estimator': 'Bayesian', 'sample_posterior': False, 'initial_strategy': 'mean', 'imputation_order': 'random'}. Best is trial 106 with value: 1411.2218489614258.
[I 2023-12-05 17:11:54,918] Trial 114 finished with value: 1509.342811796564 and parameters: {'model_name': 'IterativeImputer', 'estimator': 'Bayesian', 'sample_posterior': False, 'initial_strategy': 'mean', 'imputation_order': 'random'}. Best is trial 106 with value: 1411.2218489614258.
[I 2023-12-05 17:11:55,829] Trial 116 finished with value: 1513.2334143792687 and parameters: {'model_name': 'IterativeImputer', 'estimator': 'Bayesian', 'sample_posterior': False, 'initial_strategy': 'mean', 'imputation_order': 'random'}. Best is trial 106 with value: 1411.2218489614258.
[I 2023-12-05 17:11:56,429] Trial 115 finished with value: 1536.1625732559112 and parameters: {'model_name': 'IterativeImputer', 'estimator': 'Bayesian', 'sample_posterior': False, 'initial_strategy': 'mean', 'imputation_order': 'random'}. Best is trial 106 with value: 1411.2218489614258.
[I 2023-12-05 17:11:57,272] Trial 120 finished with value: 1544.8207220819777 and parameters: {'model_name': 'IterativeImputer', 'estimator': 'Bayesian', 'sample_posterior': False, 'initial_strategy': 'most_frequent', 'imputation_order': 'random'}. Best is trial 106 with value: 1411.2218489614258.
[I 2023-12-05 17:12:01,076] Trial 137 finished with value: 1459.1090204923644 and parameters: {'model_name': 'IterativeImputer', 'estimator': 'Bayesian', 'sample_posterior': False, 'initial_strategy': 'most_frequent', 'imputation_order': 'random'}. Best is trial 106 with value: 1411.2218489614258.
[I 2023-12-05 17:12:02,032] Trial 124 finished with value: 1569.3391861571922 and parameters: {'model_name': 'IterativeImputer', 'estimator': 'Bayesian', 'sample_posterior': False, 'initial_strategy': 'most_frequent', 'imputation_order': 'random'}. Best is trial 106 with value: 1411.2218489614258.
[I 2023-12-05 17:12:04,981] Trial 138 finished with value: 1411.7463578739942 and parameters: {'model_name': 'IterativeImputer', 'estimator': 'Bayesian', 'sample_posterior': False, 'initial_strategy': 'most_frequent', 'imputation_order': 'random'}. Best is trial 106 with value: 1411.2218489614258.
[I 2023-12-05 17:12:05,259] Trial 125 finished with value: 1435.323557679354 and parameters: {'model_name': 'IterativeImputer', 'estimator': 'Bayesian', 'sample_posterior': False, 'initial_strategy': 'most_frequent', 'imputation_order': 'random'}. Best is trial 106 with value: 1411.2218489614258.
[I 2023-12-05 17:12:06,481] Trial 133 finished with value: 1472.394451545644 and parameters: {'model_name': 'IterativeImputer', 'estimator': 'Bayesian', 'sample_posterior': False, 'initial_strategy': 'mean', 'imputation_order': 'random'}. Best is trial 106 with value: 1411.2218489614258.
[I 2023-12-05 17:12:07,301] Trial 127 finished with value: 1486.7901085296057 and parameters: {'model_name': 'IterativeImputer', 'estimator': 'Bayesian', 'sample_posterior': False, 'initial_strategy': 'most_frequent', 'imputation_order': 'random'}. Best is trial 106 with value: 1411.2218489614258.
[I 2023-12-05 17:12:08,520] Trial 129 finished with value: 1555.494214673988 and parameters: {'model_name': 'IterativeImputer', 'estimator': 'Bayesian', 'sample_posterior': False, 'initial_strategy': 'most_frequent', 'imputation_order': 'random'}. Best is trial 106 with value: 1411.2218489614258.
[I 2023-12-05 17:12:09,136] Trial 126 finished with value: 1445.9790885113875 and parameters: {'model_name': 'IterativeImputer', 'estimator': 'Bayesian', 'sample_posterior': False, 'initial_strategy': 'most_frequent', 'imputation_order': 'random'}. Best is trial 106 with value: 1411.2218489614258.
[I 2023-12-05 17:12:10,830] Trial 132 finished with value: 1501.7616757326225 and parameters: {'model_name': 'IterativeImputer', 'estimator': 'Bayesian', 'sample_posterior': False, 'initial_strategy': 'most_frequent', 'imputation_order': 'random'}. Best is trial 106 with value: 1411.2218489614258.
[I 2023-12-05 17:12:11,717] Trial 128 finished with value: 1489.7182304903265 and parameters: {'model_name': 'IterativeImputer', 'estimator': 'Bayesian', 'sample_posterior': False, 'initial_strategy': 'most_frequent', 'imputation_order': 'random'}. Best is trial 106 with value: 1411.2218489614258.
[I 2023-12-05 17:12:14,441] Trial 134 finished with value: 1443.3698125082879 and parameters: {'model_name': 'IterativeImputer', 'estimator': 'Bayesian', 'sample_posterior': False, 'initial_strategy': 'mean', 'imputation_order': 'random'}. Best is trial 106 with value: 1411.2218489614258.
[I 2023-12-05 17:12:15,044] Trial 130 finished with value: 1459.8027525101734 and parameters: {'model_name': 'IterativeImputer', 'estimator': 'Bayesian', 'sample_posterior': False, 'initial_strategy': 'most_frequent', 'imputation_order': 'random'}. Best is trial 106 with value: 1411.2218489614258.
[I 2023-12-05 17:12:16,292] Trial 136 finished with value: 1441.67160831634 and parameters: {'model_name': 'IterativeImputer', 'estimator': 'Bayesian', 'sample_posterior': False, 'initial_strategy': 'most_frequent', 'imputation_order': 'random'}. Best is trial 106 with value: 1411.2218489614258.
[I 2023-12-05 17:12:16,917] Trial 135 finished with value: 1601.972701071064 and parameters: {'model_name': 'IterativeImputer', 'estimator': 'Bayesian', 'sample_posterior': False, 'initial_strategy': 'most_frequent', 'imputation_order': 'random'}. Best is trial 106 with value: 1411.2218489614258.
[I 2023-12-05 17:12:18,565] Trial 139 finished with value: 1585.674801495469 and parameters: {'model_name': 'IterativeImputer', 'estimator': 'Bayesian', 'sample_posterior': False, 'initial_strategy': 'mean', 'imputation_order': 'random'}. Best is trial 106 with value: 1411.2218489614258.
[I 2023-12-05 17:12:19,632] Trial 131 finished with value: 1432.7392507313436 and parameters: {'model_name': 'IterativeImputer', 'estimator': 'Bayesian', 'sample_posterior': False, 'initial_strategy': 'most_frequent', 'imputation_order': 'random'}. Best is trial 106 with value: 1411.2218489614258.
[I 2023-12-05 17:12:20,510] Trial 140 finished with value: 1553.217513478554 and parameters: {'model_name': 'IterativeImputer', 'estimator': 'Bayesian', 'sample_posterior': False, 'initial_strategy': 'mean', 'imputation_order': 'random'}. Best is trial 106 with value: 1411.2218489614258.
[I 2023-12-05 17:12:23,273] Trial 141 finished with value: 1517.5164225619153 and parameters: {'model_name': 'IterativeImputer', 'estimator': 'Bayesian', 'sample_posterior': False, 'initial_strategy': 'mean', 'imputation_order': 'random'}. Best is trial 106 with value: 1411.2218489614258.
[I 2023-12-05 17:12:25,619] Trial 51 finished with value: 1750.4775552633926 and parameters: {'model_name': 'RandomForestImputer', 'max_iter': 29, 'decreasing': False, 'min_samples_split': 0.2, 'min_samples_leaf': 0.5, 'max_features': 0.6, 'warm_start': False}. Best is trial 106 with value: 1411.2218489614258.
[I 2023-12-05 17:12:27,069] Trial 10 finished with value: 1518.0672222041585 and parameters: {'model_name': 'IterativeImputer', 'estimator': 'Bayesian', 'sample_posterior': True, 'initial_strategy': 'median', 'imputation_order': 'descending'}. Best is trial 106 with value: 1411.2218489614258.
[I 2023-12-05 17:12:28,523] Trial 143 finished with value: 1631.436608025343 and parameters: {'model_name': 'IterativeImputer', 'estimator': 'Bayesian', 'sample_posterior': False, 'initial_strategy': 'mean', 'imputation_order': 'random'}. Best is trial 106 with value: 1411.2218489614258.
[I 2023-12-05 17:12:29,245] Trial 142 finished with value: 1531.9768850270204 and parameters: {'model_name': 'IterativeImputer', 'estimator': 'Bayesian', 'sample_posterior': False, 'initial_strategy': 'mean', 'imputation_order': 'random'}. Best is trial 106 with value: 1411.2218489614258.
[I 2023-12-05 17:12:31,475] Trial 145 finished with value: 1776.0769233537803 and parameters: {'model_name': 'IterativeImputer', 'estimator': 'Bayesian', 'sample_posterior': False, 'initial_strategy': 'mean', 'imputation_order': 'random'}. Best is trial 106 with value: 1411.2218489614258.
[I 2023-12-05 17:12:32,324] Trial 144 finished with value: 1417.429662585056 and parameters: {'model_name': 'IterativeImputer', 'estimator': 'Bayesian', 'sample_posterior': False, 'initial_strategy': 'mean', 'imputation_order': 'random'}. Best is trial 106 with value: 1411.2218489614258.
[I 2023-12-05 17:12:34,146] Trial 146 finished with value: 1432.289972838972 and parameters: {'model_name': 'IterativeImputer', 'estimator': 'Bayesian', 'sample_posterior': False, 'initial_strategy': 'mean', 'imputation_order': 'random'}. Best is trial 106 with value: 1411.2218489614258.
[I 2023-12-05 17:12:34,780] Trial 148 finished with value: 1674.7241706642767 and parameters: {'model_name': 'IterativeImputer', 'estimator': 'Bayesian', 'sample_posterior': False, 'initial_strategy': 'mean', 'imputation_order': 'random'}. Best is trial 106 with value: 1411.2218489614258.
[I 2023-12-05 17:12:35,394] Trial 149 finished with value: 1345.971443325958 and parameters: {'model_name': 'IterativeImputer', 'estimator': 'Bayesian', 'sample_posterior': False, 'initial_strategy': 'mean', 'imputation_order': 'random'}. Best is trial 149 with value: 1345.971443325958.
[I 2023-12-05 17:12:36,542] Trial 147 finished with value: 1722.5774005876917 and parameters: {'model_name': 'IterativeImputer', 'estimator': 'Bayesian', 'sample_posterior': False, 'initial_strategy': 'mean', 'imputation_order': 'random'}. Best is trial 149 with value: 1345.971443325958.
[I 2023-12-05 17:12:38,679] Trial 150 finished with value: 1487.5817113705227 and parameters: {'model_name': 'IterativeImputer', 'estimator': 'Bayesian', 'sample_posterior': False, 'initial_strategy': 'mean', 'imputation_order': 'random'}. Best is trial 149 with value: 1345.971443325958.
[I 2023-12-05 17:12:39,323] Trial 151 finished with value: 1529.9939991197728 and parameters: {'model_name': 'IterativeImputer', 'estimator': 'Bayesian', 'sample_posterior': False, 'initial_strategy': 'most_frequent', 'imputation_order': 'random'}. Best is trial 149 with value: 1345.971443325958.
[I 2023-12-05 17:12:42,921] Trial 153 finished with value: 1752.4259833844349 and parameters: {'model_name': 'IterativeImputer', 'estimator': 'Bayesian', 'sample_posterior': False, 'initial_strategy': 'mean', 'imputation_order': 'random'}. Best is trial 149 with value: 1345.971443325958.
[I 2023-12-05 17:12:43,909] Trial 154 finished with value: 1459.5469765436178 and parameters: {'model_name': 'IterativeImputer', 'estimator': 'Bayesian', 'sample_posterior': False, 'initial_strategy': 'mean', 'imputation_order': 'random'}. Best is trial 149 with value: 1345.971443325958.
[I 2023-12-05 17:12:44,755] Trial 152 finished with value: 1535.2092064307747 and parameters: {'model_name': 'IterativeImputer', 'estimator': 'Bayesian', 'sample_posterior': False, 'initial_strategy': 'mean', 'imputation_order': 'random'}. Best is trial 149 with value: 1345.971443325958.
[I 2023-12-05 17:12:45,309] Trial 155 finished with value: 1484.5350071173696 and parameters: {'model_name': 'IterativeImputer', 'estimator': 'Bayesian', 'sample_posterior': False, 'initial_strategy': 'mean', 'imputation_order': 'random'}. Best is trial 149 with value: 1345.971443325958.
[I 2023-12-05 17:12:45,958] Trial 175 finished with value: 1750.2908421155207 and parameters: {'model_name': 'SimpleImputer', 'strategy': 'mean'}. Best is trial 149 with value: 1345.971443325958.
[I 2023-12-05 17:12:48,267] Trial 158 finished with value: 1537.358853258005 and parameters: {'model_name': 'IterativeImputer', 'estimator': 'Bayesian', 'sample_posterior': False, 'initial_strategy': 'most_frequent', 'imputation_order': 'descending'}. Best is trial 149 with value: 1345.971443325958.
[I 2023-12-05 17:12:48,589] Trial 156 finished with value: 1422.036736024674 and parameters: {'model_name': 'IterativeImputer', 'estimator': 'Bayesian', 'sample_posterior': False, 'initial_strategy': 'mean', 'imputation_order': 'random'}. Best is trial 149 with value: 1345.971443325958.
[I 2023-12-05 17:12:49,016] Trial 157 finished with value: 1537.358853258005 and parameters: {'model_name': 'IterativeImputer', 'estimator': 'Bayesian', 'sample_posterior': False, 'initial_strategy': 'most_frequent', 'imputation_order': 'descending'}. Best is trial 149 with value: 1345.971443325958.
[I 2023-12-05 17:12:53,201] Trial 159 finished with value: 1537.358853258005 and parameters: {'model_name': 'IterativeImputer', 'estimator': 'Bayesian', 'sample_posterior': False, 'initial_strategy': 'most_frequent', 'imputation_order': 'descending'}. Best is trial 149 with value: 1345.971443325958.
[I 2023-12-05 17:12:54,234] Trial 180 finished with value: inf and parameters: {'model_name': 'IterativeImputer', 'estimator': 'KNN', 'sample_posterior': True, 'initial_strategy': 'median', 'imputation_order': 'random'}. Best is trial 149 with value: 1345.971443325958.
[I 2023-12-05 17:12:59,390] Trial 160 finished with value: 1421.398627203162 and parameters: {'model_name': 'IterativeImputer', 'estimator': 'Bayesian', 'sample_posterior': False, 'initial_strategy': 'most_frequent', 'imputation_order': 'random'}. Best is trial 149 with value: 1345.971443325958.
[I 2023-12-05 17:13:03,040] Trial 165 finished with value: 1314.0433525087983 and parameters: {'model_name': 'IterativeImputer', 'estimator': 'KNN', 'sample_posterior': False, 'initial_strategy': 'most_frequent', 'imputation_order': 'descending'}. Best is trial 165 with value: 1314.0433525087983.
[I 2023-12-05 17:13:03,493] Trial 162 finished with value: 1537.358853258005 and parameters: {'model_name': 'IterativeImputer', 'estimator': 'Bayesian', 'sample_posterior': False, 'initial_strategy': 'most_frequent', 'imputation_order': 'descending'}. Best is trial 165 with value: 1314.0433525087983.
[I 2023-12-05 17:13:03,833] Trial 161 finished with value: 1778.0237173527657 and parameters: {'model_name': 'IterativeImputer', 'estimator': 'Bayesian', 'sample_posterior': False, 'initial_strategy': 'most_frequent', 'imputation_order': 'random'}. Best is trial 165 with value: 1314.0433525087983.
[I 2023-12-05 17:13:04,689] Trial 166 finished with value: 1285.7584863508273 and parameters: {'model_name': 'IterativeImputer', 'estimator': 'KNN', 'sample_posterior': False, 'initial_strategy': 'median', 'imputation_order': 'descending'}. Best is trial 166 with value: 1285.7584863508273.
[I 2023-12-05 17:13:04,930] Trial 167 finished with value: 1285.7584863508273 and parameters: {'model_name': 'IterativeImputer', 'estimator': 'KNN', 'sample_posterior': False, 'initial_strategy': 'median', 'imputation_order': 'descending'}. Best is trial 166 with value: 1285.7584863508273.
[I 2023-12-05 17:13:06,141] Trial 163 finished with value: 1537.358853258005 and parameters: {'model_name': 'IterativeImputer', 'estimator': 'Bayesian', 'sample_posterior': False, 'initial_strategy': 'most_frequent', 'imputation_order': 'descending'}. Best is trial 166 with value: 1285.7584863508273.
[I 2023-12-05 17:13:09,008] Trial 170 finished with value: 1285.7584863508273 and parameters: {'model_name': 'IterativeImputer', 'estimator': 'KNN', 'sample_posterior': False, 'initial_strategy': 'median', 'imputation_order': 'descending'}. Best is trial 166 with value: 1285.7584863508273.
[I 2023-12-05 17:13:09,657] Trial 169 finished with value: 1285.7584863508273 and parameters: {'model_name': 'IterativeImputer', 'estimator': 'KNN', 'sample_posterior': False, 'initial_strategy': 'median', 'imputation_order': 'descending'}. Best is trial 166 with value: 1285.7584863508273.
[I 2023-12-05 17:13:10,076] Trial 168 finished with value: 1347.358973937392 and parameters: {'model_name': 'IterativeImputer', 'estimator': 'KNN', 'sample_posterior': False, 'initial_strategy': 'median', 'imputation_order': 'random'}. Best is trial 166 with value: 1285.7584863508273.
[I 2023-12-05 17:13:11,411] Trial 171 finished with value: 1285.7584863508273 and parameters: {'model_name': 'IterativeImputer', 'estimator': 'KNN', 'sample_posterior': False, 'initial_strategy': 'median', 'imputation_order': 'descending'}. Best is trial 166 with value: 1285.7584863508273.
[I 2023-12-05 17:13:13,146] Trial 164 finished with value: 1537.358853258005 and parameters: {'model_name': 'IterativeImputer', 'estimator': 'Bayesian', 'sample_posterior': False, 'initial_strategy': 'most_frequent', 'imputation_order': 'descending'}. Best is trial 166 with value: 1285.7584863508273.
[I 2023-12-05 17:13:14,697] Trial 173 finished with value: 1307.4799581216585 and parameters: {'model_name': 'IterativeImputer', 'estimator': 'KNN', 'sample_posterior': False, 'initial_strategy': 'median', 'imputation_order': 'ascending'}. Best is trial 166 with value: 1285.7584863508273.
[I 2023-12-05 17:13:14,972] Trial 194 finished with value: 1750.2908421155207 and parameters: {'model_name': 'SimpleImputer', 'strategy': 'mean'}. Best is trial 166 with value: 1285.7584863508273.
[I 2023-12-05 17:13:15,456] Trial 195 finished with value: inf and parameters: {'model_name': 'IterativeImputer', 'estimator': 'KNN', 'sample_posterior': True, 'initial_strategy': 'median', 'imputation_order': 'ascending'}. Best is trial 166 with value: 1285.7584863508273.
[I 2023-12-05 17:13:15,972] Trial 176 finished with value: 1285.7584863508273 and parameters: {'model_name': 'IterativeImputer', 'estimator': 'KNN', 'sample_posterior': False, 'initial_strategy': 'median', 'imputation_order': 'descending'}. Best is trial 166 with value: 1285.7584863508273.
[I 2023-12-05 17:13:16,474] Trial 174 finished with value: 1312.4353357593805 and parameters: {'model_name': 'IterativeImputer', 'estimator': 'KNN', 'sample_posterior': False, 'initial_strategy': 'constant', 'imputation_order': 'descending'}. Best is trial 166 with value: 1285.7584863508273.
[I 2023-12-05 17:13:17,557] Trial 178 finished with value: 1302.9937554903784 and parameters: {'model_name': 'IterativeImputer', 'estimator': 'KNN', 'sample_posterior': False, 'initial_strategy': 'constant', 'imputation_order': 'ascending'}. Best is trial 166 with value: 1285.7584863508273.
[I 2023-12-05 17:13:18,660] Trial 179 finished with value: 1307.4799581216585 and parameters: {'model_name': 'IterativeImputer', 'estimator': 'KNN', 'sample_posterior': False, 'initial_strategy': 'median', 'imputation_order': 'ascending'}. Best is trial 166 with value: 1285.7584863508273.
[I 2023-12-05 17:13:22,349] Trial 184 finished with value: 1302.9937554903784 and parameters: {'model_name': 'IterativeImputer', 'estimator': 'KNN', 'sample_posterior': False, 'initial_strategy': 'constant', 'imputation_order': 'ascending'}. Best is trial 166 with value: 1285.7584863508273.
[I 2023-12-05 17:13:23,609] Trial 191 finished with value: 1285.7584863508273 and parameters: {'model_name': 'IterativeImputer', 'estimator': 'KNN', 'sample_posterior': False, 'initial_strategy': 'median', 'imputation_order': 'descending'}. Best is trial 166 with value: 1285.7584863508273.
[I 2023-12-05 17:13:24,086] Trial 190 finished with value: 1285.7584863508273 and parameters: {'model_name': 'IterativeImputer', 'estimator': 'KNN', 'sample_posterior': False, 'initial_strategy': 'median', 'imputation_order': 'descending'}. Best is trial 166 with value: 1285.7584863508273.
[I 2023-12-05 17:13:25,452] Trial 197 finished with value: 1285.7584863508273 and parameters: {'model_name': 'IterativeImputer', 'estimator': 'KNN', 'sample_posterior': False, 'initial_strategy': 'median', 'imputation_order': 'descending'}. Best is trial 166 with value: 1285.7584863508273.
[I 2023-12-05 17:13:26,173] Trial 58 finished with value: 1750.279036111343 and parameters: {'model_name': 'RandomForestImputer', 'max_iter': 51, 'decreasing': False, 'min_samples_split': 0.2, 'min_samples_leaf': 0.7000000000000001, 'max_features': 0.9, 'warm_start': False}. Best is trial 166 with value: 1285.7584863508273.
[I 2023-12-05 17:13:27,949] Trial 41 finished with value: 1917.6379976476328 and parameters: {'model_name': 'GAIN', 'batch_size': 282, 'hint_rate': 0.74, 'alpha': 0, 'iterations': 367}. Best is trial 166 with value: 1285.7584863508273.
[I 2023-12-05 17:13:29,873] Trial 27 finished with value: 2522.96803835879 and parameters: {'model_name': 'GAIN', 'batch_size': 8, 'hint_rate': 0.91, 'alpha': 51, 'iterations': 429}. Best is trial 166 with value: 1285.7584863508273.
[I 2023-12-05 17:14:07,661] Trial 34 finished with value: 2233.0817455341876 and parameters: {'model_name': 'GAIN', 'batch_size': 4, 'hint_rate': 0.05, 'alpha': 59, 'iterations': 918}. Best is trial 166 with value: 1285.7584863508273.
[I 2023-12-05 17:14:18,783] Trial 4 finished with value: 1822.5087131945443 and parameters: {'model_name': 'GAIN', 'batch_size': 438, 'hint_rate': 0.76, 'alpha': 90, 'iterations': 887}. Best is trial 166 with value: 1285.7584863508273.
[I 2023-12-05 17:17:02,679] Trial 14 finished with value: 1614.117868653596 and parameters: {'model_name': 'GAIN', 'batch_size': 61, 'hint_rate': 0.5, 'alpha': 27, 'iterations': 3114}. Best is trial 166 with value: 1285.7584863508273.
[I 2023-12-05 17:19:29,826] Trial 62 finished with value: 1588.5007705631199 and parameters: {'model_name': 'GAIN', 'batch_size': 75, 'hint_rate': 0.86, 'alpha': 65, 'iterations': 5045}. Best is trial 166 with value: 1285.7584863508273.
slurmstepd: error: *** JOB 434372 ON esplhpc-cp004 CANCELLED AT 2023-12-05T17:21:24 ***
slurmstepd: error: *** STEP 434372.0 ON esplhpc-cp004 CANCELLED AT 2023-12-05T17:21:24 ***
