/cm/local/apps/slurm/var/spool/job403153/slurm_script: line 19: /common/ketrong/minconda3/etc/profile.d/conda.sh: No such file or directory
/cm/local/apps/slurm/var/spool/job403153/slurm_script: line 22: $'\nconda create --name tpot2devenv -c conda-forge python=3.10\n': command not found
/cm/local/apps/slurm/var/spool/job403153/slurm_script: line 27: $'\npip install -r requirements.txt\n': command not found
RunStart
2023-11-21 15:39:43.727688: I tensorflow/core/util/port.cc:113] oneDNN custom operations are on. You may see slightly different numerical results due to floating-point round-off errors from different computation orders. To turn them off, set the environment variable `TF_ENABLE_ONEDNN_OPTS=0`.
2023-11-21 15:39:43.762187: E external/local_xla/xla/stream_executor/cuda/cuda_dnn.cc:9261] Unable to register cuDNN factory: Attempting to register factory for plugin cuDNN when one has already been registered
2023-11-21 15:39:43.762211: E external/local_xla/xla/stream_executor/cuda/cuda_fft.cc:607] Unable to register cuFFT factory: Attempting to register factory for plugin cuFFT when one has already been registered
2023-11-21 15:39:43.763332: E external/local_xla/xla/stream_executor/cuda/cuda_blas.cc:1515] Unable to register cuBLAS factory: Attempting to register factory for plugin cuBLAS when one has already been registered
2023-11-21 15:39:43.768972: I tensorflow/core/platform/cpu_feature_guard.cc:182] This TensorFlow binary is optimized to use available CPU instructions in performance-critical operations.
To enable the following instructions: AVX2 AVX512F AVX512_VNNI FMA, in other operations, rebuild TensorFlow with the appropriate compiler flags.
2023-11-21 15:39:45.626450: W tensorflow/compiler/tf2tensorrt/utils/py_utils.cc:38] TF-TRT Warning: Could not find TensorRT
WARNING:tensorflow:From /home/ketrong/miniconda3/envs/tpot2devenv/lib/python3.10/site-packages/tensorflow/python/compat/v2_compat.py:108: disable_resource_variables (from tensorflow.python.ops.variable_scope) is deprecated and will be removed in a future version.
Instructions for updating:
non-resource variables are not supported in the long term
working on 
tpot2_imputetest/Impute_Experiments/logs//tpot2_base_normal_6_0.5_MAR_1
loading data
tpot2_imputetest/Impute_Experiments/data/6_True.pkl
running experiment 1/3 - Does large hyperparameter space improve reconstruction accuracy over simple
[I 2023-11-21 15:42:04,528] A new study created in memory with name: no-name-703159a0-c808-4580-a5c7-fea87d3bdd86
[I 2023-11-21 15:42:06,329] Trial 6 finished with value: 6.857079365464867 and parameters: {'model_name': 'SimpleImputer', 'strategy': 'constant'}. Best is trial 6 with value: 6.857079365464867.
[I 2023-11-21 15:42:06,604] Trial 15 finished with value: 6.857079365464867 and parameters: {'model_name': 'SimpleImputer', 'strategy': 'constant'}. Best is trial 6 with value: 6.857079365464867.
[I 2023-11-21 15:42:06,787] Trial 18 finished with value: 6.857079365464867 and parameters: {'model_name': 'SimpleImputer', 'strategy': 'constant'}. Best is trial 6 with value: 6.857079365464867.
[I 2023-11-21 15:42:07,258] Trial 12 finished with value: 6.857079365464867 and parameters: {'model_name': 'SimpleImputer', 'strategy': 'constant'}. Best is trial 6 with value: 6.857079365464867.
[I 2023-11-21 15:42:07,511] Trial 1 finished with value: 2.0679715405229784 and parameters: {'model_name': 'SimpleImputer', 'strategy': 'mean'}. Best is trial 1 with value: 2.0679715405229784.
[I 2023-11-21 15:42:07,871] Trial 27 finished with value: 6.857079365464867 and parameters: {'model_name': 'SimpleImputer', 'strategy': 'constant'}. Best is trial 1 with value: 2.0679715405229784.
[I 2023-11-21 15:42:08,060] Trial 10 finished with value: 2.0679715405229784 and parameters: {'model_name': 'SimpleImputer', 'strategy': 'mean'}. Best is trial 1 with value: 2.0679715405229784.
[I 2023-11-21 15:42:08,332] Trial 23 finished with value: 6.857079365464867 and parameters: {'model_name': 'SimpleImputer', 'strategy': 'constant'}. Best is trial 1 with value: 2.0679715405229784.
[I 2023-11-21 15:42:08,496] Trial 5 finished with value: 2.0679715405229784 and parameters: {'model_name': 'SimpleImputer', 'strategy': 'mean'}. Best is trial 1 with value: 2.0679715405229784.
[I 2023-11-21 15:42:08,669] Trial 24 finished with value: 6.857079365464867 and parameters: {'model_name': 'SimpleImputer', 'strategy': 'constant'}. Best is trial 1 with value: 2.0679715405229784.
[I 2023-11-21 15:42:08,947] Trial 35 finished with value: 6.857079365464867 and parameters: {'model_name': 'SimpleImputer', 'strategy': 'constant'}. Best is trial 1 with value: 2.0679715405229784.
[I 2023-11-21 15:42:09,211] Trial 44 finished with value: 6.857079365464867 and parameters: {'model_name': 'SimpleImputer', 'strategy': 'constant'}. Best is trial 1 with value: 2.0679715405229784.
[I 2023-11-21 15:42:09,529] Trial 37 finished with value: 6.857079365464867 and parameters: {'model_name': 'SimpleImputer', 'strategy': 'constant'}. Best is trial 1 with value: 2.0679715405229784.
[I 2023-11-21 15:42:09,775] Trial 29 finished with value: 6.857079365464867 and parameters: {'model_name': 'SimpleImputer', 'strategy': 'constant'}. Best is trial 1 with value: 2.0679715405229784.
[I 2023-11-21 15:42:09,987] Trial 4 finished with value: 2.0679715405229784 and parameters: {'model_name': 'SimpleImputer', 'strategy': 'mean'}. Best is trial 1 with value: 2.0679715405229784.
[I 2023-11-21 15:42:10,173] Trial 14 finished with value: 2.0679715405229784 and parameters: {'model_name': 'SimpleImputer', 'strategy': 'mean'}. Best is trial 1 with value: 2.0679715405229784.
[I 2023-11-21 15:42:10,449] Trial 16 finished with value: 2.0679715405229784 and parameters: {'model_name': 'SimpleImputer', 'strategy': 'mean'}. Best is trial 1 with value: 2.0679715405229784.
[I 2023-11-21 15:42:10,845] Trial 40 finished with value: 2.0679715405229784 and parameters: {'model_name': 'SimpleImputer', 'strategy': 'mean'}. Best is trial 1 with value: 2.0679715405229784.
[I 2023-11-21 15:42:11,079] Trial 46 finished with value: 6.857079365464867 and parameters: {'model_name': 'SimpleImputer', 'strategy': 'constant'}. Best is trial 1 with value: 2.0679715405229784.
[I 2023-11-21 15:42:11,391] Trial 34 finished with value: 2.0679715405229784 and parameters: {'model_name': 'SimpleImputer', 'strategy': 'mean'}. Best is trial 1 with value: 2.0679715405229784.
[I 2023-11-21 15:42:11,699] Trial 19 finished with value: 2.0679715405229784 and parameters: {'model_name': 'SimpleImputer', 'strategy': 'mean'}. Best is trial 1 with value: 2.0679715405229784.
[I 2023-11-21 15:42:11,988] Trial 38 finished with value: 2.0679715405229784 and parameters: {'model_name': 'SimpleImputer', 'strategy': 'mean'}. Best is trial 1 with value: 2.0679715405229784.
[I 2023-11-21 15:42:12,220] Trial 39 finished with value: 2.0679715405229784 and parameters: {'model_name': 'SimpleImputer', 'strategy': 'mean'}. Best is trial 1 with value: 2.0679715405229784.
[I 2023-11-21 15:42:12,453] Trial 42 finished with value: 2.0679715405229784 and parameters: {'model_name': 'SimpleImputer', 'strategy': 'mean'}. Best is trial 1 with value: 2.0679715405229784.
[I 2023-11-21 15:42:12,887] Trial 47 finished with value: 2.0679715405229784 and parameters: {'model_name': 'SimpleImputer', 'strategy': 'mean'}. Best is trial 1 with value: 2.0679715405229784.
[I 2023-11-21 15:42:13,093] Trial 20 finished with value: 2.0864746374882635 and parameters: {'model_name': 'SimpleImputer', 'strategy': 'median'}. Best is trial 1 with value: 2.0679715405229784.
[I 2023-11-21 15:42:13,346] Trial 7 finished with value: 2.0864746374882635 and parameters: {'model_name': 'SimpleImputer', 'strategy': 'median'}. Best is trial 1 with value: 2.0679715405229784.
[I 2023-11-21 15:42:13,619] Trial 9 finished with value: 2.0864746374882635 and parameters: {'model_name': 'SimpleImputer', 'strategy': 'median'}. Best is trial 1 with value: 2.0679715405229784.
[I 2023-11-21 15:42:13,927] Trial 11 finished with value: 2.0864746374882635 and parameters: {'model_name': 'SimpleImputer', 'strategy': 'median'}. Best is trial 1 with value: 2.0679715405229784.
[I 2023-11-21 15:42:14,270] Trial 33 finished with value: 2.0864746374882635 and parameters: {'model_name': 'SimpleImputer', 'strategy': 'median'}. Best is trial 1 with value: 2.0679715405229784.
[I 2023-11-21 15:42:14,520] Trial 22 finished with value: 2.0864746374882635 and parameters: {'model_name': 'SimpleImputer', 'strategy': 'median'}. Best is trial 1 with value: 2.0679715405229784.
[I 2023-11-21 15:42:14,917] Trial 52 finished with value: 6.857079365464867 and parameters: {'model_name': 'SimpleImputer', 'strategy': 'constant'}. Best is trial 1 with value: 2.0679715405229784.
[I 2023-11-21 15:42:15,110] Trial 17 finished with value: 2.0864746374882635 and parameters: {'model_name': 'SimpleImputer', 'strategy': 'median'}. Best is trial 1 with value: 2.0679715405229784.
[I 2023-11-21 15:42:15,290] Trial 36 finished with value: 2.0864746374882635 and parameters: {'model_name': 'SimpleImputer', 'strategy': 'median'}. Best is trial 1 with value: 2.0679715405229784.
[I 2023-11-21 15:42:15,513] Trial 55 finished with value: 6.857079365464867 and parameters: {'model_name': 'SimpleImputer', 'strategy': 'constant'}. Best is trial 1 with value: 2.0679715405229784.
[I 2023-11-21 15:42:16,099] Trial 32 finished with value: 2.0864746374882635 and parameters: {'model_name': 'SimpleImputer', 'strategy': 'median'}. Best is trial 1 with value: 2.0679715405229784.
[I 2023-11-21 15:42:16,492] Trial 45 finished with value: 2.0864746374882635 and parameters: {'model_name': 'SimpleImputer', 'strategy': 'median'}. Best is trial 1 with value: 2.0679715405229784.
[I 2023-11-21 15:42:17,005] Trial 53 finished with value: 2.0679715405229784 and parameters: {'model_name': 'SimpleImputer', 'strategy': 'mean'}. Best is trial 1 with value: 2.0679715405229784.
[I 2023-11-21 15:42:17,386] Trial 61 finished with value: 2.0679715405229784 and parameters: {'model_name': 'SimpleImputer', 'strategy': 'mean'}. Best is trial 1 with value: 2.0679715405229784.
[I 2023-11-21 15:42:17,591] Trial 59 finished with value: 2.0679715405229784 and parameters: {'model_name': 'SimpleImputer', 'strategy': 'mean'}. Best is trial 1 with value: 2.0679715405229784.
[I 2023-11-21 15:42:17,926] Trial 60 finished with value: 2.0679715405229784 and parameters: {'model_name': 'SimpleImputer', 'strategy': 'mean'}. Best is trial 1 with value: 2.0679715405229784.
[I 2023-11-21 15:42:18,363] Trial 58 finished with value: 2.0679715405229784 and parameters: {'model_name': 'SimpleImputer', 'strategy': 'mean'}. Best is trial 1 with value: 2.0679715405229784.
[I 2023-11-21 15:42:19,186] Trial 56 finished with value: 2.0864746374882635 and parameters: {'model_name': 'SimpleImputer', 'strategy': 'median'}. Best is trial 1 with value: 2.0679715405229784.
[I 2023-11-21 15:42:19,454] Trial 65 finished with value: 2.0864746374882635 and parameters: {'model_name': 'SimpleImputer', 'strategy': 'median'}. Best is trial 1 with value: 2.0679715405229784.
[I 2023-11-21 15:42:19,711] Trial 66 finished with value: 2.0864746374882635 and parameters: {'model_name': 'SimpleImputer', 'strategy': 'median'}. Best is trial 1 with value: 2.0679715405229784.
[I 2023-11-21 15:42:19,953] Trial 54 finished with value: 2.0864746374882635 and parameters: {'model_name': 'SimpleImputer', 'strategy': 'median'}. Best is trial 1 with value: 2.0679715405229784.
[I 2023-11-21 15:42:20,378] Trial 68 finished with value: 2.0864746374882635 and parameters: {'model_name': 'SimpleImputer', 'strategy': 'median'}. Best is trial 1 with value: 2.0679715405229784.
[I 2023-11-21 15:42:20,962] Trial 63 finished with value: 2.0864746374882635 and parameters: {'model_name': 'SimpleImputer', 'strategy': 'median'}. Best is trial 1 with value: 2.0679715405229784.
[I 2023-11-21 15:42:21,725] Trial 2 finished with value: 2.0518703544322903 and parameters: {'model_name': 'SimpleImputer', 'strategy': 'most_frequent'}. Best is trial 2 with value: 2.0518703544322903.
[I 2023-11-21 15:42:21,900] Trial 0 finished with value: 2.0518703544322903 and parameters: {'model_name': 'SimpleImputer', 'strategy': 'most_frequent'}. Best is trial 2 with value: 2.0518703544322903.
[I 2023-11-21 15:42:22,603] Trial 25 finished with value: 2.0518703544322903 and parameters: {'model_name': 'SimpleImputer', 'strategy': 'most_frequent'}. Best is trial 2 with value: 2.0518703544322903.
[I 2023-11-21 15:42:23,339] Trial 3 finished with value: 2.0518703544322903 and parameters: {'model_name': 'SimpleImputer', 'strategy': 'most_frequent'}. Best is trial 2 with value: 2.0518703544322903.
[I 2023-11-21 15:42:23,728] Trial 8 finished with value: 2.0518703544322903 and parameters: {'model_name': 'SimpleImputer', 'strategy': 'most_frequent'}. Best is trial 2 with value: 2.0518703544322903.
[I 2023-11-21 15:42:24,066] Trial 28 finished with value: 2.0518703544322903 and parameters: {'model_name': 'SimpleImputer', 'strategy': 'most_frequent'}. Best is trial 2 with value: 2.0518703544322903.
[I 2023-11-21 15:42:24,666] Trial 21 finished with value: 2.0518703544322903 and parameters: {'model_name': 'SimpleImputer', 'strategy': 'most_frequent'}. Best is trial 2 with value: 2.0518703544322903.
[I 2023-11-21 15:42:24,879] Trial 13 finished with value: 2.0518703544322903 and parameters: {'model_name': 'SimpleImputer', 'strategy': 'most_frequent'}. Best is trial 2 with value: 2.0518703544322903.
[I 2023-11-21 15:42:25,155] Trial 31 finished with value: 2.0518703544322903 and parameters: {'model_name': 'SimpleImputer', 'strategy': 'most_frequent'}. Best is trial 2 with value: 2.0518703544322903.
[I 2023-11-21 15:42:25,420] Trial 43 finished with value: 2.0518703544322903 and parameters: {'model_name': 'SimpleImputer', 'strategy': 'most_frequent'}. Best is trial 2 with value: 2.0518703544322903.
[I 2023-11-21 15:42:25,845] Trial 26 finished with value: 2.0518703544322903 and parameters: {'model_name': 'SimpleImputer', 'strategy': 'most_frequent'}. Best is trial 2 with value: 2.0518703544322903.
[I 2023-11-21 15:42:26,290] Trial 41 finished with value: 2.0518703544322903 and parameters: {'model_name': 'SimpleImputer', 'strategy': 'most_frequent'}. Best is trial 2 with value: 2.0518703544322903.
[I 2023-11-21 15:42:26,538] Trial 30 finished with value: 2.0518703544322903 and parameters: {'model_name': 'SimpleImputer', 'strategy': 'most_frequent'}. Best is trial 2 with value: 2.0518703544322903.
[I 2023-11-21 15:42:27,045] Trial 57 finished with value: 2.0518703544322903 and parameters: {'model_name': 'SimpleImputer', 'strategy': 'most_frequent'}. Best is trial 2 with value: 2.0518703544322903.
[I 2023-11-21 15:42:27,654] Trial 48 finished with value: 2.0518703544322903 and parameters: {'model_name': 'SimpleImputer', 'strategy': 'most_frequent'}. Best is trial 2 with value: 2.0518703544322903.
[I 2023-11-21 15:42:27,839] Trial 50 finished with value: 2.0518703544322903 and parameters: {'model_name': 'SimpleImputer', 'strategy': 'most_frequent'}. Best is trial 2 with value: 2.0518703544322903.
[I 2023-11-21 15:42:28,637] Trial 51 finished with value: 2.0518703544322903 and parameters: {'model_name': 'SimpleImputer', 'strategy': 'most_frequent'}. Best is trial 2 with value: 2.0518703544322903.
[I 2023-11-21 15:42:29,123] Trial 49 finished with value: 2.0518703544322903 and parameters: {'model_name': 'SimpleImputer', 'strategy': 'most_frequent'}. Best is trial 2 with value: 2.0518703544322903.
[I 2023-11-21 15:42:29,426] Trial 64 finished with value: 2.0518703544322903 and parameters: {'model_name': 'SimpleImputer', 'strategy': 'most_frequent'}. Best is trial 2 with value: 2.0518703544322903.
[I 2023-11-21 15:42:29,716] Trial 71 finished with value: 2.0518703544322903 and parameters: {'model_name': 'SimpleImputer', 'strategy': 'most_frequent'}. Best is trial 2 with value: 2.0518703544322903.
[I 2023-11-21 15:42:30,144] Trial 69 finished with value: 2.0518703544322903 and parameters: {'model_name': 'SimpleImputer', 'strategy': 'most_frequent'}. Best is trial 2 with value: 2.0518703544322903.
[I 2023-11-21 15:42:30,468] Trial 62 finished with value: 2.0518703544322903 and parameters: {'model_name': 'SimpleImputer', 'strategy': 'most_frequent'}. Best is trial 2 with value: 2.0518703544322903.
[I 2023-11-21 15:42:30,716] Trial 77 finished with value: 2.0518703544322903 and parameters: {'model_name': 'SimpleImputer', 'strategy': 'most_frequent'}. Best is trial 2 with value: 2.0518703544322903.
[I 2023-11-21 15:42:30,980] Trial 74 finished with value: 2.0518703544322903 and parameters: {'model_name': 'SimpleImputer', 'strategy': 'most_frequent'}. Best is trial 2 with value: 2.0518703544322903.
[I 2023-11-21 15:42:31,403] Trial 67 finished with value: 2.0518703544322903 and parameters: {'model_name': 'SimpleImputer', 'strategy': 'most_frequent'}. Best is trial 2 with value: 2.0518703544322903.
[I 2023-11-21 15:42:31,832] Trial 76 finished with value: 2.0518703544322903 and parameters: {'model_name': 'SimpleImputer', 'strategy': 'most_frequent'}. Best is trial 2 with value: 2.0518703544322903.
[I 2023-11-21 15:42:32,150] Trial 70 finished with value: 2.0518703544322903 and parameters: {'model_name': 'SimpleImputer', 'strategy': 'most_frequent'}. Best is trial 2 with value: 2.0518703544322903.
[I 2023-11-21 15:42:32,543] Trial 72 finished with value: 2.0518703544322903 and parameters: {'model_name': 'SimpleImputer', 'strategy': 'most_frequent'}. Best is trial 2 with value: 2.0518703544322903.
[I 2023-11-21 15:42:32,792] Trial 80 finished with value: 2.0518703544322903 and parameters: {'model_name': 'SimpleImputer', 'strategy': 'most_frequent'}. Best is trial 2 with value: 2.0518703544322903.
[I 2023-11-21 15:42:32,973] Trial 81 finished with value: 2.0518703544322903 and parameters: {'model_name': 'SimpleImputer', 'strategy': 'most_frequent'}. Best is trial 2 with value: 2.0518703544322903.
[I 2023-11-21 15:42:33,237] Trial 73 finished with value: 2.0518703544322903 and parameters: {'model_name': 'SimpleImputer', 'strategy': 'most_frequent'}. Best is trial 2 with value: 2.0518703544322903.
[I 2023-11-21 15:42:33,555] Trial 79 finished with value: 2.0518703544322903 and parameters: {'model_name': 'SimpleImputer', 'strategy': 'most_frequent'}. Best is trial 2 with value: 2.0518703544322903.
[I 2023-11-21 15:42:33,865] Trial 78 finished with value: 2.0518703544322903 and parameters: {'model_name': 'SimpleImputer', 'strategy': 'most_frequent'}. Best is trial 2 with value: 2.0518703544322903.
[I 2023-11-21 15:42:34,032] Trial 75 finished with value: 2.0518703544322903 and parameters: {'model_name': 'SimpleImputer', 'strategy': 'most_frequent'}. Best is trial 2 with value: 2.0518703544322903.
[I 2023-11-21 15:42:34,750] Trial 85 finished with value: 2.0518703544322903 and parameters: {'model_name': 'SimpleImputer', 'strategy': 'most_frequent'}. Best is trial 2 with value: 2.0518703544322903.
[I 2023-11-21 15:42:35,125] Trial 86 finished with value: 2.0518703544322903 and parameters: {'model_name': 'SimpleImputer', 'strategy': 'most_frequent'}. Best is trial 2 with value: 2.0518703544322903.
[I 2023-11-21 15:42:35,392] Trial 82 finished with value: 2.0518703544322903 and parameters: {'model_name': 'SimpleImputer', 'strategy': 'most_frequent'}. Best is trial 2 with value: 2.0518703544322903.
[I 2023-11-21 15:42:35,582] Trial 84 finished with value: 2.0518703544322903 and parameters: {'model_name': 'SimpleImputer', 'strategy': 'most_frequent'}. Best is trial 2 with value: 2.0518703544322903.
[I 2023-11-21 15:42:35,807] Trial 83 finished with value: 2.0518703544322903 and parameters: {'model_name': 'SimpleImputer', 'strategy': 'most_frequent'}. Best is trial 2 with value: 2.0518703544322903.
[I 2023-11-21 15:42:36,488] Trial 87 finished with value: 2.0518703544322903 and parameters: {'model_name': 'SimpleImputer', 'strategy': 'most_frequent'}. Best is trial 2 with value: 2.0518703544322903.
[I 2023-11-21 15:42:36,767] Trial 88 finished with value: 2.0518703544322903 and parameters: {'model_name': 'SimpleImputer', 'strategy': 'most_frequent'}. Best is trial 2 with value: 2.0518703544322903.
[I 2023-11-21 15:42:37,113] Trial 89 finished with value: 2.0518703544322903 and parameters: {'model_name': 'SimpleImputer', 'strategy': 'most_frequent'}. Best is trial 2 with value: 2.0518703544322903.
[I 2023-11-21 15:42:37,529] Trial 90 finished with value: 2.0518703544322903 and parameters: {'model_name': 'SimpleImputer', 'strategy': 'most_frequent'}. Best is trial 2 with value: 2.0518703544322903.
[I 2023-11-21 15:42:37,790] Trial 94 finished with value: 2.0518703544322903 and parameters: {'model_name': 'SimpleImputer', 'strategy': 'most_frequent'}. Best is trial 2 with value: 2.0518703544322903.
[I 2023-11-21 15:42:38,073] Trial 91 finished with value: 2.0518703544322903 and parameters: {'model_name': 'SimpleImputer', 'strategy': 'most_frequent'}. Best is trial 2 with value: 2.0518703544322903.
[I 2023-11-21 15:42:38,290] Trial 93 finished with value: 2.0518703544322903 and parameters: {'model_name': 'SimpleImputer', 'strategy': 'most_frequent'}. Best is trial 2 with value: 2.0518703544322903.
[I 2023-11-21 15:42:38,936] Trial 92 finished with value: 2.0518703544322903 and parameters: {'model_name': 'SimpleImputer', 'strategy': 'most_frequent'}. Best is trial 2 with value: 2.0518703544322903.
[I 2023-11-21 15:42:40,311] Trial 96 finished with value: 2.0518703544322903 and parameters: {'model_name': 'SimpleImputer', 'strategy': 'most_frequent'}. Best is trial 2 with value: 2.0518703544322903.
[I 2023-11-21 15:42:40,692] Trial 95 finished with value: 2.0518703544322903 and parameters: {'model_name': 'SimpleImputer', 'strategy': 'most_frequent'}. Best is trial 2 with value: 2.0518703544322903.
[I 2023-11-21 15:42:41,402] Trial 97 finished with value: 2.0518703544322903 and parameters: {'model_name': 'SimpleImputer', 'strategy': 'most_frequent'}. Best is trial 2 with value: 2.0518703544322903.
[I 2023-11-21 15:42:41,570] Trial 98 finished with value: 2.0518703544322903 and parameters: {'model_name': 'SimpleImputer', 'strategy': 'most_frequent'}. Best is trial 2 with value: 2.0518703544322903.
[I 2023-11-21 15:42:41,988] Trial 99 finished with value: 2.0518703544322903 and parameters: {'model_name': 'SimpleImputer', 'strategy': 'most_frequent'}. Best is trial 2 with value: 2.0518703544322903.
[I 2023-11-21 15:42:42,300] Trial 101 finished with value: 2.0518703544322903 and parameters: {'model_name': 'SimpleImputer', 'strategy': 'most_frequent'}. Best is trial 2 with value: 2.0518703544322903.
[I 2023-11-21 15:42:42,919] Trial 109 finished with value: 2.0518703544322903 and parameters: {'model_name': 'SimpleImputer', 'strategy': 'most_frequent'}. Best is trial 2 with value: 2.0518703544322903.
[I 2023-11-21 15:42:43,246] Trial 100 finished with value: 2.0518703544322903 and parameters: {'model_name': 'SimpleImputer', 'strategy': 'most_frequent'}. Best is trial 2 with value: 2.0518703544322903.
[I 2023-11-21 15:42:43,750] Trial 102 finished with value: 2.0518703544322903 and parameters: {'model_name': 'SimpleImputer', 'strategy': 'most_frequent'}. Best is trial 2 with value: 2.0518703544322903.
[I 2023-11-21 15:42:44,216] Trial 107 finished with value: 2.0518703544322903 and parameters: {'model_name': 'SimpleImputer', 'strategy': 'most_frequent'}. Best is trial 2 with value: 2.0518703544322903.
[I 2023-11-21 15:42:44,511] Trial 106 finished with value: 2.0518703544322903 and parameters: {'model_name': 'SimpleImputer', 'strategy': 'most_frequent'}. Best is trial 2 with value: 2.0518703544322903.
[I 2023-11-21 15:42:44,973] Trial 105 finished with value: 2.0518703544322903 and parameters: {'model_name': 'SimpleImputer', 'strategy': 'most_frequent'}. Best is trial 2 with value: 2.0518703544322903.
[I 2023-11-21 15:42:45,363] Trial 104 finished with value: 2.0518703544322903 and parameters: {'model_name': 'SimpleImputer', 'strategy': 'most_frequent'}. Best is trial 2 with value: 2.0518703544322903.
[I 2023-11-21 15:42:45,703] Trial 103 finished with value: 2.0518703544322903 and parameters: {'model_name': 'SimpleImputer', 'strategy': 'most_frequent'}. Best is trial 2 with value: 2.0518703544322903.
[I 2023-11-21 15:42:45,893] Trial 108 finished with value: 2.0518703544322903 and parameters: {'model_name': 'SimpleImputer', 'strategy': 'most_frequent'}. Best is trial 2 with value: 2.0518703544322903.
[I 2023-11-21 15:42:46,632] Trial 112 finished with value: 2.0518703544322903 and parameters: {'model_name': 'SimpleImputer', 'strategy': 'most_frequent'}. Best is trial 2 with value: 2.0518703544322903.
[I 2023-11-21 15:42:47,011] Trial 111 finished with value: 2.0518703544322903 and parameters: {'model_name': 'SimpleImputer', 'strategy': 'most_frequent'}. Best is trial 2 with value: 2.0518703544322903.
[I 2023-11-21 15:42:47,208] Trial 115 finished with value: 2.0518703544322903 and parameters: {'model_name': 'SimpleImputer', 'strategy': 'most_frequent'}. Best is trial 2 with value: 2.0518703544322903.
[I 2023-11-21 15:42:47,511] Trial 114 finished with value: 2.0518703544322903 and parameters: {'model_name': 'SimpleImputer', 'strategy': 'most_frequent'}. Best is trial 2 with value: 2.0518703544322903.
[I 2023-11-21 15:42:48,578] Trial 116 finished with value: 2.0518703544322903 and parameters: {'model_name': 'SimpleImputer', 'strategy': 'most_frequent'}. Best is trial 2 with value: 2.0518703544322903.
[I 2023-11-21 15:42:48,927] Trial 110 finished with value: 2.0518703544322903 and parameters: {'model_name': 'SimpleImputer', 'strategy': 'most_frequent'}. Best is trial 2 with value: 2.0518703544322903.
[I 2023-11-21 15:42:49,166] Trial 119 finished with value: 2.0518703544322903 and parameters: {'model_name': 'SimpleImputer', 'strategy': 'most_frequent'}. Best is trial 2 with value: 2.0518703544322903.
[I 2023-11-21 15:42:49,364] Trial 118 finished with value: 2.0518703544322903 and parameters: {'model_name': 'SimpleImputer', 'strategy': 'most_frequent'}. Best is trial 2 with value: 2.0518703544322903.
[I 2023-11-21 15:42:49,658] Trial 122 finished with value: 2.0518703544322903 and parameters: {'model_name': 'SimpleImputer', 'strategy': 'most_frequent'}. Best is trial 2 with value: 2.0518703544322903.
[I 2023-11-21 15:42:50,047] Trial 113 finished with value: 2.0518703544322903 and parameters: {'model_name': 'SimpleImputer', 'strategy': 'most_frequent'}. Best is trial 2 with value: 2.0518703544322903.
[I 2023-11-21 15:42:50,226] Trial 124 finished with value: 2.0518703544322903 and parameters: {'model_name': 'SimpleImputer', 'strategy': 'most_frequent'}. Best is trial 2 with value: 2.0518703544322903.
[I 2023-11-21 15:42:50,516] Trial 125 finished with value: 2.0518703544322903 and parameters: {'model_name': 'SimpleImputer', 'strategy': 'most_frequent'}. Best is trial 2 with value: 2.0518703544322903.
[I 2023-11-21 15:42:50,930] Trial 120 finished with value: 2.0518703544322903 and parameters: {'model_name': 'SimpleImputer', 'strategy': 'most_frequent'}. Best is trial 2 with value: 2.0518703544322903.
[I 2023-11-21 15:42:51,176] Trial 117 finished with value: 2.0518703544322903 and parameters: {'model_name': 'SimpleImputer', 'strategy': 'most_frequent'}. Best is trial 2 with value: 2.0518703544322903.
[I 2023-11-21 15:42:51,392] Trial 128 finished with value: 2.0518703544322903 and parameters: {'model_name': 'SimpleImputer', 'strategy': 'most_frequent'}. Best is trial 2 with value: 2.0518703544322903.
[I 2023-11-21 15:42:52,050] Trial 129 finished with value: 2.0518703544322903 and parameters: {'model_name': 'SimpleImputer', 'strategy': 'most_frequent'}. Best is trial 2 with value: 2.0518703544322903.
[I 2023-11-21 15:42:52,297] Trial 126 finished with value: 2.0518703544322903 and parameters: {'model_name': 'SimpleImputer', 'strategy': 'most_frequent'}. Best is trial 2 with value: 2.0518703544322903.
[I 2023-11-21 15:42:52,615] Trial 121 finished with value: 2.0518703544322903 and parameters: {'model_name': 'SimpleImputer', 'strategy': 'most_frequent'}. Best is trial 2 with value: 2.0518703544322903.
[I 2023-11-21 15:42:53,078] Trial 127 finished with value: 2.0518703544322903 and parameters: {'model_name': 'SimpleImputer', 'strategy': 'most_frequent'}. Best is trial 2 with value: 2.0518703544322903.
[I 2023-11-21 15:42:53,311] Trial 132 finished with value: 2.0518703544322903 and parameters: {'model_name': 'SimpleImputer', 'strategy': 'most_frequent'}. Best is trial 2 with value: 2.0518703544322903.
[I 2023-11-21 15:42:53,514] Trial 130 finished with value: 2.0518703544322903 and parameters: {'model_name': 'SimpleImputer', 'strategy': 'most_frequent'}. Best is trial 2 with value: 2.0518703544322903.
[I 2023-11-21 15:42:53,961] Trial 123 finished with value: 2.0518703544322903 and parameters: {'model_name': 'SimpleImputer', 'strategy': 'most_frequent'}. Best is trial 2 with value: 2.0518703544322903.
[I 2023-11-21 15:42:54,386] Trial 164 finished with value: 6.857079365464867 and parameters: {'model_name': 'SimpleImputer', 'strategy': 'constant'}. Best is trial 2 with value: 2.0518703544322903.
[I 2023-11-21 15:42:54,812] Trial 165 finished with value: 6.857079365464867 and parameters: {'model_name': 'SimpleImputer', 'strategy': 'constant'}. Best is trial 2 with value: 2.0518703544322903.
[I 2023-11-21 15:42:55,186] Trial 134 finished with value: 2.0518703544322903 and parameters: {'model_name': 'SimpleImputer', 'strategy': 'most_frequent'}. Best is trial 2 with value: 2.0518703544322903.
[I 2023-11-21 15:42:55,706] Trial 170 finished with value: 6.857079365464867 and parameters: {'model_name': 'SimpleImputer', 'strategy': 'constant'}. Best is trial 2 with value: 2.0518703544322903.
[I 2023-11-21 15:42:55,971] Trial 172 finished with value: 6.857079365464867 and parameters: {'model_name': 'SimpleImputer', 'strategy': 'constant'}. Best is trial 2 with value: 2.0518703544322903.
[I 2023-11-21 15:42:56,254] Trial 133 finished with value: 2.0518703544322903 and parameters: {'model_name': 'SimpleImputer', 'strategy': 'most_frequent'}. Best is trial 2 with value: 2.0518703544322903.
[I 2023-11-21 15:42:56,867] Trial 137 finished with value: 2.0518703544322903 and parameters: {'model_name': 'SimpleImputer', 'strategy': 'most_frequent'}. Best is trial 2 with value: 2.0518703544322903.
[I 2023-11-21 15:42:57,083] Trial 139 finished with value: 2.0518703544322903 and parameters: {'model_name': 'SimpleImputer', 'strategy': 'most_frequent'}. Best is trial 2 with value: 2.0518703544322903.
[I 2023-11-21 15:42:57,317] Trial 173 finished with value: 6.857079365464867 and parameters: {'model_name': 'SimpleImputer', 'strategy': 'constant'}. Best is trial 2 with value: 2.0518703544322903.
[I 2023-11-21 15:42:57,640] Trial 131 finished with value: 2.0518703544322903 and parameters: {'model_name': 'SimpleImputer', 'strategy': 'most_frequent'}. Best is trial 2 with value: 2.0518703544322903.
[I 2023-11-21 15:42:57,888] Trial 141 finished with value: 2.0518703544322903 and parameters: {'model_name': 'SimpleImputer', 'strategy': 'most_frequent'}. Best is trial 2 with value: 2.0518703544322903.
[I 2023-11-21 15:42:58,175] Trial 135 finished with value: 2.0518703544322903 and parameters: {'model_name': 'SimpleImputer', 'strategy': 'most_frequent'}. Best is trial 2 with value: 2.0518703544322903.
[I 2023-11-21 15:42:58,391] Trial 138 finished with value: 2.0518703544322903 and parameters: {'model_name': 'SimpleImputer', 'strategy': 'most_frequent'}. Best is trial 2 with value: 2.0518703544322903.
[I 2023-11-21 15:42:58,653] Trial 178 finished with value: 6.857079365464867 and parameters: {'model_name': 'SimpleImputer', 'strategy': 'constant'}. Best is trial 2 with value: 2.0518703544322903.
[I 2023-11-21 15:42:58,976] Trial 140 finished with value: 2.0518703544322903 and parameters: {'model_name': 'SimpleImputer', 'strategy': 'most_frequent'}. Best is trial 2 with value: 2.0518703544322903.
[I 2023-11-21 15:42:59,148] Trial 177 finished with value: 6.857079365464867 and parameters: {'model_name': 'SimpleImputer', 'strategy': 'constant'}. Best is trial 2 with value: 2.0518703544322903.
[I 2023-11-21 15:42:59,443] Trial 179 finished with value: 6.857079365464867 and parameters: {'model_name': 'SimpleImputer', 'strategy': 'constant'}. Best is trial 2 with value: 2.0518703544322903.
[I 2023-11-21 15:42:59,605] Trial 176 finished with value: 6.857079365464867 and parameters: {'model_name': 'SimpleImputer', 'strategy': 'constant'}. Best is trial 2 with value: 2.0518703544322903.
[I 2023-11-21 15:42:59,768] Trial 136 finished with value: 2.0518703544322903 and parameters: {'model_name': 'SimpleImputer', 'strategy': 'most_frequent'}. Best is trial 2 with value: 2.0518703544322903.
[I 2023-11-21 15:43:00,585] Trial 142 finished with value: 2.0518703544322903 and parameters: {'model_name': 'SimpleImputer', 'strategy': 'most_frequent'}. Best is trial 2 with value: 2.0518703544322903.
[I 2023-11-21 15:43:01,543] Trial 143 finished with value: 2.0518703544322903 and parameters: {'model_name': 'SimpleImputer', 'strategy': 'most_frequent'}. Best is trial 2 with value: 2.0518703544322903.
[I 2023-11-21 15:43:02,016] Trial 147 finished with value: 2.0518703544322903 and parameters: {'model_name': 'SimpleImputer', 'strategy': 'most_frequent'}. Best is trial 2 with value: 2.0518703544322903.
[I 2023-11-21 15:43:02,213] Trial 149 finished with value: 2.0518703544322903 and parameters: {'model_name': 'SimpleImputer', 'strategy': 'most_frequent'}. Best is trial 2 with value: 2.0518703544322903.
[I 2023-11-21 15:43:02,511] Trial 144 finished with value: 2.0518703544322903 and parameters: {'model_name': 'SimpleImputer', 'strategy': 'most_frequent'}. Best is trial 2 with value: 2.0518703544322903.
[I 2023-11-21 15:43:02,706] Trial 152 finished with value: 2.0518703544322903 and parameters: {'model_name': 'SimpleImputer', 'strategy': 'most_frequent'}. Best is trial 2 with value: 2.0518703544322903.
[I 2023-11-21 15:43:03,082] Trial 146 finished with value: 2.0518703544322903 and parameters: {'model_name': 'SimpleImputer', 'strategy': 'most_frequent'}. Best is trial 2 with value: 2.0518703544322903.
[I 2023-11-21 15:43:03,660] Trial 151 finished with value: 2.0518703544322903 and parameters: {'model_name': 'SimpleImputer', 'strategy': 'most_frequent'}. Best is trial 2 with value: 2.0518703544322903.
[I 2023-11-21 15:43:03,907] Trial 148 finished with value: 2.0518703544322903 and parameters: {'model_name': 'SimpleImputer', 'strategy': 'most_frequent'}. Best is trial 2 with value: 2.0518703544322903.
[I 2023-11-21 15:43:04,147] Trial 154 finished with value: 2.0518703544322903 and parameters: {'model_name': 'SimpleImputer', 'strategy': 'most_frequent'}. Best is trial 2 with value: 2.0518703544322903.
[I 2023-11-21 15:43:04,542] Trial 150 finished with value: 2.0518703544322903 and parameters: {'model_name': 'SimpleImputer', 'strategy': 'most_frequent'}. Best is trial 2 with value: 2.0518703544322903.
[I 2023-11-21 15:43:04,880] Trial 153 finished with value: 2.0518703544322903 and parameters: {'model_name': 'SimpleImputer', 'strategy': 'most_frequent'}. Best is trial 2 with value: 2.0518703544322903.
[I 2023-11-21 15:43:05,206] Trial 145 finished with value: 2.0518703544322903 and parameters: {'model_name': 'SimpleImputer', 'strategy': 'most_frequent'}. Best is trial 2 with value: 2.0518703544322903.
[I 2023-11-21 15:43:05,448] Trial 155 finished with value: 2.0518703544322903 and parameters: {'model_name': 'SimpleImputer', 'strategy': 'most_frequent'}. Best is trial 2 with value: 2.0518703544322903.
[I 2023-11-21 15:43:05,864] Trial 158 finished with value: 2.0518703544322903 and parameters: {'model_name': 'SimpleImputer', 'strategy': 'most_frequent'}. Best is trial 2 with value: 2.0518703544322903.
[I 2023-11-21 15:43:06,194] Trial 160 finished with value: 2.0518703544322903 and parameters: {'model_name': 'SimpleImputer', 'strategy': 'most_frequent'}. Best is trial 2 with value: 2.0518703544322903.
[I 2023-11-21 15:43:06,451] Trial 161 finished with value: 2.0518703544322903 and parameters: {'model_name': 'SimpleImputer', 'strategy': 'most_frequent'}. Best is trial 2 with value: 2.0518703544322903.
[I 2023-11-21 15:43:06,889] Trial 159 finished with value: 2.0518703544322903 and parameters: {'model_name': 'SimpleImputer', 'strategy': 'most_frequent'}. Best is trial 2 with value: 2.0518703544322903.
[I 2023-11-21 15:43:07,690] Trial 162 finished with value: 2.0518703544322903 and parameters: {'model_name': 'SimpleImputer', 'strategy': 'most_frequent'}. Best is trial 2 with value: 2.0518703544322903.
[I 2023-11-21 15:43:08,047] Trial 156 finished with value: 2.0518703544322903 and parameters: {'model_name': 'SimpleImputer', 'strategy': 'most_frequent'}. Best is trial 2 with value: 2.0518703544322903.
[I 2023-11-21 15:43:08,391] Trial 169 finished with value: 2.0518703544322903 and parameters: {'model_name': 'SimpleImputer', 'strategy': 'most_frequent'}. Best is trial 2 with value: 2.0518703544322903.
[I 2023-11-21 15:43:08,798] Trial 166 finished with value: 2.0518703544322903 and parameters: {'model_name': 'SimpleImputer', 'strategy': 'most_frequent'}. Best is trial 2 with value: 2.0518703544322903.
[I 2023-11-21 15:43:09,645] Trial 167 finished with value: 2.0518703544322903 and parameters: {'model_name': 'SimpleImputer', 'strategy': 'most_frequent'}. Best is trial 2 with value: 2.0518703544322903.
[I 2023-11-21 15:43:09,945] Trial 181 finished with value: 2.0518703544322903 and parameters: {'model_name': 'SimpleImputer', 'strategy': 'most_frequent'}. Best is trial 2 with value: 2.0518703544322903.
[I 2023-11-21 15:43:10,113] Trial 174 finished with value: 2.0518703544322903 and parameters: {'model_name': 'SimpleImputer', 'strategy': 'most_frequent'}. Best is trial 2 with value: 2.0518703544322903.
[I 2023-11-21 15:43:10,595] Trial 157 finished with value: 2.0518703544322903 and parameters: {'model_name': 'SimpleImputer', 'strategy': 'most_frequent'}. Best is trial 2 with value: 2.0518703544322903.
[I 2023-11-21 15:43:11,022] Trial 163 finished with value: 2.0518703544322903 and parameters: {'model_name': 'SimpleImputer', 'strategy': 'most_frequent'}. Best is trial 2 with value: 2.0518703544322903.
[I 2023-11-21 15:43:11,286] Trial 168 finished with value: 2.0518703544322903 and parameters: {'model_name': 'SimpleImputer', 'strategy': 'most_frequent'}. Best is trial 2 with value: 2.0518703544322903.
[I 2023-11-21 15:43:11,619] Trial 171 finished with value: 2.0518703544322903 and parameters: {'model_name': 'SimpleImputer', 'strategy': 'most_frequent'}. Best is trial 2 with value: 2.0518703544322903.
[I 2023-11-21 15:43:11,984] Trial 183 finished with value: 2.0518703544322903 and parameters: {'model_name': 'SimpleImputer', 'strategy': 'most_frequent'}. Best is trial 2 with value: 2.0518703544322903.
[I 2023-11-21 15:43:12,234] Trial 175 finished with value: 2.0518703544322903 and parameters: {'model_name': 'SimpleImputer', 'strategy': 'most_frequent'}. Best is trial 2 with value: 2.0518703544322903.
[I 2023-11-21 15:43:12,546] Trial 180 finished with value: 2.0518703544322903 and parameters: {'model_name': 'SimpleImputer', 'strategy': 'most_frequent'}. Best is trial 2 with value: 2.0518703544322903.
[I 2023-11-21 15:43:12,786] Trial 182 finished with value: 2.0518703544322903 and parameters: {'model_name': 'SimpleImputer', 'strategy': 'most_frequent'}. Best is trial 2 with value: 2.0518703544322903.
[I 2023-11-21 15:43:13,005] Trial 190 finished with value: 2.0518703544322903 and parameters: {'model_name': 'SimpleImputer', 'strategy': 'most_frequent'}. Best is trial 2 with value: 2.0518703544322903.
[I 2023-11-21 15:43:13,295] Trial 188 finished with value: 2.0518703544322903 and parameters: {'model_name': 'SimpleImputer', 'strategy': 'most_frequent'}. Best is trial 2 with value: 2.0518703544322903.
[I 2023-11-21 15:43:13,496] Trial 193 finished with value: 2.0518703544322903 and parameters: {'model_name': 'SimpleImputer', 'strategy': 'most_frequent'}. Best is trial 2 with value: 2.0518703544322903.
[I 2023-11-21 15:43:14,021] Trial 185 finished with value: 2.0518703544322903 and parameters: {'model_name': 'SimpleImputer', 'strategy': 'most_frequent'}. Best is trial 2 with value: 2.0518703544322903.
[I 2023-11-21 15:43:14,270] Trial 197 finished with value: 2.0518703544322903 and parameters: {'model_name': 'SimpleImputer', 'strategy': 'most_frequent'}. Best is trial 2 with value: 2.0518703544322903.
[I 2023-11-21 15:43:14,541] Trial 195 finished with value: 2.0518703544322903 and parameters: {'model_name': 'SimpleImputer', 'strategy': 'most_frequent'}. Best is trial 2 with value: 2.0518703544322903.
[I 2023-11-21 15:43:14,731] Trial 186 finished with value: 2.0518703544322903 and parameters: {'model_name': 'SimpleImputer', 'strategy': 'most_frequent'}. Best is trial 2 with value: 2.0518703544322903.
[I 2023-11-21 15:43:14,970] Trial 184 finished with value: 2.0518703544322903 and parameters: {'model_name': 'SimpleImputer', 'strategy': 'most_frequent'}. Best is trial 2 with value: 2.0518703544322903.
[I 2023-11-21 15:43:15,277] Trial 194 finished with value: 2.0518703544322903 and parameters: {'model_name': 'SimpleImputer', 'strategy': 'most_frequent'}. Best is trial 2 with value: 2.0518703544322903.
[I 2023-11-21 15:43:15,509] Trial 196 finished with value: 2.0518703544322903 and parameters: {'model_name': 'SimpleImputer', 'strategy': 'most_frequent'}. Best is trial 2 with value: 2.0518703544322903.
[I 2023-11-21 15:43:15,733] Trial 189 finished with value: 2.0518703544322903 and parameters: {'model_name': 'SimpleImputer', 'strategy': 'most_frequent'}. Best is trial 2 with value: 2.0518703544322903.
[I 2023-11-21 15:43:15,982] Trial 191 finished with value: 2.0518703544322903 and parameters: {'model_name': 'SimpleImputer', 'strategy': 'most_frequent'}. Best is trial 2 with value: 2.0518703544322903.
[I 2023-11-21 15:43:16,215] Trial 192 finished with value: 2.0518703544322903 and parameters: {'model_name': 'SimpleImputer', 'strategy': 'most_frequent'}. Best is trial 2 with value: 2.0518703544322903.
[I 2023-11-21 15:43:16,436] Trial 198 finished with value: 2.0518703544322903 and parameters: {'model_name': 'SimpleImputer', 'strategy': 'most_frequent'}. Best is trial 2 with value: 2.0518703544322903.
[I 2023-11-21 15:43:16,737] Trial 199 finished with value: 2.0518703544322903 and parameters: {'model_name': 'SimpleImputer', 'strategy': 'most_frequent'}. Best is trial 2 with value: 2.0518703544322903.
[I 2023-11-21 15:43:16,960] Trial 187 finished with value: 2.0518703544322903 and parameters: {'model_name': 'SimpleImputer', 'strategy': 'most_frequent'}. Best is trial 2 with value: 2.0518703544322903.
simple fit
simple transform
[I 2023-11-21 15:43:23,291] A new study created in memory with name: no-name-7b4fd8df-26c2-49db-a3e8-e5cbad30229e
  0%|          | 0/200 [00:00<?, ?it/s][W 2023-11-21 15:43:23,295] Trial 0 failed with parameters: {'model_name': 'Simple'} because of the following error: UnboundLocalError("local variable 'my_params' referenced before assignment").
Traceback (most recent call last):
  File "/home/ketrong/miniconda3/envs/tpot2devenv/lib/python3.10/site-packages/optuna/study/_optimize.py", line 200, in _run_trial
    value_or_values = func(trial)
  File "/common/ketrong/AutoImputeExp/tpot2_imputetest/Impute_Experiments/autoimpute.py", line 56, in obj
    my_params = autoutils.trial_suggestion(trial, self.model_names, column_len=len(X.columns), random_state=self.random_state)
  File "/common/ketrong/AutoImputeExp/tpot2_imputetest/Impute_Experiments/autoutils.py", line 28, in trial_suggestion
    my_params['model_name'] = model_name
UnboundLocalError: local variable 'my_params' referenced before assignment
                                         0%|          | 0/200 [00:00<?, ?it/s]                                         0%|          | 0/200 [00:00<?, ?it/s][W 2023-11-21 15:43:23,307] Trial 0 failed with value None.
[W 2023-11-21 15:43:23,297] Trial 2 failed with parameters: {'model_name': 'Simple'} because of the following error: UnboundLocalError("local variable 'my_params' referenced before assignment").
Traceback (most recent call last):
  File "/home/ketrong/miniconda3/envs/tpot2devenv/lib/python3.10/site-packages/optuna/study/_optimize.py", line 200, in _run_trial
    value_or_values = func(trial)
  File "/common/ketrong/AutoImputeExp/tpot2_imputetest/Impute_Experiments/autoimpute.py", line 56, in obj
    my_params = autoutils.trial_suggestion(trial, self.model_names, column_len=len(X.columns), random_state=self.random_state)
  File "/common/ketrong/AutoImputeExp/tpot2_imputetest/Impute_Experiments/autoutils.py", line 28, in trial_suggestion
    my_params['model_name'] = model_name
UnboundLocalError: local variable 'my_params' referenced before assignment
                                         0%|          | 0/200 [00:00<?, ?it/s]                                       [W 2023-11-21 15:43:23,592] Trial 2 failed with value None.
  0%|          | 0/200 [00:00<?, ?it/s][W 2023-11-21 15:43:23,299] Trial 4 failed with parameters: {'model_name': 'Simple'} because of the following error: UnboundLocalError("local variable 'my_params' referenced before assignment").
Traceback (most recent call last):
  File "/home/ketrong/miniconda3/envs/tpot2devenv/lib/python3.10/site-packages/optuna/study/_optimize.py", line 200, in _run_trial
    value_or_values = func(trial)
  File "/common/ketrong/AutoImputeExp/tpot2_imputetest/Impute_Experiments/autoimpute.py", line 56, in obj
    my_params = autoutils.trial_suggestion(trial, self.model_names, column_len=len(X.columns), random_state=self.random_state)
  File "/common/ketrong/AutoImputeExp/tpot2_imputetest/Impute_Experiments/autoutils.py", line 28, in trial_suggestion
    my_params['model_name'] = model_name
UnboundLocalError: local variable 'my_params' referenced before assignment
                                         0%|          | 0/200 [00:00<?, ?it/s]                                         0%|          | 0/200 [00:00<?, ?it/s][W 2023-11-21 15:43:23,806] Trial 4 failed with value None.
                                       [W 2023-11-21 15:43:23,301] Trial 6 failed with parameters: {'model_name': 'Simple'} because of the following error: UnboundLocalError("local variable 'my_params' referenced before assignment").
Traceback (most recent call last):
  File "/home/ketrong/miniconda3/envs/tpot2devenv/lib/python3.10/site-packages/optuna/study/_optimize.py", line 200, in _run_trial
    value_or_values = func(trial)
  File "/common/ketrong/AutoImputeExp/tpot2_imputetest/Impute_Experiments/autoimpute.py", line 56, in obj
    my_params = autoutils.trial_suggestion(trial, self.model_names, column_len=len(X.columns), random_state=self.random_state)
  File "/common/ketrong/AutoImputeExp/tpot2_imputetest/Impute_Experiments/autoutils.py", line 28, in trial_suggestion
    my_params['model_name'] = model_name
UnboundLocalError: local variable 'my_params' referenced before assignment
  0%|          | 0/200 [00:00<?, ?it/s][W 2023-11-21 15:43:24,013] Trial 6 failed with value None.
                                         0%|          | 0/200 [00:00<?, ?it/s]                                       [W 2023-11-21 15:43:23,302] Trial 8 failed with parameters: {'model_name': 'Simple'} because of the following error: UnboundLocalError("local variable 'my_params' referenced before assignment").
Traceback (most recent call last):
  File "/home/ketrong/miniconda3/envs/tpot2devenv/lib/python3.10/site-packages/optuna/study/_optimize.py", line 200, in _run_trial
    value_or_values = func(trial)
  File "/common/ketrong/AutoImputeExp/tpot2_imputetest/Impute_Experiments/autoimpute.py", line 56, in obj
    my_params = autoutils.trial_suggestion(trial, self.model_names, column_len=len(X.columns), random_state=self.random_state)
  File "/common/ketrong/AutoImputeExp/tpot2_imputetest/Impute_Experiments/autoutils.py", line 28, in trial_suggestion
    my_params['model_name'] = model_name
UnboundLocalError: local variable 'my_params' referenced before assignment
  0%|          | 0/200 [00:00<?, ?it/s]                                         0%|          | 0/200 [00:00<?, ?it/s][W 2023-11-21 15:43:24,224] Trial 8 failed with value None.
[W 2023-11-21 15:43:23,303] Trial 9 failed with parameters: {'model_name': 'Simple'} because of the following error: UnboundLocalError("local variable 'my_params' referenced before assignment").
Traceback (most recent call last):
  File "/home/ketrong/miniconda3/envs/tpot2devenv/lib/python3.10/site-packages/optuna/study/_optimize.py", line 200, in _run_trial
    value_or_values = func(trial)
  File "/common/ketrong/AutoImputeExp/tpot2_imputetest/Impute_Experiments/autoimpute.py", line 56, in obj
    my_params = autoutils.trial_suggestion(trial, self.model_names, column_len=len(X.columns), random_state=self.random_state)
  File "/common/ketrong/AutoImputeExp/tpot2_imputetest/Impute_Experiments/autoutils.py", line 28, in trial_suggestion
    my_params['model_name'] = model_name
UnboundLocalError: local variable 'my_params' referenced before assignment
                                         0%|          | 0/200 [00:01<?, ?it/s]                                       [W 2023-11-21 15:43:24,434] Trial 9 failed with value None.
  0%|          | 0/200 [00:01<?, ?it/s][W 2023-11-21 15:43:23,306] Trial 12 failed with parameters: {'model_name': 'Simple'} because of the following error: UnboundLocalError("local variable 'my_params' referenced before assignment").
Traceback (most recent call last):
  File "/home/ketrong/miniconda3/envs/tpot2devenv/lib/python3.10/site-packages/optuna/study/_optimize.py", line 200, in _run_trial
    value_or_values = func(trial)
  File "/common/ketrong/AutoImputeExp/tpot2_imputetest/Impute_Experiments/autoimpute.py", line 56, in obj
    my_params = autoutils.trial_suggestion(trial, self.model_names, column_len=len(X.columns), random_state=self.random_state)
  File "/common/ketrong/AutoImputeExp/tpot2_imputetest/Impute_Experiments/autoutils.py", line 28, in trial_suggestion
    my_params['model_name'] = model_name
UnboundLocalError: local variable 'my_params' referenced before assignment
                                         0%|          | 0/200 [00:01<?, ?it/s][W 2023-11-21 15:43:24,651] Trial 12 failed with value None.
                                         0%|          | 0/200 [00:01<?, ?it/s][W 2023-11-21 15:43:23,307] Trial 14 failed with parameters: {'model_name': 'Simple'} because of the following error: UnboundLocalError("local variable 'my_params' referenced before assignment").
Traceback (most recent call last):
  File "/home/ketrong/miniconda3/envs/tpot2devenv/lib/python3.10/site-packages/optuna/study/_optimize.py", line 200, in _run_trial
    value_or_values = func(trial)
  File "/common/ketrong/AutoImputeExp/tpot2_imputetest/Impute_Experiments/autoimpute.py", line 56, in obj
    my_params = autoutils.trial_suggestion(trial, self.model_names, column_len=len(X.columns), random_state=self.random_state)
  File "/common/ketrong/AutoImputeExp/tpot2_imputetest/Impute_Experiments/autoutils.py", line 28, in trial_suggestion
    my_params['model_name'] = model_name
UnboundLocalError: local variable 'my_params' referenced before assignment
                                         0%|          | 0/200 [00:01<?, ?it/s]                                       [W 2023-11-21 15:43:24,859] Trial 14 failed with value None.
  0%|          | 0/200 [00:01<?, ?it/s][W 2023-11-21 15:43:23,298] Trial 3 failed with parameters: {'model_name': 'Simple'} because of the following error: UnboundLocalError("local variable 'my_params' referenced before assignment").
Traceback (most recent call last):
  File "/home/ketrong/miniconda3/envs/tpot2devenv/lib/python3.10/site-packages/optuna/study/_optimize.py", line 200, in _run_trial
    value_or_values = func(trial)
  File "/common/ketrong/AutoImputeExp/tpot2_imputetest/Impute_Experiments/autoimpute.py", line 56, in obj
    my_params = autoutils.trial_suggestion(trial, self.model_names, column_len=len(X.columns), random_state=self.random_state)
  File "/common/ketrong/AutoImputeExp/tpot2_imputetest/Impute_Experiments/autoutils.py", line 28, in trial_suggestion
    my_params['model_name'] = model_name
UnboundLocalError: local variable 'my_params' referenced before assignment
[W 2023-11-21 15:43:25,073] Trial 3 failed with value None.
                                         0%|          | 0/200 [00:01<?, ?it/s]                                         0%|          | 0/200 [00:01<?, ?it/s][W 2023-11-21 15:43:23,300] Trial 5 failed with parameters: {'model_name': 'Simple'} because of the following error: UnboundLocalError("local variable 'my_params' referenced before assignment").
Traceback (most recent call last):
  File "/home/ketrong/miniconda3/envs/tpot2devenv/lib/python3.10/site-packages/optuna/study/_optimize.py", line 200, in _run_trial
    value_or_values = func(trial)
  File "/common/ketrong/AutoImputeExp/tpot2_imputetest/Impute_Experiments/autoimpute.py", line 56, in obj
    my_params = autoutils.trial_suggestion(trial, self.model_names, column_len=len(X.columns), random_state=self.random_state)
  File "/common/ketrong/AutoImputeExp/tpot2_imputetest/Impute_Experiments/autoutils.py", line 28, in trial_suggestion
    my_params['model_name'] = model_name
UnboundLocalError: local variable 'my_params' referenced before assignment
                                         0%|          | 0/200 [00:01<?, ?it/s]                                         0%|          | 0/200 [00:01<?, ?it/s][W 2023-11-21 15:43:25,283] Trial 5 failed with value None.
[W 2023-11-21 15:43:23,302] Trial 7 failed with parameters: {'model_name': 'Simple'} because of the following error: UnboundLocalError("local variable 'my_params' referenced before assignment").
Traceback (most recent call last):
  File "/home/ketrong/miniconda3/envs/tpot2devenv/lib/python3.10/site-packages/optuna/study/_optimize.py", line 200, in _run_trial
    value_or_values = func(trial)
  File "/common/ketrong/AutoImputeExp/tpot2_imputetest/Impute_Experiments/autoimpute.py", line 56, in obj
    my_params = autoutils.trial_suggestion(trial, self.model_names, column_len=len(X.columns), random_state=self.random_state)
  File "/common/ketrong/AutoImputeExp/tpot2_imputetest/Impute_Experiments/autoutils.py", line 28, in trial_suggestion
    my_params['model_name'] = model_name
UnboundLocalError: local variable 'my_params' referenced before assignment
                                         0%|          | 0/200 [00:02<?, ?it/s]                                       [W 2023-11-21 15:43:25,494] Trial 7 failed with value None.
  0%|          | 0/200 [00:02<?, ?it/s]                                       [W 2023-11-21 15:43:24,435] Trial 16 failed with parameters: {'model_name': 'Simple'} because of the following error: UnboundLocalError("local variable 'my_params' referenced before assignment").
Traceback (most recent call last):
  File "/home/ketrong/miniconda3/envs/tpot2devenv/lib/python3.10/site-packages/optuna/study/_optimize.py", line 200, in _run_trial
    value_or_values = func(trial)
  File "/common/ketrong/AutoImputeExp/tpot2_imputetest/Impute_Experiments/autoimpute.py", line 56, in obj
    my_params = autoutils.trial_suggestion(trial, self.model_names, column_len=len(X.columns), random_state=self.random_state)
  File "/common/ketrong/AutoImputeExp/tpot2_imputetest/Impute_Experiments/autoutils.py", line 28, in trial_suggestion
    my_params['model_name'] = model_name
UnboundLocalError: local variable 'my_params' referenced before assignment
  0%|          | 0/200 [00:02<?, ?it/s]                                       [W 2023-11-21 15:43:24,651] Trial 17 failed with parameters: {'model_name': 'Simple'} because of the following error: UnboundLocalError("local variable 'my_params' referenced before assignment").
Traceback (most recent call last):
  File "/home/ketrong/miniconda3/envs/tpot2devenv/lib/python3.10/site-packages/optuna/study/_optimize.py", line 200, in _run_trial
    value_or_values = func(trial)
  File "/common/ketrong/AutoImputeExp/tpot2_imputetest/Impute_Experiments/autoimpute.py", line 56, in obj
    my_params = autoutils.trial_suggestion(trial, self.model_names, column_len=len(X.columns), random_state=self.random_state)
  File "/common/ketrong/AutoImputeExp/tpot2_imputetest/Impute_Experiments/autoutils.py", line 28, in trial_suggestion
    my_params['model_name'] = model_name
UnboundLocalError: local variable 'my_params' referenced before assignment
  0%|          | 0/200 [00:02<?, ?it/s]                                       [W 2023-11-21 15:43:25,706] Trial 17 failed with value None.
  0%|          | 0/200 [00:02<?, ?it/s]                                       [W 2023-11-21 15:43:23,295] Trial 1 failed with parameters: {'model_name': 'Simple'} because of the following error: UnboundLocalError("local variable 'my_params' referenced before assignment").
Traceback (most recent call last):
  File "/home/ketrong/miniconda3/envs/tpot2devenv/lib/python3.10/site-packages/optuna/study/_optimize.py", line 200, in _run_trial
    value_or_values = func(trial)
  File "/common/ketrong/AutoImputeExp/tpot2_imputetest/Impute_Experiments/autoimpute.py", line 56, in obj
    my_params = autoutils.trial_suggestion(trial, self.model_names, column_len=len(X.columns), random_state=self.random_state)
  File "/common/ketrong/AutoImputeExp/tpot2_imputetest/Impute_Experiments/autoutils.py", line 28, in trial_suggestion
    my_params['model_name'] = model_name
UnboundLocalError: local variable 'my_params' referenced before assignment
  0%|          | 0/200 [00:02<?, ?it/s]                                       [W 2023-11-21 15:43:25,919] Trial 1 failed with value None.
  0%|          | 0/200 [00:02<?, ?it/s]                                       [W 2023-11-21 15:43:25,069] Trial 19 failed with parameters: {'model_name': 'Simple'} because of the following error: UnboundLocalError("local variable 'my_params' referenced before assignment").
Traceback (most recent call last):
  File "/home/ketrong/miniconda3/envs/tpot2devenv/lib/python3.10/site-packages/optuna/study/_optimize.py", line 200, in _run_trial
    value_or_values = func(trial)
  File "/common/ketrong/AutoImputeExp/tpot2_imputetest/Impute_Experiments/autoimpute.py", line 56, in obj
    my_params = autoutils.trial_suggestion(trial, self.model_names, column_len=len(X.columns), random_state=self.random_state)
  File "/common/ketrong/AutoImputeExp/tpot2_imputetest/Impute_Experiments/autoutils.py", line 28, in trial_suggestion
    my_params['model_name'] = model_name
UnboundLocalError: local variable 'my_params' referenced before assignment
  0%|          | 0/200 [00:02<?, ?it/s][W 2023-11-21 15:43:25,070] Trial 20 failed with parameters: {'model_name': 'Simple'} because of the following error: UnboundLocalError("local variable 'my_params' referenced before assignment").
Traceback (most recent call last):
  File "/home/ketrong/miniconda3/envs/tpot2devenv/lib/python3.10/site-packages/optuna/study/_optimize.py", line 200, in _run_trial
    value_or_values = func(trial)
  File "/common/ketrong/AutoImputeExp/tpot2_imputetest/Impute_Experiments/autoimpute.py", line 56, in obj
    my_params = autoutils.trial_suggestion(trial, self.model_names, column_len=len(X.columns), random_state=self.random_state)
  File "/common/ketrong/AutoImputeExp/tpot2_imputetest/Impute_Experiments/autoutils.py", line 28, in trial_suggestion
    my_params['model_name'] = model_name
UnboundLocalError: local variable 'my_params' referenced before assignment
                                       [W 2023-11-21 15:43:26,137] Trial 20 failed with value None.
  0%|          | 0/200 [00:02<?, ?it/s]                                         0%|          | 0/200 [00:02<?, ?it/s]                                       [W 2023-11-21 15:43:25,072] Trial 22 failed with parameters: {'model_name': 'Simple'} because of the following error: UnboundLocalError("local variable 'my_params' referenced before assignment").
Traceback (most recent call last):
  File "/home/ketrong/miniconda3/envs/tpot2devenv/lib/python3.10/site-packages/optuna/study/_optimize.py", line 200, in _run_trial
    value_or_values = func(trial)
  File "/common/ketrong/AutoImputeExp/tpot2_imputetest/Impute_Experiments/autoimpute.py", line 56, in obj
    my_params = autoutils.trial_suggestion(trial, self.model_names, column_len=len(X.columns), random_state=self.random_state)
  File "/common/ketrong/AutoImputeExp/tpot2_imputetest/Impute_Experiments/autoutils.py", line 28, in trial_suggestion
    my_params['model_name'] = model_name
UnboundLocalError: local variable 'my_params' referenced before assignment
  0%|          | 0/200 [00:03<?, ?it/s]                                         0%|          | 0/200 [00:03<?, ?it/s][W 2023-11-21 15:43:26,351] Trial 22 failed with value None.
                                       [W 2023-11-21 15:43:25,282] Trial 23 failed with parameters: {'model_name': 'Simple'} because of the following error: UnboundLocalError("local variable 'my_params' referenced before assignment").
Traceback (most recent call last):
  File "/home/ketrong/miniconda3/envs/tpot2devenv/lib/python3.10/site-packages/optuna/study/_optimize.py", line 200, in _run_trial
    value_or_values = func(trial)
  File "/common/ketrong/AutoImputeExp/tpot2_imputetest/Impute_Experiments/autoimpute.py", line 56, in obj
    my_params = autoutils.trial_suggestion(trial, self.model_names, column_len=len(X.columns), random_state=self.random_state)
  File "/common/ketrong/AutoImputeExp/tpot2_imputetest/Impute_Experiments/autoutils.py", line 28, in trial_suggestion
    my_params['model_name'] = model_name
UnboundLocalError: local variable 'my_params' referenced before assignment
  0%|          | 0/200 [00:03<?, ?it/s][W 2023-11-21 15:43:26,558] Trial 23 failed with value None.
                                         0%|          | 0/200 [00:03<?, ?it/s][W 2023-11-21 15:43:23,304] Trial 10 failed with parameters: {'model_name': 'Simple'} because of the following error: UnboundLocalError("local variable 'my_params' referenced before assignment").
Traceback (most recent call last):
  File "/home/ketrong/miniconda3/envs/tpot2devenv/lib/python3.10/site-packages/optuna/study/_optimize.py", line 200, in _run_trial
    value_or_values = func(trial)
  File "/common/ketrong/AutoImputeExp/tpot2_imputetest/Impute_Experiments/autoimpute.py", line 56, in obj
    my_params = autoutils.trial_suggestion(trial, self.model_names, column_len=len(X.columns), random_state=self.random_state)
  File "/common/ketrong/AutoImputeExp/tpot2_imputetest/Impute_Experiments/autoutils.py", line 28, in trial_suggestion
    my_params['model_name'] = model_name
UnboundLocalError: local variable 'my_params' referenced before assignment
                                         0%|          | 0/200 [00:03<?, ?it/s][W 2023-11-21 15:43:26,771] Trial 10 failed with value None.
                                         0%|          | 0/200 [00:03<?, ?it/s][W 2023-11-21 15:43:23,305] Trial 11 failed with parameters: {'model_name': 'Simple'} because of the following error: UnboundLocalError("local variable 'my_params' referenced before assignment").
Traceback (most recent call last):
  File "/home/ketrong/miniconda3/envs/tpot2devenv/lib/python3.10/site-packages/optuna/study/_optimize.py", line 200, in _run_trial
    value_or_values = func(trial)
  File "/common/ketrong/AutoImputeExp/tpot2_imputetest/Impute_Experiments/autoimpute.py", line 56, in obj
    my_params = autoutils.trial_suggestion(trial, self.model_names, column_len=len(X.columns), random_state=self.random_state)
  File "/common/ketrong/AutoImputeExp/tpot2_imputetest/Impute_Experiments/autoutils.py", line 28, in trial_suggestion
    my_params['model_name'] = model_name
UnboundLocalError: local variable 'my_params' referenced before assignment
                                         0%|          | 0/200 [00:03<?, ?it/s][W 2023-11-21 15:43:26,978] Trial 11 failed with value None.
                                         0%|          | 0/200 [00:03<?, ?it/s][W 2023-11-21 15:43:25,703] Trial 16 failed with value None.
                                         0%|          | 0/200 [00:03<?, ?it/s][W 2023-11-21 15:43:25,705] Trial 27 failed with parameters: {'model_name': 'Simple'} because of the following error: UnboundLocalError("local variable 'my_params' referenced before assignment").
Traceback (most recent call last):
  File "/home/ketrong/miniconda3/envs/tpot2devenv/lib/python3.10/site-packages/optuna/study/_optimize.py", line 200, in _run_trial
    value_or_values = func(trial)
  File "/common/ketrong/AutoImputeExp/tpot2_imputetest/Impute_Experiments/autoimpute.py", line 56, in obj
    my_params = autoutils.trial_suggestion(trial, self.model_names, column_len=len(X.columns), random_state=self.random_state)
  File "/common/ketrong/AutoImputeExp/tpot2_imputetest/Impute_Experiments/autoutils.py", line 28, in trial_suggestion
    my_params['model_name'] = model_name
UnboundLocalError: local variable 'my_params' referenced before assignment
                                         0%|          | 0/200 [00:04<?, ?it/s]                                         0%|          | 0/200 [00:04<?, ?it/s][W 2023-11-21 15:43:27,399] Trial 27 failed with value None.
[W 2023-11-21 15:43:25,069] Trial 18 failed with parameters: {'model_name': 'Simple'} because of the following error: UnboundLocalError("local variable 'my_params' referenced before assignment").
Traceback (most recent call last):
  File "/home/ketrong/miniconda3/envs/tpot2devenv/lib/python3.10/site-packages/optuna/study/_optimize.py", line 200, in _run_trial
    value_or_values = func(trial)
  File "/common/ketrong/AutoImputeExp/tpot2_imputetest/Impute_Experiments/autoimpute.py", line 56, in obj
    my_params = autoutils.trial_suggestion(trial, self.model_names, column_len=len(X.columns), random_state=self.random_state)
  File "/common/ketrong/AutoImputeExp/tpot2_imputetest/Impute_Experiments/autoutils.py", line 28, in trial_suggestion
    my_params['model_name'] = model_name
UnboundLocalError: local variable 'my_params' referenced before assignment
                                         0%|          | 0/200 [00:04<?, ?it/s][W 2023-11-21 15:43:27,610] Trial 18 failed with value None.
                                         0%|          | 0/200 [00:04<?, ?it/s]                                       [W 2023-11-21 15:43:26,133] Trial 29 failed with parameters: {'model_name': 'Simple'} because of the following error: UnboundLocalError("local variable 'my_params' referenced before assignment").
Traceback (most recent call last):
  File "/home/ketrong/miniconda3/envs/tpot2devenv/lib/python3.10/site-packages/optuna/study/_optimize.py", line 200, in _run_trial
    value_or_values = func(trial)
  File "/common/ketrong/AutoImputeExp/tpot2_imputetest/Impute_Experiments/autoimpute.py", line 56, in obj
    my_params = autoutils.trial_suggestion(trial, self.model_names, column_len=len(X.columns), random_state=self.random_state)
  File "/common/ketrong/AutoImputeExp/tpot2_imputetest/Impute_Experiments/autoutils.py", line 28, in trial_suggestion
    my_params['model_name'] = model_name
UnboundLocalError: local variable 'my_params' referenced before assignment
  0%|          | 0/200 [00:04<?, ?it/s]                                       [W 2023-11-21 15:43:27,819] Trial 29 failed with value None.
  0%|          | 0/200 [00:04<?, ?it/s][W 2023-11-21 15:43:26,136] Trial 19 failed with value None.
                                         0%|          | 0/200 [00:04<?, ?it/s][W 2023-11-21 15:43:25,071] Trial 21 failed with parameters: {'model_name': 'Simple'} because of the following error: UnboundLocalError("local variable 'my_params' referenced before assignment").
Traceback (most recent call last):
  File "/home/ketrong/miniconda3/envs/tpot2devenv/lib/python3.10/site-packages/optuna/study/_optimize.py", line 200, in _run_trial
    value_or_values = func(trial)
  File "/common/ketrong/AutoImputeExp/tpot2_imputetest/Impute_Experiments/autoimpute.py", line 56, in obj
    my_params = autoutils.trial_suggestion(trial, self.model_names, column_len=len(X.columns), random_state=self.random_state)
  File "/common/ketrong/AutoImputeExp/tpot2_imputetest/Impute_Experiments/autoutils.py", line 28, in trial_suggestion
    my_params['model_name'] = model_name
UnboundLocalError: local variable 'my_params' referenced before assignment
                                         0%|          | 0/200 [00:04<?, ?it/s]                                       [W 2023-11-21 15:43:28,233] Trial 21 failed with value None.
  0%|          | 0/200 [00:04<?, ?it/s]                                       [W 2023-11-21 15:43:26,348] Trial 32 failed with parameters: {'model_name': 'Simple'} because of the following error: UnboundLocalError("local variable 'my_params' referenced before assignment").
Traceback (most recent call last):
  File "/home/ketrong/miniconda3/envs/tpot2devenv/lib/python3.10/site-packages/optuna/study/_optimize.py", line 200, in _run_trial
    value_or_values = func(trial)
  File "/common/ketrong/AutoImputeExp/tpot2_imputetest/Impute_Experiments/autoimpute.py", line 56, in obj
    my_params = autoutils.trial_suggestion(trial, self.model_names, column_len=len(X.columns), random_state=self.random_state)
  File "/common/ketrong/AutoImputeExp/tpot2_imputetest/Impute_Experiments/autoutils.py", line 28, in trial_suggestion
    my_params['model_name'] = model_name
UnboundLocalError: local variable 'my_params' referenced before assignment
  0%|          | 0/200 [00:05<?, ?it/s][W 2023-11-21 15:43:28,442] Trial 32 failed with value None.
                                         0%|          | 0/200 [00:05<?, ?it/s][W 2023-11-21 15:43:26,350] Trial 34 failed with parameters: {'model_name': 'Simple'} because of the following error: UnboundLocalError("local variable 'my_params' referenced before assignment").
Traceback (most recent call last):
  File "/home/ketrong/miniconda3/envs/tpot2devenv/lib/python3.10/site-packages/optuna/study/_optimize.py", line 200, in _run_trial
    value_or_values = func(trial)
  File "/common/ketrong/AutoImputeExp/tpot2_imputetest/Impute_Experiments/autoimpute.py", line 56, in obj
    my_params = autoutils.trial_suggestion(trial, self.model_names, column_len=len(X.columns), random_state=self.random_state)
  File "/common/ketrong/AutoImputeExp/tpot2_imputetest/Impute_Experiments/autoutils.py", line 28, in trial_suggestion
    my_params['model_name'] = model_name
UnboundLocalError: local variable 'my_params' referenced before assignment
                                         0%|          | 0/200 [00:05<?, ?it/s]                                         0%|          | 0/200 [00:05<?, ?it/s][W 2023-11-21 15:43:28,651] Trial 34 failed with value None.
[W 2023-11-21 15:43:25,282] Trial 24 failed with parameters: {'model_name': 'Simple'} because of the following error: UnboundLocalError("local variable 'my_params' referenced before assignment").
Traceback (most recent call last):
  File "/home/ketrong/miniconda3/envs/tpot2devenv/lib/python3.10/site-packages/optuna/study/_optimize.py", line 200, in _run_trial
    value_or_values = func(trial)
  File "/common/ketrong/AutoImputeExp/tpot2_imputetest/Impute_Experiments/autoimpute.py", line 56, in obj
    my_params = autoutils.trial_suggestion(trial, self.model_names, column_len=len(X.columns), random_state=self.random_state)
  File "/common/ketrong/AutoImputeExp/tpot2_imputetest/Impute_Experiments/autoutils.py", line 28, in trial_suggestion
    my_params['model_name'] = model_name
UnboundLocalError: local variable 'my_params' referenced before assignment
                                         0%|          | 0/200 [00:05<?, ?it/s]                                       [W 2023-11-21 15:43:28,858] Trial 24 failed with value None.
  0%|          | 0/200 [00:05<?, ?it/s][W 2023-11-21 15:43:26,770] Trial 36 failed with parameters: {'model_name': 'Simple'} because of the following error: UnboundLocalError("local variable 'my_params' referenced before assignment").
Traceback (most recent call last):
  File "/home/ketrong/miniconda3/envs/tpot2devenv/lib/python3.10/site-packages/optuna/study/_optimize.py", line 200, in _run_trial
    value_or_values = func(trial)
  File "/common/ketrong/AutoImputeExp/tpot2_imputetest/Impute_Experiments/autoimpute.py", line 56, in obj
    my_params = autoutils.trial_suggestion(trial, self.model_names, column_len=len(X.columns), random_state=self.random_state)
  File "/common/ketrong/AutoImputeExp/tpot2_imputetest/Impute_Experiments/autoutils.py", line 28, in trial_suggestion
    my_params['model_name'] = model_name
UnboundLocalError: local variable 'my_params' referenced before assignment
                                         0%|          | 0/200 [00:05<?, ?it/s]                                         0%|          | 0/200 [00:05<?, ?it/s][W 2023-11-21 15:43:29,067] Trial 36 failed with value None.
[W 2023-11-21 15:43:25,701] Trial 25 failed with parameters: {'model_name': 'Simple'} because of the following error: UnboundLocalError("local variable 'my_params' referenced before assignment").
Traceback (most recent call last):
  File "/home/ketrong/miniconda3/envs/tpot2devenv/lib/python3.10/site-packages/optuna/study/_optimize.py", line 200, in _run_trial
    value_or_values = func(trial)
  File "/common/ketrong/AutoImputeExp/tpot2_imputetest/Impute_Experiments/autoimpute.py", line 56, in obj
    my_params = autoutils.trial_suggestion(trial, self.model_names, column_len=len(X.columns), random_state=self.random_state)
  File "/common/ketrong/AutoImputeExp/tpot2_imputetest/Impute_Experiments/autoutils.py", line 28, in trial_suggestion
    my_params['model_name'] = model_name
UnboundLocalError: local variable 'my_params' referenced before assignment
                                         0%|          | 0/200 [00:05<?, ?it/s]                                         0%|          | 0/200 [00:05<?, ?it/s][W 2023-11-21 15:43:29,275] Trial 25 failed with value None.
[W 2023-11-21 15:43:27,190] Trial 38 failed with parameters: {'model_name': 'Simple'} because of the following error: UnboundLocalError("local variable 'my_params' referenced before assignment").
Traceback (most recent call last):
  File "/home/ketrong/miniconda3/envs/tpot2devenv/lib/python3.10/site-packages/optuna/study/_optimize.py", line 200, in _run_trial
    value_or_values = func(trial)
  File "/common/ketrong/AutoImputeExp/tpot2_imputetest/Impute_Experiments/autoimpute.py", line 56, in obj
    my_params = autoutils.trial_suggestion(trial, self.model_names, column_len=len(X.columns), random_state=self.random_state)
  File "/common/ketrong/AutoImputeExp/tpot2_imputetest/Impute_Experiments/autoutils.py", line 28, in trial_suggestion
    my_params['model_name'] = model_name
UnboundLocalError: local variable 'my_params' referenced before assignment
                                         0%|          | 0/200 [00:06<?, ?it/s]                                       [W 2023-11-21 15:43:29,482] Trial 38 failed with value None.
  0%|          | 0/200 [00:06<?, ?it/s][W 2023-11-21 15:43:27,399] Trial 40 failed with parameters: {'model_name': 'Simple'} because of the following error: UnboundLocalError("local variable 'my_params' referenced before assignment").
Traceback (most recent call last):
  File "/home/ketrong/miniconda3/envs/tpot2devenv/lib/python3.10/site-packages/optuna/study/_optimize.py", line 200, in _run_trial
    value_or_values = func(trial)
  File "/common/ketrong/AutoImputeExp/tpot2_imputetest/Impute_Experiments/autoimpute.py", line 56, in obj
    my_params = autoutils.trial_suggestion(trial, self.model_names, column_len=len(X.columns), random_state=self.random_state)
  File "/common/ketrong/AutoImputeExp/tpot2_imputetest/Impute_Experiments/autoutils.py", line 28, in trial_suggestion
    my_params['model_name'] = model_name
UnboundLocalError: local variable 'my_params' referenced before assignment
                                         0%|          | 0/200 [00:06<?, ?it/s][W 2023-11-21 15:43:29,690] Trial 40 failed with value None.
                                         0%|          | 0/200 [00:06<?, ?it/s][W 2023-11-21 15:43:26,132] Trial 28 failed with parameters: {'model_name': 'Simple'} because of the following error: UnboundLocalError("local variable 'my_params' referenced before assignment").
Traceback (most recent call last):
  File "/home/ketrong/miniconda3/envs/tpot2devenv/lib/python3.10/site-packages/optuna/study/_optimize.py", line 200, in _run_trial
    value_or_values = func(trial)
  File "/common/ketrong/AutoImputeExp/tpot2_imputetest/Impute_Experiments/autoimpute.py", line 56, in obj
    my_params = autoutils.trial_suggestion(trial, self.model_names, column_len=len(X.columns), random_state=self.random_state)
  File "/common/ketrong/AutoImputeExp/tpot2_imputetest/Impute_Experiments/autoutils.py", line 28, in trial_suggestion
    my_params['model_name'] = model_name
UnboundLocalError: local variable 'my_params' referenced before assignment
                                         0%|          | 0/200 [00:06<?, ?it/s][W 2023-11-21 15:43:29,897] Trial 28 failed with value None.
                                         0%|          | 0/200 [00:06<?, ?it/s][W 2023-11-21 15:43:27,819] Trial 42 failed with parameters: {'model_name': 'Simple'} because of the following error: UnboundLocalError("local variable 'my_params' referenced before assignment").
Traceback (most recent call last):
  File "/home/ketrong/miniconda3/envs/tpot2devenv/lib/python3.10/site-packages/optuna/study/_optimize.py", line 200, in _run_trial
    value_or_values = func(trial)
  File "/common/ketrong/AutoImputeExp/tpot2_imputetest/Impute_Experiments/autoimpute.py", line 56, in obj
    my_params = autoutils.trial_suggestion(trial, self.model_names, column_len=len(X.columns), random_state=self.random_state)
  File "/common/ketrong/AutoImputeExp/tpot2_imputetest/Impute_Experiments/autoutils.py", line 28, in trial_suggestion
    my_params['model_name'] = model_name
UnboundLocalError: local variable 'my_params' referenced before assignment
                                         0%|          | 0/200 [00:06<?, ?it/s]                                       [W 2023-11-21 15:43:30,105] Trial 42 failed with value None.
  0%|          | 0/200 [00:06<?, ?it/s][W 2023-11-21 15:43:26,135] Trial 30 failed with parameters: {'model_name': 'Simple'} because of the following error: UnboundLocalError("local variable 'my_params' referenced before assignment").
Traceback (most recent call last):
  File "/home/ketrong/miniconda3/envs/tpot2devenv/lib/python3.10/site-packages/optuna/study/_optimize.py", line 200, in _run_trial
    value_or_values = func(trial)
  File "/common/ketrong/AutoImputeExp/tpot2_imputetest/Impute_Experiments/autoimpute.py", line 56, in obj
    my_params = autoutils.trial_suggestion(trial, self.model_names, column_len=len(X.columns), random_state=self.random_state)
  File "/common/ketrong/AutoImputeExp/tpot2_imputetest/Impute_Experiments/autoutils.py", line 28, in trial_suggestion
    my_params['model_name'] = model_name
UnboundLocalError: local variable 'my_params' referenced before assignment
                                         0%|          | 0/200 [00:07<?, ?it/s]                                         0%|          | 0/200 [00:07<?, ?it/s][W 2023-11-21 15:43:30,315] Trial 30 failed with value None.
[W 2023-11-21 15:43:26,346] Trial 31 failed with parameters: {'model_name': 'Simple'} because of the following error: UnboundLocalError("local variable 'my_params' referenced before assignment").
Traceback (most recent call last):
  File "/home/ketrong/miniconda3/envs/tpot2devenv/lib/python3.10/site-packages/optuna/study/_optimize.py", line 200, in _run_trial
    value_or_values = func(trial)
  File "/common/ketrong/AutoImputeExp/tpot2_imputetest/Impute_Experiments/autoimpute.py", line 56, in obj
    my_params = autoutils.trial_suggestion(trial, self.model_names, column_len=len(X.columns), random_state=self.random_state)
  File "/common/ketrong/AutoImputeExp/tpot2_imputetest/Impute_Experiments/autoutils.py", line 28, in trial_suggestion
    my_params['model_name'] = model_name
UnboundLocalError: local variable 'my_params' referenced before assignment
                                         0%|          | 0/200 [00:07<?, ?it/s]                                         0%|          | 0/200 [00:07<?, ?it/s][W 2023-11-21 15:43:30,524] Trial 31 failed with value None.
[W 2023-11-21 15:43:28,442] Trial 46 failed with parameters: {'model_name': 'Simple'} because of the following error: UnboundLocalError("local variable 'my_params' referenced before assignment").
Traceback (most recent call last):
  File "/home/ketrong/miniconda3/envs/tpot2devenv/lib/python3.10/site-packages/optuna/study/_optimize.py", line 200, in _run_trial
    value_or_values = func(trial)
  File "/common/ketrong/AutoImputeExp/tpot2_imputetest/Impute_Experiments/autoimpute.py", line 56, in obj
    my_params = autoutils.trial_suggestion(trial, self.model_names, column_len=len(X.columns), random_state=self.random_state)
  File "/common/ketrong/AutoImputeExp/tpot2_imputetest/Impute_Experiments/autoutils.py", line 28, in trial_suggestion
    my_params['model_name'] = model_name
UnboundLocalError: local variable 'my_params' referenced before assignment
                                         0%|          | 0/200 [00:07<?, ?it/s]                                       [W 2023-11-21 15:43:30,732] Trial 46 failed with value None.
  0%|          | 0/200 [00:07<?, ?it/s][W 2023-11-21 15:43:28,650] Trial 47 failed with parameters: {'model_name': 'Simple'} because of the following error: UnboundLocalError("local variable 'my_params' referenced before assignment").
Traceback (most recent call last):
  File "/home/ketrong/miniconda3/envs/tpot2devenv/lib/python3.10/site-packages/optuna/study/_optimize.py", line 200, in _run_trial
    value_or_values = func(trial)
  File "/common/ketrong/AutoImputeExp/tpot2_imputetest/Impute_Experiments/autoimpute.py", line 56, in obj
    my_params = autoutils.trial_suggestion(trial, self.model_names, column_len=len(X.columns), random_state=self.random_state)
  File "/common/ketrong/AutoImputeExp/tpot2_imputetest/Impute_Experiments/autoutils.py", line 28, in trial_suggestion
    my_params['model_name'] = model_name
UnboundLocalError: local variable 'my_params' referenced before assignment                                       
  0%|          | 0/200 [00:07<?, ?it/s]                                       [W 2023-11-21 15:43:30,938] Trial 47 failed with value None.
  0%|          | 0/200 [00:07<?, ?it/s][W 2023-11-21 15:43:26,769] Trial 35 failed with parameters: {'model_name': 'Simple'} because of the following error: UnboundLocalError("local variable 'my_params' referenced before assignment").
Traceback (most recent call last):
  File "/home/ketrong/miniconda3/envs/tpot2devenv/lib/python3.10/site-packages/optuna/study/_optimize.py", line 200, in _run_trial
    value_or_values = func(trial)
  File "/common/ketrong/AutoImputeExp/tpot2_imputetest/Impute_Experiments/autoimpute.py", line 56, in obj
    my_params = autoutils.trial_suggestion(trial, self.model_names, column_len=len(X.columns), random_state=self.random_state)
  File "/common/ketrong/AutoImputeExp/tpot2_imputetest/Impute_Experiments/autoutils.py", line 28, in trial_suggestion
    my_params['model_name'] = model_name
UnboundLocalError: local variable 'my_params' referenced before assignment
                                         0%|          | 0/200 [00:07<?, ?it/s][W 2023-11-21 15:43:31,147] Trial 35 failed with value None.
                                         0%|          | 0/200 [00:07<?, ?it/s][W 2023-11-21 15:43:25,702] Trial 26 failed with parameters: {'model_name': 'Simple'} because of the following error: UnboundLocalError("local variable 'my_params' referenced before assignment").
Traceback (most recent call last):
  File "/home/ketrong/miniconda3/envs/tpot2devenv/lib/python3.10/site-packages/optuna/study/_optimize.py", line 200, in _run_trial
    value_or_values = func(trial)
  File "/common/ketrong/AutoImputeExp/tpot2_imputetest/Impute_Experiments/autoimpute.py", line 56, in obj
    my_params = autoutils.trial_suggestion(trial, self.model_names, column_len=len(X.columns), random_state=self.random_state)
  File "/common/ketrong/AutoImputeExp/tpot2_imputetest/Impute_Experiments/autoutils.py", line 28, in trial_suggestion
    my_params['model_name'] = model_name
UnboundLocalError: local variable 'my_params' referenced before assignment
                                         0%|          | 0/200 [00:08<?, ?it/s][W 2023-11-21 15:43:31,354] Trial 26 failed with value None.
                                         0%|          | 0/200 [00:08<?, ?it/s][W 2023-11-21 15:43:23,307] Trial 13 failed with parameters: {'model_name': 'Simple'} because of the following error: UnboundLocalError("local variable 'my_params' referenced before assignment").
Traceback (most recent call last):
  File "/home/ketrong/miniconda3/envs/tpot2devenv/lib/python3.10/site-packages/optuna/study/_optimize.py", line 200, in _run_trial
    value_or_values = func(trial)
  File "/common/ketrong/AutoImputeExp/tpot2_imputetest/Impute_Experiments/autoimpute.py", line 56, in obj
    my_params = autoutils.trial_suggestion(trial, self.model_names, column_len=len(X.columns), random_state=self.random_state)
  File "/common/ketrong/AutoImputeExp/tpot2_imputetest/Impute_Experiments/autoutils.py", line 28, in trial_suggestion
    my_params['model_name'] = model_name
UnboundLocalError: local variable 'my_params' referenced before assignment
                                         0%|          | 0/200 [00:08<?, ?it/s][W 2023-11-21 15:43:31,561] Trial 13 failed with value None.
                                         0%|          | 0/200 [00:08<?, ?it/s][W 2023-11-21 15:43:27,819] Trial 43 failed with parameters: {'model_name': 'Simple'} because of the following error: UnboundLocalError("local variable 'my_params' referenced before assignment").
Traceback (most recent call last):
  File "/home/ketrong/miniconda3/envs/tpot2devenv/lib/python3.10/site-packages/optuna/study/_optimize.py", line 200, in _run_trial
    value_or_values = func(trial)
  File "/common/ketrong/AutoImputeExp/tpot2_imputetest/Impute_Experiments/autoimpute.py", line 56, in obj
    my_params = autoutils.trial_suggestion(trial, self.model_names, column_len=len(X.columns), random_state=self.random_state)
  File "/common/ketrong/AutoImputeExp/tpot2_imputetest/Impute_Experiments/autoutils.py", line 28, in trial_suggestion
    my_params['model_name'] = model_name
UnboundLocalError: local variable 'my_params' referenced before assignment
                                         0%|          | 0/200 [00:08<?, ?it/s]                                         0%|          | 0/200 [00:08<?, ?it/s][W 2023-11-21 15:43:31,768] Trial 43 failed with value None.
[W 2023-11-21 15:43:28,234] Trial 45 failed with parameters: {'model_name': 'Simple'} because of the following error: UnboundLocalError("local variable 'my_params' referenced before assignment").
Traceback (most recent call last):
  File "/home/ketrong/miniconda3/envs/tpot2devenv/lib/python3.10/site-packages/optuna/study/_optimize.py", line 200, in _run_trial
    value_or_values = func(trial)
  File "/common/ketrong/AutoImputeExp/tpot2_imputetest/Impute_Experiments/autoimpute.py", line 56, in obj
    my_params = autoutils.trial_suggestion(trial, self.model_names, column_len=len(X.columns), random_state=self.random_state)
  File "/common/ketrong/AutoImputeExp/tpot2_imputetest/Impute_Experiments/autoutils.py", line 28, in trial_suggestion
    my_params['model_name'] = model_name
UnboundLocalError: local variable 'my_params' referenced before assignment
                                         0%|          | 0/200 [00:08<?, ?it/s][W 2023-11-21 15:43:31,976] Trial 45 failed with value None.
                                         0%|          | 0/200 [00:08<?, ?it/s][W 2023-11-21 15:43:23,805] Trial 15 failed with parameters: {'model_name': 'Simple'} because of the following error: UnboundLocalError("local variable 'my_params' referenced before assignment").
Traceback (most recent call last):
  File "/home/ketrong/miniconda3/envs/tpot2devenv/lib/python3.10/site-packages/optuna/study/_optimize.py", line 200, in _run_trial
    value_or_values = func(trial)
  File "/common/ketrong/AutoImputeExp/tpot2_imputetest/Impute_Experiments/autoimpute.py", line 56, in obj
    my_params = autoutils.trial_suggestion(trial, self.model_names, column_len=len(X.columns), random_state=self.random_state)
  File "/common/ketrong/AutoImputeExp/tpot2_imputetest/Impute_Experiments/autoutils.py", line 28, in trial_suggestion
    my_params['model_name'] = model_name
UnboundLocalError: local variable 'my_params' referenced before assignment
                                         0%|          | 0/200 [00:08<?, ?it/s][W 2023-11-21 15:43:32,184] Trial 15 failed with value None.
                                         0%|          | 0/200 [00:08<?, ?it/s][W 2023-11-21 15:43:27,191] Trial 39 failed with parameters: {'model_name': 'Simple'} because of the following error: UnboundLocalError("local variable 'my_params' referenced before assignment").
Traceback (most recent call last):
  File "/home/ketrong/miniconda3/envs/tpot2devenv/lib/python3.10/site-packages/optuna/study/_optimize.py", line 200, in _run_trial
    value_or_values = func(trial)
  File "/common/ketrong/AutoImputeExp/tpot2_imputetest/Impute_Experiments/autoimpute.py", line 56, in obj
    my_params = autoutils.trial_suggestion(trial, self.model_names, column_len=len(X.columns), random_state=self.random_state)
  File "/common/ketrong/AutoImputeExp/tpot2_imputetest/Impute_Experiments/autoutils.py", line 28, in trial_suggestion
    my_params['model_name'] = model_name
UnboundLocalError: local variable 'my_params' referenced before assignment
                                         0%|          | 0/200 [00:09<?, ?it/s]                                         0%|          | 0/200 [00:09<?, ?it/s][W 2023-11-21 15:43:32,392] Trial 39 failed with value None.
[W 2023-11-21 15:43:28,026] Trial 44 failed with parameters: {'model_name': 'Simple'} because of the following error: UnboundLocalError("local variable 'my_params' referenced before assignment").
Traceback (most recent call last):
  File "/home/ketrong/miniconda3/envs/tpot2devenv/lib/python3.10/site-packages/optuna/study/_optimize.py", line 200, in _run_trial
    value_or_values = func(trial)
  File "/common/ketrong/AutoImputeExp/tpot2_imputetest/Impute_Experiments/autoimpute.py", line 56, in obj
    my_params = autoutils.trial_suggestion(trial, self.model_names, column_len=len(X.columns), random_state=self.random_state)
  File "/common/ketrong/AutoImputeExp/tpot2_imputetest/Impute_Experiments/autoutils.py", line 28, in trial_suggestion
    my_params['model_name'] = model_name
UnboundLocalError: local variable 'my_params' referenced before assignment
                                         0%|          | 0/200 [00:09<?, ?it/s]                                         0%|          | 0/200 [00:09<?, ?it/s][W 2023-11-21 15:43:32,602] Trial 44 failed with value None.
[W 2023-11-21 15:43:26,771] Trial 37 failed with parameters: {'model_name': 'Simple'} because of the following error: UnboundLocalError("local variable 'my_params' referenced before assignment").
Traceback (most recent call last):
  File "/home/ketrong/miniconda3/envs/tpot2devenv/lib/python3.10/site-packages/optuna/study/_optimize.py", line 200, in _run_trial
    value_or_values = func(trial)
  File "/common/ketrong/AutoImputeExp/tpot2_imputetest/Impute_Experiments/autoimpute.py", line 56, in obj
    my_params = autoutils.trial_suggestion(trial, self.model_names, column_len=len(X.columns), random_state=self.random_state)
  File "/common/ketrong/AutoImputeExp/tpot2_imputetest/Impute_Experiments/autoutils.py", line 28, in trial_suggestion
    my_params['model_name'] = model_name
UnboundLocalError: local variable 'my_params' referenced before assignment
                                         0%|          | 0/200 [00:09<?, ?it/s]                                       [W 2023-11-21 15:43:32,808] Trial 37 failed with value None.
  0%|          | 0/200 [00:09<?, ?it/s][W 2023-11-21 15:43:26,349] Trial 33 failed with parameters: {'model_name': 'Simple'} because of the following error: UnboundLocalError("local variable 'my_params' referenced before assignment").
Traceback (most recent call last):
  File "/home/ketrong/miniconda3/envs/tpot2devenv/lib/python3.10/site-packages/optuna/study/_optimize.py", line 200, in _run_trial
    value_or_values = func(trial)
  File "/common/ketrong/AutoImputeExp/tpot2_imputetest/Impute_Experiments/autoimpute.py", line 56, in obj
    my_params = autoutils.trial_suggestion(trial, self.model_names, column_len=len(X.columns), random_state=self.random_state)
  File "/common/ketrong/AutoImputeExp/tpot2_imputetest/Impute_Experiments/autoutils.py", line 28, in trial_suggestion
    my_params['model_name'] = model_name
UnboundLocalError: local variable 'my_params' referenced before assignment
                                         0%|          | 0/200 [00:09<?, ?it/s]                                         0%|          | 0/200 [00:09<?, ?it/s][W 2023-11-21 15:43:33,018] Trial 33 failed with value None.
[W 2023-11-21 15:43:27,818] Trial 41 failed with parameters: {'model_name': 'Simple'} because of the following error: UnboundLocalError("local variable 'my_params' referenced before assignment").
Traceback (most recent call last):
  File "/home/ketrong/miniconda3/envs/tpot2devenv/lib/python3.10/site-packages/optuna/study/_optimize.py", line 200, in _run_trial
    value_or_values = func(trial)
  File "/common/ketrong/AutoImputeExp/tpot2_imputetest/Impute_Experiments/autoimpute.py", line 56, in obj
    my_params = autoutils.trial_suggestion(trial, self.model_names, column_len=len(X.columns), random_state=self.random_state)
  File "/common/ketrong/AutoImputeExp/tpot2_imputetest/Impute_Experiments/autoutils.py", line 28, in trial_suggestion
    my_params['model_name'] = model_name
UnboundLocalError: local variable 'my_params' referenced before assignment
                                         0%|          | 0/200 [00:09<?, ?it/s]                                       [W 2023-11-21 15:43:33,226] Trial 41 failed with value None.
  0%|          | 0/200 [00:09<?, ?it/s]  0%|          | 0/200 [00:10<?, ?it/s]
failed on 
tpot2_imputetest/Impute_Experiments/logs//tpot2_base_normal_6_0.5_MAR_1
local variable 'my_params' referenced before assignment
Traceback (most recent call last):
  File "/common/ketrong/AutoImputeExp/tpot2_imputetest/Impute_Experiments/utils.py", line 178, in loop_through_tasks
    AutoImputeSpace.fit(X_train_pandas)
  File "/common/ketrong/AutoImputeExp/tpot2_imputetest/Impute_Experiments/autoimpute.py", line 60, in fit
    self.study.optimize(obj, n_trials=self.n_trials, n_jobs=self.n_jobs, show_progress_bar=self.show_progress, gc_after_trial=self.garbage_collect)
  File "/home/ketrong/miniconda3/envs/tpot2devenv/lib/python3.10/site-packages/optuna/study/study.py", line 451, in optimize
    _optimize(
  File "/home/ketrong/miniconda3/envs/tpot2devenv/lib/python3.10/site-packages/optuna/study/_optimize.py", line 103, in _optimize
    f.result()
  File "/home/ketrong/miniconda3/envs/tpot2devenv/lib/python3.10/concurrent/futures/_base.py", line 451, in result
    return self.__get_result()
  File "/home/ketrong/miniconda3/envs/tpot2devenv/lib/python3.10/concurrent/futures/_base.py", line 403, in __get_result
    raise self._exception
  File "/home/ketrong/miniconda3/envs/tpot2devenv/lib/python3.10/concurrent/futures/thread.py", line 58, in run
    result = self.fn(*self.args, **self.kwargs)
  File "/home/ketrong/miniconda3/envs/tpot2devenv/lib/python3.10/site-packages/optuna/study/_optimize.py", line 163, in _optimize_sequential
    frozen_trial = _run_trial(study, func, catch)
  File "/home/ketrong/miniconda3/envs/tpot2devenv/lib/python3.10/site-packages/optuna/study/_optimize.py", line 251, in _run_trial
    raise func_err
  File "/home/ketrong/miniconda3/envs/tpot2devenv/lib/python3.10/site-packages/optuna/study/_optimize.py", line 200, in _run_trial
    value_or_values = func(trial)
  File "/common/ketrong/AutoImputeExp/tpot2_imputetest/Impute_Experiments/autoimpute.py", line 56, in obj
    my_params = autoutils.trial_suggestion(trial, self.model_names, column_len=len(X.columns), random_state=self.random_state)
  File "/common/ketrong/AutoImputeExp/tpot2_imputetest/Impute_Experiments/autoutils.py", line 28, in trial_suggestion
    my_params['model_name'] = model_name
UnboundLocalError: local variable 'my_params' referenced before assignment

DONE
