/cm/local/apps/slurm/var/spool/job417836/slurm_script: line 19: /common/ketrong/minconda3/etc/profile.d/conda.sh: No such file or directory
/cm/local/apps/slurm/var/spool/job417836/slurm_script: line 22: $'\nconda create --name tpot2devenv -c conda-forge python=3.10\n': command not found
/cm/local/apps/slurm/var/spool/job417836/slurm_script: line 27: $'\npip install -r requirements.txt\n': command not found
RunStart
2023-11-28 16:06:34.025353: I tensorflow/core/util/port.cc:113] oneDNN custom operations are on. You may see slightly different numerical results due to floating-point round-off errors from different computation orders. To turn them off, set the environment variable `TF_ENABLE_ONEDNN_OPTS=0`.
2023-11-28 16:06:34.059254: E external/local_xla/xla/stream_executor/cuda/cuda_dnn.cc:9261] Unable to register cuDNN factory: Attempting to register factory for plugin cuDNN when one has already been registered
2023-11-28 16:06:34.059277: E external/local_xla/xla/stream_executor/cuda/cuda_fft.cc:607] Unable to register cuFFT factory: Attempting to register factory for plugin cuFFT when one has already been registered
2023-11-28 16:06:34.060199: E external/local_xla/xla/stream_executor/cuda/cuda_blas.cc:1515] Unable to register cuBLAS factory: Attempting to register factory for plugin cuBLAS when one has already been registered
2023-11-28 16:06:34.065448: I tensorflow/core/platform/cpu_feature_guard.cc:182] This TensorFlow binary is optimized to use available CPU instructions in performance-critical operations.
To enable the following instructions: AVX2 AVX512F AVX512_VNNI FMA, in other operations, rebuild TensorFlow with the appropriate compiler flags.
2023-11-28 16:06:35.192867: W tensorflow/compiler/tf2tensorrt/utils/py_utils.cc:38] TF-TRT Warning: Could not find TensorRT
WARNING:tensorflow:From /home/ketrong/miniconda3/envs/tpot2devenv/lib/python3.10/site-packages/tensorflow/python/compat/v2_compat.py:108: disable_resource_variables (from tensorflow.python.ops.variable_scope) is deprecated and will be removed in a future version.
Instructions for updating:
non-resource variables are not supported in the long term
start
working on 
tpot2_imputetest/Impute_Experiments/logs//small_run
loading data
tpot2_imputetest/Impute_Experiments/data/26_True.pkl
starting impute modules
running experiment 1/3 - Does large hyperparameter space improve reconstruction accuracy over simple
[I 2023-11-28 16:06:49,598] A new study created in memory with name: no-name-58e8f693-4a64-4545-b45f-7088d5e3bd21
[I 2023-11-28 16:06:49,612] Trial 0 finished with value: inf and parameters: {'model_name': 'GAIN', 'batch_size': 10, 'hint_rate': 0.44, 'alpha': 1, 'iterations': 25}. Best is trial 0 with value: inf.
[I 2023-11-28 16:06:49,827] Trial 1 finished with value: inf and parameters: {'model_name': 'GAIN', 'batch_size': 2, 'hint_rate': 0.41000000000000003, 'alpha': 65, 'iterations': 39124}. Best is trial 0 with value: inf.
[I 2023-11-28 16:06:49,975] Trial 2 finished with value: inf and parameters: {'model_name': 'GAIN', 'batch_size': 409, 'hint_rate': 0.7100000000000001, 'alpha': 58, 'iterations': 199}. Best is trial 0 with value: inf.
[I 2023-11-28 16:06:50,131] Trial 3 finished with value: inf and parameters: {'model_name': 'GAIN', 'batch_size': 1, 'hint_rate': 0.59, 'alpha': 77, 'iterations': 739}. Best is trial 0 with value: inf.
[I 2023-11-28 16:06:50,314] Trial 4 finished with value: inf and parameters: {'model_name': 'GAIN', 'batch_size': 68, 'hint_rate': 0.86, 'alpha': 36, 'iterations': 452}. Best is trial 0 with value: inf.
[I 2023-11-28 16:06:50,466] Trial 5 finished with value: inf and parameters: {'model_name': 'GAIN', 'batch_size': 1, 'hint_rate': 0.59, 'alpha': 10, 'iterations': 30}. Best is trial 0 with value: inf.
[I 2023-11-28 16:06:50,623] Trial 6 finished with value: inf and parameters: {'model_name': 'GAIN', 'batch_size': 10, 'hint_rate': 0.89, 'alpha': 35, 'iterations': 27}. Best is trial 0 with value: inf.
[I 2023-11-28 16:06:50,776] Trial 12 finished with value: inf and parameters: {'model_name': 'GAIN', 'batch_size': 2, 'hint_rate': 0.36000000000000004, 'alpha': 1, 'iterations': 407}. Best is trial 0 with value: inf.
[I 2023-11-28 16:06:50,928] Trial 7 finished with value: inf and parameters: {'model_name': 'GAIN', 'batch_size': 6, 'hint_rate': 0.31, 'alpha': 78, 'iterations': 7}. Best is trial 0 with value: inf.
[I 2023-11-28 16:06:51,075] Trial 8 finished with value: inf and parameters: {'model_name': 'GAIN', 'batch_size': 50, 'hint_rate': 0.33, 'alpha': 94, 'iterations': 39}. Best is trial 0 with value: inf.
[I 2023-11-28 16:06:51,225] Trial 9 finished with value: inf and parameters: {'model_name': 'GAIN', 'batch_size': 359, 'hint_rate': 0.79, 'alpha': 88, 'iterations': 21}. Best is trial 0 with value: inf.
[I 2023-11-28 16:06:51,374] Trial 10 finished with value: inf and parameters: {'model_name': 'GAIN', 'batch_size': 232, 'hint_rate': 0.67, 'alpha': 3, 'iterations': 391}. Best is trial 0 with value: inf.
[I 2023-11-28 16:06:51,535] Trial 54 finished with value: inf and parameters: {'model_name': 'GAIN', 'batch_size': 4, 'hint_rate': 0.01, 'alpha': 52, 'iterations': 79863}. Best is trial 0 with value: inf.
[I 2023-11-28 16:06:51,686] Trial 11 finished with value: inf and parameters: {'model_name': 'GAIN', 'batch_size': 12, 'hint_rate': 0.03, 'alpha': 9, 'iterations': 561}. Best is trial 0 with value: inf.
[I 2023-11-28 16:06:51,873] Trial 56 finished with value: inf and parameters: {'model_name': 'GAIN', 'batch_size': 3, 'hint_rate': 0.42000000000000004, 'alpha': 27, 'iterations': 75551}. Best is trial 0 with value: inf.
[I 2023-11-28 16:06:52,020] Trial 55 finished with value: inf and parameters: {'model_name': 'GAIN', 'batch_size': 3, 'hint_rate': 0.42000000000000004, 'alpha': 27, 'iterations': 1}. Best is trial 0 with value: inf.
[I 2023-11-28 16:06:52,173] Trial 13 finished with value: inf and parameters: {'model_name': 'GAIN', 'batch_size': 2, 'hint_rate': 0.77, 'alpha': 12, 'iterations': 34}. Best is trial 0 with value: inf.
[I 2023-11-28 16:06:52,328] Trial 14 finished with value: inf and parameters: {'model_name': 'GAIN', 'batch_size': 43, 'hint_rate': 0.04, 'alpha': 89, 'iterations': 1}. Best is trial 0 with value: inf.
[I 2023-11-28 16:06:52,330] Trial 17 finished with value: inf and parameters: {'model_name': 'GAIN', 'batch_size': 672, 'hint_rate': 0.79, 'alpha': 40, 'iterations': 1314}. Best is trial 0 with value: inf.
[I 2023-11-28 16:06:52,333] Trial 16 finished with value: inf and parameters: {'model_name': 'GAIN', 'batch_size': 2, 'hint_rate': 0.05, 'alpha': 54, 'iterations': 63420}. Best is trial 0 with value: inf.
[I 2023-11-28 16:06:52,334] Trial 15 finished with value: inf and parameters: {'model_name': 'GAIN', 'batch_size': 419, 'hint_rate': 0.08, 'alpha': 59, 'iterations': 179}. Best is trial 0 with value: inf.
[I 2023-11-28 16:06:52,931] Trial 18 finished with value: inf and parameters: {'model_name': 'GAIN', 'batch_size': 14, 'hint_rate': 0.21000000000000002, 'alpha': 49, 'iterations': 26}. Best is trial 0 with value: inf.
[I 2023-11-28 16:06:53,082] Trial 20 finished with value: inf and parameters: {'model_name': 'GAIN', 'batch_size': 1, 'hint_rate': 0.66, 'alpha': 19, 'iterations': 3729}. Best is trial 0 with value: inf.
[I 2023-11-28 16:06:53,298] Trial 21 finished with value: inf and parameters: {'model_name': 'GAIN', 'batch_size': 344, 'hint_rate': 0.29000000000000004, 'alpha': 31, 'iterations': 373}. Best is trial 0 with value: inf.
[I 2023-11-28 16:06:53,303] Trial 19 finished with value: inf and parameters: {'model_name': 'GAIN', 'batch_size': 12, 'hint_rate': 0.61, 'alpha': 82, 'iterations': 1159}. Best is trial 0 with value: inf.
[I 2023-11-28 16:06:53,643] Trial 22 finished with value: inf and parameters: {'model_name': 'GAIN', 'batch_size': 389, 'hint_rate': 0.8400000000000001, 'alpha': 44, 'iterations': 23}. Best is trial 0 with value: inf.
[I 2023-11-28 16:06:53,796] Trial 23 finished with value: inf and parameters: {'model_name': 'GAIN', 'batch_size': 20, 'hint_rate': 0.42000000000000004, 'alpha': 27, 'iterations': 16}. Best is trial 0 with value: inf.
[I 2023-11-28 16:06:53,965] Trial 24 finished with value: inf and parameters: {'model_name': 'GAIN', 'batch_size': 675, 'hint_rate': 0.37, 'alpha': 100, 'iterations': 9}. Best is trial 0 with value: inf.
[I 2023-11-28 16:06:54,124] Trial 26 finished with value: inf and parameters: {'model_name': 'GAIN', 'batch_size': 156, 'hint_rate': 0.27, 'alpha': 89, 'iterations': 35}. Best is trial 0 with value: inf.
[I 2023-11-28 16:06:54,273] Trial 57 finished with value: inf and parameters: {'model_name': 'GAIN', 'batch_size': 20, 'hint_rate': 0.26, 'alpha': 71, 'iterations': 10405}. Best is trial 0 with value: inf.
[I 2023-11-28 16:06:54,432] Trial 25 finished with value: inf and parameters: {'model_name': 'GAIN', 'batch_size': 34, 'hint_rate': 0.81, 'alpha': 29, 'iterations': 72}. Best is trial 0 with value: inf.
[I 2023-11-28 16:06:54,608] Trial 29 finished with value: inf and parameters: {'model_name': 'GAIN', 'batch_size': 48, 'hint_rate': 0.74, 'alpha': 87, 'iterations': 17}. Best is trial 0 with value: inf.
[I 2023-11-28 16:06:54,766] Trial 28 finished with value: inf and parameters: {'model_name': 'GAIN', 'batch_size': 345, 'hint_rate': 0.45, 'alpha': 76, 'iterations': 122}. Best is trial 0 with value: inf.
[I 2023-11-28 16:06:54,914] Trial 30 finished with value: inf and parameters: {'model_name': 'GAIN', 'batch_size': 20, 'hint_rate': 0.99, 'alpha': 91, 'iterations': 1826}. Best is trial 0 with value: inf.
[I 2023-11-28 16:06:55,062] Trial 31 finished with value: inf and parameters: {'model_name': 'GAIN', 'batch_size': 344, 'hint_rate': 0.04, 'alpha': 72, 'iterations': 5}. Best is trial 0 with value: inf.
[I 2023-11-28 16:06:55,215] Trial 59 finished with value: inf and parameters: {'model_name': 'GAIN', 'batch_size': 28, 'hint_rate': 0.22, 'alpha': 65, 'iterations': 4251}. Best is trial 0 with value: inf.
[I 2023-11-28 16:06:55,383] Trial 27 finished with value: inf and parameters: {'model_name': 'GAIN', 'batch_size': 221, 'hint_rate': 0.77, 'alpha': 89, 'iterations': 35}. Best is trial 0 with value: inf.
[I 2023-11-28 16:06:55,537] Trial 33 finished with value: inf and parameters: {'model_name': 'GAIN', 'batch_size': 6, 'hint_rate': 0.4, 'alpha': 2, 'iterations': 2}. Best is trial 0 with value: inf.
[I 2023-11-28 16:06:55,686] Trial 58 finished with value: inf and parameters: {'model_name': 'GAIN', 'batch_size': 19, 'hint_rate': 0.25, 'alpha': 66, 'iterations': 3893}. Best is trial 0 with value: inf.
[I 2023-11-28 16:06:55,839] Trial 34 finished with value: inf and parameters: {'model_name': 'GAIN', 'batch_size': 54, 'hint_rate': 0.18000000000000002, 'alpha': 93, 'iterations': 30465}. Best is trial 0 with value: inf.
[I 2023-11-28 16:06:55,987] Trial 32 finished with value: inf and parameters: {'model_name': 'GAIN', 'batch_size': 63, 'hint_rate': 0.7100000000000001, 'alpha': 66, 'iterations': 10914}. Best is trial 0 with value: inf.
[I 2023-11-28 16:06:56,148] Trial 35 finished with value: inf and parameters: {'model_name': 'GAIN', 'batch_size': 1, 'hint_rate': 0.61, 'alpha': 52, 'iterations': 116}. Best is trial 0 with value: inf.
[I 2023-11-28 16:06:56,303] Trial 36 finished with value: inf and parameters: {'model_name': 'GAIN', 'batch_size': 239, 'hint_rate': 0.63, 'alpha': 72, 'iterations': 88}. Best is trial 0 with value: inf.
[I 2023-11-28 16:06:56,458] Trial 37 finished with value: inf and parameters: {'model_name': 'GAIN', 'batch_size': 647, 'hint_rate': 0.5700000000000001, 'alpha': 74, 'iterations': 35913}. Best is trial 0 with value: inf.
[I 2023-11-28 16:06:56,621] Trial 40 finished with value: inf and parameters: {'model_name': 'GAIN', 'batch_size': 61, 'hint_rate': 0.98, 'alpha': 15, 'iterations': 7}. Best is trial 0 with value: inf.
[I 2023-11-28 16:06:56,778] Trial 39 finished with value: inf and parameters: {'model_name': 'GAIN', 'batch_size': 267, 'hint_rate': 0.08, 'alpha': 23, 'iterations': 5}. Best is trial 0 with value: inf.
[I 2023-11-28 16:06:56,928] Trial 41 finished with value: inf and parameters: {'model_name': 'GAIN', 'batch_size': 15, 'hint_rate': 0.9500000000000001, 'alpha': 25, 'iterations': 983}. Best is trial 0 with value: inf.
[I 2023-11-28 16:06:57,074] Trial 38 finished with value: inf and parameters: {'model_name': 'GAIN', 'batch_size': 12, 'hint_rate': 0.11, 'alpha': 42, 'iterations': 17928}. Best is trial 0 with value: inf.
[I 2023-11-28 16:06:57,250] Trial 42 finished with value: inf and parameters: {'model_name': 'GAIN', 'batch_size': 1, 'hint_rate': 0.74, 'alpha': 29, 'iterations': 2036}. Best is trial 0 with value: inf.
[I 2023-11-28 16:06:57,402] Trial 43 finished with value: inf and parameters: {'model_name': 'GAIN', 'batch_size': 36, 'hint_rate': 0.4, 'alpha': 8, 'iterations': 8}. Best is trial 0 with value: inf.
[I 2023-11-28 16:06:57,574] Trial 44 finished with value: inf and parameters: {'model_name': 'GAIN', 'batch_size': 10, 'hint_rate': 0.6, 'alpha': 79, 'iterations': 6}. Best is trial 0 with value: inf.
[I 2023-11-28 16:06:57,756] Trial 60 finished with value: inf and parameters: {'model_name': 'GAIN', 'batch_size': 26, 'hint_rate': 0.99, 'alpha': 66, 'iterations': 6120}. Best is trial 0 with value: inf.
[I 2023-11-28 16:06:57,918] Trial 46 finished with value: inf and parameters: {'model_name': 'GAIN', 'batch_size': 892, 'hint_rate': 0.44, 'alpha': 71, 'iterations': 1}. Best is trial 0 with value: inf.
[I 2023-11-28 16:06:58,072] Trial 45 finished with value: inf and parameters: {'model_name': 'GAIN', 'batch_size': 3, 'hint_rate': 0.78, 'alpha': 62, 'iterations': 2601}. Best is trial 0 with value: inf.
[I 2023-11-28 16:06:58,225] Trial 48 finished with value: inf and parameters: {'model_name': 'GAIN', 'batch_size': 14, 'hint_rate': 0.9, 'alpha': 13, 'iterations': 52}. Best is trial 0 with value: inf.
[I 2023-11-28 16:06:58,374] Trial 47 finished with value: inf and parameters: {'model_name': 'GAIN', 'batch_size': 4, 'hint_rate': 0.22, 'alpha': 12, 'iterations': 32538}. Best is trial 0 with value: inf.
[I 2023-11-28 16:06:58,526] Trial 50 finished with value: inf and parameters: {'model_name': 'GAIN', 'batch_size': 8, 'hint_rate': 0.04, 'alpha': 92, 'iterations': 1}. Best is trial 0 with value: inf.
[I 2023-11-28 16:06:58,676] Trial 51 finished with value: inf and parameters: {'model_name': 'GAIN', 'batch_size': 4, 'hint_rate': 0.63, 'alpha': 31, 'iterations': 14}. Best is trial 0 with value: inf.
[I 2023-11-28 16:06:58,825] Trial 49 finished with value: inf and parameters: {'model_name': 'GAIN', 'batch_size': 595, 'hint_rate': 0.31, 'alpha': 53, 'iterations': 3}. Best is trial 0 with value: inf.
[I 2023-11-28 16:06:58,975] Trial 52 finished with value: inf and parameters: {'model_name': 'GAIN', 'batch_size': 46, 'hint_rate': 0.9, 'alpha': 40, 'iterations': 2793}. Best is trial 0 with value: inf.
[I 2023-11-28 16:06:59,159] Trial 61 finished with value: inf and parameters: {'model_name': 'GAIN', 'batch_size': 964, 'hint_rate': 0.99, 'alpha': 64, 'iterations': 123}. Best is trial 0 with value: inf.
[I 2023-11-28 16:06:59,345] Trial 53 finished with value: inf and parameters: {'model_name': 'GAIN', 'batch_size': 19, 'hint_rate': 0.67, 'alpha': 69, 'iterations': 2618}. Best is trial 0 with value: inf.
[I 2023-11-28 16:06:59,725] Trial 62 finished with value: inf and parameters: {'model_name': 'GAIN', 'batch_size': 6, 'hint_rate': 0.53, 'alpha': 63, 'iterations': 91}. Best is trial 0 with value: inf.
[I 2023-11-28 16:06:59,895] Trial 65 finished with value: inf and parameters: {'model_name': 'GAIN', 'batch_size': 86, 'hint_rate': 0.54, 'alpha': 60, 'iterations': 194}. Best is trial 0 with value: inf.
[I 2023-11-28 16:07:00,191] Trial 66 finished with value: inf and parameters: {'model_name': 'GAIN', 'batch_size': 8, 'hint_rate': 0.51, 'alpha': 59, 'iterations': 194}. Best is trial 0 with value: inf.
[I 2023-11-28 16:07:00,415] Trial 69 finished with value: inf and parameters: {'model_name': 'GAIN', 'batch_size': 96, 'hint_rate': 0.54, 'alpha': 60, 'iterations': 242}. Best is trial 0 with value: inf.
[I 2023-11-28 16:07:00,576] Trial 63 finished with value: inf and parameters: {'model_name': 'GAIN', 'batch_size': 7, 'hint_rate': 0.53, 'alpha': 61, 'iterations': 24335}. Best is trial 0 with value: inf.
[I 2023-11-28 16:07:00,766] Trial 76 finished with value: inf and parameters: {'model_name': 'GAIN', 'batch_size': 93, 'hint_rate': 0.5, 'alpha': 59, 'iterations': 284}. Best is trial 0 with value: inf.
[I 2023-11-28 16:07:00,923] Trial 64 finished with value: inf and parameters: {'model_name': 'GAIN', 'batch_size': 1, 'hint_rate': 0.56, 'alpha': 61, 'iterations': 106}. Best is trial 0 with value: inf.
[I 2023-11-28 16:07:01,081] Trial 79 finished with value: inf and parameters: {'model_name': 'GAIN', 'batch_size': 1, 'hint_rate': 0.52, 'alpha': 7, 'iterations': 285}. Best is trial 0 with value: inf.
[I 2023-11-28 16:07:01,302] Trial 83 finished with value: inf and parameters: {'model_name': 'GAIN', 'batch_size': 101, 'hint_rate': 0.51, 'alpha': 47, 'iterations': 348}. Best is trial 0 with value: inf.
[I 2023-11-28 16:07:01,472] Trial 82 finished with value: inf and parameters: {'model_name': 'GAIN', 'batch_size': 108, 'hint_rate': 0.54, 'alpha': 6, 'iterations': 249}. Best is trial 0 with value: inf.
[I 2023-11-28 16:07:01,638] Trial 84 finished with value: inf and parameters: {'model_name': 'GAIN', 'batch_size': 87, 'hint_rate': 0.51, 'alpha': 57, 'iterations': 219}. Best is trial 0 with value: inf.
[I 2023-11-28 16:07:01,790] Trial 67 finished with value: inf and parameters: {'model_name': 'GAIN', 'batch_size': 97, 'hint_rate': 0.51, 'alpha': 61, 'iterations': 212}. Best is trial 0 with value: inf.
[I 2023-11-28 16:07:01,950] Trial 81 finished with value: inf and parameters: {'model_name': 'GAIN', 'batch_size': 90, 'hint_rate': 0.5, 'alpha': 6, 'iterations': 207}. Best is trial 0 with value: inf.
[I 2023-11-28 16:07:02,115] Trial 105 finished with value: inf and parameters: {'model_name': 'GAIN', 'batch_size': 2, 'hint_rate': 0.5, 'alpha': 6, 'iterations': 511}. Best is trial 0 with value: inf.
[I 2023-11-28 16:07:02,311] Trial 73 finished with value: inf and parameters: {'model_name': 'GAIN', 'batch_size': 101, 'hint_rate': 0.53, 'alpha': 58, 'iterations': 236}. Best is trial 0 with value: inf.
[I 2023-11-28 16:07:02,463] Trial 100 finished with value: inf and parameters: {'model_name': 'GAIN', 'batch_size': 94, 'hint_rate': 0.55, 'alpha': 58, 'iterations': 425}. Best is trial 0 with value: inf.
[I 2023-11-28 16:07:02,644] Trial 91 finished with value: inf and parameters: {'model_name': 'GAIN', 'batch_size': 87, 'hint_rate': 0.5, 'alpha': 57, 'iterations': 212}. Best is trial 0 with value: inf.
[I 2023-11-28 16:07:02,802] Trial 72 finished with value: inf and parameters: {'model_name': 'GAIN', 'batch_size': 95, 'hint_rate': 0.49, 'alpha': 57, 'iterations': 293}. Best is trial 0 with value: inf.
[I 2023-11-28 16:07:02,951] Trial 89 finished with value: inf and parameters: {'model_name': 'GAIN', 'batch_size': 2, 'hint_rate': 0.51, 'alpha': 58, 'iterations': 192}. Best is trial 0 with value: inf.
[I 2023-11-28 16:07:03,131] Trial 94 finished with value: inf and parameters: {'model_name': 'GAIN', 'batch_size': 92, 'hint_rate': 0.52, 'alpha': 34, 'iterations': 368}. Best is trial 0 with value: inf.
[I 2023-11-28 16:07:03,312] Trial 71 finished with value: inf and parameters: {'model_name': 'GAIN', 'batch_size': 8, 'hint_rate': 0.51, 'alpha': 60, 'iterations': 257}. Best is trial 0 with value: inf.
[I 2023-11-28 16:07:03,506] Trial 101 finished with value: inf and parameters: {'model_name': 'GAIN', 'batch_size': 2, 'hint_rate': 0.51, 'alpha': 35, 'iterations': 240}. Best is trial 0 with value: inf.
[I 2023-11-28 16:07:03,657] Trial 74 finished with value: inf and parameters: {'model_name': 'GAIN', 'batch_size': 988, 'hint_rate': 0.54, 'alpha': 59, 'iterations': 257}. Best is trial 0 with value: inf.
[I 2023-11-28 16:07:03,811] Trial 87 finished with value: inf and parameters: {'model_name': 'GAIN', 'batch_size': 1, 'hint_rate': 0.5, 'alpha': 46, 'iterations': 208}. Best is trial 0 with value: inf.
[I 2023-11-28 16:07:03,958] Trial 77 finished with value: inf and parameters: {'model_name': 'GAIN', 'batch_size': 990, 'hint_rate': 0.52, 'alpha': 59, 'iterations': 272}. Best is trial 0 with value: inf.
[I 2023-11-28 16:07:04,145] Trial 78 finished with value: inf and parameters: {'model_name': 'GAIN', 'batch_size': 90, 'hint_rate': 0.53, 'alpha': 59, 'iterations': 245}. Best is trial 0 with value: inf.
[I 2023-11-28 16:07:04,296] Trial 75 finished with value: inf and parameters: {'model_name': 'GAIN', 'batch_size': 1, 'hint_rate': 0.55, 'alpha': 57, 'iterations': 196}. Best is trial 0 with value: inf.
[I 2023-11-28 16:07:04,453] Trial 98 finished with value: inf and parameters: {'model_name': 'GAIN', 'batch_size': 94, 'hint_rate': 0.48000000000000004, 'alpha': 7, 'iterations': 307}. Best is trial 0 with value: inf.
[I 2023-11-28 16:07:04,603] Trial 96 finished with value: inf and parameters: {'model_name': 'GAIN', 'batch_size': 90, 'hint_rate': 0.49, 'alpha': 5, 'iterations': 478}. Best is trial 0 with value: inf.
[I 2023-11-28 16:07:04,802] Trial 85 finished with value: inf and parameters: {'model_name': 'GAIN', 'batch_size': 1, 'hint_rate': 0.51, 'alpha': 58, 'iterations': 230}. Best is trial 0 with value: inf.
[I 2023-11-28 16:07:04,959] Trial 103 finished with value: inf and parameters: {'model_name': 'GAIN', 'batch_size': 2, 'hint_rate': 0.55, 'alpha': 35, 'iterations': 232}. Best is trial 0 with value: inf.
[I 2023-11-28 16:07:05,120] Trial 68 finished with value: inf and parameters: {'model_name': 'GAIN', 'batch_size': 7, 'hint_rate': 0.52, 'alpha': 61, 'iterations': 252}. Best is trial 0 with value: inf.
[I 2023-11-28 16:07:05,276] Trial 86 finished with value: inf and parameters: {'model_name': 'GAIN', 'batch_size': 97, 'hint_rate': 0.5800000000000001, 'alpha': 46, 'iterations': 196}. Best is trial 0 with value: inf.
[I 2023-11-28 16:07:05,480] Trial 95 finished with value: inf and parameters: {'model_name': 'GAIN', 'batch_size': 95, 'hint_rate': 0.51, 'alpha': 58, 'iterations': 218}. Best is trial 0 with value: inf.
[I 2023-11-28 16:07:05,491] Trial 106 finished with value: inf and parameters: {'model_name': 'GAIN', 'batch_size': 89, 'hint_rate': 0.53, 'alpha': 7, 'iterations': 270}. Best is trial 0 with value: inf.
[I 2023-11-28 16:07:05,856] Trial 104 finished with value: inf and parameters: {'model_name': 'GAIN', 'batch_size': 113, 'hint_rate': 0.52, 'alpha': 36, 'iterations': 251}. Best is trial 0 with value: inf.
[I 2023-11-28 16:07:06,009] Trial 99 finished with value: inf and parameters: {'model_name': 'GAIN', 'batch_size': 102, 'hint_rate': 0.53, 'alpha': 36, 'iterations': 254}. Best is trial 0 with value: inf.
[I 2023-11-28 16:07:06,164] Trial 88 finished with value: inf and parameters: {'model_name': 'GAIN', 'batch_size': 96, 'hint_rate': 0.51, 'alpha': 47, 'iterations': 253}. Best is trial 0 with value: inf.
[I 2023-11-28 16:07:06,336] Trial 108 finished with value: inf and parameters: {'model_name': 'GAIN', 'batch_size': 87, 'hint_rate': 0.54, 'alpha': 58, 'iterations': 227}. Best is trial 0 with value: inf.
[I 2023-11-28 16:07:06,490] Trial 93 finished with value: inf and parameters: {'model_name': 'GAIN', 'batch_size': 2, 'hint_rate': 0.5, 'alpha': 6, 'iterations': 342}. Best is trial 0 with value: inf.
[I 2023-11-28 16:07:06,654] Trial 92 finished with value: inf and parameters: {'model_name': 'GAIN', 'batch_size': 108, 'hint_rate': 0.5, 'alpha': 6, 'iterations': 268}. Best is trial 0 with value: inf.
[I 2023-11-28 16:07:06,874] Trial 102 finished with value: inf and parameters: {'model_name': 'GAIN', 'batch_size': 2, 'hint_rate': 0.52, 'alpha': 57, 'iterations': 287}. Best is trial 0 with value: inf.
[I 2023-11-28 16:07:07,040] Trial 90 finished with value: inf and parameters: {'model_name': 'GAIN', 'batch_size': 79, 'hint_rate': 0.51, 'alpha': 5, 'iterations': 259}. Best is trial 0 with value: inf.
[I 2023-11-28 16:07:07,266] Trial 107 finished with value: inf and parameters: {'model_name': 'GAIN', 'batch_size': 118, 'hint_rate': 0.53, 'alpha': 47, 'iterations': 272}. Best is trial 0 with value: inf.
[I 2023-11-28 16:07:07,420] Trial 97 finished with value: inf and parameters: {'model_name': 'GAIN', 'batch_size': 103, 'hint_rate': 0.49, 'alpha': 57, 'iterations': 301}. Best is trial 0 with value: inf.
[I 2023-11-28 16:07:07,629] Trial 109 finished with value: inf and parameters: {'model_name': 'GAIN', 'batch_size': 1, 'hint_rate': 0.47000000000000003, 'alpha': 47, 'iterations': 303}. Best is trial 0 with value: inf.
[I 2023-11-28 16:07:07,864] Trial 80 finished with value: inf and parameters: {'model_name': 'GAIN', 'batch_size': 95, 'hint_rate': 0.51, 'alpha': 57, 'iterations': 228}. Best is trial 0 with value: inf.
[I 2023-11-28 16:07:08,020] Trial 118 finished with value: inf and parameters: {'model_name': 'GAIN', 'batch_size': 171, 'hint_rate': 0.34, 'alpha': 0, 'iterations': 22}. Best is trial 0 with value: inf.
[I 2023-11-28 16:07:08,182] Trial 115 finished with value: inf and parameters: {'model_name': 'GAIN', 'batch_size': 161, 'hint_rate': 0.34, 'alpha': 35, 'iterations': 25}. Best is trial 0 with value: inf.
[I 2023-11-28 16:07:08,367] Trial 120 finished with value: inf and parameters: {'model_name': 'GAIN', 'batch_size': 15, 'hint_rate': 0.34, 'alpha': 86, 'iterations': 28}. Best is trial 0 with value: inf.
[I 2023-11-28 16:07:08,596] Trial 121 finished with value: inf and parameters: {'model_name': 'GAIN', 'batch_size': 38, 'hint_rate': 0.35000000000000003, 'alpha': 85, 'iterations': 28}. Best is trial 0 with value: inf.
[I 2023-11-28 16:07:08,771] Trial 70 finished with value: inf and parameters: {'model_name': 'GAIN', 'batch_size': 8, 'hint_rate': 0.52, 'alpha': 56, 'iterations': 226}. Best is trial 0 with value: inf.
[I 2023-11-28 16:07:09,028] Trial 111 finished with value: inf and parameters: {'model_name': 'GAIN', 'batch_size': 2, 'hint_rate': 0.85, 'alpha': 37, 'iterations': 599}. Best is trial 0 with value: inf.
[I 2023-11-28 16:07:09,204] Trial 117 finished with value: inf and parameters: {'model_name': 'GAIN', 'batch_size': 36, 'hint_rate': 0.34, 'alpha': 96, 'iterations': 29}. Best is trial 0 with value: inf.
[I 2023-11-28 16:07:09,354] Trial 133 finished with value: inf and parameters: {'model_name': 'GAIN', 'batch_size': 465, 'hint_rate': 0.36000000000000004, 'alpha': 84, 'iterations': 25}. Best is trial 0 with value: inf.
[I 2023-11-28 16:07:09,572] Trial 128 finished with value: inf and parameters: {'model_name': 'GAIN', 'batch_size': 11, 'hint_rate': 0.34, 'alpha': 86, 'iterations': 26}. Best is trial 0 with value: inf.
[I 2023-11-28 16:07:09,750] Trial 129 finished with value: inf and parameters: {'model_name': 'GAIN', 'batch_size': 436, 'hint_rate': 0.85, 'alpha': 97, 'iterations': 22}. Best is trial 0 with value: inf.
[I 2023-11-28 16:07:09,920] Trial 113 finished with value: inf and parameters: {'model_name': 'GAIN', 'batch_size': 183, 'hint_rate': 0.8400000000000001, 'alpha': 84, 'iterations': 49}. Best is trial 0 with value: inf.
[I 2023-11-28 16:07:10,140] Trial 127 finished with value: inf and parameters: {'model_name': 'GAIN', 'batch_size': 432, 'hint_rate': 0.8400000000000001, 'alpha': 97, 'iterations': 28}. Best is trial 0 with value: inf.
[I 2023-11-28 16:07:10,330] Trial 112 finished with value: inf and parameters: {'model_name': 'GAIN', 'batch_size': 2, 'hint_rate': 0.36000000000000004, 'alpha': 35, 'iterations': 631}. Best is trial 0 with value: inf.
[I 2023-11-28 16:07:10,498] Trial 130 finished with value: inf and parameters: {'model_name': 'GAIN', 'batch_size': 525, 'hint_rate': 0.35000000000000003, 'alpha': 84, 'iterations': 26}. Best is trial 0 with value: inf.
[I 2023-11-28 16:07:10,678] Trial 116 finished with value: inf and parameters: {'model_name': 'GAIN', 'batch_size': 187, 'hint_rate': 0.33, 'alpha': 3, 'iterations': 50}. Best is trial 0 with value: inf.
[I 2023-11-28 16:07:10,851] Trial 119 finished with value: inf and parameters: {'model_name': 'GAIN', 'batch_size': 10, 'hint_rate': 0.33, 'alpha': 98, 'iterations': 48}. Best is trial 0 with value: inf.
[I 2023-11-28 16:07:11,082] Trial 126 finished with value: inf and parameters: {'model_name': 'GAIN', 'batch_size': 481, 'hint_rate': 0.33, 'alpha': 84, 'iterations': 22}. Best is trial 0 with value: inf.
[I 2023-11-28 16:07:11,248] Trial 125 finished with value: inf and parameters: {'model_name': 'GAIN', 'batch_size': 242, 'hint_rate': 0.33, 'alpha': 84, 'iterations': 28}. Best is trial 0 with value: inf.
[I 2023-11-28 16:07:11,409] Trial 144 finished with value: inf and parameters: {'model_name': 'GAIN', 'batch_size': 192, 'hint_rate': 0.35000000000000003, 'alpha': 96, 'iterations': 26}. Best is trial 0 with value: inf.
[I 2023-11-28 16:07:11,569] Trial 114 finished with value: inf and parameters: {'model_name': 'GAIN', 'batch_size': 15, 'hint_rate': 0.8400000000000001, 'alpha': 84, 'iterations': 51}. Best is trial 0 with value: inf.
[I 2023-11-28 16:07:11,749] Trial 135 finished with value: inf and parameters: {'model_name': 'GAIN', 'batch_size': 187, 'hint_rate': 0.34, 'alpha': 84, 'iterations': 26}. Best is trial 0 with value: inf.
[I 2023-11-28 16:07:11,949] Trial 134 finished with value: inf and parameters: {'model_name': 'GAIN', 'batch_size': 481, 'hint_rate': 0.34, 'alpha': 83, 'iterations': 23}. Best is trial 0 with value: inf.
[I 2023-11-28 16:07:12,101] Trial 124 finished with value: inf and parameters: {'model_name': 'GAIN', 'batch_size': 34, 'hint_rate': 0.32, 'alpha': 85, 'iterations': 34}. Best is trial 0 with value: inf.
[I 2023-11-28 16:07:12,282] Trial 141 finished with value: inf and parameters: {'model_name': 'GAIN', 'batch_size': 418, 'hint_rate': 0.33, 'alpha': 84, 'iterations': 28}. Best is trial 0 with value: inf.
[I 2023-11-28 16:07:12,443] Trial 131 finished with value: inf and parameters: {'model_name': 'GAIN', 'batch_size': 462, 'hint_rate': 0.8400000000000001, 'alpha': 96, 'iterations': 48}. Best is trial 0 with value: inf.
[I 2023-11-28 16:07:12,609] Trial 132 finished with value: inf and parameters: {'model_name': 'GAIN', 'batch_size': 485, 'hint_rate': 0.33, 'alpha': 84, 'iterations': 30}. Best is trial 0 with value: inf.
[I 2023-11-28 16:07:12,798] Trial 138 finished with value: inf and parameters: {'model_name': 'GAIN', 'batch_size': 277, 'hint_rate': 0.8200000000000001, 'alpha': 99, 'iterations': 41}. Best is trial 0 with value: inf.
[I 2023-11-28 16:07:13,020] Trial 139 finished with value: inf and parameters: {'model_name': 'GAIN', 'batch_size': 457, 'hint_rate': 0.33, 'alpha': 99, 'iterations': 27}. Best is trial 0 with value: inf.
[I 2023-11-28 16:07:13,193] Trial 150 finished with value: inf and parameters: {'model_name': 'GAIN', 'batch_size': 389, 'hint_rate': 0.35000000000000003, 'alpha': 0, 'iterations': 44}. Best is trial 0 with value: inf.
[I 2023-11-28 16:07:13,352] Trial 137 finished with value: inf and parameters: {'model_name': 'GAIN', 'batch_size': 519, 'hint_rate': 0.35000000000000003, 'alpha': 84, 'iterations': 27}. Best is trial 0 with value: inf.
[I 2023-11-28 16:07:13,538] Trial 110 finished with value: inf and parameters: {'model_name': 'GAIN', 'batch_size': 1, 'hint_rate': 0.88, 'alpha': 47, 'iterations': 320}. Best is trial 0 with value: inf.
[I 2023-11-28 16:07:13,741] Trial 136 finished with value: inf and parameters: {'model_name': 'GAIN', 'batch_size': 39, 'hint_rate': 0.34, 'alpha': 96, 'iterations': 31}. Best is trial 0 with value: inf.
[I 2023-11-28 16:07:13,902] Trial 148 finished with value: inf and parameters: {'model_name': 'GAIN', 'batch_size': 265, 'hint_rate': 0.8300000000000001, 'alpha': 0, 'iterations': 25}. Best is trial 0 with value: inf.
[I 2023-11-28 16:07:14,092] Trial 142 finished with value: inf and parameters: {'model_name': 'GAIN', 'batch_size': 436, 'hint_rate': 0.8300000000000001, 'alpha': 97, 'iterations': 27}. Best is trial 0 with value: inf.
[I 2023-11-28 16:07:14,271] Trial 145 finished with value: inf and parameters: {'model_name': 'GAIN', 'batch_size': 274, 'hint_rate': 0.34, 'alpha': 85, 'iterations': 29}. Best is trial 0 with value: inf.
[I 2023-11-28 16:07:14,464] Trial 147 finished with value: inf and parameters: {'model_name': 'GAIN', 'batch_size': 288, 'hint_rate': 0.8300000000000001, 'alpha': 95, 'iterations': 28}. Best is trial 0 with value: inf.
[I 2023-11-28 16:07:14,624] Trial 154 finished with value: inf and parameters: {'model_name': 'GAIN', 'batch_size': 325, 'hint_rate': 0.8300000000000001, 'alpha': 96, 'iterations': 48}. Best is trial 0 with value: inf.
[I 2023-11-28 16:07:14,782] Trial 140 finished with value: inf and parameters: {'model_name': 'GAIN', 'batch_size': 283, 'hint_rate': 0.32, 'alpha': 96, 'iterations': 24}. Best is trial 0 with value: inf.
[I 2023-11-28 16:07:14,956] Trial 122 finished with value: inf and parameters: {'model_name': 'GAIN', 'batch_size': 10, 'hint_rate': 0.33, 'alpha': 83, 'iterations': 30}. Best is trial 0 with value: inf.
[I 2023-11-28 16:07:15,119] Trial 149 finished with value: inf and parameters: {'model_name': 'GAIN', 'batch_size': 409, 'hint_rate': 0.34, 'alpha': 84, 'iterations': 25}. Best is trial 0 with value: inf.
[I 2023-11-28 16:07:15,283] Trial 158 finished with value: inf and parameters: {'model_name': 'GAIN', 'batch_size': 11, 'hint_rate': 0.67, 'alpha': 77, 'iterations': 52}. Best is trial 0 with value: inf.
[I 2023-11-28 16:07:15,515] Trial 146 finished with value: inf and parameters: {'model_name': 'GAIN', 'batch_size': 469, 'hint_rate': 0.8300000000000001, 'alpha': 85, 'iterations': 27}. Best is trial 0 with value: inf.
[I 2023-11-28 16:07:15,681] Trial 159 finished with value: inf and parameters: {'model_name': 'GAIN', 'batch_size': 318, 'hint_rate': 0.74, 'alpha': 76, 'iterations': 40}. Best is trial 0 with value: inf.
[I 2023-11-28 16:07:15,881] Trial 157 finished with value: inf and parameters: {'model_name': 'GAIN', 'batch_size': 397, 'hint_rate': 0.7000000000000001, 'alpha': 95, 'iterations': 49}. Best is trial 0 with value: inf.
[I 2023-11-28 16:07:16,037] Trial 123 finished with value: inf and parameters: {'model_name': 'GAIN', 'batch_size': 11, 'hint_rate': 0.3, 'alpha': 84, 'iterations': 30}. Best is trial 0 with value: inf.
[I 2023-11-28 16:07:16,214] Trial 161 finished with value: inf and parameters: {'model_name': 'GAIN', 'batch_size': 294, 'hint_rate': 0.68, 'alpha': 78, 'iterations': 11}. Best is trial 0 with value: inf.
[I 2023-11-28 16:07:16,215] Trial 162 finished with value: inf and parameters: {'model_name': 'GAIN', 'batch_size': 279, 'hint_rate': 0.68, 'alpha': 19, 'iterations': 776}. Best is trial 0 with value: inf.
[I 2023-11-28 16:07:16,517] Trial 164 finished with value: inf and parameters: {'model_name': 'GAIN', 'batch_size': 330, 'hint_rate': 0.68, 'alpha': 10, 'iterations': 13}. Best is trial 0 with value: inf.
[I 2023-11-28 16:07:16,749] Trial 156 finished with value: inf and parameters: {'model_name': 'GAIN', 'batch_size': 394, 'hint_rate': 0.8300000000000001, 'alpha': 99, 'iterations': 48}. Best is trial 0 with value: inf.
[I 2023-11-28 16:07:16,909] Trial 153 finished with value: inf and parameters: {'model_name': 'GAIN', 'batch_size': 11, 'hint_rate': 0.85, 'alpha': 96, 'iterations': 45}. Best is trial 0 with value: inf.
[I 2023-11-28 16:07:17,065] Trial 165 finished with value: inf and parameters: {'model_name': 'GAIN', 'batch_size': 311, 'hint_rate': 0.6900000000000001, 'alpha': 10, 'iterations': 12}. Best is trial 0 with value: inf.
[I 2023-11-28 16:07:17,235] Trial 151 finished with value: inf and parameters: {'model_name': 'GAIN', 'batch_size': 10, 'hint_rate': 0.8300000000000001, 'alpha': 96, 'iterations': 39}. Best is trial 0 with value: inf.
[I 2023-11-28 16:07:17,414] Trial 170 finished with value: inf and parameters: {'model_name': 'GAIN', 'batch_size': 317, 'hint_rate': 0.66, 'alpha': 10, 'iterations': 16}. Best is trial 0 with value: inf.
[I 2023-11-28 16:07:17,597] Trial 152 finished with value: inf and parameters: {'model_name': 'GAIN', 'batch_size': 459, 'hint_rate': 0.86, 'alpha': 100, 'iterations': 49}. Best is trial 0 with value: inf.
[I 2023-11-28 16:07:17,876] Trial 160 finished with value: inf and parameters: {'model_name': 'GAIN', 'batch_size': 280, 'hint_rate': 0.7000000000000001, 'alpha': 78, 'iterations': 43}. Best is trial 0 with value: inf.
[I 2023-11-28 16:07:18,069] Trial 178 finished with value: inf and parameters: {'model_name': 'GAIN', 'batch_size': 5, 'hint_rate': 0.67, 'alpha': 18, 'iterations': 14}. Best is trial 0 with value: inf.
[I 2023-11-28 16:07:18,219] Trial 167 finished with value: inf and parameters: {'model_name': 'GAIN', 'batch_size': 353, 'hint_rate': 0.68, 'alpha': 10, 'iterations': 142}. Best is trial 0 with value: inf.
[I 2023-11-28 16:07:18,408] Trial 169 finished with value: inf and parameters: {'model_name': 'GAIN', 'batch_size': 382, 'hint_rate': 0.67, 'alpha': 17, 'iterations': 12}. Best is trial 0 with value: inf.
[I 2023-11-28 16:07:18,588] Trial 181 finished with value: inf and parameters: {'model_name': 'GAIN', 'batch_size': 69, 'hint_rate': 0.7000000000000001, 'alpha': 11, 'iterations': 77}. Best is trial 0 with value: inf.
[I 2023-11-28 16:07:18,595] Trial 166 finished with value: inf and parameters: {'model_name': 'GAIN', 'batch_size': 279, 'hint_rate': 0.7100000000000001, 'alpha': 77, 'iterations': 13}. Best is trial 0 with value: inf.
[I 2023-11-28 16:07:18,595] Trial 173 finished with value: inf and parameters: {'model_name': 'GAIN', 'batch_size': 18, 'hint_rate': 0.6900000000000001, 'alpha': 77, 'iterations': 14}. Best is trial 0 with value: inf.
[I 2023-11-28 16:07:18,925] Trial 171 finished with value: inf and parameters: {'model_name': 'GAIN', 'batch_size': 324, 'hint_rate': 0.68, 'alpha': 12, 'iterations': 1341}. Best is trial 0 with value: inf.
[I 2023-11-28 16:07:19,270] Trial 175 finished with value: inf and parameters: {'model_name': 'GAIN', 'batch_size': 13, 'hint_rate': 0.7100000000000001, 'alpha': 10, 'iterations': 13}. Best is trial 0 with value: inf.
[I 2023-11-28 16:07:19,469] Trial 179 finished with value: inf and parameters: {'model_name': 'GAIN', 'batch_size': 51, 'hint_rate': 0.67, 'alpha': 79, 'iterations': 10}. Best is trial 0 with value: inf.
[I 2023-11-28 16:07:19,632] Trial 172 finished with value: inf and parameters: {'model_name': 'GAIN', 'batch_size': 9, 'hint_rate': 0.7000000000000001, 'alpha': 11, 'iterations': 13}. Best is trial 0 with value: inf.
[I 2023-11-28 16:07:19,804] Trial 143 finished with value: inf and parameters: {'model_name': 'GAIN', 'batch_size': 441, 'hint_rate': 0.33, 'alpha': 98, 'iterations': 28}. Best is trial 0 with value: inf.
[I 2023-11-28 16:07:19,993] Trial 183 finished with value: inf and parameters: {'model_name': 'GAIN', 'batch_size': 315, 'hint_rate': 0.7000000000000001, 'alpha': 10, 'iterations': 14}. Best is trial 0 with value: inf.
[I 2023-11-28 16:07:20,144] Trial 192 finished with value: inf and parameters: {'model_name': 'GAIN', 'batch_size': 25, 'hint_rate': 0.09999999999999999, 'alpha': 10, 'iterations': 17}. Best is trial 0 with value: inf.
[I 2023-11-28 16:07:20,328] Trial 180 finished with value: inf and parameters: {'model_name': 'GAIN', 'batch_size': 328, 'hint_rate': 0.68, 'alpha': 10, 'iterations': 12}. Best is trial 0 with value: inf.
[I 2023-11-28 16:07:20,502] Trial 188 finished with value: inf and parameters: {'model_name': 'GAIN', 'batch_size': 58, 'hint_rate': 0.68, 'alpha': 19, 'iterations': 14}. Best is trial 0 with value: inf.
[I 2023-11-28 16:07:20,705] Trial 155 finished with value: inf and parameters: {'model_name': 'GAIN', 'batch_size': 397, 'hint_rate': 0.81, 'alpha': 96, 'iterations': 50}. Best is trial 0 with value: inf.
[I 2023-11-28 16:07:20,860] Trial 177 finished with value: inf and parameters: {'model_name': 'GAIN', 'batch_size': 299, 'hint_rate': 0.7000000000000001, 'alpha': 10, 'iterations': 15}. Best is trial 0 with value: inf.
[I 2023-11-28 16:07:21,033] Trial 198 finished with value: inf and parameters: {'model_name': 'GAIN', 'batch_size': 23, 'hint_rate': 0.08, 'alpha': 90, 'iterations': 134}. Best is trial 0 with value: inf.
[I 2023-11-28 16:07:21,202] Trial 186 finished with value: inf and parameters: {'model_name': 'GAIN', 'batch_size': 62, 'hint_rate': 0.7100000000000001, 'alpha': 11, 'iterations': 13}. Best is trial 0 with value: inf.
[I 2023-11-28 16:07:21,356] Trial 194 finished with value: inf and parameters: {'model_name': 'GAIN', 'batch_size': 55, 'hint_rate': 0.08, 'alpha': 89, 'iterations': 18}. Best is trial 0 with value: inf.
[I 2023-11-28 16:07:21,512] Trial 176 finished with value: inf and parameters: {'model_name': 'GAIN', 'batch_size': 12, 'hint_rate': 0.7000000000000001, 'alpha': 13, 'iterations': 14}. Best is trial 0 with value: inf.
[I 2023-11-28 16:07:21,680] Trial 168 finished with value: inf and parameters: {'model_name': 'GAIN', 'batch_size': 327, 'hint_rate': 0.7000000000000001, 'alpha': 12, 'iterations': 12}. Best is trial 0 with value: inf.
[I 2023-11-28 16:07:21,871] Trial 184 finished with value: inf and parameters: {'model_name': 'GAIN', 'batch_size': 335, 'hint_rate': 0.7100000000000001, 'alpha': 10, 'iterations': 13}. Best is trial 0 with value: inf.
[I 2023-11-28 16:07:22,051] Trial 187 finished with value: inf and parameters: {'model_name': 'GAIN', 'batch_size': 44, 'hint_rate': 0.7000000000000001, 'alpha': 10, 'iterations': 15}. Best is trial 0 with value: inf.
[I 2023-11-28 16:07:22,208] Trial 182 finished with value: inf and parameters: {'model_name': 'GAIN', 'batch_size': 52, 'hint_rate': 0.68, 'alpha': 79, 'iterations': 12}. Best is trial 0 with value: inf.
[I 2023-11-28 16:07:22,373] Trial 193 finished with value: inf and parameters: {'model_name': 'GAIN', 'batch_size': 59, 'hint_rate': 0.09, 'alpha': 90, 'iterations': 72}. Best is trial 0 with value: inf.
[I 2023-11-28 16:07:22,527] Trial 174 finished with value: inf and parameters: {'model_name': 'GAIN', 'batch_size': 13, 'hint_rate': 0.68, 'alpha': 10, 'iterations': 13}. Best is trial 0 with value: inf.
[I 2023-11-28 16:07:22,692] Trial 197 finished with value: inf and parameters: {'model_name': 'GAIN', 'batch_size': 61, 'hint_rate': 0.09999999999999999, 'alpha': 80, 'iterations': 146}. Best is trial 0 with value: inf.
[I 2023-11-28 16:07:22,702] Trial 185 finished with value: inf and parameters: {'model_name': 'GAIN', 'batch_size': 60, 'hint_rate': 0.75, 'alpha': 89, 'iterations': 13}. Best is trial 0 with value: inf.
[I 2023-11-28 16:07:23,008] Trial 199 finished with value: inf and parameters: {'model_name': 'GAIN', 'batch_size': 49, 'hint_rate': 0.09999999999999999, 'alpha': 90, 'iterations': 1097}. Best is trial 0 with value: inf.
[I 2023-11-28 16:07:23,161] Trial 191 finished with value: inf and parameters: {'model_name': 'GAIN', 'batch_size': 55, 'hint_rate': 0.09999999999999999, 'alpha': 10, 'iterations': 15}. Best is trial 0 with value: inf.
[I 2023-11-28 16:07:23,309] Trial 189 finished with value: inf and parameters: {'model_name': 'GAIN', 'batch_size': 50, 'hint_rate': 0.75, 'alpha': 10, 'iterations': 13}. Best is trial 0 with value: inf.
[I 2023-11-28 16:07:23,479] Trial 163 finished with value: inf and parameters: {'model_name': 'GAIN', 'batch_size': 278, 'hint_rate': 0.67, 'alpha': 10, 'iterations': 12}. Best is trial 0 with value: inf.
[I 2023-11-28 16:07:23,723] Trial 190 finished with value: inf and parameters: {'model_name': 'GAIN', 'batch_size': 51, 'hint_rate': 0.12, 'alpha': 18, 'iterations': 79}. Best is trial 0 with value: inf.
[I 2023-11-28 16:07:23,888] Trial 195 finished with value: inf and parameters: {'model_name': 'GAIN', 'batch_size': 63, 'hint_rate': 0.11, 'alpha': 68, 'iterations': 17}. Best is trial 0 with value: inf.
[I 2023-11-28 16:07:24,043] Trial 196 finished with value: inf and parameters: {'model_name': 'GAIN', 'batch_size': 5, 'hint_rate': 0.12, 'alpha': 80, 'iterations': 69}. Best is trial 0 with value: inf.
Traceback (most recent call last):
  File "/home/ketrong/miniconda3/envs/tpot2devenv/lib/python3.10/site-packages/pandas/core/indexes/base.py", line 3802, in get_loc
    return self._engine.get_loc(casted_key)
  File "pandas/_libs/index.pyx", line 138, in pandas._libs.index.IndexEngine.get_loc
  File "pandas/_libs/index.pyx", line 144, in pandas._libs.index.IndexEngine.get_loc
TypeError: '(slice(None, None, None), 0)' is an invalid key

During handling of the above exception, another exception occurred:

Traceback (most recent call last):
  File "/common/ketrong/AutoImputeExp/tpot2_imputetest/Impute_Experiments/small_main.py", line 110, in <module>
    main()
  File "/common/ketrong/AutoImputeExp/tpot2_imputetest/Impute_Experiments/small_main.py", line 70, in main
    auto_test_missing = automodel.transform(X=X_test_missing)
  File "/common/ketrong/AutoImputeExp/tpot2_imputetest/Impute_Experiments/autoimpute.py", line 70, in transform
    imputed = self.best_model.transform(self.missing_set_test)
  File "/home/ketrong/miniconda3/envs/tpot2devenv/lib/python3.10/site-packages/sklearn/utils/_set_output.py", line 157, in wrapped
    data_to_wrap = f(self, X, *args, **kwargs)
  File "/common/ketrong/AutoImputeExp/tpot2_imputetest/Impute_Experiments/transformers.py", line 605, in transform
    return self.gain(X, self.params)
  File "/common/ketrong/AutoImputeExp/tpot2_imputetest/Impute_Experiments/transformers.py", line 636, in gain
    norm_data, norm_parameters = self.normalization(data_x)
  File "/common/ketrong/AutoImputeExp/tpot2_imputetest/Impute_Experiments/transformers.py", line 751, in normalization
    min_val[i] = np.nanmin(norm_data[:,i])
  File "/home/ketrong/miniconda3/envs/tpot2devenv/lib/python3.10/site-packages/pandas/core/frame.py", line 3807, in __getitem__
    indexer = self.columns.get_loc(key)
  File "/home/ketrong/miniconda3/envs/tpot2devenv/lib/python3.10/site-packages/pandas/core/indexes/base.py", line 3809, in get_loc
    self._check_indexing_error(key)
  File "/home/ketrong/miniconda3/envs/tpot2devenv/lib/python3.10/site-packages/pandas/core/indexes/base.py", line 5925, in _check_indexing_error
    raise InvalidIndexError(key)
pandas.errors.InvalidIndexError: (slice(None, None, None), 0)
srun: error: esplhpc-cp002: task 0: Exited with exit code 1
