/cm/local/apps/slurm/var/spool/job405548/slurm_script: line 19: /common/ketrong/minconda3/etc/profile.d/conda.sh: No such file or directory
/cm/local/apps/slurm/var/spool/job405548/slurm_script: line 22: $'\nconda create --name tpot2devenv -c conda-forge python=3.10\n': command not found
/cm/local/apps/slurm/var/spool/job405548/slurm_script: line 27: $'\npip install -r requirements.txt\n': command not found
RunStart
2023-11-22 20:02:31.126463: I tensorflow/core/util/port.cc:113] oneDNN custom operations are on. You may see slightly different numerical results due to floating-point round-off errors from different computation orders. To turn them off, set the environment variable `TF_ENABLE_ONEDNN_OPTS=0`.
2023-11-22 20:02:31.161724: E external/local_xla/xla/stream_executor/cuda/cuda_dnn.cc:9261] Unable to register cuDNN factory: Attempting to register factory for plugin cuDNN when one has already been registered
2023-11-22 20:02:31.161745: E external/local_xla/xla/stream_executor/cuda/cuda_fft.cc:607] Unable to register cuFFT factory: Attempting to register factory for plugin cuFFT when one has already been registered
2023-11-22 20:02:31.162906: E external/local_xla/xla/stream_executor/cuda/cuda_blas.cc:1515] Unable to register cuBLAS factory: Attempting to register factory for plugin cuBLAS when one has already been registered
2023-11-22 20:02:31.168417: I tensorflow/core/platform/cpu_feature_guard.cc:182] This TensorFlow binary is optimized to use available CPU instructions in performance-critical operations.
To enable the following instructions: AVX2 AVX512F AVX512_VNNI FMA, in other operations, rebuild TensorFlow with the appropriate compiler flags.
2023-11-22 20:02:34.251144: W tensorflow/compiler/tf2tensorrt/utils/py_utils.cc:38] TF-TRT Warning: Could not find TensorRT
WARNING:tensorflow:From /home/ketrong/miniconda3/envs/tpot2devenv/lib/python3.10/site-packages/tensorflow/python/compat/v2_compat.py:108: disable_resource_variables (from tensorflow.python.ops.variable_scope) is deprecated and will be removed in a future version.
Instructions for updating:
non-resource variables are not supported in the long term
working on 
tpot2_imputetest/Impute_Experiments/logs//tpot2_base_imputation_6_0.1_MAR_3
loading data
tpot2_imputetest/Impute_Experiments/data/6_True.pkl
running experiment 1/3 - Does large hyperparameter space improve reconstruction accuracy over simple
[I 2023-11-22 20:06:36,598] A new study created in memory with name: no-name-ad6db4fe-31a6-47db-aef8-651bcec6d735
[I 2023-11-22 20:06:37,637] Trial 5 finished with value: 6.476118297612859 and parameters: {'model_name': 'SimpleImputer', 'strategy': 'constant'}. Best is trial 5 with value: 6.476118297612859.
[I 2023-11-22 20:06:37,918] Trial 12 finished with value: 6.476118297612859 and parameters: {'model_name': 'SimpleImputer', 'strategy': 'constant'}. Best is trial 5 with value: 6.476118297612859.
[I 2023-11-22 20:06:38,665] Trial 19 finished with value: 6.476118297612859 and parameters: {'model_name': 'SimpleImputer', 'strategy': 'constant'}. Best is trial 5 with value: 6.476118297612859.
[I 2023-11-22 20:06:38,827] Trial 2 finished with value: 2.2012120514066007 and parameters: {'model_name': 'SimpleImputer', 'strategy': 'mean'}. Best is trial 2 with value: 2.2012120514066007.
[I 2023-11-22 20:06:39,003] Trial 20 finished with value: 6.476118297612859 and parameters: {'model_name': 'SimpleImputer', 'strategy': 'constant'}. Best is trial 2 with value: 2.2012120514066007.
[I 2023-11-22 20:06:39,158] Trial 13 finished with value: 6.476118297612859 and parameters: {'model_name': 'SimpleImputer', 'strategy': 'constant'}. Best is trial 2 with value: 2.2012120514066007.
[I 2023-11-22 20:06:39,362] Trial 24 finished with value: 6.476118297612859 and parameters: {'model_name': 'SimpleImputer', 'strategy': 'constant'}. Best is trial 2 with value: 2.2012120514066007.
[I 2023-11-22 20:06:39,609] Trial 30 finished with value: 6.476118297612859 and parameters: {'model_name': 'SimpleImputer', 'strategy': 'constant'}. Best is trial 2 with value: 2.2012120514066007.
[I 2023-11-22 20:06:39,797] Trial 32 finished with value: 6.476118297612859 and parameters: {'model_name': 'SimpleImputer', 'strategy': 'constant'}. Best is trial 2 with value: 2.2012120514066007.
[I 2023-11-22 20:06:40,018] Trial 3 finished with value: 2.2012120514066007 and parameters: {'model_name': 'SimpleImputer', 'strategy': 'mean'}. Best is trial 2 with value: 2.2012120514066007.
[I 2023-11-22 20:06:40,265] Trial 33 finished with value: 6.476118297612859 and parameters: {'model_name': 'SimpleImputer', 'strategy': 'constant'}. Best is trial 2 with value: 2.2012120514066007.
[I 2023-11-22 20:06:40,500] Trial 36 finished with value: 6.476118297612859 and parameters: {'model_name': 'SimpleImputer', 'strategy': 'constant'}. Best is trial 2 with value: 2.2012120514066007.
[I 2023-11-22 20:06:40,824] Trial 21 finished with value: 2.2012120514066007 and parameters: {'model_name': 'SimpleImputer', 'strategy': 'mean'}. Best is trial 2 with value: 2.2012120514066007.
[I 2023-11-22 20:06:41,163] Trial 15 finished with value: 2.2012120514066007 and parameters: {'model_name': 'SimpleImputer', 'strategy': 'mean'}. Best is trial 2 with value: 2.2012120514066007.
[I 2023-11-22 20:06:41,375] Trial 14 finished with value: 2.2012120514066007 and parameters: {'model_name': 'SimpleImputer', 'strategy': 'mean'}. Best is trial 2 with value: 2.2012120514066007.
[I 2023-11-22 20:06:41,740] Trial 35 finished with value: 2.2012120514066007 and parameters: {'model_name': 'SimpleImputer', 'strategy': 'mean'}. Best is trial 2 with value: 2.2012120514066007.
[I 2023-11-22 20:06:42,017] Trial 44 finished with value: 6.476118297612859 and parameters: {'model_name': 'SimpleImputer', 'strategy': 'constant'}. Best is trial 2 with value: 2.2012120514066007.
[I 2023-11-22 20:06:42,368] Trial 40 finished with value: 6.476118297612859 and parameters: {'model_name': 'SimpleImputer', 'strategy': 'constant'}. Best is trial 2 with value: 2.2012120514066007.
[I 2023-11-22 20:06:42,783] Trial 38 finished with value: 2.2012120514066007 and parameters: {'model_name': 'SimpleImputer', 'strategy': 'mean'}. Best is trial 2 with value: 2.2012120514066007.
[I 2023-11-22 20:06:43,072] Trial 34 finished with value: 2.2012120514066007 and parameters: {'model_name': 'SimpleImputer', 'strategy': 'mean'}. Best is trial 2 with value: 2.2012120514066007.
[I 2023-11-22 20:06:43,430] Trial 0 finished with value: 2.219221011272902 and parameters: {'model_name': 'SimpleImputer', 'strategy': 'median'}. Best is trial 2 with value: 2.2012120514066007.
[I 2023-11-22 20:06:43,784] Trial 42 finished with value: 2.2012120514066007 and parameters: {'model_name': 'SimpleImputer', 'strategy': 'mean'}. Best is trial 2 with value: 2.2012120514066007.
[I 2023-11-22 20:06:43,992] Trial 46 finished with value: 6.476118297612859 and parameters: {'model_name': 'SimpleImputer', 'strategy': 'constant'}. Best is trial 2 with value: 2.2012120514066007.
[I 2023-11-22 20:06:44,195] Trial 6 finished with value: 2.219221011272902 and parameters: {'model_name': 'SimpleImputer', 'strategy': 'median'}. Best is trial 2 with value: 2.2012120514066007.
[I 2023-11-22 20:06:44,616] Trial 11 finished with value: 2.219221011272902 and parameters: {'model_name': 'SimpleImputer', 'strategy': 'median'}. Best is trial 2 with value: 2.2012120514066007.
[I 2023-11-22 20:06:44,907] Trial 48 finished with value: 2.2012120514066007 and parameters: {'model_name': 'SimpleImputer', 'strategy': 'mean'}. Best is trial 2 with value: 2.2012120514066007.
[I 2023-11-22 20:06:45,233] Trial 1 finished with value: 2.219221011272902 and parameters: {'model_name': 'SimpleImputer', 'strategy': 'median'}. Best is trial 2 with value: 2.2012120514066007.
[I 2023-11-22 20:06:45,471] Trial 25 finished with value: 2.219221011272902 and parameters: {'model_name': 'SimpleImputer', 'strategy': 'median'}. Best is trial 2 with value: 2.2012120514066007.
[I 2023-11-22 20:06:45,732] Trial 49 finished with value: 2.2012120514066007 and parameters: {'model_name': 'SimpleImputer', 'strategy': 'mean'}. Best is trial 2 with value: 2.2012120514066007.
[I 2023-11-22 20:06:45,968] Trial 51 finished with value: 6.476118297612859 and parameters: {'model_name': 'SimpleImputer', 'strategy': 'constant'}. Best is trial 2 with value: 2.2012120514066007.
[I 2023-11-22 20:06:46,190] Trial 10 finished with value: 2.219221011272902 and parameters: {'model_name': 'SimpleImputer', 'strategy': 'median'}. Best is trial 2 with value: 2.2012120514066007.
[I 2023-11-22 20:06:46,380] Trial 22 finished with value: 2.219221011272902 and parameters: {'model_name': 'SimpleImputer', 'strategy': 'median'}. Best is trial 2 with value: 2.2012120514066007.
[I 2023-11-22 20:06:46,668] Trial 28 finished with value: 2.219221011272902 and parameters: {'model_name': 'SimpleImputer', 'strategy': 'median'}. Best is trial 2 with value: 2.2012120514066007.
[I 2023-11-22 20:06:46,840] Trial 39 finished with value: 2.219221011272902 and parameters: {'model_name': 'SimpleImputer', 'strategy': 'median'}. Best is trial 2 with value: 2.2012120514066007.
[I 2023-11-22 20:06:47,078] Trial 17 finished with value: 2.219221011272902 and parameters: {'model_name': 'SimpleImputer', 'strategy': 'median'}. Best is trial 2 with value: 2.2012120514066007.
[I 2023-11-22 20:06:47,406] Trial 55 finished with value: 6.476118297612859 and parameters: {'model_name': 'SimpleImputer', 'strategy': 'constant'}. Best is trial 2 with value: 2.2012120514066007.
[I 2023-11-22 20:06:47,916] Trial 50 finished with value: 2.2012120514066007 and parameters: {'model_name': 'SimpleImputer', 'strategy': 'mean'}. Best is trial 2 with value: 2.2012120514066007.
[I 2023-11-22 20:06:48,204] Trial 58 finished with value: 2.2012120514066007 and parameters: {'model_name': 'SimpleImputer', 'strategy': 'mean'}. Best is trial 2 with value: 2.2012120514066007.
[I 2023-11-22 20:06:48,479] Trial 41 finished with value: 2.219221011272902 and parameters: {'model_name': 'SimpleImputer', 'strategy': 'median'}. Best is trial 2 with value: 2.2012120514066007.
[I 2023-11-22 20:06:48,735] Trial 45 finished with value: 2.219221011272902 and parameters: {'model_name': 'SimpleImputer', 'strategy': 'median'}. Best is trial 2 with value: 2.2012120514066007.
[I 2023-11-22 20:06:48,756] Trial 53 finished with value: 2.2012120514066007 and parameters: {'model_name': 'SimpleImputer', 'strategy': 'mean'}. Best is trial 2 with value: 2.2012120514066007.
[I 2023-11-22 20:06:49,170] Trial 59 finished with value: 2.2012120514066007 and parameters: {'model_name': 'SimpleImputer', 'strategy': 'mean'}. Best is trial 2 with value: 2.2012120514066007.
[I 2023-11-22 20:06:49,428] Trial 31 finished with value: 2.219221011272902 and parameters: {'model_name': 'SimpleImputer', 'strategy': 'median'}. Best is trial 2 with value: 2.2012120514066007.
[I 2023-11-22 20:06:49,761] Trial 54 finished with value: 2.2012120514066007 and parameters: {'model_name': 'SimpleImputer', 'strategy': 'mean'}. Best is trial 2 with value: 2.2012120514066007.
[I 2023-11-22 20:06:49,998] Trial 57 finished with value: 2.2012120514066007 and parameters: {'model_name': 'SimpleImputer', 'strategy': 'mean'}. Best is trial 2 with value: 2.2012120514066007.
[I 2023-11-22 20:06:50,442] Trial 47 finished with value: 2.219221011272902 and parameters: {'model_name': 'SimpleImputer', 'strategy': 'median'}. Best is trial 2 with value: 2.2012120514066007.
[I 2023-11-22 20:06:50,656] Trial 60 finished with value: 2.2012120514066007 and parameters: {'model_name': 'SimpleImputer', 'strategy': 'mean'}. Best is trial 2 with value: 2.2012120514066007.
[I 2023-11-22 20:06:51,257] Trial 52 finished with value: 2.219221011272902 and parameters: {'model_name': 'SimpleImputer', 'strategy': 'median'}. Best is trial 2 with value: 2.2012120514066007.
[I 2023-11-22 20:06:52,161] Trial 64 finished with value: 2.219221011272902 and parameters: {'model_name': 'SimpleImputer', 'strategy': 'median'}. Best is trial 2 with value: 2.2012120514066007.
[I 2023-11-22 20:06:52,543] Trial 77 finished with value: 2.2012120514066007 and parameters: {'model_name': 'SimpleImputer', 'strategy': 'mean'}. Best is trial 2 with value: 2.2012120514066007.
[I 2023-11-22 20:06:52,987] Trial 66 finished with value: 2.219221011272902 and parameters: {'model_name': 'SimpleImputer', 'strategy': 'median'}. Best is trial 2 with value: 2.2012120514066007.
[I 2023-11-22 20:06:53,257] Trial 61 finished with value: 2.219221011272902 and parameters: {'model_name': 'SimpleImputer', 'strategy': 'median'}. Best is trial 2 with value: 2.2012120514066007.
[I 2023-11-22 20:06:53,723] Trial 65 finished with value: 2.219221011272902 and parameters: {'model_name': 'SimpleImputer', 'strategy': 'median'}. Best is trial 2 with value: 2.2012120514066007.
[I 2023-11-22 20:06:54,241] Trial 67 finished with value: 2.219221011272902 and parameters: {'model_name': 'SimpleImputer', 'strategy': 'median'}. Best is trial 2 with value: 2.2012120514066007.
[I 2023-11-22 20:06:55,763] Trial 7 finished with value: 2.3171461701368323 and parameters: {'model_name': 'SimpleImputer', 'strategy': 'most_frequent'}. Best is trial 2 with value: 2.2012120514066007.
[I 2023-11-22 20:06:56,048] Trial 29 finished with value: 2.3171461701368323 and parameters: {'model_name': 'SimpleImputer', 'strategy': 'most_frequent'}. Best is trial 2 with value: 2.2012120514066007.
[I 2023-11-22 20:06:56,549] Trial 37 finished with value: 2.3171461701368323 and parameters: {'model_name': 'SimpleImputer', 'strategy': 'most_frequent'}. Best is trial 2 with value: 2.2012120514066007.
[I 2023-11-22 20:06:56,796] Trial 9 finished with value: 2.3171461701368323 and parameters: {'model_name': 'SimpleImputer', 'strategy': 'most_frequent'}. Best is trial 2 with value: 2.2012120514066007.
[I 2023-11-22 20:06:57,036] Trial 8 finished with value: 2.3171461701368323 and parameters: {'model_name': 'SimpleImputer', 'strategy': 'most_frequent'}. Best is trial 2 with value: 2.2012120514066007.
[I 2023-11-22 20:06:57,201] Trial 26 finished with value: 2.3171461701368323 and parameters: {'model_name': 'SimpleImputer', 'strategy': 'most_frequent'}. Best is trial 2 with value: 2.2012120514066007.
[I 2023-11-22 20:06:57,619] Trial 23 finished with value: 2.3171461701368323 and parameters: {'model_name': 'SimpleImputer', 'strategy': 'most_frequent'}. Best is trial 2 with value: 2.2012120514066007.
[I 2023-11-22 20:06:57,865] Trial 18 finished with value: 2.3171461701368323 and parameters: {'model_name': 'SimpleImputer', 'strategy': 'most_frequent'}. Best is trial 2 with value: 2.2012120514066007.
[I 2023-11-22 20:06:58,218] Trial 4 finished with value: 2.3171461701368323 and parameters: {'model_name': 'SimpleImputer', 'strategy': 'most_frequent'}. Best is trial 2 with value: 2.2012120514066007.
[I 2023-11-22 20:06:58,571] Trial 27 finished with value: 2.3171461701368323 and parameters: {'model_name': 'SimpleImputer', 'strategy': 'most_frequent'}. Best is trial 2 with value: 2.2012120514066007.
[I 2023-11-22 20:06:58,897] Trial 16 finished with value: 2.3171461701368323 and parameters: {'model_name': 'SimpleImputer', 'strategy': 'most_frequent'}. Best is trial 2 with value: 2.2012120514066007.
[I 2023-11-22 20:06:59,695] Trial 43 finished with value: 2.3171461701368323 and parameters: {'model_name': 'SimpleImputer', 'strategy': 'most_frequent'}. Best is trial 2 with value: 2.2012120514066007.
[I 2023-11-22 20:07:00,659] Trial 62 finished with value: 2.3171461701368323 and parameters: {'model_name': 'SimpleImputer', 'strategy': 'most_frequent'}. Best is trial 2 with value: 2.2012120514066007.
[I 2023-11-22 20:07:00,990] Trial 56 finished with value: 2.3171461701368323 and parameters: {'model_name': 'SimpleImputer', 'strategy': 'most_frequent'}. Best is trial 2 with value: 2.2012120514066007.
[I 2023-11-22 20:07:01,287] Trial 105 finished with value: 2.2012120514066007 and parameters: {'model_name': 'SimpleImputer', 'strategy': 'mean'}. Best is trial 2 with value: 2.2012120514066007.
[I 2023-11-22 20:07:01,632] Trial 107 finished with value: 2.2012120514066007 and parameters: {'model_name': 'SimpleImputer', 'strategy': 'mean'}. Best is trial 2 with value: 2.2012120514066007.
[I 2023-11-22 20:07:02,066] Trial 106 finished with value: 2.2012120514066007 and parameters: {'model_name': 'SimpleImputer', 'strategy': 'mean'}. Best is trial 2 with value: 2.2012120514066007.
[I 2023-11-22 20:07:02,422] Trial 109 finished with value: 2.2012120514066007 and parameters: {'model_name': 'SimpleImputer', 'strategy': 'mean'}. Best is trial 2 with value: 2.2012120514066007.
[I 2023-11-22 20:07:02,681] Trial 104 finished with value: 2.2012120514066007 and parameters: {'model_name': 'SimpleImputer', 'strategy': 'mean'}. Best is trial 2 with value: 2.2012120514066007.
[I 2023-11-22 20:07:02,891] Trial 108 finished with value: 2.2012120514066007 and parameters: {'model_name': 'SimpleImputer', 'strategy': 'mean'}. Best is trial 2 with value: 2.2012120514066007.
[I 2023-11-22 20:07:03,122] Trial 110 finished with value: 2.2012120514066007 and parameters: {'model_name': 'SimpleImputer', 'strategy': 'mean'}. Best is trial 2 with value: 2.2012120514066007.
[I 2023-11-22 20:07:03,391] Trial 63 finished with value: 2.3171461701368323 and parameters: {'model_name': 'SimpleImputer', 'strategy': 'most_frequent'}. Best is trial 2 with value: 2.2012120514066007.
[I 2023-11-22 20:07:03,719] Trial 83 finished with value: 2.3171461701368323 and parameters: {'model_name': 'SimpleImputer', 'strategy': 'most_frequent'}. Best is trial 2 with value: 2.2012120514066007.
[I 2023-11-22 20:07:03,946] Trial 72 finished with value: 2.3171461701368323 and parameters: {'model_name': 'SimpleImputer', 'strategy': 'most_frequent'}. Best is trial 2 with value: 2.2012120514066007.
[I 2023-11-22 20:07:04,187] Trial 71 finished with value: 2.3171461701368323 and parameters: {'model_name': 'SimpleImputer', 'strategy': 'most_frequent'}. Best is trial 2 with value: 2.2012120514066007.
[I 2023-11-22 20:07:04,455] Trial 111 finished with value: 2.2012120514066007 and parameters: {'model_name': 'SimpleImputer', 'strategy': 'mean'}. Best is trial 2 with value: 2.2012120514066007.
[I 2023-11-22 20:07:04,728] Trial 73 finished with value: 2.3171461701368323 and parameters: {'model_name': 'SimpleImputer', 'strategy': 'most_frequent'}. Best is trial 2 with value: 2.2012120514066007.
[I 2023-11-22 20:07:05,018] Trial 74 finished with value: 2.3171461701368323 and parameters: {'model_name': 'SimpleImputer', 'strategy': 'most_frequent'}. Best is trial 2 with value: 2.2012120514066007.
[I 2023-11-22 20:07:05,280] Trial 75 finished with value: 2.3171461701368323 and parameters: {'model_name': 'SimpleImputer', 'strategy': 'most_frequent'}. Best is trial 2 with value: 2.2012120514066007.
[I 2023-11-22 20:07:05,537] Trial 70 finished with value: 2.3171461701368323 and parameters: {'model_name': 'SimpleImputer', 'strategy': 'most_frequent'}. Best is trial 2 with value: 2.2012120514066007.
[I 2023-11-22 20:07:05,882] Trial 112 finished with value: 2.2012120514066007 and parameters: {'model_name': 'SimpleImputer', 'strategy': 'mean'}. Best is trial 2 with value: 2.2012120514066007.
[I 2023-11-22 20:07:06,153] Trial 80 finished with value: 2.3171461701368323 and parameters: {'model_name': 'SimpleImputer', 'strategy': 'most_frequent'}. Best is trial 2 with value: 2.2012120514066007.
[I 2023-11-22 20:07:06,478] Trial 81 finished with value: 2.3171461701368323 and parameters: {'model_name': 'SimpleImputer', 'strategy': 'most_frequent'}. Best is trial 2 with value: 2.2012120514066007.
[I 2023-11-22 20:07:06,751] Trial 69 finished with value: 2.3171461701368323 and parameters: {'model_name': 'SimpleImputer', 'strategy': 'most_frequent'}. Best is trial 2 with value: 2.2012120514066007.
[I 2023-11-22 20:07:07,101] Trial 79 finished with value: 2.3171461701368323 and parameters: {'model_name': 'SimpleImputer', 'strategy': 'most_frequent'}. Best is trial 2 with value: 2.2012120514066007.
[I 2023-11-22 20:07:07,370] Trial 68 finished with value: 2.3171461701368323 and parameters: {'model_name': 'SimpleImputer', 'strategy': 'most_frequent'}. Best is trial 2 with value: 2.2012120514066007.
[I 2023-11-22 20:07:07,917] Trial 82 finished with value: 2.3171461701368323 and parameters: {'model_name': 'SimpleImputer', 'strategy': 'most_frequent'}. Best is trial 2 with value: 2.2012120514066007.
[I 2023-11-22 20:07:08,184] Trial 113 finished with value: 2.2012120514066007 and parameters: {'model_name': 'SimpleImputer', 'strategy': 'mean'}. Best is trial 2 with value: 2.2012120514066007.
[I 2023-11-22 20:07:08,519] Trial 115 finished with value: 2.2012120514066007 and parameters: {'model_name': 'SimpleImputer', 'strategy': 'mean'}. Best is trial 2 with value: 2.2012120514066007.
[I 2023-11-22 20:07:08,758] Trial 117 finished with value: 2.2012120514066007 and parameters: {'model_name': 'SimpleImputer', 'strategy': 'mean'}. Best is trial 2 with value: 2.2012120514066007.
[I 2023-11-22 20:07:08,934] Trial 87 finished with value: 2.3171461701368323 and parameters: {'model_name': 'SimpleImputer', 'strategy': 'most_frequent'}. Best is trial 2 with value: 2.2012120514066007.
[I 2023-11-22 20:07:09,231] Trial 84 finished with value: 2.3171461701368323 and parameters: {'model_name': 'SimpleImputer', 'strategy': 'most_frequent'}. Best is trial 2 with value: 2.2012120514066007.
[I 2023-11-22 20:07:09,440] Trial 76 finished with value: 2.3171461701368323 and parameters: {'model_name': 'SimpleImputer', 'strategy': 'most_frequent'}. Best is trial 2 with value: 2.2012120514066007.
[I 2023-11-22 20:07:09,653] Trial 116 finished with value: 2.2012120514066007 and parameters: {'model_name': 'SimpleImputer', 'strategy': 'mean'}. Best is trial 2 with value: 2.2012120514066007.
[I 2023-11-22 20:07:09,911] Trial 92 finished with value: 2.3171461701368323 and parameters: {'model_name': 'SimpleImputer', 'strategy': 'most_frequent'}. Best is trial 2 with value: 2.2012120514066007.
[I 2023-11-22 20:07:10,279] Trial 91 finished with value: 2.3171461701368323 and parameters: {'model_name': 'SimpleImputer', 'strategy': 'most_frequent'}. Best is trial 2 with value: 2.2012120514066007.
[I 2023-11-22 20:07:10,574] Trial 114 finished with value: 2.2012120514066007 and parameters: {'model_name': 'SimpleImputer', 'strategy': 'mean'}. Best is trial 2 with value: 2.2012120514066007.
[I 2023-11-22 20:07:11,069] Trial 78 finished with value: 2.3171461701368323 and parameters: {'model_name': 'SimpleImputer', 'strategy': 'most_frequent'}. Best is trial 2 with value: 2.2012120514066007.
[I 2023-11-22 20:07:11,350] Trial 120 finished with value: 2.2012120514066007 and parameters: {'model_name': 'SimpleImputer', 'strategy': 'mean'}. Best is trial 2 with value: 2.2012120514066007.
[I 2023-11-22 20:07:11,602] Trial 118 finished with value: 2.2012120514066007 and parameters: {'model_name': 'SimpleImputer', 'strategy': 'mean'}. Best is trial 2 with value: 2.2012120514066007.
[I 2023-11-22 20:07:11,822] Trial 121 finished with value: 2.2012120514066007 and parameters: {'model_name': 'SimpleImputer', 'strategy': 'mean'}. Best is trial 2 with value: 2.2012120514066007.
[I 2023-11-22 20:07:11,995] Trial 93 finished with value: 2.3171461701368323 and parameters: {'model_name': 'SimpleImputer', 'strategy': 'most_frequent'}. Best is trial 2 with value: 2.2012120514066007.
[I 2023-11-22 20:07:12,231] Trial 128 finished with value: 2.2012120514066007 and parameters: {'model_name': 'SimpleImputer', 'strategy': 'mean'}. Best is trial 2 with value: 2.2012120514066007.
[I 2023-11-22 20:07:12,474] Trial 86 finished with value: 2.3171461701368323 and parameters: {'model_name': 'SimpleImputer', 'strategy': 'most_frequent'}. Best is trial 2 with value: 2.2012120514066007.
[I 2023-11-22 20:07:12,809] Trial 122 finished with value: 2.2012120514066007 and parameters: {'model_name': 'SimpleImputer', 'strategy': 'mean'}. Best is trial 2 with value: 2.2012120514066007.
[I 2023-11-22 20:07:13,115] Trial 124 finished with value: 2.2012120514066007 and parameters: {'model_name': 'SimpleImputer', 'strategy': 'mean'}. Best is trial 2 with value: 2.2012120514066007.
[I 2023-11-22 20:07:13,327] Trial 85 finished with value: 2.3171461701368323 and parameters: {'model_name': 'SimpleImputer', 'strategy': 'most_frequent'}. Best is trial 2 with value: 2.2012120514066007.
[I 2023-11-22 20:07:13,574] Trial 94 finished with value: 2.3171461701368323 and parameters: {'model_name': 'SimpleImputer', 'strategy': 'most_frequent'}. Best is trial 2 with value: 2.2012120514066007.
[I 2023-11-22 20:07:13,779] Trial 88 finished with value: 2.3171461701368323 and parameters: {'model_name': 'SimpleImputer', 'strategy': 'most_frequent'}. Best is trial 2 with value: 2.2012120514066007.
[I 2023-11-22 20:07:13,957] Trial 119 finished with value: 2.2012120514066007 and parameters: {'model_name': 'SimpleImputer', 'strategy': 'mean'}. Best is trial 2 with value: 2.2012120514066007.
[I 2023-11-22 20:07:14,321] Trial 89 finished with value: 2.3171461701368323 and parameters: {'model_name': 'SimpleImputer', 'strategy': 'most_frequent'}. Best is trial 2 with value: 2.2012120514066007.
[I 2023-11-22 20:07:14,574] Trial 127 finished with value: 2.2012120514066007 and parameters: {'model_name': 'SimpleImputer', 'strategy': 'mean'}. Best is trial 2 with value: 2.2012120514066007.
[I 2023-11-22 20:07:14,748] Trial 123 finished with value: 2.2012120514066007 and parameters: {'model_name': 'SimpleImputer', 'strategy': 'mean'}. Best is trial 2 with value: 2.2012120514066007.
[I 2023-11-22 20:07:15,027] Trial 96 finished with value: 2.3171461701368323 and parameters: {'model_name': 'SimpleImputer', 'strategy': 'most_frequent'}. Best is trial 2 with value: 2.2012120514066007.
[I 2023-11-22 20:07:15,250] Trial 125 finished with value: 2.2012120514066007 and parameters: {'model_name': 'SimpleImputer', 'strategy': 'mean'}. Best is trial 2 with value: 2.2012120514066007.
[I 2023-11-22 20:07:15,492] Trial 95 finished with value: 2.3171461701368323 and parameters: {'model_name': 'SimpleImputer', 'strategy': 'most_frequent'}. Best is trial 2 with value: 2.2012120514066007.
[I 2023-11-22 20:07:15,670] Trial 126 finished with value: 2.2012120514066007 and parameters: {'model_name': 'SimpleImputer', 'strategy': 'mean'}. Best is trial 2 with value: 2.2012120514066007.
[I 2023-11-22 20:07:15,933] Trial 129 finished with value: 2.2012120514066007 and parameters: {'model_name': 'SimpleImputer', 'strategy': 'mean'}. Best is trial 2 with value: 2.2012120514066007.
[I 2023-11-22 20:07:16,267] Trial 131 finished with value: 2.2012120514066007 and parameters: {'model_name': 'SimpleImputer', 'strategy': 'mean'}. Best is trial 2 with value: 2.2012120514066007.
[I 2023-11-22 20:07:16,528] Trial 130 finished with value: 2.2012120514066007 and parameters: {'model_name': 'SimpleImputer', 'strategy': 'mean'}. Best is trial 2 with value: 2.2012120514066007.
[I 2023-11-22 20:07:16,785] Trial 135 finished with value: 2.2012120514066007 and parameters: {'model_name': 'SimpleImputer', 'strategy': 'mean'}. Best is trial 2 with value: 2.2012120514066007.
[I 2023-11-22 20:07:17,055] Trial 98 finished with value: 2.3171461701368323 and parameters: {'model_name': 'SimpleImputer', 'strategy': 'most_frequent'}. Best is trial 2 with value: 2.2012120514066007.
[I 2023-11-22 20:07:17,540] Trial 134 finished with value: 2.2012120514066007 and parameters: {'model_name': 'SimpleImputer', 'strategy': 'mean'}. Best is trial 2 with value: 2.2012120514066007.
[I 2023-11-22 20:07:17,770] Trial 138 finished with value: 2.2012120514066007 and parameters: {'model_name': 'SimpleImputer', 'strategy': 'mean'}. Best is trial 2 with value: 2.2012120514066007.
[I 2023-11-22 20:07:17,998] Trial 136 finished with value: 2.2012120514066007 and parameters: {'model_name': 'SimpleImputer', 'strategy': 'mean'}. Best is trial 2 with value: 2.2012120514066007.
[I 2023-11-22 20:07:18,260] Trial 133 finished with value: 2.2012120514066007 and parameters: {'model_name': 'SimpleImputer', 'strategy': 'mean'}. Best is trial 2 with value: 2.2012120514066007.
[I 2023-11-22 20:07:18,548] Trial 97 finished with value: 2.3171461701368323 and parameters: {'model_name': 'SimpleImputer', 'strategy': 'most_frequent'}. Best is trial 2 with value: 2.2012120514066007.
[I 2023-11-22 20:07:18,737] Trial 90 finished with value: 2.3171461701368323 and parameters: {'model_name': 'SimpleImputer', 'strategy': 'most_frequent'}. Best is trial 2 with value: 2.2012120514066007.
[I 2023-11-22 20:07:18,740] Trial 132 finished with value: 2.2012120514066007 and parameters: {'model_name': 'SimpleImputer', 'strategy': 'mean'}. Best is trial 2 with value: 2.2012120514066007.
[I 2023-11-22 20:07:18,744] Trial 137 finished with value: 2.2012120514066007 and parameters: {'model_name': 'SimpleImputer', 'strategy': 'mean'}. Best is trial 2 with value: 2.2012120514066007.
[I 2023-11-22 20:07:19,467] Trial 141 finished with value: 2.2012120514066007 and parameters: {'model_name': 'SimpleImputer', 'strategy': 'mean'}. Best is trial 2 with value: 2.2012120514066007.
[I 2023-11-22 20:07:19,923] Trial 101 finished with value: 2.3171461701368323 and parameters: {'model_name': 'SimpleImputer', 'strategy': 'most_frequent'}. Best is trial 2 with value: 2.2012120514066007.
[I 2023-11-22 20:07:20,097] Trial 146 finished with value: 2.2012120514066007 and parameters: {'model_name': 'SimpleImputer', 'strategy': 'mean'}. Best is trial 2 with value: 2.2012120514066007.
[I 2023-11-22 20:07:20,408] Trial 139 finished with value: 2.2012120514066007 and parameters: {'model_name': 'SimpleImputer', 'strategy': 'mean'}. Best is trial 2 with value: 2.2012120514066007.
[I 2023-11-22 20:07:20,829] Trial 140 finished with value: 2.2012120514066007 and parameters: {'model_name': 'SimpleImputer', 'strategy': 'mean'}. Best is trial 2 with value: 2.2012120514066007.
[I 2023-11-22 20:07:21,015] Trial 143 finished with value: 2.2012120514066007 and parameters: {'model_name': 'SimpleImputer', 'strategy': 'mean'}. Best is trial 2 with value: 2.2012120514066007.
[I 2023-11-22 20:07:21,334] Trial 100 finished with value: 2.3171461701368323 and parameters: {'model_name': 'SimpleImputer', 'strategy': 'most_frequent'}. Best is trial 2 with value: 2.2012120514066007.
[I 2023-11-22 20:07:21,590] Trial 147 finished with value: 2.2012120514066007 and parameters: {'model_name': 'SimpleImputer', 'strategy': 'mean'}. Best is trial 2 with value: 2.2012120514066007.
[I 2023-11-22 20:07:21,934] Trial 144 finished with value: 2.2012120514066007 and parameters: {'model_name': 'SimpleImputer', 'strategy': 'mean'}. Best is trial 2 with value: 2.2012120514066007.
[I 2023-11-22 20:07:22,111] Trial 151 finished with value: 2.2012120514066007 and parameters: {'model_name': 'SimpleImputer', 'strategy': 'mean'}. Best is trial 2 with value: 2.2012120514066007.
[I 2023-11-22 20:07:22,285] Trial 148 finished with value: 2.2012120514066007 and parameters: {'model_name': 'SimpleImputer', 'strategy': 'mean'}. Best is trial 2 with value: 2.2012120514066007.
[I 2023-11-22 20:07:22,695] Trial 142 finished with value: 2.2012120514066007 and parameters: {'model_name': 'SimpleImputer', 'strategy': 'mean'}. Best is trial 2 with value: 2.2012120514066007.
[I 2023-11-22 20:07:22,997] Trial 149 finished with value: 2.2012120514066007 and parameters: {'model_name': 'SimpleImputer', 'strategy': 'mean'}. Best is trial 2 with value: 2.2012120514066007.
[I 2023-11-22 20:07:23,174] Trial 145 finished with value: 2.2012120514066007 and parameters: {'model_name': 'SimpleImputer', 'strategy': 'mean'}. Best is trial 2 with value: 2.2012120514066007.
[I 2023-11-22 20:07:23,423] Trial 150 finished with value: 2.2012120514066007 and parameters: {'model_name': 'SimpleImputer', 'strategy': 'mean'}. Best is trial 2 with value: 2.2012120514066007.
[I 2023-11-22 20:07:23,619] Trial 99 finished with value: 2.3171461701368323 and parameters: {'model_name': 'SimpleImputer', 'strategy': 'most_frequent'}. Best is trial 2 with value: 2.2012120514066007.
[I 2023-11-22 20:07:23,954] Trial 152 finished with value: 2.2012120514066007 and parameters: {'model_name': 'SimpleImputer', 'strategy': 'mean'}. Best is trial 2 with value: 2.2012120514066007.
[I 2023-11-22 20:07:24,190] Trial 159 finished with value: 2.2012120514066007 and parameters: {'model_name': 'SimpleImputer', 'strategy': 'mean'}. Best is trial 2 with value: 2.2012120514066007.
[I 2023-11-22 20:07:24,527] Trial 169 finished with value: 2.2012120514066007 and parameters: {'model_name': 'SimpleImputer', 'strategy': 'mean'}. Best is trial 2 with value: 2.2012120514066007.
[I 2023-11-22 20:07:24,727] Trial 163 finished with value: 2.2012120514066007 and parameters: {'model_name': 'SimpleImputer', 'strategy': 'mean'}. Best is trial 2 with value: 2.2012120514066007.
[I 2023-11-22 20:07:24,891] Trial 153 finished with value: 2.2012120514066007 and parameters: {'model_name': 'SimpleImputer', 'strategy': 'mean'}. Best is trial 2 with value: 2.2012120514066007.
[I 2023-11-22 20:07:25,155] Trial 157 finished with value: 2.2012120514066007 and parameters: {'model_name': 'SimpleImputer', 'strategy': 'mean'}. Best is trial 2 with value: 2.2012120514066007.
[I 2023-11-22 20:07:25,325] Trial 162 finished with value: 2.2012120514066007 and parameters: {'model_name': 'SimpleImputer', 'strategy': 'mean'}. Best is trial 2 with value: 2.2012120514066007.
[I 2023-11-22 20:07:25,504] Trial 156 finished with value: 2.2012120514066007 and parameters: {'model_name': 'SimpleImputer', 'strategy': 'mean'}. Best is trial 2 with value: 2.2012120514066007.
[I 2023-11-22 20:07:25,746] Trial 154 finished with value: 2.2012120514066007 and parameters: {'model_name': 'SimpleImputer', 'strategy': 'mean'}. Best is trial 2 with value: 2.2012120514066007.
[I 2023-11-22 20:07:25,964] Trial 161 finished with value: 2.2012120514066007 and parameters: {'model_name': 'SimpleImputer', 'strategy': 'mean'}. Best is trial 2 with value: 2.2012120514066007.
[I 2023-11-22 20:07:26,125] Trial 166 finished with value: 2.2012120514066007 and parameters: {'model_name': 'SimpleImputer', 'strategy': 'mean'}. Best is trial 2 with value: 2.2012120514066007.
[I 2023-11-22 20:07:26,430] Trial 158 finished with value: 2.2012120514066007 and parameters: {'model_name': 'SimpleImputer', 'strategy': 'mean'}. Best is trial 2 with value: 2.2012120514066007.
[I 2023-11-22 20:07:26,706] Trial 167 finished with value: 2.2012120514066007 and parameters: {'model_name': 'SimpleImputer', 'strategy': 'mean'}. Best is trial 2 with value: 2.2012120514066007.
[I 2023-11-22 20:07:26,912] Trial 155 finished with value: 2.2012120514066007 and parameters: {'model_name': 'SimpleImputer', 'strategy': 'mean'}. Best is trial 2 with value: 2.2012120514066007.
[I 2023-11-22 20:07:27,196] Trial 165 finished with value: 2.2012120514066007 and parameters: {'model_name': 'SimpleImputer', 'strategy': 'mean'}. Best is trial 2 with value: 2.2012120514066007.
[I 2023-11-22 20:07:27,453] Trial 168 finished with value: 2.2012120514066007 and parameters: {'model_name': 'SimpleImputer', 'strategy': 'mean'}. Best is trial 2 with value: 2.2012120514066007.
[I 2023-11-22 20:07:27,652] Trial 170 finished with value: 2.2012120514066007 and parameters: {'model_name': 'SimpleImputer', 'strategy': 'mean'}. Best is trial 2 with value: 2.2012120514066007.
[I 2023-11-22 20:07:27,941] Trial 164 finished with value: 2.2012120514066007 and parameters: {'model_name': 'SimpleImputer', 'strategy': 'mean'}. Best is trial 2 with value: 2.2012120514066007.
[I 2023-11-22 20:07:28,213] Trial 177 finished with value: 2.2012120514066007 and parameters: {'model_name': 'SimpleImputer', 'strategy': 'mean'}. Best is trial 2 with value: 2.2012120514066007.
[I 2023-11-22 20:07:28,443] Trial 160 finished with value: 2.2012120514066007 and parameters: {'model_name': 'SimpleImputer', 'strategy': 'mean'}. Best is trial 2 with value: 2.2012120514066007.
[I 2023-11-22 20:07:28,687] Trial 175 finished with value: 2.2012120514066007 and parameters: {'model_name': 'SimpleImputer', 'strategy': 'mean'}. Best is trial 2 with value: 2.2012120514066007.
[I 2023-11-22 20:07:28,868] Trial 176 finished with value: 2.2012120514066007 and parameters: {'model_name': 'SimpleImputer', 'strategy': 'mean'}. Best is trial 2 with value: 2.2012120514066007.
[I 2023-11-22 20:07:29,051] Trial 171 finished with value: 2.2012120514066007 and parameters: {'model_name': 'SimpleImputer', 'strategy': 'mean'}. Best is trial 2 with value: 2.2012120514066007.
[I 2023-11-22 20:07:29,295] Trial 178 finished with value: 2.2012120514066007 and parameters: {'model_name': 'SimpleImputer', 'strategy': 'mean'}. Best is trial 2 with value: 2.2012120514066007.
[I 2023-11-22 20:07:29,540] Trial 174 finished with value: 2.2012120514066007 and parameters: {'model_name': 'SimpleImputer', 'strategy': 'mean'}. Best is trial 2 with value: 2.2012120514066007.
[I 2023-11-22 20:07:29,710] Trial 182 finished with value: 2.2012120514066007 and parameters: {'model_name': 'SimpleImputer', 'strategy': 'mean'}. Best is trial 2 with value: 2.2012120514066007.
[I 2023-11-22 20:07:29,873] Trial 180 finished with value: 2.2012120514066007 and parameters: {'model_name': 'SimpleImputer', 'strategy': 'mean'}. Best is trial 2 with value: 2.2012120514066007.
[I 2023-11-22 20:07:30,032] Trial 173 finished with value: 2.2012120514066007 and parameters: {'model_name': 'SimpleImputer', 'strategy': 'mean'}. Best is trial 2 with value: 2.2012120514066007.
[I 2023-11-22 20:07:30,378] Trial 103 finished with value: 2.3171461701368323 and parameters: {'model_name': 'SimpleImputer', 'strategy': 'most_frequent'}. Best is trial 2 with value: 2.2012120514066007.
[I 2023-11-22 20:07:30,630] Trial 172 finished with value: 2.2012120514066007 and parameters: {'model_name': 'SimpleImputer', 'strategy': 'mean'}. Best is trial 2 with value: 2.2012120514066007.
[I 2023-11-22 20:07:30,879] Trial 102 finished with value: 2.3171461701368323 and parameters: {'model_name': 'SimpleImputer', 'strategy': 'most_frequent'}. Best is trial 2 with value: 2.2012120514066007.
[I 2023-11-22 20:07:31,148] Trial 185 finished with value: 2.2012120514066007 and parameters: {'model_name': 'SimpleImputer', 'strategy': 'mean'}. Best is trial 2 with value: 2.2012120514066007.
[I 2023-11-22 20:07:31,415] Trial 181 finished with value: 2.2012120514066007 and parameters: {'model_name': 'SimpleImputer', 'strategy': 'mean'}. Best is trial 2 with value: 2.2012120514066007.
[I 2023-11-22 20:07:31,658] Trial 183 finished with value: 2.2012120514066007 and parameters: {'model_name': 'SimpleImputer', 'strategy': 'mean'}. Best is trial 2 with value: 2.2012120514066007.
[I 2023-11-22 20:07:31,906] Trial 187 finished with value: 2.2012120514066007 and parameters: {'model_name': 'SimpleImputer', 'strategy': 'mean'}. Best is trial 2 with value: 2.2012120514066007.
[I 2023-11-22 20:07:32,133] Trial 189 finished with value: 2.2012120514066007 and parameters: {'model_name': 'SimpleImputer', 'strategy': 'mean'}. Best is trial 2 with value: 2.2012120514066007.
[I 2023-11-22 20:07:32,409] Trial 186 finished with value: 2.2012120514066007 and parameters: {'model_name': 'SimpleImputer', 'strategy': 'mean'}. Best is trial 2 with value: 2.2012120514066007.
[I 2023-11-22 20:07:32,586] Trial 179 finished with value: 2.2012120514066007 and parameters: {'model_name': 'SimpleImputer', 'strategy': 'mean'}. Best is trial 2 with value: 2.2012120514066007.
[I 2023-11-22 20:07:32,840] Trial 191 finished with value: 2.2012120514066007 and parameters: {'model_name': 'SimpleImputer', 'strategy': 'mean'}. Best is trial 2 with value: 2.2012120514066007.
[I 2023-11-22 20:07:33,010] Trial 190 finished with value: 2.2012120514066007 and parameters: {'model_name': 'SimpleImputer', 'strategy': 'mean'}. Best is trial 2 with value: 2.2012120514066007.
[I 2023-11-22 20:07:33,187] Trial 184 finished with value: 2.2012120514066007 and parameters: {'model_name': 'SimpleImputer', 'strategy': 'mean'}. Best is trial 2 with value: 2.2012120514066007.
[I 2023-11-22 20:07:33,346] Trial 188 finished with value: 2.2012120514066007 and parameters: {'model_name': 'SimpleImputer', 'strategy': 'mean'}. Best is trial 2 with value: 2.2012120514066007.
[I 2023-11-22 20:07:33,589] Trial 197 finished with value: 2.2012120514066007 and parameters: {'model_name': 'SimpleImputer', 'strategy': 'mean'}. Best is trial 2 with value: 2.2012120514066007.
[I 2023-11-22 20:07:33,762] Trial 194 finished with value: 2.2012120514066007 and parameters: {'model_name': 'SimpleImputer', 'strategy': 'mean'}. Best is trial 2 with value: 2.2012120514066007.
[I 2023-11-22 20:07:33,942] Trial 196 finished with value: 2.2012120514066007 and parameters: {'model_name': 'SimpleImputer', 'strategy': 'mean'}. Best is trial 2 with value: 2.2012120514066007.
[I 2023-11-22 20:07:34,201] Trial 198 finished with value: 2.2012120514066007 and parameters: {'model_name': 'SimpleImputer', 'strategy': 'mean'}. Best is trial 2 with value: 2.2012120514066007.
[I 2023-11-22 20:07:34,375] Trial 192 finished with value: 2.2012120514066007 and parameters: {'model_name': 'SimpleImputer', 'strategy': 'mean'}. Best is trial 2 with value: 2.2012120514066007.
[I 2023-11-22 20:07:34,623] Trial 199 finished with value: 2.2012120514066007 and parameters: {'model_name': 'SimpleImputer', 'strategy': 'mean'}. Best is trial 2 with value: 2.2012120514066007.
[I 2023-11-22 20:07:34,790] Trial 193 finished with value: 2.2012120514066007 and parameters: {'model_name': 'SimpleImputer', 'strategy': 'mean'}. Best is trial 2 with value: 2.2012120514066007.
[I 2023-11-22 20:07:35,025] Trial 195 finished with value: 2.2012120514066007 and parameters: {'model_name': 'SimpleImputer', 'strategy': 'mean'}. Best is trial 2 with value: 2.2012120514066007.
simple fit
simple transform
[I 2023-11-22 20:07:41,534] A new study created in memory with name: no-name-570d67e6-a3f6-4d65-bf75-e150c10a5cc8
  0%|          | 0/200 [00:00<?, ?it/s]                                       [W 2023-11-22 20:07:41,537] Trial 0 failed with parameters: {'model_name': 'KNNImputer', 'weights': 'uniform', 'keep_empty_features': True} because of the following error: TypeError("SimpleImputer.__init__() got an unexpected keyword argument 'n_neighbors'").
Traceback (most recent call last):
  File "/home/ketrong/miniconda3/envs/tpot2devenv/lib/python3.10/site-packages/optuna/study/_optimize.py", line 200, in _run_trial
    value_or_values = func(trial)
  File "/common/ketrong/AutoImputeExp/tpot2_imputetest/Impute_Experiments/autoimpute.py", line 57, in obj
    my_model = autoutils.MyModel(random_state = self.random_state, **my_params)
  File "/common/ketrong/AutoImputeExp/tpot2_imputetest/Impute_Experiments/autoutils.py", line 34, in MyModel
    this_model = SimpleImputer(
TypeError: SimpleImputer.__init__() got an unexpected keyword argument 'n_neighbors'
[W 2023-11-22 20:07:41,548] Trial 0 failed with value None.
  0%|          | 0/200 [00:00<?, ?it/s]                                         0%|          | 0/200 [00:00<?, ?it/s]                                       [W 2023-11-22 20:07:41,846] Trial 3 failed with parameters: {'model_name': 'RandomForestImputer', 'max_iter': 1, 'decreasing': True, 'min_samples_split': 0.8, 'min_samples_leaf': 0.8, 'max_features': 0.8, 'bootstrap': True, 'oob_score': True, 'warm_start': False} because of the following error: TypeError("SimpleImputer.__init__() got an unexpected keyword argument 'max_iter'").
Traceback (most recent call last):
  File "/home/ketrong/miniconda3/envs/tpot2devenv/lib/python3.10/site-packages/optuna/study/_optimize.py", line 200, in _run_trial
    value_or_values = func(trial)
  File "/common/ketrong/AutoImputeExp/tpot2_imputetest/Impute_Experiments/autoimpute.py", line 57, in obj
    my_model = autoutils.MyModel(random_state = self.random_state, **my_params)
  File "/common/ketrong/AutoImputeExp/tpot2_imputetest/Impute_Experiments/autoutils.py", line 34, in MyModel
    this_model = SimpleImputer(
TypeError: SimpleImputer.__init__() got an unexpected keyword argument 'max_iter'
  0%|          | 0/200 [00:00<?, ?it/s]                                       [W 2023-11-22 20:07:41,846] Trial 3 failed with value None.
  0%|          | 0/200 [00:00<?, ?it/s][W 2023-11-22 20:07:42,074] Trial 4 failed with parameters: {'model_name': 'KNNImputer', 'weights': 'distance', 'keep_empty_features': False} because of the following error: TypeError("SimpleImputer.__init__() got an unexpected keyword argument 'n_neighbors'").
Traceback (most recent call last):
  File "/home/ketrong/miniconda3/envs/tpot2devenv/lib/python3.10/site-packages/optuna/study/_optimize.py", line 200, in _run_trial
    value_or_values = func(trial)
  File "/common/ketrong/AutoImputeExp/tpot2_imputetest/Impute_Experiments/autoimpute.py", line 57, in obj
    my_model = autoutils.MyModel(random_state = self.random_state, **my_params)
  File "/common/ketrong/AutoImputeExp/tpot2_imputetest/Impute_Experiments/autoutils.py", line 34, in MyModel
    this_model = SimpleImputer(
TypeError: SimpleImputer.__init__() got an unexpected keyword argument 'n_neighbors'
                                         0%|          | 0/200 [00:00<?, ?it/s]                                       [W 2023-11-22 20:07:42,075] Trial 4 failed with value None.
  0%|          | 0/200 [00:00<?, ?it/s]                                       [W 2023-11-22 20:07:42,308] Trial 5 failed with parameters: {'model_name': 'IterativeImputer', 'estimator': 'KNN', 'sample_posterior': False, 'initial_strategy': 'constant', 'imputation_order': 'roman'} because of the following error: TypeError("SimpleImputer.__init__() got an unexpected keyword argument 'estimator'").
Traceback (most recent call last):
  File "/home/ketrong/miniconda3/envs/tpot2devenv/lib/python3.10/site-packages/optuna/study/_optimize.py", line 200, in _run_trial
    value_or_values = func(trial)
  File "/common/ketrong/AutoImputeExp/tpot2_imputetest/Impute_Experiments/autoimpute.py", line 57, in obj
    my_model = autoutils.MyModel(random_state = self.random_state, **my_params)
  File "/common/ketrong/AutoImputeExp/tpot2_imputetest/Impute_Experiments/autoutils.py", line 34, in MyModel
    this_model = SimpleImputer(
TypeError: SimpleImputer.__init__() got an unexpected keyword argument 'estimator'
  0%|          | 0/200 [00:00<?, ?it/s]                                       [W 2023-11-22 20:07:42,308] Trial 5 failed with value None.
  0%|          | 0/200 [00:00<?, ?it/s]                                       [W 2023-11-22 20:07:42,539] Trial 6 failed with parameters: {'model_name': 'KNNImputer', 'weights': 'uniform', 'keep_empty_features': False} because of the following error: TypeError("SimpleImputer.__init__() got an unexpected keyword argument 'n_neighbors'").
Traceback (most recent call last):
  File "/home/ketrong/miniconda3/envs/tpot2devenv/lib/python3.10/site-packages/optuna/study/_optimize.py", line 200, in _run_trial
    value_or_values = func(trial)
  File "/common/ketrong/AutoImputeExp/tpot2_imputetest/Impute_Experiments/autoimpute.py", line 57, in obj
    my_model = autoutils.MyModel(random_state = self.random_state, **my_params)
  File "/common/ketrong/AutoImputeExp/tpot2_imputetest/Impute_Experiments/autoutils.py", line 34, in MyModel
    this_model = SimpleImputer(
TypeError: SimpleImputer.__init__() got an unexpected keyword argument 'n_neighbors'
  0%|          | 0/200 [00:01<?, ?it/s]                                       [W 2023-11-22 20:07:42,540] Trial 6 failed with value None.
  0%|          | 0/200 [00:01<?, ?it/s][W 2023-11-22 20:07:42,930] Trial 8 failed with parameters: {'model_name': 'IterativeImputer', 'estimator': 'Bayesian', 'sample_posterior': False, 'initial_strategy': 'mean', 'imputation_order': 'ascending'} because of the following error: TypeError("SimpleImputer.__init__() got an unexpected keyword argument 'estimator'").
Traceback (most recent call last):
  File "/home/ketrong/miniconda3/envs/tpot2devenv/lib/python3.10/site-packages/optuna/study/_optimize.py", line 200, in _run_trial
    value_or_values = func(trial)
  File "/common/ketrong/AutoImputeExp/tpot2_imputetest/Impute_Experiments/autoimpute.py", line 57, in obj
    my_model = autoutils.MyModel(random_state = self.random_state, **my_params)
  File "/common/ketrong/AutoImputeExp/tpot2_imputetest/Impute_Experiments/autoutils.py", line 34, in MyModel
    this_model = SimpleImputer(
TypeError: SimpleImputer.__init__() got an unexpected keyword argument 'estimator'
                                         0%|          | 0/200 [00:01<?, ?it/s][W 2023-11-22 20:07:42,931] Trial 8 failed with value None.
                                         0%|          | 0/200 [00:01<?, ?it/s][W 2023-11-22 20:07:43,280] Trial 10 failed with parameters: {'model_name': 'GAIN', 'batch_size': 11, 'hint_rate': 0.04968474954479376, 'alpha': 86, 'iterations': 2608} because of the following error: TypeError("SimpleImputer.__init__() got an unexpected keyword argument 'batch_size'").
Traceback (most recent call last):
  File "/home/ketrong/miniconda3/envs/tpot2devenv/lib/python3.10/site-packages/optuna/study/_optimize.py", line 200, in _run_trial
    value_or_values = func(trial)
  File "/common/ketrong/AutoImputeExp/tpot2_imputetest/Impute_Experiments/autoimpute.py", line 57, in obj
    my_model = autoutils.MyModel(random_state = self.random_state, **my_params)
  File "/common/ketrong/AutoImputeExp/tpot2_imputetest/Impute_Experiments/autoutils.py", line 34, in MyModel
    this_model = SimpleImputer(
TypeError: SimpleImputer.__init__() got an unexpected keyword argument 'batch_size'                                       
  0%|          | 0/200 [00:01<?, ?it/s]                                       [W 2023-11-22 20:07:43,282] Trial 10 failed with value None.
  0%|          | 0/200 [00:01<?, ?it/s][I 2023-11-22 20:07:43,573] Trial 2 finished with value: 6.355266859387969 and parameters: {'model_name': 'SimpleImputer', 'strategy': 'constant'}. Best is trial 2 with value: 6.355266859387969.
                                         0%|          | 0/200 [00:02<?, ?it/s]Best trial: 2. Best value: 6.35527:   0%|          | 0/200 [00:02<?, ?it/s]Best trial: 2. Best value: 6.35527:   0%|          | 1/200 [00:02<07:32,  2.27s/it][W 2023-11-22 20:07:43,831] Trial 14 failed with parameters: {'model_name': 'KNNImputer', 'weights': 'uniform', 'keep_empty_features': False} because of the following error: TypeError("SimpleImputer.__init__() got an unexpected keyword argument 'n_neighbors'").
Traceback (most recent call last):
  File "/home/ketrong/miniconda3/envs/tpot2devenv/lib/python3.10/site-packages/optuna/study/_optimize.py", line 200, in _run_trial
    value_or_values = func(trial)
  File "/common/ketrong/AutoImputeExp/tpot2_imputetest/Impute_Experiments/autoimpute.py", line 57, in obj
    my_model = autoutils.MyModel(random_state = self.random_state, **my_params)
  File "/common/ketrong/AutoImputeExp/tpot2_imputetest/Impute_Experiments/autoutils.py", line 34, in MyModel
    this_model = SimpleImputer(
TypeError: SimpleImputer.__init__() got an unexpected keyword argument 'n_neighbors'
                                                                                   Best trial: 2. Best value: 6.35527:   0%|          | 1/200 [00:02<07:32,  2.27s/it]                                                                                   [W 2023-11-22 20:07:43,831] Trial 14 failed with value None.
Best trial: 2. Best value: 6.35527:   0%|          | 1/200 [00:02<07:32,  2.27s/it]                                                                                   [W 2023-11-22 20:07:44,162] Trial 11 failed with parameters: {'model_name': 'IterativeImputer', 'estimator': 'Ridge', 'sample_posterior': False, 'initial_strategy': 'median', 'imputation_order': 'random'} because of the following error: TypeError("SimpleImputer.__init__() got an unexpected keyword argument 'estimator'").
Traceback (most recent call last):
  File "/home/ketrong/miniconda3/envs/tpot2devenv/lib/python3.10/site-packages/optuna/study/_optimize.py", line 200, in _run_trial
    value_or_values = func(trial)
  File "/common/ketrong/AutoImputeExp/tpot2_imputetest/Impute_Experiments/autoimpute.py", line 57, in obj
    my_model = autoutils.MyModel(random_state = self.random_state, **my_params)
  File "/common/ketrong/AutoImputeExp/tpot2_imputetest/Impute_Experiments/autoutils.py", line 34, in MyModel
    this_model = SimpleImputer(
TypeError: SimpleImputer.__init__() got an unexpected keyword argument 'estimator'
Best trial: 2. Best value: 6.35527:   0%|          | 1/200 [00:02<07:32,  2.27s/it]                                                                                   Best trial: 2. Best value: 6.35527:   0%|          | 1/200 [00:02<07:32,  2.27s/it][W 2023-11-22 20:07:44,165] Trial 11 failed with value None.
[W 2023-11-22 20:07:44,450] Trial 18 failed with parameters: {'model_name': 'GAIN', 'batch_size': 89, 'hint_rate': 0.1811918673632776, 'alpha': 81, 'iterations': 39} because of the following error: TypeError("SimpleImputer.__init__() got an unexpected keyword argument 'batch_size'").
Traceback (most recent call last):
  File "/home/ketrong/miniconda3/envs/tpot2devenv/lib/python3.10/site-packages/optuna/study/_optimize.py", line 200, in _run_trial
    value_or_values = func(trial)
  File "/common/ketrong/AutoImputeExp/tpot2_imputetest/Impute_Experiments/autoimpute.py", line 57, in obj
    my_model = autoutils.MyModel(random_state = self.random_state, **my_params)
  File "/common/ketrong/AutoImputeExp/tpot2_imputetest/Impute_Experiments/autoutils.py", line 34, in MyModel
    this_model = SimpleImputer(
TypeError: SimpleImputer.__init__() got an unexpected keyword argument 'batch_size'                                                                                   
Best trial: 2. Best value: 6.35527:   0%|          | 1/200 [00:02<07:32,  2.27s/it]                                                                                   Best trial: 2. Best value: 6.35527:   0%|          | 1/200 [00:02<07:32,  2.27s/it][W 2023-11-22 20:07:44,454] Trial 18 failed with value None.
                                                                                   [W 2023-11-22 20:07:44,785] Trial 24 failed with parameters: {'model_name': 'GAIN', 'batch_size': 22, 'hint_rate': 0.03532905721903131, 'alpha': 46, 'iterations': 1811} because of the following error: TypeError("SimpleImputer.__init__() got an unexpected keyword argument 'batch_size'").
Traceback (most recent call last):
  File "/home/ketrong/miniconda3/envs/tpot2devenv/lib/python3.10/site-packages/optuna/study/_optimize.py", line 200, in _run_trial
    value_or_values = func(trial)
  File "/common/ketrong/AutoImputeExp/tpot2_imputetest/Impute_Experiments/autoimpute.py", line 57, in obj
    my_model = autoutils.MyModel(random_state = self.random_state, **my_params)
  File "/common/ketrong/AutoImputeExp/tpot2_imputetest/Impute_Experiments/autoutils.py", line 34, in MyModel
    this_model = SimpleImputer(
TypeError: SimpleImputer.__init__() got an unexpected keyword argument 'batch_size'
Best trial: 2. Best value: 6.35527:   0%|          | 1/200 [00:03<07:32,  2.27s/it]                                                                                   [W 2023-11-22 20:07:44,788] Trial 24 failed with value None.
Best trial: 2. Best value: 6.35527:   0%|          | 1/200 [00:03<07:32,  2.27s/it][W 2023-11-22 20:07:44,796] Trial 17 failed with parameters: {'model_name': 'IterativeImputer', 'estimator': 'KNN', 'sample_posterior': False, 'initial_strategy': 'constant', 'imputation_order': 'descending'} because of the following error: TypeError("SimpleImputer.__init__() got an unexpected keyword argument 'estimator'").
Traceback (most recent call last):
  File "/home/ketrong/miniconda3/envs/tpot2devenv/lib/python3.10/site-packages/optuna/study/_optimize.py", line 200, in _run_trial
    value_or_values = func(trial)
  File "/common/ketrong/AutoImputeExp/tpot2_imputetest/Impute_Experiments/autoimpute.py", line 57, in obj
    my_model = autoutils.MyModel(random_state = self.random_state, **my_params)
  File "/common/ketrong/AutoImputeExp/tpot2_imputetest/Impute_Experiments/autoutils.py", line 34, in MyModel
    this_model = SimpleImputer(
TypeError: SimpleImputer.__init__() got an unexpected keyword argument 'estimator'
                                                                                   Best trial: 2. Best value: 6.35527:   0%|          | 1/200 [00:03<07:32,  2.27s/it]                                                                                   [W 2023-11-22 20:07:45,048] Trial 17 failed with value None.
Best trial: 2. Best value: 6.35527:   0%|          | 1/200 [00:03<07:32,  2.27s/it][W 2023-11-22 20:07:45,041] Trial 27 failed with parameters: {'model_name': 'GAIN', 'batch_size': 76, 'hint_rate': 0.0029448228221921817, 'alpha': 57, 'iterations': 3923} because of the following error: TypeError("SimpleImputer.__init__() got an unexpected keyword argument 'batch_size'").
Traceback (most recent call last):
  File "/home/ketrong/miniconda3/envs/tpot2devenv/lib/python3.10/site-packages/optuna/study/_optimize.py", line 200, in _run_trial
    value_or_values = func(trial)
  File "/common/ketrong/AutoImputeExp/tpot2_imputetest/Impute_Experiments/autoimpute.py", line 57, in obj
    my_model = autoutils.MyModel(random_state = self.random_state, **my_params)
  File "/common/ketrong/AutoImputeExp/tpot2_imputetest/Impute_Experiments/autoutils.py", line 34, in MyModel
    this_model = SimpleImputer(
TypeError: SimpleImputer.__init__() got an unexpected keyword argument 'batch_size'
                                                                                   Best trial: 2. Best value: 6.35527:   0%|          | 1/200 [00:03<07:32,  2.27s/it]                                                                                   [W 2023-11-22 20:07:45,292] Trial 27 failed with value None.
Best trial: 2. Best value: 6.35527:   0%|          | 1/200 [00:03<07:32,  2.27s/it][I 2023-11-22 20:07:45,040] Trial 13 finished with value: 6.355266859387969 and parameters: {'model_name': 'SimpleImputer', 'strategy': 'constant'}. Best is trial 2 with value: 6.355266859387969.
                                                                                   Best trial: 2. Best value: 6.35527:   0%|          | 1/200 [00:03<07:32,  2.27s/it]Best trial: 2. Best value: 6.35527:   0%|          | 1/200 [00:04<07:32,  2.27s/it]Best trial: 2. Best value: 6.35527:   1%|          | 2/200 [00:04<06:51,  2.08s/it]                                                                                   [W 2023-11-22 20:07:45,524] Trial 39 failed with parameters: {'model_name': 'KNNImputer', 'weights': 'uniform', 'keep_empty_features': True} because of the following error: TypeError("SimpleImputer.__init__() got an unexpected keyword argument 'n_neighbors'").
Traceback (most recent call last):
  File "/home/ketrong/miniconda3/envs/tpot2devenv/lib/python3.10/site-packages/optuna/study/_optimize.py", line 200, in _run_trial
    value_or_values = func(trial)
  File "/common/ketrong/AutoImputeExp/tpot2_imputetest/Impute_Experiments/autoimpute.py", line 57, in obj
    my_model = autoutils.MyModel(random_state = self.random_state, **my_params)
  File "/common/ketrong/AutoImputeExp/tpot2_imputetest/Impute_Experiments/autoutils.py", line 34, in MyModel
    this_model = SimpleImputer(
TypeError: SimpleImputer.__init__() got an unexpected keyword argument 'n_neighbors'
Best trial: 2. Best value: 6.35527:   1%|          | 2/200 [00:04<06:51,  2.08s/it]                                                                                   [W 2023-11-22 20:07:45,765] Trial 39 failed with value None.
Best trial: 2. Best value: 6.35527:   1%|          | 2/200 [00:04<06:51,  2.08s/it]                                                                                   [W 2023-11-22 20:07:46,012] Trial 43 failed with parameters: {'model_name': 'KNNImputer', 'weights': 'distance', 'keep_empty_features': True} because of the following error: TypeError("SimpleImputer.__init__() got an unexpected keyword argument 'n_neighbors'").
Traceback (most recent call last):
  File "/home/ketrong/miniconda3/envs/tpot2devenv/lib/python3.10/site-packages/optuna/study/_optimize.py", line 200, in _run_trial
    value_or_values = func(trial)
  File "/common/ketrong/AutoImputeExp/tpot2_imputetest/Impute_Experiments/autoimpute.py", line 57, in obj
    my_model = autoutils.MyModel(random_state = self.random_state, **my_params)
  File "/common/ketrong/AutoImputeExp/tpot2_imputetest/Impute_Experiments/autoutils.py", line 34, in MyModel
    this_model = SimpleImputer(
TypeError: SimpleImputer.__init__() got an unexpected keyword argument 'n_neighbors'
Best trial: 2. Best value: 6.35527:   1%|          | 2/200 [00:04<06:51,  2.08s/it]                                                                                   [W 2023-11-22 20:07:46,020] Trial 43 failed with value None.
Best trial: 2. Best value: 6.35527:   1%|          | 2/200 [00:04<06:51,  2.08s/it][W 2023-11-22 20:07:46,264] Trial 20 failed with parameters: {'model_name': 'GAIN', 'batch_size': 1, 'hint_rate': 0.02849080889560762, 'alpha': 9, 'iterations': 11} because of the following error: TypeError("SimpleImputer.__init__() got an unexpected keyword argument 'batch_size'").
Traceback (most recent call last):
  File "/home/ketrong/miniconda3/envs/tpot2devenv/lib/python3.10/site-packages/optuna/study/_optimize.py", line 200, in _run_trial
    value_or_values = func(trial)
  File "/common/ketrong/AutoImputeExp/tpot2_imputetest/Impute_Experiments/autoimpute.py", line 57, in obj
    my_model = autoutils.MyModel(random_state = self.random_state, **my_params)
  File "/common/ketrong/AutoImputeExp/tpot2_imputetest/Impute_Experiments/autoutils.py", line 34, in MyModel
    this_model = SimpleImputer(
TypeError: SimpleImputer.__init__() got an unexpected keyword argument 'batch_size'
                                                                                   Best trial: 2. Best value: 6.35527:   1%|          | 2/200 [00:04<06:51,  2.08s/it]                                                                                   [W 2023-11-22 20:07:46,265] Trial 20 failed with value None.
Best trial: 2. Best value: 6.35527:   1%|          | 2/200 [00:04<06:51,  2.08s/it][W 2023-11-22 20:07:46,522] Trial 32 failed with parameters: {'model_name': 'KNNImputer', 'weights': 'distance', 'keep_empty_features': False} because of the following error: TypeError("SimpleImputer.__init__() got an unexpected keyword argument 'n_neighbors'").
Traceback (most recent call last):
  File "/home/ketrong/miniconda3/envs/tpot2devenv/lib/python3.10/site-packages/optuna/study/_optimize.py", line 200, in _run_trial
    value_or_values = func(trial)
  File "/common/ketrong/AutoImputeExp/tpot2_imputetest/Impute_Experiments/autoimpute.py", line 57, in obj
    my_model = autoutils.MyModel(random_state = self.random_state, **my_params)
  File "/common/ketrong/AutoImputeExp/tpot2_imputetest/Impute_Experiments/autoutils.py", line 34, in MyModel
    this_model = SimpleImputer(
TypeError: SimpleImputer.__init__() got an unexpected keyword argument 'n_neighbors'
                                                                                   Best trial: 2. Best value: 6.35527:   1%|          | 2/200 [00:04<06:51,  2.08s/it]                                                                                   [W 2023-11-22 20:07:46,522] Trial 32 failed with value None.
Best trial: 2. Best value: 6.35527:   1%|          | 2/200 [00:04<06:51,  2.08s/it][W 2023-11-22 20:07:46,760] Trial 45 failed with parameters: {'model_name': 'GAIN', 'batch_size': 718, 'hint_rate': 0.0073533713681230095, 'alpha': 75, 'iterations': 2286} because of the following error: TypeError("SimpleImputer.__init__() got an unexpected keyword argument 'batch_size'").
Traceback (most recent call last):
  File "/home/ketrong/miniconda3/envs/tpot2devenv/lib/python3.10/site-packages/optuna/study/_optimize.py", line 200, in _run_trial
    value_or_values = func(trial)
  File "/common/ketrong/AutoImputeExp/tpot2_imputetest/Impute_Experiments/autoimpute.py", line 57, in obj
    my_model = autoutils.MyModel(random_state = self.random_state, **my_params)
  File "/common/ketrong/AutoImputeExp/tpot2_imputetest/Impute_Experiments/autoutils.py", line 34, in MyModel
    this_model = SimpleImputer(
TypeError: SimpleImputer.__init__() got an unexpected keyword argument 'batch_size'
                                                                                   Best trial: 2. Best value: 6.35527:   1%|          | 2/200 [00:05<06:51,  2.08s/it]                                                                                   [W 2023-11-22 20:07:46,760] Trial 45 failed with value None.
Best trial: 2. Best value: 6.35527:   1%|          | 2/200 [00:05<06:51,  2.08s/it][W 2023-11-22 20:07:46,993] Trial 33 failed with parameters: {'model_name': 'KNNImputer', 'weights': 'distance', 'keep_empty_features': True} because of the following error: TypeError("SimpleImputer.__init__() got an unexpected keyword argument 'n_neighbors'").
Traceback (most recent call last):
  File "/home/ketrong/miniconda3/envs/tpot2devenv/lib/python3.10/site-packages/optuna/study/_optimize.py", line 200, in _run_trial
    value_or_values = func(trial)
  File "/common/ketrong/AutoImputeExp/tpot2_imputetest/Impute_Experiments/autoimpute.py", line 57, in obj
    my_model = autoutils.MyModel(random_state = self.random_state, **my_params)
  File "/common/ketrong/AutoImputeExp/tpot2_imputetest/Impute_Experiments/autoutils.py", line 34, in MyModel
    this_model = SimpleImputer(
TypeError: SimpleImputer.__init__() got an unexpected keyword argument 'n_neighbors'
                                                                                   [W 2023-11-22 20:07:46,994] Trial 33 failed with value None.
Best trial: 2. Best value: 6.35527:   1%|          | 2/200 [00:05<06:51,  2.08s/it]                                                                                   Best trial: 2. Best value: 6.35527:   1%|          | 2/200 [00:05<06:51,  2.08s/it][W 2023-11-22 20:07:47,221] Trial 21 failed with parameters: {'model_name': 'IterativeImputer', 'estimator': 'RFR', 'sample_posterior': True, 'initial_strategy': 'most_frequent', 'imputation_order': 'random'} because of the following error: TypeError("SimpleImputer.__init__() got an unexpected keyword argument 'estimator'").
Traceback (most recent call last):
  File "/home/ketrong/miniconda3/envs/tpot2devenv/lib/python3.10/site-packages/optuna/study/_optimize.py", line 200, in _run_trial
    value_or_values = func(trial)
  File "/common/ketrong/AutoImputeExp/tpot2_imputetest/Impute_Experiments/autoimpute.py", line 57, in obj
    my_model = autoutils.MyModel(random_state = self.random_state, **my_params)
  File "/common/ketrong/AutoImputeExp/tpot2_imputetest/Impute_Experiments/autoutils.py", line 34, in MyModel
    this_model = SimpleImputer(
TypeError: SimpleImputer.__init__() got an unexpected keyword argument 'estimator'
                                                                                   Best trial: 2. Best value: 6.35527:   1%|          | 2/200 [00:05<06:51,  2.08s/it]                                                                                   [W 2023-11-22 20:07:47,221] Trial 21 failed with value None.
Best trial: 2. Best value: 6.35527:   1%|          | 2/200 [00:05<06:51,  2.08s/it][I 2023-11-22 20:07:47,484] Trial 9 finished with value: 2.2541516812483846 and parameters: {'model_name': 'SimpleImputer', 'strategy': 'mean'}. Best is trial 9 with value: 2.2541516812483846.
                                                                                   Best trial: 2. Best value: 6.35527:   1%|          | 2/200 [00:05<06:51,  2.08s/it]Best trial: 9. Best value: 2.25415:   1%|          | 2/200 [00:06<06:51,  2.08s/it]Best trial: 9. Best value: 2.25415:   2%|         | 3/200 [00:06<06:39,  2.03s/it][W 2023-11-22 20:07:47,726] Trial 37 failed with parameters: {'model_name': 'IterativeImputer', 'estimator': 'RFR', 'sample_posterior': True, 'initial_strategy': 'constant', 'imputation_order': 'arabic'} because of the following error: TypeError("SimpleImputer.__init__() got an unexpected keyword argument 'estimator'").
Traceback (most recent call last):
  File "/home/ketrong/miniconda3/envs/tpot2devenv/lib/python3.10/site-packages/optuna/study/_optimize.py", line 200, in _run_trial
    value_or_values = func(trial)
  File "/common/ketrong/AutoImputeExp/tpot2_imputetest/Impute_Experiments/autoimpute.py", line 57, in obj
    my_model = autoutils.MyModel(random_state = self.random_state, **my_params)
  File "/common/ketrong/AutoImputeExp/tpot2_imputetest/Impute_Experiments/autoutils.py", line 34, in MyModel
    this_model = SimpleImputer(
TypeError: SimpleImputer.__init__() got an unexpected keyword argument 'estimator'
                                                                                   Best trial: 9. Best value: 2.25415:   2%|         | 3/200 [00:06<06:39,  2.03s/it][W 2023-11-22 20:07:47,733] Trial 37 failed with value None.
                                                                                   Best trial: 9. Best value: 2.25415:   2%|         | 3/200 [00:06<06:39,  2.03s/it][I 2023-11-22 20:07:47,729] Trial 16 finished with value: 2.2541516812483846 and parameters: {'model_name': 'SimpleImputer', 'strategy': 'mean'}. Best is trial 9 with value: 2.2541516812483846.
                                                                                   Best trial: 9. Best value: 2.25415:   2%|         | 3/200 [00:06<06:39,  2.03s/it]Best trial: 9. Best value: 2.25415:   2%|         | 3/200 [00:06<06:39,  2.03s/it]Best trial: 9. Best value: 2.25415:   2%|         | 4/200 [00:06<04:37,  1.42s/it][W 2023-11-22 20:07:48,246] Trial 44 failed with parameters: {'model_name': 'IterativeImputer', 'estimator': 'KNN', 'sample_posterior': True, 'initial_strategy': 'constant', 'imputation_order': 'arabic'} because of the following error: TypeError("SimpleImputer.__init__() got an unexpected keyword argument 'estimator'").
Traceback (most recent call last):
  File "/home/ketrong/miniconda3/envs/tpot2devenv/lib/python3.10/site-packages/optuna/study/_optimize.py", line 200, in _run_trial
    value_or_values = func(trial)
  File "/common/ketrong/AutoImputeExp/tpot2_imputetest/Impute_Experiments/autoimpute.py", line 57, in obj
    my_model = autoutils.MyModel(random_state = self.random_state, **my_params)
  File "/common/ketrong/AutoImputeExp/tpot2_imputetest/Impute_Experiments/autoutils.py", line 34, in MyModel
    this_model = SimpleImputer(
TypeError: SimpleImputer.__init__() got an unexpected keyword argument 'estimator'                                                                                   
Best trial: 9. Best value: 2.25415:   2%|         | 4/200 [00:06<04:37,  1.42s/it]                                                                                   [W 2023-11-22 20:07:48,248] Trial 44 failed with value None.
Best trial: 9. Best value: 2.25415:   2%|         | 4/200 [00:06<04:37,  1.42s/it][W 2023-11-22 20:07:48,248] Trial 34 failed with parameters: {'model_name': 'IterativeImputer', 'estimator': 'Ridge', 'sample_posterior': False, 'initial_strategy': 'most_frequent', 'imputation_order': 'descending'} because of the following error: TypeError("SimpleImputer.__init__() got an unexpected keyword argument 'estimator'").
Traceback (most recent call last):
  File "/home/ketrong/miniconda3/envs/tpot2devenv/lib/python3.10/site-packages/optuna/study/_optimize.py", line 200, in _run_trial
    value_or_values = func(trial)
  File "/common/ketrong/AutoImputeExp/tpot2_imputetest/Impute_Experiments/autoimpute.py", line 57, in obj
    my_model = autoutils.MyModel(random_state = self.random_state, **my_params)
  File "/common/ketrong/AutoImputeExp/tpot2_imputetest/Impute_Experiments/autoutils.py", line 34, in MyModel
    this_model = SimpleImputer(
TypeError: SimpleImputer.__init__() got an unexpected keyword argument 'estimator'
                                                                                   Best trial: 9. Best value: 2.25415:   2%|         | 4/200 [00:06<04:37,  1.42s/it]                                                                                   [W 2023-11-22 20:07:48,490] Trial 34 failed with value None.
Best trial: 9. Best value: 2.25415:   2%|         | 4/200 [00:06<04:37,  1.42s/it]                                                                                   [I 2023-11-22 20:07:48,734] Trial 22 finished with value: 6.355266859387969 and parameters: {'model_name': 'SimpleImputer', 'strategy': 'constant'}. Best is trial 9 with value: 2.2541516812483846.
Best trial: 9. Best value: 2.25415:   2%|         | 4/200 [00:07<04:37,  1.42s/it]Best trial: 9. Best value: 2.25415:   2%|         | 4/200 [00:07<04:37,  1.42s/it]Best trial: 9. Best value: 2.25415:   2%|         | 5/200 [00:07<03:50,  1.18s/it][W 2023-11-22 20:07:48,970] Trial 38 failed with parameters: {'model_name': 'GAIN', 'batch_size': 17, 'hint_rate': 0.0150679550515051, 'alpha': 40, 'iterations': 1} because of the following error: TypeError("SimpleImputer.__init__() got an unexpected keyword argument 'batch_size'").
Traceback (most recent call last):
  File "/home/ketrong/miniconda3/envs/tpot2devenv/lib/python3.10/site-packages/optuna/study/_optimize.py", line 200, in _run_trial
    value_or_values = func(trial)
  File "/common/ketrong/AutoImputeExp/tpot2_imputetest/Impute_Experiments/autoimpute.py", line 57, in obj
    my_model = autoutils.MyModel(random_state = self.random_state, **my_params)
  File "/common/ketrong/AutoImputeExp/tpot2_imputetest/Impute_Experiments/autoutils.py", line 34, in MyModel
    this_model = SimpleImputer(
TypeError: SimpleImputer.__init__() got an unexpected keyword argument 'batch_size'                                                                                   
Best trial: 9. Best value: 2.25415:   2%|         | 5/200 [00:07<03:50,  1.18s/it]                                                                                   [W 2023-11-22 20:07:48,985] Trial 38 failed with value None.
Best trial: 9. Best value: 2.25415:   2%|         | 5/200 [00:07<03:50,  1.18s/it][W 2023-11-22 20:07:48,972] Trial 40 failed with parameters: {'model_name': 'IterativeImputer', 'estimator': 'Bayesian', 'sample_posterior': True, 'initial_strategy': 'constant', 'imputation_order': 'random'} because of the following error: TypeError("SimpleImputer.__init__() got an unexpected keyword argument 'estimator'").
Traceback (most recent call last):
  File "/home/ketrong/miniconda3/envs/tpot2devenv/lib/python3.10/site-packages/optuna/study/_optimize.py", line 200, in _run_trial
    value_or_values = func(trial)
  File "/common/ketrong/AutoImputeExp/tpot2_imputetest/Impute_Experiments/autoimpute.py", line 57, in obj
    my_model = autoutils.MyModel(random_state = self.random_state, **my_params)
  File "/common/ketrong/AutoImputeExp/tpot2_imputetest/Impute_Experiments/autoutils.py", line 34, in MyModel
    this_model = SimpleImputer(
TypeError: SimpleImputer.__init__() got an unexpected keyword argument 'estimator'
                                                                                   Best trial: 9. Best value: 2.25415:   2%|         | 5/200 [00:07<03:50,  1.18s/it]                                                                                   [W 2023-11-22 20:07:49,219] Trial 40 failed with value None.
Best trial: 9. Best value: 2.25415:   2%|         | 5/200 [00:07<03:50,  1.18s/it][W 2023-11-22 20:07:49,452] Trial 31 failed with parameters: {'model_name': 'IterativeImputer', 'estimator': 'KNN', 'sample_posterior': False, 'initial_strategy': 'most_frequent', 'imputation_order': 'roman'} because of the following error: TypeError("SimpleImputer.__init__() got an unexpected keyword argument 'estimator'").
Traceback (most recent call last):
  File "/home/ketrong/miniconda3/envs/tpot2devenv/lib/python3.10/site-packages/optuna/study/_optimize.py", line 200, in _run_trial
    value_or_values = func(trial)
  File "/common/ketrong/AutoImputeExp/tpot2_imputetest/Impute_Experiments/autoimpute.py", line 57, in obj
    my_model = autoutils.MyModel(random_state = self.random_state, **my_params)
  File "/common/ketrong/AutoImputeExp/tpot2_imputetest/Impute_Experiments/autoutils.py", line 34, in MyModel
    this_model = SimpleImputer(
TypeError: SimpleImputer.__init__() got an unexpected keyword argument 'estimator'
                                                                                   Best trial: 9. Best value: 2.25415:   2%|         | 5/200 [00:07<03:50,  1.18s/it]                                                                                   [W 2023-11-22 20:07:49,453] Trial 31 failed with value None.
Best trial: 9. Best value: 2.25415:   2%|         | 5/200 [00:07<03:50,  1.18s/it][W 2023-11-22 20:07:49,700] Trial 35 failed with parameters: {'model_name': 'GAIN', 'batch_size': 4, 'hint_rate': 0.008657638583913014, 'alpha': 100, 'iterations': 50} because of the following error: TypeError("SimpleImputer.__init__() got an unexpected keyword argument 'batch_size'").
Traceback (most recent call last):
  File "/home/ketrong/miniconda3/envs/tpot2devenv/lib/python3.10/site-packages/optuna/study/_optimize.py", line 200, in _run_trial
    value_or_values = func(trial)
  File "/common/ketrong/AutoImputeExp/tpot2_imputetest/Impute_Experiments/autoimpute.py", line 57, in obj
    my_model = autoutils.MyModel(random_state = self.random_state, **my_params)
  File "/common/ketrong/AutoImputeExp/tpot2_imputetest/Impute_Experiments/autoutils.py", line 34, in MyModel
    this_model = SimpleImputer(
TypeError: SimpleImputer.__init__() got an unexpected keyword argument 'batch_size'
                                                                                   Best trial: 9. Best value: 2.25415:   2%|         | 5/200 [00:08<03:50,  1.18s/it][W 2023-11-22 20:07:49,701] Trial 35 failed with value None.
                                                                                   Best trial: 9. Best value: 2.25415:   2%|         | 5/200 [00:08<03:50,  1.18s/it][W 2023-11-22 20:07:49,933] Trial 42 failed with parameters: {'model_name': 'IterativeImputer', 'estimator': 'KNN', 'sample_posterior': True, 'initial_strategy': 'mean', 'imputation_order': 'random'} because of the following error: TypeError("SimpleImputer.__init__() got an unexpected keyword argument 'estimator'").
Traceback (most recent call last):
  File "/home/ketrong/miniconda3/envs/tpot2devenv/lib/python3.10/site-packages/optuna/study/_optimize.py", line 200, in _run_trial
    value_or_values = func(trial)
  File "/common/ketrong/AutoImputeExp/tpot2_imputetest/Impute_Experiments/autoimpute.py", line 57, in obj
    my_model = autoutils.MyModel(random_state = self.random_state, **my_params)
  File "/common/ketrong/AutoImputeExp/tpot2_imputetest/Impute_Experiments/autoutils.py", line 34, in MyModel
    this_model = SimpleImputer(
TypeError: SimpleImputer.__init__() got an unexpected keyword argument 'estimator'
                                                                                   Best trial: 9. Best value: 2.25415:   2%|         | 5/200 [00:08<03:50,  1.18s/it]                                                                                   [W 2023-11-22 20:07:49,934] Trial 42 failed with value None.
Best trial: 9. Best value: 2.25415:   2%|         | 5/200 [00:08<03:50,  1.18s/it][I 2023-11-22 20:07:50,166] Trial 1 finished with value: 2.248900133156805 and parameters: {'model_name': 'SimpleImputer', 'strategy': 'median'}. Best is trial 1 with value: 2.248900133156805.
                                                                                   Best trial: 9. Best value: 2.25415:   2%|         | 5/200 [00:08<03:50,  1.18s/it][W 2023-11-22 20:07:50,339] Trial 25 failed with parameters: {'model_name': 'RandomForestImputer', 'max_iter': 21, 'decreasing': False, 'min_samples_split': 0.8, 'min_samples_leaf': 0.5, 'max_features': 0.1, 'bootstrap': True, 'oob_score': False, 'warm_start': True} because of the following error: TypeError("SimpleImputer.__init__() got an unexpected keyword argument 'max_iter'").
Traceback (most recent call last):
  File "/home/ketrong/miniconda3/envs/tpot2devenv/lib/python3.10/site-packages/optuna/study/_optimize.py", line 200, in _run_trial
    value_or_values = func(trial)
  File "/common/ketrong/AutoImputeExp/tpot2_imputetest/Impute_Experiments/autoimpute.py", line 57, in obj
    my_model = autoutils.MyModel(random_state = self.random_state, **my_params)
  File "/common/ketrong/AutoImputeExp/tpot2_imputetest/Impute_Experiments/autoutils.py", line 34, in MyModel
    this_model = SimpleImputer(
TypeError: SimpleImputer.__init__() got an unexpected keyword argument 'max_iter'
                                                                                   Best trial: 9. Best value: 2.25415:   2%|         | 5/200 [00:08<03:50,  1.18s/it][W 2023-11-22 20:07:50,340] Trial 25 failed with value None.
                                                                                   Best trial: 9. Best value: 2.25415:   2%|         | 5/200 [00:08<03:50,  1.18s/it]                                                                                   [W 2023-11-22 20:07:50,578] Trial 23 failed with parameters: {'model_name': 'RandomForestImputer', 'max_iter': 15, 'decreasing': False, 'min_samples_split': 0.5, 'min_samples_leaf': 0.8, 'max_features': 0.9, 'bootstrap': False, 'oob_score': False, 'warm_start': False} because of the following error: TypeError("SimpleImputer.__init__() got an unexpected keyword argument 'max_iter'").
Traceback (most recent call last):
  File "/home/ketrong/miniconda3/envs/tpot2devenv/lib/python3.10/site-packages/optuna/study/_optimize.py", line 200, in _run_trial
    value_or_values = func(trial)
  File "/common/ketrong/AutoImputeExp/tpot2_imputetest/Impute_Experiments/autoimpute.py", line 57, in obj
    my_model = autoutils.MyModel(random_state = self.random_state, **my_params)
  File "/common/ketrong/AutoImputeExp/tpot2_imputetest/Impute_Experiments/autoutils.py", line 34, in MyModel
    this_model = SimpleImputer(
TypeError: SimpleImputer.__init__() got an unexpected keyword argument 'max_iter'
Best trial: 9. Best value: 2.25415:   2%|         | 5/200 [00:09<03:50,  1.18s/it]                                                                                   [W 2023-11-22 20:07:50,580] Trial 23 failed with value None.
Best trial: 9. Best value: 2.25415:   2%|         | 5/200 [00:09<03:50,  1.18s/it]Best trial: 1. Best value: 2.2489:   2%|         | 5/200 [00:09<03:50,  1.18s/it] Best trial: 1. Best value: 2.2489:   3%|         | 6/200 [00:09<04:32,  1.40s/it][I 2023-11-22 20:07:50,819] Trial 29 finished with value: 6.355266859387969 and parameters: {'model_name': 'SimpleImputer', 'strategy': 'constant'}. Best is trial 1 with value: 2.248900133156805.
                                                                                  Best trial: 1. Best value: 2.2489:   3%|         | 6/200 [00:09<04:32,  1.40s/it]Best trial: 1. Best value: 2.2489:   3%|         | 6/200 [00:09<04:32,  1.40s/it]Best trial: 1. Best value: 2.2489:   4%|         | 7/200 [00:09<03:17,  1.02s/it][W 2023-11-22 20:07:51,049] Trial 12 failed with parameters: {'model_name': 'RandomForestImputer', 'max_iter': 36, 'decreasing': True, 'min_samples_split': 0.8, 'min_samples_leaf': 0.9, 'max_features': 1.0, 'bootstrap': False, 'oob_score': False, 'warm_start': False} because of the following error: TypeError("SimpleImputer.__init__() got an unexpected keyword argument 'max_iter'").
Traceback (most recent call last):
  File "/home/ketrong/miniconda3/envs/tpot2devenv/lib/python3.10/site-packages/optuna/study/_optimize.py", line 200, in _run_trial
    value_or_values = func(trial)
  File "/common/ketrong/AutoImputeExp/tpot2_imputetest/Impute_Experiments/autoimpute.py", line 57, in obj
    my_model = autoutils.MyModel(random_state = self.random_state, **my_params)
  File "/common/ketrong/AutoImputeExp/tpot2_imputetest/Impute_Experiments/autoutils.py", line 34, in MyModel
    this_model = SimpleImputer(
TypeError: SimpleImputer.__init__() got an unexpected keyword argument 'max_iter'                                                                                  
Best trial: 1. Best value: 2.2489:   4%|         | 7/200 [00:09<03:17,  1.02s/it]                                                                                  [W 2023-11-22 20:07:51,050] Trial 12 failed with value None.
Best trial: 1. Best value: 2.2489:   4%|         | 7/200 [00:09<03:17,  1.02s/it][W 2023-11-22 20:07:51,286] Trial 41 failed with parameters: {'model_name': 'RandomForestImputer', 'max_iter': 1, 'decreasing': False, 'min_samples_split': 0.5, 'min_samples_leaf': 0.6000000000000001, 'max_features': 0.4, 'bootstrap': True, 'oob_score': False, 'warm_start': True} because of the following error: TypeError("SimpleImputer.__init__() got an unexpected keyword argument 'max_iter'").
Traceback (most recent call last):
  File "/home/ketrong/miniconda3/envs/tpot2devenv/lib/python3.10/site-packages/optuna/study/_optimize.py", line 200, in _run_trial
    value_or_values = func(trial)
  File "/common/ketrong/AutoImputeExp/tpot2_imputetest/Impute_Experiments/autoimpute.py", line 57, in obj
    my_model = autoutils.MyModel(random_state = self.random_state, **my_params)
  File "/common/ketrong/AutoImputeExp/tpot2_imputetest/Impute_Experiments/autoutils.py", line 34, in MyModel
    this_model = SimpleImputer(
TypeError: SimpleImputer.__init__() got an unexpected keyword argument 'max_iter'
                                                                                  Best trial: 1. Best value: 2.2489:   4%|         | 7/200 [00:09<03:17,  1.02s/it]                                                                                  [W 2023-11-22 20:07:51,286] Trial 41 failed with value None.
Best trial: 1. Best value: 2.2489:   4%|         | 7/200 [00:09<03:17,  1.02s/it][W 2023-11-22 20:07:51,466] Trial 30 failed with parameters: {'model_name': 'RandomForestImputer', 'max_iter': 3, 'decreasing': False, 'min_samples_split': 1.0, 'min_samples_leaf': 0.5, 'max_features': 0.1, 'bootstrap': True, 'oob_score': False, 'warm_start': True} because of the following error: TypeError("SimpleImputer.__init__() got an unexpected keyword argument 'max_iter'").
Traceback (most recent call last):
  File "/home/ketrong/miniconda3/envs/tpot2devenv/lib/python3.10/site-packages/optuna/study/_optimize.py", line 200, in _run_trial
    value_or_values = func(trial)
  File "/common/ketrong/AutoImputeExp/tpot2_imputetest/Impute_Experiments/autoimpute.py", line 57, in obj
    my_model = autoutils.MyModel(random_state = self.random_state, **my_params)
  File "/common/ketrong/AutoImputeExp/tpot2_imputetest/Impute_Experiments/autoutils.py", line 34, in MyModel
    this_model = SimpleImputer(
TypeError: SimpleImputer.__init__() got an unexpected keyword argument 'max_iter'
                                                                                  Best trial: 1. Best value: 2.2489:   4%|         | 7/200 [00:09<03:17,  1.02s/it]                                                                                  Best trial: 1. Best value: 2.2489:   4%|         | 7/200 [00:09<03:17,  1.02s/it][W 2023-11-22 20:07:51,466] Trial 30 failed with value None.
[W 2023-11-22 20:07:51,710] Trial 36 failed with parameters: {'model_name': 'RandomForestImputer', 'max_iter': 53, 'decreasing': True, 'min_samples_split': 0.8, 'min_samples_leaf': 0.9, 'max_features': 0.2, 'bootstrap': True, 'oob_score': False, 'warm_start': False} because of the following error: TypeError("SimpleImputer.__init__() got an unexpected keyword argument 'max_iter'").
Traceback (most recent call last):
  File "/home/ketrong/miniconda3/envs/tpot2devenv/lib/python3.10/site-packages/optuna/study/_optimize.py", line 200, in _run_trial
    value_or_values = func(trial)
  File "/common/ketrong/AutoImputeExp/tpot2_imputetest/Impute_Experiments/autoimpute.py", line 57, in obj
    my_model = autoutils.MyModel(random_state = self.random_state, **my_params)
  File "/common/ketrong/AutoImputeExp/tpot2_imputetest/Impute_Experiments/autoutils.py", line 34, in MyModel
    this_model = SimpleImputer(
TypeError: SimpleImputer.__init__() got an unexpected keyword argument 'max_iter'
[W 2023-11-22 20:07:51,711] Trial 36 failed with value None.
                                                                                  Best trial: 1. Best value: 2.2489:   4%|         | 7/200 [00:10<03:17,  1.02s/it]                                                                                  Best trial: 1. Best value: 2.2489:   4%|         | 7/200 [00:10<03:17,  1.02s/it][W 2023-11-22 20:07:51,941] Trial 28 failed with parameters: {'model_name': 'RandomForestImputer', 'max_iter': 13, 'decreasing': False, 'min_samples_split': 0.0, 'min_samples_leaf': 0.30000000000000004, 'max_features': 0.8, 'bootstrap': True, 'oob_score': True, 'warm_start': True} because of the following error: TypeError("SimpleImputer.__init__() got an unexpected keyword argument 'max_iter'").
Traceback (most recent call last):
  File "/home/ketrong/miniconda3/envs/tpot2devenv/lib/python3.10/site-packages/optuna/study/_optimize.py", line 200, in _run_trial
    value_or_values = func(trial)
  File "/common/ketrong/AutoImputeExp/tpot2_imputetest/Impute_Experiments/autoimpute.py", line 57, in obj
    my_model = autoutils.MyModel(random_state = self.random_state, **my_params)
  File "/common/ketrong/AutoImputeExp/tpot2_imputetest/Impute_Experiments/autoutils.py", line 34, in MyModel
    this_model = SimpleImputer(
TypeError: SimpleImputer.__init__() got an unexpected keyword argument 'max_iter'                                                                                  
Best trial: 1. Best value: 2.2489:   4%|         | 7/200 [00:10<03:17,  1.02s/it]                                                                                  [W 2023-11-22 20:07:51,944] Trial 28 failed with value None.
Best trial: 1. Best value: 2.2489:   4%|         | 7/200 [00:10<03:17,  1.02s/it]                                                                                  [W 2023-11-22 20:07:52,174] Trial 46 failed with parameters: {'model_name': 'RandomForestImputer', 'max_iter': 6, 'decreasing': True, 'min_samples_split': 0.5, 'min_samples_leaf': 0.4, 'max_features': 0.9, 'bootstrap': True, 'oob_score': False, 'warm_start': False} because of the following error: TypeError("SimpleImputer.__init__() got an unexpected keyword argument 'max_iter'").
Traceback (most recent call last):
  File "/home/ketrong/miniconda3/envs/tpot2devenv/lib/python3.10/site-packages/optuna/study/_optimize.py", line 200, in _run_trial
    value_or_values = func(trial)
  File "/common/ketrong/AutoImputeExp/tpot2_imputetest/Impute_Experiments/autoimpute.py", line 57, in obj
    my_model = autoutils.MyModel(random_state = self.random_state, **my_params)
  File "/common/ketrong/AutoImputeExp/tpot2_imputetest/Impute_Experiments/autoutils.py", line 34, in MyModel
    this_model = SimpleImputer(
TypeError: SimpleImputer.__init__() got an unexpected keyword argument 'max_iter'
Best trial: 1. Best value: 2.2489:   4%|         | 7/200 [00:10<03:17,  1.02s/it]                                                                                  [W 2023-11-22 20:07:52,175] Trial 46 failed with value None.
Best trial: 1. Best value: 2.2489:   4%|         | 7/200 [00:10<03:17,  1.02s/it][I 2023-11-22 20:07:52,487] Trial 47 finished with value: 6.355266859387969 and parameters: {'model_name': 'SimpleImputer', 'strategy': 'constant'}. Best is trial 1 with value: 2.248900133156805.
                                                                                  Best trial: 1. Best value: 2.2489:   4%|         | 7/200 [00:10<03:17,  1.02s/it]Best trial: 1. Best value: 2.2489:   4%|         | 7/200 [00:11<03:17,  1.02s/it]Best trial: 1. Best value: 2.2489:   4%|         | 8/200 [00:11<03:52,  1.21s/it][I 2023-11-22 20:07:52,727] Trial 19 finished with value: 2.248900133156805 and parameters: {'model_name': 'SimpleImputer', 'strategy': 'median'}. Best is trial 1 with value: 2.248900133156805.
                                                                                  Best trial: 1. Best value: 2.2489:   4%|         | 8/200 [00:11<03:52,  1.21s/it]Best trial: 1. Best value: 2.2489:   4%|         | 8/200 [00:11<03:52,  1.21s/it]Best trial: 1. Best value: 2.2489:   4%|         | 9/200 [00:11<02:52,  1.10it/s][I 2023-11-22 20:07:52,954] Trial 7 finished with value: 2.2226676739509275 and parameters: {'model_name': 'SimpleImputer', 'strategy': 'most_frequent'}. Best is trial 7 with value: 2.2226676739509275.
                                                                                  Best trial: 1. Best value: 2.2489:   4%|         | 9/200 [00:11<02:52,  1.10it/s]Best trial: 7. Best value: 2.22267:   4%|         | 9/200 [00:11<02:52,  1.10it/s]Best trial: 7. Best value: 2.22267:   5%|         | 10/200 [00:11<02:17,  1.38it/s]                                                                                    [I 2023-11-22 20:07:53,252] Trial 15 finished with value: 2.2226676739509275 and parameters: {'model_name': 'SimpleImputer', 'strategy': 'most_frequent'}. Best is trial 7 with value: 2.2226676739509275.
Best trial: 7. Best value: 2.22267:   5%|         | 10/200 [00:11<02:17,  1.38it/s]Best trial: 7. Best value: 2.22267:   5%|         | 10/200 [00:11<02:17,  1.38it/s]Best trial: 7. Best value: 2.22267:   6%|         | 11/200 [00:11<01:47,  1.76it/s][I 2023-11-22 20:07:53,441] Trial 26 finished with value: 2.2226676739509275 and parameters: {'model_name': 'SimpleImputer', 'strategy': 'most_frequent'}. Best is trial 7 with value: 2.2226676739509275.
                                                                                    Best trial: 7. Best value: 2.22267:   6%|         | 11/200 [00:11<01:47,  1.76it/s]Best trial: 7. Best value: 2.22267:   6%|         | 11/200 [00:12<01:47,  1.76it/s]Best trial: 7. Best value: 2.22267:   6%|         | 12/200 [00:12<01:28,  2.12it/s]Best trial: 7. Best value: 2.22267:   6%|         | 12/200 [00:12<03:10,  1.01s/it]
failed on 
tpot2_imputetest/Impute_Experiments/logs//tpot2_base_imputation_6_0.1_MAR_3
SimpleImputer.__init__() got an unexpected keyword argument 'n_neighbors'
Traceback (most recent call last):
  File "/common/ketrong/AutoImputeExp/tpot2_imputetest/Impute_Experiments/utils.py", line 178, in loop_through_tasks
    AutoImputeSpace.fit(X_train_pandas)
  File "/common/ketrong/AutoImputeExp/tpot2_imputetest/Impute_Experiments/autoimpute.py", line 60, in fit
    self.study.optimize(obj, n_trials=self.n_trials, n_jobs=self.n_jobs, show_progress_bar=self.show_progress, gc_after_trial=self.garbage_collect)
  File "/home/ketrong/miniconda3/envs/tpot2devenv/lib/python3.10/site-packages/optuna/study/study.py", line 451, in optimize
    _optimize(
  File "/home/ketrong/miniconda3/envs/tpot2devenv/lib/python3.10/site-packages/optuna/study/_optimize.py", line 103, in _optimize
    f.result()
  File "/home/ketrong/miniconda3/envs/tpot2devenv/lib/python3.10/concurrent/futures/_base.py", line 451, in result
    return self.__get_result()
  File "/home/ketrong/miniconda3/envs/tpot2devenv/lib/python3.10/concurrent/futures/_base.py", line 403, in __get_result
    raise self._exception
  File "/home/ketrong/miniconda3/envs/tpot2devenv/lib/python3.10/concurrent/futures/thread.py", line 58, in run
    result = self.fn(*self.args, **self.kwargs)
  File "/home/ketrong/miniconda3/envs/tpot2devenv/lib/python3.10/site-packages/optuna/study/_optimize.py", line 163, in _optimize_sequential
    frozen_trial = _run_trial(study, func, catch)
  File "/home/ketrong/miniconda3/envs/tpot2devenv/lib/python3.10/site-packages/optuna/study/_optimize.py", line 251, in _run_trial
    raise func_err
  File "/home/ketrong/miniconda3/envs/tpot2devenv/lib/python3.10/site-packages/optuna/study/_optimize.py", line 200, in _run_trial
    value_or_values = func(trial)
  File "/common/ketrong/AutoImputeExp/tpot2_imputetest/Impute_Experiments/autoimpute.py", line 57, in obj
    my_model = autoutils.MyModel(random_state = self.random_state, **my_params)
  File "/common/ketrong/AutoImputeExp/tpot2_imputetest/Impute_Experiments/autoutils.py", line 34, in MyModel
    this_model = SimpleImputer(
TypeError: SimpleImputer.__init__() got an unexpected keyword argument 'n_neighbors'

DONE
