/cm/local/apps/slurm/var/spool/job403209/slurm_script: line 19: /common/ketrong/minconda3/etc/profile.d/conda.sh: No such file or directory
/cm/local/apps/slurm/var/spool/job403209/slurm_script: line 22: $'\nconda create --name tpot2devenv -c conda-forge python=3.10\n': command not found
/cm/local/apps/slurm/var/spool/job403209/slurm_script: line 27: $'\npip install -r requirements.txt\n': command not found
RunStart
2023-11-21 16:33:18.153573: I tensorflow/core/util/port.cc:113] oneDNN custom operations are on. You may see slightly different numerical results due to floating-point round-off errors from different computation orders. To turn them off, set the environment variable `TF_ENABLE_ONEDNN_OPTS=0`.
2023-11-21 16:33:18.189147: E external/local_xla/xla/stream_executor/cuda/cuda_dnn.cc:9261] Unable to register cuDNN factory: Attempting to register factory for plugin cuDNN when one has already been registered
2023-11-21 16:33:18.189171: E external/local_xla/xla/stream_executor/cuda/cuda_fft.cc:607] Unable to register cuFFT factory: Attempting to register factory for plugin cuFFT when one has already been registered
2023-11-21 16:33:18.190112: E external/local_xla/xla/stream_executor/cuda/cuda_blas.cc:1515] Unable to register cuBLAS factory: Attempting to register factory for plugin cuBLAS when one has already been registered
2023-11-21 16:33:18.195558: I tensorflow/core/platform/cpu_feature_guard.cc:182] This TensorFlow binary is optimized to use available CPU instructions in performance-critical operations.
To enable the following instructions: AVX2 AVX512F AVX512_VNNI FMA, in other operations, rebuild TensorFlow with the appropriate compiler flags.
2023-11-21 16:33:21.056019: W tensorflow/compiler/tf2tensorrt/utils/py_utils.cc:38] TF-TRT Warning: Could not find TensorRT
WARNING:tensorflow:From /home/ketrong/miniconda3/envs/tpot2devenv/lib/python3.10/site-packages/tensorflow/python/compat/v2_compat.py:108: disable_resource_variables (from tensorflow.python.ops.variable_scope) is deprecated and will be removed in a future version.
Instructions for updating:
non-resource variables are not supported in the long term
working on 
tpot2_imputetest/Impute_Experiments/logs//tpot2_base_imputation_6_0.5_MAR_2
loading data
tpot2_imputetest/Impute_Experiments/data/6_True.pkl
running experiment 1/3 - Does large hyperparameter space improve reconstruction accuracy over simple
[I 2023-11-21 16:36:48,766] A new study created in memory with name: no-name-22aacbfb-b2b3-4a79-8c5f-2c3adde5bf17
[I 2023-11-21 16:36:50,311] Trial 7 finished with value: 6.9361320699602995 and parameters: {'model_name': 'SimpleImputer', 'strategy': 'constant'}. Best is trial 7 with value: 6.9361320699602995.
[I 2023-11-21 16:36:50,681] Trial 5 finished with value: 6.9361320699602995 and parameters: {'model_name': 'SimpleImputer', 'strategy': 'constant'}. Best is trial 7 with value: 6.9361320699602995.
[I 2023-11-21 16:36:50,971] Trial 19 finished with value: 6.9361320699602995 and parameters: {'model_name': 'SimpleImputer', 'strategy': 'constant'}. Best is trial 7 with value: 6.9361320699602995.
[I 2023-11-21 16:36:51,319] Trial 9 finished with value: 6.9361320699602995 and parameters: {'model_name': 'SimpleImputer', 'strategy': 'constant'}. Best is trial 7 with value: 6.9361320699602995.
[I 2023-11-21 16:36:51,583] Trial 16 finished with value: 6.9361320699602995 and parameters: {'model_name': 'SimpleImputer', 'strategy': 'constant'}. Best is trial 7 with value: 6.9361320699602995.
[I 2023-11-21 16:36:51,803] Trial 14 finished with value: 6.9361320699602995 and parameters: {'model_name': 'SimpleImputer', 'strategy': 'constant'}. Best is trial 7 with value: 6.9361320699602995.
[I 2023-11-21 16:36:52,072] Trial 26 finished with value: 6.9361320699602995 and parameters: {'model_name': 'SimpleImputer', 'strategy': 'constant'}. Best is trial 7 with value: 6.9361320699602995.
[I 2023-11-21 16:36:52,304] Trial 4 finished with value: 2.5385000183348367 and parameters: {'model_name': 'SimpleImputer', 'strategy': 'mean'}. Best is trial 4 with value: 2.5385000183348367.
[I 2023-11-21 16:36:52,475] Trial 6 finished with value: 2.5385000183348367 and parameters: {'model_name': 'SimpleImputer', 'strategy': 'mean'}. Best is trial 4 with value: 2.5385000183348367.
[I 2023-11-21 16:36:52,750] Trial 13 finished with value: 6.9361320699602995 and parameters: {'model_name': 'SimpleImputer', 'strategy': 'constant'}. Best is trial 4 with value: 2.5385000183348367.
[I 2023-11-21 16:36:53,065] Trial 8 finished with value: 2.5385000183348367 and parameters: {'model_name': 'SimpleImputer', 'strategy': 'mean'}. Best is trial 4 with value: 2.5385000183348367.
[I 2023-11-21 16:36:53,292] Trial 36 finished with value: 6.9361320699602995 and parameters: {'model_name': 'SimpleImputer', 'strategy': 'constant'}. Best is trial 4 with value: 2.5385000183348367.
[I 2023-11-21 16:36:53,602] Trial 40 finished with value: 6.9361320699602995 and parameters: {'model_name': 'SimpleImputer', 'strategy': 'constant'}. Best is trial 4 with value: 2.5385000183348367.
[I 2023-11-21 16:36:53,898] Trial 24 finished with value: 6.9361320699602995 and parameters: {'model_name': 'SimpleImputer', 'strategy': 'constant'}. Best is trial 4 with value: 2.5385000183348367.
[I 2023-11-21 16:36:54,278] Trial 12 finished with value: 2.5385000183348367 and parameters: {'model_name': 'SimpleImputer', 'strategy': 'mean'}. Best is trial 4 with value: 2.5385000183348367.
[I 2023-11-21 16:36:54,546] Trial 22 finished with value: 6.9361320699602995 and parameters: {'model_name': 'SimpleImputer', 'strategy': 'constant'}. Best is trial 4 with value: 2.5385000183348367.
[I 2023-11-21 16:36:54,899] Trial 30 finished with value: 2.5385000183348367 and parameters: {'model_name': 'SimpleImputer', 'strategy': 'mean'}. Best is trial 4 with value: 2.5385000183348367.
[I 2023-11-21 16:36:55,290] Trial 34 finished with value: 2.5385000183348367 and parameters: {'model_name': 'SimpleImputer', 'strategy': 'mean'}. Best is trial 4 with value: 2.5385000183348367.
[I 2023-11-21 16:36:55,557] Trial 2 finished with value: 2.6268313666171625 and parameters: {'model_name': 'SimpleImputer', 'strategy': 'median'}. Best is trial 4 with value: 2.5385000183348367.
[I 2023-11-21 16:36:55,843] Trial 28 finished with value: 2.5385000183348367 and parameters: {'model_name': 'SimpleImputer', 'strategy': 'mean'}. Best is trial 4 with value: 2.5385000183348367.
[I 2023-11-21 16:36:56,070] Trial 33 finished with value: 2.5385000183348367 and parameters: {'model_name': 'SimpleImputer', 'strategy': 'mean'}. Best is trial 4 with value: 2.5385000183348367.
[I 2023-11-21 16:36:56,344] Trial 0 finished with value: 2.6268313666171625 and parameters: {'model_name': 'SimpleImputer', 'strategy': 'median'}. Best is trial 4 with value: 2.5385000183348367.
[I 2023-11-21 16:36:56,588] Trial 18 finished with value: 2.6268313666171625 and parameters: {'model_name': 'SimpleImputer', 'strategy': 'median'}. Best is trial 4 with value: 2.5385000183348367.
[I 2023-11-21 16:36:56,771] Trial 46 finished with value: 2.5385000183348367 and parameters: {'model_name': 'SimpleImputer', 'strategy': 'mean'}. Best is trial 4 with value: 2.5385000183348367.
[I 2023-11-21 16:36:56,971] Trial 38 finished with value: 2.5385000183348367 and parameters: {'model_name': 'SimpleImputer', 'strategy': 'mean'}. Best is trial 4 with value: 2.5385000183348367.
[I 2023-11-21 16:36:57,355] Trial 15 finished with value: 2.6268313666171625 and parameters: {'model_name': 'SimpleImputer', 'strategy': 'median'}. Best is trial 4 with value: 2.5385000183348367.
[I 2023-11-21 16:36:57,669] Trial 25 finished with value: 2.6268313666171625 and parameters: {'model_name': 'SimpleImputer', 'strategy': 'median'}. Best is trial 4 with value: 2.5385000183348367.
[I 2023-11-21 16:36:57,888] Trial 49 finished with value: 6.9361320699602995 and parameters: {'model_name': 'SimpleImputer', 'strategy': 'constant'}. Best is trial 4 with value: 2.5385000183348367.
[I 2023-11-21 16:36:58,142] Trial 20 finished with value: 2.6268313666171625 and parameters: {'model_name': 'SimpleImputer', 'strategy': 'median'}. Best is trial 4 with value: 2.5385000183348367.
[I 2023-11-21 16:36:58,377] Trial 17 finished with value: 2.6268313666171625 and parameters: {'model_name': 'SimpleImputer', 'strategy': 'median'}. Best is trial 4 with value: 2.5385000183348367.
[I 2023-11-21 16:36:58,613] Trial 55 finished with value: 6.9361320699602995 and parameters: {'model_name': 'SimpleImputer', 'strategy': 'constant'}. Best is trial 4 with value: 2.5385000183348367.
[I 2023-11-21 16:36:58,829] Trial 1 finished with value: 2.6268313666171625 and parameters: {'model_name': 'SimpleImputer', 'strategy': 'median'}. Best is trial 4 with value: 2.5385000183348367.
[I 2023-11-21 16:36:59,136] Trial 54 finished with value: 6.9361320699602995 and parameters: {'model_name': 'SimpleImputer', 'strategy': 'constant'}. Best is trial 4 with value: 2.5385000183348367.
[I 2023-11-21 16:36:59,349] Trial 27 finished with value: 2.6268313666171625 and parameters: {'model_name': 'SimpleImputer', 'strategy': 'median'}. Best is trial 4 with value: 2.5385000183348367.
[I 2023-11-21 16:36:59,508] Trial 31 finished with value: 2.6268313666171625 and parameters: {'model_name': 'SimpleImputer', 'strategy': 'median'}. Best is trial 4 with value: 2.5385000183348367.
[I 2023-11-21 16:36:59,819] Trial 52 finished with value: 2.5385000183348367 and parameters: {'model_name': 'SimpleImputer', 'strategy': 'mean'}. Best is trial 4 with value: 2.5385000183348367.
[I 2023-11-21 16:37:00,042] Trial 44 finished with value: 2.6268313666171625 and parameters: {'model_name': 'SimpleImputer', 'strategy': 'median'}. Best is trial 4 with value: 2.5385000183348367.
[I 2023-11-21 16:37:00,243] Trial 39 finished with value: 2.6268313666171625 and parameters: {'model_name': 'SimpleImputer', 'strategy': 'median'}. Best is trial 4 with value: 2.5385000183348367.
[I 2023-11-21 16:37:00,514] Trial 21 finished with value: 2.6268313666171625 and parameters: {'model_name': 'SimpleImputer', 'strategy': 'median'}. Best is trial 4 with value: 2.5385000183348367.
[I 2023-11-21 16:37:00,801] Trial 32 finished with value: 2.6268313666171625 and parameters: {'model_name': 'SimpleImputer', 'strategy': 'median'}. Best is trial 4 with value: 2.5385000183348367.
[I 2023-11-21 16:37:01,002] Trial 45 finished with value: 2.6268313666171625 and parameters: {'model_name': 'SimpleImputer', 'strategy': 'median'}. Best is trial 4 with value: 2.5385000183348367.
[I 2023-11-21 16:37:01,171] Trial 41 finished with value: 2.6268313666171625 and parameters: {'model_name': 'SimpleImputer', 'strategy': 'median'}. Best is trial 4 with value: 2.5385000183348367.
[I 2023-11-21 16:37:02,070] Trial 59 finished with value: 2.5385000183348367 and parameters: {'model_name': 'SimpleImputer', 'strategy': 'mean'}. Best is trial 4 with value: 2.5385000183348367.
[I 2023-11-21 16:37:02,454] Trial 56 finished with value: 2.5385000183348367 and parameters: {'model_name': 'SimpleImputer', 'strategy': 'mean'}. Best is trial 4 with value: 2.5385000183348367.
[I 2023-11-21 16:37:02,715] Trial 61 finished with value: 2.5385000183348367 and parameters: {'model_name': 'SimpleImputer', 'strategy': 'mean'}. Best is trial 4 with value: 2.5385000183348367.
[I 2023-11-21 16:37:03,120] Trial 58 finished with value: 2.5385000183348367 and parameters: {'model_name': 'SimpleImputer', 'strategy': 'mean'}. Best is trial 4 with value: 2.5385000183348367.
[I 2023-11-21 16:37:03,365] Trial 57 finished with value: 2.5385000183348367 and parameters: {'model_name': 'SimpleImputer', 'strategy': 'mean'}. Best is trial 4 with value: 2.5385000183348367.
[I 2023-11-21 16:37:03,936] Trial 60 finished with value: 2.5385000183348367 and parameters: {'model_name': 'SimpleImputer', 'strategy': 'mean'}. Best is trial 4 with value: 2.5385000183348367.
[I 2023-11-21 16:37:04,575] Trial 51 finished with value: 2.6268313666171625 and parameters: {'model_name': 'SimpleImputer', 'strategy': 'median'}. Best is trial 4 with value: 2.5385000183348367.
[I 2023-11-21 16:37:05,138] Trial 62 finished with value: 2.6268313666171625 and parameters: {'model_name': 'SimpleImputer', 'strategy': 'median'}. Best is trial 4 with value: 2.5385000183348367.
[I 2023-11-21 16:37:05,829] Trial 64 finished with value: 2.6268313666171625 and parameters: {'model_name': 'SimpleImputer', 'strategy': 'median'}. Best is trial 4 with value: 2.5385000183348367.
[I 2023-11-21 16:37:06,156] Trial 65 finished with value: 2.6268313666171625 and parameters: {'model_name': 'SimpleImputer', 'strategy': 'median'}. Best is trial 4 with value: 2.5385000183348367.
[I 2023-11-21 16:37:06,590] Trial 89 finished with value: 2.5385000183348367 and parameters: {'model_name': 'SimpleImputer', 'strategy': 'mean'}. Best is trial 4 with value: 2.5385000183348367.
[I 2023-11-21 16:37:08,093] Trial 11 finished with value: 2.7000932722742657 and parameters: {'model_name': 'SimpleImputer', 'strategy': 'most_frequent'}. Best is trial 4 with value: 2.5385000183348367.
[I 2023-11-21 16:37:08,522] Trial 10 finished with value: 2.7000932722742657 and parameters: {'model_name': 'SimpleImputer', 'strategy': 'most_frequent'}. Best is trial 4 with value: 2.5385000183348367.
[I 2023-11-21 16:37:08,900] Trial 42 finished with value: 2.7000932722742657 and parameters: {'model_name': 'SimpleImputer', 'strategy': 'most_frequent'}. Best is trial 4 with value: 2.5385000183348367.
[I 2023-11-21 16:37:09,130] Trial 23 finished with value: 2.7000932722742657 and parameters: {'model_name': 'SimpleImputer', 'strategy': 'most_frequent'}. Best is trial 4 with value: 2.5385000183348367.
[I 2023-11-21 16:37:09,327] Trial 43 finished with value: 2.7000932722742657 and parameters: {'model_name': 'SimpleImputer', 'strategy': 'most_frequent'}. Best is trial 4 with value: 2.5385000183348367.
[I 2023-11-21 16:37:09,991] Trial 3 finished with value: 2.7000932722742657 and parameters: {'model_name': 'SimpleImputer', 'strategy': 'most_frequent'}. Best is trial 4 with value: 2.5385000183348367.
[I 2023-11-21 16:37:10,245] Trial 35 finished with value: 2.7000932722742657 and parameters: {'model_name': 'SimpleImputer', 'strategy': 'most_frequent'}. Best is trial 4 with value: 2.5385000183348367.
[I 2023-11-21 16:37:10,475] Trial 29 finished with value: 2.7000932722742657 and parameters: {'model_name': 'SimpleImputer', 'strategy': 'most_frequent'}. Best is trial 4 with value: 2.5385000183348367.
[I 2023-11-21 16:37:10,753] Trial 37 finished with value: 2.7000932722742657 and parameters: {'model_name': 'SimpleImputer', 'strategy': 'most_frequent'}. Best is trial 4 with value: 2.5385000183348367.
[I 2023-11-21 16:37:12,109] Trial 47 finished with value: 2.7000932722742657 and parameters: {'model_name': 'SimpleImputer', 'strategy': 'most_frequent'}. Best is trial 4 with value: 2.5385000183348367.
[I 2023-11-21 16:37:12,677] Trial 48 finished with value: 2.7000932722742657 and parameters: {'model_name': 'SimpleImputer', 'strategy': 'most_frequent'}. Best is trial 4 with value: 2.5385000183348367.
[I 2023-11-21 16:37:12,968] Trial 50 finished with value: 2.7000932722742657 and parameters: {'model_name': 'SimpleImputer', 'strategy': 'most_frequent'}. Best is trial 4 with value: 2.5385000183348367.
[I 2023-11-21 16:37:13,423] Trial 53 finished with value: 2.7000932722742657 and parameters: {'model_name': 'SimpleImputer', 'strategy': 'most_frequent'}. Best is trial 4 with value: 2.5385000183348367.
[I 2023-11-21 16:37:13,811] Trial 103 finished with value: 2.5385000183348367 and parameters: {'model_name': 'SimpleImputer', 'strategy': 'mean'}. Best is trial 4 with value: 2.5385000183348367.
[I 2023-11-21 16:37:14,117] Trial 101 finished with value: 2.5385000183348367 and parameters: {'model_name': 'SimpleImputer', 'strategy': 'mean'}. Best is trial 4 with value: 2.5385000183348367.
[I 2023-11-21 16:37:14,492] Trial 76 finished with value: 2.7000932722742657 and parameters: {'model_name': 'SimpleImputer', 'strategy': 'most_frequent'}. Best is trial 4 with value: 2.5385000183348367.
[I 2023-11-21 16:37:14,703] Trial 73 finished with value: 2.7000932722742657 and parameters: {'model_name': 'SimpleImputer', 'strategy': 'most_frequent'}. Best is trial 4 with value: 2.5385000183348367.
[I 2023-11-21 16:37:15,049] Trial 105 finished with value: 2.5385000183348367 and parameters: {'model_name': 'SimpleImputer', 'strategy': 'mean'}. Best is trial 4 with value: 2.5385000183348367.
[I 2023-11-21 16:37:15,254] Trial 71 finished with value: 2.7000932722742657 and parameters: {'model_name': 'SimpleImputer', 'strategy': 'most_frequent'}. Best is trial 4 with value: 2.5385000183348367.
[I 2023-11-21 16:37:15,588] Trial 67 finished with value: 2.7000932722742657 and parameters: {'model_name': 'SimpleImputer', 'strategy': 'most_frequent'}. Best is trial 4 with value: 2.5385000183348367.
[I 2023-11-21 16:37:15,795] Trial 104 finished with value: 2.5385000183348367 and parameters: {'model_name': 'SimpleImputer', 'strategy': 'mean'}. Best is trial 4 with value: 2.5385000183348367.
[I 2023-11-21 16:37:16,014] Trial 78 finished with value: 2.7000932722742657 and parameters: {'model_name': 'SimpleImputer', 'strategy': 'most_frequent'}. Best is trial 4 with value: 2.5385000183348367.
[I 2023-11-21 16:37:16,295] Trial 72 finished with value: 2.7000932722742657 and parameters: {'model_name': 'SimpleImputer', 'strategy': 'most_frequent'}. Best is trial 4 with value: 2.5385000183348367.
[I 2023-11-21 16:37:16,594] Trial 75 finished with value: 2.7000932722742657 and parameters: {'model_name': 'SimpleImputer', 'strategy': 'most_frequent'}. Best is trial 4 with value: 2.5385000183348367.
[I 2023-11-21 16:37:16,885] Trial 109 finished with value: 2.5385000183348367 and parameters: {'model_name': 'SimpleImputer', 'strategy': 'mean'}. Best is trial 4 with value: 2.5385000183348367.
[I 2023-11-21 16:37:17,123] Trial 107 finished with value: 2.5385000183348367 and parameters: {'model_name': 'SimpleImputer', 'strategy': 'mean'}. Best is trial 4 with value: 2.5385000183348367.
[I 2023-11-21 16:37:17,389] Trial 108 finished with value: 2.5385000183348367 and parameters: {'model_name': 'SimpleImputer', 'strategy': 'mean'}. Best is trial 4 with value: 2.5385000183348367.
[I 2023-11-21 16:37:17,684] Trial 87 finished with value: 2.7000932722742657 and parameters: {'model_name': 'SimpleImputer', 'strategy': 'most_frequent'}. Best is trial 4 with value: 2.5385000183348367.
[I 2023-11-21 16:37:17,997] Trial 106 finished with value: 2.5385000183348367 and parameters: {'model_name': 'SimpleImputer', 'strategy': 'mean'}. Best is trial 4 with value: 2.5385000183348367.
[I 2023-11-21 16:37:18,203] Trial 70 finished with value: 2.7000932722742657 and parameters: {'model_name': 'SimpleImputer', 'strategy': 'most_frequent'}. Best is trial 4 with value: 2.5385000183348367.
[I 2023-11-21 16:37:18,435] Trial 68 finished with value: 2.7000932722742657 and parameters: {'model_name': 'SimpleImputer', 'strategy': 'most_frequent'}. Best is trial 4 with value: 2.5385000183348367.
[I 2023-11-21 16:37:18,709] Trial 74 finished with value: 2.7000932722742657 and parameters: {'model_name': 'SimpleImputer', 'strategy': 'most_frequent'}. Best is trial 4 with value: 2.5385000183348367.
[I 2023-11-21 16:37:19,053] Trial 85 finished with value: 2.7000932722742657 and parameters: {'model_name': 'SimpleImputer', 'strategy': 'most_frequent'}. Best is trial 4 with value: 2.5385000183348367.
[I 2023-11-21 16:37:19,314] Trial 69 finished with value: 2.7000932722742657 and parameters: {'model_name': 'SimpleImputer', 'strategy': 'most_frequent'}. Best is trial 4 with value: 2.5385000183348367.
[I 2023-11-21 16:37:19,691] Trial 66 finished with value: 2.7000932722742657 and parameters: {'model_name': 'SimpleImputer', 'strategy': 'most_frequent'}. Best is trial 4 with value: 2.5385000183348367.
[I 2023-11-21 16:37:19,913] Trial 86 finished with value: 2.7000932722742657 and parameters: {'model_name': 'SimpleImputer', 'strategy': 'most_frequent'}. Best is trial 4 with value: 2.5385000183348367.
[I 2023-11-21 16:37:20,125] Trial 63 finished with value: 2.7000932722742657 and parameters: {'model_name': 'SimpleImputer', 'strategy': 'most_frequent'}. Best is trial 4 with value: 2.5385000183348367.
[I 2023-11-21 16:37:20,407] Trial 82 finished with value: 2.7000932722742657 and parameters: {'model_name': 'SimpleImputer', 'strategy': 'most_frequent'}. Best is trial 4 with value: 2.5385000183348367.
[I 2023-11-21 16:37:20,633] Trial 110 finished with value: 2.5385000183348367 and parameters: {'model_name': 'SimpleImputer', 'strategy': 'mean'}. Best is trial 4 with value: 2.5385000183348367.
[I 2023-11-21 16:37:21,006] Trial 83 finished with value: 2.7000932722742657 and parameters: {'model_name': 'SimpleImputer', 'strategy': 'most_frequent'}. Best is trial 4 with value: 2.5385000183348367.
[I 2023-11-21 16:37:21,367] Trial 111 finished with value: 2.5385000183348367 and parameters: {'model_name': 'SimpleImputer', 'strategy': 'mean'}. Best is trial 4 with value: 2.5385000183348367.
[I 2023-11-21 16:37:21,614] Trial 77 finished with value: 2.7000932722742657 and parameters: {'model_name': 'SimpleImputer', 'strategy': 'most_frequent'}. Best is trial 4 with value: 2.5385000183348367.
[I 2023-11-21 16:37:21,878] Trial 93 finished with value: 2.7000932722742657 and parameters: {'model_name': 'SimpleImputer', 'strategy': 'most_frequent'}. Best is trial 4 with value: 2.5385000183348367.
[I 2023-11-21 16:37:22,118] Trial 90 finished with value: 2.7000932722742657 and parameters: {'model_name': 'SimpleImputer', 'strategy': 'most_frequent'}. Best is trial 4 with value: 2.5385000183348367.
[I 2023-11-21 16:37:22,357] Trial 113 finished with value: 2.5385000183348367 and parameters: {'model_name': 'SimpleImputer', 'strategy': 'mean'}. Best is trial 4 with value: 2.5385000183348367.
[I 2023-11-21 16:37:22,584] Trial 81 finished with value: 2.7000932722742657 and parameters: {'model_name': 'SimpleImputer', 'strategy': 'most_frequent'}. Best is trial 4 with value: 2.5385000183348367.
[I 2023-11-21 16:37:22,802] Trial 91 finished with value: 2.7000932722742657 and parameters: {'model_name': 'SimpleImputer', 'strategy': 'most_frequent'}. Best is trial 4 with value: 2.5385000183348367.
[I 2023-11-21 16:37:23,070] Trial 88 finished with value: 2.7000932722742657 and parameters: {'model_name': 'SimpleImputer', 'strategy': 'most_frequent'}. Best is trial 4 with value: 2.5385000183348367.
[I 2023-11-21 16:37:23,339] Trial 112 finished with value: 2.5385000183348367 and parameters: {'model_name': 'SimpleImputer', 'strategy': 'mean'}. Best is trial 4 with value: 2.5385000183348367.
[I 2023-11-21 16:37:23,612] Trial 79 finished with value: 2.7000932722742657 and parameters: {'model_name': 'SimpleImputer', 'strategy': 'most_frequent'}. Best is trial 4 with value: 2.5385000183348367.
[I 2023-11-21 16:37:23,922] Trial 114 finished with value: 2.5385000183348367 and parameters: {'model_name': 'SimpleImputer', 'strategy': 'mean'}. Best is trial 4 with value: 2.5385000183348367.
[I 2023-11-21 16:37:24,220] Trial 115 finished with value: 2.5385000183348367 and parameters: {'model_name': 'SimpleImputer', 'strategy': 'mean'}. Best is trial 4 with value: 2.5385000183348367.
[I 2023-11-21 16:37:24,487] Trial 117 finished with value: 2.5385000183348367 and parameters: {'model_name': 'SimpleImputer', 'strategy': 'mean'}. Best is trial 4 with value: 2.5385000183348367.
[I 2023-11-21 16:37:24,715] Trial 84 finished with value: 2.7000932722742657 and parameters: {'model_name': 'SimpleImputer', 'strategy': 'most_frequent'}. Best is trial 4 with value: 2.5385000183348367.
[I 2023-11-21 16:37:25,058] Trial 94 finished with value: 2.7000932722742657 and parameters: {'model_name': 'SimpleImputer', 'strategy': 'most_frequent'}. Best is trial 4 with value: 2.5385000183348367.
[I 2023-11-21 16:37:25,409] Trial 80 finished with value: 2.7000932722742657 and parameters: {'model_name': 'SimpleImputer', 'strategy': 'most_frequent'}. Best is trial 4 with value: 2.5385000183348367.
[I 2023-11-21 16:37:25,662] Trial 92 finished with value: 2.7000932722742657 and parameters: {'model_name': 'SimpleImputer', 'strategy': 'most_frequent'}. Best is trial 4 with value: 2.5385000183348367.
[I 2023-11-21 16:37:25,891] Trial 124 finished with value: 2.5385000183348367 and parameters: {'model_name': 'SimpleImputer', 'strategy': 'mean'}. Best is trial 4 with value: 2.5385000183348367.
[I 2023-11-21 16:37:26,112] Trial 119 finished with value: 2.5385000183348367 and parameters: {'model_name': 'SimpleImputer', 'strategy': 'mean'}. Best is trial 4 with value: 2.5385000183348367.
[I 2023-11-21 16:37:26,331] Trial 118 finished with value: 2.5385000183348367 and parameters: {'model_name': 'SimpleImputer', 'strategy': 'mean'}. Best is trial 4 with value: 2.5385000183348367.
[I 2023-11-21 16:37:26,591] Trial 116 finished with value: 2.5385000183348367 and parameters: {'model_name': 'SimpleImputer', 'strategy': 'mean'}. Best is trial 4 with value: 2.5385000183348367.
[I 2023-11-21 16:37:26,805] Trial 122 finished with value: 2.5385000183348367 and parameters: {'model_name': 'SimpleImputer', 'strategy': 'mean'}. Best is trial 4 with value: 2.5385000183348367.
[I 2023-11-21 16:37:27,249] Trial 121 finished with value: 2.5385000183348367 and parameters: {'model_name': 'SimpleImputer', 'strategy': 'mean'}. Best is trial 4 with value: 2.5385000183348367.
[I 2023-11-21 16:37:27,487] Trial 120 finished with value: 2.5385000183348367 and parameters: {'model_name': 'SimpleImputer', 'strategy': 'mean'}. Best is trial 4 with value: 2.5385000183348367.
[I 2023-11-21 16:37:27,756] Trial 126 finished with value: 2.5385000183348367 and parameters: {'model_name': 'SimpleImputer', 'strategy': 'mean'}. Best is trial 4 with value: 2.5385000183348367.
[I 2023-11-21 16:37:28,010] Trial 125 finished with value: 2.5385000183348367 and parameters: {'model_name': 'SimpleImputer', 'strategy': 'mean'}. Best is trial 4 with value: 2.5385000183348367.
[I 2023-11-21 16:37:28,250] Trial 95 finished with value: 2.7000932722742657 and parameters: {'model_name': 'SimpleImputer', 'strategy': 'most_frequent'}. Best is trial 4 with value: 2.5385000183348367.
[I 2023-11-21 16:37:28,504] Trial 123 finished with value: 2.5385000183348367 and parameters: {'model_name': 'SimpleImputer', 'strategy': 'mean'}. Best is trial 4 with value: 2.5385000183348367.
[I 2023-11-21 16:37:28,717] Trial 127 finished with value: 2.5385000183348367 and parameters: {'model_name': 'SimpleImputer', 'strategy': 'mean'}. Best is trial 4 with value: 2.5385000183348367.
[I 2023-11-21 16:37:29,104] Trial 97 finished with value: 2.7000932722742657 and parameters: {'model_name': 'SimpleImputer', 'strategy': 'most_frequent'}. Best is trial 4 with value: 2.5385000183348367.
[I 2023-11-21 16:37:29,398] Trial 134 finished with value: 2.5385000183348367 and parameters: {'model_name': 'SimpleImputer', 'strategy': 'mean'}. Best is trial 4 with value: 2.5385000183348367.
[I 2023-11-21 16:37:29,667] Trial 130 finished with value: 2.5385000183348367 and parameters: {'model_name': 'SimpleImputer', 'strategy': 'mean'}. Best is trial 4 with value: 2.5385000183348367.
[I 2023-11-21 16:37:29,966] Trial 132 finished with value: 2.5385000183348367 and parameters: {'model_name': 'SimpleImputer', 'strategy': 'mean'}. Best is trial 4 with value: 2.5385000183348367.
[I 2023-11-21 16:37:30,224] Trial 131 finished with value: 2.5385000183348367 and parameters: {'model_name': 'SimpleImputer', 'strategy': 'mean'}. Best is trial 4 with value: 2.5385000183348367.
[I 2023-11-21 16:37:30,435] Trial 133 finished with value: 2.5385000183348367 and parameters: {'model_name': 'SimpleImputer', 'strategy': 'mean'}. Best is trial 4 with value: 2.5385000183348367.
[I 2023-11-21 16:37:30,641] Trial 129 finished with value: 2.5385000183348367 and parameters: {'model_name': 'SimpleImputer', 'strategy': 'mean'}. Best is trial 4 with value: 2.5385000183348367.
[I 2023-11-21 16:37:30,839] Trial 128 finished with value: 2.5385000183348367 and parameters: {'model_name': 'SimpleImputer', 'strategy': 'mean'}. Best is trial 4 with value: 2.5385000183348367.
[I 2023-11-21 16:37:31,208] Trial 136 finished with value: 2.5385000183348367 and parameters: {'model_name': 'SimpleImputer', 'strategy': 'mean'}. Best is trial 4 with value: 2.5385000183348367.
[I 2023-11-21 16:37:31,656] Trial 96 finished with value: 2.7000932722742657 and parameters: {'model_name': 'SimpleImputer', 'strategy': 'most_frequent'}. Best is trial 4 with value: 2.5385000183348367.
[I 2023-11-21 16:37:31,864] Trial 99 finished with value: 2.7000932722742657 and parameters: {'model_name': 'SimpleImputer', 'strategy': 'most_frequent'}. Best is trial 4 with value: 2.5385000183348367.
[I 2023-11-21 16:37:32,088] Trial 142 finished with value: 2.5385000183348367 and parameters: {'model_name': 'SimpleImputer', 'strategy': 'mean'}. Best is trial 4 with value: 2.5385000183348367.
[I 2023-11-21 16:37:32,291] Trial 135 finished with value: 2.5385000183348367 and parameters: {'model_name': 'SimpleImputer', 'strategy': 'mean'}. Best is trial 4 with value: 2.5385000183348367.
[I 2023-11-21 16:37:32,627] Trial 139 finished with value: 2.5385000183348367 and parameters: {'model_name': 'SimpleImputer', 'strategy': 'mean'}. Best is trial 4 with value: 2.5385000183348367.
[I 2023-11-21 16:37:32,881] Trial 146 finished with value: 2.5385000183348367 and parameters: {'model_name': 'SimpleImputer', 'strategy': 'mean'}. Best is trial 4 with value: 2.5385000183348367.
[I 2023-11-21 16:37:33,175] Trial 148 finished with value: 2.5385000183348367 and parameters: {'model_name': 'SimpleImputer', 'strategy': 'mean'}. Best is trial 4 with value: 2.5385000183348367.
[I 2023-11-21 16:37:33,428] Trial 143 finished with value: 2.5385000183348367 and parameters: {'model_name': 'SimpleImputer', 'strategy': 'mean'}. Best is trial 4 with value: 2.5385000183348367.
[I 2023-11-21 16:37:33,656] Trial 138 finished with value: 2.5385000183348367 and parameters: {'model_name': 'SimpleImputer', 'strategy': 'mean'}. Best is trial 4 with value: 2.5385000183348367.
[I 2023-11-21 16:37:33,871] Trial 137 finished with value: 2.5385000183348367 and parameters: {'model_name': 'SimpleImputer', 'strategy': 'mean'}. Best is trial 4 with value: 2.5385000183348367.
[I 2023-11-21 16:37:34,084] Trial 100 finished with value: 2.7000932722742657 and parameters: {'model_name': 'SimpleImputer', 'strategy': 'most_frequent'}. Best is trial 4 with value: 2.5385000183348367.
[I 2023-11-21 16:37:34,272] Trial 140 finished with value: 2.5385000183348367 and parameters: {'model_name': 'SimpleImputer', 'strategy': 'mean'}. Best is trial 4 with value: 2.5385000183348367.
[I 2023-11-21 16:37:34,616] Trial 145 finished with value: 2.5385000183348367 and parameters: {'model_name': 'SimpleImputer', 'strategy': 'mean'}. Best is trial 4 with value: 2.5385000183348367.
[I 2023-11-21 16:37:34,875] Trial 151 finished with value: 2.5385000183348367 and parameters: {'model_name': 'SimpleImputer', 'strategy': 'mean'}. Best is trial 4 with value: 2.5385000183348367.
[I 2023-11-21 16:37:35,147] Trial 149 finished with value: 2.5385000183348367 and parameters: {'model_name': 'SimpleImputer', 'strategy': 'mean'}. Best is trial 4 with value: 2.5385000183348367.
[I 2023-11-21 16:37:35,417] Trial 147 finished with value: 2.5385000183348367 and parameters: {'model_name': 'SimpleImputer', 'strategy': 'mean'}. Best is trial 4 with value: 2.5385000183348367.
[I 2023-11-21 16:37:35,811] Trial 144 finished with value: 2.5385000183348367 and parameters: {'model_name': 'SimpleImputer', 'strategy': 'mean'}. Best is trial 4 with value: 2.5385000183348367.
[I 2023-11-21 16:37:36,024] Trial 156 finished with value: 2.5385000183348367 and parameters: {'model_name': 'SimpleImputer', 'strategy': 'mean'}. Best is trial 4 with value: 2.5385000183348367.
[I 2023-11-21 16:37:36,267] Trial 141 finished with value: 2.5385000183348367 and parameters: {'model_name': 'SimpleImputer', 'strategy': 'mean'}. Best is trial 4 with value: 2.5385000183348367.
[I 2023-11-21 16:37:36,581] Trial 98 finished with value: 2.7000932722742657 and parameters: {'model_name': 'SimpleImputer', 'strategy': 'most_frequent'}. Best is trial 4 with value: 2.5385000183348367.
[I 2023-11-21 16:37:36,777] Trial 152 finished with value: 2.5385000183348367 and parameters: {'model_name': 'SimpleImputer', 'strategy': 'mean'}. Best is trial 4 with value: 2.5385000183348367.
[I 2023-11-21 16:37:37,010] Trial 155 finished with value: 2.5385000183348367 and parameters: {'model_name': 'SimpleImputer', 'strategy': 'mean'}. Best is trial 4 with value: 2.5385000183348367.
[I 2023-11-21 16:37:37,276] Trial 150 finished with value: 2.5385000183348367 and parameters: {'model_name': 'SimpleImputer', 'strategy': 'mean'}. Best is trial 4 with value: 2.5385000183348367.
[I 2023-11-21 16:37:37,519] Trial 160 finished with value: 2.5385000183348367 and parameters: {'model_name': 'SimpleImputer', 'strategy': 'mean'}. Best is trial 4 with value: 2.5385000183348367.
[I 2023-11-21 16:37:37,816] Trial 164 finished with value: 2.5385000183348367 and parameters: {'model_name': 'SimpleImputer', 'strategy': 'mean'}. Best is trial 4 with value: 2.5385000183348367.
[I 2023-11-21 16:37:38,013] Trial 153 finished with value: 2.5385000183348367 and parameters: {'model_name': 'SimpleImputer', 'strategy': 'mean'}. Best is trial 4 with value: 2.5385000183348367.
[I 2023-11-21 16:37:38,349] Trial 154 finished with value: 2.5385000183348367 and parameters: {'model_name': 'SimpleImputer', 'strategy': 'mean'}. Best is trial 4 with value: 2.5385000183348367.
[I 2023-11-21 16:37:38,615] Trial 162 finished with value: 2.5385000183348367 and parameters: {'model_name': 'SimpleImputer', 'strategy': 'mean'}. Best is trial 4 with value: 2.5385000183348367.
[I 2023-11-21 16:37:38,873] Trial 161 finished with value: 2.5385000183348367 and parameters: {'model_name': 'SimpleImputer', 'strategy': 'mean'}. Best is trial 4 with value: 2.5385000183348367.
[I 2023-11-21 16:37:39,076] Trial 163 finished with value: 2.5385000183348367 and parameters: {'model_name': 'SimpleImputer', 'strategy': 'mean'}. Best is trial 4 with value: 2.5385000183348367.
[I 2023-11-21 16:37:39,263] Trial 159 finished with value: 2.5385000183348367 and parameters: {'model_name': 'SimpleImputer', 'strategy': 'mean'}. Best is trial 4 with value: 2.5385000183348367.
[I 2023-11-21 16:37:39,534] Trial 168 finished with value: 2.5385000183348367 and parameters: {'model_name': 'SimpleImputer', 'strategy': 'mean'}. Best is trial 4 with value: 2.5385000183348367.
[I 2023-11-21 16:37:39,775] Trial 158 finished with value: 2.5385000183348367 and parameters: {'model_name': 'SimpleImputer', 'strategy': 'mean'}. Best is trial 4 with value: 2.5385000183348367.
[I 2023-11-21 16:37:40,029] Trial 166 finished with value: 2.5385000183348367 and parameters: {'model_name': 'SimpleImputer', 'strategy': 'mean'}. Best is trial 4 with value: 2.5385000183348367.
[I 2023-11-21 16:37:40,228] Trial 157 finished with value: 2.5385000183348367 and parameters: {'model_name': 'SimpleImputer', 'strategy': 'mean'}. Best is trial 4 with value: 2.5385000183348367.
[I 2023-11-21 16:37:40,551] Trial 169 finished with value: 2.5385000183348367 and parameters: {'model_name': 'SimpleImputer', 'strategy': 'mean'}. Best is trial 4 with value: 2.5385000183348367.
[I 2023-11-21 16:37:40,835] Trial 165 finished with value: 2.5385000183348367 and parameters: {'model_name': 'SimpleImputer', 'strategy': 'mean'}. Best is trial 4 with value: 2.5385000183348367.
[I 2023-11-21 16:37:41,134] Trial 177 finished with value: 2.5385000183348367 and parameters: {'model_name': 'SimpleImputer', 'strategy': 'mean'}. Best is trial 4 with value: 2.5385000183348367.
[I 2023-11-21 16:37:41,365] Trial 171 finished with value: 2.5385000183348367 and parameters: {'model_name': 'SimpleImputer', 'strategy': 'mean'}. Best is trial 4 with value: 2.5385000183348367.
[I 2023-11-21 16:37:41,562] Trial 172 finished with value: 2.5385000183348367 and parameters: {'model_name': 'SimpleImputer', 'strategy': 'mean'}. Best is trial 4 with value: 2.5385000183348367.
[I 2023-11-21 16:37:41,777] Trial 174 finished with value: 2.5385000183348367 and parameters: {'model_name': 'SimpleImputer', 'strategy': 'mean'}. Best is trial 4 with value: 2.5385000183348367.
[I 2023-11-21 16:37:42,001] Trial 175 finished with value: 2.5385000183348367 and parameters: {'model_name': 'SimpleImputer', 'strategy': 'mean'}. Best is trial 4 with value: 2.5385000183348367.
[I 2023-11-21 16:37:42,230] Trial 170 finished with value: 2.5385000183348367 and parameters: {'model_name': 'SimpleImputer', 'strategy': 'mean'}. Best is trial 4 with value: 2.5385000183348367.
[I 2023-11-21 16:37:42,550] Trial 102 finished with value: 2.7000932722742657 and parameters: {'model_name': 'SimpleImputer', 'strategy': 'most_frequent'}. Best is trial 4 with value: 2.5385000183348367.
[I 2023-11-21 16:37:42,767] Trial 167 finished with value: 2.5385000183348367 and parameters: {'model_name': 'SimpleImputer', 'strategy': 'mean'}. Best is trial 4 with value: 2.5385000183348367.
[I 2023-11-21 16:37:42,976] Trial 181 finished with value: 2.5385000183348367 and parameters: {'model_name': 'SimpleImputer', 'strategy': 'mean'}. Best is trial 4 with value: 2.5385000183348367.
[I 2023-11-21 16:37:43,217] Trial 179 finished with value: 2.5385000183348367 and parameters: {'model_name': 'SimpleImputer', 'strategy': 'mean'}. Best is trial 4 with value: 2.5385000183348367.
[I 2023-11-21 16:37:43,479] Trial 173 finished with value: 2.5385000183348367 and parameters: {'model_name': 'SimpleImputer', 'strategy': 'mean'}. Best is trial 4 with value: 2.5385000183348367.
[I 2023-11-21 16:37:43,708] Trial 176 finished with value: 2.5385000183348367 and parameters: {'model_name': 'SimpleImputer', 'strategy': 'mean'}. Best is trial 4 with value: 2.5385000183348367.
[I 2023-11-21 16:37:43,940] Trial 178 finished with value: 2.5385000183348367 and parameters: {'model_name': 'SimpleImputer', 'strategy': 'mean'}. Best is trial 4 with value: 2.5385000183348367.
[I 2023-11-21 16:37:44,136] Trial 182 finished with value: 2.5385000183348367 and parameters: {'model_name': 'SimpleImputer', 'strategy': 'mean'}. Best is trial 4 with value: 2.5385000183348367.
[I 2023-11-21 16:37:44,368] Trial 184 finished with value: 2.5385000183348367 and parameters: {'model_name': 'SimpleImputer', 'strategy': 'mean'}. Best is trial 4 with value: 2.5385000183348367.
[I 2023-11-21 16:37:44,603] Trial 192 finished with value: 2.5385000183348367 and parameters: {'model_name': 'SimpleImputer', 'strategy': 'mean'}. Best is trial 4 with value: 2.5385000183348367.
[I 2023-11-21 16:37:44,818] Trial 180 finished with value: 2.5385000183348367 and parameters: {'model_name': 'SimpleImputer', 'strategy': 'mean'}. Best is trial 4 with value: 2.5385000183348367.
[I 2023-11-21 16:37:45,027] Trial 197 finished with value: 6.9361320699602995 and parameters: {'model_name': 'SimpleImputer', 'strategy': 'constant'}. Best is trial 4 with value: 2.5385000183348367.
[I 2023-11-21 16:37:45,239] Trial 183 finished with value: 2.5385000183348367 and parameters: {'model_name': 'SimpleImputer', 'strategy': 'mean'}. Best is trial 4 with value: 2.5385000183348367.
[I 2023-11-21 16:37:45,439] Trial 185 finished with value: 2.5385000183348367 and parameters: {'model_name': 'SimpleImputer', 'strategy': 'mean'}. Best is trial 4 with value: 2.5385000183348367.
[I 2023-11-21 16:37:45,703] Trial 193 finished with value: 2.5385000183348367 and parameters: {'model_name': 'SimpleImputer', 'strategy': 'mean'}. Best is trial 4 with value: 2.5385000183348367.
[I 2023-11-21 16:37:45,918] Trial 194 finished with value: 2.5385000183348367 and parameters: {'model_name': 'SimpleImputer', 'strategy': 'mean'}. Best is trial 4 with value: 2.5385000183348367.
[I 2023-11-21 16:37:46,130] Trial 189 finished with value: 2.5385000183348367 and parameters: {'model_name': 'SimpleImputer', 'strategy': 'mean'}. Best is trial 4 with value: 2.5385000183348367.
[I 2023-11-21 16:37:46,360] Trial 186 finished with value: 2.5385000183348367 and parameters: {'model_name': 'SimpleImputer', 'strategy': 'mean'}. Best is trial 4 with value: 2.5385000183348367.
[I 2023-11-21 16:37:46,566] Trial 187 finished with value: 2.5385000183348367 and parameters: {'model_name': 'SimpleImputer', 'strategy': 'mean'}. Best is trial 4 with value: 2.5385000183348367.
[I 2023-11-21 16:37:46,774] Trial 191 finished with value: 2.5385000183348367 and parameters: {'model_name': 'SimpleImputer', 'strategy': 'mean'}. Best is trial 4 with value: 2.5385000183348367.
[I 2023-11-21 16:37:46,960] Trial 195 finished with value: 2.5385000183348367 and parameters: {'model_name': 'SimpleImputer', 'strategy': 'mean'}. Best is trial 4 with value: 2.5385000183348367.
[I 2023-11-21 16:37:47,189] Trial 188 finished with value: 2.5385000183348367 and parameters: {'model_name': 'SimpleImputer', 'strategy': 'mean'}. Best is trial 4 with value: 2.5385000183348367.
[I 2023-11-21 16:37:47,401] Trial 196 finished with value: 2.5385000183348367 and parameters: {'model_name': 'SimpleImputer', 'strategy': 'mean'}. Best is trial 4 with value: 2.5385000183348367.
[I 2023-11-21 16:37:47,611] Trial 199 finished with value: 2.5385000183348367 and parameters: {'model_name': 'SimpleImputer', 'strategy': 'mean'}. Best is trial 4 with value: 2.5385000183348367.
[I 2023-11-21 16:37:47,806] Trial 190 finished with value: 2.5385000183348367 and parameters: {'model_name': 'SimpleImputer', 'strategy': 'mean'}. Best is trial 4 with value: 2.5385000183348367.
[I 2023-11-21 16:37:47,979] Trial 198 finished with value: 2.5385000183348367 and parameters: {'model_name': 'SimpleImputer', 'strategy': 'mean'}. Best is trial 4 with value: 2.5385000183348367.
simple fit
simple transform
[I 2023-11-21 16:37:54,489] A new study created in memory with name: no-name-d315669c-5262-4bd0-b0f6-232e2329d05f
  0%|          | 0/200 [00:00<?, ?it/s]                                       [W 2023-11-21 16:37:54,492] Trial 0 failed with parameters: {'model_name': 'Simple'} because of the following error: UnboundLocalError("local variable 'my_model' referenced before assignment").
Traceback (most recent call last):
  File "/home/ketrong/miniconda3/envs/tpot2devenv/lib/python3.10/site-packages/optuna/study/_optimize.py", line 200, in _run_trial
    value_or_values = func(trial)
  File "/common/ketrong/AutoImputeExp/tpot2_imputetest/Impute_Experiments/autoimpute.py", line 57, in obj
    my_model = autoutils.MyModel(random_state = self.random_state, **my_params)
  File "/common/ketrong/AutoImputeExp/tpot2_imputetest/Impute_Experiments/autoutils.py", line 55, in MyModel
    return my_model
UnboundLocalError: local variable 'my_model' referenced before assignment
  0%|          | 0/200 [00:00<?, ?it/s]                                       [W 2023-11-21 16:37:54,493] Trial 1 failed with parameters: {'model_name': 'Simple'} because of the following error: UnboundLocalError("local variable 'my_model' referenced before assignment").
Traceback (most recent call last):
  File "/home/ketrong/miniconda3/envs/tpot2devenv/lib/python3.10/site-packages/optuna/study/_optimize.py", line 200, in _run_trial
    value_or_values = func(trial)
  File "/common/ketrong/AutoImputeExp/tpot2_imputetest/Impute_Experiments/autoimpute.py", line 57, in obj
    my_model = autoutils.MyModel(random_state = self.random_state, **my_params)
  File "/common/ketrong/AutoImputeExp/tpot2_imputetest/Impute_Experiments/autoutils.py", line 55, in MyModel
    return my_model
UnboundLocalError: local variable 'my_model' referenced before assignment
  0%|          | 0/200 [00:00<?, ?it/s][W 2023-11-21 16:37:54,504] Trial 1 failed with value None.
                                         0%|          | 0/200 [00:00<?, ?it/s]                                       [W 2023-11-21 16:37:54,497] Trial 3 failed with parameters: {'model_name': 'Simple'} because of the following error: UnboundLocalError("local variable 'my_model' referenced before assignment").
Traceback (most recent call last):
  File "/home/ketrong/miniconda3/envs/tpot2devenv/lib/python3.10/site-packages/optuna/study/_optimize.py", line 200, in _run_trial
    value_or_values = func(trial)
  File "/common/ketrong/AutoImputeExp/tpot2_imputetest/Impute_Experiments/autoimpute.py", line 57, in obj
    my_model = autoutils.MyModel(random_state = self.random_state, **my_params)
  File "/common/ketrong/AutoImputeExp/tpot2_imputetest/Impute_Experiments/autoutils.py", line 55, in MyModel
    return my_model
UnboundLocalError: local variable 'my_model' referenced before assignment
  0%|          | 0/200 [00:00<?, ?it/s][W 2023-11-21 16:37:54,498] Trial 4 failed with parameters: {'model_name': 'Simple'} because of the following error: UnboundLocalError("local variable 'my_model' referenced before assignment").
Traceback (most recent call last):
  File "/home/ketrong/miniconda3/envs/tpot2devenv/lib/python3.10/site-packages/optuna/study/_optimize.py", line 200, in _run_trial
    value_or_values = func(trial)
  File "/common/ketrong/AutoImputeExp/tpot2_imputetest/Impute_Experiments/autoimpute.py", line 57, in obj
    my_model = autoutils.MyModel(random_state = self.random_state, **my_params)
  File "/common/ketrong/AutoImputeExp/tpot2_imputetest/Impute_Experiments/autoutils.py", line 55, in MyModel
    return my_model
UnboundLocalError: local variable 'my_model' referenced before assignment
                                         0%|          | 0/200 [00:00<?, ?it/s]                                       [W 2023-11-21 16:37:54,747] Trial 4 failed with value None.
  0%|          | 0/200 [00:00<?, ?it/s]                                       [W 2023-11-21 16:37:54,499] Trial 6 failed with parameters: {'model_name': 'Simple'} because of the following error: UnboundLocalError("local variable 'my_model' referenced before assignment").
Traceback (most recent call last):
  File "/home/ketrong/miniconda3/envs/tpot2devenv/lib/python3.10/site-packages/optuna/study/_optimize.py", line 200, in _run_trial
    value_or_values = func(trial)
  File "/common/ketrong/AutoImputeExp/tpot2_imputetest/Impute_Experiments/autoimpute.py", line 57, in obj
    my_model = autoutils.MyModel(random_state = self.random_state, **my_params)
  File "/common/ketrong/AutoImputeExp/tpot2_imputetest/Impute_Experiments/autoutils.py", line 55, in MyModel
    return my_model
UnboundLocalError: local variable 'my_model' referenced before assignment
  0%|          | 0/200 [00:00<?, ?it/s][W 2023-11-21 16:37:54,922] Trial 6 failed with value None.
                                         0%|          | 0/200 [00:00<?, ?it/s]                                       [W 2023-11-21 16:37:54,501] Trial 8 failed with parameters: {'model_name': 'Simple'} because of the following error: UnboundLocalError("local variable 'my_model' referenced before assignment").
Traceback (most recent call last):
  File "/home/ketrong/miniconda3/envs/tpot2devenv/lib/python3.10/site-packages/optuna/study/_optimize.py", line 200, in _run_trial
    value_or_values = func(trial)
  File "/common/ketrong/AutoImputeExp/tpot2_imputetest/Impute_Experiments/autoimpute.py", line 57, in obj
    my_model = autoutils.MyModel(random_state = self.random_state, **my_params)
  File "/common/ketrong/AutoImputeExp/tpot2_imputetest/Impute_Experiments/autoutils.py", line 55, in MyModel
    return my_model
UnboundLocalError: local variable 'my_model' referenced before assignment
  0%|          | 0/200 [00:00<?, ?it/s]                                       [W 2023-11-21 16:37:55,094] Trial 8 failed with value None.
  0%|          | 0/200 [00:00<?, ?it/s]                                       [W 2023-11-21 16:37:54,495] Trial 2 failed with parameters: {'model_name': 'Simple'} because of the following error: UnboundLocalError("local variable 'my_model' referenced before assignment").
Traceback (most recent call last):
  File "/home/ketrong/miniconda3/envs/tpot2devenv/lib/python3.10/site-packages/optuna/study/_optimize.py", line 200, in _run_trial
    value_or_values = func(trial)
  File "/common/ketrong/AutoImputeExp/tpot2_imputetest/Impute_Experiments/autoimpute.py", line 57, in obj
    my_model = autoutils.MyModel(random_state = self.random_state, **my_params)
  File "/common/ketrong/AutoImputeExp/tpot2_imputetest/Impute_Experiments/autoutils.py", line 55, in MyModel
    return my_model
UnboundLocalError: local variable 'my_model' referenced before assignment
  0%|          | 0/200 [00:00<?, ?it/s]                                       [W 2023-11-21 16:37:55,269] Trial 2 failed with value None.
  0%|          | 0/200 [00:00<?, ?it/s]                                       [W 2023-11-21 16:37:54,745] Trial 3 failed with value None.
  0%|          | 0/200 [00:00<?, ?it/s][W 2023-11-21 16:37:54,746] Trial 10 failed with parameters: {'model_name': 'Simple'} because of the following error: UnboundLocalError("local variable 'my_model' referenced before assignment").
Traceback (most recent call last):
  File "/home/ketrong/miniconda3/envs/tpot2devenv/lib/python3.10/site-packages/optuna/study/_optimize.py", line 200, in _run_trial
    value_or_values = func(trial)
  File "/common/ketrong/AutoImputeExp/tpot2_imputetest/Impute_Experiments/autoimpute.py", line 57, in obj
    my_model = autoutils.MyModel(random_state = self.random_state, **my_params)
  File "/common/ketrong/AutoImputeExp/tpot2_imputetest/Impute_Experiments/autoutils.py", line 55, in MyModel
    return my_model
UnboundLocalError: local variable 'my_model' referenced before assignment                                       
  0%|          | 0/200 [00:01<?, ?it/s]                                       [W 2023-11-21 16:37:55,662] Trial 10 failed with value None.
  0%|          | 0/200 [00:01<?, ?it/s]                                       [W 2023-11-21 16:37:54,500] Trial 7 failed with parameters: {'model_name': 'Simple'} because of the following error: UnboundLocalError("local variable 'my_model' referenced before assignment").
Traceback (most recent call last):
  File "/home/ketrong/miniconda3/envs/tpot2devenv/lib/python3.10/site-packages/optuna/study/_optimize.py", line 200, in _run_trial
    value_or_values = func(trial)
  File "/common/ketrong/AutoImputeExp/tpot2_imputetest/Impute_Experiments/autoimpute.py", line 57, in obj
    my_model = autoutils.MyModel(random_state = self.random_state, **my_params)
  File "/common/ketrong/AutoImputeExp/tpot2_imputetest/Impute_Experiments/autoutils.py", line 55, in MyModel
    return my_model
UnboundLocalError: local variable 'my_model' referenced before assignment
  0%|          | 0/200 [00:01<?, ?it/s][W 2023-11-21 16:37:55,867] Trial 7 failed with value None.
                                         0%|          | 0/200 [00:01<?, ?it/s][W 2023-11-21 16:37:54,502] Trial 0 failed with value None.
                                         0%|          | 0/200 [00:01<?, ?it/s][W 2023-11-21 16:37:54,745] Trial 9 failed with parameters: {'model_name': 'Simple'} because of the following error: UnboundLocalError("local variable 'my_model' referenced before assignment").
Traceback (most recent call last):
  File "/home/ketrong/miniconda3/envs/tpot2devenv/lib/python3.10/site-packages/optuna/study/_optimize.py", line 200, in _run_trial
    value_or_values = func(trial)
  File "/common/ketrong/AutoImputeExp/tpot2_imputetest/Impute_Experiments/autoimpute.py", line 57, in obj
    my_model = autoutils.MyModel(random_state = self.random_state, **my_params)
  File "/common/ketrong/AutoImputeExp/tpot2_imputetest/Impute_Experiments/autoutils.py", line 55, in MyModel
    return my_model
UnboundLocalError: local variable 'my_model' referenced before assignment
                                         0%|          | 0/200 [00:01<?, ?it/s]                                       [W 2023-11-21 16:37:56,278] Trial 9 failed with value None.
  0%|          | 0/200 [00:01<?, ?it/s][W 2023-11-21 16:37:55,441] Trial 13 failed with parameters: {'model_name': 'Simple'} because of the following error: UnboundLocalError("local variable 'my_model' referenced before assignment").
Traceback (most recent call last):
  File "/home/ketrong/miniconda3/envs/tpot2devenv/lib/python3.10/site-packages/optuna/study/_optimize.py", line 200, in _run_trial
    value_or_values = func(trial)
  File "/common/ketrong/AutoImputeExp/tpot2_imputetest/Impute_Experiments/autoimpute.py", line 57, in obj
    my_model = autoutils.MyModel(random_state = self.random_state, **my_params)
  File "/common/ketrong/AutoImputeExp/tpot2_imputetest/Impute_Experiments/autoutils.py", line 55, in MyModel
    return my_model
UnboundLocalError: local variable 'my_model' referenced before assignment
                                         0%|          | 0/200 [00:01<?, ?it/s][W 2023-11-21 16:37:56,480] Trial 13 failed with value None.
                                         0%|          | 0/200 [00:01<?, ?it/s]                                       [W 2023-11-21 16:37:54,499] Trial 5 failed with parameters: {'model_name': 'Simple'} because of the following error: UnboundLocalError("local variable 'my_model' referenced before assignment").
Traceback (most recent call last):
  File "/home/ketrong/miniconda3/envs/tpot2devenv/lib/python3.10/site-packages/optuna/study/_optimize.py", line 200, in _run_trial
    value_or_values = func(trial)
  File "/common/ketrong/AutoImputeExp/tpot2_imputetest/Impute_Experiments/autoimpute.py", line 57, in obj
    my_model = autoutils.MyModel(random_state = self.random_state, **my_params)
  File "/common/ketrong/AutoImputeExp/tpot2_imputetest/Impute_Experiments/autoutils.py", line 55, in MyModel
    return my_model
UnboundLocalError: local variable 'my_model' referenced before assignment
  0%|          | 0/200 [00:02<?, ?it/s]                                         0%|          | 0/200 [00:02<?, ?it/s][W 2023-11-21 16:37:56,656] Trial 5 failed with value None.
[W 2023-11-21 16:37:55,092] Trial 11 failed with parameters: {'model_name': 'Simple'} because of the following error: UnboundLocalError("local variable 'my_model' referenced before assignment").
Traceback (most recent call last):
  File "/home/ketrong/miniconda3/envs/tpot2devenv/lib/python3.10/site-packages/optuna/study/_optimize.py", line 200, in _run_trial
    value_or_values = func(trial)
  File "/common/ketrong/AutoImputeExp/tpot2_imputetest/Impute_Experiments/autoimpute.py", line 57, in obj
    my_model = autoutils.MyModel(random_state = self.random_state, **my_params)
  File "/common/ketrong/AutoImputeExp/tpot2_imputetest/Impute_Experiments/autoutils.py", line 55, in MyModel
    return my_model
UnboundLocalError: local variable 'my_model' referenced before assignment
                                         0%|          | 0/200 [00:02<?, ?it/s]                                       [W 2023-11-21 16:37:56,828] Trial 11 failed with value None.
  0%|          | 0/200 [00:02<?, ?it/s]                                       [W 2023-11-21 16:37:56,479] Trial 16 failed with parameters: {'model_name': 'Simple'} because of the following error: UnboundLocalError("local variable 'my_model' referenced before assignment").
Traceback (most recent call last):
  File "/home/ketrong/miniconda3/envs/tpot2devenv/lib/python3.10/site-packages/optuna/study/_optimize.py", line 200, in _run_trial
    value_or_values = func(trial)
  File "/common/ketrong/AutoImputeExp/tpot2_imputetest/Impute_Experiments/autoimpute.py", line 57, in obj
    my_model = autoutils.MyModel(random_state = self.random_state, **my_params)
  File "/common/ketrong/AutoImputeExp/tpot2_imputetest/Impute_Experiments/autoutils.py", line 55, in MyModel
    return my_model
UnboundLocalError: local variable 'my_model' referenced before assignment
  0%|          | 0/200 [00:02<?, ?it/s]                                       [W 2023-11-21 16:37:57,001] Trial 16 failed with value None.
  0%|          | 0/200 [00:02<?, ?it/s][W 2023-11-21 16:37:56,654] Trial 17 failed with parameters: {'model_name': 'Simple'} because of the following error: UnboundLocalError("local variable 'my_model' referenced before assignment").
Traceback (most recent call last):
  File "/home/ketrong/miniconda3/envs/tpot2devenv/lib/python3.10/site-packages/optuna/study/_optimize.py", line 200, in _run_trial
    value_or_values = func(trial)
  File "/common/ketrong/AutoImputeExp/tpot2_imputetest/Impute_Experiments/autoimpute.py", line 57, in obj
    my_model = autoutils.MyModel(random_state = self.random_state, **my_params)
  File "/common/ketrong/AutoImputeExp/tpot2_imputetest/Impute_Experiments/autoutils.py", line 55, in MyModel
    return my_model
UnboundLocalError: local variable 'my_model' referenced before assignment
                                         0%|          | 0/200 [00:02<?, ?it/s]                                         0%|          | 0/200 [00:02<?, ?it/s][W 2023-11-21 16:37:57,175] Trial 17 failed with value None.
                                       [W 2023-11-21 16:37:56,477] Trial 15 failed with parameters: {'model_name': 'Simple'} because of the following error: UnboundLocalError("local variable 'my_model' referenced before assignment").
Traceback (most recent call last):
  File "/home/ketrong/miniconda3/envs/tpot2devenv/lib/python3.10/site-packages/optuna/study/_optimize.py", line 200, in _run_trial
    value_or_values = func(trial)
  File "/common/ketrong/AutoImputeExp/tpot2_imputetest/Impute_Experiments/autoimpute.py", line 57, in obj
    my_model = autoutils.MyModel(random_state = self.random_state, **my_params)
  File "/common/ketrong/AutoImputeExp/tpot2_imputetest/Impute_Experiments/autoutils.py", line 55, in MyModel
    return my_model
UnboundLocalError: local variable 'my_model' referenced before assignment
  0%|          | 0/200 [00:02<?, ?it/s]                                       [W 2023-11-21 16:37:57,348] Trial 15 failed with value None.
  0%|          | 0/200 [00:02<?, ?it/s][W 2023-11-21 16:37:55,442] Trial 14 failed with parameters: {'model_name': 'Simple'} because of the following error: UnboundLocalError("local variable 'my_model' referenced before assignment").
Traceback (most recent call last):
  File "/home/ketrong/miniconda3/envs/tpot2devenv/lib/python3.10/site-packages/optuna/study/_optimize.py", line 200, in _run_trial
    value_or_values = func(trial)
  File "/common/ketrong/AutoImputeExp/tpot2_imputetest/Impute_Experiments/autoimpute.py", line 57, in obj
    my_model = autoutils.MyModel(random_state = self.random_state, **my_params)
  File "/common/ketrong/AutoImputeExp/tpot2_imputetest/Impute_Experiments/autoutils.py", line 55, in MyModel
    return my_model
UnboundLocalError: local variable 'my_model' referenced before assignment
                                         0%|          | 0/200 [00:03<?, ?it/s]                                       [W 2023-11-21 16:37:57,521] Trial 14 failed with value None.
  0%|          | 0/200 [00:03<?, ?it/s]                                       [W 2023-11-21 16:37:57,346] Trial 19 failed with parameters: {'model_name': 'Simple'} because of the following error: UnboundLocalError("local variable 'my_model' referenced before assignment").
Traceback (most recent call last):
  File "/home/ketrong/miniconda3/envs/tpot2devenv/lib/python3.10/site-packages/optuna/study/_optimize.py", line 200, in _run_trial
    value_or_values = func(trial)
  File "/common/ketrong/AutoImputeExp/tpot2_imputetest/Impute_Experiments/autoimpute.py", line 57, in obj
    my_model = autoutils.MyModel(random_state = self.random_state, **my_params)
  File "/common/ketrong/AutoImputeExp/tpot2_imputetest/Impute_Experiments/autoutils.py", line 55, in MyModel
    return my_model
UnboundLocalError: local variable 'my_model' referenced before assignment
  0%|          | 0/200 [00:03<?, ?it/s]                                       [W 2023-11-21 16:37:57,348] Trial 20 failed with parameters: {'model_name': 'Simple'} because of the following error: UnboundLocalError("local variable 'my_model' referenced before assignment").
Traceback (most recent call last):
  File "/home/ketrong/miniconda3/envs/tpot2devenv/lib/python3.10/site-packages/optuna/study/_optimize.py", line 200, in _run_trial
    value_or_values = func(trial)
  File "/common/ketrong/AutoImputeExp/tpot2_imputetest/Impute_Experiments/autoimpute.py", line 57, in obj
    my_model = autoutils.MyModel(random_state = self.random_state, **my_params)
  File "/common/ketrong/AutoImputeExp/tpot2_imputetest/Impute_Experiments/autoutils.py", line 55, in MyModel
    return my_model
UnboundLocalError: local variable 'my_model' referenced before assignment
  0%|          | 0/200 [00:03<?, ?it/s]                                         0%|          | 0/200 [00:03<?, ?it/s][W 2023-11-21 16:37:57,695] Trial 20 failed with value None.
[W 2023-11-21 16:37:57,000] Trial 18 failed with parameters: {'model_name': 'Simple'} because of the following error: UnboundLocalError("local variable 'my_model' referenced before assignment").
Traceback (most recent call last):
  File "/home/ketrong/miniconda3/envs/tpot2devenv/lib/python3.10/site-packages/optuna/study/_optimize.py", line 200, in _run_trial
    value_or_values = func(trial)
  File "/common/ketrong/AutoImputeExp/tpot2_imputetest/Impute_Experiments/autoimpute.py", line 57, in obj
    my_model = autoutils.MyModel(random_state = self.random_state, **my_params)
  File "/common/ketrong/AutoImputeExp/tpot2_imputetest/Impute_Experiments/autoutils.py", line 55, in MyModel
    return my_model
UnboundLocalError: local variable 'my_model' referenced before assignment
                                         0%|          | 0/200 [00:03<?, ?it/s]                                       [W 2023-11-21 16:37:57,864] Trial 18 failed with value None.
  0%|          | 0/200 [00:03<?, ?it/s]                                       [W 2023-11-21 16:37:57,692] Trial 19 failed with value None.
  0%|          | 0/200 [00:03<?, ?it/s][W 2023-11-21 16:37:57,692] Trial 22 failed with parameters: {'model_name': 'Simple'} because of the following error: UnboundLocalError("local variable 'my_model' referenced before assignment").
Traceback (most recent call last):
  File "/home/ketrong/miniconda3/envs/tpot2devenv/lib/python3.10/site-packages/optuna/study/_optimize.py", line 200, in _run_trial
    value_or_values = func(trial)
  File "/common/ketrong/AutoImputeExp/tpot2_imputetest/Impute_Experiments/autoimpute.py", line 57, in obj
    my_model = autoutils.MyModel(random_state = self.random_state, **my_params)
  File "/common/ketrong/AutoImputeExp/tpot2_imputetest/Impute_Experiments/autoutils.py", line 55, in MyModel
    return my_model
UnboundLocalError: local variable 'my_model' referenced before assignment
                                         0%|          | 0/200 [00:03<?, ?it/s][W 2023-11-21 16:37:58,229] Trial 22 failed with value None.
                                         0%|          | 0/200 [00:03<?, ?it/s][W 2023-11-21 16:37:57,695] Trial 24 failed with parameters: {'model_name': 'Simple'} because of the following error: UnboundLocalError("local variable 'my_model' referenced before assignment").
Traceback (most recent call last):
  File "/home/ketrong/miniconda3/envs/tpot2devenv/lib/python3.10/site-packages/optuna/study/_optimize.py", line 200, in _run_trial
    value_or_values = func(trial)
  File "/common/ketrong/AutoImputeExp/tpot2_imputetest/Impute_Experiments/autoimpute.py", line 57, in obj
    my_model = autoutils.MyModel(random_state = self.random_state, **my_params)
  File "/common/ketrong/AutoImputeExp/tpot2_imputetest/Impute_Experiments/autoutils.py", line 55, in MyModel
    return my_model
UnboundLocalError: local variable 'my_model' referenced before assignment
                                         0%|          | 0/200 [00:03<?, ?it/s]                                         0%|          | 0/200 [00:03<?, ?it/s][W 2023-11-21 16:37:58,448] Trial 24 failed with value None.
[W 2023-11-21 16:37:57,520] Trial 21 failed with parameters: {'model_name': 'Simple'} because of the following error: UnboundLocalError("local variable 'my_model' referenced before assignment").
Traceback (most recent call last):
  File "/home/ketrong/miniconda3/envs/tpot2devenv/lib/python3.10/site-packages/optuna/study/_optimize.py", line 200, in _run_trial
    value_or_values = func(trial)
  File "/common/ketrong/AutoImputeExp/tpot2_imputetest/Impute_Experiments/autoimpute.py", line 57, in obj
    my_model = autoutils.MyModel(random_state = self.random_state, **my_params)
  File "/common/ketrong/AutoImputeExp/tpot2_imputetest/Impute_Experiments/autoutils.py", line 55, in MyModel
    return my_model
UnboundLocalError: local variable 'my_model' referenced before assignment
                                         0%|          | 0/200 [00:04<?, ?it/s][W 2023-11-21 16:37:58,626] Trial 21 failed with value None.
                                         0%|          | 0/200 [00:04<?, ?it/s][W 2023-11-21 16:37:58,038] Trial 26 failed with parameters: {'model_name': 'Simple'} because of the following error: UnboundLocalError("local variable 'my_model' referenced before assignment").
Traceback (most recent call last):
  File "/home/ketrong/miniconda3/envs/tpot2devenv/lib/python3.10/site-packages/optuna/study/_optimize.py", line 200, in _run_trial
    value_or_values = func(trial)
  File "/common/ketrong/AutoImputeExp/tpot2_imputetest/Impute_Experiments/autoimpute.py", line 57, in obj
    my_model = autoutils.MyModel(random_state = self.random_state, **my_params)
  File "/common/ketrong/AutoImputeExp/tpot2_imputetest/Impute_Experiments/autoutils.py", line 55, in MyModel
    return my_model
UnboundLocalError: local variable 'my_model' referenced before assignment
                                         0%|          | 0/200 [00:04<?, ?it/s][W 2023-11-21 16:37:58,798] Trial 26 failed with value None.
                                         0%|          | 0/200 [00:04<?, ?it/s][W 2023-11-21 16:37:57,694] Trial 23 failed with parameters: {'model_name': 'Simple'} because of the following error: UnboundLocalError("local variable 'my_model' referenced before assignment").
Traceback (most recent call last):
  File "/home/ketrong/miniconda3/envs/tpot2devenv/lib/python3.10/site-packages/optuna/study/_optimize.py", line 200, in _run_trial
    value_or_values = func(trial)
  File "/common/ketrong/AutoImputeExp/tpot2_imputetest/Impute_Experiments/autoimpute.py", line 57, in obj
    my_model = autoutils.MyModel(random_state = self.random_state, **my_params)
  File "/common/ketrong/AutoImputeExp/tpot2_imputetest/Impute_Experiments/autoutils.py", line 55, in MyModel
    return my_model
UnboundLocalError: local variable 'my_model' referenced before assignment
                                         0%|          | 0/200 [00:04<?, ?it/s]                                         0%|          | 0/200 [00:04<?, ?it/s][W 2023-11-21 16:37:58,966] Trial 23 failed with value None.
                                       [W 2023-11-21 16:37:55,439] Trial 12 failed with parameters: {'model_name': 'Simple'} because of the following error: UnboundLocalError("local variable 'my_model' referenced before assignment").
Traceback (most recent call last):
  File "/home/ketrong/miniconda3/envs/tpot2devenv/lib/python3.10/site-packages/optuna/study/_optimize.py", line 200, in _run_trial
    value_or_values = func(trial)
  File "/common/ketrong/AutoImputeExp/tpot2_imputetest/Impute_Experiments/autoimpute.py", line 57, in obj
    my_model = autoutils.MyModel(random_state = self.random_state, **my_params)
  File "/common/ketrong/AutoImputeExp/tpot2_imputetest/Impute_Experiments/autoutils.py", line 55, in MyModel
    return my_model
UnboundLocalError: local variable 'my_model' referenced before assignment
  0%|          | 0/200 [00:04<?, ?it/s]                                         0%|          | 0/200 [00:04<?, ?it/s][W 2023-11-21 16:37:59,135] Trial 12 failed with value None.
[W 2023-11-21 16:37:58,797] Trial 29 failed with parameters: {'model_name': 'Simple'} because of the following error: UnboundLocalError("local variable 'my_model' referenced before assignment").
Traceback (most recent call last):
  File "/home/ketrong/miniconda3/envs/tpot2devenv/lib/python3.10/site-packages/optuna/study/_optimize.py", line 200, in _run_trial
    value_or_values = func(trial)
  File "/common/ketrong/AutoImputeExp/tpot2_imputetest/Impute_Experiments/autoimpute.py", line 57, in obj
    my_model = autoutils.MyModel(random_state = self.random_state, **my_params)
  File "/common/ketrong/AutoImputeExp/tpot2_imputetest/Impute_Experiments/autoutils.py", line 55, in MyModel
    return my_model
UnboundLocalError: local variable 'my_model' referenced before assignment
                                         0%|          | 0/200 [00:04<?, ?it/s]                                         0%|          | 0/200 [00:04<?, ?it/s][W 2023-11-21 16:37:59,307] Trial 29 failed with value None.
[W 2023-11-21 16:37:58,966] Trial 30 failed with parameters: {'model_name': 'Simple'} because of the following error: UnboundLocalError("local variable 'my_model' referenced before assignment").
Traceback (most recent call last):
  File "/home/ketrong/miniconda3/envs/tpot2devenv/lib/python3.10/site-packages/optuna/study/_optimize.py", line 200, in _run_trial
    value_or_values = func(trial)
  File "/common/ketrong/AutoImputeExp/tpot2_imputetest/Impute_Experiments/autoimpute.py", line 57, in obj
    my_model = autoutils.MyModel(random_state = self.random_state, **my_params)
  File "/common/ketrong/AutoImputeExp/tpot2_imputetest/Impute_Experiments/autoutils.py", line 55, in MyModel
    return my_model
UnboundLocalError: local variable 'my_model' referenced before assignment
                                         0%|          | 0/200 [00:05<?, ?it/s]                                       [W 2023-11-21 16:37:59,529] Trial 30 failed with value None.
  0%|          | 0/200 [00:05<?, ?it/s][W 2023-11-21 16:37:58,447] Trial 28 failed with parameters: {'model_name': 'Simple'} because of the following error: UnboundLocalError("local variable 'my_model' referenced before assignment").
Traceback (most recent call last):
  File "/home/ketrong/miniconda3/envs/tpot2devenv/lib/python3.10/site-packages/optuna/study/_optimize.py", line 200, in _run_trial
    value_or_values = func(trial)
  File "/common/ketrong/AutoImputeExp/tpot2_imputetest/Impute_Experiments/autoimpute.py", line 57, in obj
    my_model = autoutils.MyModel(random_state = self.random_state, **my_params)
  File "/common/ketrong/AutoImputeExp/tpot2_imputetest/Impute_Experiments/autoutils.py", line 55, in MyModel
    return my_model
UnboundLocalError: local variable 'my_model' referenced before assignment
                                         0%|          | 0/200 [00:05<?, ?it/s][W 2023-11-21 16:37:59,711] Trial 28 failed with value None.
                                         0%|          | 0/200 [00:05<?, ?it/s]                                       [W 2023-11-21 16:37:58,037] Trial 25 failed with parameters: {'model_name': 'Simple'} because of the following error: UnboundLocalError("local variable 'my_model' referenced before assignment").
Traceback (most recent call last):
  File "/home/ketrong/miniconda3/envs/tpot2devenv/lib/python3.10/site-packages/optuna/study/_optimize.py", line 200, in _run_trial
    value_or_values = func(trial)
  File "/common/ketrong/AutoImputeExp/tpot2_imputetest/Impute_Experiments/autoimpute.py", line 57, in obj
    my_model = autoutils.MyModel(random_state = self.random_state, **my_params)
  File "/common/ketrong/AutoImputeExp/tpot2_imputetest/Impute_Experiments/autoutils.py", line 55, in MyModel
    return my_model
UnboundLocalError: local variable 'my_model' referenced before assignment
  0%|          | 0/200 [00:05<?, ?it/s]                                       [W 2023-11-21 16:37:59,882] Trial 25 failed with value None.
  0%|          | 0/200 [00:05<?, ?it/s][W 2023-11-21 16:37:58,039] Trial 27 failed with parameters: {'model_name': 'Simple'} because of the following error: UnboundLocalError("local variable 'my_model' referenced before assignment").
Traceback (most recent call last):
  File "/home/ketrong/miniconda3/envs/tpot2devenv/lib/python3.10/site-packages/optuna/study/_optimize.py", line 200, in _run_trial
    value_or_values = func(trial)
  File "/common/ketrong/AutoImputeExp/tpot2_imputetest/Impute_Experiments/autoimpute.py", line 57, in obj
    my_model = autoutils.MyModel(random_state = self.random_state, **my_params)
  File "/common/ketrong/AutoImputeExp/tpot2_imputetest/Impute_Experiments/autoutils.py", line 55, in MyModel
    return my_model
UnboundLocalError: local variable 'my_model' referenced before assignment                                       
  0%|          | 0/200 [00:05<?, ?it/s][W 2023-11-21 16:37:59,528] Trial 34 failed with parameters: {'model_name': 'Simple'} because of the following error: UnboundLocalError("local variable 'my_model' referenced before assignment").
Traceback (most recent call last):
  File "/home/ketrong/miniconda3/envs/tpot2devenv/lib/python3.10/site-packages/optuna/study/_optimize.py", line 200, in _run_trial
    value_or_values = func(trial)
  File "/common/ketrong/AutoImputeExp/tpot2_imputetest/Impute_Experiments/autoimpute.py", line 57, in obj
    my_model = autoutils.MyModel(random_state = self.random_state, **my_params)
  File "/common/ketrong/AutoImputeExp/tpot2_imputetest/Impute_Experiments/autoutils.py", line 55, in MyModel
    return my_model
UnboundLocalError: local variable 'my_model' referenced before assignment
                                         0%|          | 0/200 [00:05<?, ?it/s]                                       [W 2023-11-21 16:38:00,062] Trial 34 failed with value None.
  0%|          | 0/200 [00:05<?, ?it/s][W 2023-11-21 16:37:59,134] Trial 31 failed with parameters: {'model_name': 'Simple'} because of the following error: UnboundLocalError("local variable 'my_model' referenced before assignment").
Traceback (most recent call last):
  File "/home/ketrong/miniconda3/envs/tpot2devenv/lib/python3.10/site-packages/optuna/study/_optimize.py", line 200, in _run_trial
    value_or_values = func(trial)
  File "/common/ketrong/AutoImputeExp/tpot2_imputetest/Impute_Experiments/autoimpute.py", line 57, in obj
    my_model = autoutils.MyModel(random_state = self.random_state, **my_params)
  File "/common/ketrong/AutoImputeExp/tpot2_imputetest/Impute_Experiments/autoutils.py", line 55, in MyModel
    return my_model
UnboundLocalError: local variable 'my_model' referenced before assignment
                                         0%|          | 0/200 [00:05<?, ?it/s][W 2023-11-21 16:38:00,241] Trial 31 failed with value None.
                                         0%|          | 0/200 [00:05<?, ?it/s][W 2023-11-21 16:37:59,883] Trial 35 failed with parameters: {'model_name': 'Simple'} because of the following error: UnboundLocalError("local variable 'my_model' referenced before assignment").
Traceback (most recent call last):
  File "/home/ketrong/miniconda3/envs/tpot2devenv/lib/python3.10/site-packages/optuna/study/_optimize.py", line 200, in _run_trial
    value_or_values = func(trial)
  File "/common/ketrong/AutoImputeExp/tpot2_imputetest/Impute_Experiments/autoimpute.py", line 57, in obj
    my_model = autoutils.MyModel(random_state = self.random_state, **my_params)
  File "/common/ketrong/AutoImputeExp/tpot2_imputetest/Impute_Experiments/autoutils.py", line 55, in MyModel
    return my_model
UnboundLocalError: local variable 'my_model' referenced before assignment
                                         0%|          | 0/200 [00:05<?, ?it/s]                                         0%|          | 0/200 [00:05<?, ?it/s][W 2023-11-21 16:38:00,414] Trial 35 failed with value None.
[W 2023-11-21 16:38:00,061] Trial 37 failed with parameters: {'model_name': 'Simple'} because of the following error: UnboundLocalError("local variable 'my_model' referenced before assignment").
Traceback (most recent call last):
  File "/home/ketrong/miniconda3/envs/tpot2devenv/lib/python3.10/site-packages/optuna/study/_optimize.py", line 200, in _run_trial
    value_or_values = func(trial)
  File "/common/ketrong/AutoImputeExp/tpot2_imputetest/Impute_Experiments/autoimpute.py", line 57, in obj
    my_model = autoutils.MyModel(random_state = self.random_state, **my_params)
  File "/common/ketrong/AutoImputeExp/tpot2_imputetest/Impute_Experiments/autoutils.py", line 55, in MyModel
    return my_model
UnboundLocalError: local variable 'my_model' referenced before assignment
                                         0%|          | 0/200 [00:06<?, ?it/s][W 2023-11-21 16:38:00,061] Trial 27 failed with value None.
                                         0%|          | 0/200 [00:06<?, ?it/s][W 2023-11-21 16:38:00,062] Trial 38 failed with parameters: {'model_name': 'Simple'} because of the following error: UnboundLocalError("local variable 'my_model' referenced before assignment").
Traceback (most recent call last):
  File "/home/ketrong/miniconda3/envs/tpot2devenv/lib/python3.10/site-packages/optuna/study/_optimize.py", line 200, in _run_trial
    value_or_values = func(trial)
  File "/common/ketrong/AutoImputeExp/tpot2_imputetest/Impute_Experiments/autoimpute.py", line 57, in obj
    my_model = autoutils.MyModel(random_state = self.random_state, **my_params)
  File "/common/ketrong/AutoImputeExp/tpot2_imputetest/Impute_Experiments/autoutils.py", line 55, in MyModel
    return my_model
UnboundLocalError: local variable 'my_model' referenced before assignment                                       
  0%|          | 0/200 [00:06<?, ?it/s]                                       [W 2023-11-21 16:38:00,803] Trial 38 failed with value None.
  0%|          | 0/200 [00:06<?, ?it/s][W 2023-11-21 16:37:59,306] Trial 33 failed with parameters: {'model_name': 'Simple'} because of the following error: UnboundLocalError("local variable 'my_model' referenced before assignment").
Traceback (most recent call last):
  File "/home/ketrong/miniconda3/envs/tpot2devenv/lib/python3.10/site-packages/optuna/study/_optimize.py", line 200, in _run_trial
    value_or_values = func(trial)
  File "/common/ketrong/AutoImputeExp/tpot2_imputetest/Impute_Experiments/autoimpute.py", line 57, in obj
    my_model = autoutils.MyModel(random_state = self.random_state, **my_params)
  File "/common/ketrong/AutoImputeExp/tpot2_imputetest/Impute_Experiments/autoutils.py", line 55, in MyModel
    return my_model
UnboundLocalError: local variable 'my_model' referenced before assignment
                                         0%|          | 0/200 [00:06<?, ?it/s]                                       [W 2023-11-21 16:38:00,990] Trial 33 failed with value None.
  0%|          | 0/200 [00:06<?, ?it/s][W 2023-11-21 16:38:00,582] Trial 39 failed with parameters: {'model_name': 'Simple'} because of the following error: UnboundLocalError("local variable 'my_model' referenced before assignment").
Traceback (most recent call last):
  File "/home/ketrong/miniconda3/envs/tpot2devenv/lib/python3.10/site-packages/optuna/study/_optimize.py", line 200, in _run_trial
    value_or_values = func(trial)
  File "/common/ketrong/AutoImputeExp/tpot2_imputetest/Impute_Experiments/autoimpute.py", line 57, in obj
    my_model = autoutils.MyModel(random_state = self.random_state, **my_params)
  File "/common/ketrong/AutoImputeExp/tpot2_imputetest/Impute_Experiments/autoutils.py", line 55, in MyModel
    return my_model
UnboundLocalError: local variable 'my_model' referenced before assignment
                                         0%|          | 0/200 [00:06<?, ?it/s][W 2023-11-21 16:38:01,162] Trial 39 failed with value None.
                                         0%|          | 0/200 [00:06<?, ?it/s][W 2023-11-21 16:38:00,584] Trial 40 failed with parameters: {'model_name': 'Simple'} because of the following error: UnboundLocalError("local variable 'my_model' referenced before assignment").
Traceback (most recent call last):
  File "/home/ketrong/miniconda3/envs/tpot2devenv/lib/python3.10/site-packages/optuna/study/_optimize.py", line 200, in _run_trial
    value_or_values = func(trial)
  File "/common/ketrong/AutoImputeExp/tpot2_imputetest/Impute_Experiments/autoimpute.py", line 57, in obj
    my_model = autoutils.MyModel(random_state = self.random_state, **my_params)
  File "/common/ketrong/AutoImputeExp/tpot2_imputetest/Impute_Experiments/autoutils.py", line 55, in MyModel
    return my_model
UnboundLocalError: local variable 'my_model' referenced before assignment
                                         0%|          | 0/200 [00:06<?, ?it/s]                                         0%|          | 0/200 [00:06<?, ?it/s][W 2023-11-21 16:38:01,334] Trial 40 failed with value None.
[W 2023-11-21 16:37:59,135] Trial 32 failed with parameters: {'model_name': 'Simple'} because of the following error: UnboundLocalError("local variable 'my_model' referenced before assignment").
Traceback (most recent call last):
  File "/home/ketrong/miniconda3/envs/tpot2devenv/lib/python3.10/site-packages/optuna/study/_optimize.py", line 200, in _run_trial
    value_or_values = func(trial)
  File "/common/ketrong/AutoImputeExp/tpot2_imputetest/Impute_Experiments/autoimpute.py", line 57, in obj
    my_model = autoutils.MyModel(random_state = self.random_state, **my_params)
  File "/common/ketrong/AutoImputeExp/tpot2_imputetest/Impute_Experiments/autoutils.py", line 55, in MyModel
    return my_model
UnboundLocalError: local variable 'my_model' referenced before assignment
                                         0%|          | 0/200 [00:07<?, ?it/s]                                       [W 2023-11-21 16:38:01,503] Trial 32 failed with value None.
  0%|          | 0/200 [00:07<?, ?it/s][W 2023-11-21 16:38:00,990] Trial 43 failed with parameters: {'model_name': 'Simple'} because of the following error: UnboundLocalError("local variable 'my_model' referenced before assignment").
Traceback (most recent call last):
  File "/home/ketrong/miniconda3/envs/tpot2devenv/lib/python3.10/site-packages/optuna/study/_optimize.py", line 200, in _run_trial
    value_or_values = func(trial)
  File "/common/ketrong/AutoImputeExp/tpot2_imputetest/Impute_Experiments/autoimpute.py", line 57, in obj
    my_model = autoutils.MyModel(random_state = self.random_state, **my_params)
  File "/common/ketrong/AutoImputeExp/tpot2_imputetest/Impute_Experiments/autoutils.py", line 55, in MyModel
    return my_model
UnboundLocalError: local variable 'my_model' referenced before assignment
                                         0%|          | 0/200 [00:07<?, ?it/s]                                       [W 2023-11-21 16:38:01,671] Trial 43 failed with value None.
  0%|          | 0/200 [00:07<?, ?it/s][W 2023-11-21 16:38:01,161] Trial 44 failed with parameters: {'model_name': 'Simple'} because of the following error: UnboundLocalError("local variable 'my_model' referenced before assignment").
Traceback (most recent call last):
  File "/home/ketrong/miniconda3/envs/tpot2devenv/lib/python3.10/site-packages/optuna/study/_optimize.py", line 200, in _run_trial
    value_or_values = func(trial)
  File "/common/ketrong/AutoImputeExp/tpot2_imputetest/Impute_Experiments/autoimpute.py", line 57, in obj
    my_model = autoutils.MyModel(random_state = self.random_state, **my_params)
  File "/common/ketrong/AutoImputeExp/tpot2_imputetest/Impute_Experiments/autoutils.py", line 55, in MyModel
    return my_model
UnboundLocalError: local variable 'my_model' referenced before assignment
                                         0%|          | 0/200 [00:07<?, ?it/s]                                         0%|          | 0/200 [00:07<?, ?it/s][W 2023-11-21 16:38:01,843] Trial 44 failed with value None.
[W 2023-11-21 16:38:01,333] Trial 45 failed with parameters: {'model_name': 'Simple'} because of the following error: UnboundLocalError("local variable 'my_model' referenced before assignment").
Traceback (most recent call last):
  File "/home/ketrong/miniconda3/envs/tpot2devenv/lib/python3.10/site-packages/optuna/study/_optimize.py", line 200, in _run_trial
    value_or_values = func(trial)
  File "/common/ketrong/AutoImputeExp/tpot2_imputetest/Impute_Experiments/autoimpute.py", line 57, in obj
    my_model = autoutils.MyModel(random_state = self.random_state, **my_params)
  File "/common/ketrong/AutoImputeExp/tpot2_imputetest/Impute_Experiments/autoutils.py", line 55, in MyModel
    return my_model
UnboundLocalError: local variable 'my_model' referenced before assignment
                                         0%|          | 0/200 [00:07<?, ?it/s][W 2023-11-21 16:38:02,014] Trial 45 failed with value None.
                                         0%|          | 0/200 [00:07<?, ?it/s][W 2023-11-21 16:38:01,502] Trial 46 failed with parameters: {'model_name': 'Simple'} because of the following error: UnboundLocalError("local variable 'my_model' referenced before assignment").
Traceback (most recent call last):
  File "/home/ketrong/miniconda3/envs/tpot2devenv/lib/python3.10/site-packages/optuna/study/_optimize.py", line 200, in _run_trial
    value_or_values = func(trial)
  File "/common/ketrong/AutoImputeExp/tpot2_imputetest/Impute_Experiments/autoimpute.py", line 57, in obj
    my_model = autoutils.MyModel(random_state = self.random_state, **my_params)
  File "/common/ketrong/AutoImputeExp/tpot2_imputetest/Impute_Experiments/autoutils.py", line 55, in MyModel
    return my_model
UnboundLocalError: local variable 'my_model' referenced before assignment
                                         0%|          | 0/200 [00:07<?, ?it/s]                                       [W 2023-11-21 16:38:02,184] Trial 46 failed with value None.
  0%|          | 0/200 [00:07<?, ?it/s][W 2023-11-21 16:38:00,060] Trial 36 failed with parameters: {'model_name': 'Simple'} because of the following error: UnboundLocalError("local variable 'my_model' referenced before assignment").
Traceback (most recent call last):
  File "/home/ketrong/miniconda3/envs/tpot2devenv/lib/python3.10/site-packages/optuna/study/_optimize.py", line 200, in _run_trial
    value_or_values = func(trial)
  File "/common/ketrong/AutoImputeExp/tpot2_imputetest/Impute_Experiments/autoimpute.py", line 57, in obj
    my_model = autoutils.MyModel(random_state = self.random_state, **my_params)
  File "/common/ketrong/AutoImputeExp/tpot2_imputetest/Impute_Experiments/autoutils.py", line 55, in MyModel
    return my_model
UnboundLocalError: local variable 'my_model' referenced before assignment
                                         0%|          | 0/200 [00:07<?, ?it/s][W 2023-11-21 16:38:02,404] Trial 36 failed with value None.
                                         0%|          | 0/200 [00:07<?, ?it/s]                                       [W 2023-11-21 16:38:00,583] Trial 37 failed with value None.
  0%|          | 0/200 [00:08<?, ?it/s][W 2023-11-21 16:38:00,803] Trial 41 failed with parameters: {'model_name': 'Simple'} because of the following error: UnboundLocalError("local variable 'my_model' referenced before assignment").
Traceback (most recent call last):
  File "/home/ketrong/miniconda3/envs/tpot2devenv/lib/python3.10/site-packages/optuna/study/_optimize.py", line 200, in _run_trial
    value_or_values = func(trial)
  File "/common/ketrong/AutoImputeExp/tpot2_imputetest/Impute_Experiments/autoimpute.py", line 57, in obj
    my_model = autoutils.MyModel(random_state = self.random_state, **my_params)
  File "/common/ketrong/AutoImputeExp/tpot2_imputetest/Impute_Experiments/autoutils.py", line 55, in MyModel
    return my_model
UnboundLocalError: local variable 'my_model' referenced before assignment
                                         0%|          | 0/200 [00:08<?, ?it/s]                                         0%|          | 0/200 [00:08<?, ?it/s][W 2023-11-21 16:38:02,820] Trial 41 failed with value None.
[W 2023-11-21 16:38:00,804] Trial 42 failed with parameters: {'model_name': 'Simple'} because of the following error: UnboundLocalError("local variable 'my_model' referenced before assignment").
Traceback (most recent call last):
  File "/home/ketrong/miniconda3/envs/tpot2devenv/lib/python3.10/site-packages/optuna/study/_optimize.py", line 200, in _run_trial
    value_or_values = func(trial)
  File "/common/ketrong/AutoImputeExp/tpot2_imputetest/Impute_Experiments/autoimpute.py", line 57, in obj
    my_model = autoutils.MyModel(random_state = self.random_state, **my_params)
  File "/common/ketrong/AutoImputeExp/tpot2_imputetest/Impute_Experiments/autoutils.py", line 55, in MyModel
    return my_model
UnboundLocalError: local variable 'my_model' referenced before assignment
                                         0%|          | 0/200 [00:08<?, ?it/s]                                       [W 2023-11-21 16:38:03,001] Trial 42 failed with value None.
  0%|          | 0/200 [00:08<?, ?it/s][W 2023-11-21 16:38:01,843] Trial 47 failed with parameters: {'model_name': 'Simple'} because of the following error: UnboundLocalError("local variable 'my_model' referenced before assignment").
Traceback (most recent call last):
  File "/home/ketrong/miniconda3/envs/tpot2devenv/lib/python3.10/site-packages/optuna/study/_optimize.py", line 200, in _run_trial
    value_or_values = func(trial)
  File "/common/ketrong/AutoImputeExp/tpot2_imputetest/Impute_Experiments/autoimpute.py", line 57, in obj
    my_model = autoutils.MyModel(random_state = self.random_state, **my_params)
  File "/common/ketrong/AutoImputeExp/tpot2_imputetest/Impute_Experiments/autoutils.py", line 55, in MyModel
    return my_model
UnboundLocalError: local variable 'my_model' referenced before assignment
                                         0%|          | 0/200 [00:08<?, ?it/s]                                         0%|          | 0/200 [00:08<?, ?it/s][W 2023-11-21 16:38:03,171] Trial 47 failed with value None.
  0%|          | 0/200 [00:08<?, ?it/s]
failed on 
tpot2_imputetest/Impute_Experiments/logs//tpot2_base_imputation_6_0.5_MAR_2
local variable 'my_model' referenced before assignment
Traceback (most recent call last):
  File "/common/ketrong/AutoImputeExp/tpot2_imputetest/Impute_Experiments/utils.py", line 178, in loop_through_tasks
    AutoImputeSpace.fit(X_train_pandas)
  File "/common/ketrong/AutoImputeExp/tpot2_imputetest/Impute_Experiments/autoimpute.py", line 60, in fit
    self.study.optimize(obj, n_trials=self.n_trials, n_jobs=self.n_jobs, show_progress_bar=self.show_progress, gc_after_trial=self.garbage_collect)
  File "/home/ketrong/miniconda3/envs/tpot2devenv/lib/python3.10/site-packages/optuna/study/study.py", line 451, in optimize
    _optimize(
  File "/home/ketrong/miniconda3/envs/tpot2devenv/lib/python3.10/site-packages/optuna/study/_optimize.py", line 103, in _optimize
    f.result()
  File "/home/ketrong/miniconda3/envs/tpot2devenv/lib/python3.10/concurrent/futures/_base.py", line 451, in result
    return self.__get_result()
  File "/home/ketrong/miniconda3/envs/tpot2devenv/lib/python3.10/concurrent/futures/_base.py", line 403, in __get_result
    raise self._exception
  File "/home/ketrong/miniconda3/envs/tpot2devenv/lib/python3.10/concurrent/futures/thread.py", line 58, in run
    result = self.fn(*self.args, **self.kwargs)
  File "/home/ketrong/miniconda3/envs/tpot2devenv/lib/python3.10/site-packages/optuna/study/_optimize.py", line 163, in _optimize_sequential
    frozen_trial = _run_trial(study, func, catch)
  File "/home/ketrong/miniconda3/envs/tpot2devenv/lib/python3.10/site-packages/optuna/study/_optimize.py", line 251, in _run_trial
    raise func_err
  File "/home/ketrong/miniconda3/envs/tpot2devenv/lib/python3.10/site-packages/optuna/study/_optimize.py", line 200, in _run_trial
    value_or_values = func(trial)
  File "/common/ketrong/AutoImputeExp/tpot2_imputetest/Impute_Experiments/autoimpute.py", line 57, in obj
    my_model = autoutils.MyModel(random_state = self.random_state, **my_params)
  File "/common/ketrong/AutoImputeExp/tpot2_imputetest/Impute_Experiments/autoutils.py", line 55, in MyModel
    return my_model
UnboundLocalError: local variable 'my_model' referenced before assignment

DONE
