/cm/local/apps/slurm/var/spool/job402256/slurm_script: line 19: /common/ketrong/minconda3/etc/profile.d/conda.sh: No such file or directory
/cm/local/apps/slurm/var/spool/job402256/slurm_script: line 22: $'\nconda create --name tpot2devenv -c conda-forge python=3.10\n': command not found
/cm/local/apps/slurm/var/spool/job402256/slurm_script: line 27: $'\npip install -r requirements.txt\n': command not found
RunStart
2023-11-21 09:52:53.836953: I tensorflow/core/util/port.cc:113] oneDNN custom operations are on. You may see slightly different numerical results due to floating-point round-off errors from different computation orders. To turn them off, set the environment variable `TF_ENABLE_ONEDNN_OPTS=0`.
2023-11-21 09:52:53.871457: E external/local_xla/xla/stream_executor/cuda/cuda_dnn.cc:9261] Unable to register cuDNN factory: Attempting to register factory for plugin cuDNN when one has already been registered
2023-11-21 09:52:53.871483: E external/local_xla/xla/stream_executor/cuda/cuda_fft.cc:607] Unable to register cuFFT factory: Attempting to register factory for plugin cuFFT when one has already been registered
2023-11-21 09:52:53.872604: E external/local_xla/xla/stream_executor/cuda/cuda_blas.cc:1515] Unable to register cuBLAS factory: Attempting to register factory for plugin cuBLAS when one has already been registered
2023-11-21 09:52:53.878117: I tensorflow/core/platform/cpu_feature_guard.cc:182] This TensorFlow binary is optimized to use available CPU instructions in performance-critical operations.
To enable the following instructions: AVX2 AVX512F AVX512_VNNI FMA, in other operations, rebuild TensorFlow with the appropriate compiler flags.
2023-11-21 09:52:55.561976: W tensorflow/compiler/tf2tensorrt/utils/py_utils.cc:38] TF-TRT Warning: Could not find TensorRT
WARNING:tensorflow:From /home/ketrong/miniconda3/envs/tpot2devenv/lib/python3.10/site-packages/tensorflow/python/compat/v2_compat.py:108: disable_resource_variables (from tensorflow.python.ops.variable_scope) is deprecated and will be removed in a future version.
Instructions for updating:
non-resource variables are not supported in the long term
working on 
tpot2_imputetest/Impute_Experiments/logs//tpot2_base_imputation_6_0.9_MNAR_0
loading data
tpot2_imputetest/Impute_Experiments/data/6_True.pkl
running experiment 1/3 - Does large hyperparameter space improve reconstruction accuracy over simple
[I 2023-11-21 09:54:10,045] A new study created in memory with name: no-name-cc129776-ab11-4d85-9d13-7cf5a73799c5
[I 2023-11-21 09:54:10,979] Trial 0 finished with value: 6.610899068224372 and parameters: {'model_name': 'SimpleImputer', 'strategy': 'constant'}. Best is trial 0 with value: 6.610899068224372.
[I 2023-11-21 09:54:11,674] Trial 2 finished with value: 6.610899068224372 and parameters: {'model_name': 'SimpleImputer', 'strategy': 'constant'}. Best is trial 0 with value: 6.610899068224372.
[I 2023-11-21 09:54:12,008] Trial 5 finished with value: 6.610899068224372 and parameters: {'model_name': 'SimpleImputer', 'strategy': 'constant'}. Best is trial 0 with value: 6.610899068224372.
[I 2023-11-21 09:54:12,335] Trial 4 finished with value: 6.610899068224372 and parameters: {'model_name': 'SimpleImputer', 'strategy': 'constant'}. Best is trial 0 with value: 6.610899068224372.
[I 2023-11-21 09:54:12,918] Trial 16 finished with value: 6.610899068224372 and parameters: {'model_name': 'SimpleImputer', 'strategy': 'constant'}. Best is trial 0 with value: 6.610899068224372.
[I 2023-11-21 09:54:13,249] Trial 9 finished with value: 6.610899068224372 and parameters: {'model_name': 'SimpleImputer', 'strategy': 'constant'}. Best is trial 0 with value: 6.610899068224372.
[I 2023-11-21 09:54:13,509] Trial 8 finished with value: 6.610899068224372 and parameters: {'model_name': 'SimpleImputer', 'strategy': 'constant'}. Best is trial 0 with value: 6.610899068224372.
[I 2023-11-21 09:54:13,814] Trial 20 finished with value: 6.610899068224372 and parameters: {'model_name': 'SimpleImputer', 'strategy': 'constant'}. Best is trial 0 with value: 6.610899068224372.
[I 2023-11-21 09:54:14,115] Trial 21 finished with value: 2.341992474192322 and parameters: {'model_name': 'SimpleImputer', 'strategy': 'mean'}. Best is trial 21 with value: 2.341992474192322.
[I 2023-11-21 09:54:14,589] Trial 15 finished with value: 6.610899068224372 and parameters: {'model_name': 'SimpleImputer', 'strategy': 'constant'}. Best is trial 21 with value: 2.341992474192322.
[I 2023-11-21 09:54:14,806] Trial 25 finished with value: 6.610899068224372 and parameters: {'model_name': 'SimpleImputer', 'strategy': 'constant'}. Best is trial 21 with value: 2.341992474192322.
[I 2023-11-21 09:54:15,225] Trial 12 finished with value: 2.341992474192322 and parameters: {'model_name': 'SimpleImputer', 'strategy': 'mean'}. Best is trial 21 with value: 2.341992474192322.
[I 2023-11-21 09:54:15,608] Trial 18 finished with value: 2.341992474192322 and parameters: {'model_name': 'SimpleImputer', 'strategy': 'mean'}. Best is trial 21 with value: 2.341992474192322.
[I 2023-11-21 09:54:15,814] Trial 13 finished with value: 2.341992474192322 and parameters: {'model_name': 'SimpleImputer', 'strategy': 'mean'}. Best is trial 21 with value: 2.341992474192322.
[I 2023-11-21 09:54:16,114] Trial 23 finished with value: 2.341992474192322 and parameters: {'model_name': 'SimpleImputer', 'strategy': 'mean'}. Best is trial 21 with value: 2.341992474192322.
[I 2023-11-21 09:54:16,520] Trial 27 finished with value: 2.341992474192322 and parameters: {'model_name': 'SimpleImputer', 'strategy': 'mean'}. Best is trial 21 with value: 2.341992474192322.
[I 2023-11-21 09:54:16,756] Trial 35 finished with value: 6.610899068224372 and parameters: {'model_name': 'SimpleImputer', 'strategy': 'constant'}. Best is trial 21 with value: 2.341992474192322.
[I 2023-11-21 09:54:16,948] Trial 40 finished with value: 6.610899068224372 and parameters: {'model_name': 'SimpleImputer', 'strategy': 'constant'}. Best is trial 21 with value: 2.341992474192322.
[I 2023-11-21 09:54:17,195] Trial 34 finished with value: 2.341992474192322 and parameters: {'model_name': 'SimpleImputer', 'strategy': 'mean'}. Best is trial 21 with value: 2.341992474192322.
[I 2023-11-21 09:54:17,382] Trial 22 finished with value: 2.341992474192322 and parameters: {'model_name': 'SimpleImputer', 'strategy': 'mean'}. Best is trial 21 with value: 2.341992474192322.
[I 2023-11-21 09:54:17,636] Trial 32 finished with value: 2.341992474192322 and parameters: {'model_name': 'SimpleImputer', 'strategy': 'mean'}. Best is trial 21 with value: 2.341992474192322.
[I 2023-11-21 09:54:17,833] Trial 39 finished with value: 6.610899068224372 and parameters: {'model_name': 'SimpleImputer', 'strategy': 'constant'}. Best is trial 21 with value: 2.341992474192322.
[I 2023-11-21 09:54:18,134] Trial 47 finished with value: 6.610899068224372 and parameters: {'model_name': 'SimpleImputer', 'strategy': 'constant'}. Best is trial 21 with value: 2.341992474192322.
[I 2023-11-21 09:54:18,372] Trial 43 finished with value: 6.610899068224372 and parameters: {'model_name': 'SimpleImputer', 'strategy': 'constant'}. Best is trial 21 with value: 2.341992474192322.
[I 2023-11-21 09:54:18,618] Trial 3 finished with value: 2.384898517993374 and parameters: {'model_name': 'SimpleImputer', 'strategy': 'median'}. Best is trial 21 with value: 2.341992474192322.
[I 2023-11-21 09:54:18,859] Trial 6 finished with value: 2.384898517993374 and parameters: {'model_name': 'SimpleImputer', 'strategy': 'median'}. Best is trial 21 with value: 2.341992474192322.
[I 2023-11-21 09:54:19,177] Trial 1 finished with value: 2.384898517993374 and parameters: {'model_name': 'SimpleImputer', 'strategy': 'median'}. Best is trial 21 with value: 2.341992474192322.
[I 2023-11-21 09:54:19,451] Trial 44 finished with value: 2.341992474192322 and parameters: {'model_name': 'SimpleImputer', 'strategy': 'mean'}. Best is trial 21 with value: 2.341992474192322.
[I 2023-11-21 09:54:19,694] Trial 42 finished with value: 2.341992474192322 and parameters: {'model_name': 'SimpleImputer', 'strategy': 'mean'}. Best is trial 21 with value: 2.341992474192322.
[I 2023-11-21 09:54:20,000] Trial 10 finished with value: 2.384898517993374 and parameters: {'model_name': 'SimpleImputer', 'strategy': 'median'}. Best is trial 21 with value: 2.341992474192322.
[I 2023-11-21 09:54:20,303] Trial 37 finished with value: 2.341992474192322 and parameters: {'model_name': 'SimpleImputer', 'strategy': 'mean'}. Best is trial 21 with value: 2.341992474192322.
[I 2023-11-21 09:54:20,618] Trial 36 finished with value: 2.341992474192322 and parameters: {'model_name': 'SimpleImputer', 'strategy': 'mean'}. Best is trial 21 with value: 2.341992474192322.
[I 2023-11-21 09:54:20,893] Trial 45 finished with value: 2.341992474192322 and parameters: {'model_name': 'SimpleImputer', 'strategy': 'mean'}. Best is trial 21 with value: 2.341992474192322.
[I 2023-11-21 09:54:21,221] Trial 52 finished with value: 6.610899068224372 and parameters: {'model_name': 'SimpleImputer', 'strategy': 'constant'}. Best is trial 21 with value: 2.341992474192322.
[I 2023-11-21 09:54:21,431] Trial 48 finished with value: 2.341992474192322 and parameters: {'model_name': 'SimpleImputer', 'strategy': 'mean'}. Best is trial 21 with value: 2.341992474192322.
[I 2023-11-21 09:54:21,713] Trial 51 finished with value: 6.610899068224372 and parameters: {'model_name': 'SimpleImputer', 'strategy': 'constant'}. Best is trial 21 with value: 2.341992474192322.
[I 2023-11-21 09:54:22,055] Trial 24 finished with value: 2.384898517993374 and parameters: {'model_name': 'SimpleImputer', 'strategy': 'median'}. Best is trial 21 with value: 2.341992474192322.
[I 2023-11-21 09:54:22,425] Trial 30 finished with value: 2.384898517993374 and parameters: {'model_name': 'SimpleImputer', 'strategy': 'median'}. Best is trial 21 with value: 2.341992474192322.
[I 2023-11-21 09:54:22,662] Trial 49 finished with value: 2.341992474192322 and parameters: {'model_name': 'SimpleImputer', 'strategy': 'mean'}. Best is trial 21 with value: 2.341992474192322.
[I 2023-11-21 09:54:22,934] Trial 17 finished with value: 2.384898517993374 and parameters: {'model_name': 'SimpleImputer', 'strategy': 'median'}. Best is trial 21 with value: 2.341992474192322.
[I 2023-11-21 09:54:23,178] Trial 56 finished with value: 6.610899068224372 and parameters: {'model_name': 'SimpleImputer', 'strategy': 'constant'}. Best is trial 21 with value: 2.341992474192322.
[I 2023-11-21 09:54:23,460] Trial 41 finished with value: 2.384898517993374 and parameters: {'model_name': 'SimpleImputer', 'strategy': 'median'}. Best is trial 21 with value: 2.341992474192322.
[I 2023-11-21 09:54:23,844] Trial 26 finished with value: 2.384898517993374 and parameters: {'model_name': 'SimpleImputer', 'strategy': 'median'}. Best is trial 21 with value: 2.341992474192322.
[I 2023-11-21 09:54:24,093] Trial 50 finished with value: 2.341992474192322 and parameters: {'model_name': 'SimpleImputer', 'strategy': 'mean'}. Best is trial 21 with value: 2.341992474192322.
[I 2023-11-21 09:54:24,444] Trial 33 finished with value: 2.384898517993374 and parameters: {'model_name': 'SimpleImputer', 'strategy': 'median'}. Best is trial 21 with value: 2.341992474192322.
[I 2023-11-21 09:54:24,874] Trial 55 finished with value: 2.341992474192322 and parameters: {'model_name': 'SimpleImputer', 'strategy': 'mean'}. Best is trial 21 with value: 2.341992474192322.
[I 2023-11-21 09:54:25,258] Trial 53 finished with value: 2.341992474192322 and parameters: {'model_name': 'SimpleImputer', 'strategy': 'mean'}. Best is trial 21 with value: 2.341992474192322.
[I 2023-11-21 09:54:25,716] Trial 58 finished with value: 2.341992474192322 and parameters: {'model_name': 'SimpleImputer', 'strategy': 'mean'}. Best is trial 21 with value: 2.341992474192322.
[I 2023-11-21 09:54:26,012] Trial 59 finished with value: 2.341992474192322 and parameters: {'model_name': 'SimpleImputer', 'strategy': 'mean'}. Best is trial 21 with value: 2.341992474192322.
[I 2023-11-21 09:54:26,296] Trial 57 finished with value: 2.341992474192322 and parameters: {'model_name': 'SimpleImputer', 'strategy': 'mean'}. Best is trial 21 with value: 2.341992474192322.
[I 2023-11-21 09:54:27,331] Trial 7 finished with value: 2.641141591354695 and parameters: {'model_name': 'SimpleImputer', 'strategy': 'most_frequent'}. Best is trial 21 with value: 2.341992474192322.
[I 2023-11-21 09:54:27,689] Trial 11 finished with value: 2.641141591354695 and parameters: {'model_name': 'SimpleImputer', 'strategy': 'most_frequent'}. Best is trial 21 with value: 2.341992474192322.
[I 2023-11-21 09:54:28,367] Trial 31 finished with value: 2.641141591354695 and parameters: {'model_name': 'SimpleImputer', 'strategy': 'most_frequent'}. Best is trial 21 with value: 2.341992474192322.
[I 2023-11-21 09:54:28,732] Trial 28 finished with value: 2.641141591354695 and parameters: {'model_name': 'SimpleImputer', 'strategy': 'most_frequent'}. Best is trial 21 with value: 2.341992474192322.
[I 2023-11-21 09:54:29,055] Trial 14 finished with value: 2.641141591354695 and parameters: {'model_name': 'SimpleImputer', 'strategy': 'most_frequent'}. Best is trial 21 with value: 2.341992474192322.
[I 2023-11-21 09:54:29,356] Trial 70 finished with value: 2.384898517993374 and parameters: {'model_name': 'SimpleImputer', 'strategy': 'median'}. Best is trial 21 with value: 2.341992474192322.
[I 2023-11-21 09:54:29,814] Trial 64 finished with value: 2.384898517993374 and parameters: {'model_name': 'SimpleImputer', 'strategy': 'median'}. Best is trial 21 with value: 2.341992474192322.
[I 2023-11-21 09:54:30,163] Trial 60 finished with value: 2.384898517993374 and parameters: {'model_name': 'SimpleImputer', 'strategy': 'median'}. Best is trial 21 with value: 2.341992474192322.
[I 2023-11-21 09:54:30,624] Trial 69 finished with value: 2.384898517993374 and parameters: {'model_name': 'SimpleImputer', 'strategy': 'median'}. Best is trial 21 with value: 2.341992474192322.
[I 2023-11-21 09:54:30,964] Trial 29 finished with value: 2.641141591354695 and parameters: {'model_name': 'SimpleImputer', 'strategy': 'most_frequent'}. Best is trial 21 with value: 2.341992474192322.
[I 2023-11-21 09:54:31,181] Trial 63 finished with value: 2.384898517993374 and parameters: {'model_name': 'SimpleImputer', 'strategy': 'median'}. Best is trial 21 with value: 2.341992474192322.
[I 2023-11-21 09:54:31,545] Trial 46 finished with value: 2.641141591354695 and parameters: {'model_name': 'SimpleImputer', 'strategy': 'most_frequent'}. Best is trial 21 with value: 2.341992474192322.
[I 2023-11-21 09:54:31,867] Trial 19 finished with value: 2.641141591354695 and parameters: {'model_name': 'SimpleImputer', 'strategy': 'most_frequent'}. Best is trial 21 with value: 2.341992474192322.
[I 2023-11-21 09:54:32,622] Trial 92 finished with value: 2.341992474192322 and parameters: {'model_name': 'SimpleImputer', 'strategy': 'mean'}. Best is trial 21 with value: 2.341992474192322.
[I 2023-11-21 09:54:32,822] Trial 71 finished with value: 2.384898517993374 and parameters: {'model_name': 'SimpleImputer', 'strategy': 'median'}. Best is trial 21 with value: 2.341992474192322.
[I 2023-11-21 09:54:33,081] Trial 38 finished with value: 2.641141591354695 and parameters: {'model_name': 'SimpleImputer', 'strategy': 'most_frequent'}. Best is trial 21 with value: 2.341992474192322.
[I 2023-11-21 09:54:33,932] Trial 97 finished with value: 2.341992474192322 and parameters: {'model_name': 'SimpleImputer', 'strategy': 'mean'}. Best is trial 21 with value: 2.341992474192322.
[I 2023-11-21 09:54:34,399] Trial 54 finished with value: 2.641141591354695 and parameters: {'model_name': 'SimpleImputer', 'strategy': 'most_frequent'}. Best is trial 21 with value: 2.341992474192322.
[I 2023-11-21 09:54:35,166] Trial 61 finished with value: 2.641141591354695 and parameters: {'model_name': 'SimpleImputer', 'strategy': 'most_frequent'}. Best is trial 21 with value: 2.341992474192322.
[I 2023-11-21 09:54:35,398] Trial 101 finished with value: 2.341992474192322 and parameters: {'model_name': 'SimpleImputer', 'strategy': 'mean'}. Best is trial 21 with value: 2.341992474192322.
[I 2023-11-21 09:54:35,632] Trial 102 finished with value: 2.341992474192322 and parameters: {'model_name': 'SimpleImputer', 'strategy': 'mean'}. Best is trial 21 with value: 2.341992474192322.
[I 2023-11-21 09:54:36,203] Trial 105 finished with value: 2.341992474192322 and parameters: {'model_name': 'SimpleImputer', 'strategy': 'mean'}. Best is trial 21 with value: 2.341992474192322.
[I 2023-11-21 09:54:36,563] Trial 104 finished with value: 2.341992474192322 and parameters: {'model_name': 'SimpleImputer', 'strategy': 'mean'}. Best is trial 21 with value: 2.341992474192322.
[I 2023-11-21 09:54:36,892] Trial 75 finished with value: 2.641141591354695 and parameters: {'model_name': 'SimpleImputer', 'strategy': 'most_frequent'}. Best is trial 21 with value: 2.341992474192322.
[I 2023-11-21 09:54:37,171] Trial 73 finished with value: 2.641141591354695 and parameters: {'model_name': 'SimpleImputer', 'strategy': 'most_frequent'}. Best is trial 21 with value: 2.341992474192322.
[I 2023-11-21 09:54:37,405] Trial 72 finished with value: 2.641141591354695 and parameters: {'model_name': 'SimpleImputer', 'strategy': 'most_frequent'}. Best is trial 21 with value: 2.341992474192322.
[I 2023-11-21 09:54:37,647] Trial 108 finished with value: 2.341992474192322 and parameters: {'model_name': 'SimpleImputer', 'strategy': 'mean'}. Best is trial 21 with value: 2.341992474192322.
[I 2023-11-21 09:54:37,891] Trial 68 finished with value: 2.641141591354695 and parameters: {'model_name': 'SimpleImputer', 'strategy': 'most_frequent'}. Best is trial 21 with value: 2.341992474192322.
[I 2023-11-21 09:54:38,129] Trial 65 finished with value: 2.641141591354695 and parameters: {'model_name': 'SimpleImputer', 'strategy': 'most_frequent'}. Best is trial 21 with value: 2.341992474192322.
[I 2023-11-21 09:54:38,334] Trial 74 finished with value: 2.641141591354695 and parameters: {'model_name': 'SimpleImputer', 'strategy': 'most_frequent'}. Best is trial 21 with value: 2.341992474192322.
[I 2023-11-21 09:54:38,594] Trial 109 finished with value: 2.341992474192322 and parameters: {'model_name': 'SimpleImputer', 'strategy': 'mean'}. Best is trial 21 with value: 2.341992474192322.
[I 2023-11-21 09:54:38,899] Trial 103 finished with value: 2.341992474192322 and parameters: {'model_name': 'SimpleImputer', 'strategy': 'mean'}. Best is trial 21 with value: 2.341992474192322.
[I 2023-11-21 09:54:39,080] Trial 107 finished with value: 2.341992474192322 and parameters: {'model_name': 'SimpleImputer', 'strategy': 'mean'}. Best is trial 21 with value: 2.341992474192322.
[I 2023-11-21 09:54:39,353] Trial 67 finished with value: 2.641141591354695 and parameters: {'model_name': 'SimpleImputer', 'strategy': 'most_frequent'}. Best is trial 21 with value: 2.341992474192322.
[I 2023-11-21 09:54:39,637] Trial 106 finished with value: 2.341992474192322 and parameters: {'model_name': 'SimpleImputer', 'strategy': 'mean'}. Best is trial 21 with value: 2.341992474192322.
[I 2023-11-21 09:54:39,943] Trial 66 finished with value: 2.641141591354695 and parameters: {'model_name': 'SimpleImputer', 'strategy': 'most_frequent'}. Best is trial 21 with value: 2.341992474192322.
[I 2023-11-21 09:54:40,233] Trial 80 finished with value: 2.641141591354695 and parameters: {'model_name': 'SimpleImputer', 'strategy': 'most_frequent'}. Best is trial 21 with value: 2.341992474192322.
[I 2023-11-21 09:54:40,542] Trial 79 finished with value: 2.641141591354695 and parameters: {'model_name': 'SimpleImputer', 'strategy': 'most_frequent'}. Best is trial 21 with value: 2.341992474192322.
[I 2023-11-21 09:54:40,765] Trial 110 finished with value: 2.341992474192322 and parameters: {'model_name': 'SimpleImputer', 'strategy': 'mean'}. Best is trial 21 with value: 2.341992474192322.
[I 2023-11-21 09:54:41,086] Trial 62 finished with value: 2.641141591354695 and parameters: {'model_name': 'SimpleImputer', 'strategy': 'most_frequent'}. Best is trial 21 with value: 2.341992474192322.
[I 2023-11-21 09:54:41,307] Trial 84 finished with value: 2.641141591354695 and parameters: {'model_name': 'SimpleImputer', 'strategy': 'most_frequent'}. Best is trial 21 with value: 2.341992474192322.
[I 2023-11-21 09:54:41,612] Trial 77 finished with value: 2.641141591354695 and parameters: {'model_name': 'SimpleImputer', 'strategy': 'most_frequent'}. Best is trial 21 with value: 2.341992474192322.
[I 2023-11-21 09:54:41,918] Trial 78 finished with value: 2.641141591354695 and parameters: {'model_name': 'SimpleImputer', 'strategy': 'most_frequent'}. Best is trial 21 with value: 2.341992474192322.
[I 2023-11-21 09:54:42,196] Trial 112 finished with value: 2.341992474192322 and parameters: {'model_name': 'SimpleImputer', 'strategy': 'mean'}. Best is trial 21 with value: 2.341992474192322.
[I 2023-11-21 09:54:42,392] Trial 111 finished with value: 2.341992474192322 and parameters: {'model_name': 'SimpleImputer', 'strategy': 'mean'}. Best is trial 21 with value: 2.341992474192322.
[I 2023-11-21 09:54:42,606] Trial 83 finished with value: 2.641141591354695 and parameters: {'model_name': 'SimpleImputer', 'strategy': 'most_frequent'}. Best is trial 21 with value: 2.341992474192322.
[I 2023-11-21 09:54:42,981] Trial 113 finished with value: 2.341992474192322 and parameters: {'model_name': 'SimpleImputer', 'strategy': 'mean'}. Best is trial 21 with value: 2.341992474192322.
[I 2023-11-21 09:54:43,162] Trial 85 finished with value: 2.641141591354695 and parameters: {'model_name': 'SimpleImputer', 'strategy': 'most_frequent'}. Best is trial 21 with value: 2.341992474192322.
[I 2023-11-21 09:54:43,409] Trial 82 finished with value: 2.641141591354695 and parameters: {'model_name': 'SimpleImputer', 'strategy': 'most_frequent'}. Best is trial 21 with value: 2.341992474192322.
[I 2023-11-21 09:54:43,696] Trial 76 finished with value: 2.641141591354695 and parameters: {'model_name': 'SimpleImputer', 'strategy': 'most_frequent'}. Best is trial 21 with value: 2.341992474192322.
[I 2023-11-21 09:54:43,958] Trial 81 finished with value: 2.641141591354695 and parameters: {'model_name': 'SimpleImputer', 'strategy': 'most_frequent'}. Best is trial 21 with value: 2.341992474192322.
[I 2023-11-21 09:54:44,235] Trial 87 finished with value: 2.641141591354695 and parameters: {'model_name': 'SimpleImputer', 'strategy': 'most_frequent'}. Best is trial 21 with value: 2.341992474192322.
[I 2023-11-21 09:54:44,595] Trial 114 finished with value: 2.341992474192322 and parameters: {'model_name': 'SimpleImputer', 'strategy': 'mean'}. Best is trial 21 with value: 2.341992474192322.
[I 2023-11-21 09:54:44,875] Trial 91 finished with value: 2.641141591354695 and parameters: {'model_name': 'SimpleImputer', 'strategy': 'most_frequent'}. Best is trial 21 with value: 2.341992474192322.
[I 2023-11-21 09:54:45,070] Trial 90 finished with value: 2.641141591354695 and parameters: {'model_name': 'SimpleImputer', 'strategy': 'most_frequent'}. Best is trial 21 with value: 2.341992474192322.
[I 2023-11-21 09:54:45,364] Trial 88 finished with value: 2.641141591354695 and parameters: {'model_name': 'SimpleImputer', 'strategy': 'most_frequent'}. Best is trial 21 with value: 2.341992474192322.
[I 2023-11-21 09:54:45,786] Trial 86 finished with value: 2.641141591354695 and parameters: {'model_name': 'SimpleImputer', 'strategy': 'most_frequent'}. Best is trial 21 with value: 2.341992474192322.
[I 2023-11-21 09:54:45,988] Trial 93 finished with value: 2.641141591354695 and parameters: {'model_name': 'SimpleImputer', 'strategy': 'most_frequent'}. Best is trial 21 with value: 2.341992474192322.
[I 2023-11-21 09:54:46,229] Trial 115 finished with value: 2.341992474192322 and parameters: {'model_name': 'SimpleImputer', 'strategy': 'mean'}. Best is trial 21 with value: 2.341992474192322.
[I 2023-11-21 09:54:46,638] Trial 116 finished with value: 2.341992474192322 and parameters: {'model_name': 'SimpleImputer', 'strategy': 'mean'}. Best is trial 21 with value: 2.341992474192322.
[I 2023-11-21 09:54:46,907] Trial 118 finished with value: 2.341992474192322 and parameters: {'model_name': 'SimpleImputer', 'strategy': 'mean'}. Best is trial 21 with value: 2.341992474192322.
[I 2023-11-21 09:54:47,173] Trial 96 finished with value: 2.641141591354695 and parameters: {'model_name': 'SimpleImputer', 'strategy': 'most_frequent'}. Best is trial 21 with value: 2.341992474192322.
[I 2023-11-21 09:54:47,580] Trial 95 finished with value: 2.641141591354695 and parameters: {'model_name': 'SimpleImputer', 'strategy': 'most_frequent'}. Best is trial 21 with value: 2.341992474192322.
[I 2023-11-21 09:54:47,868] Trial 94 finished with value: 2.641141591354695 and parameters: {'model_name': 'SimpleImputer', 'strategy': 'most_frequent'}. Best is trial 21 with value: 2.341992474192322.
[I 2023-11-21 09:54:48,178] Trial 117 finished with value: 2.341992474192322 and parameters: {'model_name': 'SimpleImputer', 'strategy': 'mean'}. Best is trial 21 with value: 2.341992474192322.
[I 2023-11-21 09:54:48,566] Trial 123 finished with value: 2.341992474192322 and parameters: {'model_name': 'SimpleImputer', 'strategy': 'mean'}. Best is trial 21 with value: 2.341992474192322.
[I 2023-11-21 09:54:48,901] Trial 122 finished with value: 2.341992474192322 and parameters: {'model_name': 'SimpleImputer', 'strategy': 'mean'}. Best is trial 21 with value: 2.341992474192322.
[I 2023-11-21 09:54:49,081] Trial 89 finished with value: 2.641141591354695 and parameters: {'model_name': 'SimpleImputer', 'strategy': 'most_frequent'}. Best is trial 21 with value: 2.341992474192322.
[I 2023-11-21 09:54:49,335] Trial 125 finished with value: 2.341992474192322 and parameters: {'model_name': 'SimpleImputer', 'strategy': 'mean'}. Best is trial 21 with value: 2.341992474192322.
[I 2023-11-21 09:54:49,578] Trial 98 finished with value: 2.641141591354695 and parameters: {'model_name': 'SimpleImputer', 'strategy': 'most_frequent'}. Best is trial 21 with value: 2.341992474192322.
[I 2023-11-21 09:54:50,110] Trial 119 finished with value: 2.341992474192322 and parameters: {'model_name': 'SimpleImputer', 'strategy': 'mean'}. Best is trial 21 with value: 2.341992474192322.
[I 2023-11-21 09:54:50,302] Trial 130 finished with value: 2.341992474192322 and parameters: {'model_name': 'SimpleImputer', 'strategy': 'mean'}. Best is trial 21 with value: 2.341992474192322.
[I 2023-11-21 09:54:50,618] Trial 124 finished with value: 2.341992474192322 and parameters: {'model_name': 'SimpleImputer', 'strategy': 'mean'}. Best is trial 21 with value: 2.341992474192322.
[I 2023-11-21 09:54:50,953] Trial 132 finished with value: 2.341992474192322 and parameters: {'model_name': 'SimpleImputer', 'strategy': 'mean'}. Best is trial 21 with value: 2.341992474192322.
[I 2023-11-21 09:54:51,221] Trial 120 finished with value: 2.341992474192322 and parameters: {'model_name': 'SimpleImputer', 'strategy': 'mean'}. Best is trial 21 with value: 2.341992474192322.
[I 2023-11-21 09:54:51,450] Trial 127 finished with value: 2.341992474192322 and parameters: {'model_name': 'SimpleImputer', 'strategy': 'mean'}. Best is trial 21 with value: 2.341992474192322.
[I 2023-11-21 09:54:51,751] Trial 99 finished with value: 2.641141591354695 and parameters: {'model_name': 'SimpleImputer', 'strategy': 'most_frequent'}. Best is trial 21 with value: 2.341992474192322.
[I 2023-11-21 09:54:51,944] Trial 121 finished with value: 2.341992474192322 and parameters: {'model_name': 'SimpleImputer', 'strategy': 'mean'}. Best is trial 21 with value: 2.341992474192322.
[I 2023-11-21 09:54:52,173] Trial 131 finished with value: 2.341992474192322 and parameters: {'model_name': 'SimpleImputer', 'strategy': 'mean'}. Best is trial 21 with value: 2.341992474192322.
[I 2023-11-21 09:54:52,407] Trial 126 finished with value: 2.341992474192322 and parameters: {'model_name': 'SimpleImputer', 'strategy': 'mean'}. Best is trial 21 with value: 2.341992474192322.
[I 2023-11-21 09:54:52,652] Trial 128 finished with value: 2.341992474192322 and parameters: {'model_name': 'SimpleImputer', 'strategy': 'mean'}. Best is trial 21 with value: 2.341992474192322.
[I 2023-11-21 09:54:52,964] Trial 134 finished with value: 2.341992474192322 and parameters: {'model_name': 'SimpleImputer', 'strategy': 'mean'}. Best is trial 21 with value: 2.341992474192322.
[I 2023-11-21 09:54:53,208] Trial 135 finished with value: 2.341992474192322 and parameters: {'model_name': 'SimpleImputer', 'strategy': 'mean'}. Best is trial 21 with value: 2.341992474192322.
[I 2023-11-21 09:54:53,399] Trial 140 finished with value: 2.341992474192322 and parameters: {'model_name': 'SimpleImputer', 'strategy': 'mean'}. Best is trial 21 with value: 2.341992474192322.
[I 2023-11-21 09:54:53,642] Trial 100 finished with value: 2.641141591354695 and parameters: {'model_name': 'SimpleImputer', 'strategy': 'most_frequent'}. Best is trial 21 with value: 2.341992474192322.
[I 2023-11-21 09:54:53,907] Trial 136 finished with value: 2.341992474192322 and parameters: {'model_name': 'SimpleImputer', 'strategy': 'mean'}. Best is trial 21 with value: 2.341992474192322.
[I 2023-11-21 09:54:54,180] Trial 139 finished with value: 2.341992474192322 and parameters: {'model_name': 'SimpleImputer', 'strategy': 'mean'}. Best is trial 21 with value: 2.341992474192322.
[I 2023-11-21 09:54:54,445] Trial 138 finished with value: 2.341992474192322 and parameters: {'model_name': 'SimpleImputer', 'strategy': 'mean'}. Best is trial 21 with value: 2.341992474192322.
[I 2023-11-21 09:54:54,716] Trial 133 finished with value: 2.341992474192322 and parameters: {'model_name': 'SimpleImputer', 'strategy': 'mean'}. Best is trial 21 with value: 2.341992474192322.
[I 2023-11-21 09:54:54,895] Trial 137 finished with value: 2.341992474192322 and parameters: {'model_name': 'SimpleImputer', 'strategy': 'mean'}. Best is trial 21 with value: 2.341992474192322.
[I 2023-11-21 09:54:55,107] Trial 141 finished with value: 2.341992474192322 and parameters: {'model_name': 'SimpleImputer', 'strategy': 'mean'}. Best is trial 21 with value: 2.341992474192322.
[I 2023-11-21 09:54:55,341] Trial 143 finished with value: 2.341992474192322 and parameters: {'model_name': 'SimpleImputer', 'strategy': 'mean'}. Best is trial 21 with value: 2.341992474192322.
[I 2023-11-21 09:54:55,612] Trial 144 finished with value: 2.341992474192322 and parameters: {'model_name': 'SimpleImputer', 'strategy': 'mean'}. Best is trial 21 with value: 2.341992474192322.
[I 2023-11-21 09:54:55,895] Trial 129 finished with value: 2.341992474192322 and parameters: {'model_name': 'SimpleImputer', 'strategy': 'mean'}. Best is trial 21 with value: 2.341992474192322.
[I 2023-11-21 09:54:56,098] Trial 142 finished with value: 2.341992474192322 and parameters: {'model_name': 'SimpleImputer', 'strategy': 'mean'}. Best is trial 21 with value: 2.341992474192322.
[I 2023-11-21 09:54:56,346] Trial 148 finished with value: 2.341992474192322 and parameters: {'model_name': 'SimpleImputer', 'strategy': 'mean'}. Best is trial 21 with value: 2.341992474192322.
[I 2023-11-21 09:54:56,657] Trial 145 finished with value: 2.341992474192322 and parameters: {'model_name': 'SimpleImputer', 'strategy': 'mean'}. Best is trial 21 with value: 2.341992474192322.
[I 2023-11-21 09:54:56,924] Trial 146 finished with value: 2.341992474192322 and parameters: {'model_name': 'SimpleImputer', 'strategy': 'mean'}. Best is trial 21 with value: 2.341992474192322.
[I 2023-11-21 09:54:57,239] Trial 152 finished with value: 2.341992474192322 and parameters: {'model_name': 'SimpleImputer', 'strategy': 'mean'}. Best is trial 21 with value: 2.341992474192322.
[I 2023-11-21 09:54:57,452] Trial 150 finished with value: 2.341992474192322 and parameters: {'model_name': 'SimpleImputer', 'strategy': 'mean'}. Best is trial 21 with value: 2.341992474192322.
[I 2023-11-21 09:54:57,731] Trial 147 finished with value: 2.341992474192322 and parameters: {'model_name': 'SimpleImputer', 'strategy': 'mean'}. Best is trial 21 with value: 2.341992474192322.
[I 2023-11-21 09:54:58,003] Trial 156 finished with value: 2.341992474192322 and parameters: {'model_name': 'SimpleImputer', 'strategy': 'mean'}. Best is trial 21 with value: 2.341992474192322.
[I 2023-11-21 09:54:58,328] Trial 155 finished with value: 2.341992474192322 and parameters: {'model_name': 'SimpleImputer', 'strategy': 'mean'}. Best is trial 21 with value: 2.341992474192322.
[I 2023-11-21 09:54:58,611] Trial 149 finished with value: 2.341992474192322 and parameters: {'model_name': 'SimpleImputer', 'strategy': 'mean'}. Best is trial 21 with value: 2.341992474192322.
[I 2023-11-21 09:54:58,816] Trial 154 finished with value: 2.341992474192322 and parameters: {'model_name': 'SimpleImputer', 'strategy': 'mean'}. Best is trial 21 with value: 2.341992474192322.
[I 2023-11-21 09:54:59,108] Trial 153 finished with value: 2.341992474192322 and parameters: {'model_name': 'SimpleImputer', 'strategy': 'mean'}. Best is trial 21 with value: 2.341992474192322.
[I 2023-11-21 09:54:59,295] Trial 151 finished with value: 2.341992474192322 and parameters: {'model_name': 'SimpleImputer', 'strategy': 'mean'}. Best is trial 21 with value: 2.341992474192322.
[I 2023-11-21 09:54:59,578] Trial 161 finished with value: 2.341992474192322 and parameters: {'model_name': 'SimpleImputer', 'strategy': 'mean'}. Best is trial 21 with value: 2.341992474192322.
[I 2023-11-21 09:54:59,948] Trial 159 finished with value: 2.341992474192322 and parameters: {'model_name': 'SimpleImputer', 'strategy': 'mean'}. Best is trial 21 with value: 2.341992474192322.
[I 2023-11-21 09:55:00,212] Trial 158 finished with value: 2.341992474192322 and parameters: {'model_name': 'SimpleImputer', 'strategy': 'mean'}. Best is trial 21 with value: 2.341992474192322.
[I 2023-11-21 09:55:00,448] Trial 160 finished with value: 2.341992474192322 and parameters: {'model_name': 'SimpleImputer', 'strategy': 'mean'}. Best is trial 21 with value: 2.341992474192322.
[I 2023-11-21 09:55:00,760] Trial 157 finished with value: 2.341992474192322 and parameters: {'model_name': 'SimpleImputer', 'strategy': 'mean'}. Best is trial 21 with value: 2.341992474192322.
[I 2023-11-21 09:55:01,009] Trial 166 finished with value: 2.341992474192322 and parameters: {'model_name': 'SimpleImputer', 'strategy': 'mean'}. Best is trial 21 with value: 2.341992474192322.
[I 2023-11-21 09:55:01,281] Trial 165 finished with value: 2.341992474192322 and parameters: {'model_name': 'SimpleImputer', 'strategy': 'mean'}. Best is trial 21 with value: 2.341992474192322.
[I 2023-11-21 09:55:01,496] Trial 163 finished with value: 2.341992474192322 and parameters: {'model_name': 'SimpleImputer', 'strategy': 'mean'}. Best is trial 21 with value: 2.341992474192322.
[I 2023-11-21 09:55:01,688] Trial 164 finished with value: 2.341992474192322 and parameters: {'model_name': 'SimpleImputer', 'strategy': 'mean'}. Best is trial 21 with value: 2.341992474192322.
[I 2023-11-21 09:55:01,878] Trial 162 finished with value: 2.341992474192322 and parameters: {'model_name': 'SimpleImputer', 'strategy': 'mean'}. Best is trial 21 with value: 2.341992474192322.
[I 2023-11-21 09:55:02,119] Trial 167 finished with value: 2.341992474192322 and parameters: {'model_name': 'SimpleImputer', 'strategy': 'mean'}. Best is trial 21 with value: 2.341992474192322.
[I 2023-11-21 09:55:02,369] Trial 168 finished with value: 2.341992474192322 and parameters: {'model_name': 'SimpleImputer', 'strategy': 'mean'}. Best is trial 21 with value: 2.341992474192322.
[I 2023-11-21 09:55:02,665] Trial 169 finished with value: 2.341992474192322 and parameters: {'model_name': 'SimpleImputer', 'strategy': 'mean'}. Best is trial 21 with value: 2.341992474192322.
[I 2023-11-21 09:55:03,040] Trial 171 finished with value: 2.341992474192322 and parameters: {'model_name': 'SimpleImputer', 'strategy': 'mean'}. Best is trial 21 with value: 2.341992474192322.
[I 2023-11-21 09:55:03,333] Trial 173 finished with value: 2.341992474192322 and parameters: {'model_name': 'SimpleImputer', 'strategy': 'mean'}. Best is trial 21 with value: 2.341992474192322.
[I 2023-11-21 09:55:03,530] Trial 176 finished with value: 2.341992474192322 and parameters: {'model_name': 'SimpleImputer', 'strategy': 'mean'}. Best is trial 21 with value: 2.341992474192322.
[I 2023-11-21 09:55:03,789] Trial 170 finished with value: 2.341992474192322 and parameters: {'model_name': 'SimpleImputer', 'strategy': 'mean'}. Best is trial 21 with value: 2.341992474192322.
[I 2023-11-21 09:55:04,213] Trial 172 finished with value: 2.341992474192322 and parameters: {'model_name': 'SimpleImputer', 'strategy': 'mean'}. Best is trial 21 with value: 2.341992474192322.
[I 2023-11-21 09:55:04,409] Trial 183 finished with value: 2.341992474192322 and parameters: {'model_name': 'SimpleImputer', 'strategy': 'mean'}. Best is trial 21 with value: 2.341992474192322.
[I 2023-11-21 09:55:04,638] Trial 187 finished with value: 2.341992474192322 and parameters: {'model_name': 'SimpleImputer', 'strategy': 'mean'}. Best is trial 21 with value: 2.341992474192322.
[I 2023-11-21 09:55:04,867] Trial 182 finished with value: 2.341992474192322 and parameters: {'model_name': 'SimpleImputer', 'strategy': 'mean'}. Best is trial 21 with value: 2.341992474192322.
[I 2023-11-21 09:55:05,095] Trial 185 finished with value: 2.341992474192322 and parameters: {'model_name': 'SimpleImputer', 'strategy': 'mean'}. Best is trial 21 with value: 2.341992474192322.
[I 2023-11-21 09:55:05,284] Trial 177 finished with value: 2.341992474192322 and parameters: {'model_name': 'SimpleImputer', 'strategy': 'mean'}. Best is trial 21 with value: 2.341992474192322.
[I 2023-11-21 09:55:05,525] Trial 174 finished with value: 2.341992474192322 and parameters: {'model_name': 'SimpleImputer', 'strategy': 'mean'}. Best is trial 21 with value: 2.341992474192322.
[I 2023-11-21 09:55:05,708] Trial 180 finished with value: 2.341992474192322 and parameters: {'model_name': 'SimpleImputer', 'strategy': 'mean'}. Best is trial 21 with value: 2.341992474192322.
[I 2023-11-21 09:55:05,894] Trial 186 finished with value: 2.341992474192322 and parameters: {'model_name': 'SimpleImputer', 'strategy': 'mean'}. Best is trial 21 with value: 2.341992474192322.
[I 2023-11-21 09:55:06,072] Trial 175 finished with value: 2.341992474192322 and parameters: {'model_name': 'SimpleImputer', 'strategy': 'mean'}. Best is trial 21 with value: 2.341992474192322.
[I 2023-11-21 09:55:06,251] Trial 178 finished with value: 2.341992474192322 and parameters: {'model_name': 'SimpleImputer', 'strategy': 'mean'}. Best is trial 21 with value: 2.341992474192322.
[I 2023-11-21 09:55:06,508] Trial 179 finished with value: 2.341992474192322 and parameters: {'model_name': 'SimpleImputer', 'strategy': 'mean'}. Best is trial 21 with value: 2.341992474192322.
[I 2023-11-21 09:55:06,739] Trial 189 finished with value: 2.341992474192322 and parameters: {'model_name': 'SimpleImputer', 'strategy': 'mean'}. Best is trial 21 with value: 2.341992474192322.
[I 2023-11-21 09:55:06,971] Trial 193 finished with value: 2.341992474192322 and parameters: {'model_name': 'SimpleImputer', 'strategy': 'mean'}. Best is trial 21 with value: 2.341992474192322.
[I 2023-11-21 09:55:07,187] Trial 191 finished with value: 2.341992474192322 and parameters: {'model_name': 'SimpleImputer', 'strategy': 'mean'}. Best is trial 21 with value: 2.341992474192322.
[I 2023-11-21 09:55:07,376] Trial 181 finished with value: 2.341992474192322 and parameters: {'model_name': 'SimpleImputer', 'strategy': 'mean'}. Best is trial 21 with value: 2.341992474192322.
[I 2023-11-21 09:55:07,629] Trial 188 finished with value: 2.341992474192322 and parameters: {'model_name': 'SimpleImputer', 'strategy': 'mean'}. Best is trial 21 with value: 2.341992474192322.
[I 2023-11-21 09:55:07,823] Trial 194 finished with value: 2.341992474192322 and parameters: {'model_name': 'SimpleImputer', 'strategy': 'mean'}. Best is trial 21 with value: 2.341992474192322.
[I 2023-11-21 09:55:08,000] Trial 195 finished with value: 2.341992474192322 and parameters: {'model_name': 'SimpleImputer', 'strategy': 'mean'}. Best is trial 21 with value: 2.341992474192322.
[I 2023-11-21 09:55:08,239] Trial 197 finished with value: 2.341992474192322 and parameters: {'model_name': 'SimpleImputer', 'strategy': 'mean'}. Best is trial 21 with value: 2.341992474192322.
[I 2023-11-21 09:55:08,420] Trial 192 finished with value: 2.341992474192322 and parameters: {'model_name': 'SimpleImputer', 'strategy': 'mean'}. Best is trial 21 with value: 2.341992474192322.
[I 2023-11-21 09:55:08,589] Trial 184 finished with value: 2.341992474192322 and parameters: {'model_name': 'SimpleImputer', 'strategy': 'mean'}. Best is trial 21 with value: 2.341992474192322.
[I 2023-11-21 09:55:08,768] Trial 190 finished with value: 2.341992474192322 and parameters: {'model_name': 'SimpleImputer', 'strategy': 'mean'}. Best is trial 21 with value: 2.341992474192322.
[I 2023-11-21 09:55:09,003] Trial 196 finished with value: 2.341992474192322 and parameters: {'model_name': 'SimpleImputer', 'strategy': 'mean'}. Best is trial 21 with value: 2.341992474192322.
[I 2023-11-21 09:55:09,181] Trial 198 finished with value: 2.341992474192322 and parameters: {'model_name': 'SimpleImputer', 'strategy': 'mean'}. Best is trial 21 with value: 2.341992474192322.
[I 2023-11-21 09:55:09,411] Trial 199 finished with value: 2.341992474192322 and parameters: {'model_name': 'SimpleImputer', 'strategy': 'mean'}. Best is trial 21 with value: 2.341992474192322.
[I 2023-11-21 09:55:15,502] A new study created in memory with name: no-name-986420a3-4f3e-4d97-9da9-6f065d6f43da
[I 2023-11-21 09:55:15,592] Trial 5 finished with value: inf and parameters: {'model_name': 'KNNImputer', 'weights': 'distance', 'keep_empty_features': True}. Best is trial 5 with value: inf.
[I 2023-11-21 09:55:15,826] Trial 6 finished with value: inf and parameters: {'model_name': 'KNNImputer', 'weights': 'uniform', 'keep_empty_features': True}. Best is trial 5 with value: inf.
[I 2023-11-21 09:55:16,084] Trial 0 finished with value: inf and parameters: {'model_name': 'IterativeImputer', 'estimator': 'KNN', 'sample_posterior': True, 'initial_strategy': 'median', 'imputation_order': 'arabic'}. Best is trial 5 with value: inf.
[I 2023-11-21 09:55:16,493] Trial 8 finished with value: inf and parameters: {'model_name': 'GAIN', 'batch_size': 330, 'hint_rate': 0.32456937965321536, 'alpha': 51, 'iterations': 180}. Best is trial 5 with value: inf.
[I 2023-11-21 09:55:16,690] Trial 19 finished with value: inf and parameters: {'model_name': 'KNNImputer', 'weights': 'uniform', 'keep_empty_features': False}. Best is trial 5 with value: inf.
[I 2023-11-21 09:55:17,068] Trial 9 finished with value: inf and parameters: {'model_name': 'GAIN', 'batch_size': 17, 'hint_rate': 0.0030281211243816573, 'alpha': 17, 'iterations': 7}. Best is trial 5 with value: inf.
[I 2023-11-21 09:55:17,298] Trial 21 finished with value: inf and parameters: {'model_name': 'GAIN', 'batch_size': 1, 'hint_rate': 0.0023168710256028036, 'alpha': 24, 'iterations': 13}. Best is trial 5 with value: inf.
[I 2023-11-21 09:55:17,483] Trial 47 finished with value: inf and parameters: {'model_name': 'KNNImputer', 'weights': 'uniform', 'keep_empty_features': True}. Best is trial 5 with value: inf.
[I 2023-11-21 09:55:17,686] Trial 38 finished with value: inf and parameters: {'model_name': 'KNNImputer', 'weights': 'distance', 'keep_empty_features': False}. Best is trial 5 with value: inf.
[I 2023-11-21 09:55:17,970] Trial 14 finished with value: 6.581031810716773 and parameters: {'model_name': 'SimpleImputer', 'strategy': 'constant'}. Best is trial 14 with value: 6.581031810716773.
[I 2023-11-21 09:55:18,210] Trial 31 finished with value: inf and parameters: {'model_name': 'KNNImputer', 'weights': 'distance', 'keep_empty_features': True}. Best is trial 14 with value: 6.581031810716773.
[I 2023-11-21 09:55:18,471] Trial 41 finished with value: inf and parameters: {'model_name': 'KNNImputer', 'weights': 'uniform', 'keep_empty_features': False}. Best is trial 14 with value: 6.581031810716773.
[I 2023-11-21 09:55:18,751] Trial 26 finished with value: inf and parameters: {'model_name': 'GAIN', 'batch_size': 40, 'hint_rate': 0.8175669147443932, 'alpha': 19, 'iterations': 105}. Best is trial 14 with value: 6.581031810716773.
[I 2023-11-21 09:55:18,944] Trial 3 finished with value: 6.581031810716773 and parameters: {'model_name': 'SimpleImputer', 'strategy': 'constant'}. Best is trial 14 with value: 6.581031810716773.
[I 2023-11-21 09:55:19,193] Trial 16 finished with value: inf and parameters: {'model_name': 'GAIN', 'batch_size': 141, 'hint_rate': 0.38120516310178376, 'alpha': 19, 'iterations': 393}. Best is trial 14 with value: 6.581031810716773.
[I 2023-11-21 09:55:19,448] Trial 37 finished with value: inf and parameters: {'model_name': 'KNNImputer', 'weights': 'distance', 'keep_empty_features': False}. Best is trial 14 with value: 6.581031810716773.
[I 2023-11-21 09:55:19,683] Trial 28 finished with value: inf and parameters: {'model_name': 'GAIN', 'batch_size': 4, 'hint_rate': 0.25846380537947045, 'alpha': 65, 'iterations': 11}. Best is trial 14 with value: 6.581031810716773.
[I 2023-11-21 09:55:20,014] Trial 11 finished with value: 6.581031810716773 and parameters: {'model_name': 'SimpleImputer', 'strategy': 'constant'}. Best is trial 14 with value: 6.581031810716773.
[I 2023-11-21 09:55:20,306] Trial 25 finished with value: inf and parameters: {'model_name': 'GAIN', 'batch_size': 4, 'hint_rate': 0.11963687397103873, 'alpha': 8, 'iterations': 18}. Best is trial 14 with value: 6.581031810716773.
[I 2023-11-21 09:55:20,574] Trial 12 finished with value: 2.3720147641809324 and parameters: {'model_name': 'SimpleImputer', 'strategy': 'mean'}. Best is trial 12 with value: 2.3720147641809324.
[I 2023-11-21 09:55:20,935] Trial 15 finished with value: inf and parameters: {'model_name': 'IterativeImputer', 'estimator': 'KNN', 'sample_posterior': True, 'initial_strategy': 'median', 'imputation_order': 'ascending'}. Best is trial 12 with value: 2.3720147641809324.
[I 2023-11-21 09:55:20,939] Trial 23 finished with value: inf and parameters: {'model_name': 'GAIN', 'batch_size': 32, 'hint_rate': 0.004478047422026648, 'alpha': 2, 'iterations': 3703}. Best is trial 12 with value: 2.3720147641809324.
[I 2023-11-21 09:55:21,143] Trial 36 finished with value: inf and parameters: {'model_name': 'GAIN', 'batch_size': 2, 'hint_rate': 0.037966262522482364, 'alpha': 84, 'iterations': 20312}. Best is trial 12 with value: 2.3720147641809324.
[I 2023-11-21 09:55:21,467] Trial 34 finished with value: inf and parameters: {'model_name': 'GAIN', 'batch_size': 53, 'hint_rate': 0.019919159669166808, 'alpha': 52, 'iterations': 7}. Best is trial 12 with value: 2.3720147641809324.
[I 2023-11-21 09:55:21,495] Trial 27 finished with value: inf and parameters: {'model_name': 'GAIN', 'batch_size': 3, 'hint_rate': 0.0013983503411603671, 'alpha': 31, 'iterations': 48552}. Best is trial 12 with value: 2.3720147641809324.
[I 2023-11-21 09:55:22,259] Trial 33 finished with value: inf and parameters: {'model_name': 'GAIN', 'batch_size': 412, 'hint_rate': 0.009360440989441686, 'alpha': 71, 'iterations': 2417}. Best is trial 12 with value: 2.3720147641809324.
[I 2023-11-21 09:55:22,479] Trial 13 finished with value: 2.3720147641809324 and parameters: {'model_name': 'SimpleImputer', 'strategy': 'mean'}. Best is trial 12 with value: 2.3720147641809324.
[I 2023-11-21 09:55:22,500] Trial 4 finished with value: 2.3720147641809324 and parameters: {'model_name': 'SimpleImputer', 'strategy': 'mean'}. Best is trial 12 with value: 2.3720147641809324.
[I 2023-11-21 09:55:22,988] Trial 45 finished with value: inf and parameters: {'model_name': 'GAIN', 'batch_size': 3, 'hint_rate': 0.002484805920250169, 'alpha': 94, 'iterations': 105}. Best is trial 12 with value: 2.3720147641809324.
[I 2023-11-21 09:55:23,362] Trial 29 finished with value: inf and parameters: {'model_name': 'IterativeImputer', 'estimator': 'Ridge', 'sample_posterior': True, 'initial_strategy': 'median', 'imputation_order': 'descending'}. Best is trial 12 with value: 2.3720147641809324.
[I 2023-11-21 09:55:24,470] Trial 53 finished with value: 6.581031810716773 and parameters: {'model_name': 'SimpleImputer', 'strategy': 'constant'}. Best is trial 12 with value: 2.3720147641809324.
[I 2023-11-21 09:55:24,867] Trial 30 finished with value: 2.3720147641809324 and parameters: {'model_name': 'SimpleImputer', 'strategy': 'mean'}. Best is trial 12 with value: 2.3720147641809324.
[I 2023-11-21 09:55:25,198] Trial 40 finished with value: inf and parameters: {'model_name': 'IterativeImputer', 'estimator': 'Ridge', 'sample_posterior': True, 'initial_strategy': 'most_frequent', 'imputation_order': 'arabic'}. Best is trial 12 with value: 2.3720147641809324.
[I 2023-11-21 09:55:25,700] Trial 55 finished with value: 6.581031810716773 and parameters: {'model_name': 'SimpleImputer', 'strategy': 'constant'}. Best is trial 12 with value: 2.3720147641809324.
[I 2023-11-21 09:55:26,019] Trial 59 finished with value: 6.581031810716773 and parameters: {'model_name': 'SimpleImputer', 'strategy': 'constant'}. Best is trial 12 with value: 2.3720147641809324.
[I 2023-11-21 09:55:26,281] Trial 54 finished with value: 6.581031810716773 and parameters: {'model_name': 'SimpleImputer', 'strategy': 'constant'}. Best is trial 12 with value: 2.3720147641809324.
[I 2023-11-21 09:55:26,644] Trial 63 finished with value: 6.581031810716773 and parameters: {'model_name': 'SimpleImputer', 'strategy': 'constant'}. Best is trial 12 with value: 2.3720147641809324.
[I 2023-11-21 09:55:26,956] Trial 57 finished with value: 6.581031810716773 and parameters: {'model_name': 'SimpleImputer', 'strategy': 'constant'}. Best is trial 12 with value: 2.3720147641809324.
[I 2023-11-21 09:55:27,279] Trial 60 finished with value: 6.581031810716773 and parameters: {'model_name': 'SimpleImputer', 'strategy': 'constant'}. Best is trial 12 with value: 2.3720147641809324.
[I 2023-11-21 09:55:27,511] Trial 56 finished with value: 6.581031810716773 and parameters: {'model_name': 'SimpleImputer', 'strategy': 'constant'}. Best is trial 12 with value: 2.3720147641809324.
[I 2023-11-21 09:55:27,808] Trial 42 finished with value: 2.3720147641809324 and parameters: {'model_name': 'SimpleImputer', 'strategy': 'mean'}. Best is trial 12 with value: 2.3720147641809324.
[I 2023-11-21 09:55:28,149] Trial 58 finished with value: 6.581031810716773 and parameters: {'model_name': 'SimpleImputer', 'strategy': 'constant'}. Best is trial 12 with value: 2.3720147641809324.
[I 2023-11-21 09:55:28,455] Trial 61 finished with value: 6.581031810716773 and parameters: {'model_name': 'SimpleImputer', 'strategy': 'constant'}. Best is trial 12 with value: 2.3720147641809324.
[I 2023-11-21 09:55:28,684] Trial 62 finished with value: 6.581031810716773 and parameters: {'model_name': 'SimpleImputer', 'strategy': 'constant'}. Best is trial 12 with value: 2.3720147641809324.
[I 2023-11-21 09:55:28,861] Trial 18 finished with value: 2.403080076498184 and parameters: {'model_name': 'SimpleImputer', 'strategy': 'median'}. Best is trial 12 with value: 2.3720147641809324.
[I 2023-11-21 09:55:29,370] Trial 64 finished with value: 6.581031810716773 and parameters: {'model_name': 'SimpleImputer', 'strategy': 'constant'}. Best is trial 12 with value: 2.3720147641809324.
[I 2023-11-21 09:55:29,637] Trial 69 finished with value: 2.3720147641809324 and parameters: {'model_name': 'SimpleImputer', 'strategy': 'mean'}. Best is trial 12 with value: 2.3720147641809324.
[I 2023-11-21 09:55:30,024] Trial 50 finished with value: 2.3720147641809324 and parameters: {'model_name': 'SimpleImputer', 'strategy': 'mean'}. Best is trial 12 with value: 2.3720147641809324.
[I 2023-11-21 09:55:30,347] Trial 66 finished with value: 2.3720147641809324 and parameters: {'model_name': 'SimpleImputer', 'strategy': 'mean'}. Best is trial 12 with value: 2.3720147641809324.
[I 2023-11-21 09:55:30,576] Trial 48 finished with value: 2.403080076498184 and parameters: {'model_name': 'SimpleImputer', 'strategy': 'median'}. Best is trial 12 with value: 2.3720147641809324.
[I 2023-11-21 09:55:30,810] Trial 65 finished with value: 2.3720147641809324 and parameters: {'model_name': 'SimpleImputer', 'strategy': 'mean'}. Best is trial 12 with value: 2.3720147641809324.
[I 2023-11-21 09:55:31,016] Trial 71 finished with value: 2.3720147641809324 and parameters: {'model_name': 'SimpleImputer', 'strategy': 'mean'}. Best is trial 12 with value: 2.3720147641809324.
[I 2023-11-21 09:55:31,223] Trial 68 finished with value: 2.3720147641809324 and parameters: {'model_name': 'SimpleImputer', 'strategy': 'mean'}. Best is trial 12 with value: 2.3720147641809324.
[I 2023-11-21 09:55:31,499] Trial 75 finished with value: 2.3720147641809324 and parameters: {'model_name': 'SimpleImputer', 'strategy': 'mean'}. Best is trial 12 with value: 2.3720147641809324.
[I 2023-11-21 09:55:31,766] Trial 74 finished with value: 2.3720147641809324 and parameters: {'model_name': 'SimpleImputer', 'strategy': 'mean'}. Best is trial 12 with value: 2.3720147641809324.
[I 2023-11-21 09:55:31,967] Trial 67 finished with value: 2.3720147641809324 and parameters: {'model_name': 'SimpleImputer', 'strategy': 'mean'}. Best is trial 12 with value: 2.3720147641809324.
[I 2023-11-21 09:55:32,262] Trial 72 finished with value: 2.3720147641809324 and parameters: {'model_name': 'SimpleImputer', 'strategy': 'mean'}. Best is trial 12 with value: 2.3720147641809324.
[I 2023-11-21 09:55:32,537] Trial 77 finished with value: 2.3720147641809324 and parameters: {'model_name': 'SimpleImputer', 'strategy': 'mean'}. Best is trial 12 with value: 2.3720147641809324.
[I 2023-11-21 09:55:32,844] Trial 76 finished with value: 2.3720147641809324 and parameters: {'model_name': 'SimpleImputer', 'strategy': 'mean'}. Best is trial 12 with value: 2.3720147641809324.
[I 2023-11-21 09:55:33,099] Trial 70 finished with value: 2.3720147641809324 and parameters: {'model_name': 'SimpleImputer', 'strategy': 'mean'}. Best is trial 12 with value: 2.3720147641809324.
[I 2023-11-21 09:55:33,476] Trial 73 finished with value: 2.3720147641809324 and parameters: {'model_name': 'SimpleImputer', 'strategy': 'mean'}. Best is trial 12 with value: 2.3720147641809324.
[I 2023-11-21 09:55:33,744] Trial 1 finished with value: 2.5225014769089436 and parameters: {'model_name': 'SimpleImputer', 'strategy': 'most_frequent'}. Best is trial 12 with value: 2.3720147641809324.
[I 2023-11-21 09:55:34,036] Trial 52 finished with value: 2.403080076498184 and parameters: {'model_name': 'SimpleImputer', 'strategy': 'median'}. Best is trial 12 with value: 2.3720147641809324.
[I 2023-11-21 09:55:34,467] Trial 85 finished with value: 2.3720147641809324 and parameters: {'model_name': 'SimpleImputer', 'strategy': 'mean'}. Best is trial 12 with value: 2.3720147641809324.
[I 2023-11-21 09:55:34,741] Trial 83 finished with value: 2.3720147641809324 and parameters: {'model_name': 'SimpleImputer', 'strategy': 'mean'}. Best is trial 12 with value: 2.3720147641809324.
[I 2023-11-21 09:55:34,743] Trial 81 finished with value: 2.3720147641809324 and parameters: {'model_name': 'SimpleImputer', 'strategy': 'mean'}. Best is trial 12 with value: 2.3720147641809324.
[I 2023-11-21 09:55:35,123] Trial 79 finished with value: 2.3720147641809324 and parameters: {'model_name': 'SimpleImputer', 'strategy': 'mean'}. Best is trial 12 with value: 2.3720147641809324.
[I 2023-11-21 09:55:35,373] Trial 78 finished with value: 2.3720147641809324 and parameters: {'model_name': 'SimpleImputer', 'strategy': 'mean'}. Best is trial 12 with value: 2.3720147641809324.
[I 2023-11-21 09:55:35,645] Trial 82 finished with value: 2.3720147641809324 and parameters: {'model_name': 'SimpleImputer', 'strategy': 'mean'}. Best is trial 12 with value: 2.3720147641809324.
[I 2023-11-21 09:55:36,007] Trial 90 finished with value: 2.3720147641809324 and parameters: {'model_name': 'SimpleImputer', 'strategy': 'mean'}. Best is trial 12 with value: 2.3720147641809324.
[I 2023-11-21 09:55:36,235] Trial 86 finished with value: 2.3720147641809324 and parameters: {'model_name': 'SimpleImputer', 'strategy': 'mean'}. Best is trial 12 with value: 2.3720147641809324.
[I 2023-11-21 09:55:36,590] Trial 80 finished with value: 2.3720147641809324 and parameters: {'model_name': 'SimpleImputer', 'strategy': 'mean'}. Best is trial 12 with value: 2.3720147641809324.
[I 2023-11-21 09:55:36,842] Trial 84 finished with value: 2.3720147641809324 and parameters: {'model_name': 'SimpleImputer', 'strategy': 'mean'}. Best is trial 12 with value: 2.3720147641809324.
[I 2023-11-21 09:55:37,116] Trial 87 finished with value: 2.3720147641809324 and parameters: {'model_name': 'SimpleImputer', 'strategy': 'mean'}. Best is trial 12 with value: 2.3720147641809324.
[I 2023-11-21 09:55:37,581] Trial 95 finished with value: 2.3720147641809324 and parameters: {'model_name': 'SimpleImputer', 'strategy': 'mean'}. Best is trial 12 with value: 2.3720147641809324.
[I 2023-11-21 09:55:37,815] Trial 89 finished with value: 2.3720147641809324 and parameters: {'model_name': 'SimpleImputer', 'strategy': 'mean'}. Best is trial 12 with value: 2.3720147641809324.
[I 2023-11-21 09:55:38,035] Trial 17 finished with value: 2.5225014769089436 and parameters: {'model_name': 'SimpleImputer', 'strategy': 'most_frequent'}. Best is trial 12 with value: 2.3720147641809324.
[I 2023-11-21 09:55:38,249] Trial 91 finished with value: 2.3720147641809324 and parameters: {'model_name': 'SimpleImputer', 'strategy': 'mean'}. Best is trial 12 with value: 2.3720147641809324.
[I 2023-11-21 09:55:38,484] Trial 88 finished with value: 2.3720147641809324 and parameters: {'model_name': 'SimpleImputer', 'strategy': 'mean'}. Best is trial 12 with value: 2.3720147641809324.
[I 2023-11-21 09:55:38,765] Trial 93 finished with value: 2.3720147641809324 and parameters: {'model_name': 'SimpleImputer', 'strategy': 'mean'}. Best is trial 12 with value: 2.3720147641809324.
[I 2023-11-21 09:55:39,005] Trial 94 finished with value: 2.3720147641809324 and parameters: {'model_name': 'SimpleImputer', 'strategy': 'mean'}. Best is trial 12 with value: 2.3720147641809324.
[I 2023-11-21 09:55:39,193] Trial 92 finished with value: 2.3720147641809324 and parameters: {'model_name': 'SimpleImputer', 'strategy': 'mean'}. Best is trial 12 with value: 2.3720147641809324.
[I 2023-11-21 09:55:39,680] Trial 10 finished with value: 2.5225014769089436 and parameters: {'model_name': 'SimpleImputer', 'strategy': 'most_frequent'}. Best is trial 12 with value: 2.3720147641809324.
[I 2023-11-21 09:55:40,414] Trial 129 finished with value: inf and parameters: {'model_name': 'KNNImputer', 'weights': 'distance', 'keep_empty_features': False}. Best is trial 12 with value: 2.3720147641809324.
[I 2023-11-21 09:55:40,734] Trial 24 finished with value: 2.5225014769089436 and parameters: {'model_name': 'SimpleImputer', 'strategy': 'most_frequent'}. Best is trial 12 with value: 2.3720147641809324.
[I 2023-11-21 09:55:42,185] Trial 44 finished with value: 2.5225014769089436 and parameters: {'model_name': 'SimpleImputer', 'strategy': 'most_frequent'}. Best is trial 12 with value: 2.3720147641809324.
[I 2023-11-21 09:55:42,890] Trial 51 finished with value: 2.5225014769089436 and parameters: {'model_name': 'SimpleImputer', 'strategy': 'most_frequent'}. Best is trial 12 with value: 2.3720147641809324.
[I 2023-11-21 09:55:45,241] Trial 102 finished with value: 2.5225014769089436 and parameters: {'model_name': 'SimpleImputer', 'strategy': 'most_frequent'}. Best is trial 12 with value: 2.3720147641809324.
[I 2023-11-21 09:55:49,189] Trial 133 finished with value: 2.5225014769089436 and parameters: {'model_name': 'SimpleImputer', 'strategy': 'most_frequent'}. Best is trial 12 with value: 2.3720147641809324.
[I 2023-11-21 09:55:49,953] Trial 39 finished with value: inf and parameters: {'model_name': 'IterativeImputer', 'estimator': 'RFR', 'sample_posterior': True, 'initial_strategy': 'constant', 'imputation_order': 'arabic'}. Best is trial 12 with value: 2.3720147641809324.
[I 2023-11-21 09:57:11,499] Trial 2 finished with value: 2.5326085147288344 and parameters: {'model_name': 'IterativeImputer', 'estimator': 'Bayesian', 'sample_posterior': False, 'initial_strategy': 'most_frequent', 'imputation_order': 'ascending'}. Best is trial 12 with value: 2.3720147641809324.
[I 2023-11-21 09:57:12,350] Trial 137 finished with value: 2.3805504395179335 and parameters: {'model_name': 'IterativeImputer', 'estimator': 'Bayesian', 'sample_posterior': False, 'initial_strategy': 'mean', 'imputation_order': 'random'}. Best is trial 12 with value: 2.3720147641809324.
[I 2023-11-21 09:57:13,597] Trial 112 finished with value: 2.3903736635093797 and parameters: {'model_name': 'IterativeImputer', 'estimator': 'Bayesian', 'sample_posterior': False, 'initial_strategy': 'mean', 'imputation_order': 'random'}. Best is trial 12 with value: 2.3720147641809324.
[I 2023-11-21 09:57:15,726] Trial 132 finished with value: 4.964018132760263 and parameters: {'model_name': 'IterativeImputer', 'estimator': 'Bayesian', 'sample_posterior': False, 'initial_strategy': 'constant', 'imputation_order': 'random'}. Best is trial 12 with value: 2.3720147641809324.
[I 2023-11-21 09:57:18,666] Trial 141 finished with value: 2.403080076498184 and parameters: {'model_name': 'SimpleImputer', 'strategy': 'median'}. Best is trial 12 with value: 2.3720147641809324.
[I 2023-11-21 09:57:19,123] Trial 125 finished with value: 4.731675583718083 and parameters: {'model_name': 'IterativeImputer', 'estimator': 'Bayesian', 'sample_posterior': False, 'initial_strategy': 'constant', 'imputation_order': 'random'}. Best is trial 12 with value: 2.3720147641809324.
[I 2023-11-21 09:57:21,711] Trial 142 finished with value: 2.403080076498184 and parameters: {'model_name': 'SimpleImputer', 'strategy': 'median'}. Best is trial 12 with value: 2.3720147641809324.
[I 2023-11-21 09:57:22,288] Trial 143 finished with value: 2.403080076498184 and parameters: {'model_name': 'SimpleImputer', 'strategy': 'median'}. Best is trial 12 with value: 2.3720147641809324.
[I 2023-11-21 09:57:22,491] Trial 144 finished with value: inf and parameters: {'model_name': 'KNNImputer', 'weights': 'uniform', 'keep_empty_features': True}. Best is trial 12 with value: 2.3720147641809324.
[I 2023-11-21 09:57:24,424] Trial 110 finished with value: 4.597449764848453 and parameters: {'model_name': 'IterativeImputer', 'estimator': 'Bayesian', 'sample_posterior': False, 'initial_strategy': 'constant', 'imputation_order': 'random'}. Best is trial 12 with value: 2.3720147641809324.
[I 2023-11-21 09:57:24,655] Trial 146 finished with value: 2.3720147641809324 and parameters: {'model_name': 'SimpleImputer', 'strategy': 'mean'}. Best is trial 12 with value: 2.3720147641809324.
[I 2023-11-21 09:57:25,228] Trial 145 finished with value: 2.3720147641809324 and parameters: {'model_name': 'SimpleImputer', 'strategy': 'mean'}. Best is trial 12 with value: 2.3720147641809324.
[I 2023-11-21 09:57:27,018] Trial 148 finished with value: 2.3720147641809324 and parameters: {'model_name': 'SimpleImputer', 'strategy': 'mean'}. Best is trial 12 with value: 2.3720147641809324.
[I 2023-11-21 09:57:27,367] Trial 147 finished with value: 2.3720147641809324 and parameters: {'model_name': 'SimpleImputer', 'strategy': 'mean'}. Best is trial 12 with value: 2.3720147641809324.
[I 2023-11-21 09:57:27,601] Trial 149 finished with value: 2.3720147641809324 and parameters: {'model_name': 'SimpleImputer', 'strategy': 'mean'}. Best is trial 12 with value: 2.3720147641809324.
[I 2023-11-21 09:57:29,328] Trial 151 finished with value: 2.3720147641809324 and parameters: {'model_name': 'SimpleImputer', 'strategy': 'mean'}. Best is trial 12 with value: 2.3720147641809324.
[I 2023-11-21 09:57:29,630] Trial 150 finished with value: 2.3720147641809324 and parameters: {'model_name': 'SimpleImputer', 'strategy': 'mean'}. Best is trial 12 with value: 2.3720147641809324.
[I 2023-11-21 09:57:30,169] Trial 152 finished with value: 2.3720147641809324 and parameters: {'model_name': 'SimpleImputer', 'strategy': 'mean'}. Best is trial 12 with value: 2.3720147641809324.
[I 2023-11-21 09:57:30,495] Trial 153 finished with value: inf and parameters: {'model_name': 'GAIN', 'batch_size': 771, 'hint_rate': 0.05890857420144244, 'alpha': 35, 'iterations': 1}. Best is trial 12 with value: 2.3720147641809324.
[I 2023-11-21 09:57:30,893] Trial 154 finished with value: inf and parameters: {'model_name': 'GAIN', 'batch_size': 613, 'hint_rate': 0.0010953748629905014, 'alpha': 38, 'iterations': 1}. Best is trial 12 with value: 2.3720147641809324.
[I 2023-11-21 09:57:31,251] Trial 155 finished with value: inf and parameters: {'model_name': 'GAIN', 'batch_size': 856, 'hint_rate': 0.0011145103258708169, 'alpha': 38, 'iterations': 1}. Best is trial 12 with value: 2.3720147641809324.
[I 2023-11-21 09:57:32,704] Trial 156 finished with value: 2.3720147641809324 and parameters: {'model_name': 'SimpleImputer', 'strategy': 'mean'}. Best is trial 12 with value: 2.3720147641809324.
[I 2023-11-21 09:57:33,335] Trial 158 finished with value: 2.3720147641809324 and parameters: {'model_name': 'SimpleImputer', 'strategy': 'mean'}. Best is trial 12 with value: 2.3720147641809324.
[I 2023-11-21 09:57:34,005] Trial 157 finished with value: 2.3720147641809324 and parameters: {'model_name': 'SimpleImputer', 'strategy': 'mean'}. Best is trial 12 with value: 2.3720147641809324.
[I 2023-11-21 09:57:34,291] Trial 113 finished with value: 2.3377313774566812 and parameters: {'model_name': 'IterativeImputer', 'estimator': 'Bayesian', 'sample_posterior': False, 'initial_strategy': 'mean', 'imputation_order': 'roman'}. Best is trial 113 with value: 2.3377313774566812.
[I 2023-11-21 09:57:34,862] Trial 122 finished with value: 2.3377313774566812 and parameters: {'model_name': 'IterativeImputer', 'estimator': 'Bayesian', 'sample_posterior': False, 'initial_strategy': 'mean', 'imputation_order': 'roman'}. Best is trial 113 with value: 2.3377313774566812.
[I 2023-11-21 09:57:35,897] Trial 160 finished with value: 2.3720147641809324 and parameters: {'model_name': 'SimpleImputer', 'strategy': 'mean'}. Best is trial 113 with value: 2.3377313774566812.
[I 2023-11-21 09:57:36,134] Trial 159 finished with value: 2.3720147641809324 and parameters: {'model_name': 'SimpleImputer', 'strategy': 'mean'}. Best is trial 113 with value: 2.3377313774566812.
[I 2023-11-21 09:57:37,087] Trial 161 finished with value: 2.3720147641809324 and parameters: {'model_name': 'SimpleImputer', 'strategy': 'mean'}. Best is trial 113 with value: 2.3377313774566812.
[I 2023-11-21 09:57:38,407] Trial 118 finished with value: 2.3377313774566812 and parameters: {'model_name': 'IterativeImputer', 'estimator': 'Bayesian', 'sample_posterior': False, 'initial_strategy': 'mean', 'imputation_order': 'roman'}. Best is trial 113 with value: 2.3377313774566812.
[I 2023-11-21 09:57:38,648] Trial 106 finished with value: 2.3377313774566812 and parameters: {'model_name': 'IterativeImputer', 'estimator': 'Bayesian', 'sample_posterior': False, 'initial_strategy': 'mean', 'imputation_order': 'roman'}. Best is trial 113 with value: 2.3377313774566812.
[I 2023-11-21 09:57:38,898] Trial 130 finished with value: 2.3377313774566812 and parameters: {'model_name': 'IterativeImputer', 'estimator': 'Bayesian', 'sample_posterior': False, 'initial_strategy': 'mean', 'imputation_order': 'roman'}. Best is trial 113 with value: 2.3377313774566812.
[I 2023-11-21 09:57:40,974] Trial 119 finished with value: 2.3377313774566812 and parameters: {'model_name': 'IterativeImputer', 'estimator': 'Bayesian', 'sample_posterior': False, 'initial_strategy': 'mean', 'imputation_order': 'roman'}. Best is trial 113 with value: 2.3377313774566812.
[I 2023-11-21 09:57:41,305] Trial 121 finished with value: 2.3377313774566812 and parameters: {'model_name': 'IterativeImputer', 'estimator': 'Bayesian', 'sample_posterior': False, 'initial_strategy': 'mean', 'imputation_order': 'roman'}. Best is trial 113 with value: 2.3377313774566812.
[I 2023-11-21 09:57:41,782] Trial 127 finished with value: 2.3377313774566812 and parameters: {'model_name': 'IterativeImputer', 'estimator': 'Bayesian', 'sample_posterior': False, 'initial_strategy': 'mean', 'imputation_order': 'roman'}. Best is trial 113 with value: 2.3377313774566812.
[I 2023-11-21 09:57:42,155] Trial 115 finished with value: 2.3377313774566812 and parameters: {'model_name': 'IterativeImputer', 'estimator': 'Bayesian', 'sample_posterior': False, 'initial_strategy': 'mean', 'imputation_order': 'roman'}. Best is trial 113 with value: 2.3377313774566812.
[I 2023-11-21 09:57:49,643] Trial 98 finished with value: 2.378247498937565 and parameters: {'model_name': 'IterativeImputer', 'estimator': 'Bayesian', 'sample_posterior': False, 'initial_strategy': 'mean', 'imputation_order': 'random'}. Best is trial 113 with value: 2.3377313774566812.
[I 2023-11-21 09:58:39,398] Trial 97 finished with value: 5.66862061803952 and parameters: {'model_name': 'IterativeImputer', 'estimator': 'Bayesian', 'sample_posterior': False, 'initial_strategy': 'constant', 'imputation_order': 'roman'}. Best is trial 113 with value: 2.3377313774566812.
[I 2023-11-21 09:58:41,457] Trial 103 finished with value: 5.66862061803952 and parameters: {'model_name': 'IterativeImputer', 'estimator': 'Bayesian', 'sample_posterior': False, 'initial_strategy': 'constant', 'imputation_order': 'roman'}. Best is trial 113 with value: 2.3377313774566812.
[I 2023-11-21 09:58:46,817] Trial 107 finished with value: 5.66862061803952 and parameters: {'model_name': 'IterativeImputer', 'estimator': 'Bayesian', 'sample_posterior': False, 'initial_strategy': 'constant', 'imputation_order': 'roman'}. Best is trial 113 with value: 2.3377313774566812.
[I 2023-11-21 09:58:47,763] Trial 135 finished with value: 5.66862061803952 and parameters: {'model_name': 'IterativeImputer', 'estimator': 'Bayesian', 'sample_posterior': False, 'initial_strategy': 'constant', 'imputation_order': 'roman'}. Best is trial 113 with value: 2.3377313774566812.
[I 2023-11-21 09:58:48,594] Trial 128 finished with value: 5.66862061803952 and parameters: {'model_name': 'IterativeImputer', 'estimator': 'Bayesian', 'sample_posterior': False, 'initial_strategy': 'constant', 'imputation_order': 'roman'}. Best is trial 113 with value: 2.3377313774566812.
[I 2023-11-21 09:59:46,287] Trial 169 finished with value: 2.3377313774566812 and parameters: {'model_name': 'IterativeImputer', 'estimator': 'Bayesian', 'sample_posterior': False, 'initial_strategy': 'mean', 'imputation_order': 'roman'}. Best is trial 113 with value: 2.3377313774566812.
[I 2023-11-21 09:59:46,852] Trial 167 finished with value: 2.3377313774566812 and parameters: {'model_name': 'IterativeImputer', 'estimator': 'Bayesian', 'sample_posterior': False, 'initial_strategy': 'mean', 'imputation_order': 'roman'}. Best is trial 113 with value: 2.3377313774566812.
[I 2023-11-21 09:59:48,359] Trial 172 finished with value: 2.3377313774566812 and parameters: {'model_name': 'IterativeImputer', 'estimator': 'Bayesian', 'sample_posterior': False, 'initial_strategy': 'mean', 'imputation_order': 'roman'}. Best is trial 113 with value: 2.3377313774566812.
[I 2023-11-21 09:59:48,816] Trial 170 finished with value: 2.3377313774566812 and parameters: {'model_name': 'IterativeImputer', 'estimator': 'Bayesian', 'sample_posterior': False, 'initial_strategy': 'mean', 'imputation_order': 'roman'}. Best is trial 113 with value: 2.3377313774566812.
[I 2023-11-21 09:59:50,023] Trial 171 finished with value: 2.3377313774566812 and parameters: {'model_name': 'IterativeImputer', 'estimator': 'Bayesian', 'sample_posterior': False, 'initial_strategy': 'mean', 'imputation_order': 'roman'}. Best is trial 113 with value: 2.3377313774566812.
[I 2023-11-21 09:59:51,380] Trial 168 finished with value: 2.3377313774566812 and parameters: {'model_name': 'IterativeImputer', 'estimator': 'Bayesian', 'sample_posterior': False, 'initial_strategy': 'mean', 'imputation_order': 'roman'}. Best is trial 113 with value: 2.3377313774566812.
[I 2023-11-21 09:59:53,122] Trial 173 finished with value: 2.3377313774566812 and parameters: {'model_name': 'IterativeImputer', 'estimator': 'Bayesian', 'sample_posterior': False, 'initial_strategy': 'mean', 'imputation_order': 'roman'}. Best is trial 113 with value: 2.3377313774566812.
[I 2023-11-21 09:59:58,049] Trial 174 finished with value: 2.3377313774566812 and parameters: {'model_name': 'IterativeImputer', 'estimator': 'Bayesian', 'sample_posterior': False, 'initial_strategy': 'mean', 'imputation_order': 'roman'}. Best is trial 113 with value: 2.3377313774566812.
[I 2023-11-21 10:00:17,837] Trial 32 finished with value: 2.3264539890610214 and parameters: {'model_name': 'IterativeImputer', 'estimator': 'Ridge', 'sample_posterior': False, 'initial_strategy': 'mean', 'imputation_order': 'roman'}. Best is trial 32 with value: 2.3264539890610214.
[I 2023-11-21 10:00:21,040] Trial 20 finished with value: 2.377218759936214 and parameters: {'model_name': 'IterativeImputer', 'estimator': 'Ridge', 'sample_posterior': False, 'initial_strategy': 'mean', 'imputation_order': 'descending'}. Best is trial 32 with value: 2.3264539890610214.
[I 2023-11-21 10:00:50,843] Trial 175 finished with value: 2.3377313774566812 and parameters: {'model_name': 'IterativeImputer', 'estimator': 'Bayesian', 'sample_posterior': False, 'initial_strategy': 'mean', 'imputation_order': 'roman'}. Best is trial 32 with value: 2.3264539890610214.
[I 2023-11-21 10:00:58,168] Trial 176 finished with value: 2.3377313774566812 and parameters: {'model_name': 'IterativeImputer', 'estimator': 'Bayesian', 'sample_posterior': False, 'initial_strategy': 'mean', 'imputation_order': 'roman'}. Best is trial 32 with value: 2.3264539890610214.
[I 2023-11-21 10:00:59,203] Trial 177 finished with value: 2.3377313774566812 and parameters: {'model_name': 'IterativeImputer', 'estimator': 'Bayesian', 'sample_posterior': False, 'initial_strategy': 'mean', 'imputation_order': 'roman'}. Best is trial 32 with value: 2.3264539890610214.
[I 2023-11-21 10:01:00,499] Trial 179 finished with value: 2.3377313774566812 and parameters: {'model_name': 'IterativeImputer', 'estimator': 'Bayesian', 'sample_posterior': False, 'initial_strategy': 'mean', 'imputation_order': 'roman'}. Best is trial 32 with value: 2.3264539890610214.
[I 2023-11-21 10:01:02,489] Trial 178 finished with value: 2.3377313774566812 and parameters: {'model_name': 'IterativeImputer', 'estimator': 'Bayesian', 'sample_posterior': False, 'initial_strategy': 'mean', 'imputation_order': 'roman'}. Best is trial 32 with value: 2.3264539890610214.
[I 2023-11-21 10:02:06,719] Trial 181 finished with value: 2.3377313774566812 and parameters: {'model_name': 'IterativeImputer', 'estimator': 'Bayesian', 'sample_posterior': False, 'initial_strategy': 'mean', 'imputation_order': 'roman'}. Best is trial 32 with value: 2.3264539890610214.
[I 2023-11-21 10:02:07,271] Trial 183 finished with value: 2.3377313774566812 and parameters: {'model_name': 'IterativeImputer', 'estimator': 'Bayesian', 'sample_posterior': False, 'initial_strategy': 'mean', 'imputation_order': 'roman'}. Best is trial 32 with value: 2.3264539890610214.
[I 2023-11-21 10:02:07,804] Trial 182 finished with value: 2.3377313774566812 and parameters: {'model_name': 'IterativeImputer', 'estimator': 'Bayesian', 'sample_posterior': False, 'initial_strategy': 'mean', 'imputation_order': 'roman'}. Best is trial 32 with value: 2.3264539890610214.
[I 2023-11-21 10:02:11,764] Trial 180 finished with value: 2.3377313774566812 and parameters: {'model_name': 'IterativeImputer', 'estimator': 'Bayesian', 'sample_posterior': False, 'initial_strategy': 'mean', 'imputation_order': 'roman'}. Best is trial 32 with value: 2.3264539890610214.
[I 2023-11-21 10:02:13,150] Trial 184 finished with value: 2.3377313774566812 and parameters: {'model_name': 'IterativeImputer', 'estimator': 'Bayesian', 'sample_posterior': False, 'initial_strategy': 'mean', 'imputation_order': 'roman'}. Best is trial 32 with value: 2.3264539890610214.
[I 2023-11-21 10:02:15,282] Trial 186 finished with value: 2.3377313774566812 and parameters: {'model_name': 'IterativeImputer', 'estimator': 'Bayesian', 'sample_posterior': False, 'initial_strategy': 'mean', 'imputation_order': 'roman'}. Best is trial 32 with value: 2.3264539890610214.
[I 2023-11-21 10:02:17,891] Trial 187 finished with value: 2.3377313774566812 and parameters: {'model_name': 'IterativeImputer', 'estimator': 'Bayesian', 'sample_posterior': False, 'initial_strategy': 'mean', 'imputation_order': 'roman'}. Best is trial 32 with value: 2.3264539890610214.
[I 2023-11-21 10:02:20,704] Trial 185 finished with value: 2.3377313774566812 and parameters: {'model_name': 'IterativeImputer', 'estimator': 'Bayesian', 'sample_posterior': False, 'initial_strategy': 'mean', 'imputation_order': 'roman'}. Best is trial 32 with value: 2.3264539890610214.
[I 2023-11-21 10:02:43,860] Trial 188 finished with value: 2.3377313774566812 and parameters: {'model_name': 'IterativeImputer', 'estimator': 'Bayesian', 'sample_posterior': False, 'initial_strategy': 'mean', 'imputation_order': 'roman'}. Best is trial 32 with value: 2.3264539890610214.
[I 2023-11-21 10:02:52,884] Trial 189 finished with value: 2.3377313774566812 and parameters: {'model_name': 'IterativeImputer', 'estimator': 'Bayesian', 'sample_posterior': False, 'initial_strategy': 'mean', 'imputation_order': 'roman'}. Best is trial 32 with value: 2.3264539890610214.
[I 2023-11-21 10:03:16,894] Trial 190 finished with value: 2.3377313774566812 and parameters: {'model_name': 'IterativeImputer', 'estimator': 'Bayesian', 'sample_posterior': False, 'initial_strategy': 'mean', 'imputation_order': 'roman'}. Best is trial 32 with value: 2.3264539890610214.
[I 2023-11-21 10:03:21,921] Trial 192 finished with value: 2.3377313774566812 and parameters: {'model_name': 'IterativeImputer', 'estimator': 'Bayesian', 'sample_posterior': False, 'initial_strategy': 'mean', 'imputation_order': 'roman'}. Best is trial 32 with value: 2.3264539890610214.
[I 2023-11-21 10:03:29,709] Trial 191 finished with value: 2.3377313774566812 and parameters: {'model_name': 'IterativeImputer', 'estimator': 'Bayesian', 'sample_posterior': False, 'initial_strategy': 'mean', 'imputation_order': 'roman'}. Best is trial 32 with value: 2.3264539890610214.
[I 2023-11-21 10:03:31,409] Trial 194 finished with value: 2.3377313774566812 and parameters: {'model_name': 'IterativeImputer', 'estimator': 'Bayesian', 'sample_posterior': False, 'initial_strategy': 'mean', 'imputation_order': 'roman'}. Best is trial 32 with value: 2.3264539890610214.
[I 2023-11-21 10:03:32,789] Trial 193 finished with value: 2.3377313774566812 and parameters: {'model_name': 'IterativeImputer', 'estimator': 'Bayesian', 'sample_posterior': False, 'initial_strategy': 'mean', 'imputation_order': 'roman'}. Best is trial 32 with value: 2.3264539890610214.
[I 2023-11-21 10:04:33,636] Trial 195 finished with value: 2.3377313774566812 and parameters: {'model_name': 'IterativeImputer', 'estimator': 'Bayesian', 'sample_posterior': False, 'initial_strategy': 'mean', 'imputation_order': 'roman'}. Best is trial 32 with value: 2.3264539890610214.
[I 2023-11-21 10:04:36,028] Trial 198 finished with value: 2.3377313774566812 and parameters: {'model_name': 'IterativeImputer', 'estimator': 'Bayesian', 'sample_posterior': False, 'initial_strategy': 'mean', 'imputation_order': 'roman'}. Best is trial 32 with value: 2.3264539890610214.
[I 2023-11-21 10:04:40,176] Trial 196 finished with value: 2.3377313774566812 and parameters: {'model_name': 'IterativeImputer', 'estimator': 'Bayesian', 'sample_posterior': False, 'initial_strategy': 'mean', 'imputation_order': 'roman'}. Best is trial 32 with value: 2.3264539890610214.
[I 2023-11-21 10:09:00,157] Trial 22 finished with value: 3.4572747828334114 and parameters: {'model_name': 'IterativeImputer', 'estimator': 'KNN', 'sample_posterior': False, 'initial_strategy': 'constant', 'imputation_order': 'descending'}. Best is trial 32 with value: 2.3264539890610214.
[I 2023-11-21 10:09:14,037] Trial 49 finished with value: 3.29469054793899 and parameters: {'model_name': 'IterativeImputer', 'estimator': 'KNN', 'sample_posterior': False, 'initial_strategy': 'constant', 'imputation_order': 'ascending'}. Best is trial 32 with value: 2.3264539890610214.
[I 2023-11-21 10:10:42,877] Trial 46 finished with value: 3.2067360513944436 and parameters: {'model_name': 'IterativeImputer', 'estimator': 'Bayesian', 'sample_posterior': True, 'initial_strategy': 'mean', 'imputation_order': 'ascending'}. Best is trial 32 with value: 2.3264539890610214.
[I 2023-11-21 10:11:02,408] Trial 35 finished with value: 2.536911422660954 and parameters: {'model_name': 'IterativeImputer', 'estimator': 'KNN', 'sample_posterior': False, 'initial_strategy': 'mean', 'imputation_order': 'arabic'}. Best is trial 32 with value: 2.3264539890610214.
[I 2023-11-21 10:13:54,972] Trial 197 finished with value: 2.4540074576967634 and parameters: {'model_name': 'IterativeImputer', 'estimator': 'KNN', 'sample_posterior': False, 'initial_strategy': 'mean', 'imputation_order': 'roman'}. Best is trial 32 with value: 2.3264539890610214.
[I 2023-11-21 10:14:06,568] Trial 199 finished with value: 2.4540074576967634 and parameters: {'model_name': 'IterativeImputer', 'estimator': 'KNN', 'sample_posterior': False, 'initial_strategy': 'mean', 'imputation_order': 'roman'}. Best is trial 32 with value: 2.3264539890610214.
