/cm/local/apps/slurm/var/spool/job412633/slurm_script: line 19: /common/ketrong/minconda3/etc/profile.d/conda.sh: No such file or directory
/cm/local/apps/slurm/var/spool/job412633/slurm_script: line 22: $'\nconda create --name tpot2devenv -c conda-forge python=3.10\n': command not found
/cm/local/apps/slurm/var/spool/job412633/slurm_script: line 27: $'\npip install -r requirements.txt\n': command not found
RunStart
2023-11-24 15:10:10.378799: I tensorflow/core/util/port.cc:113] oneDNN custom operations are on. You may see slightly different numerical results due to floating-point round-off errors from different computation orders. To turn them off, set the environment variable `TF_ENABLE_ONEDNN_OPTS=0`.
2023-11-24 15:10:10.414770: E external/local_xla/xla/stream_executor/cuda/cuda_dnn.cc:9261] Unable to register cuDNN factory: Attempting to register factory for plugin cuDNN when one has already been registered
2023-11-24 15:10:10.414794: E external/local_xla/xla/stream_executor/cuda/cuda_fft.cc:607] Unable to register cuFFT factory: Attempting to register factory for plugin cuFFT when one has already been registered
2023-11-24 15:10:10.416171: E external/local_xla/xla/stream_executor/cuda/cuda_blas.cc:1515] Unable to register cuBLAS factory: Attempting to register factory for plugin cuBLAS when one has already been registered
2023-11-24 15:10:10.422284: I tensorflow/core/platform/cpu_feature_guard.cc:182] This TensorFlow binary is optimized to use available CPU instructions in performance-critical operations.
To enable the following instructions: AVX2 AVX512F AVX512_VNNI FMA, in other operations, rebuild TensorFlow with the appropriate compiler flags.
2023-11-24 15:10:22.352067: W tensorflow/compiler/tf2tensorrt/utils/py_utils.cc:38] TF-TRT Warning: Could not find TensorRT
WARNING:tensorflow:From /home/ketrong/miniconda3/envs/tpot2devenv/lib/python3.10/site-packages/tensorflow/python/compat/v2_compat.py:108: disable_resource_variables (from tensorflow.python.ops.variable_scope) is deprecated and will be removed in a future version.
Instructions for updating:
non-resource variables are not supported in the long term
working on 
tpot2_imputetest/Impute_Experiments/logs//tpot2_base_normal_6_0.5_MAR_3
loading data
tpot2_imputetest/Impute_Experiments/data/6_True.pkl
running experiment 1/3 - Does large hyperparameter space improve reconstruction accuracy over simple
[I 2023-11-24 15:15:22,599] A new study created in memory with name: no-name-f1cbe1c4-b36d-4c08-8791-0550cdced7a2
[I 2023-11-24 15:15:23,519] Trial 6 finished with value: 5.902965606383989 and parameters: {'model_name': 'SimpleImputer', 'strategy': 'constant'}. Best is trial 6 with value: 5.902965606383989.
[I 2023-11-24 15:15:24,009] Trial 0 finished with value: 5.902965606383989 and parameters: {'model_name': 'SimpleImputer', 'strategy': 'constant'}. Best is trial 6 with value: 5.902965606383989.
[I 2023-11-24 15:15:24,370] Trial 9 finished with value: 5.902965606383989 and parameters: {'model_name': 'SimpleImputer', 'strategy': 'constant'}. Best is trial 6 with value: 5.902965606383989.
[I 2023-11-24 15:15:24,858] Trial 19 finished with value: 5.902965606383989 and parameters: {'model_name': 'SimpleImputer', 'strategy': 'constant'}. Best is trial 6 with value: 5.902965606383989.
[I 2023-11-24 15:15:25,238] Trial 11 finished with value: 5.902965606383989 and parameters: {'model_name': 'SimpleImputer', 'strategy': 'constant'}. Best is trial 6 with value: 5.902965606383989.
[I 2023-11-24 15:15:25,439] Trial 21 finished with value: 5.902965606383989 and parameters: {'model_name': 'SimpleImputer', 'strategy': 'constant'}. Best is trial 6 with value: 5.902965606383989.
[I 2023-11-24 15:15:25,737] Trial 2 finished with value: 2.274162536269411 and parameters: {'model_name': 'SimpleImputer', 'strategy': 'mean'}. Best is trial 2 with value: 2.274162536269411.
[I 2023-11-24 15:15:26,056] Trial 8 finished with value: 2.274162536269411 and parameters: {'model_name': 'SimpleImputer', 'strategy': 'mean'}. Best is trial 2 with value: 2.274162536269411.
[I 2023-11-24 15:15:26,307] Trial 17 finished with value: 5.902965606383989 and parameters: {'model_name': 'SimpleImputer', 'strategy': 'constant'}. Best is trial 2 with value: 2.274162536269411.
[I 2023-11-24 15:15:26,903] Trial 3 finished with value: 2.2940803290130356 and parameters: {'model_name': 'SimpleImputer', 'strategy': 'median'}. Best is trial 2 with value: 2.274162536269411.
[I 2023-11-24 15:15:27,142] Trial 12 finished with value: 2.274162536269411 and parameters: {'model_name': 'SimpleImputer', 'strategy': 'mean'}. Best is trial 2 with value: 2.274162536269411.
[I 2023-11-24 15:15:27,343] Trial 14 finished with value: 2.274162536269411 and parameters: {'model_name': 'SimpleImputer', 'strategy': 'mean'}. Best is trial 2 with value: 2.274162536269411.
[I 2023-11-24 15:15:27,558] Trial 16 finished with value: 2.274162536269411 and parameters: {'model_name': 'SimpleImputer', 'strategy': 'mean'}. Best is trial 2 with value: 2.274162536269411.
[I 2023-11-24 15:15:27,864] Trial 27 finished with value: 5.902965606383989 and parameters: {'model_name': 'SimpleImputer', 'strategy': 'constant'}. Best is trial 2 with value: 2.274162536269411.
[I 2023-11-24 15:15:28,042] Trial 24 finished with value: 2.274162536269411 and parameters: {'model_name': 'SimpleImputer', 'strategy': 'mean'}. Best is trial 2 with value: 2.274162536269411.
[I 2023-11-24 15:15:28,339] Trial 26 finished with value: 5.902965606383989 and parameters: {'model_name': 'SimpleImputer', 'strategy': 'constant'}. Best is trial 2 with value: 2.274162536269411.
[I 2023-11-24 15:15:28,605] Trial 40 finished with value: 5.902965606383989 and parameters: {'model_name': 'SimpleImputer', 'strategy': 'constant'}. Best is trial 2 with value: 2.274162536269411.
[I 2023-11-24 15:15:28,887] Trial 10 finished with value: 2.274162536269411 and parameters: {'model_name': 'SimpleImputer', 'strategy': 'mean'}. Best is trial 2 with value: 2.274162536269411.
[I 2023-11-24 15:15:29,064] Trial 35 finished with value: 5.902965606383989 and parameters: {'model_name': 'SimpleImputer', 'strategy': 'constant'}. Best is trial 2 with value: 2.274162536269411.
[I 2023-11-24 15:15:29,261] Trial 39 finished with value: 5.902965606383989 and parameters: {'model_name': 'SimpleImputer', 'strategy': 'constant'}. Best is trial 2 with value: 2.274162536269411.
[I 2023-11-24 15:15:29,440] Trial 36 finished with value: 5.902965606383989 and parameters: {'model_name': 'SimpleImputer', 'strategy': 'constant'}. Best is trial 2 with value: 2.274162536269411.
[I 2023-11-24 15:15:29,768] Trial 28 finished with value: 2.274162536269411 and parameters: {'model_name': 'SimpleImputer', 'strategy': 'mean'}. Best is trial 2 with value: 2.274162536269411.
[I 2023-11-24 15:15:29,957] Trial 23 finished with value: 2.274162536269411 and parameters: {'model_name': 'SimpleImputer', 'strategy': 'mean'}. Best is trial 2 with value: 2.274162536269411.
[I 2023-11-24 15:15:30,250] Trial 41 finished with value: 5.902965606383989 and parameters: {'model_name': 'SimpleImputer', 'strategy': 'constant'}. Best is trial 2 with value: 2.274162536269411.
[I 2023-11-24 15:15:30,512] Trial 32 finished with value: 5.902965606383989 and parameters: {'model_name': 'SimpleImputer', 'strategy': 'constant'}. Best is trial 2 with value: 2.274162536269411.
[I 2023-11-24 15:15:30,843] Trial 48 finished with value: 5.902965606383989 and parameters: {'model_name': 'SimpleImputer', 'strategy': 'constant'}. Best is trial 2 with value: 2.274162536269411.
[I 2023-11-24 15:15:31,050] Trial 46 finished with value: 5.902965606383989 and parameters: {'model_name': 'SimpleImputer', 'strategy': 'constant'}. Best is trial 2 with value: 2.274162536269411.
[I 2023-11-24 15:15:31,518] Trial 18 finished with value: 2.2940803290130356 and parameters: {'model_name': 'SimpleImputer', 'strategy': 'median'}. Best is trial 2 with value: 2.274162536269411.
[I 2023-11-24 15:15:31,858] Trial 29 finished with value: 2.274162536269411 and parameters: {'model_name': 'SimpleImputer', 'strategy': 'mean'}. Best is trial 2 with value: 2.274162536269411.
[I 2023-11-24 15:15:32,052] Trial 1 finished with value: 2.2940803290130356 and parameters: {'model_name': 'SimpleImputer', 'strategy': 'median'}. Best is trial 2 with value: 2.274162536269411.
[I 2023-11-24 15:15:32,669] Trial 25 finished with value: 2.2940803290130356 and parameters: {'model_name': 'SimpleImputer', 'strategy': 'median'}. Best is trial 2 with value: 2.274162536269411.
[I 2023-11-24 15:15:32,911] Trial 31 finished with value: 2.274162536269411 and parameters: {'model_name': 'SimpleImputer', 'strategy': 'mean'}. Best is trial 2 with value: 2.274162536269411.
[I 2023-11-24 15:15:33,165] Trial 22 finished with value: 2.2940803290130356 and parameters: {'model_name': 'SimpleImputer', 'strategy': 'median'}. Best is trial 2 with value: 2.274162536269411.
[I 2023-11-24 15:15:33,363] Trial 54 finished with value: 5.902965606383989 and parameters: {'model_name': 'SimpleImputer', 'strategy': 'constant'}. Best is trial 2 with value: 2.274162536269411.
[I 2023-11-24 15:15:33,836] Trial 51 finished with value: 2.274162536269411 and parameters: {'model_name': 'SimpleImputer', 'strategy': 'mean'}. Best is trial 2 with value: 2.274162536269411.
[I 2023-11-24 15:15:34,092] Trial 20 finished with value: 2.2940803290130356 and parameters: {'model_name': 'SimpleImputer', 'strategy': 'median'}. Best is trial 2 with value: 2.274162536269411.
[I 2023-11-24 15:15:34,292] Trial 30 finished with value: 2.2940803290130356 and parameters: {'model_name': 'SimpleImputer', 'strategy': 'median'}. Best is trial 2 with value: 2.274162536269411.
[I 2023-11-24 15:15:34,524] Trial 52 finished with value: 5.902965606383989 and parameters: {'model_name': 'SimpleImputer', 'strategy': 'constant'}. Best is trial 2 with value: 2.274162536269411.
[I 2023-11-24 15:15:34,959] Trial 56 finished with value: 2.274162536269411 and parameters: {'model_name': 'SimpleImputer', 'strategy': 'mean'}. Best is trial 2 with value: 2.274162536269411.
[I 2023-11-24 15:15:35,192] Trial 33 finished with value: 2.2940803290130356 and parameters: {'model_name': 'SimpleImputer', 'strategy': 'median'}. Best is trial 2 with value: 2.274162536269411.
[I 2023-11-24 15:15:35,393] Trial 55 finished with value: 2.274162536269411 and parameters: {'model_name': 'SimpleImputer', 'strategy': 'mean'}. Best is trial 2 with value: 2.274162536269411.
[I 2023-11-24 15:15:35,630] Trial 44 finished with value: 2.2940803290130356 and parameters: {'model_name': 'SimpleImputer', 'strategy': 'median'}. Best is trial 2 with value: 2.274162536269411.
[I 2023-11-24 15:15:35,913] Trial 38 finished with value: 2.2940803290130356 and parameters: {'model_name': 'SimpleImputer', 'strategy': 'median'}. Best is trial 2 with value: 2.274162536269411.
[I 2023-11-24 15:15:36,332] Trial 47 finished with value: 2.2940803290130356 and parameters: {'model_name': 'SimpleImputer', 'strategy': 'median'}. Best is trial 2 with value: 2.274162536269411.
[I 2023-11-24 15:15:36,577] Trial 43 finished with value: 2.2940803290130356 and parameters: {'model_name': 'SimpleImputer', 'strategy': 'median'}. Best is trial 2 with value: 2.274162536269411.
[I 2023-11-24 15:15:36,783] Trial 37 finished with value: 2.2940803290130356 and parameters: {'model_name': 'SimpleImputer', 'strategy': 'median'}. Best is trial 2 with value: 2.274162536269411.
[I 2023-11-24 15:15:37,200] Trial 49 finished with value: 2.2940803290130356 and parameters: {'model_name': 'SimpleImputer', 'strategy': 'median'}. Best is trial 2 with value: 2.274162536269411.
[I 2023-11-24 15:15:37,478] Trial 53 finished with value: 2.2940803290130356 and parameters: {'model_name': 'SimpleImputer', 'strategy': 'median'}. Best is trial 2 with value: 2.274162536269411.
[I 2023-11-24 15:15:37,723] Trial 42 finished with value: 2.2940803290130356 and parameters: {'model_name': 'SimpleImputer', 'strategy': 'median'}. Best is trial 2 with value: 2.274162536269411.
[I 2023-11-24 15:15:39,721] Trial 83 finished with value: 2.274162536269411 and parameters: {'model_name': 'SimpleImputer', 'strategy': 'mean'}. Best is trial 2 with value: 2.274162536269411.
[I 2023-11-24 15:15:40,745] Trial 5 finished with value: 2.2643131272237027 and parameters: {'model_name': 'SimpleImputer', 'strategy': 'most_frequent'}. Best is trial 5 with value: 2.2643131272237027.
[I 2023-11-24 15:15:41,131] Trial 7 finished with value: 2.2643131272237027 and parameters: {'model_name': 'SimpleImputer', 'strategy': 'most_frequent'}. Best is trial 5 with value: 2.2643131272237027.
[I 2023-11-24 15:15:41,564] Trial 13 finished with value: 2.2643131272237027 and parameters: {'model_name': 'SimpleImputer', 'strategy': 'most_frequent'}. Best is trial 5 with value: 2.2643131272237027.
[I 2023-11-24 15:15:41,969] Trial 4 finished with value: 2.2643131272237027 and parameters: {'model_name': 'SimpleImputer', 'strategy': 'most_frequent'}. Best is trial 5 with value: 2.2643131272237027.
[I 2023-11-24 15:15:42,364] Trial 15 finished with value: 2.2643131272237027 and parameters: {'model_name': 'SimpleImputer', 'strategy': 'most_frequent'}. Best is trial 5 with value: 2.2643131272237027.
[I 2023-11-24 15:15:43,623] Trial 34 finished with value: 2.2643131272237027 and parameters: {'model_name': 'SimpleImputer', 'strategy': 'most_frequent'}. Best is trial 5 with value: 2.2643131272237027.
[I 2023-11-24 15:15:43,961] Trial 45 finished with value: 2.2643131272237027 and parameters: {'model_name': 'SimpleImputer', 'strategy': 'most_frequent'}. Best is trial 5 with value: 2.2643131272237027.
[I 2023-11-24 15:15:45,486] Trial 57 finished with value: 2.2643131272237027 and parameters: {'model_name': 'SimpleImputer', 'strategy': 'most_frequent'}. Best is trial 5 with value: 2.2643131272237027.
[I 2023-11-24 15:15:45,838] Trial 50 finished with value: 2.2643131272237027 and parameters: {'model_name': 'SimpleImputer', 'strategy': 'most_frequent'}. Best is trial 5 with value: 2.2643131272237027.
[I 2023-11-24 15:15:46,121] Trial 79 finished with value: 2.2643131272237027 and parameters: {'model_name': 'SimpleImputer', 'strategy': 'most_frequent'}. Best is trial 5 with value: 2.2643131272237027.
[I 2023-11-24 15:15:46,446] Trial 61 finished with value: 2.2643131272237027 and parameters: {'model_name': 'SimpleImputer', 'strategy': 'most_frequent'}. Best is trial 5 with value: 2.2643131272237027.
[I 2023-11-24 15:15:46,845] Trial 59 finished with value: 2.2643131272237027 and parameters: {'model_name': 'SimpleImputer', 'strategy': 'most_frequent'}. Best is trial 5 with value: 2.2643131272237027.
[I 2023-11-24 15:15:47,093] Trial 70 finished with value: 2.2643131272237027 and parameters: {'model_name': 'SimpleImputer', 'strategy': 'most_frequent'}. Best is trial 5 with value: 2.2643131272237027.
[I 2023-11-24 15:15:47,389] Trial 72 finished with value: 2.2643131272237027 and parameters: {'model_name': 'SimpleImputer', 'strategy': 'most_frequent'}. Best is trial 5 with value: 2.2643131272237027.
[I 2023-11-24 15:15:47,716] Trial 65 finished with value: 2.2643131272237027 and parameters: {'model_name': 'SimpleImputer', 'strategy': 'most_frequent'}. Best is trial 5 with value: 2.2643131272237027.
[I 2023-11-24 15:15:48,038] Trial 77 finished with value: 2.2643131272237027 and parameters: {'model_name': 'SimpleImputer', 'strategy': 'most_frequent'}. Best is trial 5 with value: 2.2643131272237027.
[I 2023-11-24 15:15:48,312] Trial 58 finished with value: 2.2643131272237027 and parameters: {'model_name': 'SimpleImputer', 'strategy': 'most_frequent'}. Best is trial 5 with value: 2.2643131272237027.
[I 2023-11-24 15:15:48,586] Trial 62 finished with value: 2.2643131272237027 and parameters: {'model_name': 'SimpleImputer', 'strategy': 'most_frequent'}. Best is trial 5 with value: 2.2643131272237027.
[I 2023-11-24 15:15:48,762] Trial 68 finished with value: 2.2643131272237027 and parameters: {'model_name': 'SimpleImputer', 'strategy': 'most_frequent'}. Best is trial 5 with value: 2.2643131272237027.
[I 2023-11-24 15:15:49,047] Trial 64 finished with value: 2.2643131272237027 and parameters: {'model_name': 'SimpleImputer', 'strategy': 'most_frequent'}. Best is trial 5 with value: 2.2643131272237027.
[I 2023-11-24 15:15:49,294] Trial 63 finished with value: 2.2643131272237027 and parameters: {'model_name': 'SimpleImputer', 'strategy': 'most_frequent'}. Best is trial 5 with value: 2.2643131272237027.
[I 2023-11-24 15:15:49,482] Trial 78 finished with value: 2.2643131272237027 and parameters: {'model_name': 'SimpleImputer', 'strategy': 'most_frequent'}. Best is trial 5 with value: 2.2643131272237027.
[I 2023-11-24 15:15:49,859] Trial 74 finished with value: 2.2643131272237027 and parameters: {'model_name': 'SimpleImputer', 'strategy': 'most_frequent'}. Best is trial 5 with value: 2.2643131272237027.
[I 2023-11-24 15:15:50,189] Trial 66 finished with value: 2.2643131272237027 and parameters: {'model_name': 'SimpleImputer', 'strategy': 'most_frequent'}. Best is trial 5 with value: 2.2643131272237027.
[I 2023-11-24 15:15:50,441] Trial 69 finished with value: 2.2643131272237027 and parameters: {'model_name': 'SimpleImputer', 'strategy': 'most_frequent'}. Best is trial 5 with value: 2.2643131272237027.
[I 2023-11-24 15:15:50,624] Trial 73 finished with value: 2.2643131272237027 and parameters: {'model_name': 'SimpleImputer', 'strategy': 'most_frequent'}. Best is trial 5 with value: 2.2643131272237027.
[I 2023-11-24 15:15:51,017] Trial 60 finished with value: 2.2643131272237027 and parameters: {'model_name': 'SimpleImputer', 'strategy': 'most_frequent'}. Best is trial 5 with value: 2.2643131272237027.
[I 2023-11-24 15:15:51,224] Trial 67 finished with value: 2.2643131272237027 and parameters: {'model_name': 'SimpleImputer', 'strategy': 'most_frequent'}. Best is trial 5 with value: 2.2643131272237027.
[I 2023-11-24 15:15:51,420] Trial 75 finished with value: 2.2643131272237027 and parameters: {'model_name': 'SimpleImputer', 'strategy': 'most_frequent'}. Best is trial 5 with value: 2.2643131272237027.
[I 2023-11-24 15:15:51,645] Trial 76 finished with value: 2.2643131272237027 and parameters: {'model_name': 'SimpleImputer', 'strategy': 'most_frequent'}. Best is trial 5 with value: 2.2643131272237027.
[I 2023-11-24 15:15:52,013] Trial 88 finished with value: 2.2643131272237027 and parameters: {'model_name': 'SimpleImputer', 'strategy': 'most_frequent'}. Best is trial 5 with value: 2.2643131272237027.
[I 2023-11-24 15:15:52,271] Trial 71 finished with value: 2.2643131272237027 and parameters: {'model_name': 'SimpleImputer', 'strategy': 'most_frequent'}. Best is trial 5 with value: 2.2643131272237027.
[I 2023-11-24 15:15:52,493] Trial 86 finished with value: 2.2643131272237027 and parameters: {'model_name': 'SimpleImputer', 'strategy': 'most_frequent'}. Best is trial 5 with value: 2.2643131272237027.
[I 2023-11-24 15:15:52,804] Trial 82 finished with value: 2.2643131272237027 and parameters: {'model_name': 'SimpleImputer', 'strategy': 'most_frequent'}. Best is trial 5 with value: 2.2643131272237027.
[I 2023-11-24 15:15:53,149] Trial 91 finished with value: 2.2643131272237027 and parameters: {'model_name': 'SimpleImputer', 'strategy': 'most_frequent'}. Best is trial 5 with value: 2.2643131272237027.
[I 2023-11-24 15:15:53,455] Trial 81 finished with value: 2.2643131272237027 and parameters: {'model_name': 'SimpleImputer', 'strategy': 'most_frequent'}. Best is trial 5 with value: 2.2643131272237027.
[I 2023-11-24 15:15:53,760] Trial 85 finished with value: 2.2643131272237027 and parameters: {'model_name': 'SimpleImputer', 'strategy': 'most_frequent'}. Best is trial 5 with value: 2.2643131272237027.
[I 2023-11-24 15:15:54,200] Trial 80 finished with value: 2.2643131272237027 and parameters: {'model_name': 'SimpleImputer', 'strategy': 'most_frequent'}. Best is trial 5 with value: 2.2643131272237027.
[I 2023-11-24 15:15:54,457] Trial 84 finished with value: 2.2643131272237027 and parameters: {'model_name': 'SimpleImputer', 'strategy': 'most_frequent'}. Best is trial 5 with value: 2.2643131272237027.
[I 2023-11-24 15:15:54,760] Trial 89 finished with value: 2.2643131272237027 and parameters: {'model_name': 'SimpleImputer', 'strategy': 'most_frequent'}. Best is trial 5 with value: 2.2643131272237027.
[I 2023-11-24 15:15:55,060] Trial 92 finished with value: 2.2643131272237027 and parameters: {'model_name': 'SimpleImputer', 'strategy': 'most_frequent'}. Best is trial 5 with value: 2.2643131272237027.
[I 2023-11-24 15:15:55,334] Trial 90 finished with value: 2.2643131272237027 and parameters: {'model_name': 'SimpleImputer', 'strategy': 'most_frequent'}. Best is trial 5 with value: 2.2643131272237027.
[I 2023-11-24 15:15:55,690] Trial 95 finished with value: 2.2643131272237027 and parameters: {'model_name': 'SimpleImputer', 'strategy': 'most_frequent'}. Best is trial 5 with value: 2.2643131272237027.
[I 2023-11-24 15:15:55,944] Trial 87 finished with value: 2.2643131272237027 and parameters: {'model_name': 'SimpleImputer', 'strategy': 'most_frequent'}. Best is trial 5 with value: 2.2643131272237027.
[I 2023-11-24 15:15:56,394] Trial 94 finished with value: 2.2643131272237027 and parameters: {'model_name': 'SimpleImputer', 'strategy': 'most_frequent'}. Best is trial 5 with value: 2.2643131272237027.
[I 2023-11-24 15:15:56,782] Trial 96 finished with value: 2.2643131272237027 and parameters: {'model_name': 'SimpleImputer', 'strategy': 'most_frequent'}. Best is trial 5 with value: 2.2643131272237027.
[I 2023-11-24 15:15:57,027] Trial 93 finished with value: 2.2643131272237027 and parameters: {'model_name': 'SimpleImputer', 'strategy': 'most_frequent'}. Best is trial 5 with value: 2.2643131272237027.
[I 2023-11-24 15:15:57,888] Trial 97 finished with value: 2.2643131272237027 and parameters: {'model_name': 'SimpleImputer', 'strategy': 'most_frequent'}. Best is trial 5 with value: 2.2643131272237027.
[I 2023-11-24 15:15:59,746] Trial 100 finished with value: 2.2643131272237027 and parameters: {'model_name': 'SimpleImputer', 'strategy': 'most_frequent'}. Best is trial 5 with value: 2.2643131272237027.
[I 2023-11-24 15:16:00,174] Trial 98 finished with value: 2.2643131272237027 and parameters: {'model_name': 'SimpleImputer', 'strategy': 'most_frequent'}. Best is trial 5 with value: 2.2643131272237027.
[I 2023-11-24 15:16:00,458] Trial 99 finished with value: 2.2643131272237027 and parameters: {'model_name': 'SimpleImputer', 'strategy': 'most_frequent'}. Best is trial 5 with value: 2.2643131272237027.
[I 2023-11-24 15:16:01,014] Trial 102 finished with value: 2.2643131272237027 and parameters: {'model_name': 'SimpleImputer', 'strategy': 'most_frequent'}. Best is trial 5 with value: 2.2643131272237027.
[I 2023-11-24 15:16:01,546] Trial 101 finished with value: 2.2643131272237027 and parameters: {'model_name': 'SimpleImputer', 'strategy': 'most_frequent'}. Best is trial 5 with value: 2.2643131272237027.
[I 2023-11-24 15:16:02,780] Trial 104 finished with value: 2.2643131272237027 and parameters: {'model_name': 'SimpleImputer', 'strategy': 'most_frequent'}. Best is trial 5 with value: 2.2643131272237027.
[I 2023-11-24 15:16:03,685] Trial 105 finished with value: 2.2643131272237027 and parameters: {'model_name': 'SimpleImputer', 'strategy': 'most_frequent'}. Best is trial 5 with value: 2.2643131272237027.
[I 2023-11-24 15:16:04,281] Trial 106 finished with value: 2.2643131272237027 and parameters: {'model_name': 'SimpleImputer', 'strategy': 'most_frequent'}. Best is trial 5 with value: 2.2643131272237027.
[I 2023-11-24 15:16:04,504] Trial 103 finished with value: 2.2643131272237027 and parameters: {'model_name': 'SimpleImputer', 'strategy': 'most_frequent'}. Best is trial 5 with value: 2.2643131272237027.
[I 2023-11-24 15:16:05,026] Trial 108 finished with value: 2.2643131272237027 and parameters: {'model_name': 'SimpleImputer', 'strategy': 'most_frequent'}. Best is trial 5 with value: 2.2643131272237027.
[I 2023-11-24 15:16:05,415] Trial 107 finished with value: 2.2643131272237027 and parameters: {'model_name': 'SimpleImputer', 'strategy': 'most_frequent'}. Best is trial 5 with value: 2.2643131272237027.
[I 2023-11-24 15:16:05,822] Trial 114 finished with value: 2.2643131272237027 and parameters: {'model_name': 'SimpleImputer', 'strategy': 'most_frequent'}. Best is trial 5 with value: 2.2643131272237027.
[I 2023-11-24 15:16:06,141] Trial 112 finished with value: 2.2643131272237027 and parameters: {'model_name': 'SimpleImputer', 'strategy': 'most_frequent'}. Best is trial 5 with value: 2.2643131272237027.
[I 2023-11-24 15:16:06,311] Trial 116 finished with value: 2.2643131272237027 and parameters: {'model_name': 'SimpleImputer', 'strategy': 'most_frequent'}. Best is trial 5 with value: 2.2643131272237027.
[I 2023-11-24 15:16:06,563] Trial 128 finished with value: 2.2643131272237027 and parameters: {'model_name': 'SimpleImputer', 'strategy': 'most_frequent'}. Best is trial 5 with value: 2.2643131272237027.
[I 2023-11-24 15:16:06,767] Trial 109 finished with value: 2.2643131272237027 and parameters: {'model_name': 'SimpleImputer', 'strategy': 'most_frequent'}. Best is trial 5 with value: 2.2643131272237027.
[I 2023-11-24 15:16:06,934] Trial 115 finished with value: 2.2643131272237027 and parameters: {'model_name': 'SimpleImputer', 'strategy': 'most_frequent'}. Best is trial 5 with value: 2.2643131272237027.
[I 2023-11-24 15:16:07,284] Trial 117 finished with value: 2.2643131272237027 and parameters: {'model_name': 'SimpleImputer', 'strategy': 'most_frequent'}. Best is trial 5 with value: 2.2643131272237027.
[I 2023-11-24 15:16:07,533] Trial 119 finished with value: 2.2643131272237027 and parameters: {'model_name': 'SimpleImputer', 'strategy': 'most_frequent'}. Best is trial 5 with value: 2.2643131272237027.
[I 2023-11-24 15:16:07,863] Trial 121 finished with value: 2.2643131272237027 and parameters: {'model_name': 'SimpleImputer', 'strategy': 'most_frequent'}. Best is trial 5 with value: 2.2643131272237027.
[I 2023-11-24 15:16:08,155] Trial 111 finished with value: 2.2643131272237027 and parameters: {'model_name': 'SimpleImputer', 'strategy': 'most_frequent'}. Best is trial 5 with value: 2.2643131272237027.
[I 2023-11-24 15:16:08,500] Trial 113 finished with value: 2.2643131272237027 and parameters: {'model_name': 'SimpleImputer', 'strategy': 'most_frequent'}. Best is trial 5 with value: 2.2643131272237027.
[I 2023-11-24 15:16:08,738] Trial 110 finished with value: 2.2643131272237027 and parameters: {'model_name': 'SimpleImputer', 'strategy': 'most_frequent'}. Best is trial 5 with value: 2.2643131272237027.
[I 2023-11-24 15:16:09,143] Trial 123 finished with value: 2.2643131272237027 and parameters: {'model_name': 'SimpleImputer', 'strategy': 'most_frequent'}. Best is trial 5 with value: 2.2643131272237027.
[I 2023-11-24 15:16:09,471] Trial 124 finished with value: 2.2643131272237027 and parameters: {'model_name': 'SimpleImputer', 'strategy': 'most_frequent'}. Best is trial 5 with value: 2.2643131272237027.
[I 2023-11-24 15:16:09,698] Trial 122 finished with value: 2.2643131272237027 and parameters: {'model_name': 'SimpleImputer', 'strategy': 'most_frequent'}. Best is trial 5 with value: 2.2643131272237027.
[I 2023-11-24 15:16:09,947] Trial 120 finished with value: 2.2643131272237027 and parameters: {'model_name': 'SimpleImputer', 'strategy': 'most_frequent'}. Best is trial 5 with value: 2.2643131272237027.
[I 2023-11-24 15:16:10,174] Trial 118 finished with value: 2.2643131272237027 and parameters: {'model_name': 'SimpleImputer', 'strategy': 'most_frequent'}. Best is trial 5 with value: 2.2643131272237027.
[I 2023-11-24 15:16:10,458] Trial 132 finished with value: 2.2643131272237027 and parameters: {'model_name': 'SimpleImputer', 'strategy': 'most_frequent'}. Best is trial 5 with value: 2.2643131272237027.
[I 2023-11-24 15:16:10,848] Trial 126 finished with value: 2.2643131272237027 and parameters: {'model_name': 'SimpleImputer', 'strategy': 'most_frequent'}. Best is trial 5 with value: 2.2643131272237027.
[I 2023-11-24 15:16:11,424] Trial 136 finished with value: 2.2643131272237027 and parameters: {'model_name': 'SimpleImputer', 'strategy': 'most_frequent'}. Best is trial 5 with value: 2.2643131272237027.
[I 2023-11-24 15:16:11,670] Trial 131 finished with value: 2.2643131272237027 and parameters: {'model_name': 'SimpleImputer', 'strategy': 'most_frequent'}. Best is trial 5 with value: 2.2643131272237027.
[I 2023-11-24 15:16:11,921] Trial 134 finished with value: 2.2643131272237027 and parameters: {'model_name': 'SimpleImputer', 'strategy': 'most_frequent'}. Best is trial 5 with value: 2.2643131272237027.
[I 2023-11-24 15:16:12,157] Trial 133 finished with value: 2.2643131272237027 and parameters: {'model_name': 'SimpleImputer', 'strategy': 'most_frequent'}. Best is trial 5 with value: 2.2643131272237027.
[I 2023-11-24 15:16:12,559] Trial 125 finished with value: 2.2643131272237027 and parameters: {'model_name': 'SimpleImputer', 'strategy': 'most_frequent'}. Best is trial 5 with value: 2.2643131272237027.
[I 2023-11-24 15:16:12,840] Trial 135 finished with value: 2.2643131272237027 and parameters: {'model_name': 'SimpleImputer', 'strategy': 'most_frequent'}. Best is trial 5 with value: 2.2643131272237027.
[I 2023-11-24 15:16:13,154] Trial 138 finished with value: 2.2643131272237027 and parameters: {'model_name': 'SimpleImputer', 'strategy': 'most_frequent'}. Best is trial 5 with value: 2.2643131272237027.
[I 2023-11-24 15:16:13,446] Trial 130 finished with value: 2.2643131272237027 and parameters: {'model_name': 'SimpleImputer', 'strategy': 'most_frequent'}. Best is trial 5 with value: 2.2643131272237027.
[I 2023-11-24 15:16:13,661] Trial 129 finished with value: 2.2643131272237027 and parameters: {'model_name': 'SimpleImputer', 'strategy': 'most_frequent'}. Best is trial 5 with value: 2.2643131272237027.
[I 2023-11-24 15:16:13,870] Trial 142 finished with value: 2.2643131272237027 and parameters: {'model_name': 'SimpleImputer', 'strategy': 'most_frequent'}. Best is trial 5 with value: 2.2643131272237027.
[I 2023-11-24 15:16:14,123] Trial 144 finished with value: 2.2643131272237027 and parameters: {'model_name': 'SimpleImputer', 'strategy': 'most_frequent'}. Best is trial 5 with value: 2.2643131272237027.
[I 2023-11-24 15:16:14,336] Trial 127 finished with value: 2.2643131272237027 and parameters: {'model_name': 'SimpleImputer', 'strategy': 'most_frequent'}. Best is trial 5 with value: 2.2643131272237027.
[I 2023-11-24 15:16:14,600] Trial 137 finished with value: 2.2643131272237027 and parameters: {'model_name': 'SimpleImputer', 'strategy': 'most_frequent'}. Best is trial 5 with value: 2.2643131272237027.
[I 2023-11-24 15:16:15,012] Trial 140 finished with value: 2.2643131272237027 and parameters: {'model_name': 'SimpleImputer', 'strategy': 'most_frequent'}. Best is trial 5 with value: 2.2643131272237027.
[I 2023-11-24 15:16:15,330] Trial 139 finished with value: 2.2643131272237027 and parameters: {'model_name': 'SimpleImputer', 'strategy': 'most_frequent'}. Best is trial 5 with value: 2.2643131272237027.
[I 2023-11-24 15:16:15,743] Trial 145 finished with value: 2.2643131272237027 and parameters: {'model_name': 'SimpleImputer', 'strategy': 'most_frequent'}. Best is trial 5 with value: 2.2643131272237027.
[I 2023-11-24 15:16:15,995] Trial 141 finished with value: 2.2643131272237027 and parameters: {'model_name': 'SimpleImputer', 'strategy': 'most_frequent'}. Best is trial 5 with value: 2.2643131272237027.
[I 2023-11-24 15:16:16,441] Trial 143 finished with value: 2.2643131272237027 and parameters: {'model_name': 'SimpleImputer', 'strategy': 'most_frequent'}. Best is trial 5 with value: 2.2643131272237027.
[I 2023-11-24 15:16:17,752] Trial 176 finished with value: 2.274162536269411 and parameters: {'model_name': 'SimpleImputer', 'strategy': 'mean'}. Best is trial 5 with value: 2.2643131272237027.
[I 2023-11-24 15:16:18,049] Trial 181 finished with value: 2.274162536269411 and parameters: {'model_name': 'SimpleImputer', 'strategy': 'mean'}. Best is trial 5 with value: 2.2643131272237027.
[I 2023-11-24 15:16:18,605] Trial 147 finished with value: 2.2643131272237027 and parameters: {'model_name': 'SimpleImputer', 'strategy': 'most_frequent'}. Best is trial 5 with value: 2.2643131272237027.
[I 2023-11-24 15:16:18,919] Trial 183 finished with value: 2.274162536269411 and parameters: {'model_name': 'SimpleImputer', 'strategy': 'mean'}. Best is trial 5 with value: 2.2643131272237027.
[I 2023-11-24 15:16:19,183] Trial 180 finished with value: 2.274162536269411 and parameters: {'model_name': 'SimpleImputer', 'strategy': 'mean'}. Best is trial 5 with value: 2.2643131272237027.
[I 2023-11-24 15:16:19,423] Trial 187 finished with value: 2.274162536269411 and parameters: {'model_name': 'SimpleImputer', 'strategy': 'mean'}. Best is trial 5 with value: 2.2643131272237027.
[I 2023-11-24 15:16:19,599] Trial 185 finished with value: 2.274162536269411 and parameters: {'model_name': 'SimpleImputer', 'strategy': 'mean'}. Best is trial 5 with value: 2.2643131272237027.
[I 2023-11-24 15:16:19,957] Trial 188 finished with value: 2.274162536269411 and parameters: {'model_name': 'SimpleImputer', 'strategy': 'mean'}. Best is trial 5 with value: 2.2643131272237027.
[I 2023-11-24 15:16:20,166] Trial 149 finished with value: 2.2643131272237027 and parameters: {'model_name': 'SimpleImputer', 'strategy': 'most_frequent'}. Best is trial 5 with value: 2.2643131272237027.
[I 2023-11-24 15:16:20,399] Trial 148 finished with value: 2.2643131272237027 and parameters: {'model_name': 'SimpleImputer', 'strategy': 'most_frequent'}. Best is trial 5 with value: 2.2643131272237027.
[I 2023-11-24 15:16:20,723] Trial 190 finished with value: 2.274162536269411 and parameters: {'model_name': 'SimpleImputer', 'strategy': 'mean'}. Best is trial 5 with value: 2.2643131272237027.
[I 2023-11-24 15:16:20,997] Trial 192 finished with value: 2.274162536269411 and parameters: {'model_name': 'SimpleImputer', 'strategy': 'mean'}. Best is trial 5 with value: 2.2643131272237027.
[I 2023-11-24 15:16:21,316] Trial 184 finished with value: 2.274162536269411 and parameters: {'model_name': 'SimpleImputer', 'strategy': 'mean'}. Best is trial 5 with value: 2.2643131272237027.
[I 2023-11-24 15:16:21,562] Trial 189 finished with value: 2.274162536269411 and parameters: {'model_name': 'SimpleImputer', 'strategy': 'mean'}. Best is trial 5 with value: 2.2643131272237027.
[I 2023-11-24 15:16:21,822] Trial 146 finished with value: 2.2643131272237027 and parameters: {'model_name': 'SimpleImputer', 'strategy': 'most_frequent'}. Best is trial 5 with value: 2.2643131272237027.
[I 2023-11-24 15:16:22,039] Trial 193 finished with value: 2.274162536269411 and parameters: {'model_name': 'SimpleImputer', 'strategy': 'mean'}. Best is trial 5 with value: 2.2643131272237027.
[I 2023-11-24 15:16:22,253] Trial 191 finished with value: 2.274162536269411 and parameters: {'model_name': 'SimpleImputer', 'strategy': 'mean'}. Best is trial 5 with value: 2.2643131272237027.
[I 2023-11-24 15:16:23,025] Trial 186 finished with value: 2.2940803290130356 and parameters: {'model_name': 'SimpleImputer', 'strategy': 'median'}. Best is trial 5 with value: 2.2643131272237027.
[I 2023-11-24 15:16:23,476] Trial 150 finished with value: 2.2643131272237027 and parameters: {'model_name': 'SimpleImputer', 'strategy': 'most_frequent'}. Best is trial 5 with value: 2.2643131272237027.
[I 2023-11-24 15:16:23,937] Trial 151 finished with value: 2.2643131272237027 and parameters: {'model_name': 'SimpleImputer', 'strategy': 'most_frequent'}. Best is trial 5 with value: 2.2643131272237027.
[I 2023-11-24 15:16:24,777] Trial 152 finished with value: 2.2643131272237027 and parameters: {'model_name': 'SimpleImputer', 'strategy': 'most_frequent'}. Best is trial 5 with value: 2.2643131272237027.
[I 2023-11-24 15:16:25,105] Trial 164 finished with value: 2.2643131272237027 and parameters: {'model_name': 'SimpleImputer', 'strategy': 'most_frequent'}. Best is trial 5 with value: 2.2643131272237027.
[I 2023-11-24 15:16:25,299] Trial 155 finished with value: 2.2643131272237027 and parameters: {'model_name': 'SimpleImputer', 'strategy': 'most_frequent'}. Best is trial 5 with value: 2.2643131272237027.
[I 2023-11-24 15:16:25,543] Trial 153 finished with value: 2.2643131272237027 and parameters: {'model_name': 'SimpleImputer', 'strategy': 'most_frequent'}. Best is trial 5 with value: 2.2643131272237027.
[I 2023-11-24 15:16:25,795] Trial 194 finished with value: 2.2940803290130356 and parameters: {'model_name': 'SimpleImputer', 'strategy': 'median'}. Best is trial 5 with value: 2.2643131272237027.
[I 2023-11-24 15:16:26,348] Trial 156 finished with value: 2.2643131272237027 and parameters: {'model_name': 'SimpleImputer', 'strategy': 'most_frequent'}. Best is trial 5 with value: 2.2643131272237027.
[I 2023-11-24 15:16:26,727] Trial 165 finished with value: 2.2643131272237027 and parameters: {'model_name': 'SimpleImputer', 'strategy': 'most_frequent'}. Best is trial 5 with value: 2.2643131272237027.
[I 2023-11-24 15:16:26,959] Trial 157 finished with value: 2.2643131272237027 and parameters: {'model_name': 'SimpleImputer', 'strategy': 'most_frequent'}. Best is trial 5 with value: 2.2643131272237027.
[I 2023-11-24 15:16:27,142] Trial 166 finished with value: 2.2643131272237027 and parameters: {'model_name': 'SimpleImputer', 'strategy': 'most_frequent'}. Best is trial 5 with value: 2.2643131272237027.
[I 2023-11-24 15:16:27,421] Trial 168 finished with value: 2.2643131272237027 and parameters: {'model_name': 'SimpleImputer', 'strategy': 'most_frequent'}. Best is trial 5 with value: 2.2643131272237027.
[I 2023-11-24 15:16:27,685] Trial 196 finished with value: 2.2940803290130356 and parameters: {'model_name': 'SimpleImputer', 'strategy': 'median'}. Best is trial 5 with value: 2.2643131272237027.
[I 2023-11-24 15:16:27,958] Trial 154 finished with value: 2.2643131272237027 and parameters: {'model_name': 'SimpleImputer', 'strategy': 'most_frequent'}. Best is trial 5 with value: 2.2643131272237027.
[I 2023-11-24 15:16:28,239] Trial 158 finished with value: 2.2643131272237027 and parameters: {'model_name': 'SimpleImputer', 'strategy': 'most_frequent'}. Best is trial 5 with value: 2.2643131272237027.
[I 2023-11-24 15:16:28,467] Trial 160 finished with value: 2.2643131272237027 and parameters: {'model_name': 'SimpleImputer', 'strategy': 'most_frequent'}. Best is trial 5 with value: 2.2643131272237027.
[I 2023-11-24 15:16:28,685] Trial 161 finished with value: 2.2643131272237027 and parameters: {'model_name': 'SimpleImputer', 'strategy': 'most_frequent'}. Best is trial 5 with value: 2.2643131272237027.
[I 2023-11-24 15:16:28,899] Trial 162 finished with value: 2.2643131272237027 and parameters: {'model_name': 'SimpleImputer', 'strategy': 'most_frequent'}. Best is trial 5 with value: 2.2643131272237027.
[I 2023-11-24 15:16:29,109] Trial 159 finished with value: 2.2643131272237027 and parameters: {'model_name': 'SimpleImputer', 'strategy': 'most_frequent'}. Best is trial 5 with value: 2.2643131272237027.
[I 2023-11-24 15:16:29,351] Trial 177 finished with value: 2.2643131272237027 and parameters: {'model_name': 'SimpleImputer', 'strategy': 'most_frequent'}. Best is trial 5 with value: 2.2643131272237027.
[I 2023-11-24 15:16:29,617] Trial 163 finished with value: 2.2643131272237027 and parameters: {'model_name': 'SimpleImputer', 'strategy': 'most_frequent'}. Best is trial 5 with value: 2.2643131272237027.
[I 2023-11-24 15:16:29,831] Trial 175 finished with value: 2.2643131272237027 and parameters: {'model_name': 'SimpleImputer', 'strategy': 'most_frequent'}. Best is trial 5 with value: 2.2643131272237027.
[I 2023-11-24 15:16:30,070] Trial 174 finished with value: 2.2643131272237027 and parameters: {'model_name': 'SimpleImputer', 'strategy': 'most_frequent'}. Best is trial 5 with value: 2.2643131272237027.
[I 2023-11-24 15:16:30,247] Trial 170 finished with value: 2.2643131272237027 and parameters: {'model_name': 'SimpleImputer', 'strategy': 'most_frequent'}. Best is trial 5 with value: 2.2643131272237027.
[I 2023-11-24 15:16:30,483] Trial 167 finished with value: 2.2643131272237027 and parameters: {'model_name': 'SimpleImputer', 'strategy': 'most_frequent'}. Best is trial 5 with value: 2.2643131272237027.
[I 2023-11-24 15:16:30,666] Trial 172 finished with value: 2.2643131272237027 and parameters: {'model_name': 'SimpleImputer', 'strategy': 'most_frequent'}. Best is trial 5 with value: 2.2643131272237027.
[I 2023-11-24 15:16:30,904] Trial 169 finished with value: 2.2643131272237027 and parameters: {'model_name': 'SimpleImputer', 'strategy': 'most_frequent'}. Best is trial 5 with value: 2.2643131272237027.
[I 2023-11-24 15:16:31,149] Trial 178 finished with value: 2.2643131272237027 and parameters: {'model_name': 'SimpleImputer', 'strategy': 'most_frequent'}. Best is trial 5 with value: 2.2643131272237027.
[I 2023-11-24 15:16:31,600] Trial 173 finished with value: 2.2643131272237027 and parameters: {'model_name': 'SimpleImputer', 'strategy': 'most_frequent'}. Best is trial 5 with value: 2.2643131272237027.
[I 2023-11-24 15:16:31,787] Trial 171 finished with value: 2.2643131272237027 and parameters: {'model_name': 'SimpleImputer', 'strategy': 'most_frequent'}. Best is trial 5 with value: 2.2643131272237027.
[I 2023-11-24 15:16:31,992] Trial 182 finished with value: 2.2643131272237027 and parameters: {'model_name': 'SimpleImputer', 'strategy': 'most_frequent'}. Best is trial 5 with value: 2.2643131272237027.
[I 2023-11-24 15:16:32,164] Trial 179 finished with value: 2.2643131272237027 and parameters: {'model_name': 'SimpleImputer', 'strategy': 'most_frequent'}. Best is trial 5 with value: 2.2643131272237027.
[I 2023-11-24 15:16:32,423] Trial 198 finished with value: 2.2643131272237027 and parameters: {'model_name': 'SimpleImputer', 'strategy': 'most_frequent'}. Best is trial 5 with value: 2.2643131272237027.
[I 2023-11-24 15:16:32,664] Trial 199 finished with value: 2.2643131272237027 and parameters: {'model_name': 'SimpleImputer', 'strategy': 'most_frequent'}. Best is trial 5 with value: 2.2643131272237027.
[I 2023-11-24 15:16:32,902] Trial 195 finished with value: 2.2643131272237027 and parameters: {'model_name': 'SimpleImputer', 'strategy': 'most_frequent'}. Best is trial 5 with value: 2.2643131272237027.
[I 2023-11-24 15:16:33,072] Trial 197 finished with value: 2.2643131272237027 and parameters: {'model_name': 'SimpleImputer', 'strategy': 'most_frequent'}. Best is trial 5 with value: 2.2643131272237027.
simple fit
simple transform
[I 2023-11-24 15:16:39,136] A new study created in memory with name: no-name-5ec0da95-a0cb-4e18-814e-e44bad04b205
  0%|          | 0/200 [00:00<?, ?it/s]                                       [I 2023-11-24 15:16:39,164] Trial 1 finished with value: inf and parameters: {'model_name': 'KNNImputer', 'weights': 'uniform', 'keep_empty_features': True}. Best is trial 1 with value: inf.
  0%|          | 0/200 [00:00<?, ?it/s]Best trial: 1. Best value: inf:   0%|          | 0/200 [00:00<?, ?it/s]Best trial: 1. Best value: inf:   0%|          | 1/200 [00:00<00:55,  3.60it/s][I 2023-11-24 15:16:39,430] Trial 4 finished with value: inf and parameters: {'model_name': 'KNNImputer', 'weights': 'distance', 'keep_empty_features': False}. Best is trial 1 with value: inf.
                                                                               Best trial: 1. Best value: inf:   0%|          | 1/200 [00:00<00:55,  3.60it/s]Best trial: 1. Best value: inf:   0%|          | 1/200 [00:00<00:55,  3.60it/s]Best trial: 1. Best value: inf:   1%|          | 2/200 [00:00<00:48,  4.07it/s][W 2023-11-24 15:16:39,645] Trial 5 failed with parameters: {'model_name': 'IterativeImputer'} because of the following error: ValueError('CategoricalDistribution does not support dynamic value space.').
Traceback (most recent call last):
  File "/home/ketrong/miniconda3/envs/tpot2devenv/lib/python3.10/site-packages/optuna/study/_optimize.py", line 200, in _run_trial
    value_or_values = func(trial)
  File "/common/ketrong/AutoImputeExp/tpot2_imputetest/Impute_Experiments/autoimpute.py", line 56, in obj
    my_params = autoutils.trial_suggestion(trial, self.model_names, column_len=len(X.columns), random_state=self.random_state)
  File "/common/ketrong/AutoImputeExp/tpot2_imputetest/Impute_Experiments/autoutils.py", line 20, in trial_suggestion
    my_params = params_IterativeImpute(trial,model_name) #Uses the dependence between columns in the data set to predict for the one column. Predictions occur through a variety of strategies.
  File "/common/ketrong/AutoImputeExp/tpot2_imputetest/Impute_Experiments/param_grids.py", line 20, in params_IterativeImpute
    params['estimator'] = trial.suggest_categorical('estimator', [Bayes, RFR, Ridge, KNN])
  File "/home/ketrong/miniconda3/envs/tpot2devenv/lib/python3.10/site-packages/optuna/trial/_trial.py", line 405, in suggest_categorical
    return self._suggest(name, CategoricalDistribution(choices=choices))
  File "/home/ketrong/miniconda3/envs/tpot2devenv/lib/python3.10/site-packages/optuna/trial/_trial.py", line 636, in _suggest
    storage.set_trial_param(trial_id, name, param_value_in_internal_repr, distribution)
  File "/home/ketrong/miniconda3/envs/tpot2devenv/lib/python3.10/site-packages/optuna/storages/_in_memory.py", line 187, in set_trial_param
    distributions.check_distribution_compatibility(
  File "/home/ketrong/miniconda3/envs/tpot2devenv/lib/python3.10/site-packages/optuna/distributions.py", line 670, in check_distribution_compatibility
    raise ValueError(
ValueError: CategoricalDistribution does not support dynamic value space.
                                                                               Best trial: 1. Best value: inf:   1%|          | 2/200 [00:00<00:48,  4.07it/s]                                                                               [W 2023-11-24 15:16:39,682] Trial 5 failed with value None.
Best trial: 1. Best value: inf:   1%|          | 2/200 [00:00<00:48,  4.07it/s]                                                                               [I 2023-11-24 15:16:39,660] Trial 2 finished with value: inf and parameters: {'model_name': 'RandomForestImputer', 'max_iter': 68, 'decreasing': True, 'min_samples_split': 0.30000000000000004, 'min_samples_leaf': 0.1, 'max_features': 1.0, 'bootstrap': False, 'oob_score': False, 'warm_start': False}. Best is trial 1 with value: inf.
Best trial: 1. Best value: inf:   1%|          | 2/200 [00:00<00:48,  4.07it/s]Best trial: 1. Best value: inf:   1%|          | 2/200 [00:00<00:48,  4.07it/s]Best trial: 1. Best value: inf:   2%|▏         | 3/200 [00:00<01:07,  2.92it/s]                                                                               [W 2023-11-24 15:16:40,139] Trial 11 failed with parameters: {'model_name': 'IterativeImputer'} because of the following error: ValueError('CategoricalDistribution does not support dynamic value space.').
Traceback (most recent call last):
  File "/home/ketrong/miniconda3/envs/tpot2devenv/lib/python3.10/site-packages/optuna/study/_optimize.py", line 200, in _run_trial
    value_or_values = func(trial)
  File "/common/ketrong/AutoImputeExp/tpot2_imputetest/Impute_Experiments/autoimpute.py", line 56, in obj
    my_params = autoutils.trial_suggestion(trial, self.model_names, column_len=len(X.columns), random_state=self.random_state)
  File "/common/ketrong/AutoImputeExp/tpot2_imputetest/Impute_Experiments/autoutils.py", line 20, in trial_suggestion
    my_params = params_IterativeImpute(trial,model_name) #Uses the dependence between columns in the data set to predict for the one column. Predictions occur through a variety of strategies.
  File "/common/ketrong/AutoImputeExp/tpot2_imputetest/Impute_Experiments/param_grids.py", line 20, in params_IterativeImpute
    params['estimator'] = trial.suggest_categorical('estimator', [Bayes, RFR, Ridge, KNN])
  File "/home/ketrong/miniconda3/envs/tpot2devenv/lib/python3.10/site-packages/optuna/trial/_trial.py", line 405, in suggest_categorical
    return self._suggest(name, CategoricalDistribution(choices=choices))
  File "/home/ketrong/miniconda3/envs/tpot2devenv/lib/python3.10/site-packages/optuna/trial/_trial.py", line 636, in _suggest
    storage.set_trial_param(trial_id, name, param_value_in_internal_repr, distribution)
  File "/home/ketrong/miniconda3/envs/tpot2devenv/lib/python3.10/site-packages/optuna/storages/_in_memory.py", line 187, in set_trial_param
    distributions.check_distribution_compatibility(
  File "/home/ketrong/miniconda3/envs/tpot2devenv/lib/python3.10/site-packages/optuna/distributions.py", line 670, in check_distribution_compatibility
    raise ValueError(
ValueError: CategoricalDistribution does not support dynamic value space.
Best trial: 1. Best value: inf:   2%|▏         | 3/200 [00:01<01:07,  2.92it/s]                                                                               [W 2023-11-24 15:16:40,142] Trial 11 failed with value None.
Best trial: 1. Best value: inf:   2%|▏         | 3/200 [00:01<01:07,  2.92it/s][I 2023-11-24 15:16:40,398] Trial 9 finished with value: inf and parameters: {'model_name': 'KNNImputer', 'weights': 'distance', 'keep_empty_features': False}. Best is trial 1 with value: inf.
                                                                               Best trial: 1. Best value: inf:   2%|▏         | 3/200 [00:01<01:07,  2.92it/s]Best trial: 1. Best value: inf:   2%|▏         | 3/200 [00:01<01:07,  2.92it/s]Best trial: 1. Best value: inf:   2%|▏         | 4/200 [00:01<01:20,  2.43it/s]                                                                               [W 2023-11-24 15:16:40,637] Trial 16 failed with parameters: {'model_name': 'IterativeImputer'} because of the following error: ValueError('CategoricalDistribution does not support dynamic value space.').
Traceback (most recent call last):
  File "/home/ketrong/miniconda3/envs/tpot2devenv/lib/python3.10/site-packages/optuna/study/_optimize.py", line 200, in _run_trial
    value_or_values = func(trial)
  File "/common/ketrong/AutoImputeExp/tpot2_imputetest/Impute_Experiments/autoimpute.py", line 56, in obj
    my_params = autoutils.trial_suggestion(trial, self.model_names, column_len=len(X.columns), random_state=self.random_state)
  File "/common/ketrong/AutoImputeExp/tpot2_imputetest/Impute_Experiments/autoutils.py", line 20, in trial_suggestion
    my_params = params_IterativeImpute(trial,model_name) #Uses the dependence between columns in the data set to predict for the one column. Predictions occur through a variety of strategies.
  File "/common/ketrong/AutoImputeExp/tpot2_imputetest/Impute_Experiments/param_grids.py", line 20, in params_IterativeImpute
    params['estimator'] = trial.suggest_categorical('estimator', [Bayes, RFR, Ridge, KNN])
  File "/home/ketrong/miniconda3/envs/tpot2devenv/lib/python3.10/site-packages/optuna/trial/_trial.py", line 405, in suggest_categorical
    return self._suggest(name, CategoricalDistribution(choices=choices))
  File "/home/ketrong/miniconda3/envs/tpot2devenv/lib/python3.10/site-packages/optuna/trial/_trial.py", line 636, in _suggest
    storage.set_trial_param(trial_id, name, param_value_in_internal_repr, distribution)
  File "/home/ketrong/miniconda3/envs/tpot2devenv/lib/python3.10/site-packages/optuna/storages/_in_memory.py", line 187, in set_trial_param
    distributions.check_distribution_compatibility(
  File "/home/ketrong/miniconda3/envs/tpot2devenv/lib/python3.10/site-packages/optuna/distributions.py", line 670, in check_distribution_compatibility
    raise ValueError(
ValueError: CategoricalDistribution does not support dynamic value space.
Best trial: 1. Best value: inf:   2%|▏         | 4/200 [00:01<01:20,  2.43it/s]                                                                               [W 2023-11-24 15:16:40,638] Trial 16 failed with value None.
Best trial: 1. Best value: inf:   2%|▏         | 4/200 [00:01<01:20,  2.43it/s][I 2023-11-24 15:16:40,914] Trial 13 finished with value: inf and parameters: {'model_name': 'KNNImputer', 'weights': 'distance', 'keep_empty_features': False}. Best is trial 1 with value: inf.
                                                                               Best trial: 1. Best value: inf:   2%|▏         | 4/200 [00:01<01:20,  2.43it/s]Best trial: 1. Best value: inf:   2%|▏         | 4/200 [00:01<01:20,  2.43it/s]Best trial: 1. Best value: inf:   2%|▎         | 5/200 [00:01<01:27,  2.22it/s][I 2023-11-24 15:16:41,148] Trial 0 finished with value: 6.9307689034243065 and parameters: {'model_name': 'SimpleImputer', 'strategy': 'constant'}. Best is trial 0 with value: 6.9307689034243065.
                                                                               Best trial: 1. Best value: inf:   2%|▎         | 5/200 [00:02<01:27,  2.22it/s]Best trial: 0. Best value: 6.93077:   2%|▎         | 5/200 [00:02<01:27,  2.22it/s]Best trial: 0. Best value: 6.93077:   3%|▎         | 6/200 [00:02<01:12,  2.67it/s][I 2023-11-24 15:16:41,373] Trial 8 finished with value: inf and parameters: {'model_name': 'GAIN', 'batch_size': 851, 'hint_rate': 0.6339204864992423, 'alpha': 50, 'iterations': 11}. Best is trial 0 with value: 6.9307689034243065.
                                                                                   Best trial: 0. Best value: 6.93077:   3%|▎         | 6/200 [00:02<01:12,  2.67it/s][I 2023-11-24 15:16:41,587] Trial 7 finished with value: inf and parameters: {'model_name': 'GAIN', 'batch_size': 2, 'hint_rate': 0.020012887575191606, 'alpha': 27, 'iterations': 1}. Best is trial 0 with value: 6.9307689034243065.
                                                                                   Best trial: 0. Best value: 6.93077:   3%|▎         | 6/200 [00:02<01:12,  2.67it/s]Best trial: 0. Best value: 6.93077:   3%|▎         | 6/200 [00:02<01:12,  2.67it/s]Best trial: 0. Best value: 6.93077:   4%|▎         | 7/200 [00:02<01:16,  2.53it/s]Best trial: 0. Best value: 6.93077:   4%|▎         | 7/200 [00:02<01:16,  2.53it/s]                                                                                   [W 2023-11-24 15:16:41,855] Trial 31 failed with parameters: {'model_name': 'IterativeImputer'} because of the following error: ValueError('CategoricalDistribution does not support dynamic value space.').
Traceback (most recent call last):
  File "/home/ketrong/miniconda3/envs/tpot2devenv/lib/python3.10/site-packages/optuna/study/_optimize.py", line 200, in _run_trial
    value_or_values = func(trial)
  File "/common/ketrong/AutoImputeExp/tpot2_imputetest/Impute_Experiments/autoimpute.py", line 56, in obj
    my_params = autoutils.trial_suggestion(trial, self.model_names, column_len=len(X.columns), random_state=self.random_state)
  File "/common/ketrong/AutoImputeExp/tpot2_imputetest/Impute_Experiments/autoutils.py", line 20, in trial_suggestion
    my_params = params_IterativeImpute(trial,model_name) #Uses the dependence between columns in the data set to predict for the one column. Predictions occur through a variety of strategies.
  File "/common/ketrong/AutoImputeExp/tpot2_imputetest/Impute_Experiments/param_grids.py", line 20, in params_IterativeImpute
    params['estimator'] = trial.suggest_categorical('estimator', [Bayes, RFR, Ridge, KNN])
  File "/home/ketrong/miniconda3/envs/tpot2devenv/lib/python3.10/site-packages/optuna/trial/_trial.py", line 405, in suggest_categorical
    return self._suggest(name, CategoricalDistribution(choices=choices))
  File "/home/ketrong/miniconda3/envs/tpot2devenv/lib/python3.10/site-packages/optuna/trial/_trial.py", line 636, in _suggest
    storage.set_trial_param(trial_id, name, param_value_in_internal_repr, distribution)
  File "/home/ketrong/miniconda3/envs/tpot2devenv/lib/python3.10/site-packages/optuna/storages/_in_memory.py", line 187, in set_trial_param
    distributions.check_distribution_compatibility(
  File "/home/ketrong/miniconda3/envs/tpot2devenv/lib/python3.10/site-packages/optuna/distributions.py", line 670, in check_distribution_compatibility
    raise ValueError(
ValueError: CategoricalDistribution does not support dynamic value space.
Best trial: 0. Best value: 6.93077:   4%|▍         | 8/200 [00:02<01:15,  2.53it/s][W 2023-11-24 15:16:41,866] Trial 31 failed with value None.
                                                                                   Best trial: 0. Best value: 6.93077:   4%|▍         | 8/200 [00:02<01:15,  2.53it/s][I 2023-11-24 15:16:42,084] Trial 29 finished with value: inf and parameters: {'model_name': 'KNNImputer', 'weights': 'uniform', 'keep_empty_features': True}. Best is trial 0 with value: 6.9307689034243065.
                                                                                   Best trial: 0. Best value: 6.93077:   4%|▍         | 8/200 [00:02<01:15,  2.53it/s]Best trial: 0. Best value: 6.93077:   4%|▍         | 8/200 [00:03<01:15,  2.53it/s]Best trial: 0. Best value: 6.93077:   4%|▍         | 9/200 [00:03<01:01,  3.09it/s][W 2023-11-24 15:16:42,302] Trial 21 failed with parameters: {'model_name': 'IterativeImputer'} because of the following error: ValueError('CategoricalDistribution does not support dynamic value space.').
Traceback (most recent call last):
  File "/home/ketrong/miniconda3/envs/tpot2devenv/lib/python3.10/site-packages/optuna/study/_optimize.py", line 200, in _run_trial
    value_or_values = func(trial)
  File "/common/ketrong/AutoImputeExp/tpot2_imputetest/Impute_Experiments/autoimpute.py", line 56, in obj
    my_params = autoutils.trial_suggestion(trial, self.model_names, column_len=len(X.columns), random_state=self.random_state)
  File "/common/ketrong/AutoImputeExp/tpot2_imputetest/Impute_Experiments/autoutils.py", line 20, in trial_suggestion
    my_params = params_IterativeImpute(trial,model_name) #Uses the dependence between columns in the data set to predict for the one column. Predictions occur through a variety of strategies.
  File "/common/ketrong/AutoImputeExp/tpot2_imputetest/Impute_Experiments/param_grids.py", line 20, in params_IterativeImpute
    params['estimator'] = trial.suggest_categorical('estimator', [Bayes, RFR, Ridge, KNN])
  File "/home/ketrong/miniconda3/envs/tpot2devenv/lib/python3.10/site-packages/optuna/trial/_trial.py", line 405, in suggest_categorical
    return self._suggest(name, CategoricalDistribution(choices=choices))
  File "/home/ketrong/miniconda3/envs/tpot2devenv/lib/python3.10/site-packages/optuna/trial/_trial.py", line 636, in _suggest
    storage.set_trial_param(trial_id, name, param_value_in_internal_repr, distribution)
  File "/home/ketrong/miniconda3/envs/tpot2devenv/lib/python3.10/site-packages/optuna/storages/_in_memory.py", line 187, in set_trial_param
    distributions.check_distribution_compatibility(
  File "/home/ketrong/miniconda3/envs/tpot2devenv/lib/python3.10/site-packages/optuna/distributions.py", line 670, in check_distribution_compatibility
    raise ValueError(
ValueError: CategoricalDistribution does not support dynamic value space.
                                                                                   Best trial: 0. Best value: 6.93077:   4%|▍         | 9/200 [00:03<01:01,  3.09it/s][W 2023-11-24 15:16:42,304] Trial 21 failed with value None.
                                                                                   Best trial: 0. Best value: 6.93077:   4%|▍         | 9/200 [00:03<01:01,  3.09it/s][W 2023-11-24 15:16:42,514] Trial 37 failed with parameters: {'model_name': 'IterativeImputer'} because of the following error: ValueError('CategoricalDistribution does not support dynamic value space.').
Traceback (most recent call last):
  File "/home/ketrong/miniconda3/envs/tpot2devenv/lib/python3.10/site-packages/optuna/study/_optimize.py", line 200, in _run_trial
    value_or_values = func(trial)
  File "/common/ketrong/AutoImputeExp/tpot2_imputetest/Impute_Experiments/autoimpute.py", line 56, in obj
    my_params = autoutils.trial_suggestion(trial, self.model_names, column_len=len(X.columns), random_state=self.random_state)
  File "/common/ketrong/AutoImputeExp/tpot2_imputetest/Impute_Experiments/autoutils.py", line 20, in trial_suggestion
    my_params = params_IterativeImpute(trial,model_name) #Uses the dependence between columns in the data set to predict for the one column. Predictions occur through a variety of strategies.
  File "/common/ketrong/AutoImputeExp/tpot2_imputetest/Impute_Experiments/param_grids.py", line 20, in params_IterativeImpute
    params['estimator'] = trial.suggest_categorical('estimator', [Bayes, RFR, Ridge, KNN])
  File "/home/ketrong/miniconda3/envs/tpot2devenv/lib/python3.10/site-packages/optuna/trial/_trial.py", line 405, in suggest_categorical
    return self._suggest(name, CategoricalDistribution(choices=choices))
  File "/home/ketrong/miniconda3/envs/tpot2devenv/lib/python3.10/site-packages/optuna/trial/_trial.py", line 636, in _suggest
    storage.set_trial_param(trial_id, name, param_value_in_internal_repr, distribution)
  File "/home/ketrong/miniconda3/envs/tpot2devenv/lib/python3.10/site-packages/optuna/storages/_in_memory.py", line 187, in set_trial_param
    distributions.check_distribution_compatibility(
  File "/home/ketrong/miniconda3/envs/tpot2devenv/lib/python3.10/site-packages/optuna/distributions.py", line 670, in check_distribution_compatibility
    raise ValueError(
ValueError: CategoricalDistribution does not support dynamic value space.
                                                                                   Best trial: 0. Best value: 6.93077:   4%|▍         | 9/200 [00:03<01:01,  3.09it/s]                                                                                   [W 2023-11-24 15:16:42,515] Trial 37 failed with value None.
Best trial: 0. Best value: 6.93077:   4%|▍         | 9/200 [00:03<01:01,  3.09it/s][I 2023-11-24 15:16:42,747] Trial 22 finished with value: inf and parameters: {'model_name': 'KNNImputer', 'weights': 'uniform', 'keep_empty_features': True}. Best is trial 0 with value: 6.9307689034243065.
                                                                                   Best trial: 0. Best value: 6.93077:   4%|▍         | 9/200 [00:03<01:01,  3.09it/s]Best trial: 0. Best value: 6.93077:   4%|▍         | 9/200 [00:03<01:01,  3.09it/s]Best trial: 0. Best value: 6.93077:   5%|▌         | 10/200 [00:03<01:18,  2.42it/s][I 2023-11-24 15:16:42,974] Trial 39 finished with value: inf and parameters: {'model_name': 'KNNImputer', 'weights': 'distance', 'keep_empty_features': False}. Best is trial 0 with value: 6.9307689034243065.
                                                                                    Best trial: 0. Best value: 6.93077:   5%|▌         | 10/200 [00:03<01:18,  2.42it/s]Best trial: 0. Best value: 6.93077:   5%|▌         | 10/200 [00:04<01:18,  2.42it/s]Best trial: 0. Best value: 6.93077:   6%|▌         | 11/200 [00:04<01:08,  2.77it/s]                                                                                    [W 2023-11-24 15:16:43,213] Trial 32 failed with parameters: {'model_name': 'IterativeImputer'} because of the following error: ValueError('CategoricalDistribution does not support dynamic value space.').
Traceback (most recent call last):
  File "/home/ketrong/miniconda3/envs/tpot2devenv/lib/python3.10/site-packages/optuna/study/_optimize.py", line 200, in _run_trial
    value_or_values = func(trial)
  File "/common/ketrong/AutoImputeExp/tpot2_imputetest/Impute_Experiments/autoimpute.py", line 56, in obj
    my_params = autoutils.trial_suggestion(trial, self.model_names, column_len=len(X.columns), random_state=self.random_state)
  File "/common/ketrong/AutoImputeExp/tpot2_imputetest/Impute_Experiments/autoutils.py", line 20, in trial_suggestion
    my_params = params_IterativeImpute(trial,model_name) #Uses the dependence between columns in the data set to predict for the one column. Predictions occur through a variety of strategies.
  File "/common/ketrong/AutoImputeExp/tpot2_imputetest/Impute_Experiments/param_grids.py", line 20, in params_IterativeImpute
    params['estimator'] = trial.suggest_categorical('estimator', [Bayes, RFR, Ridge, KNN])
  File "/home/ketrong/miniconda3/envs/tpot2devenv/lib/python3.10/site-packages/optuna/trial/_trial.py", line 405, in suggest_categorical
    return self._suggest(name, CategoricalDistribution(choices=choices))
  File "/home/ketrong/miniconda3/envs/tpot2devenv/lib/python3.10/site-packages/optuna/trial/_trial.py", line 636, in _suggest
    storage.set_trial_param(trial_id, name, param_value_in_internal_repr, distribution)
  File "/home/ketrong/miniconda3/envs/tpot2devenv/lib/python3.10/site-packages/optuna/storages/_in_memory.py", line 187, in set_trial_param
    distributions.check_distribution_compatibility(
  File "/home/ketrong/miniconda3/envs/tpot2devenv/lib/python3.10/site-packages/optuna/distributions.py", line 670, in check_distribution_compatibility
    raise ValueError(
ValueError: CategoricalDistribution does not support dynamic value space.
[W 2023-11-24 15:16:43,217] Trial 32 failed with value None.
Best trial: 0. Best value: 6.93077:   6%|▌         | 11/200 [00:04<01:08,  2.77it/s]                                                                                    Best trial: 0. Best value: 6.93077:   6%|▌         | 11/200 [00:04<01:08,  2.77it/s][I 2023-11-24 15:16:43,431] Trial 17 finished with value: inf and parameters: {'model_name': 'GAIN', 'batch_size': 35, 'hint_rate': 0.0011405749761247723, 'alpha': 31, 'iterations': 12236}. Best is trial 0 with value: 6.9307689034243065.
                                                                                    Best trial: 0. Best value: 6.93077:   6%|▌         | 11/200 [00:04<01:08,  2.77it/s]Best trial: 0. Best value: 6.93077:   6%|▌         | 11/200 [00:04<01:08,  2.77it/s]Best trial: 0. Best value: 6.93077:   6%|▌         | 12/200 [00:04<01:13,  2.56it/s][I 2023-11-24 15:16:43,652] Trial 33 finished with value: inf and parameters: {'model_name': 'KNNImputer', 'weights': 'uniform', 'keep_empty_features': True}. Best is trial 0 with value: 6.9307689034243065.
                                                                                    Best trial: 0. Best value: 6.93077:   6%|▌         | 12/200 [00:04<01:13,  2.56it/s]Best trial: 0. Best value: 6.93077:   6%|▌         | 12/200 [00:04<01:13,  2.56it/s]Best trial: 0. Best value: 6.93077:   6%|▋         | 13/200 [00:04<01:03,  2.95it/s][I 2023-11-24 15:16:43,869] Trial 47 finished with value: inf and parameters: {'model_name': 'KNNImputer', 'weights': 'uniform', 'keep_empty_features': True}. Best is trial 0 with value: 6.9307689034243065.
                                                                                    Best trial: 0. Best value: 6.93077:   6%|▋         | 13/200 [00:04<01:03,  2.95it/s]Best trial: 0. Best value: 6.93077:   6%|▋         | 13/200 [00:04<01:03,  2.95it/s]Best trial: 0. Best value: 6.93077:   7%|▋         | 14/200 [00:04<00:56,  3.29it/s][I 2023-11-24 15:16:44,089] Trial 18 finished with value: inf and parameters: {'model_name': 'GAIN', 'batch_size': 4, 'hint_rate': 0.062101244392518636, 'alpha': 14, 'iterations': 55777}. Best is trial 0 with value: 6.9307689034243065.
                                                                                    Best trial: 0. Best value: 6.93077:   7%|▋         | 14/200 [00:04<00:56,  3.29it/s]Best trial: 0. Best value: 6.93077:   7%|▋         | 14/200 [00:05<00:56,  3.29it/s]Best trial: 0. Best value: 6.93077:   8%|▊         | 15/200 [00:05<00:51,  3.56it/s][I 2023-11-24 15:16:44,310] Trial 34 finished with value: inf and parameters: {'model_name': 'KNNImputer', 'weights': 'uniform', 'keep_empty_features': True}. Best is trial 0 with value: 6.9307689034243065.
                                                                                    Best trial: 0. Best value: 6.93077:   8%|▊         | 15/200 [00:05<00:51,  3.56it/s]Best trial: 0. Best value: 6.93077:   8%|▊         | 15/200 [00:05<00:51,  3.56it/s]Best trial: 0. Best value: 6.93077:   8%|▊         | 16/200 [00:05<00:48,  3.82it/s][I 2023-11-24 15:16:44,525] Trial 27 finished with value: inf and parameters: {'model_name': 'KNNImputer', 'weights': 'uniform', 'keep_empty_features': False}. Best is trial 0 with value: 6.9307689034243065.
                                                                                    Best trial: 0. Best value: 6.93077:   8%|▊         | 16/200 [00:05<00:48,  3.82it/s]Best trial: 0. Best value: 6.93077:   8%|▊         | 16/200 [00:05<00:48,  3.82it/s]Best trial: 0. Best value: 6.93077:   8%|▊         | 17/200 [00:05<00:46,  3.98it/s][I 2023-11-24 15:16:44,762] Trial 23 finished with value: inf and parameters: {'model_name': 'KNNImputer', 'weights': 'uniform', 'keep_empty_features': False}. Best is trial 0 with value: 6.9307689034243065.
                                                                                    Best trial: 0. Best value: 6.93077:   8%|▊         | 17/200 [00:05<00:46,  3.98it/s]Best trial: 0. Best value: 6.93077:   8%|▊         | 17/200 [00:05<00:46,  3.98it/s]Best trial: 0. Best value: 6.93077:   9%|▉         | 18/200 [00:05<00:44,  4.07it/s][I 2023-11-24 15:16:44,992] Trial 15 finished with value: inf and parameters: {'model_name': 'GAIN', 'batch_size': 224, 'hint_rate': 0.001819913718491602, 'alpha': 58, 'iterations': 103}. Best is trial 0 with value: 6.9307689034243065.
                                                                                    Best trial: 0. Best value: 6.93077:   9%|▉         | 18/200 [00:05<00:44,  4.07it/s]Best trial: 0. Best value: 6.93077:   9%|▉         | 18/200 [00:06<00:44,  4.07it/s]Best trial: 0. Best value: 6.93077:  10%|▉         | 19/200 [00:06<00:43,  4.15it/s]                                                                                    [W 2023-11-24 15:16:45,214] Trial 45 failed with parameters: {'model_name': 'IterativeImputer'} because of the following error: ValueError('CategoricalDistribution does not support dynamic value space.').
Traceback (most recent call last):
  File "/home/ketrong/miniconda3/envs/tpot2devenv/lib/python3.10/site-packages/optuna/study/_optimize.py", line 200, in _run_trial
    value_or_values = func(trial)
  File "/common/ketrong/AutoImputeExp/tpot2_imputetest/Impute_Experiments/autoimpute.py", line 56, in obj
    my_params = autoutils.trial_suggestion(trial, self.model_names, column_len=len(X.columns), random_state=self.random_state)
  File "/common/ketrong/AutoImputeExp/tpot2_imputetest/Impute_Experiments/autoutils.py", line 20, in trial_suggestion
    my_params = params_IterativeImpute(trial,model_name) #Uses the dependence between columns in the data set to predict for the one column. Predictions occur through a variety of strategies.
  File "/common/ketrong/AutoImputeExp/tpot2_imputetest/Impute_Experiments/param_grids.py", line 20, in params_IterativeImpute
    params['estimator'] = trial.suggest_categorical('estimator', [Bayes, RFR, Ridge, KNN])
  File "/home/ketrong/miniconda3/envs/tpot2devenv/lib/python3.10/site-packages/optuna/trial/_trial.py", line 405, in suggest_categorical
    return self._suggest(name, CategoricalDistribution(choices=choices))
  File "/home/ketrong/miniconda3/envs/tpot2devenv/lib/python3.10/site-packages/optuna/trial/_trial.py", line 636, in _suggest
    storage.set_trial_param(trial_id, name, param_value_in_internal_repr, distribution)
  File "/home/ketrong/miniconda3/envs/tpot2devenv/lib/python3.10/site-packages/optuna/storages/_in_memory.py", line 187, in set_trial_param
    distributions.check_distribution_compatibility(
  File "/home/ketrong/miniconda3/envs/tpot2devenv/lib/python3.10/site-packages/optuna/distributions.py", line 670, in check_distribution_compatibility
    raise ValueError(
ValueError: CategoricalDistribution does not support dynamic value space.
Best trial: 0. Best value: 6.93077:  10%|▉         | 19/200 [00:06<00:43,  4.15it/s][W 2023-11-24 15:16:45,237] Trial 45 failed with value None.
                                                                                    Best trial: 0. Best value: 6.93077:  10%|▉         | 19/200 [00:06<00:43,  4.15it/s]                                                                                    [I 2023-11-24 15:16:45,224] Trial 42 finished with value: inf and parameters: {'model_name': 'GAIN', 'batch_size': 322, 'hint_rate': 0.004990607628463563, 'alpha': 51, 'iterations': 16863}. Best is trial 0 with value: 6.9307689034243065.
Best trial: 0. Best value: 6.93077:  10%|▉         | 19/200 [00:06<00:43,  4.15it/s]Best trial: 0. Best value: 6.93077:  10%|▉         | 19/200 [00:06<00:43,  4.15it/s]Best trial: 0. Best value: 6.93077:  10%|█         | 20/200 [00:06<00:55,  3.26it/s][I 2023-11-24 15:16:45,227] Trial 40 finished with value: inf and parameters: {'model_name': 'KNNImputer', 'weights': 'uniform', 'keep_empty_features': True}. Best is trial 0 with value: 6.9307689034243065.
                                                                                    Best trial: 0. Best value: 6.93077:  10%|█         | 20/200 [00:06<00:55,  3.26it/s][I 2023-11-24 15:16:45,231] Trial 24 finished with value: inf and parameters: {'model_name': 'KNNImputer', 'weights': 'uniform', 'keep_empty_features': True}. Best is trial 0 with value: 6.9307689034243065.
                                                                                    Best trial: 0. Best value: 6.93077:  10%|█         | 20/200 [00:06<00:55,  3.26it/s]Best trial: 0. Best value: 6.93077:  10%|█         | 20/200 [00:06<00:55,  3.26it/s]Best trial: 0. Best value: 6.93077:  10%|█         | 21/200 [00:06<01:00,  2.95it/s]Best trial: 0. Best value: 6.93077:  10%|█         | 21/200 [00:06<01:00,  2.95it/s][I 2023-11-24 15:16:45,221] Trial 41 finished with value: inf and parameters: {'model_name': 'KNNImputer', 'weights': 'uniform', 'keep_empty_features': True}. Best is trial 0 with value: 6.9307689034243065.
                                                                                    Best trial: 0. Best value: 6.93077:  11%|█         | 22/200 [00:06<01:00,  2.95it/s]Best trial: 0. Best value: 6.93077:  11%|█         | 22/200 [00:07<01:00,  2.95it/s]Best trial: 0. Best value: 6.93077:  12%|█▏        | 23/200 [00:07<00:41,  4.26it/s][I 2023-11-24 15:16:46,350] Trial 19 finished with value: inf and parameters: {'model_name': 'GAIN', 'batch_size': 2, 'hint_rate': 0.013286091255930601, 'alpha': 75, 'iterations': 2}. Best is trial 0 with value: 6.9307689034243065.
                                                                                    Best trial: 0. Best value: 6.93077:  12%|█▏        | 23/200 [00:07<00:41,  4.26it/s]Best trial: 0. Best value: 6.93077:  12%|█▏        | 23/200 [00:07<00:41,  4.26it/s]Best trial: 0. Best value: 6.93077:  12%|█▏        | 24/200 [00:07<00:42,  4.14it/s][I 2023-11-24 15:16:46,595] Trial 35 finished with value: inf and parameters: {'model_name': 'GAIN', 'batch_size': 533, 'hint_rate': 0.007706044880836835, 'alpha': 8, 'iterations': 11}. Best is trial 0 with value: 6.9307689034243065.
                                                                                    Best trial: 0. Best value: 6.93077:  12%|█▏        | 24/200 [00:07<00:42,  4.14it/s]Best trial: 0. Best value: 6.93077:  12%|█▏        | 24/200 [00:07<00:42,  4.14it/s]Best trial: 0. Best value: 6.93077:  12%|█▎        | 25/200 [00:07<00:42,  4.11it/s][I 2023-11-24 15:16:46,828] Trial 30 finished with value: inf and parameters: {'model_name': 'GAIN', 'batch_size': 4, 'hint_rate': 0.3572412267286669, 'alpha': 89, 'iterations': 9}. Best is trial 0 with value: 6.9307689034243065.
                                                                                    Best trial: 0. Best value: 6.93077:  12%|█▎        | 25/200 [00:07<00:42,  4.11it/s]Best trial: 0. Best value: 6.93077:  12%|█▎        | 25/200 [00:07<00:42,  4.11it/s]Best trial: 0. Best value: 6.93077:  13%|█▎        | 26/200 [00:07<00:41,  4.20it/s]                                                                                    [I 2023-11-24 15:16:47,056] Trial 12 finished with value: 6.9307689034243065 and parameters: {'model_name': 'SimpleImputer', 'strategy': 'constant'}. Best is trial 0 with value: 6.9307689034243065.
Best trial: 0. Best value: 6.93077:  13%|█▎        | 26/200 [00:07<00:41,  4.20it/s]Best trial: 0. Best value: 6.93077:  13%|█▎        | 26/200 [00:08<00:41,  4.20it/s]Best trial: 0. Best value: 6.93077:  14%|█▎        | 27/200 [00:08<00:40,  4.25it/s]                                                                                    [I 2023-11-24 15:16:47,289] Trial 44 finished with value: inf and parameters: {'model_name': 'GAIN', 'batch_size': 582, 'hint_rate': 0.1451064912488231, 'alpha': 61, 'iterations': 1}. Best is trial 0 with value: 6.9307689034243065.
Best trial: 0. Best value: 6.93077:  14%|█▎        | 27/200 [00:08<00:40,  4.25it/s]Best trial: 0. Best value: 6.93077:  14%|█▎        | 27/200 [00:08<00:40,  4.25it/s]Best trial: 0. Best value: 6.93077:  14%|█▍        | 28/200 [00:08<00:40,  4.23it/s][I 2023-11-24 15:16:47,526] Trial 6 finished with value: inf and parameters: {'model_name': 'RandomForestImputer', 'max_iter': 1, 'decreasing': False, 'min_samples_split': 0.0, 'min_samples_leaf': 0.1, 'max_features': 0.9, 'bootstrap': False, 'oob_score': False, 'warm_start': True}. Best is trial 0 with value: 6.9307689034243065.
                                                                                    Best trial: 0. Best value: 6.93077:  14%|█▍        | 28/200 [00:08<00:40,  4.23it/s]Best trial: 0. Best value: 6.93077:  14%|█▍        | 28/200 [00:08<00:40,  4.23it/s]Best trial: 0. Best value: 6.93077:  14%|█▍        | 29/200 [00:08<00:39,  4.36it/s][I 2023-11-24 15:16:47,795] Trial 43 finished with value: inf and parameters: {'model_name': 'RandomForestImputer', 'max_iter': 35, 'decreasing': True, 'min_samples_split': 0.4, 'min_samples_leaf': 0.30000000000000004, 'max_features': 0.4, 'bootstrap': True, 'oob_score': False, 'warm_start': False}. Best is trial 0 with value: 6.9307689034243065.
                                                                                    Best trial: 0. Best value: 6.93077:  14%|█▍        | 29/200 [00:08<00:39,  4.36it/s]Best trial: 0. Best value: 6.93077:  14%|█▍        | 29/200 [00:08<00:39,  4.36it/s]Best trial: 0. Best value: 6.93077:  15%|█▌        | 30/200 [00:08<00:42,  4.04it/s]                                                                                    [I 2023-11-24 15:16:48,047] Trial 26 finished with value: inf and parameters: {'model_name': 'RandomForestImputer', 'max_iter': 2, 'decreasing': False, 'min_samples_split': 0.2, 'min_samples_leaf': 0.4, 'max_features': 0.2, 'bootstrap': False, 'oob_score': False, 'warm_start': True}. Best is trial 0 with value: 6.9307689034243065.
Best trial: 0. Best value: 6.93077:  15%|█▌        | 30/200 [00:08<00:42,  4.04it/s]Best trial: 0. Best value: 6.93077:  15%|█▌        | 30/200 [00:09<00:42,  4.04it/s]Best trial: 0. Best value: 6.93077:  16%|█▌        | 31/200 [00:09<00:42,  4.02it/s]                                                                                    [I 2023-11-24 15:16:48,291] Trial 28 finished with value: inf and parameters: {'model_name': 'RandomForestImputer', 'max_iter': 1, 'decreasing': False, 'min_samples_split': 0.6000000000000001, 'min_samples_leaf': 0.4, 'max_features': 0.1, 'bootstrap': True, 'oob_score': True, 'warm_start': True}. Best is trial 0 with value: 6.9307689034243065.
Best trial: 0. Best value: 6.93077:  16%|█▌        | 31/200 [00:09<00:42,  4.02it/s]Best trial: 0. Best value: 6.93077:  16%|█▌        | 31/200 [00:09<00:42,  4.02it/s]Best trial: 0. Best value: 6.93077:  16%|█▌        | 32/200 [00:09<00:41,  4.06it/s][I 2023-11-24 15:16:48,594] Trial 36 finished with value: 6.9307689034243065 and parameters: {'model_name': 'SimpleImputer', 'strategy': 'constant'}. Best is trial 0 with value: 6.9307689034243065.
                                                                                    Best trial: 0. Best value: 6.93077:  16%|█▌        | 32/200 [00:09<00:41,  4.06it/s]Best trial: 0. Best value: 6.93077:  16%|█▌        | 32/200 [00:09<00:41,  4.06it/s]Best trial: 0. Best value: 6.93077:  16%|█▋        | 33/200 [00:09<00:44,  3.79it/s][I 2023-11-24 15:16:48,863] Trial 46 finished with value: 6.9307689034243065 and parameters: {'model_name': 'SimpleImputer', 'strategy': 'constant'}. Best is trial 0 with value: 6.9307689034243065.
                                                                                    Best trial: 0. Best value: 6.93077:  16%|█▋        | 33/200 [00:09<00:44,  3.79it/s]Best trial: 0. Best value: 6.93077:  16%|█▋        | 33/200 [00:09<00:44,  3.79it/s]Best trial: 0. Best value: 6.93077:  17%|█▋        | 34/200 [00:09<00:44,  3.76it/s]                                                                                    [I 2023-11-24 15:16:49,120] Trial 38 finished with value: 2.4188282158032743 and parameters: {'model_name': 'SimpleImputer', 'strategy': 'mean'}. Best is trial 38 with value: 2.4188282158032743.
Best trial: 0. Best value: 6.93077:  17%|█▋        | 34/200 [00:09<00:44,  3.76it/s]Best trial: 38. Best value: 2.41883:  17%|█▋        | 34/200 [00:10<00:44,  3.76it/s]Best trial: 38. Best value: 2.41883:  18%|█▊        | 35/200 [00:10<00:43,  3.80it/s][I 2023-11-24 15:16:49,475] Trial 25 finished with value: 2.5158526601828806 and parameters: {'model_name': 'SimpleImputer', 'strategy': 'median'}. Best is trial 38 with value: 2.4188282158032743.
                                                                                     Best trial: 38. Best value: 2.41883:  18%|█▊        | 35/200 [00:10<00:43,  3.80it/s]Best trial: 38. Best value: 2.41883:  18%|█▊        | 35/200 [00:10<00:43,  3.80it/s]Best trial: 38. Best value: 2.41883:  18%|█▊        | 36/200 [00:10<00:47,  3.43it/s]                                                                                     [I 2023-11-24 15:16:49,819] Trial 10 finished with value: 2.6668609436063275 and parameters: {'model_name': 'SimpleImputer', 'strategy': 'most_frequent'}. Best is trial 38 with value: 2.4188282158032743.
Best trial: 38. Best value: 2.41883:  18%|█▊        | 36/200 [00:10<00:47,  3.43it/s]Best trial: 38. Best value: 2.41883:  18%|█▊        | 36/200 [00:10<00:47,  3.43it/s]Best trial: 38. Best value: 2.41883:  18%|█▊        | 37/200 [00:10<00:48,  3.33it/s][I 2023-11-24 15:16:50,027] Trial 14 finished with value: 2.6668609436063275 and parameters: {'model_name': 'SimpleImputer', 'strategy': 'most_frequent'}. Best is trial 38 with value: 2.4188282158032743.
                                                                                     Best trial: 38. Best value: 2.41883:  18%|█▊        | 37/200 [00:10<00:48,  3.33it/s]Best trial: 38. Best value: 2.41883:  18%|█▊        | 37/200 [00:11<00:48,  3.33it/s]Best trial: 38. Best value: 2.41883:  19%|█▉        | 38/200 [00:11<00:45,  3.58it/s][I 2023-11-24 15:16:50,265] Trial 20 finished with value: 2.6668609436063275 and parameters: {'model_name': 'SimpleImputer', 'strategy': 'most_frequent'}. Best is trial 38 with value: 2.4188282158032743.
                                                                                     Best trial: 38. Best value: 2.41883:  19%|█▉        | 38/200 [00:11<00:45,  3.58it/s]Best trial: 38. Best value: 2.41883:  19%|█▉        | 38/200 [00:11<00:45,  3.58it/s]Best trial: 38. Best value: 2.41883:  20%|█▉        | 39/200 [00:11<00:42,  3.79it/s]