Run: 2
/cm/local/apps/slurm/var/spool/job598273/slurm_script: line 23: /common/ketrong/minconda3/etc/profile.d/conda.sh: No such file or directory
/cm/local/apps/slurm/var/spool/job598273/slurm_script: line 26: $'\nconda create --name tpot2devenv -c conda-forge python=3.10\n': command not found
/cm/local/apps/slurm/var/spool/job598273/slurm_script: line 31: $'\npip install -r requirements.txt\n': command not found
RunStart
2024-01-09 18:04:23.686263: I tensorflow/core/util/port.cc:113] oneDNN custom operations are on. You may see slightly different numerical results due to floating-point round-off errors from different computation orders. To turn them off, set the environment variable `TF_ENABLE_ONEDNN_OPTS=0`.
2024-01-09 18:04:23.719701: E external/local_xla/xla/stream_executor/cuda/cuda_dnn.cc:9261] Unable to register cuDNN factory: Attempting to register factory for plugin cuDNN when one has already been registered
2024-01-09 18:04:23.719725: E external/local_xla/xla/stream_executor/cuda/cuda_fft.cc:607] Unable to register cuFFT factory: Attempting to register factory for plugin cuFFT when one has already been registered
2024-01-09 18:04:23.720554: E external/local_xla/xla/stream_executor/cuda/cuda_blas.cc:1515] Unable to register cuBLAS factory: Attempting to register factory for plugin cuBLAS when one has already been registered
2024-01-09 18:04:23.725521: I tensorflow/core/platform/cpu_feature_guard.cc:182] This TensorFlow binary is optimized to use available CPU instructions in performance-critical operations.
To enable the following instructions: AVX2 AVX512F AVX512_VNNI FMA, in other operations, rebuild TensorFlow with the appropriate compiler flags.
2024-01-09 18:04:26.463858: W tensorflow/compiler/tf2tensorrt/utils/py_utils.cc:38] TF-TRT Warning: Could not find TensorRT
WARNING:tensorflow:From /home/ketrong/miniconda3/envs/tpot2devenv/lib/python3.10/site-packages/tensorflow/python/compat/v2_compat.py:108: disable_resource_variables (from tensorflow.python.ops.variable_scope) is deprecated and will be removed in a future version.
Instructions for updating:
non-resource variables are not supported in the long term
starting loops
working on 
logs/9942/tpot2_base_normal_MCAR_0.1
2.8429808616638184
loading data
logs/9942/tpot2_base_normal_MCAR_0.1/data/9942_True.pkl
WARNING:openml.datasets.functions:Could not download file from https://openml1.win.tue.nl/datasets/0000/1526/dataset_1526.pq: [Errno 2] No such file or directory: '/home/ketrong/.cache/openml/org/openml/www/datasets/1526/dataset_1526.pq.cf4cb81c2fca78644c4ee4842c587d21.part.minio' -> '/home/ketrong/.cache/openml/org/openml/www/datasets/1526/dataset_1526.pq'
WARNING:openml.datasets.functions:Failed to download parquet, fallback on ARFF.
WARNING:openml.datasets.functions:Could not download file from https://openml1.win.tue.nl/datasets/0000/1526/dataset_1526.pq: [Errno 2] No such file or directory: '/home/ketrong/.cache/openml/org/openml/www/datasets/1526/dataset_1526.pq'
WARNING:openml.datasets.functions:Failed to download parquet, fallback on ARFF.
running experiment 1/3 - Does large hyperparameter space improve reconstruction accuracy over simple
[I 2024-01-09 18:04:43,190] A new study created in memory with name: no-name-4fdb5639-8374-4760-ba8a-74aca6fcdf30
[I 2024-01-09 18:04:43,499] Trial 9 finished with value: 0.6018779344321635 and parameters: {'model_name': 'SimpleImputer', 'strategy': 'mean'}. Best is trial 9 with value: 0.6018779344321635.
[I 2024-01-09 18:04:43,803] Trial 0 finished with value: 0.6018779344321635 and parameters: {'model_name': 'SimpleImputer', 'strategy': 'mean'}. Best is trial 9 with value: 0.6018779344321635.
[I 2024-01-09 18:04:44,022] Trial 5 finished with value: 0.6018779344321635 and parameters: {'model_name': 'SimpleImputer', 'strategy': 'mean'}. Best is trial 9 with value: 0.6018779344321635.
[I 2024-01-09 18:04:44,198] Trial 2 finished with value: 0.6018779344321635 and parameters: {'model_name': 'SimpleImputer', 'strategy': 'mean'}. Best is trial 9 with value: 0.6018779344321635.
[I 2024-01-09 18:04:44,518] Trial 7 finished with value: 0.6018779344321635 and parameters: {'model_name': 'SimpleImputer', 'strategy': 'mean'}. Best is trial 9 with value: 0.6018779344321635.
[I 2024-01-09 18:04:44,730] Trial 3 finished with value: 0.6310723745062845 and parameters: {'model_name': 'SimpleImputer', 'strategy': 'median'}. Best is trial 9 with value: 0.6018779344321635.
[I 2024-01-09 18:04:44,888] Trial 13 finished with value: 1.449685012868071 and parameters: {'model_name': 'SimpleImputer', 'strategy': 'constant'}. Best is trial 9 with value: 0.6018779344321635.
[I 2024-01-09 18:04:45,058] Trial 12 finished with value: 0.6018779344321635 and parameters: {'model_name': 'SimpleImputer', 'strategy': 'mean'}. Best is trial 9 with value: 0.6018779344321635.
[I 2024-01-09 18:04:45,209] Trial 15 finished with value: 0.6018779344321635 and parameters: {'model_name': 'SimpleImputer', 'strategy': 'mean'}. Best is trial 9 with value: 0.6018779344321635.
[I 2024-01-09 18:04:45,475] Trial 16 finished with value: 0.6018779344321635 and parameters: {'model_name': 'SimpleImputer', 'strategy': 'mean'}. Best is trial 9 with value: 0.6018779344321635.
[I 2024-01-09 18:04:45,839] Trial 19 finished with value: 0.6018779344321635 and parameters: {'model_name': 'SimpleImputer', 'strategy': 'mean'}. Best is trial 9 with value: 0.6018779344321635.
[I 2024-01-09 18:04:46,075] Trial 6 finished with value: 0.6310723745062845 and parameters: {'model_name': 'SimpleImputer', 'strategy': 'median'}. Best is trial 9 with value: 0.6018779344321635.
[I 2024-01-09 18:04:46,403] Trial 4 finished with value: 0.6310723745062845 and parameters: {'model_name': 'SimpleImputer', 'strategy': 'median'}. Best is trial 9 with value: 0.6018779344321635.
[I 2024-01-09 18:04:46,576] Trial 18 finished with value: 0.6018779344321635 and parameters: {'model_name': 'SimpleImputer', 'strategy': 'mean'}. Best is trial 9 with value: 0.6018779344321635.
[I 2024-01-09 18:04:46,821] Trial 20 finished with value: 0.6018779344321635 and parameters: {'model_name': 'SimpleImputer', 'strategy': 'mean'}. Best is trial 9 with value: 0.6018779344321635.
[I 2024-01-09 18:04:47,002] Trial 25 finished with value: 1.449685012868071 and parameters: {'model_name': 'SimpleImputer', 'strategy': 'constant'}. Best is trial 9 with value: 0.6018779344321635.
[I 2024-01-09 18:04:47,264] Trial 1 finished with value: 0.6310723745062845 and parameters: {'model_name': 'SimpleImputer', 'strategy': 'median'}. Best is trial 9 with value: 0.6018779344321635.
[I 2024-01-09 18:04:47,659] Trial 8 finished with value: 0.6310723745062845 and parameters: {'model_name': 'SimpleImputer', 'strategy': 'median'}. Best is trial 9 with value: 0.6018779344321635.
[I 2024-01-09 18:04:47,859] Trial 28 finished with value: 1.449685012868071 and parameters: {'model_name': 'SimpleImputer', 'strategy': 'constant'}. Best is trial 9 with value: 0.6018779344321635.
[I 2024-01-09 18:04:48,126] Trial 27 finished with value: 0.6018779344321635 and parameters: {'model_name': 'SimpleImputer', 'strategy': 'mean'}. Best is trial 9 with value: 0.6018779344321635.
[I 2024-01-09 18:04:48,369] Trial 14 finished with value: 0.6310723745062845 and parameters: {'model_name': 'SimpleImputer', 'strategy': 'median'}. Best is trial 9 with value: 0.6018779344321635.
[I 2024-01-09 18:04:48,546] Trial 10 finished with value: 0.6310723745062845 and parameters: {'model_name': 'SimpleImputer', 'strategy': 'median'}. Best is trial 9 with value: 0.6018779344321635.
[I 2024-01-09 18:04:48,895] Trial 11 finished with value: 0.6310723745062845 and parameters: {'model_name': 'SimpleImputer', 'strategy': 'median'}. Best is trial 9 with value: 0.6018779344321635.
[I 2024-01-09 18:04:49,203] Trial 32 finished with value: 0.6018779344321635 and parameters: {'model_name': 'SimpleImputer', 'strategy': 'mean'}. Best is trial 9 with value: 0.6018779344321635.
[I 2024-01-09 18:04:49,630] Trial 31 finished with value: 0.6018779344321635 and parameters: {'model_name': 'SimpleImputer', 'strategy': 'mean'}. Best is trial 9 with value: 0.6018779344321635.
[I 2024-01-09 18:04:50,054] Trial 22 finished with value: 1.449685012868071 and parameters: {'model_name': 'SimpleImputer', 'strategy': 'most_frequent'}. Best is trial 9 with value: 0.6018779344321635.
[I 2024-01-09 18:04:50,416] Trial 24 finished with value: 0.6310723745062845 and parameters: {'model_name': 'SimpleImputer', 'strategy': 'median'}. Best is trial 9 with value: 0.6018779344321635.
[I 2024-01-09 18:04:50,766] Trial 26 finished with value: 0.6310723745062845 and parameters: {'model_name': 'SimpleImputer', 'strategy': 'median'}. Best is trial 9 with value: 0.6018779344321635.
[I 2024-01-09 18:04:51,215] Trial 30 finished with value: 0.6310723745062845 and parameters: {'model_name': 'SimpleImputer', 'strategy': 'median'}. Best is trial 9 with value: 0.6018779344321635.
[I 2024-01-09 18:04:51,535] Trial 33 finished with value: 0.6310723745062845 and parameters: {'model_name': 'SimpleImputer', 'strategy': 'median'}. Best is trial 9 with value: 0.6018779344321635.
[I 2024-01-09 18:04:51,778] Trial 34 finished with value: 0.6310723745062845 and parameters: {'model_name': 'SimpleImputer', 'strategy': 'median'}. Best is trial 9 with value: 0.6018779344321635.
[I 2024-01-09 18:04:51,999] Trial 21 finished with value: 1.449685012868071 and parameters: {'model_name': 'SimpleImputer', 'strategy': 'most_frequent'}. Best is trial 9 with value: 0.6018779344321635.
[I 2024-01-09 18:04:52,387] Trial 17 finished with value: 1.449685012868071 and parameters: {'model_name': 'SimpleImputer', 'strategy': 'most_frequent'}. Best is trial 9 with value: 0.6018779344321635.
[I 2024-01-09 18:04:52,643] Trial 36 finished with value: 1.449685012868071 and parameters: {'model_name': 'SimpleImputer', 'strategy': 'most_frequent'}. Best is trial 9 with value: 0.6018779344321635.
[I 2024-01-09 18:04:52,972] Trial 29 finished with value: 1.449685012868071 and parameters: {'model_name': 'SimpleImputer', 'strategy': 'most_frequent'}. Best is trial 9 with value: 0.6018779344321635.
[I 2024-01-09 18:04:53,306] Trial 46 finished with value: 1.449685012868071 and parameters: {'model_name': 'SimpleImputer', 'strategy': 'most_frequent'}. Best is trial 9 with value: 0.6018779344321635.
[I 2024-01-09 18:04:53,704] Trial 35 finished with value: 1.449685012868071 and parameters: {'model_name': 'SimpleImputer', 'strategy': 'most_frequent'}. Best is trial 9 with value: 0.6018779344321635.
[I 2024-01-09 18:04:53,922] Trial 23 finished with value: 1.449685012868071 and parameters: {'model_name': 'SimpleImputer', 'strategy': 'most_frequent'}. Best is trial 9 with value: 0.6018779344321635.
[I 2024-01-09 18:04:54,444] Trial 49 finished with value: 1.449685012868071 and parameters: {'model_name': 'SimpleImputer', 'strategy': 'most_frequent'}. Best is trial 9 with value: 0.6018779344321635.
[I 2024-01-09 18:04:54,692] Trial 81 finished with value: 0.6018779344321635 and parameters: {'model_name': 'SimpleImputer', 'strategy': 'mean'}. Best is trial 9 with value: 0.6018779344321635.
[I 2024-01-09 18:04:54,898] Trial 39 finished with value: 1.449685012868071 and parameters: {'model_name': 'SimpleImputer', 'strategy': 'most_frequent'}. Best is trial 9 with value: 0.6018779344321635.
[I 2024-01-09 18:04:55,083] Trial 37 finished with value: 1.449685012868071 and parameters: {'model_name': 'SimpleImputer', 'strategy': 'most_frequent'}. Best is trial 9 with value: 0.6018779344321635.
[I 2024-01-09 18:04:55,267] Trial 48 finished with value: 1.449685012868071 and parameters: {'model_name': 'SimpleImputer', 'strategy': 'most_frequent'}. Best is trial 9 with value: 0.6018779344321635.
[I 2024-01-09 18:04:55,485] Trial 40 finished with value: 1.449685012868071 and parameters: {'model_name': 'SimpleImputer', 'strategy': 'most_frequent'}. Best is trial 9 with value: 0.6018779344321635.
[I 2024-01-09 18:04:55,712] Trial 79 finished with value: 0.6018779344321635 and parameters: {'model_name': 'SimpleImputer', 'strategy': 'mean'}. Best is trial 9 with value: 0.6018779344321635.
[I 2024-01-09 18:04:55,916] Trial 50 finished with value: 1.449685012868071 and parameters: {'model_name': 'SimpleImputer', 'strategy': 'most_frequent'}. Best is trial 9 with value: 0.6018779344321635.
[I 2024-01-09 18:04:56,323] Trial 83 finished with value: 0.6018779344321635 and parameters: {'model_name': 'SimpleImputer', 'strategy': 'mean'}. Best is trial 9 with value: 0.6018779344321635.
[I 2024-01-09 18:04:56,628] Trial 58 finished with value: 1.449685012868071 and parameters: {'model_name': 'SimpleImputer', 'strategy': 'most_frequent'}. Best is trial 9 with value: 0.6018779344321635.
[I 2024-01-09 18:04:56,876] Trial 78 finished with value: 0.6018779344321635 and parameters: {'model_name': 'SimpleImputer', 'strategy': 'mean'}. Best is trial 9 with value: 0.6018779344321635.
[I 2024-01-09 18:04:57,053] Trial 82 finished with value: 0.6018779344321635 and parameters: {'model_name': 'SimpleImputer', 'strategy': 'mean'}. Best is trial 9 with value: 0.6018779344321635.
[I 2024-01-09 18:04:57,296] Trial 38 finished with value: 1.449685012868071 and parameters: {'model_name': 'SimpleImputer', 'strategy': 'most_frequent'}. Best is trial 9 with value: 0.6018779344321635.
[I 2024-01-09 18:04:57,560] Trial 53 finished with value: 1.449685012868071 and parameters: {'model_name': 'SimpleImputer', 'strategy': 'most_frequent'}. Best is trial 9 with value: 0.6018779344321635.
[I 2024-01-09 18:04:57,788] Trial 85 finished with value: 0.6018779344321635 and parameters: {'model_name': 'SimpleImputer', 'strategy': 'mean'}. Best is trial 9 with value: 0.6018779344321635.
[I 2024-01-09 18:04:57,965] Trial 41 finished with value: 1.449685012868071 and parameters: {'model_name': 'SimpleImputer', 'strategy': 'most_frequent'}. Best is trial 9 with value: 0.6018779344321635.
[I 2024-01-09 18:04:58,135] Trial 44 finished with value: 1.449685012868071 and parameters: {'model_name': 'SimpleImputer', 'strategy': 'most_frequent'}. Best is trial 9 with value: 0.6018779344321635.
[I 2024-01-09 18:04:58,431] Trial 42 finished with value: 1.449685012868071 and parameters: {'model_name': 'SimpleImputer', 'strategy': 'most_frequent'}. Best is trial 9 with value: 0.6018779344321635.
[I 2024-01-09 18:04:58,633] Trial 80 finished with value: 0.6018779344321635 and parameters: {'model_name': 'SimpleImputer', 'strategy': 'mean'}. Best is trial 9 with value: 0.6018779344321635.
[I 2024-01-09 18:04:58,928] Trial 54 finished with value: 1.449685012868071 and parameters: {'model_name': 'SimpleImputer', 'strategy': 'most_frequent'}. Best is trial 9 with value: 0.6018779344321635.
[I 2024-01-09 18:04:59,138] Trial 52 finished with value: 1.449685012868071 and parameters: {'model_name': 'SimpleImputer', 'strategy': 'most_frequent'}. Best is trial 9 with value: 0.6018779344321635.
[I 2024-01-09 18:04:59,382] Trial 84 finished with value: 0.6018779344321635 and parameters: {'model_name': 'SimpleImputer', 'strategy': 'mean'}. Best is trial 9 with value: 0.6018779344321635.
[I 2024-01-09 18:04:59,676] Trial 56 finished with value: 1.449685012868071 and parameters: {'model_name': 'SimpleImputer', 'strategy': 'most_frequent'}. Best is trial 9 with value: 0.6018779344321635.
