Run: 4
/cm/local/apps/slurm/var/spool/job566966/slurm_script: line 23: /common/ketrong/minconda3/etc/profile.d/conda.sh: No such file or directory
/cm/local/apps/slurm/var/spool/job566966/slurm_script: line 26: $'\nconda create --name tpot2devenv -c conda-forge python=3.10\n': command not found
/cm/local/apps/slurm/var/spool/job566966/slurm_script: line 31: $'\npip install -r requirements.txt\n': command not found
RunStart
2023-12-26 13:23:15.810904: I tensorflow/core/util/port.cc:113] oneDNN custom operations are on. You may see slightly different numerical results due to floating-point round-off errors from different computation orders. To turn them off, set the environment variable `TF_ENABLE_ONEDNN_OPTS=0`.
2023-12-26 13:23:15.845556: E external/local_xla/xla/stream_executor/cuda/cuda_dnn.cc:9261] Unable to register cuDNN factory: Attempting to register factory for plugin cuDNN when one has already been registered
2023-12-26 13:23:15.845579: E external/local_xla/xla/stream_executor/cuda/cuda_fft.cc:607] Unable to register cuFFT factory: Attempting to register factory for plugin cuFFT when one has already been registered
2023-12-26 13:23:15.846709: E external/local_xla/xla/stream_executor/cuda/cuda_blas.cc:1515] Unable to register cuBLAS factory: Attempting to register factory for plugin cuBLAS when one has already been registered
2023-12-26 13:23:15.852220: I tensorflow/core/platform/cpu_feature_guard.cc:182] This TensorFlow binary is optimized to use available CPU instructions in performance-critical operations.
To enable the following instructions: AVX2 AVX512F AVX512_VNNI FMA, in other operations, rebuild TensorFlow with the appropriate compiler flags.
2023-12-26 13:23:27.417637: W tensorflow/compiler/tf2tensorrt/utils/py_utils.cc:38] TF-TRT Warning: Could not find TensorRT
WARNING:tensorflow:From /home/ketrong/miniconda3/envs/tpot2devenv/lib/python3.10/site-packages/tensorflow/python/compat/v2_compat.py:108: disable_resource_variables (from tensorflow.python.ops.variable_scope) is deprecated and will be removed in a future version.
Instructions for updating:
non-resource variables are not supported in the long term
starting loops
working on 
logs/2075/tpot2_base_normal_MCAR_0.5
4.116436958312988
loading data
logs/2075/tpot2_base_normal_MCAR_0.5/data/2075_True.pkl
WARNING:openml.datasets.functions:Could not download file from http://openml1.win.tue.nl/dataset183/dataset_183.pq: [Errno 2] No such file or directory: '/home/ketrong/.cache/openml/org/openml/www/datasets/183/dataset_183.pq.22810ca27b97754a499828ea1d8f991a.part.minio' -> '/home/ketrong/.cache/openml/org/openml/www/datasets/183/dataset_183.pq'
WARNING:openml.datasets.functions:Failed to download parquet, fallback on ARFF.
WARNING:openml.datasets.functions:Could not download file from http://openml1.win.tue.nl/dataset183/dataset_183.pq: [Errno 2] No such file or directory: '/home/ketrong/.cache/openml/org/openml/www/datasets/183/dataset_183.pq.22810ca27b97754a499828ea1d8f991a.part.minio' -> '/home/ketrong/.cache/openml/org/openml/www/datasets/183/dataset_183.pq'
WARNING:openml.datasets.functions:Failed to download parquet, fallback on ARFF.
running experiment 1/3 - Does large hyperparameter space improve reconstruction accuracy over simple
[I 2023-12-26 13:23:59,371] A new study created in memory with name: no-name-30b64304-c3d9-4ba7-a189-ab10179d77db
[I 2023-12-26 13:23:59,567] Trial 0 finished with value: 0.36419327211290003 and parameters: {'model_name': 'SimpleImputer', 'strategy': 'constant'}. Best is trial 0 with value: 0.36419327211290003.
[I 2023-12-26 13:23:59,935] Trial 2 finished with value: 0.36419327211290003 and parameters: {'model_name': 'SimpleImputer', 'strategy': 'constant'}. Best is trial 0 with value: 0.36419327211290003.
[I 2023-12-26 13:24:00,107] Trial 3 finished with value: 0.36419327211290003 and parameters: {'model_name': 'SimpleImputer', 'strategy': 'constant'}. Best is trial 0 with value: 0.36419327211290003.
[I 2023-12-26 13:24:00,353] Trial 7 finished with value: 0.36419327211290003 and parameters: {'model_name': 'SimpleImputer', 'strategy': 'constant'}. Best is trial 0 with value: 0.36419327211290003.
[I 2023-12-26 13:24:00,673] Trial 12 finished with value: 0.36419327211290003 and parameters: {'model_name': 'SimpleImputer', 'strategy': 'constant'}. Best is trial 0 with value: 0.36419327211290003.
[I 2023-12-26 13:24:01,066] Trial 11 finished with value: 0.36419327211290003 and parameters: {'model_name': 'SimpleImputer', 'strategy': 'constant'}. Best is trial 0 with value: 0.36419327211290003.
[I 2023-12-26 13:24:01,236] Trial 15 finished with value: 0.36419327211290003 and parameters: {'model_name': 'SimpleImputer', 'strategy': 'constant'}. Best is trial 0 with value: 0.36419327211290003.
[I 2023-12-26 13:24:01,393] Trial 10 finished with value: 0.2610870349800028 and parameters: {'model_name': 'SimpleImputer', 'strategy': 'mean'}. Best is trial 10 with value: 0.2610870349800028.
[I 2023-12-26 13:24:01,690] Trial 27 finished with value: 0.36419327211290003 and parameters: {'model_name': 'SimpleImputer', 'strategy': 'constant'}. Best is trial 10 with value: 0.2610870349800028.
[I 2023-12-26 13:24:02,129] Trial 8 finished with value: 0.2610870349800028 and parameters: {'model_name': 'SimpleImputer', 'strategy': 'mean'}. Best is trial 10 with value: 0.2610870349800028.
[I 2023-12-26 13:24:02,293] Trial 20 finished with value: 0.36419327211290003 and parameters: {'model_name': 'SimpleImputer', 'strategy': 'constant'}. Best is trial 10 with value: 0.2610870349800028.
[I 2023-12-26 13:24:02,508] Trial 29 finished with value: 0.36419327211290003 and parameters: {'model_name': 'SimpleImputer', 'strategy': 'constant'}. Best is trial 10 with value: 0.2610870349800028.
[I 2023-12-26 13:24:02,767] Trial 18 finished with value: 0.2610870349800028 and parameters: {'model_name': 'SimpleImputer', 'strategy': 'mean'}. Best is trial 10 with value: 0.2610870349800028.
[I 2023-12-26 13:24:02,925] Trial 28 finished with value: 0.2610870349800028 and parameters: {'model_name': 'SimpleImputer', 'strategy': 'mean'}. Best is trial 10 with value: 0.2610870349800028.
[I 2023-12-26 13:24:03,097] Trial 13 finished with value: 0.2610870349800028 and parameters: {'model_name': 'SimpleImputer', 'strategy': 'mean'}. Best is trial 10 with value: 0.2610870349800028.
[I 2023-12-26 13:24:03,378] Trial 37 finished with value: 0.36419327211290003 and parameters: {'model_name': 'SimpleImputer', 'strategy': 'constant'}. Best is trial 10 with value: 0.2610870349800028.
[I 2023-12-26 13:24:03,560] Trial 30 finished with value: 0.2610870349800028 and parameters: {'model_name': 'SimpleImputer', 'strategy': 'mean'}. Best is trial 10 with value: 0.2610870349800028.
[I 2023-12-26 13:24:03,931] Trial 17 finished with value: 0.2610870349800028 and parameters: {'model_name': 'SimpleImputer', 'strategy': 'mean'}. Best is trial 10 with value: 0.2610870349800028.
[I 2023-12-26 13:24:04,172] Trial 46 finished with value: 0.36419327211290003 and parameters: {'model_name': 'SimpleImputer', 'strategy': 'constant'}. Best is trial 10 with value: 0.2610870349800028.
[I 2023-12-26 13:24:04,379] Trial 31 finished with value: 0.2610870349800028 and parameters: {'model_name': 'SimpleImputer', 'strategy': 'mean'}. Best is trial 10 with value: 0.2610870349800028.
[I 2023-12-26 13:24:04,536] Trial 5 finished with value: 0.3568157538379052 and parameters: {'model_name': 'SimpleImputer', 'strategy': 'median'}. Best is trial 10 with value: 0.2610870349800028.
[I 2023-12-26 13:24:04,839] Trial 36 finished with value: 0.2610870349800028 and parameters: {'model_name': 'SimpleImputer', 'strategy': 'mean'}. Best is trial 10 with value: 0.2610870349800028.
[I 2023-12-26 13:24:05,253] Trial 4 finished with value: 0.3568157538379052 and parameters: {'model_name': 'SimpleImputer', 'strategy': 'median'}. Best is trial 10 with value: 0.2610870349800028.
[I 2023-12-26 13:24:05,545] Trial 48 finished with value: 0.36419327211290003 and parameters: {'model_name': 'SimpleImputer', 'strategy': 'constant'}. Best is trial 10 with value: 0.2610870349800028.
[I 2023-12-26 13:24:05,874] Trial 40 finished with value: 0.2610870349800028 and parameters: {'model_name': 'SimpleImputer', 'strategy': 'mean'}. Best is trial 10 with value: 0.2610870349800028.
[I 2023-12-26 13:24:06,172] Trial 43 finished with value: 0.2610870349800028 and parameters: {'model_name': 'SimpleImputer', 'strategy': 'mean'}. Best is trial 10 with value: 0.2610870349800028.
[I 2023-12-26 13:24:06,388] Trial 52 finished with value: 0.2610870349800028 and parameters: {'model_name': 'SimpleImputer', 'strategy': 'mean'}. Best is trial 10 with value: 0.2610870349800028.
[I 2023-12-26 13:24:06,640] Trial 39 finished with value: 0.2610870349800028 and parameters: {'model_name': 'SimpleImputer', 'strategy': 'mean'}. Best is trial 10 with value: 0.2610870349800028.
[I 2023-12-26 13:24:06,881] Trial 9 finished with value: 0.3568157538379052 and parameters: {'model_name': 'SimpleImputer', 'strategy': 'median'}. Best is trial 10 with value: 0.2610870349800028.
[I 2023-12-26 13:24:07,087] Trial 49 finished with value: 0.2610870349800028 and parameters: {'model_name': 'SimpleImputer', 'strategy': 'mean'}. Best is trial 10 with value: 0.2610870349800028.
[I 2023-12-26 13:24:07,346] Trial 53 finished with value: 0.2610870349800028 and parameters: {'model_name': 'SimpleImputer', 'strategy': 'mean'}. Best is trial 10 with value: 0.2610870349800028.
[I 2023-12-26 13:24:07,562] Trial 16 finished with value: 0.3568157538379052 and parameters: {'model_name': 'SimpleImputer', 'strategy': 'median'}. Best is trial 10 with value: 0.2610870349800028.
[I 2023-12-26 13:24:07,723] Trial 32 finished with value: 0.3568157538379052 and parameters: {'model_name': 'SimpleImputer', 'strategy': 'median'}. Best is trial 10 with value: 0.2610870349800028.
[I 2023-12-26 13:24:08,081] Trial 23 finished with value: 0.3568157538379052 and parameters: {'model_name': 'SimpleImputer', 'strategy': 'median'}. Best is trial 10 with value: 0.2610870349800028.
[I 2023-12-26 13:24:08,367] Trial 21 finished with value: 0.3568157538379052 and parameters: {'model_name': 'SimpleImputer', 'strategy': 'median'}. Best is trial 10 with value: 0.2610870349800028.
[I 2023-12-26 13:24:08,559] Trial 22 finished with value: 0.3568157538379052 and parameters: {'model_name': 'SimpleImputer', 'strategy': 'median'}. Best is trial 10 with value: 0.2610870349800028.
[I 2023-12-26 13:24:08,733] Trial 54 finished with value: 0.2610870349800028 and parameters: {'model_name': 'SimpleImputer', 'strategy': 'mean'}. Best is trial 10 with value: 0.2610870349800028.
[I 2023-12-26 13:24:09,004] Trial 42 finished with value: 0.3568157538379052 and parameters: {'model_name': 'SimpleImputer', 'strategy': 'median'}. Best is trial 10 with value: 0.2610870349800028.
[I 2023-12-26 13:24:09,619] Trial 44 finished with value: 0.3568157538379052 and parameters: {'model_name': 'SimpleImputer', 'strategy': 'median'}. Best is trial 10 with value: 0.2610870349800028.
[I 2023-12-26 13:24:09,882] Trial 50 finished with value: 0.3568157538379052 and parameters: {'model_name': 'SimpleImputer', 'strategy': 'median'}. Best is trial 10 with value: 0.2610870349800028.
[I 2023-12-26 13:24:10,075] Trial 35 finished with value: 0.3568157538379052 and parameters: {'model_name': 'SimpleImputer', 'strategy': 'median'}. Best is trial 10 with value: 0.2610870349800028.
[I 2023-12-26 13:24:10,405] Trial 33 finished with value: 0.3568157538379052 and parameters: {'model_name': 'SimpleImputer', 'strategy': 'median'}. Best is trial 10 with value: 0.2610870349800028.
[I 2023-12-26 13:24:10,772] Trial 51 finished with value: 0.3568157538379052 and parameters: {'model_name': 'SimpleImputer', 'strategy': 'median'}. Best is trial 10 with value: 0.2610870349800028.
[I 2023-12-26 13:24:11,169] Trial 64 finished with value: 0.3568157538379052 and parameters: {'model_name': 'SimpleImputer', 'strategy': 'median'}. Best is trial 10 with value: 0.2610870349800028.
[I 2023-12-26 13:24:11,504] Trial 55 finished with value: 0.3568157538379052 and parameters: {'model_name': 'SimpleImputer', 'strategy': 'median'}. Best is trial 10 with value: 0.2610870349800028.
[I 2023-12-26 13:24:11,944] Trial 6 finished with value: 0.36419327211290003 and parameters: {'model_name': 'SimpleImputer', 'strategy': 'most_frequent'}. Best is trial 10 with value: 0.2610870349800028.
[I 2023-12-26 13:24:12,306] Trial 59 finished with value: 0.3568157538379052 and parameters: {'model_name': 'SimpleImputer', 'strategy': 'median'}. Best is trial 10 with value: 0.2610870349800028.
[I 2023-12-26 13:24:12,845] Trial 62 finished with value: 0.3568157538379052 and parameters: {'model_name': 'SimpleImputer', 'strategy': 'median'}. Best is trial 10 with value: 0.2610870349800028.
[I 2023-12-26 13:24:13,576] Trial 1 finished with value: 0.36419327211290003 and parameters: {'model_name': 'SimpleImputer', 'strategy': 'most_frequent'}. Best is trial 10 with value: 0.2610870349800028.
[I 2023-12-26 13:24:14,017] Trial 25 finished with value: 0.36419327211290003 and parameters: {'model_name': 'SimpleImputer', 'strategy': 'most_frequent'}. Best is trial 10 with value: 0.2610870349800028.
[I 2023-12-26 13:24:14,299] Trial 19 finished with value: 0.36419327211290003 and parameters: {'model_name': 'SimpleImputer', 'strategy': 'most_frequent'}. Best is trial 10 with value: 0.2610870349800028.
[I 2023-12-26 13:24:14,519] Trial 91 finished with value: 0.2610870349800028 and parameters: {'model_name': 'SimpleImputer', 'strategy': 'mean'}. Best is trial 10 with value: 0.2610870349800028.
[I 2023-12-26 13:24:14,754] Trial 24 finished with value: 0.36419327211290003 and parameters: {'model_name': 'SimpleImputer', 'strategy': 'most_frequent'}. Best is trial 10 with value: 0.2610870349800028.
[I 2023-12-26 13:24:14,978] Trial 26 finished with value: 0.36419327211290003 and parameters: {'model_name': 'SimpleImputer', 'strategy': 'most_frequent'}. Best is trial 10 with value: 0.2610870349800028.
[I 2023-12-26 13:24:15,144] Trial 14 finished with value: 0.36419327211290003 and parameters: {'model_name': 'SimpleImputer', 'strategy': 'most_frequent'}. Best is trial 10 with value: 0.2610870349800028.
[I 2023-12-26 13:24:16,060] Trial 56 finished with value: 0.36419327211290003 and parameters: {'model_name': 'SimpleImputer', 'strategy': 'most_frequent'}. Best is trial 10 with value: 0.2610870349800028.
[I 2023-12-26 13:24:16,306] Trial 41 finished with value: 0.36419327211290003 and parameters: {'model_name': 'SimpleImputer', 'strategy': 'most_frequent'}. Best is trial 10 with value: 0.2610870349800028.
[I 2023-12-26 13:24:16,672] Trial 57 finished with value: 0.36419327211290003 and parameters: {'model_name': 'SimpleImputer', 'strategy': 'most_frequent'}. Best is trial 10 with value: 0.2610870349800028.
[I 2023-12-26 13:24:17,191] Trial 98 finished with value: 0.2610870349800028 and parameters: {'model_name': 'SimpleImputer', 'strategy': 'mean'}. Best is trial 10 with value: 0.2610870349800028.
[I 2023-12-26 13:24:17,382] Trial 34 finished with value: 0.36419327211290003 and parameters: {'model_name': 'SimpleImputer', 'strategy': 'most_frequent'}. Best is trial 10 with value: 0.2610870349800028.
[I 2023-12-26 13:24:17,643] Trial 47 finished with value: 0.36419327211290003 and parameters: {'model_name': 'SimpleImputer', 'strategy': 'most_frequent'}. Best is trial 10 with value: 0.2610870349800028.
[I 2023-12-26 13:24:17,953] Trial 63 finished with value: 0.36419327211290003 and parameters: {'model_name': 'SimpleImputer', 'strategy': 'most_frequent'}. Best is trial 10 with value: 0.2610870349800028.
[I 2023-12-26 13:24:18,140] Trial 61 finished with value: 0.36419327211290003 and parameters: {'model_name': 'SimpleImputer', 'strategy': 'most_frequent'}. Best is trial 10 with value: 0.2610870349800028.
[I 2023-12-26 13:24:18,324] Trial 99 finished with value: 0.2610870349800028 and parameters: {'model_name': 'SimpleImputer', 'strategy': 'mean'}. Best is trial 10 with value: 0.2610870349800028.
[I 2023-12-26 13:24:18,510] Trial 102 finished with value: 0.2610870349800028 and parameters: {'model_name': 'SimpleImputer', 'strategy': 'mean'}. Best is trial 10 with value: 0.2610870349800028.
[I 2023-12-26 13:24:18,712] Trial 100 finished with value: 0.2610870349800028 and parameters: {'model_name': 'SimpleImputer', 'strategy': 'mean'}. Best is trial 10 with value: 0.2610870349800028.
[I 2023-12-26 13:24:19,005] Trial 38 finished with value: 0.36419327211290003 and parameters: {'model_name': 'SimpleImputer', 'strategy': 'most_frequent'}. Best is trial 10 with value: 0.2610870349800028.
[I 2023-12-26 13:24:19,280] Trial 58 finished with value: 0.36419327211290003 and parameters: {'model_name': 'SimpleImputer', 'strategy': 'most_frequent'}. Best is trial 10 with value: 0.2610870349800028.
[I 2023-12-26 13:24:19,595] Trial 45 finished with value: 0.36419327211290003 and parameters: {'model_name': 'SimpleImputer', 'strategy': 'most_frequent'}. Best is trial 10 with value: 0.2610870349800028.
[I 2023-12-26 13:24:19,813] Trial 60 finished with value: 0.36419327211290003 and parameters: {'model_name': 'SimpleImputer', 'strategy': 'most_frequent'}. Best is trial 10 with value: 0.2610870349800028.
[I 2023-12-26 13:24:20,066] Trial 101 finished with value: 0.2610870349800028 and parameters: {'model_name': 'SimpleImputer', 'strategy': 'mean'}. Best is trial 10 with value: 0.2610870349800028.
[I 2023-12-26 13:24:20,627] Trial 79 finished with value: 0.36419327211290003 and parameters: {'model_name': 'SimpleImputer', 'strategy': 'most_frequent'}. Best is trial 10 with value: 0.2610870349800028.
[I 2023-12-26 13:24:20,815] Trial 103 finished with value: 0.2610870349800028 and parameters: {'model_name': 'SimpleImputer', 'strategy': 'mean'}. Best is trial 10 with value: 0.2610870349800028.
[I 2023-12-26 13:24:20,972] Trial 72 finished with value: 0.36419327211290003 and parameters: {'model_name': 'SimpleImputer', 'strategy': 'most_frequent'}. Best is trial 10 with value: 0.2610870349800028.
[I 2023-12-26 13:24:21,362] Trial 106 finished with value: 0.2610870349800028 and parameters: {'model_name': 'SimpleImputer', 'strategy': 'mean'}. Best is trial 10 with value: 0.2610870349800028.
[I 2023-12-26 13:24:21,551] Trial 105 finished with value: 0.2610870349800028 and parameters: {'model_name': 'SimpleImputer', 'strategy': 'mean'}. Best is trial 10 with value: 0.2610870349800028.
[I 2023-12-26 13:24:21,779] Trial 74 finished with value: 0.36419327211290003 and parameters: {'model_name': 'SimpleImputer', 'strategy': 'most_frequent'}. Best is trial 10 with value: 0.2610870349800028.
[I 2023-12-26 13:24:22,026] Trial 80 finished with value: 0.36419327211290003 and parameters: {'model_name': 'SimpleImputer', 'strategy': 'most_frequent'}. Best is trial 10 with value: 0.2610870349800028.
[I 2023-12-26 13:24:22,210] Trial 65 finished with value: 0.36419327211290003 and parameters: {'model_name': 'SimpleImputer', 'strategy': 'most_frequent'}. Best is trial 10 with value: 0.2610870349800028.
[I 2023-12-26 13:24:22,504] Trial 70 finished with value: 0.36419327211290003 and parameters: {'model_name': 'SimpleImputer', 'strategy': 'most_frequent'}. Best is trial 10 with value: 0.2610870349800028.
[I 2023-12-26 13:24:22,823] Trial 108 finished with value: 0.2610870349800028 and parameters: {'model_name': 'SimpleImputer', 'strategy': 'mean'}. Best is trial 10 with value: 0.2610870349800028.
[I 2023-12-26 13:24:23,049] Trial 76 finished with value: 0.36419327211290003 and parameters: {'model_name': 'SimpleImputer', 'strategy': 'most_frequent'}. Best is trial 10 with value: 0.2610870349800028.
[I 2023-12-26 13:24:23,299] Trial 68 finished with value: 0.36419327211290003 and parameters: {'model_name': 'SimpleImputer', 'strategy': 'most_frequent'}. Best is trial 10 with value: 0.2610870349800028.
[I 2023-12-26 13:24:23,560] Trial 84 finished with value: 0.36419327211290003 and parameters: {'model_name': 'SimpleImputer', 'strategy': 'most_frequent'}. Best is trial 10 with value: 0.2610870349800028.
[I 2023-12-26 13:24:23,768] Trial 109 finished with value: 0.2610870349800028 and parameters: {'model_name': 'SimpleImputer', 'strategy': 'mean'}. Best is trial 10 with value: 0.2610870349800028.
[I 2023-12-26 13:24:24,040] Trial 104 finished with value: 0.2610870349800028 and parameters: {'model_name': 'SimpleImputer', 'strategy': 'mean'}. Best is trial 10 with value: 0.2610870349800028.
[I 2023-12-26 13:24:24,273] Trial 113 finished with value: 0.2610870349800028 and parameters: {'model_name': 'SimpleImputer', 'strategy': 'mean'}. Best is trial 10 with value: 0.2610870349800028.
[I 2023-12-26 13:24:24,491] Trial 77 finished with value: 0.36419327211290003 and parameters: {'model_name': 'SimpleImputer', 'strategy': 'most_frequent'}. Best is trial 10 with value: 0.2610870349800028.
[I 2023-12-26 13:24:24,667] Trial 66 finished with value: 0.36419327211290003 and parameters: {'model_name': 'SimpleImputer', 'strategy': 'most_frequent'}. Best is trial 10 with value: 0.2610870349800028.
[I 2023-12-26 13:24:24,965] Trial 73 finished with value: 0.36419327211290003 and parameters: {'model_name': 'SimpleImputer', 'strategy': 'most_frequent'}. Best is trial 10 with value: 0.2610870349800028.
[I 2023-12-26 13:24:25,361] Trial 85 finished with value: 0.36419327211290003 and parameters: {'model_name': 'SimpleImputer', 'strategy': 'most_frequent'}. Best is trial 10 with value: 0.2610870349800028.
[I 2023-12-26 13:24:25,562] Trial 107 finished with value: 0.2610870349800028 and parameters: {'model_name': 'SimpleImputer', 'strategy': 'mean'}. Best is trial 10 with value: 0.2610870349800028.
[I 2023-12-26 13:24:25,741] Trial 67 finished with value: 0.36419327211290003 and parameters: {'model_name': 'SimpleImputer', 'strategy': 'most_frequent'}. Best is trial 10 with value: 0.2610870349800028.
[I 2023-12-26 13:24:25,928] Trial 81 finished with value: 0.36419327211290003 and parameters: {'model_name': 'SimpleImputer', 'strategy': 'most_frequent'}. Best is trial 10 with value: 0.2610870349800028.
[I 2023-12-26 13:24:26,154] Trial 110 finished with value: 0.2610870349800028 and parameters: {'model_name': 'SimpleImputer', 'strategy': 'mean'}. Best is trial 10 with value: 0.2610870349800028.
[I 2023-12-26 13:24:26,327] Trial 71 finished with value: 0.36419327211290003 and parameters: {'model_name': 'SimpleImputer', 'strategy': 'most_frequent'}. Best is trial 10 with value: 0.2610870349800028.
[I 2023-12-26 13:24:26,673] Trial 116 finished with value: 0.2610870349800028 and parameters: {'model_name': 'SimpleImputer', 'strategy': 'mean'}. Best is trial 10 with value: 0.2610870349800028.
[I 2023-12-26 13:24:26,858] Trial 115 finished with value: 0.2610870349800028 and parameters: {'model_name': 'SimpleImputer', 'strategy': 'mean'}. Best is trial 10 with value: 0.2610870349800028.
[I 2023-12-26 13:24:27,073] Trial 111 finished with value: 0.2610870349800028 and parameters: {'model_name': 'SimpleImputer', 'strategy': 'mean'}. Best is trial 10 with value: 0.2610870349800028.
[I 2023-12-26 13:24:27,277] Trial 112 finished with value: 0.2610870349800028 and parameters: {'model_name': 'SimpleImputer', 'strategy': 'mean'}. Best is trial 10 with value: 0.2610870349800028.
[I 2023-12-26 13:24:27,472] Trial 114 finished with value: 0.2610870349800028 and parameters: {'model_name': 'SimpleImputer', 'strategy': 'mean'}. Best is trial 10 with value: 0.2610870349800028.
[I 2023-12-26 13:24:27,727] Trial 69 finished with value: 0.36419327211290003 and parameters: {'model_name': 'SimpleImputer', 'strategy': 'most_frequent'}. Best is trial 10 with value: 0.2610870349800028.
[I 2023-12-26 13:24:27,970] Trial 82 finished with value: 0.36419327211290003 and parameters: {'model_name': 'SimpleImputer', 'strategy': 'most_frequent'}. Best is trial 10 with value: 0.2610870349800028.
[I 2023-12-26 13:24:28,201] Trial 78 finished with value: 0.36419327211290003 and parameters: {'model_name': 'SimpleImputer', 'strategy': 'most_frequent'}. Best is trial 10 with value: 0.2610870349800028.
[I 2023-12-26 13:24:28,382] Trial 75 finished with value: 0.36419327211290003 and parameters: {'model_name': 'SimpleImputer', 'strategy': 'most_frequent'}. Best is trial 10 with value: 0.2610870349800028.
[I 2023-12-26 13:24:28,619] Trial 118 finished with value: 0.2610870349800028 and parameters: {'model_name': 'SimpleImputer', 'strategy': 'mean'}. Best is trial 10 with value: 0.2610870349800028.
[I 2023-12-26 13:24:28,831] Trial 86 finished with value: 0.36419327211290003 and parameters: {'model_name': 'SimpleImputer', 'strategy': 'most_frequent'}. Best is trial 10 with value: 0.2610870349800028.
[I 2023-12-26 13:24:29,021] Trial 124 finished with value: 0.2610870349800028 and parameters: {'model_name': 'SimpleImputer', 'strategy': 'mean'}. Best is trial 10 with value: 0.2610870349800028.
[I 2023-12-26 13:24:29,338] Trial 87 finished with value: 0.36419327211290003 and parameters: {'model_name': 'SimpleImputer', 'strategy': 'most_frequent'}. Best is trial 10 with value: 0.2610870349800028.
[I 2023-12-26 13:24:29,626] Trial 125 finished with value: 0.2610870349800028 and parameters: {'model_name': 'SimpleImputer', 'strategy': 'mean'}. Best is trial 10 with value: 0.2610870349800028.
[I 2023-12-26 13:24:29,805] Trial 120 finished with value: 0.2610870349800028 and parameters: {'model_name': 'SimpleImputer', 'strategy': 'mean'}. Best is trial 10 with value: 0.2610870349800028.
[I 2023-12-26 13:24:30,048] Trial 119 finished with value: 0.2610870349800028 and parameters: {'model_name': 'SimpleImputer', 'strategy': 'mean'}. Best is trial 10 with value: 0.2610870349800028.
[I 2023-12-26 13:24:30,244] Trial 130 finished with value: 0.2610870349800028 and parameters: {'model_name': 'SimpleImputer', 'strategy': 'mean'}. Best is trial 10 with value: 0.2610870349800028.
[I 2023-12-26 13:24:30,475] Trial 121 finished with value: 0.2610870349800028 and parameters: {'model_name': 'SimpleImputer', 'strategy': 'mean'}. Best is trial 10 with value: 0.2610870349800028.
[I 2023-12-26 13:24:30,695] Trial 117 finished with value: 0.2610870349800028 and parameters: {'model_name': 'SimpleImputer', 'strategy': 'mean'}. Best is trial 10 with value: 0.2610870349800028.
[I 2023-12-26 13:24:30,911] Trial 129 finished with value: 0.2610870349800028 and parameters: {'model_name': 'SimpleImputer', 'strategy': 'mean'}. Best is trial 10 with value: 0.2610870349800028.
[I 2023-12-26 13:24:31,158] Trial 83 finished with value: 0.36419327211290003 and parameters: {'model_name': 'SimpleImputer', 'strategy': 'most_frequent'}. Best is trial 10 with value: 0.2610870349800028.
[I 2023-12-26 13:24:31,415] Trial 89 finished with value: 0.36419327211290003 and parameters: {'model_name': 'SimpleImputer', 'strategy': 'most_frequent'}. Best is trial 10 with value: 0.2610870349800028.
[I 2023-12-26 13:24:31,685] Trial 93 finished with value: 0.36419327211290003 and parameters: {'model_name': 'SimpleImputer', 'strategy': 'most_frequent'}. Best is trial 10 with value: 0.2610870349800028.
[I 2023-12-26 13:24:31,906] Trial 122 finished with value: 0.2610870349800028 and parameters: {'model_name': 'SimpleImputer', 'strategy': 'mean'}. Best is trial 10 with value: 0.2610870349800028.
[I 2023-12-26 13:24:31,932] Trial 123 finished with value: 0.2610870349800028 and parameters: {'model_name': 'SimpleImputer', 'strategy': 'mean'}. Best is trial 10 with value: 0.2610870349800028.
[I 2023-12-26 13:24:32,155] Trial 126 finished with value: 0.2610870349800028 and parameters: {'model_name': 'SimpleImputer', 'strategy': 'mean'}. Best is trial 10 with value: 0.2610870349800028.
[I 2023-12-26 13:24:32,361] Trial 132 finished with value: 0.2610870349800028 and parameters: {'model_name': 'SimpleImputer', 'strategy': 'mean'}. Best is trial 10 with value: 0.2610870349800028.
[I 2023-12-26 13:24:32,371] Trial 94 finished with value: 0.36419327211290003 and parameters: {'model_name': 'SimpleImputer', 'strategy': 'most_frequent'}. Best is trial 10 with value: 0.2610870349800028.
[I 2023-12-26 13:24:32,574] Trial 127 finished with value: 0.2610870349800028 and parameters: {'model_name': 'SimpleImputer', 'strategy': 'mean'}. Best is trial 10 with value: 0.2610870349800028.
[I 2023-12-26 13:24:33,038] Trial 92 finished with value: 0.36419327211290003 and parameters: {'model_name': 'SimpleImputer', 'strategy': 'most_frequent'}. Best is trial 10 with value: 0.2610870349800028.
[I 2023-12-26 13:24:33,578] Trial 90 finished with value: 0.36419327211290003 and parameters: {'model_name': 'SimpleImputer', 'strategy': 'most_frequent'}. Best is trial 10 with value: 0.2610870349800028.
[I 2023-12-26 13:24:33,844] Trial 88 finished with value: 0.36419327211290003 and parameters: {'model_name': 'SimpleImputer', 'strategy': 'most_frequent'}. Best is trial 10 with value: 0.2610870349800028.
[I 2023-12-26 13:24:34,084] Trial 128 finished with value: 0.2610870349800028 and parameters: {'model_name': 'SimpleImputer', 'strategy': 'mean'}. Best is trial 10 with value: 0.2610870349800028.
[I 2023-12-26 13:24:34,332] Trial 131 finished with value: 0.2610870349800028 and parameters: {'model_name': 'SimpleImputer', 'strategy': 'mean'}. Best is trial 10 with value: 0.2610870349800028.
[I 2023-12-26 13:24:34,692] Trial 135 finished with value: 0.2610870349800028 and parameters: {'model_name': 'SimpleImputer', 'strategy': 'mean'}. Best is trial 10 with value: 0.2610870349800028.
[I 2023-12-26 13:24:34,952] Trial 133 finished with value: 0.2610870349800028 and parameters: {'model_name': 'SimpleImputer', 'strategy': 'mean'}. Best is trial 10 with value: 0.2610870349800028.
[I 2023-12-26 13:24:35,162] Trial 140 finished with value: 0.2610870349800028 and parameters: {'model_name': 'SimpleImputer', 'strategy': 'mean'}. Best is trial 10 with value: 0.2610870349800028.
[I 2023-12-26 13:24:35,359] Trial 136 finished with value: 0.2610870349800028 and parameters: {'model_name': 'SimpleImputer', 'strategy': 'mean'}. Best is trial 10 with value: 0.2610870349800028.
[I 2023-12-26 13:24:35,559] Trial 141 finished with value: 0.2610870349800028 and parameters: {'model_name': 'SimpleImputer', 'strategy': 'mean'}. Best is trial 10 with value: 0.2610870349800028.
[I 2023-12-26 13:24:35,777] Trial 134 finished with value: 0.2610870349800028 and parameters: {'model_name': 'SimpleImputer', 'strategy': 'mean'}. Best is trial 10 with value: 0.2610870349800028.
[I 2023-12-26 13:24:35,954] Trial 95 finished with value: 0.36419327211290003 and parameters: {'model_name': 'SimpleImputer', 'strategy': 'most_frequent'}. Best is trial 10 with value: 0.2610870349800028.
[I 2023-12-26 13:24:36,141] Trial 142 finished with value: 0.2610870349800028 and parameters: {'model_name': 'SimpleImputer', 'strategy': 'mean'}. Best is trial 10 with value: 0.2610870349800028.
[I 2023-12-26 13:24:36,392] Trial 137 finished with value: 0.2610870349800028 and parameters: {'model_name': 'SimpleImputer', 'strategy': 'mean'}. Best is trial 10 with value: 0.2610870349800028.
[I 2023-12-26 13:24:36,678] Trial 139 finished with value: 0.2610870349800028 and parameters: {'model_name': 'SimpleImputer', 'strategy': 'mean'}. Best is trial 10 with value: 0.2610870349800028.
[I 2023-12-26 13:24:36,859] Trial 146 finished with value: 0.2610870349800028 and parameters: {'model_name': 'SimpleImputer', 'strategy': 'mean'}. Best is trial 10 with value: 0.2610870349800028.
[I 2023-12-26 13:24:37,033] Trial 148 finished with value: 0.2610870349800028 and parameters: {'model_name': 'SimpleImputer', 'strategy': 'mean'}. Best is trial 10 with value: 0.2610870349800028.
[I 2023-12-26 13:24:37,200] Trial 144 finished with value: 0.2610870349800028 and parameters: {'model_name': 'SimpleImputer', 'strategy': 'mean'}. Best is trial 10 with value: 0.2610870349800028.
[I 2023-12-26 13:24:37,364] Trial 150 finished with value: 0.2610870349800028 and parameters: {'model_name': 'SimpleImputer', 'strategy': 'mean'}. Best is trial 10 with value: 0.2610870349800028.
[I 2023-12-26 13:24:37,562] Trial 96 finished with value: 0.36419327211290003 and parameters: {'model_name': 'SimpleImputer', 'strategy': 'most_frequent'}. Best is trial 10 with value: 0.2610870349800028.
[I 2023-12-26 13:24:37,724] Trial 138 finished with value: 0.2610870349800028 and parameters: {'model_name': 'SimpleImputer', 'strategy': 'mean'}. Best is trial 10 with value: 0.2610870349800028.
[I 2023-12-26 13:24:37,940] Trial 147 finished with value: 0.2610870349800028 and parameters: {'model_name': 'SimpleImputer', 'strategy': 'mean'}. Best is trial 10 with value: 0.2610870349800028.
[I 2023-12-26 13:24:38,107] Trial 143 finished with value: 0.2610870349800028 and parameters: {'model_name': 'SimpleImputer', 'strategy': 'mean'}. Best is trial 10 with value: 0.2610870349800028.
[I 2023-12-26 13:24:38,322] Trial 145 finished with value: 0.2610870349800028 and parameters: {'model_name': 'SimpleImputer', 'strategy': 'mean'}. Best is trial 10 with value: 0.2610870349800028.
[I 2023-12-26 13:24:38,482] Trial 152 finished with value: 0.2610870349800028 and parameters: {'model_name': 'SimpleImputer', 'strategy': 'mean'}. Best is trial 10 with value: 0.2610870349800028.
[I 2023-12-26 13:24:38,662] Trial 149 finished with value: 0.2610870349800028 and parameters: {'model_name': 'SimpleImputer', 'strategy': 'mean'}. Best is trial 10 with value: 0.2610870349800028.
[I 2023-12-26 13:24:38,972] Trial 155 finished with value: 0.2610870349800028 and parameters: {'model_name': 'SimpleImputer', 'strategy': 'mean'}. Best is trial 10 with value: 0.2610870349800028.
[I 2023-12-26 13:24:39,379] Trial 166 finished with value: 0.36419327211290003 and parameters: {'model_name': 'SimpleImputer', 'strategy': 'constant'}. Best is trial 10 with value: 0.2610870349800028.
[I 2023-12-26 13:24:39,600] Trial 151 finished with value: 0.2610870349800028 and parameters: {'model_name': 'SimpleImputer', 'strategy': 'mean'}. Best is trial 10 with value: 0.2610870349800028.
[I 2023-12-26 13:24:39,775] Trial 97 finished with value: 0.36419327211290003 and parameters: {'model_name': 'SimpleImputer', 'strategy': 'most_frequent'}. Best is trial 10 with value: 0.2610870349800028.
[I 2023-12-26 13:24:40,042] Trial 157 finished with value: 0.2610870349800028 and parameters: {'model_name': 'SimpleImputer', 'strategy': 'mean'}. Best is trial 10 with value: 0.2610870349800028.
[I 2023-12-26 13:24:40,288] Trial 156 finished with value: 0.2610870349800028 and parameters: {'model_name': 'SimpleImputer', 'strategy': 'mean'}. Best is trial 10 with value: 0.2610870349800028.
[I 2023-12-26 13:24:40,463] Trial 154 finished with value: 0.2610870349800028 and parameters: {'model_name': 'SimpleImputer', 'strategy': 'mean'}. Best is trial 10 with value: 0.2610870349800028.
[I 2023-12-26 13:24:40,752] Trial 153 finished with value: 0.2610870349800028 and parameters: {'model_name': 'SimpleImputer', 'strategy': 'mean'}. Best is trial 10 with value: 0.2610870349800028.
[I 2023-12-26 13:24:41,092] Trial 161 finished with value: 0.2610870349800028 and parameters: {'model_name': 'SimpleImputer', 'strategy': 'mean'}. Best is trial 10 with value: 0.2610870349800028.
[I 2023-12-26 13:24:41,285] Trial 159 finished with value: 0.2610870349800028 and parameters: {'model_name': 'SimpleImputer', 'strategy': 'mean'}. Best is trial 10 with value: 0.2610870349800028.
[I 2023-12-26 13:24:41,661] Trial 178 finished with value: 0.36419327211290003 and parameters: {'model_name': 'SimpleImputer', 'strategy': 'constant'}. Best is trial 10 with value: 0.2610870349800028.
[I 2023-12-26 13:24:41,959] Trial 163 finished with value: 0.2610870349800028 and parameters: {'model_name': 'SimpleImputer', 'strategy': 'mean'}. Best is trial 10 with value: 0.2610870349800028.
[I 2023-12-26 13:24:42,136] Trial 160 finished with value: 0.2610870349800028 and parameters: {'model_name': 'SimpleImputer', 'strategy': 'mean'}. Best is trial 10 with value: 0.2610870349800028.
[I 2023-12-26 13:24:42,472] Trial 182 finished with value: 0.36419327211290003 and parameters: {'model_name': 'SimpleImputer', 'strategy': 'constant'}. Best is trial 10 with value: 0.2610870349800028.
[I 2023-12-26 13:24:42,679] Trial 181 finished with value: 0.36419327211290003 and parameters: {'model_name': 'SimpleImputer', 'strategy': 'constant'}. Best is trial 10 with value: 0.2610870349800028.
[I 2023-12-26 13:24:42,844] Trial 184 finished with value: 0.36419327211290003 and parameters: {'model_name': 'SimpleImputer', 'strategy': 'constant'}. Best is trial 10 with value: 0.2610870349800028.
[I 2023-12-26 13:24:43,115] Trial 162 finished with value: 0.2610870349800028 and parameters: {'model_name': 'SimpleImputer', 'strategy': 'mean'}. Best is trial 10 with value: 0.2610870349800028.
[I 2023-12-26 13:24:43,362] Trial 158 finished with value: 0.2610870349800028 and parameters: {'model_name': 'SimpleImputer', 'strategy': 'mean'}. Best is trial 10 with value: 0.2610870349800028.
[I 2023-12-26 13:24:43,634] Trial 187 finished with value: 0.36419327211290003 and parameters: {'model_name': 'SimpleImputer', 'strategy': 'constant'}. Best is trial 10 with value: 0.2610870349800028.
[I 2023-12-26 13:24:43,834] Trial 172 finished with value: 0.36419327211290003 and parameters: {'model_name': 'SimpleImputer', 'strategy': 'constant'}. Best is trial 10 with value: 0.2610870349800028.
[I 2023-12-26 13:24:44,166] Trial 189 finished with value: 0.36419327211290003 and parameters: {'model_name': 'SimpleImputer', 'strategy': 'constant'}. Best is trial 10 with value: 0.2610870349800028.
[I 2023-12-26 13:24:44,365] Trial 165 finished with value: 0.2610870349800028 and parameters: {'model_name': 'SimpleImputer', 'strategy': 'mean'}. Best is trial 10 with value: 0.2610870349800028.
[I 2023-12-26 13:24:44,622] Trial 173 finished with value: 0.36419327211290003 and parameters: {'model_name': 'SimpleImputer', 'strategy': 'constant'}. Best is trial 10 with value: 0.2610870349800028.
[I 2023-12-26 13:24:44,856] Trial 164 finished with value: 0.2610870349800028 and parameters: {'model_name': 'SimpleImputer', 'strategy': 'mean'}. Best is trial 10 with value: 0.2610870349800028.
[I 2023-12-26 13:24:45,110] Trial 169 finished with value: 0.36419327211290003 and parameters: {'model_name': 'SimpleImputer', 'strategy': 'constant'}. Best is trial 10 with value: 0.2610870349800028.
[I 2023-12-26 13:24:45,366] Trial 183 finished with value: 0.36419327211290003 and parameters: {'model_name': 'SimpleImputer', 'strategy': 'constant'}. Best is trial 10 with value: 0.2610870349800028.
[I 2023-12-26 13:24:45,603] Trial 192 finished with value: 0.36419327211290003 and parameters: {'model_name': 'SimpleImputer', 'strategy': 'constant'}. Best is trial 10 with value: 0.2610870349800028.
[I 2023-12-26 13:24:45,794] Trial 191 finished with value: 0.2610870349800028 and parameters: {'model_name': 'SimpleImputer', 'strategy': 'mean'}. Best is trial 10 with value: 0.2610870349800028.
[I 2023-12-26 13:24:45,981] Trial 176 finished with value: 0.36419327211290003 and parameters: {'model_name': 'SimpleImputer', 'strategy': 'constant'}. Best is trial 10 with value: 0.2610870349800028.
[I 2023-12-26 13:24:46,314] Trial 179 finished with value: 0.36419327211290003 and parameters: {'model_name': 'SimpleImputer', 'strategy': 'constant'}. Best is trial 10 with value: 0.2610870349800028.
[I 2023-12-26 13:24:46,564] Trial 194 finished with value: 0.36419327211290003 and parameters: {'model_name': 'SimpleImputer', 'strategy': 'constant'}. Best is trial 10 with value: 0.2610870349800028.
[I 2023-12-26 13:24:46,759] Trial 171 finished with value: 0.36419327211290003 and parameters: {'model_name': 'SimpleImputer', 'strategy': 'constant'}. Best is trial 10 with value: 0.2610870349800028.
[I 2023-12-26 13:24:46,941] Trial 170 finished with value: 0.2610870349800028 and parameters: {'model_name': 'SimpleImputer', 'strategy': 'mean'}. Best is trial 10 with value: 0.2610870349800028.
[I 2023-12-26 13:24:47,205] Trial 177 finished with value: 0.36419327211290003 and parameters: {'model_name': 'SimpleImputer', 'strategy': 'constant'}. Best is trial 10 with value: 0.2610870349800028.
[I 2023-12-26 13:24:47,419] Trial 167 finished with value: 0.36419327211290003 and parameters: {'model_name': 'SimpleImputer', 'strategy': 'constant'}. Best is trial 10 with value: 0.2610870349800028.
[I 2023-12-26 13:24:47,440] Trial 196 finished with value: 0.2610870349800028 and parameters: {'model_name': 'SimpleImputer', 'strategy': 'mean'}. Best is trial 10 with value: 0.2610870349800028.
[I 2023-12-26 13:24:47,680] Trial 190 finished with value: 0.36419327211290003 and parameters: {'model_name': 'SimpleImputer', 'strategy': 'constant'}. Best is trial 10 with value: 0.2610870349800028.
[I 2023-12-26 13:24:48,046] Trial 174 finished with value: 0.36419327211290003 and parameters: {'model_name': 'SimpleImputer', 'strategy': 'constant'}. Best is trial 10 with value: 0.2610870349800028.
[I 2023-12-26 13:24:48,050] Trial 186 finished with value: 0.36419327211290003 and parameters: {'model_name': 'SimpleImputer', 'strategy': 'constant'}. Best is trial 10 with value: 0.2610870349800028.
[I 2023-12-26 13:24:48,053] Trial 168 finished with value: 0.36419327211290003 and parameters: {'model_name': 'SimpleImputer', 'strategy': 'constant'}. Best is trial 10 with value: 0.2610870349800028.
[I 2023-12-26 13:24:48,056] Trial 188 finished with value: 0.36419327211290003 and parameters: {'model_name': 'SimpleImputer', 'strategy': 'constant'}. Best is trial 10 with value: 0.2610870349800028.
[I 2023-12-26 13:24:48,057] Trial 195 finished with value: 0.36419327211290003 and parameters: {'model_name': 'SimpleImputer', 'strategy': 'constant'}. Best is trial 10 with value: 0.2610870349800028.
[I 2023-12-26 13:24:48,472] Trial 180 finished with value: 0.2610870349800028 and parameters: {'model_name': 'SimpleImputer', 'strategy': 'mean'}. Best is trial 10 with value: 0.2610870349800028.
[I 2023-12-26 13:24:49,518] Trial 193 finished with value: 0.36419327211290003 and parameters: {'model_name': 'SimpleImputer', 'strategy': 'constant'}. Best is trial 10 with value: 0.2610870349800028.
[I 2023-12-26 13:24:49,727] Trial 198 finished with value: 0.2610870349800028 and parameters: {'model_name': 'SimpleImputer', 'strategy': 'mean'}. Best is trial 10 with value: 0.2610870349800028.
[I 2023-12-26 13:24:49,951] Trial 197 finished with value: 0.2610870349800028 and parameters: {'model_name': 'SimpleImputer', 'strategy': 'mean'}. Best is trial 10 with value: 0.2610870349800028.
[I 2023-12-26 13:24:50,160] Trial 185 finished with value: 0.2610870349800028 and parameters: {'model_name': 'SimpleImputer', 'strategy': 'mean'}. Best is trial 10 with value: 0.2610870349800028.
[I 2023-12-26 13:24:50,357] Trial 199 finished with value: 0.2610870349800028 and parameters: {'model_name': 'SimpleImputer', 'strategy': 'mean'}. Best is trial 10 with value: 0.2610870349800028.
[I 2023-12-26 13:24:50,533] Trial 175 finished with value: 0.2610870349800028 and parameters: {'model_name': 'SimpleImputer', 'strategy': 'mean'}. Best is trial 10 with value: 0.2610870349800028.
simple fit
simple transform
            0  ...         9
0    0.620000  ...  0.000000
1    0.525241  ...  0.359533
2    0.525241  ...  0.359533
3    0.525241  ...  0.359533
4    0.695000  ...  0.359533
..        ...  ...       ...
413  0.525241  ...  1.000000
414  0.550000  ...  0.000000
415  0.525241  ...  0.000000
416  0.680000  ...  0.000000
417  0.545000  ...  1.000000

[418 rows x 10 columns]
0.2610870349800028
{'model_name': 'SimpleImputer', 'strategy': 'mean'}
running experiment 2/3 - Does reconstruction give good automl predictions
Start est fit
