Run: 5
/cm/local/apps/slurm/var/spool/job598276/slurm_script: line 23: /common/ketrong/minconda3/etc/profile.d/conda.sh: No such file or directory
/cm/local/apps/slurm/var/spool/job598276/slurm_script: line 26: $'\nconda create --name tpot2devenv -c conda-forge python=3.10\n': command not found
/cm/local/apps/slurm/var/spool/job598276/slurm_script: line 31: $'\npip install -r requirements.txt\n': command not found
RunStart
2024-01-09 18:04:22.264972: I tensorflow/core/util/port.cc:113] oneDNN custom operations are on. You may see slightly different numerical results due to floating-point round-off errors from different computation orders. To turn them off, set the environment variable `TF_ENABLE_ONEDNN_OPTS=0`.
2024-01-09 18:04:22.299693: E external/local_xla/xla/stream_executor/cuda/cuda_dnn.cc:9261] Unable to register cuDNN factory: Attempting to register factory for plugin cuDNN when one has already been registered
2024-01-09 18:04:22.299716: E external/local_xla/xla/stream_executor/cuda/cuda_fft.cc:607] Unable to register cuFFT factory: Attempting to register factory for plugin cuFFT when one has already been registered
2024-01-09 18:04:22.300833: E external/local_xla/xla/stream_executor/cuda/cuda_blas.cc:1515] Unable to register cuBLAS factory: Attempting to register factory for plugin cuBLAS when one has already been registered
2024-01-09 18:04:22.306319: I tensorflow/core/platform/cpu_feature_guard.cc:182] This TensorFlow binary is optimized to use available CPU instructions in performance-critical operations.
To enable the following instructions: AVX2 AVX512F AVX512_VNNI FMA, in other operations, rebuild TensorFlow with the appropriate compiler flags.
2024-01-09 18:04:24.248098: W tensorflow/compiler/tf2tensorrt/utils/py_utils.cc:38] TF-TRT Warning: Could not find TensorRT
WARNING:tensorflow:From /home/ketrong/miniconda3/envs/tpot2devenv/lib/python3.10/site-packages/tensorflow/python/compat/v2_compat.py:108: disable_resource_variables (from tensorflow.python.ops.variable_scope) is deprecated and will be removed in a future version.
Instructions for updating:
non-resource variables are not supported in the long term
starting loops
working on 
logs/9942/tpot2_base_normal_MCAR_0.9
0.8664894104003906
loading data
logs/9942/tpot2_base_normal_MCAR_0.9/data/9942_True.pkl
WARNING:openml.datasets.functions:Could not download file from https://openml1.win.tue.nl/datasets/0000/1526/dataset_1526.pq: [Errno 2] No such file or directory: '/home/ketrong/.cache/openml/org/openml/www/datasets/1526/dataset_1526.pq.cf4cb81c2fca78644c4ee4842c587d21.part.minio' -> '/home/ketrong/.cache/openml/org/openml/www/datasets/1526/dataset_1526.pq'
WARNING:openml.datasets.functions:Failed to download parquet, fallback on ARFF.
WARNING:openml.datasets.functions:Could not download file from https://openml1.win.tue.nl/datasets/0000/1526/dataset_1526.pq: [Errno 2] No such file or directory: '/home/ketrong/.cache/openml/org/openml/www/datasets/1526/dataset_1526.pq.cf4cb81c2fca78644c4ee4842c587d21.part.minio' -> '/home/ketrong/.cache/openml/org/openml/www/datasets/1526/dataset_1526.pq'
WARNING:openml.datasets.functions:Failed to download parquet, fallback on ARFF.
running experiment 1/3 - Does large hyperparameter space improve reconstruction accuracy over simple
[I 2024-01-09 18:04:43,186] A new study created in memory with name: no-name-b6d0a5bf-8e99-4f8c-8fa7-cde28b6e7fc9
[I 2024-01-09 18:04:43,440] Trial 4 finished with value: 0.39995444377426603 and parameters: {'model_name': 'SimpleImputer', 'strategy': 'constant'}. Best is trial 4 with value: 0.39995444377426603.
[I 2024-01-09 18:04:43,661] Trial 5 finished with value: 0.39995444377426603 and parameters: {'model_name': 'SimpleImputer', 'strategy': 'constant'}. Best is trial 4 with value: 0.39995444377426603.
[I 2024-01-09 18:04:43,891] Trial 7 finished with value: 0.39995444377426603 and parameters: {'model_name': 'SimpleImputer', 'strategy': 'constant'}. Best is trial 4 with value: 0.39995444377426603.
[I 2024-01-09 18:04:44,155] Trial 2 finished with value: 0.3652532055441163 and parameters: {'model_name': 'SimpleImputer', 'strategy': 'mean'}. Best is trial 2 with value: 0.3652532055441163.
[I 2024-01-09 18:04:44,314] Trial 10 finished with value: 0.39995444377426603 and parameters: {'model_name': 'SimpleImputer', 'strategy': 'constant'}. Best is trial 2 with value: 0.3652532055441163.
[I 2024-01-09 18:04:44,494] Trial 0 finished with value: 0.3652532055441163 and parameters: {'model_name': 'SimpleImputer', 'strategy': 'mean'}. Best is trial 2 with value: 0.3652532055441163.
[I 2024-01-09 18:04:44,811] Trial 22 finished with value: 0.39995444377426603 and parameters: {'model_name': 'SimpleImputer', 'strategy': 'constant'}. Best is trial 2 with value: 0.3652532055441163.
[I 2024-01-09 18:04:45,106] Trial 11 finished with value: 0.3652532055441163 and parameters: {'model_name': 'SimpleImputer', 'strategy': 'mean'}. Best is trial 2 with value: 0.3652532055441163.
[I 2024-01-09 18:04:45,393] Trial 24 finished with value: 0.39995444377426603 and parameters: {'model_name': 'SimpleImputer', 'strategy': 'constant'}. Best is trial 2 with value: 0.3652532055441163.
[I 2024-01-09 18:04:45,614] Trial 30 finished with value: 0.39995444377426603 and parameters: {'model_name': 'SimpleImputer', 'strategy': 'constant'}. Best is trial 2 with value: 0.3652532055441163.
[I 2024-01-09 18:04:45,840] Trial 20 finished with value: 0.3652532055441163 and parameters: {'model_name': 'SimpleImputer', 'strategy': 'mean'}. Best is trial 2 with value: 0.3652532055441163.
[I 2024-01-09 18:04:46,039] Trial 15 finished with value: 0.3652532055441163 and parameters: {'model_name': 'SimpleImputer', 'strategy': 'mean'}. Best is trial 2 with value: 0.3652532055441163.
[I 2024-01-09 18:04:46,193] Trial 23 finished with value: 0.39995444377426603 and parameters: {'model_name': 'SimpleImputer', 'strategy': 'constant'}. Best is trial 2 with value: 0.3652532055441163.
[I 2024-01-09 18:04:46,416] Trial 21 finished with value: 0.3652532055441163 and parameters: {'model_name': 'SimpleImputer', 'strategy': 'mean'}. Best is trial 2 with value: 0.3652532055441163.
[I 2024-01-09 18:04:46,617] Trial 17 finished with value: 0.3652532055441163 and parameters: {'model_name': 'SimpleImputer', 'strategy': 'mean'}. Best is trial 2 with value: 0.3652532055441163.
[I 2024-01-09 18:04:46,642] Trial 38 finished with value: 0.39995444377426603 and parameters: {'model_name': 'SimpleImputer', 'strategy': 'constant'}. Best is trial 2 with value: 0.3652532055441163.
[I 2024-01-09 18:04:46,996] Trial 1 finished with value: 0.39995444377426603 and parameters: {'model_name': 'SimpleImputer', 'strategy': 'median'}. Best is trial 2 with value: 0.3652532055441163.
[I 2024-01-09 18:04:47,182] Trial 27 finished with value: 0.3652532055441163 and parameters: {'model_name': 'SimpleImputer', 'strategy': 'mean'}. Best is trial 2 with value: 0.3652532055441163.
[I 2024-01-09 18:04:47,335] Trial 29 finished with value: 0.3652532055441163 and parameters: {'model_name': 'SimpleImputer', 'strategy': 'mean'}. Best is trial 2 with value: 0.3652532055441163.
[I 2024-01-09 18:04:47,591] Trial 28 finished with value: 0.3652532055441163 and parameters: {'model_name': 'SimpleImputer', 'strategy': 'mean'}. Best is trial 2 with value: 0.3652532055441163.
[I 2024-01-09 18:04:47,785] Trial 36 finished with value: 0.3652532055441163 and parameters: {'model_name': 'SimpleImputer', 'strategy': 'mean'}. Best is trial 2 with value: 0.3652532055441163.
[I 2024-01-09 18:04:47,944] Trial 39 finished with value: 0.39995444377426603 and parameters: {'model_name': 'SimpleImputer', 'strategy': 'constant'}. Best is trial 2 with value: 0.3652532055441163.
[I 2024-01-09 18:04:48,130] Trial 6 finished with value: 0.39995444377426603 and parameters: {'model_name': 'SimpleImputer', 'strategy': 'median'}. Best is trial 2 with value: 0.3652532055441163.
[I 2024-01-09 18:04:48,432] Trial 40 finished with value: 0.39995444377426603 and parameters: {'model_name': 'SimpleImputer', 'strategy': 'constant'}. Best is trial 2 with value: 0.3652532055441163.
[I 2024-01-09 18:04:48,599] Trial 14 finished with value: 0.39995444377426603 and parameters: {'model_name': 'SimpleImputer', 'strategy': 'median'}. Best is trial 2 with value: 0.3652532055441163.
[I 2024-01-09 18:04:48,882] Trial 41 finished with value: 0.39995444377426603 and parameters: {'model_name': 'SimpleImputer', 'strategy': 'constant'}. Best is trial 2 with value: 0.3652532055441163.
[I 2024-01-09 18:04:49,112] Trial 3 finished with value: 0.39995444377426603 and parameters: {'model_name': 'SimpleImputer', 'strategy': 'most_frequent'}. Best is trial 2 with value: 0.3652532055441163.
[I 2024-01-09 18:04:49,319] Trial 9 finished with value: 0.39995444377426603 and parameters: {'model_name': 'SimpleImputer', 'strategy': 'median'}. Best is trial 2 with value: 0.3652532055441163.
[I 2024-01-09 18:04:49,514] Trial 13 finished with value: 0.39995444377426603 and parameters: {'model_name': 'SimpleImputer', 'strategy': 'median'}. Best is trial 2 with value: 0.3652532055441163.
[I 2024-01-09 18:04:49,678] Trial 8 finished with value: 0.39995444377426603 and parameters: {'model_name': 'SimpleImputer', 'strategy': 'most_frequent'}. Best is trial 2 with value: 0.3652532055441163.
[I 2024-01-09 18:04:49,922] Trial 19 finished with value: 0.39995444377426603 and parameters: {'model_name': 'SimpleImputer', 'strategy': 'most_frequent'}. Best is trial 2 with value: 0.3652532055441163.
[I 2024-01-09 18:04:50,219] Trial 37 finished with value: 0.39995444377426603 and parameters: {'model_name': 'SimpleImputer', 'strategy': 'median'}. Best is trial 2 with value: 0.3652532055441163.
[I 2024-01-09 18:04:50,413] Trial 12 finished with value: 0.39995444377426603 and parameters: {'model_name': 'SimpleImputer', 'strategy': 'most_frequent'}. Best is trial 2 with value: 0.3652532055441163.
[I 2024-01-09 18:04:50,605] Trial 16 finished with value: 0.39995444377426603 and parameters: {'model_name': 'SimpleImputer', 'strategy': 'median'}. Best is trial 2 with value: 0.3652532055441163.
[I 2024-01-09 18:04:50,780] Trial 26 finished with value: 0.39995444377426603 and parameters: {'model_name': 'SimpleImputer', 'strategy': 'median'}. Best is trial 2 with value: 0.3652532055441163.
[I 2024-01-09 18:04:50,971] Trial 25 finished with value: 0.39995444377426603 and parameters: {'model_name': 'SimpleImputer', 'strategy': 'median'}. Best is trial 2 with value: 0.3652532055441163.
[I 2024-01-09 18:04:51,200] Trial 33 finished with value: 0.39995444377426603 and parameters: {'model_name': 'SimpleImputer', 'strategy': 'median'}. Best is trial 2 with value: 0.3652532055441163.
[I 2024-01-09 18:04:51,352] Trial 42 finished with value: 0.39995444377426603 and parameters: {'model_name': 'SimpleImputer', 'strategy': 'median'}. Best is trial 2 with value: 0.3652532055441163.
[I 2024-01-09 18:04:51,648] Trial 46 finished with value: 0.39995444377426603 and parameters: {'model_name': 'SimpleImputer', 'strategy': 'median'}. Best is trial 2 with value: 0.3652532055441163.
[I 2024-01-09 18:04:51,816] Trial 47 finished with value: 0.39995444377426603 and parameters: {'model_name': 'SimpleImputer', 'strategy': 'median'}. Best is trial 2 with value: 0.3652532055441163.
[I 2024-01-09 18:04:51,999] Trial 50 finished with value: 0.39995444377426603 and parameters: {'model_name': 'SimpleImputer', 'strategy': 'median'}. Best is trial 2 with value: 0.3652532055441163.
[I 2024-01-09 18:04:52,210] Trial 32 finished with value: 0.39995444377426603 and parameters: {'model_name': 'SimpleImputer', 'strategy': 'most_frequent'}. Best is trial 2 with value: 0.3652532055441163.
[I 2024-01-09 18:04:52,445] Trial 18 finished with value: 0.39995444377426603 and parameters: {'model_name': 'SimpleImputer', 'strategy': 'most_frequent'}. Best is trial 2 with value: 0.3652532055441163.
[I 2024-01-09 18:04:52,657] Trial 45 finished with value: 0.39995444377426603 and parameters: {'model_name': 'SimpleImputer', 'strategy': 'median'}. Best is trial 2 with value: 0.3652532055441163.
[I 2024-01-09 18:04:52,810] Trial 31 finished with value: 0.39995444377426603 and parameters: {'model_name': 'SimpleImputer', 'strategy': 'most_frequent'}. Best is trial 2 with value: 0.3652532055441163.
[I 2024-01-09 18:04:52,976] Trial 48 finished with value: 0.39995444377426603 and parameters: {'model_name': 'SimpleImputer', 'strategy': 'median'}. Best is trial 2 with value: 0.3652532055441163.
[I 2024-01-09 18:04:53,415] Trial 34 finished with value: 0.39995444377426603 and parameters: {'model_name': 'SimpleImputer', 'strategy': 'most_frequent'}. Best is trial 2 with value: 0.3652532055441163.
[I 2024-01-09 18:04:53,577] Trial 35 finished with value: 0.39995444377426603 and parameters: {'model_name': 'SimpleImputer', 'strategy': 'most_frequent'}. Best is trial 2 with value: 0.3652532055441163.
[I 2024-01-09 18:04:53,828] Trial 44 finished with value: 0.39995444377426603 and parameters: {'model_name': 'SimpleImputer', 'strategy': 'most_frequent'}. Best is trial 2 with value: 0.3652532055441163.
[I 2024-01-09 18:04:53,986] Trial 43 finished with value: 0.39995444377426603 and parameters: {'model_name': 'SimpleImputer', 'strategy': 'most_frequent'}. Best is trial 2 with value: 0.3652532055441163.
[I 2024-01-09 18:04:54,191] Trial 70 finished with value: 0.3652532055441163 and parameters: {'model_name': 'SimpleImputer', 'strategy': 'mean'}. Best is trial 2 with value: 0.3652532055441163.
[I 2024-01-09 18:04:54,339] Trial 49 finished with value: 0.39995444377426603 and parameters: {'model_name': 'SimpleImputer', 'strategy': 'most_frequent'}. Best is trial 2 with value: 0.3652532055441163.
[I 2024-01-09 18:04:54,506] Trial 69 finished with value: 0.3652532055441163 and parameters: {'model_name': 'SimpleImputer', 'strategy': 'mean'}. Best is trial 2 with value: 0.3652532055441163.
[I 2024-01-09 18:04:54,780] Trial 71 finished with value: 0.3652532055441163 and parameters: {'model_name': 'SimpleImputer', 'strategy': 'mean'}. Best is trial 2 with value: 0.3652532055441163.
[I 2024-01-09 18:04:54,940] Trial 73 finished with value: 0.3652532055441163 and parameters: {'model_name': 'SimpleImputer', 'strategy': 'mean'}. Best is trial 2 with value: 0.3652532055441163.
[I 2024-01-09 18:04:55,091] Trial 76 finished with value: 0.3652532055441163 and parameters: {'model_name': 'SimpleImputer', 'strategy': 'mean'}. Best is trial 2 with value: 0.3652532055441163.
[I 2024-01-09 18:04:55,257] Trial 75 finished with value: 0.3652532055441163 and parameters: {'model_name': 'SimpleImputer', 'strategy': 'mean'}. Best is trial 2 with value: 0.3652532055441163.
[I 2024-01-09 18:04:55,437] Trial 74 finished with value: 0.3652532055441163 and parameters: {'model_name': 'SimpleImputer', 'strategy': 'mean'}. Best is trial 2 with value: 0.3652532055441163.
[I 2024-01-09 18:04:55,665] Trial 77 finished with value: 0.3652532055441163 and parameters: {'model_name': 'SimpleImputer', 'strategy': 'mean'}. Best is trial 2 with value: 0.3652532055441163.
[I 2024-01-09 18:04:55,830] Trial 54 finished with value: 0.39995444377426603 and parameters: {'model_name': 'SimpleImputer', 'strategy': 'most_frequent'}. Best is trial 2 with value: 0.3652532055441163.
[I 2024-01-09 18:04:56,018] Trial 72 finished with value: 0.3652532055441163 and parameters: {'model_name': 'SimpleImputer', 'strategy': 'mean'}. Best is trial 2 with value: 0.3652532055441163.
[I 2024-01-09 18:04:56,173] Trial 80 finished with value: 0.3652532055441163 and parameters: {'model_name': 'SimpleImputer', 'strategy': 'mean'}. Best is trial 2 with value: 0.3652532055441163.
[I 2024-01-09 18:04:56,322] Trial 79 finished with value: 0.3652532055441163 and parameters: {'model_name': 'SimpleImputer', 'strategy': 'mean'}. Best is trial 2 with value: 0.3652532055441163.
[I 2024-01-09 18:04:56,483] Trial 82 finished with value: 0.3652532055441163 and parameters: {'model_name': 'SimpleImputer', 'strategy': 'mean'}. Best is trial 2 with value: 0.3652532055441163.
[I 2024-01-09 18:04:56,705] Trial 81 finished with value: 0.3652532055441163 and parameters: {'model_name': 'SimpleImputer', 'strategy': 'mean'}. Best is trial 2 with value: 0.3652532055441163.
[I 2024-01-09 18:04:56,913] Trial 83 finished with value: 0.3652532055441163 and parameters: {'model_name': 'SimpleImputer', 'strategy': 'mean'}. Best is trial 2 with value: 0.3652532055441163.
[I 2024-01-09 18:04:57,068] Trial 78 finished with value: 0.3652532055441163 and parameters: {'model_name': 'SimpleImputer', 'strategy': 'mean'}. Best is trial 2 with value: 0.3652532055441163.
[I 2024-01-09 18:04:57,299] Trial 53 finished with value: 0.39995444377426603 and parameters: {'model_name': 'SimpleImputer', 'strategy': 'most_frequent'}. Best is trial 2 with value: 0.3652532055441163.
[I 2024-01-09 18:04:57,448] Trial 85 finished with value: 0.3652532055441163 and parameters: {'model_name': 'SimpleImputer', 'strategy': 'mean'}. Best is trial 2 with value: 0.3652532055441163.
[I 2024-01-09 18:04:57,641] Trial 51 finished with value: 0.39995444377426603 and parameters: {'model_name': 'SimpleImputer', 'strategy': 'most_frequent'}. Best is trial 2 with value: 0.3652532055441163.
[I 2024-01-09 18:04:57,823] Trial 87 finished with value: 0.3652532055441163 and parameters: {'model_name': 'SimpleImputer', 'strategy': 'mean'}. Best is trial 2 with value: 0.3652532055441163.
[I 2024-01-09 18:04:58,040] Trial 57 finished with value: 0.39995444377426603 and parameters: {'model_name': 'SimpleImputer', 'strategy': 'most_frequent'}. Best is trial 2 with value: 0.3652532055441163.
[I 2024-01-09 18:04:58,290] Trial 63 finished with value: 0.39995444377426603 and parameters: {'model_name': 'SimpleImputer', 'strategy': 'most_frequent'}. Best is trial 2 with value: 0.3652532055441163.
[I 2024-01-09 18:04:58,509] Trial 91 finished with value: 0.3652532055441163 and parameters: {'model_name': 'SimpleImputer', 'strategy': 'mean'}. Best is trial 2 with value: 0.3652532055441163.
[I 2024-01-09 18:04:58,685] Trial 88 finished with value: 0.3652532055441163 and parameters: {'model_name': 'SimpleImputer', 'strategy': 'mean'}. Best is trial 2 with value: 0.3652532055441163.
[I 2024-01-09 18:04:58,865] Trial 89 finished with value: 0.3652532055441163 and parameters: {'model_name': 'SimpleImputer', 'strategy': 'mean'}. Best is trial 2 with value: 0.3652532055441163.
[I 2024-01-09 18:04:59,014] Trial 59 finished with value: 0.39995444377426603 and parameters: {'model_name': 'SimpleImputer', 'strategy': 'most_frequent'}. Best is trial 2 with value: 0.3652532055441163.
[I 2024-01-09 18:04:59,212] Trial 84 finished with value: 0.3652532055441163 and parameters: {'model_name': 'SimpleImputer', 'strategy': 'mean'}. Best is trial 2 with value: 0.3652532055441163.
[I 2024-01-09 18:04:59,361] Trial 90 finished with value: 0.3652532055441163 and parameters: {'model_name': 'SimpleImputer', 'strategy': 'mean'}. Best is trial 2 with value: 0.3652532055441163.
[I 2024-01-09 18:04:59,562] Trial 56 finished with value: 0.39995444377426603 and parameters: {'model_name': 'SimpleImputer', 'strategy': 'most_frequent'}. Best is trial 2 with value: 0.3652532055441163.
[I 2024-01-09 18:04:59,786] Trial 86 finished with value: 0.3652532055441163 and parameters: {'model_name': 'SimpleImputer', 'strategy': 'mean'}. Best is trial 2 with value: 0.3652532055441163.
[I 2024-01-09 18:04:59,936] Trial 62 finished with value: 0.39995444377426603 and parameters: {'model_name': 'SimpleImputer', 'strategy': 'most_frequent'}. Best is trial 2 with value: 0.3652532055441163.
[I 2024-01-09 18:05:00,166] Trial 58 finished with value: 0.39995444377426603 and parameters: {'model_name': 'SimpleImputer', 'strategy': 'most_frequent'}. Best is trial 2 with value: 0.3652532055441163.
