Run: 2
/cm/local/apps/slurm/var/spool/job612110/slurm_script: line 23: /common/ketrong/minconda3/etc/profile.d/conda.sh: No such file or directory
/cm/local/apps/slurm/var/spool/job612110/slurm_script: line 26: $'\nconda create --name tpot2devenv -c conda-forge python=3.10\n': command not found
/cm/local/apps/slurm/var/spool/job612110/slurm_script: line 31: $'\npip install -r requirements.txt\n': command not found
RunStart
2024-01-15 22:19:16.691408: I tensorflow/core/util/port.cc:113] oneDNN custom operations are on. You may see slightly different numerical results due to floating-point round-off errors from different computation orders. To turn them off, set the environment variable `TF_ENABLE_ONEDNN_OPTS=0`.
2024-01-15 22:19:16.727682: E external/local_xla/xla/stream_executor/cuda/cuda_dnn.cc:9261] Unable to register cuDNN factory: Attempting to register factory for plugin cuDNN when one has already been registered
2024-01-15 22:19:16.727708: E external/local_xla/xla/stream_executor/cuda/cuda_fft.cc:607] Unable to register cuFFT factory: Attempting to register factory for plugin cuFFT when one has already been registered
2024-01-15 22:19:16.729114: E external/local_xla/xla/stream_executor/cuda/cuda_blas.cc:1515] Unable to register cuBLAS factory: Attempting to register factory for plugin cuBLAS when one has already been registered
2024-01-15 22:19:16.735455: I tensorflow/core/platform/cpu_feature_guard.cc:182] This TensorFlow binary is optimized to use available CPU instructions in performance-critical operations.
To enable the following instructions: AVX2 AVX512F AVX512_VNNI FMA, in other operations, rebuild TensorFlow with the appropriate compiler flags.
2024-01-15 22:19:18.957906: W tensorflow/compiler/tf2tensorrt/utils/py_utils.cc:38] TF-TRT Warning: Could not find TensorRT
WARNING:tensorflow:From /home/ketrong/miniconda3/envs/tpot2devenv/lib/python3.10/site-packages/tensorflow/python/compat/v2_compat.py:108: disable_resource_variables (from tensorflow.python.ops.variable_scope) is deprecated and will be removed in a future version.
Instructions for updating:
non-resource variables are not supported in the long term
starting loops
working on 
logs/146204/tpot2_base_normal_MCAR_0.1
2.8573415279388428
loading data
logs/146204/tpot2_base_normal_MCAR_0.1/data/146204_True.pkl
WARNING:openml.datasets.functions:Could not download file from https://openml1.win.tue.nl/datasets/0004/40677/dataset_40677.pq: [Errno 2] No such file or directory: '/home/ketrong/.cache/openml/org/openml/www/datasets/40677/dataset_40677.pq.416e254751513705da63f191eb4889bf.part.minio' -> '/home/ketrong/.cache/openml/org/openml/www/datasets/40677/dataset_40677.pq'
WARNING:openml.datasets.functions:Failed to download parquet, fallback on ARFF.
WARNING:openml.datasets.functions:Could not download file from https://openml1.win.tue.nl/datasets/0004/40677/dataset_40677.pq: [Errno 2] No such file or directory: '/home/ketrong/.cache/openml/org/openml/www/datasets/40677/dataset_40677.pq.416e254751513705da63f191eb4889bf.part.minio' -> '/home/ketrong/.cache/openml/org/openml/www/datasets/40677/dataset_40677.pq'
WARNING:openml.datasets.functions:Failed to download parquet, fallback on ARFF.
running experiment 1/3 - Does large hyperparameter space improve reconstruction accuracy over simple
[I 2024-01-15 22:19:37,165] A new study created in memory with name: no-name-1e77af8b-af04-4abb-ba44-5645bd718e2d
[I 2024-01-15 22:19:38,011] Trial 7 finished with value: 0.6708082129511884 and parameters: {'model_name': 'SimpleImputer', 'strategy': 'constant'}. Best is trial 7 with value: 0.6708082129511884.
[I 2024-01-15 22:19:38,225] Trial 3 finished with value: 0.6708082129511884 and parameters: {'model_name': 'SimpleImputer', 'strategy': 'constant'}. Best is trial 7 with value: 0.6708082129511884.
[I 2024-01-15 22:19:38,449] Trial 4 finished with value: 0.6708082129511884 and parameters: {'model_name': 'SimpleImputer', 'strategy': 'constant'}. Best is trial 7 with value: 0.6708082129511884.
[I 2024-01-15 22:19:38,793] Trial 12 finished with value: 0.6708082129511884 and parameters: {'model_name': 'SimpleImputer', 'strategy': 'constant'}. Best is trial 7 with value: 0.6708082129511884.
[I 2024-01-15 22:19:38,997] Trial 17 finished with value: 0.6708082129511884 and parameters: {'model_name': 'SimpleImputer', 'strategy': 'constant'}. Best is trial 7 with value: 0.6708082129511884.
[I 2024-01-15 22:19:39,186] Trial 0 finished with value: 0.46593616620886225 and parameters: {'model_name': 'SimpleImputer', 'strategy': 'mean'}. Best is trial 0 with value: 0.46593616620886225.
[I 2024-01-15 22:19:39,772] Trial 21 finished with value: 0.6708082129511884 and parameters: {'model_name': 'SimpleImputer', 'strategy': 'constant'}. Best is trial 0 with value: 0.46593616620886225.
[I 2024-01-15 22:19:39,950] Trial 6 finished with value: 0.46593616620886225 and parameters: {'model_name': 'SimpleImputer', 'strategy': 'mean'}. Best is trial 0 with value: 0.46593616620886225.
[I 2024-01-15 22:19:40,210] Trial 32 finished with value: 0.6708082129511884 and parameters: {'model_name': 'SimpleImputer', 'strategy': 'constant'}. Best is trial 0 with value: 0.46593616620886225.
[I 2024-01-15 22:19:40,526] Trial 2 finished with value: 0.46593616620886225 and parameters: {'model_name': 'SimpleImputer', 'strategy': 'mean'}. Best is trial 0 with value: 0.46593616620886225.
[I 2024-01-15 22:19:41,204] Trial 18 finished with value: 0.46593616620886225 and parameters: {'model_name': 'SimpleImputer', 'strategy': 'mean'}. Best is trial 0 with value: 0.46593616620886225.
[I 2024-01-15 22:19:41,516] Trial 20 finished with value: 0.46593616620886225 and parameters: {'model_name': 'SimpleImputer', 'strategy': 'mean'}. Best is trial 0 with value: 0.46593616620886225.
[I 2024-01-15 22:19:41,832] Trial 27 finished with value: 0.46593616620886225 and parameters: {'model_name': 'SimpleImputer', 'strategy': 'mean'}. Best is trial 0 with value: 0.46593616620886225.
[I 2024-01-15 22:19:42,066] Trial 23 finished with value: 0.46593616620886225 and parameters: {'model_name': 'SimpleImputer', 'strategy': 'mean'}. Best is trial 0 with value: 0.46593616620886225.
[I 2024-01-15 22:19:42,425] Trial 24 finished with value: 0.46593616620886225 and parameters: {'model_name': 'SimpleImputer', 'strategy': 'mean'}. Best is trial 0 with value: 0.46593616620886225.
[I 2024-01-15 22:19:42,654] Trial 39 finished with value: 0.6708082129511884 and parameters: {'model_name': 'SimpleImputer', 'strategy': 'constant'}. Best is trial 0 with value: 0.46593616620886225.
[I 2024-01-15 22:19:43,008] Trial 30 finished with value: 0.46593616620886225 and parameters: {'model_name': 'SimpleImputer', 'strategy': 'mean'}. Best is trial 0 with value: 0.46593616620886225.
[I 2024-01-15 22:19:43,275] Trial 37 finished with value: 0.46593616620886225 and parameters: {'model_name': 'SimpleImputer', 'strategy': 'mean'}. Best is trial 0 with value: 0.46593616620886225.
[I 2024-01-15 22:19:43,668] Trial 15 finished with value: 0.6320647121044285 and parameters: {'model_name': 'SimpleImputer', 'strategy': 'median'}. Best is trial 0 with value: 0.46593616620886225.
[I 2024-01-15 22:19:44,005] Trial 43 finished with value: 0.46593616620886225 and parameters: {'model_name': 'SimpleImputer', 'strategy': 'mean'}. Best is trial 0 with value: 0.46593616620886225.
[I 2024-01-15 22:19:44,331] Trial 5 finished with value: 0.6320647121044285 and parameters: {'model_name': 'SimpleImputer', 'strategy': 'median'}. Best is trial 0 with value: 0.46593616620886225.
[I 2024-01-15 22:19:44,604] Trial 51 finished with value: 0.6708082129511884 and parameters: {'model_name': 'SimpleImputer', 'strategy': 'constant'}. Best is trial 0 with value: 0.46593616620886225.
[I 2024-01-15 22:19:44,799] Trial 53 finished with value: 0.6708082129511884 and parameters: {'model_name': 'SimpleImputer', 'strategy': 'constant'}. Best is trial 0 with value: 0.46593616620886225.
[I 2024-01-15 22:19:44,979] Trial 47 finished with value: 0.46593616620886225 and parameters: {'model_name': 'SimpleImputer', 'strategy': 'mean'}. Best is trial 0 with value: 0.46593616620886225.
[I 2024-01-15 22:19:45,239] Trial 28 finished with value: 0.6320647121044285 and parameters: {'model_name': 'SimpleImputer', 'strategy': 'median'}. Best is trial 0 with value: 0.46593616620886225.
[I 2024-01-15 22:19:45,495] Trial 9 finished with value: 0.6320647121044285 and parameters: {'model_name': 'SimpleImputer', 'strategy': 'median'}. Best is trial 0 with value: 0.46593616620886225.
[I 2024-01-15 22:19:45,806] Trial 38 finished with value: 0.46593616620886225 and parameters: {'model_name': 'SimpleImputer', 'strategy': 'mean'}. Best is trial 0 with value: 0.46593616620886225.
[I 2024-01-15 22:19:46,048] Trial 11 finished with value: 0.6320647121044285 and parameters: {'model_name': 'SimpleImputer', 'strategy': 'median'}. Best is trial 0 with value: 0.46593616620886225.
[I 2024-01-15 22:19:46,337] Trial 22 finished with value: 0.6320647121044285 and parameters: {'model_name': 'SimpleImputer', 'strategy': 'median'}. Best is trial 0 with value: 0.46593616620886225.
[I 2024-01-15 22:19:46,679] Trial 41 finished with value: 0.46593616620886225 and parameters: {'model_name': 'SimpleImputer', 'strategy': 'mean'}. Best is trial 0 with value: 0.46593616620886225.
[I 2024-01-15 22:19:46,920] Trial 25 finished with value: 0.6320647121044285 and parameters: {'model_name': 'SimpleImputer', 'strategy': 'median'}. Best is trial 0 with value: 0.46593616620886225.
[I 2024-01-15 22:19:47,300] Trial 13 finished with value: 0.6320647121044285 and parameters: {'model_name': 'SimpleImputer', 'strategy': 'median'}. Best is trial 0 with value: 0.46593616620886225.
[I 2024-01-15 22:19:47,683] Trial 56 finished with value: 0.46593616620886225 and parameters: {'model_name': 'SimpleImputer', 'strategy': 'mean'}. Best is trial 0 with value: 0.46593616620886225.
[I 2024-01-15 22:19:48,144] Trial 54 finished with value: 0.46593616620886225 and parameters: {'model_name': 'SimpleImputer', 'strategy': 'mean'}. Best is trial 0 with value: 0.46593616620886225.
[I 2024-01-15 22:19:48,551] Trial 29 finished with value: 0.6320647121044285 and parameters: {'model_name': 'SimpleImputer', 'strategy': 'median'}. Best is trial 0 with value: 0.46593616620886225.
[I 2024-01-15 22:19:48,997] Trial 34 finished with value: 0.6320647121044285 and parameters: {'model_name': 'SimpleImputer', 'strategy': 'median'}. Best is trial 0 with value: 0.46593616620886225.
[I 2024-01-15 22:19:49,337] Trial 40 finished with value: 0.6320647121044285 and parameters: {'model_name': 'SimpleImputer', 'strategy': 'median'}. Best is trial 0 with value: 0.46593616620886225.
[I 2024-01-15 22:19:49,668] Trial 58 finished with value: 0.46593616620886225 and parameters: {'model_name': 'SimpleImputer', 'strategy': 'mean'}. Best is trial 0 with value: 0.46593616620886225.
[I 2024-01-15 22:19:50,245] Trial 35 finished with value: 0.6320647121044285 and parameters: {'model_name': 'SimpleImputer', 'strategy': 'median'}. Best is trial 0 with value: 0.46593616620886225.
[I 2024-01-15 22:19:50,494] Trial 52 finished with value: 0.6320647121044285 and parameters: {'model_name': 'SimpleImputer', 'strategy': 'median'}. Best is trial 0 with value: 0.46593616620886225.
[I 2024-01-15 22:19:50,821] Trial 45 finished with value: 0.6320647121044285 and parameters: {'model_name': 'SimpleImputer', 'strategy': 'median'}. Best is trial 0 with value: 0.46593616620886225.
[I 2024-01-15 22:19:51,166] Trial 49 finished with value: 0.6320647121044285 and parameters: {'model_name': 'SimpleImputer', 'strategy': 'median'}. Best is trial 0 with value: 0.46593616620886225.
[I 2024-01-15 22:19:51,724] Trial 55 finished with value: 0.6320647121044285 and parameters: {'model_name': 'SimpleImputer', 'strategy': 'median'}. Best is trial 0 with value: 0.46593616620886225.
[I 2024-01-15 22:19:52,604] Trial 61 finished with value: 0.6320647121044285 and parameters: {'model_name': 'SimpleImputer', 'strategy': 'median'}. Best is trial 0 with value: 0.46593616620886225.
[I 2024-01-15 22:19:53,610] Trial 62 finished with value: 0.6320647121044285 and parameters: {'model_name': 'SimpleImputer', 'strategy': 'median'}. Best is trial 0 with value: 0.46593616620886225.
[I 2024-01-15 22:19:53,940] Trial 64 finished with value: 0.6320647121044285 and parameters: {'model_name': 'SimpleImputer', 'strategy': 'median'}. Best is trial 0 with value: 0.46593616620886225.
[I 2024-01-15 22:19:54,857] Trial 65 finished with value: 0.6320647121044285 and parameters: {'model_name': 'SimpleImputer', 'strategy': 'median'}. Best is trial 0 with value: 0.46593616620886225.
[I 2024-01-15 22:20:02,538] Trial 1 finished with value: 0.6320647121044285 and parameters: {'model_name': 'SimpleImputer', 'strategy': 'most_frequent'}. Best is trial 0 with value: 0.46593616620886225.
[I 2024-01-15 22:20:04,535] Trial 26 finished with value: 0.6320647121044285 and parameters: {'model_name': 'SimpleImputer', 'strategy': 'most_frequent'}. Best is trial 0 with value: 0.46593616620886225.
[I 2024-01-15 22:20:05,286] Trial 14 finished with value: 0.6320647121044285 and parameters: {'model_name': 'SimpleImputer', 'strategy': 'most_frequent'}. Best is trial 0 with value: 0.46593616620886225.
[I 2024-01-15 22:20:05,731] Trial 42 finished with value: 0.6320647121044285 and parameters: {'model_name': 'SimpleImputer', 'strategy': 'most_frequent'}. Best is trial 0 with value: 0.46593616620886225.
[I 2024-01-15 22:20:06,236] Trial 36 finished with value: 0.6320647121044285 and parameters: {'model_name': 'SimpleImputer', 'strategy': 'most_frequent'}. Best is trial 0 with value: 0.46593616620886225.
[I 2024-01-15 22:20:06,538] Trial 8 finished with value: 0.6320647121044285 and parameters: {'model_name': 'SimpleImputer', 'strategy': 'most_frequent'}. Best is trial 0 with value: 0.46593616620886225.
[I 2024-01-15 22:20:06,820] Trial 46 finished with value: 0.6320647121044285 and parameters: {'model_name': 'SimpleImputer', 'strategy': 'most_frequent'}. Best is trial 0 with value: 0.46593616620886225.
[I 2024-01-15 22:20:07,101] Trial 19 finished with value: 0.6320647121044285 and parameters: {'model_name': 'SimpleImputer', 'strategy': 'most_frequent'}. Best is trial 0 with value: 0.46593616620886225.
[I 2024-01-15 22:20:07,490] Trial 44 finished with value: 0.6320647121044285 and parameters: {'model_name': 'SimpleImputer', 'strategy': 'most_frequent'}. Best is trial 0 with value: 0.46593616620886225.
[I 2024-01-15 22:20:07,734] Trial 10 finished with value: 0.6320647121044285 and parameters: {'model_name': 'SimpleImputer', 'strategy': 'most_frequent'}. Best is trial 0 with value: 0.46593616620886225.
[I 2024-01-15 22:20:08,125] Trial 33 finished with value: 0.6320647121044285 and parameters: {'model_name': 'SimpleImputer', 'strategy': 'most_frequent'}. Best is trial 0 with value: 0.46593616620886225.
[I 2024-01-15 22:20:08,314] Trial 16 finished with value: 0.6320647121044285 and parameters: {'model_name': 'SimpleImputer', 'strategy': 'most_frequent'}. Best is trial 0 with value: 0.46593616620886225.
[I 2024-01-15 22:20:09,191] Trial 48 finished with value: 0.6320647121044285 and parameters: {'model_name': 'SimpleImputer', 'strategy': 'most_frequent'}. Best is trial 0 with value: 0.46593616620886225.
[I 2024-01-15 22:20:09,974] Trial 66 finished with value: 0.6320647121044285 and parameters: {'model_name': 'SimpleImputer', 'strategy': 'most_frequent'}. Best is trial 0 with value: 0.46593616620886225.
[I 2024-01-15 22:20:10,214] Trial 31 finished with value: 0.6320647121044285 and parameters: {'model_name': 'SimpleImputer', 'strategy': 'most_frequent'}. Best is trial 0 with value: 0.46593616620886225.
[I 2024-01-15 22:20:10,584] Trial 98 finished with value: 0.46593616620886225 and parameters: {'model_name': 'SimpleImputer', 'strategy': 'mean'}. Best is trial 0 with value: 0.46593616620886225.
[I 2024-01-15 22:20:11,227] Trial 99 finished with value: 0.46593616620886225 and parameters: {'model_name': 'SimpleImputer', 'strategy': 'mean'}. Best is trial 0 with value: 0.46593616620886225.
[I 2024-01-15 22:20:11,683] Trial 57 finished with value: 0.6320647121044285 and parameters: {'model_name': 'SimpleImputer', 'strategy': 'most_frequent'}. Best is trial 0 with value: 0.46593616620886225.
[I 2024-01-15 22:20:12,014] Trial 50 finished with value: 0.6320647121044285 and parameters: {'model_name': 'SimpleImputer', 'strategy': 'most_frequent'}. Best is trial 0 with value: 0.46593616620886225.
[I 2024-01-15 22:20:12,290] Trial 103 finished with value: 0.46593616620886225 and parameters: {'model_name': 'SimpleImputer', 'strategy': 'mean'}. Best is trial 0 with value: 0.46593616620886225.
[I 2024-01-15 22:20:12,584] Trial 72 finished with value: 0.6320647121044285 and parameters: {'model_name': 'SimpleImputer', 'strategy': 'most_frequent'}. Best is trial 0 with value: 0.46593616620886225.
[I 2024-01-15 22:20:12,860] Trial 100 finished with value: 0.46593616620886225 and parameters: {'model_name': 'SimpleImputer', 'strategy': 'mean'}. Best is trial 0 with value: 0.46593616620886225.
[I 2024-01-15 22:20:13,064] Trial 101 finished with value: 0.46593616620886225 and parameters: {'model_name': 'SimpleImputer', 'strategy': 'mean'}. Best is trial 0 with value: 0.46593616620886225.
[I 2024-01-15 22:20:13,463] Trial 63 finished with value: 0.6320647121044285 and parameters: {'model_name': 'SimpleImputer', 'strategy': 'most_frequent'}. Best is trial 0 with value: 0.46593616620886225.
[I 2024-01-15 22:20:13,757] Trial 106 finished with value: 0.46593616620886225 and parameters: {'model_name': 'SimpleImputer', 'strategy': 'mean'}. Best is trial 0 with value: 0.46593616620886225.
[I 2024-01-15 22:20:14,104] Trial 82 finished with value: 0.6320647121044285 and parameters: {'model_name': 'SimpleImputer', 'strategy': 'most_frequent'}. Best is trial 0 with value: 0.46593616620886225.
[I 2024-01-15 22:20:14,383] Trial 104 finished with value: 0.46593616620886225 and parameters: {'model_name': 'SimpleImputer', 'strategy': 'mean'}. Best is trial 0 with value: 0.46593616620886225.
[I 2024-01-15 22:20:14,640] Trial 102 finished with value: 0.46593616620886225 and parameters: {'model_name': 'SimpleImputer', 'strategy': 'mean'}. Best is trial 0 with value: 0.46593616620886225.
[I 2024-01-15 22:20:14,846] Trial 59 finished with value: 0.6320647121044285 and parameters: {'model_name': 'SimpleImputer', 'strategy': 'most_frequent'}. Best is trial 0 with value: 0.46593616620886225.
[I 2024-01-15 22:20:15,181] Trial 105 finished with value: 0.46593616620886225 and parameters: {'model_name': 'SimpleImputer', 'strategy': 'mean'}. Best is trial 0 with value: 0.46593616620886225.
[I 2024-01-15 22:20:15,541] Trial 67 finished with value: 0.6320647121044285 and parameters: {'model_name': 'SimpleImputer', 'strategy': 'most_frequent'}. Best is trial 0 with value: 0.46593616620886225.
[I 2024-01-15 22:20:15,893] Trial 80 finished with value: 0.6320647121044285 and parameters: {'model_name': 'SimpleImputer', 'strategy': 'most_frequent'}. Best is trial 0 with value: 0.46593616620886225.
[I 2024-01-15 22:20:16,166] Trial 74 finished with value: 0.6320647121044285 and parameters: {'model_name': 'SimpleImputer', 'strategy': 'most_frequent'}. Best is trial 0 with value: 0.46593616620886225.
[I 2024-01-15 22:20:16,535] Trial 60 finished with value: 0.6320647121044285 and parameters: {'model_name': 'SimpleImputer', 'strategy': 'most_frequent'}. Best is trial 0 with value: 0.46593616620886225.
[I 2024-01-15 22:20:16,873] Trial 107 finished with value: 0.46593616620886225 and parameters: {'model_name': 'SimpleImputer', 'strategy': 'mean'}. Best is trial 0 with value: 0.46593616620886225.
[I 2024-01-15 22:20:17,162] Trial 110 finished with value: 0.46593616620886225 and parameters: {'model_name': 'SimpleImputer', 'strategy': 'mean'}. Best is trial 0 with value: 0.46593616620886225.
[I 2024-01-15 22:20:17,444] Trial 78 finished with value: 0.6320647121044285 and parameters: {'model_name': 'SimpleImputer', 'strategy': 'most_frequent'}. Best is trial 0 with value: 0.46593616620886225.
[I 2024-01-15 22:20:17,730] Trial 111 finished with value: 0.46593616620886225 and parameters: {'model_name': 'SimpleImputer', 'strategy': 'mean'}. Best is trial 0 with value: 0.46593616620886225.
[I 2024-01-15 22:20:18,109] Trial 77 finished with value: 0.6320647121044285 and parameters: {'model_name': 'SimpleImputer', 'strategy': 'most_frequent'}. Best is trial 0 with value: 0.46593616620886225.
[I 2024-01-15 22:20:18,393] Trial 109 finished with value: 0.46593616620886225 and parameters: {'model_name': 'SimpleImputer', 'strategy': 'mean'}. Best is trial 0 with value: 0.46593616620886225.
[I 2024-01-15 22:20:18,621] Trial 79 finished with value: 0.6320647121044285 and parameters: {'model_name': 'SimpleImputer', 'strategy': 'most_frequent'}. Best is trial 0 with value: 0.46593616620886225.
[I 2024-01-15 22:20:18,818] Trial 71 finished with value: 0.6320647121044285 and parameters: {'model_name': 'SimpleImputer', 'strategy': 'most_frequent'}. Best is trial 0 with value: 0.46593616620886225.
[I 2024-01-15 22:20:19,053] Trial 108 finished with value: 0.46593616620886225 and parameters: {'model_name': 'SimpleImputer', 'strategy': 'mean'}. Best is trial 0 with value: 0.46593616620886225.
[I 2024-01-15 22:20:19,251] Trial 68 finished with value: 0.6320647121044285 and parameters: {'model_name': 'SimpleImputer', 'strategy': 'most_frequent'}. Best is trial 0 with value: 0.46593616620886225.
[I 2024-01-15 22:20:19,433] Trial 73 finished with value: 0.6320647121044285 and parameters: {'model_name': 'SimpleImputer', 'strategy': 'most_frequent'}. Best is trial 0 with value: 0.46593616620886225.
[I 2024-01-15 22:20:19,956] Trial 113 finished with value: 0.46593616620886225 and parameters: {'model_name': 'SimpleImputer', 'strategy': 'mean'}. Best is trial 0 with value: 0.46593616620886225.
[I 2024-01-15 22:20:20,257] Trial 70 finished with value: 0.6320647121044285 and parameters: {'model_name': 'SimpleImputer', 'strategy': 'most_frequent'}. Best is trial 0 with value: 0.46593616620886225.
[I 2024-01-15 22:20:20,556] Trial 69 finished with value: 0.6320647121044285 and parameters: {'model_name': 'SimpleImputer', 'strategy': 'most_frequent'}. Best is trial 0 with value: 0.46593616620886225.
[I 2024-01-15 22:20:20,762] Trial 75 finished with value: 0.6320647121044285 and parameters: {'model_name': 'SimpleImputer', 'strategy': 'most_frequent'}. Best is trial 0 with value: 0.46593616620886225.
[I 2024-01-15 22:20:20,926] Trial 76 finished with value: 0.6320647121044285 and parameters: {'model_name': 'SimpleImputer', 'strategy': 'most_frequent'}. Best is trial 0 with value: 0.46593616620886225.
[I 2024-01-15 22:20:21,256] Trial 114 finished with value: 0.46593616620886225 and parameters: {'model_name': 'SimpleImputer', 'strategy': 'mean'}. Best is trial 0 with value: 0.46593616620886225.
[I 2024-01-15 22:20:21,500] Trial 84 finished with value: 0.6320647121044285 and parameters: {'model_name': 'SimpleImputer', 'strategy': 'most_frequent'}. Best is trial 0 with value: 0.46593616620886225.
[I 2024-01-15 22:20:21,754] Trial 112 finished with value: 0.46593616620886225 and parameters: {'model_name': 'SimpleImputer', 'strategy': 'mean'}. Best is trial 0 with value: 0.46593616620886225.
[I 2024-01-15 22:20:21,949] Trial 116 finished with value: 0.46593616620886225 and parameters: {'model_name': 'SimpleImputer', 'strategy': 'mean'}. Best is trial 0 with value: 0.46593616620886225.
[I 2024-01-15 22:20:22,249] Trial 88 finished with value: 0.6320647121044285 and parameters: {'model_name': 'SimpleImputer', 'strategy': 'most_frequent'}. Best is trial 0 with value: 0.46593616620886225.
[I 2024-01-15 22:20:22,665] Trial 123 finished with value: 0.46593616620886225 and parameters: {'model_name': 'SimpleImputer', 'strategy': 'mean'}. Best is trial 0 with value: 0.46593616620886225.
[I 2024-01-15 22:20:22,906] Trial 117 finished with value: 0.46593616620886225 and parameters: {'model_name': 'SimpleImputer', 'strategy': 'mean'}. Best is trial 0 with value: 0.46593616620886225.
[I 2024-01-15 22:20:23,122] Trial 119 finished with value: 0.46593616620886225 and parameters: {'model_name': 'SimpleImputer', 'strategy': 'mean'}. Best is trial 0 with value: 0.46593616620886225.
[I 2024-01-15 22:20:23,375] Trial 118 finished with value: 0.46593616620886225 and parameters: {'model_name': 'SimpleImputer', 'strategy': 'mean'}. Best is trial 0 with value: 0.46593616620886225.
[I 2024-01-15 22:20:23,681] Trial 86 finished with value: 0.6320647121044285 and parameters: {'model_name': 'SimpleImputer', 'strategy': 'most_frequent'}. Best is trial 0 with value: 0.46593616620886225.
[I 2024-01-15 22:20:23,973] Trial 87 finished with value: 0.6320647121044285 and parameters: {'model_name': 'SimpleImputer', 'strategy': 'most_frequent'}. Best is trial 0 with value: 0.46593616620886225.
[I 2024-01-15 22:20:24,216] Trial 81 finished with value: 0.6320647121044285 and parameters: {'model_name': 'SimpleImputer', 'strategy': 'most_frequent'}. Best is trial 0 with value: 0.46593616620886225.
[I 2024-01-15 22:20:24,485] Trial 121 finished with value: 0.46593616620886225 and parameters: {'model_name': 'SimpleImputer', 'strategy': 'mean'}. Best is trial 0 with value: 0.46593616620886225.
[I 2024-01-15 22:20:24,764] Trial 120 finished with value: 0.46593616620886225 and parameters: {'model_name': 'SimpleImputer', 'strategy': 'mean'}. Best is trial 0 with value: 0.46593616620886225.
[I 2024-01-15 22:20:24,979] Trial 124 finished with value: 0.46593616620886225 and parameters: {'model_name': 'SimpleImputer', 'strategy': 'mean'}. Best is trial 0 with value: 0.46593616620886225.
[I 2024-01-15 22:20:25,281] Trial 125 finished with value: 0.46593616620886225 and parameters: {'model_name': 'SimpleImputer', 'strategy': 'mean'}. Best is trial 0 with value: 0.46593616620886225.
[I 2024-01-15 22:20:25,510] Trial 126 finished with value: 0.46593616620886225 and parameters: {'model_name': 'SimpleImputer', 'strategy': 'mean'}. Best is trial 0 with value: 0.46593616620886225.
[I 2024-01-15 22:20:25,932] Trial 90 finished with value: 0.6320647121044285 and parameters: {'model_name': 'SimpleImputer', 'strategy': 'most_frequent'}. Best is trial 0 with value: 0.46593616620886225.
[I 2024-01-15 22:20:26,180] Trial 115 finished with value: 0.46593616620886225 and parameters: {'model_name': 'SimpleImputer', 'strategy': 'mean'}. Best is trial 0 with value: 0.46593616620886225.
[I 2024-01-15 22:20:26,411] Trial 85 finished with value: 0.6320647121044285 and parameters: {'model_name': 'SimpleImputer', 'strategy': 'most_frequent'}. Best is trial 0 with value: 0.46593616620886225.
[I 2024-01-15 22:20:26,827] Trial 127 finished with value: 0.46593616620886225 and parameters: {'model_name': 'SimpleImputer', 'strategy': 'mean'}. Best is trial 0 with value: 0.46593616620886225.
[I 2024-01-15 22:20:27,069] Trial 130 finished with value: 0.46593616620886225 and parameters: {'model_name': 'SimpleImputer', 'strategy': 'mean'}. Best is trial 0 with value: 0.46593616620886225.
[I 2024-01-15 22:20:27,325] Trial 128 finished with value: 0.46593616620886225 and parameters: {'model_name': 'SimpleImputer', 'strategy': 'mean'}. Best is trial 0 with value: 0.46593616620886225.
[I 2024-01-15 22:20:27,647] Trial 129 finished with value: 0.46593616620886225 and parameters: {'model_name': 'SimpleImputer', 'strategy': 'mean'}. Best is trial 0 with value: 0.46593616620886225.
[I 2024-01-15 22:20:27,873] Trial 122 finished with value: 0.46593616620886225 and parameters: {'model_name': 'SimpleImputer', 'strategy': 'mean'}. Best is trial 0 with value: 0.46593616620886225.
[I 2024-01-15 22:20:28,374] Trial 132 finished with value: 0.46593616620886225 and parameters: {'model_name': 'SimpleImputer', 'strategy': 'mean'}. Best is trial 0 with value: 0.46593616620886225.
[I 2024-01-15 22:20:28,585] Trial 134 finished with value: 0.46593616620886225 and parameters: {'model_name': 'SimpleImputer', 'strategy': 'mean'}. Best is trial 0 with value: 0.46593616620886225.
[I 2024-01-15 22:20:28,834] Trial 133 finished with value: 0.46593616620886225 and parameters: {'model_name': 'SimpleImputer', 'strategy': 'mean'}. Best is trial 0 with value: 0.46593616620886225.
[I 2024-01-15 22:20:29,052] Trial 142 finished with value: 0.46593616620886225 and parameters: {'model_name': 'SimpleImputer', 'strategy': 'mean'}. Best is trial 0 with value: 0.46593616620886225.
[I 2024-01-15 22:20:29,348] Trial 138 finished with value: 0.46593616620886225 and parameters: {'model_name': 'SimpleImputer', 'strategy': 'mean'}. Best is trial 0 with value: 0.46593616620886225.
