Run: 1
/cm/local/apps/slurm/var/spool/job598272/slurm_script: line 23: /common/ketrong/minconda3/etc/profile.d/conda.sh: No such file or directory
/cm/local/apps/slurm/var/spool/job598272/slurm_script: line 26: $'\nconda create --name tpot2devenv -c conda-forge python=3.10\n': command not found
/cm/local/apps/slurm/var/spool/job598272/slurm_script: line 31: $'\npip install -r requirements.txt\n': command not found
RunStart
2024-01-09 18:04:26.305327: I tensorflow/core/util/port.cc:113] oneDNN custom operations are on. You may see slightly different numerical results due to floating-point round-off errors from different computation orders. To turn them off, set the environment variable `TF_ENABLE_ONEDNN_OPTS=0`.
2024-01-09 18:04:26.340291: E external/local_xla/xla/stream_executor/cuda/cuda_dnn.cc:9261] Unable to register cuDNN factory: Attempting to register factory for plugin cuDNN when one has already been registered
2024-01-09 18:04:26.340315: E external/local_xla/xla/stream_executor/cuda/cuda_fft.cc:607] Unable to register cuFFT factory: Attempting to register factory for plugin cuFFT when one has already been registered
2024-01-09 18:04:26.341434: E external/local_xla/xla/stream_executor/cuda/cuda_blas.cc:1515] Unable to register cuBLAS factory: Attempting to register factory for plugin cuBLAS when one has already been registered
2024-01-09 18:04:26.347120: I tensorflow/core/platform/cpu_feature_guard.cc:182] This TensorFlow binary is optimized to use available CPU instructions in performance-critical operations.
To enable the following instructions: AVX2 AVX512F AVX512_VNNI FMA, in other operations, rebuild TensorFlow with the appropriate compiler flags.
2024-01-09 18:04:29.343261: W tensorflow/compiler/tf2tensorrt/utils/py_utils.cc:38] TF-TRT Warning: Could not find TensorRT
WARNING:tensorflow:From /home/ketrong/miniconda3/envs/tpot2devenv/lib/python3.10/site-packages/tensorflow/python/compat/v2_compat.py:108: disable_resource_variables (from tensorflow.python.ops.variable_scope) is deprecated and will be removed in a future version.
Instructions for updating:
non-resource variables are not supported in the long term
starting loops
working on 
logs/9942/tpot2_base_normal_MCAR_0.01
4.882909059524536
loading data
logs/9942/tpot2_base_normal_MCAR_0.01/data/9942_True.pkl
running experiment 1/3 - Does large hyperparameter space improve reconstruction accuracy over simple
[I 2024-01-09 18:04:47,988] A new study created in memory with name: no-name-2ff3dad3-147c-4902-89e7-52b362fe050f
[I 2024-01-09 18:04:48,187] Trial 6 finished with value: 1.5129473004166327 and parameters: {'model_name': 'SimpleImputer', 'strategy': 'constant'}. Best is trial 6 with value: 1.5129473004166327.
[I 2024-01-09 18:04:48,568] Trial 3 finished with value: 0.6570934582696971 and parameters: {'model_name': 'SimpleImputer', 'strategy': 'mean'}. Best is trial 3 with value: 0.6570934582696971.
[I 2024-01-09 18:04:48,741] Trial 8 finished with value: 1.5129473004166327 and parameters: {'model_name': 'SimpleImputer', 'strategy': 'constant'}. Best is trial 3 with value: 0.6570934582696971.
[I 2024-01-09 18:04:49,070] Trial 0 finished with value: 0.6570934582696971 and parameters: {'model_name': 'SimpleImputer', 'strategy': 'mean'}. Best is trial 3 with value: 0.6570934582696971.
[I 2024-01-09 18:04:49,226] Trial 11 finished with value: 1.5129473004166327 and parameters: {'model_name': 'SimpleImputer', 'strategy': 'constant'}. Best is trial 3 with value: 0.6570934582696971.
[I 2024-01-09 18:04:49,473] Trial 22 finished with value: 1.5129473004166327 and parameters: {'model_name': 'SimpleImputer', 'strategy': 'constant'}. Best is trial 3 with value: 0.6570934582696971.
[I 2024-01-09 18:04:49,629] Trial 10 finished with value: 0.6570934582696971 and parameters: {'model_name': 'SimpleImputer', 'strategy': 'mean'}. Best is trial 3 with value: 0.6570934582696971.
[I 2024-01-09 18:04:49,905] Trial 12 finished with value: 0.6570934582696971 and parameters: {'model_name': 'SimpleImputer', 'strategy': 'mean'}. Best is trial 3 with value: 0.6570934582696971.
[I 2024-01-09 18:04:50,073] Trial 18 finished with value: 1.5129473004166327 and parameters: {'model_name': 'SimpleImputer', 'strategy': 'constant'}. Best is trial 3 with value: 0.6570934582696971.
[I 2024-01-09 18:04:50,395] Trial 2 finished with value: 0.6845976662001428 and parameters: {'model_name': 'SimpleImputer', 'strategy': 'median'}. Best is trial 3 with value: 0.6570934582696971.
[I 2024-01-09 18:04:50,598] Trial 1 finished with value: 0.6845976662001428 and parameters: {'model_name': 'SimpleImputer', 'strategy': 'median'}. Best is trial 3 with value: 0.6570934582696971.
[I 2024-01-09 18:04:50,767] Trial 20 finished with value: 0.6570934582696971 and parameters: {'model_name': 'SimpleImputer', 'strategy': 'mean'}. Best is trial 3 with value: 0.6570934582696971.
[I 2024-01-09 18:04:50,923] Trial 14 finished with value: 0.6570934582696971 and parameters: {'model_name': 'SimpleImputer', 'strategy': 'mean'}. Best is trial 3 with value: 0.6570934582696971.
[I 2024-01-09 18:04:51,100] Trial 28 finished with value: 0.6570934582696971 and parameters: {'model_name': 'SimpleImputer', 'strategy': 'mean'}. Best is trial 3 with value: 0.6570934582696971.
[I 2024-01-09 18:04:51,267] Trial 26 finished with value: 1.5129473004166327 and parameters: {'model_name': 'SimpleImputer', 'strategy': 'constant'}. Best is trial 3 with value: 0.6570934582696971.
[I 2024-01-09 18:04:51,509] Trial 24 finished with value: 0.6570934582696971 and parameters: {'model_name': 'SimpleImputer', 'strategy': 'mean'}. Best is trial 3 with value: 0.6570934582696971.
[I 2024-01-09 18:04:51,687] Trial 27 finished with value: 0.6570934582696971 and parameters: {'model_name': 'SimpleImputer', 'strategy': 'mean'}. Best is trial 3 with value: 0.6570934582696971.
[I 2024-01-09 18:04:51,837] Trial 36 finished with value: 1.5129473004166327 and parameters: {'model_name': 'SimpleImputer', 'strategy': 'constant'}. Best is trial 3 with value: 0.6570934582696971.
[I 2024-01-09 18:04:52,004] Trial 29 finished with value: 0.6570934582696971 and parameters: {'model_name': 'SimpleImputer', 'strategy': 'mean'}. Best is trial 3 with value: 0.6570934582696971.
[I 2024-01-09 18:04:52,190] Trial 33 finished with value: 1.5129473004166327 and parameters: {'model_name': 'SimpleImputer', 'strategy': 'constant'}. Best is trial 3 with value: 0.6570934582696971.
[I 2024-01-09 18:04:52,432] Trial 32 finished with value: 0.6570934582696971 and parameters: {'model_name': 'SimpleImputer', 'strategy': 'mean'}. Best is trial 3 with value: 0.6570934582696971.
[I 2024-01-09 18:04:52,583] Trial 5 finished with value: 0.6845976662001428 and parameters: {'model_name': 'SimpleImputer', 'strategy': 'median'}. Best is trial 3 with value: 0.6570934582696971.
[I 2024-01-09 18:04:52,739] Trial 31 finished with value: 0.6570934582696971 and parameters: {'model_name': 'SimpleImputer', 'strategy': 'mean'}. Best is trial 3 with value: 0.6570934582696971.
[I 2024-01-09 18:04:52,963] Trial 30 finished with value: 0.6570934582696971 and parameters: {'model_name': 'SimpleImputer', 'strategy': 'mean'}. Best is trial 3 with value: 0.6570934582696971.
[I 2024-01-09 18:04:53,193] Trial 37 finished with value: 0.6570934582696971 and parameters: {'model_name': 'SimpleImputer', 'strategy': 'mean'}. Best is trial 3 with value: 0.6570934582696971.
[I 2024-01-09 18:04:53,405] Trial 25 finished with value: 0.6845976662001428 and parameters: {'model_name': 'SimpleImputer', 'strategy': 'median'}. Best is trial 3 with value: 0.6570934582696971.
[I 2024-01-09 18:04:53,573] Trial 9 finished with value: 0.6845976662001428 and parameters: {'model_name': 'SimpleImputer', 'strategy': 'median'}. Best is trial 3 with value: 0.6570934582696971.
[I 2024-01-09 18:04:53,787] Trial 15 finished with value: 0.6845976662001428 and parameters: {'model_name': 'SimpleImputer', 'strategy': 'median'}. Best is trial 3 with value: 0.6570934582696971.
[I 2024-01-09 18:04:54,020] Trial 16 finished with value: 0.6845976662001428 and parameters: {'model_name': 'SimpleImputer', 'strategy': 'median'}. Best is trial 3 with value: 0.6570934582696971.
[I 2024-01-09 18:04:54,174] Trial 34 finished with value: 0.6570934582696971 and parameters: {'model_name': 'SimpleImputer', 'strategy': 'mean'}. Best is trial 3 with value: 0.6570934582696971.
[I 2024-01-09 18:04:54,387] Trial 23 finished with value: 0.6845976662001428 and parameters: {'model_name': 'SimpleImputer', 'strategy': 'median'}. Best is trial 3 with value: 0.6570934582696971.
[I 2024-01-09 18:04:54,540] Trial 7 finished with value: 2.2618697885361683 and parameters: {'model_name': 'SimpleImputer', 'strategy': 'most_frequent'}. Best is trial 3 with value: 0.6570934582696971.
[I 2024-01-09 18:04:54,750] Trial 19 finished with value: 0.6845976662001428 and parameters: {'model_name': 'SimpleImputer', 'strategy': 'median'}. Best is trial 3 with value: 0.6570934582696971.
[I 2024-01-09 18:04:54,920] Trial 4 finished with value: 2.2618697885361683 and parameters: {'model_name': 'SimpleImputer', 'strategy': 'most_frequent'}. Best is trial 3 with value: 0.6570934582696971.
[I 2024-01-09 18:04:55,064] Trial 44 finished with value: 0.6570934582696971 and parameters: {'model_name': 'SimpleImputer', 'strategy': 'mean'}. Best is trial 3 with value: 0.6570934582696971.
[I 2024-01-09 18:04:55,259] Trial 13 finished with value: 0.6845976662001428 and parameters: {'model_name': 'SimpleImputer', 'strategy': 'median'}. Best is trial 3 with value: 0.6570934582696971.
[I 2024-01-09 18:04:55,435] Trial 43 finished with value: 0.6570934582696971 and parameters: {'model_name': 'SimpleImputer', 'strategy': 'mean'}. Best is trial 3 with value: 0.6570934582696971.
[I 2024-01-09 18:04:55,867] Trial 21 finished with value: 2.2618697885361683 and parameters: {'model_name': 'SimpleImputer', 'strategy': 'most_frequent'}. Best is trial 3 with value: 0.6570934582696971.
[I 2024-01-09 18:04:56,051] Trial 35 finished with value: 0.6845976662001428 and parameters: {'model_name': 'SimpleImputer', 'strategy': 'median'}. Best is trial 3 with value: 0.6570934582696971.
[I 2024-01-09 18:04:56,303] Trial 39 finished with value: 0.6845976662001428 and parameters: {'model_name': 'SimpleImputer', 'strategy': 'median'}. Best is trial 3 with value: 0.6570934582696971.
[I 2024-01-09 18:04:56,507] Trial 17 finished with value: 2.2618697885361683 and parameters: {'model_name': 'SimpleImputer', 'strategy': 'most_frequent'}. Best is trial 3 with value: 0.6570934582696971.
[I 2024-01-09 18:04:57,101] Trial 38 finished with value: 2.2618697885361683 and parameters: {'model_name': 'SimpleImputer', 'strategy': 'most_frequent'}. Best is trial 3 with value: 0.6570934582696971.
[I 2024-01-09 18:04:57,540] Trial 41 finished with value: 2.2618697885361683 and parameters: {'model_name': 'SimpleImputer', 'strategy': 'most_frequent'}. Best is trial 3 with value: 0.6570934582696971.
[I 2024-01-09 18:04:58,050] Trial 56 finished with value: 2.2618697885361683 and parameters: {'model_name': 'SimpleImputer', 'strategy': 'most_frequent'}. Best is trial 3 with value: 0.6570934582696971.
[I 2024-01-09 18:04:58,272] Trial 47 finished with value: 2.2618697885361683 and parameters: {'model_name': 'SimpleImputer', 'strategy': 'most_frequent'}. Best is trial 3 with value: 0.6570934582696971.
[I 2024-01-09 18:04:58,563] Trial 45 finished with value: 2.2618697885361683 and parameters: {'model_name': 'SimpleImputer', 'strategy': 'most_frequent'}. Best is trial 3 with value: 0.6570934582696971.
