Run: 1
/cm/local/apps/slurm/var/spool/job549676/slurm_script: line 23: /common/ketrong/minconda3/etc/profile.d/conda.sh: No such file or directory
/cm/local/apps/slurm/var/spool/job549676/slurm_script: line 26: $'\nconda create --name tpot2devenv -c conda-forge python=3.10\n': command not found
/cm/local/apps/slurm/var/spool/job549676/slurm_script: line 31: $'\npip install -r requirements.txt\n': command not found
RunStart
2023-12-12 15:23:34.813804: I tensorflow/core/util/port.cc:113] oneDNN custom operations are on. You may see slightly different numerical results due to floating-point round-off errors from different computation orders. To turn them off, set the environment variable `TF_ENABLE_ONEDNN_OPTS=0`.
2023-12-12 15:23:34.846964: E external/local_xla/xla/stream_executor/cuda/cuda_dnn.cc:9261] Unable to register cuDNN factory: Attempting to register factory for plugin cuDNN when one has already been registered
2023-12-12 15:23:34.846989: E external/local_xla/xla/stream_executor/cuda/cuda_fft.cc:607] Unable to register cuFFT factory: Attempting to register factory for plugin cuFFT when one has already been registered
2023-12-12 15:23:34.847809: E external/local_xla/xla/stream_executor/cuda/cuda_blas.cc:1515] Unable to register cuBLAS factory: Attempting to register factory for plugin cuBLAS when one has already been registered
2023-12-12 15:23:34.855917: I tensorflow/core/platform/cpu_feature_guard.cc:182] This TensorFlow binary is optimized to use available CPU instructions in performance-critical operations.
To enable the following instructions: AVX2 AVX512F AVX512_VNNI FMA, in other operations, rebuild TensorFlow with the appropriate compiler flags.
2023-12-12 15:23:36.404970: W tensorflow/compiler/tf2tensorrt/utils/py_utils.cc:38] TF-TRT Warning: Could not find TensorRT
WARNING:tensorflow:From /home/ketrong/miniconda3/envs/tpot2devenv/lib/python3.10/site-packages/tensorflow/python/compat/v2_compat.py:108: disable_resource_variables (from tensorflow.python.ops.variable_scope) is deprecated and will be removed in a future version.
Instructions for updating:
non-resource variables are not supported in the long term
starting loops
working on 
logs/30/tpot2_base_normal_MCAR_0.01
0.783973217010498
loading data
data/30_True.pkl
running experiment 1/3 - Does large hyperparameter space improve reconstruction accuracy over simple
[I 2023-12-12 15:23:41,512] A new study created in memory with name: no-name-d625acf9-c6d3-40a2-a753-86cebed82cca
[I 2023-12-12 15:23:41,786] Trial 0 finished with value: 1087.2585336290745 and parameters: {'model_name': 'SimpleImputer', 'strategy': 'mean'}. Best is trial 0 with value: 1087.2585336290745.
[I 2023-12-12 15:23:42,244] Trial 8 finished with value: 1186.9167292748673 and parameters: {'model_name': 'SimpleImputer', 'strategy': 'constant'}. Best is trial 0 with value: 1087.2585336290745.
[I 2023-12-12 15:23:42,550] Trial 3 finished with value: 1087.2585336290745 and parameters: {'model_name': 'SimpleImputer', 'strategy': 'mean'}. Best is trial 0 with value: 1087.2585336290745.
[I 2023-12-12 15:23:42,725] Trial 15 finished with value: 1186.9167292748673 and parameters: {'model_name': 'SimpleImputer', 'strategy': 'constant'}. Best is trial 0 with value: 1087.2585336290745.
[I 2023-12-12 15:23:42,889] Trial 6 finished with value: 1087.2585336290745 and parameters: {'model_name': 'SimpleImputer', 'strategy': 'mean'}. Best is trial 0 with value: 1087.2585336290745.
[I 2023-12-12 15:23:43,054] Trial 7 finished with value: 1087.2585336290745 and parameters: {'model_name': 'SimpleImputer', 'strategy': 'mean'}. Best is trial 0 with value: 1087.2585336290745.
[I 2023-12-12 15:23:43,616] Trial 25 finished with value: 1186.9167292748673 and parameters: {'model_name': 'SimpleImputer', 'strategy': 'constant'}. Best is trial 0 with value: 1087.2585336290745.
[I 2023-12-12 15:23:43,785] Trial 19 finished with value: 1087.2585336290745 and parameters: {'model_name': 'SimpleImputer', 'strategy': 'mean'}. Best is trial 0 with value: 1087.2585336290745.
[I 2023-12-12 15:23:44,202] Trial 16 finished with value: 1087.2585336290745 and parameters: {'model_name': 'SimpleImputer', 'strategy': 'mean'}. Best is trial 0 with value: 1087.2585336290745.
[I 2023-12-12 15:23:44,386] Trial 17 finished with value: 1087.2585336290745 and parameters: {'model_name': 'SimpleImputer', 'strategy': 'mean'}. Best is trial 0 with value: 1087.2585336290745.
[I 2023-12-12 15:23:44,618] Trial 2 finished with value: 1129.8624632761907 and parameters: {'model_name': 'SimpleImputer', 'strategy': 'median'}. Best is trial 0 with value: 1087.2585336290745.
[I 2023-12-12 15:23:44,807] Trial 24 finished with value: 1186.9167292748673 and parameters: {'model_name': 'SimpleImputer', 'strategy': 'constant'}. Best is trial 0 with value: 1087.2585336290745.
[I 2023-12-12 15:23:45,017] Trial 20 finished with value: 1087.2585336290745 and parameters: {'model_name': 'SimpleImputer', 'strategy': 'mean'}. Best is trial 0 with value: 1087.2585336290745.
[I 2023-12-12 15:23:45,394] Trial 5 finished with value: 1129.8624632761907 and parameters: {'model_name': 'SimpleImputer', 'strategy': 'median'}. Best is trial 0 with value: 1087.2585336290745.
[I 2023-12-12 15:23:45,925] Trial 43 finished with value: 1186.9167292748673 and parameters: {'model_name': 'SimpleImputer', 'strategy': 'constant'}. Best is trial 0 with value: 1087.2585336290745.
[I 2023-12-12 15:23:46,401] Trial 9 finished with value: 1129.8624632761907 and parameters: {'model_name': 'SimpleImputer', 'strategy': 'median'}. Best is trial 0 with value: 1087.2585336290745.
[I 2023-12-12 15:23:46,589] Trial 14 finished with value: 1129.8624632761907 and parameters: {'model_name': 'SimpleImputer', 'strategy': 'median'}. Best is trial 0 with value: 1087.2585336290745.
[I 2023-12-12 15:23:46,761] Trial 12 finished with value: 1129.8624632761907 and parameters: {'model_name': 'SimpleImputer', 'strategy': 'median'}. Best is trial 0 with value: 1087.2585336290745.
[I 2023-12-12 15:23:47,110] Trial 10 finished with value: 1129.8624632761907 and parameters: {'model_name': 'SimpleImputer', 'strategy': 'median'}. Best is trial 0 with value: 1087.2585336290745.
[I 2023-12-12 15:23:47,292] Trial 51 finished with value: 1186.9167292748673 and parameters: {'model_name': 'SimpleImputer', 'strategy': 'constant'}. Best is trial 0 with value: 1087.2585336290745.
[I 2023-12-12 15:23:47,492] Trial 50 finished with value: 1186.9167292748673 and parameters: {'model_name': 'SimpleImputer', 'strategy': 'constant'}. Best is trial 0 with value: 1087.2585336290745.
[I 2023-12-12 15:23:47,696] Trial 49 finished with value: 1186.9167292748673 and parameters: {'model_name': 'SimpleImputer', 'strategy': 'constant'}. Best is trial 0 with value: 1087.2585336290745.
[I 2023-12-12 15:23:47,917] Trial 13 finished with value: 1129.8624632761907 and parameters: {'model_name': 'SimpleImputer', 'strategy': 'median'}. Best is trial 0 with value: 1087.2585336290745.
[I 2023-12-12 15:23:48,114] Trial 40 finished with value: 1087.2585336290745 and parameters: {'model_name': 'SimpleImputer', 'strategy': 'mean'}. Best is trial 0 with value: 1087.2585336290745.
[I 2023-12-12 15:23:48,458] Trial 21 finished with value: 1129.8624632761907 and parameters: {'model_name': 'SimpleImputer', 'strategy': 'median'}. Best is trial 0 with value: 1087.2585336290745.
[I 2023-12-12 15:23:48,882] Trial 37 finished with value: 1087.2585336290745 and parameters: {'model_name': 'SimpleImputer', 'strategy': 'mean'}. Best is trial 0 with value: 1087.2585336290745.
[I 2023-12-12 15:23:49,112] Trial 23 finished with value: 1129.8624632761907 and parameters: {'model_name': 'SimpleImputer', 'strategy': 'median'}. Best is trial 0 with value: 1087.2585336290745.
[I 2023-12-12 15:23:49,388] Trial 22 finished with value: 1129.8624632761907 and parameters: {'model_name': 'SimpleImputer', 'strategy': 'median'}. Best is trial 0 with value: 1087.2585336290745.
[I 2023-12-12 15:23:49,814] Trial 31 finished with value: 1129.8624632761907 and parameters: {'model_name': 'SimpleImputer', 'strategy': 'median'}. Best is trial 0 with value: 1087.2585336290745.
[I 2023-12-12 15:23:50,280] Trial 29 finished with value: 1129.8624632761907 and parameters: {'model_name': 'SimpleImputer', 'strategy': 'median'}. Best is trial 0 with value: 1087.2585336290745.
[I 2023-12-12 15:23:50,557] Trial 33 finished with value: 1129.8624632761907 and parameters: {'model_name': 'SimpleImputer', 'strategy': 'median'}. Best is trial 0 with value: 1087.2585336290745.
[I 2023-12-12 15:23:51,180] Trial 38 finished with value: 1129.8624632761907 and parameters: {'model_name': 'SimpleImputer', 'strategy': 'median'}. Best is trial 0 with value: 1087.2585336290745.
[I 2023-12-12 15:23:51,482] Trial 52 finished with value: 1129.8624632761907 and parameters: {'model_name': 'SimpleImputer', 'strategy': 'median'}. Best is trial 0 with value: 1087.2585336290745.
[I 2023-12-12 15:23:51,766] Trial 28 finished with value: 1129.8624632761907 and parameters: {'model_name': 'SimpleImputer', 'strategy': 'median'}. Best is trial 0 with value: 1087.2585336290745.
[I 2023-12-12 15:23:52,118] Trial 39 finished with value: 1129.8624632761907 and parameters: {'model_name': 'SimpleImputer', 'strategy': 'median'}. Best is trial 0 with value: 1087.2585336290745.
[I 2023-12-12 15:23:52,392] Trial 35 finished with value: 1129.8624632761907 and parameters: {'model_name': 'SimpleImputer', 'strategy': 'median'}. Best is trial 0 with value: 1087.2585336290745.
[I 2023-12-12 15:23:52,664] Trial 46 finished with value: 1129.8624632761907 and parameters: {'model_name': 'SimpleImputer', 'strategy': 'median'}. Best is trial 0 with value: 1087.2585336290745.
[I 2023-12-12 15:23:52,925] Trial 48 finished with value: 1129.8624632761907 and parameters: {'model_name': 'SimpleImputer', 'strategy': 'median'}. Best is trial 0 with value: 1087.2585336290745.
[I 2023-12-12 15:23:53,519] Trial 45 finished with value: 1129.8624632761907 and parameters: {'model_name': 'SimpleImputer', 'strategy': 'median'}. Best is trial 0 with value: 1087.2585336290745.
[I 2023-12-12 15:23:53,976] Trial 1 finished with value: 1175.2837811696065 and parameters: {'model_name': 'SimpleImputer', 'strategy': 'most_frequent'}. Best is trial 0 with value: 1087.2585336290745.
[I 2023-12-12 15:23:55,066] Trial 4 finished with value: 1175.2837811696065 and parameters: {'model_name': 'SimpleImputer', 'strategy': 'most_frequent'}. Best is trial 0 with value: 1087.2585336290745.
[I 2023-12-12 15:23:55,707] Trial 11 finished with value: 1175.2837811696065 and parameters: {'model_name': 'SimpleImputer', 'strategy': 'most_frequent'}. Best is trial 0 with value: 1087.2585336290745.
[I 2023-12-12 15:23:56,109] Trial 30 finished with value: 1175.2837811696065 and parameters: {'model_name': 'SimpleImputer', 'strategy': 'most_frequent'}. Best is trial 0 with value: 1087.2585336290745.
[I 2023-12-12 15:23:56,317] Trial 18 finished with value: 1175.2837811696065 and parameters: {'model_name': 'SimpleImputer', 'strategy': 'most_frequent'}. Best is trial 0 with value: 1087.2585336290745.
[I 2023-12-12 15:23:56,760] Trial 47 finished with value: 1175.2837811696065 and parameters: {'model_name': 'SimpleImputer', 'strategy': 'most_frequent'}. Best is trial 0 with value: 1087.2585336290745.
[I 2023-12-12 15:23:56,994] Trial 26 finished with value: 1175.2837811696065 and parameters: {'model_name': 'SimpleImputer', 'strategy': 'most_frequent'}. Best is trial 0 with value: 1087.2585336290745.
[I 2023-12-12 15:23:57,236] Trial 27 finished with value: 1175.2837811696065 and parameters: {'model_name': 'SimpleImputer', 'strategy': 'most_frequent'}. Best is trial 0 with value: 1087.2585336290745.
[I 2023-12-12 15:23:57,686] Trial 88 finished with value: 1087.2585336290745 and parameters: {'model_name': 'SimpleImputer', 'strategy': 'mean'}. Best is trial 0 with value: 1087.2585336290745.
[I 2023-12-12 15:23:57,938] Trial 42 finished with value: 1175.2837811696065 and parameters: {'model_name': 'SimpleImputer', 'strategy': 'most_frequent'}. Best is trial 0 with value: 1087.2585336290745.
[I 2023-12-12 15:23:58,266] Trial 32 finished with value: 1175.2837811696065 and parameters: {'model_name': 'SimpleImputer', 'strategy': 'most_frequent'}. Best is trial 0 with value: 1087.2585336290745.
[I 2023-12-12 15:23:58,630] Trial 55 finished with value: 1175.2837811696065 and parameters: {'model_name': 'SimpleImputer', 'strategy': 'most_frequent'}. Best is trial 0 with value: 1087.2585336290745.
[I 2023-12-12 15:23:58,831] Trial 53 finished with value: 1175.2837811696065 and parameters: {'model_name': 'SimpleImputer', 'strategy': 'most_frequent'}. Best is trial 0 with value: 1087.2585336290745.
[I 2023-12-12 15:23:59,074] Trial 36 finished with value: 1175.2837811696065 and parameters: {'model_name': 'SimpleImputer', 'strategy': 'most_frequent'}. Best is trial 0 with value: 1087.2585336290745.
[I 2023-12-12 15:23:59,312] Trial 60 finished with value: 1175.2837811696065 and parameters: {'model_name': 'SimpleImputer', 'strategy': 'most_frequent'}. Best is trial 0 with value: 1087.2585336290745.
[I 2023-12-12 15:23:59,573] Trial 34 finished with value: 1175.2837811696065 and parameters: {'model_name': 'SimpleImputer', 'strategy': 'most_frequent'}. Best is trial 0 with value: 1087.2585336290745.
[I 2023-12-12 15:23:59,959] Trial 89 finished with value: 1087.2585336290745 and parameters: {'model_name': 'SimpleImputer', 'strategy': 'mean'}. Best is trial 0 with value: 1087.2585336290745.
[I 2023-12-12 15:24:00,219] Trial 91 finished with value: 1087.2585336290745 and parameters: {'model_name': 'SimpleImputer', 'strategy': 'mean'}. Best is trial 0 with value: 1087.2585336290745.
[I 2023-12-12 15:24:00,417] Trial 54 finished with value: 1175.2837811696065 and parameters: {'model_name': 'SimpleImputer', 'strategy': 'most_frequent'}. Best is trial 0 with value: 1087.2585336290745.
[I 2023-12-12 15:24:00,590] Trial 59 finished with value: 1175.2837811696065 and parameters: {'model_name': 'SimpleImputer', 'strategy': 'most_frequent'}. Best is trial 0 with value: 1087.2585336290745.
[I 2023-12-12 15:24:00,810] Trial 56 finished with value: 1175.2837811696065 and parameters: {'model_name': 'SimpleImputer', 'strategy': 'most_frequent'}. Best is trial 0 with value: 1087.2585336290745.
[I 2023-12-12 15:24:00,994] Trial 57 finished with value: 1175.2837811696065 and parameters: {'model_name': 'SimpleImputer', 'strategy': 'most_frequent'}. Best is trial 0 with value: 1087.2585336290745.
[I 2023-12-12 15:24:01,407] Trial 44 finished with value: 1175.2837811696065 and parameters: {'model_name': 'SimpleImputer', 'strategy': 'most_frequent'}. Best is trial 0 with value: 1087.2585336290745.
[I 2023-12-12 15:24:01,729] Trial 69 finished with value: 1175.2837811696065 and parameters: {'model_name': 'SimpleImputer', 'strategy': 'most_frequent'}. Best is trial 0 with value: 1087.2585336290745.
[I 2023-12-12 15:24:02,029] Trial 58 finished with value: 1175.2837811696065 and parameters: {'model_name': 'SimpleImputer', 'strategy': 'most_frequent'}. Best is trial 0 with value: 1087.2585336290745.
[I 2023-12-12 15:24:02,268] Trial 94 finished with value: 1087.2585336290745 and parameters: {'model_name': 'SimpleImputer', 'strategy': 'mean'}. Best is trial 0 with value: 1087.2585336290745.
[I 2023-12-12 15:24:02,516] Trial 92 finished with value: 1087.2585336290745 and parameters: {'model_name': 'SimpleImputer', 'strategy': 'mean'}. Best is trial 0 with value: 1087.2585336290745.
[I 2023-12-12 15:24:02,769] Trial 93 finished with value: 1087.2585336290745 and parameters: {'model_name': 'SimpleImputer', 'strategy': 'mean'}. Best is trial 0 with value: 1087.2585336290745.
[I 2023-12-12 15:24:03,013] Trial 90 finished with value: 1087.2585336290745 and parameters: {'model_name': 'SimpleImputer', 'strategy': 'mean'}. Best is trial 0 with value: 1087.2585336290745.
[I 2023-12-12 15:24:03,312] Trial 62 finished with value: 1175.2837811696065 and parameters: {'model_name': 'SimpleImputer', 'strategy': 'most_frequent'}. Best is trial 0 with value: 1087.2585336290745.
[I 2023-12-12 15:24:03,576] Trial 95 finished with value: 1087.2585336290745 and parameters: {'model_name': 'SimpleImputer', 'strategy': 'mean'}. Best is trial 0 with value: 1087.2585336290745.
[I 2023-12-12 15:24:03,909] Trial 41 finished with value: 1175.2837811696065 and parameters: {'model_name': 'SimpleImputer', 'strategy': 'most_frequent'}. Best is trial 0 with value: 1087.2585336290745.
[I 2023-12-12 15:24:04,126] Trial 63 finished with value: 1175.2837811696065 and parameters: {'model_name': 'SimpleImputer', 'strategy': 'most_frequent'}. Best is trial 0 with value: 1087.2585336290745.
[I 2023-12-12 15:24:04,309] Trial 97 finished with value: 1087.2585336290745 and parameters: {'model_name': 'SimpleImputer', 'strategy': 'mean'}. Best is trial 0 with value: 1087.2585336290745.
[I 2023-12-12 15:24:04,576] Trial 76 finished with value: 1175.2837811696065 and parameters: {'model_name': 'SimpleImputer', 'strategy': 'most_frequent'}. Best is trial 0 with value: 1087.2585336290745.
[I 2023-12-12 15:24:04,843] Trial 99 finished with value: 1087.2585336290745 and parameters: {'model_name': 'SimpleImputer', 'strategy': 'mean'}. Best is trial 0 with value: 1087.2585336290745.
[I 2023-12-12 15:24:05,118] Trial 66 finished with value: 1175.2837811696065 and parameters: {'model_name': 'SimpleImputer', 'strategy': 'most_frequent'}. Best is trial 0 with value: 1087.2585336290745.
[I 2023-12-12 15:24:05,328] Trial 75 finished with value: 1175.2837811696065 and parameters: {'model_name': 'SimpleImputer', 'strategy': 'most_frequent'}. Best is trial 0 with value: 1087.2585336290745.
[I 2023-12-12 15:24:05,626] Trial 100 finished with value: 1087.2585336290745 and parameters: {'model_name': 'SimpleImputer', 'strategy': 'mean'}. Best is trial 0 with value: 1087.2585336290745.
[I 2023-12-12 15:24:05,880] Trial 96 finished with value: 1087.2585336290745 and parameters: {'model_name': 'SimpleImputer', 'strategy': 'mean'}. Best is trial 0 with value: 1087.2585336290745.
[I 2023-12-12 15:24:06,060] Trial 68 finished with value: 1175.2837811696065 and parameters: {'model_name': 'SimpleImputer', 'strategy': 'most_frequent'}. Best is trial 0 with value: 1087.2585336290745.
[I 2023-12-12 15:24:06,240] Trial 98 finished with value: 1087.2585336290745 and parameters: {'model_name': 'SimpleImputer', 'strategy': 'mean'}. Best is trial 0 with value: 1087.2585336290745.
[I 2023-12-12 15:24:06,504] Trial 61 finished with value: 1175.2837811696065 and parameters: {'model_name': 'SimpleImputer', 'strategy': 'most_frequent'}. Best is trial 0 with value: 1087.2585336290745.
[I 2023-12-12 15:24:06,765] Trial 73 finished with value: 1175.2837811696065 and parameters: {'model_name': 'SimpleImputer', 'strategy': 'most_frequent'}. Best is trial 0 with value: 1087.2585336290745.
[I 2023-12-12 15:24:07,078] Trial 64 finished with value: 1175.2837811696065 and parameters: {'model_name': 'SimpleImputer', 'strategy': 'most_frequent'}. Best is trial 0 with value: 1087.2585336290745.
[I 2023-12-12 15:24:07,401] Trial 71 finished with value: 1175.2837811696065 and parameters: {'model_name': 'SimpleImputer', 'strategy': 'most_frequent'}. Best is trial 0 with value: 1087.2585336290745.
[I 2023-12-12 15:24:07,589] Trial 65 finished with value: 1175.2837811696065 and parameters: {'model_name': 'SimpleImputer', 'strategy': 'most_frequent'}. Best is trial 0 with value: 1087.2585336290745.
[I 2023-12-12 15:24:07,832] Trial 70 finished with value: 1175.2837811696065 and parameters: {'model_name': 'SimpleImputer', 'strategy': 'most_frequent'}. Best is trial 0 with value: 1087.2585336290745.
[I 2023-12-12 15:24:08,100] Trial 72 finished with value: 1175.2837811696065 and parameters: {'model_name': 'SimpleImputer', 'strategy': 'most_frequent'}. Best is trial 0 with value: 1087.2585336290745.
[I 2023-12-12 15:24:08,626] Trial 78 finished with value: 1175.2837811696065 and parameters: {'model_name': 'SimpleImputer', 'strategy': 'most_frequent'}. Best is trial 0 with value: 1087.2585336290745.
[I 2023-12-12 15:24:08,665] Trial 67 finished with value: 1175.2837811696065 and parameters: {'model_name': 'SimpleImputer', 'strategy': 'most_frequent'}. Best is trial 0 with value: 1087.2585336290745.
[I 2023-12-12 15:24:09,154] Trial 109 finished with value: 1087.2585336290745 and parameters: {'model_name': 'SimpleImputer', 'strategy': 'mean'}. Best is trial 0 with value: 1087.2585336290745.
[I 2023-12-12 15:24:09,379] Trial 80 finished with value: 1175.2837811696065 and parameters: {'model_name': 'SimpleImputer', 'strategy': 'most_frequent'}. Best is trial 0 with value: 1087.2585336290745.
[I 2023-12-12 15:24:09,608] Trial 107 finished with value: 1087.2585336290745 and parameters: {'model_name': 'SimpleImputer', 'strategy': 'mean'}. Best is trial 0 with value: 1087.2585336290745.
[I 2023-12-12 15:24:09,848] Trial 111 finished with value: 1087.2585336290745 and parameters: {'model_name': 'SimpleImputer', 'strategy': 'mean'}. Best is trial 0 with value: 1087.2585336290745.
[I 2023-12-12 15:24:10,068] Trial 74 finished with value: 1175.2837811696065 and parameters: {'model_name': 'SimpleImputer', 'strategy': 'most_frequent'}. Best is trial 0 with value: 1087.2585336290745.
[I 2023-12-12 15:24:10,297] Trial 105 finished with value: 1087.2585336290745 and parameters: {'model_name': 'SimpleImputer', 'strategy': 'mean'}. Best is trial 0 with value: 1087.2585336290745.
[I 2023-12-12 15:24:10,526] Trial 110 finished with value: 1087.2585336290745 and parameters: {'model_name': 'SimpleImputer', 'strategy': 'mean'}. Best is trial 0 with value: 1087.2585336290745.
[I 2023-12-12 15:24:10,800] Trial 101 finished with value: 1087.2585336290745 and parameters: {'model_name': 'SimpleImputer', 'strategy': 'mean'}. Best is trial 0 with value: 1087.2585336290745.
[I 2023-12-12 15:24:11,014] Trial 112 finished with value: 1087.2585336290745 and parameters: {'model_name': 'SimpleImputer', 'strategy': 'mean'}. Best is trial 0 with value: 1087.2585336290745.
[I 2023-12-12 15:24:11,259] Trial 115 finished with value: 1087.2585336290745 and parameters: {'model_name': 'SimpleImputer', 'strategy': 'mean'}. Best is trial 0 with value: 1087.2585336290745.
[I 2023-12-12 15:24:11,463] Trial 106 finished with value: 1087.2585336290745 and parameters: {'model_name': 'SimpleImputer', 'strategy': 'mean'}. Best is trial 0 with value: 1087.2585336290745.
[I 2023-12-12 15:24:11,796] Trial 104 finished with value: 1087.2585336290745 and parameters: {'model_name': 'SimpleImputer', 'strategy': 'mean'}. Best is trial 0 with value: 1087.2585336290745.
[I 2023-12-12 15:24:12,044] Trial 113 finished with value: 1087.2585336290745 and parameters: {'model_name': 'SimpleImputer', 'strategy': 'mean'}. Best is trial 0 with value: 1087.2585336290745.
[I 2023-12-12 15:24:12,265] Trial 102 finished with value: 1087.2585336290745 and parameters: {'model_name': 'SimpleImputer', 'strategy': 'mean'}. Best is trial 0 with value: 1087.2585336290745.
[I 2023-12-12 15:24:12,497] Trial 103 finished with value: 1087.2585336290745 and parameters: {'model_name': 'SimpleImputer', 'strategy': 'mean'}. Best is trial 0 with value: 1087.2585336290745.
[I 2023-12-12 15:24:12,722] Trial 108 finished with value: 1087.2585336290745 and parameters: {'model_name': 'SimpleImputer', 'strategy': 'mean'}. Best is trial 0 with value: 1087.2585336290745.
[I 2023-12-12 15:24:12,991] Trial 120 finished with value: 1087.2585336290745 and parameters: {'model_name': 'SimpleImputer', 'strategy': 'mean'}. Best is trial 0 with value: 1087.2585336290745.
[I 2023-12-12 15:24:13,222] Trial 116 finished with value: 1087.2585336290745 and parameters: {'model_name': 'SimpleImputer', 'strategy': 'mean'}. Best is trial 0 with value: 1087.2585336290745.
[I 2023-12-12 15:24:13,458] Trial 86 finished with value: 1175.2837811696065 and parameters: {'model_name': 'SimpleImputer', 'strategy': 'most_frequent'}. Best is trial 0 with value: 1087.2585336290745.
[I 2023-12-12 15:24:13,721] Trial 123 finished with value: 1087.2585336290745 and parameters: {'model_name': 'SimpleImputer', 'strategy': 'mean'}. Best is trial 0 with value: 1087.2585336290745.
[I 2023-12-12 15:24:13,943] Trial 119 finished with value: 1087.2585336290745 and parameters: {'model_name': 'SimpleImputer', 'strategy': 'mean'}. Best is trial 0 with value: 1087.2585336290745.
[I 2023-12-12 15:24:14,197] Trial 118 finished with value: 1087.2585336290745 and parameters: {'model_name': 'SimpleImputer', 'strategy': 'mean'}. Best is trial 0 with value: 1087.2585336290745.
[I 2023-12-12 15:24:14,362] Trial 124 finished with value: 1087.2585336290745 and parameters: {'model_name': 'SimpleImputer', 'strategy': 'mean'}. Best is trial 0 with value: 1087.2585336290745.
[I 2023-12-12 15:24:14,673] Trial 114 finished with value: 1087.2585336290745 and parameters: {'model_name': 'SimpleImputer', 'strategy': 'mean'}. Best is trial 0 with value: 1087.2585336290745.
[I 2023-12-12 15:24:14,868] Trial 121 finished with value: 1087.2585336290745 and parameters: {'model_name': 'SimpleImputer', 'strategy': 'mean'}. Best is trial 0 with value: 1087.2585336290745.
[I 2023-12-12 15:24:15,230] Trial 81 finished with value: 1175.2837811696065 and parameters: {'model_name': 'SimpleImputer', 'strategy': 'most_frequent'}. Best is trial 0 with value: 1087.2585336290745.
[I 2023-12-12 15:24:15,510] Trial 117 finished with value: 1087.2585336290745 and parameters: {'model_name': 'SimpleImputer', 'strategy': 'mean'}. Best is trial 0 with value: 1087.2585336290745.
[I 2023-12-12 15:24:15,706] Trial 87 finished with value: 1175.2837811696065 and parameters: {'model_name': 'SimpleImputer', 'strategy': 'most_frequent'}. Best is trial 0 with value: 1087.2585336290745.
[I 2023-12-12 15:24:15,936] Trial 128 finished with value: 1087.2585336290745 and parameters: {'model_name': 'SimpleImputer', 'strategy': 'mean'}. Best is trial 0 with value: 1087.2585336290745.
[I 2023-12-12 15:24:16,164] Trial 129 finished with value: 1087.2585336290745 and parameters: {'model_name': 'SimpleImputer', 'strategy': 'mean'}. Best is trial 0 with value: 1087.2585336290745.
[I 2023-12-12 15:24:16,349] Trial 126 finished with value: 1087.2585336290745 and parameters: {'model_name': 'SimpleImputer', 'strategy': 'mean'}. Best is trial 0 with value: 1087.2585336290745.
[I 2023-12-12 15:24:16,622] Trial 84 finished with value: 1175.2837811696065 and parameters: {'model_name': 'SimpleImputer', 'strategy': 'most_frequent'}. Best is trial 0 with value: 1087.2585336290745.
[I 2023-12-12 15:24:16,845] Trial 122 finished with value: 1087.2585336290745 and parameters: {'model_name': 'SimpleImputer', 'strategy': 'mean'}. Best is trial 0 with value: 1087.2585336290745.
[I 2023-12-12 15:24:17,076] Trial 77 finished with value: 1175.2837811696065 and parameters: {'model_name': 'SimpleImputer', 'strategy': 'most_frequent'}. Best is trial 0 with value: 1087.2585336290745.
[I 2023-12-12 15:24:17,307] Trial 127 finished with value: 1087.2585336290745 and parameters: {'model_name': 'SimpleImputer', 'strategy': 'mean'}. Best is trial 0 with value: 1087.2585336290745.
[I 2023-12-12 15:24:17,567] Trial 130 finished with value: 1087.2585336290745 and parameters: {'model_name': 'SimpleImputer', 'strategy': 'mean'}. Best is trial 0 with value: 1087.2585336290745.
[I 2023-12-12 15:24:17,850] Trial 135 finished with value: 1087.2585336290745 and parameters: {'model_name': 'SimpleImputer', 'strategy': 'mean'}. Best is trial 0 with value: 1087.2585336290745.
[I 2023-12-12 15:24:18,019] Trial 83 finished with value: 1175.2837811696065 and parameters: {'model_name': 'SimpleImputer', 'strategy': 'most_frequent'}. Best is trial 0 with value: 1087.2585336290745.
[I 2023-12-12 15:24:18,191] Trial 82 finished with value: 1175.2837811696065 and parameters: {'model_name': 'SimpleImputer', 'strategy': 'most_frequent'}. Best is trial 0 with value: 1087.2585336290745.
[I 2023-12-12 15:24:18,436] Trial 125 finished with value: 1087.2585336290745 and parameters: {'model_name': 'SimpleImputer', 'strategy': 'mean'}. Best is trial 0 with value: 1087.2585336290745.
[I 2023-12-12 15:24:18,661] Trial 85 finished with value: 1175.2837811696065 and parameters: {'model_name': 'SimpleImputer', 'strategy': 'most_frequent'}. Best is trial 0 with value: 1087.2585336290745.
[I 2023-12-12 15:24:18,908] Trial 137 finished with value: 1087.2585336290745 and parameters: {'model_name': 'SimpleImputer', 'strategy': 'mean'}. Best is trial 0 with value: 1087.2585336290745.
[I 2023-12-12 15:24:19,073] Trial 133 finished with value: 1087.2585336290745 and parameters: {'model_name': 'SimpleImputer', 'strategy': 'mean'}. Best is trial 0 with value: 1087.2585336290745.
[I 2023-12-12 15:24:19,305] Trial 79 finished with value: 1175.2837811696065 and parameters: {'model_name': 'SimpleImputer', 'strategy': 'most_frequent'}. Best is trial 0 with value: 1087.2585336290745.
[I 2023-12-12 15:24:19,542] Trial 132 finished with value: 1087.2585336290745 and parameters: {'model_name': 'SimpleImputer', 'strategy': 'mean'}. Best is trial 0 with value: 1087.2585336290745.
[I 2023-12-12 15:24:19,923] Trial 131 finished with value: 1087.2585336290745 and parameters: {'model_name': 'SimpleImputer', 'strategy': 'mean'}. Best is trial 0 with value: 1087.2585336290745.
[I 2023-12-12 15:24:20,292] Trial 141 finished with value: 1087.2585336290745 and parameters: {'model_name': 'SimpleImputer', 'strategy': 'mean'}. Best is trial 0 with value: 1087.2585336290745.
[I 2023-12-12 15:24:20,520] Trial 146 finished with value: 1087.2585336290745 and parameters: {'model_name': 'SimpleImputer', 'strategy': 'mean'}. Best is trial 0 with value: 1087.2585336290745.
[I 2023-12-12 15:24:20,742] Trial 144 finished with value: 1087.2585336290745 and parameters: {'model_name': 'SimpleImputer', 'strategy': 'mean'}. Best is trial 0 with value: 1087.2585336290745.
[I 2023-12-12 15:24:20,916] Trial 139 finished with value: 1087.2585336290745 and parameters: {'model_name': 'SimpleImputer', 'strategy': 'mean'}. Best is trial 0 with value: 1087.2585336290745.
[I 2023-12-12 15:24:21,162] Trial 140 finished with value: 1087.2585336290745 and parameters: {'model_name': 'SimpleImputer', 'strategy': 'mean'}. Best is trial 0 with value: 1087.2585336290745.
[I 2023-12-12 15:24:21,429] Trial 138 finished with value: 1087.2585336290745 and parameters: {'model_name': 'SimpleImputer', 'strategy': 'mean'}. Best is trial 0 with value: 1087.2585336290745.
[I 2023-12-12 15:24:21,750] Trial 143 finished with value: 1087.2585336290745 and parameters: {'model_name': 'SimpleImputer', 'strategy': 'mean'}. Best is trial 0 with value: 1087.2585336290745.
[I 2023-12-12 15:24:21,975] Trial 134 finished with value: 1087.2585336290745 and parameters: {'model_name': 'SimpleImputer', 'strategy': 'mean'}. Best is trial 0 with value: 1087.2585336290745.
[I 2023-12-12 15:24:22,236] Trial 162 finished with value: 1186.9167292748673 and parameters: {'model_name': 'SimpleImputer', 'strategy': 'constant'}. Best is trial 0 with value: 1087.2585336290745.
[I 2023-12-12 15:24:22,469] Trial 136 finished with value: 1087.2585336290745 and parameters: {'model_name': 'SimpleImputer', 'strategy': 'mean'}. Best is trial 0 with value: 1087.2585336290745.
[I 2023-12-12 15:24:22,695] Trial 142 finished with value: 1087.2585336290745 and parameters: {'model_name': 'SimpleImputer', 'strategy': 'mean'}. Best is trial 0 with value: 1087.2585336290745.
[I 2023-12-12 15:24:22,881] Trial 145 finished with value: 1087.2585336290745 and parameters: {'model_name': 'SimpleImputer', 'strategy': 'mean'}. Best is trial 0 with value: 1087.2585336290745.
[I 2023-12-12 15:24:23,108] Trial 165 finished with value: 1186.9167292748673 and parameters: {'model_name': 'SimpleImputer', 'strategy': 'constant'}. Best is trial 0 with value: 1087.2585336290745.
[I 2023-12-12 15:24:23,293] Trial 161 finished with value: 1186.9167292748673 and parameters: {'model_name': 'SimpleImputer', 'strategy': 'constant'}. Best is trial 0 with value: 1087.2585336290745.
[I 2023-12-12 15:24:23,480] Trial 148 finished with value: 1087.2585336290745 and parameters: {'model_name': 'SimpleImputer', 'strategy': 'mean'}. Best is trial 0 with value: 1087.2585336290745.
[I 2023-12-12 15:24:23,677] Trial 157 finished with value: 1087.2585336290745 and parameters: {'model_name': 'SimpleImputer', 'strategy': 'mean'}. Best is trial 0 with value: 1087.2585336290745.
[I 2023-12-12 15:24:23,889] Trial 150 finished with value: 1087.2585336290745 and parameters: {'model_name': 'SimpleImputer', 'strategy': 'mean'}. Best is trial 0 with value: 1087.2585336290745.
[I 2023-12-12 15:24:24,220] Trial 149 finished with value: 1087.2585336290745 and parameters: {'model_name': 'SimpleImputer', 'strategy': 'mean'}. Best is trial 0 with value: 1087.2585336290745.
[I 2023-12-12 15:24:24,421] Trial 147 finished with value: 1087.2585336290745 and parameters: {'model_name': 'SimpleImputer', 'strategy': 'mean'}. Best is trial 0 with value: 1087.2585336290745.
[I 2023-12-12 15:24:24,686] Trial 152 finished with value: 1087.2585336290745 and parameters: {'model_name': 'SimpleImputer', 'strategy': 'mean'}. Best is trial 0 with value: 1087.2585336290745.
[I 2023-12-12 15:24:24,950] Trial 169 finished with value: 1186.9167292748673 and parameters: {'model_name': 'SimpleImputer', 'strategy': 'constant'}. Best is trial 0 with value: 1087.2585336290745.
[I 2023-12-12 15:24:25,162] Trial 154 finished with value: 1087.2585336290745 and parameters: {'model_name': 'SimpleImputer', 'strategy': 'mean'}. Best is trial 0 with value: 1087.2585336290745.
[I 2023-12-12 15:24:25,594] Trial 158 finished with value: 1087.2585336290745 and parameters: {'model_name': 'SimpleImputer', 'strategy': 'mean'}. Best is trial 0 with value: 1087.2585336290745.
[I 2023-12-12 15:24:25,844] Trial 164 finished with value: 1186.9167292748673 and parameters: {'model_name': 'SimpleImputer', 'strategy': 'constant'}. Best is trial 0 with value: 1087.2585336290745.
[I 2023-12-12 15:24:26,108] Trial 153 finished with value: 1087.2585336290745 and parameters: {'model_name': 'SimpleImputer', 'strategy': 'mean'}. Best is trial 0 with value: 1087.2585336290745.
[I 2023-12-12 15:24:26,352] Trial 155 finished with value: 1087.2585336290745 and parameters: {'model_name': 'SimpleImputer', 'strategy': 'mean'}. Best is trial 0 with value: 1087.2585336290745.
[I 2023-12-12 15:24:26,673] Trial 178 finished with value: 1186.9167292748673 and parameters: {'model_name': 'SimpleImputer', 'strategy': 'constant'}. Best is trial 0 with value: 1087.2585336290745.
[I 2023-12-12 15:24:26,862] Trial 168 finished with value: 1186.9167292748673 and parameters: {'model_name': 'SimpleImputer', 'strategy': 'constant'}. Best is trial 0 with value: 1087.2585336290745.
[I 2023-12-12 15:24:27,045] Trial 175 finished with value: 1186.9167292748673 and parameters: {'model_name': 'SimpleImputer', 'strategy': 'constant'}. Best is trial 0 with value: 1087.2585336290745.
[I 2023-12-12 15:24:27,300] Trial 160 finished with value: 1087.2585336290745 and parameters: {'model_name': 'SimpleImputer', 'strategy': 'mean'}. Best is trial 0 with value: 1087.2585336290745.
[I 2023-12-12 15:24:27,483] Trial 159 finished with value: 1087.2585336290745 and parameters: {'model_name': 'SimpleImputer', 'strategy': 'mean'}. Best is trial 0 with value: 1087.2585336290745.
[I 2023-12-12 15:24:27,672] Trial 170 finished with value: 1087.2585336290745 and parameters: {'model_name': 'SimpleImputer', 'strategy': 'mean'}. Best is trial 0 with value: 1087.2585336290745.
[I 2023-12-12 15:24:27,917] Trial 176 finished with value: 1186.9167292748673 and parameters: {'model_name': 'SimpleImputer', 'strategy': 'constant'}. Best is trial 0 with value: 1087.2585336290745.
[I 2023-12-12 15:24:28,138] Trial 174 finished with value: 1186.9167292748673 and parameters: {'model_name': 'SimpleImputer', 'strategy': 'constant'}. Best is trial 0 with value: 1087.2585336290745.
[I 2023-12-12 15:24:28,486] Trial 163 finished with value: 1087.2585336290745 and parameters: {'model_name': 'SimpleImputer', 'strategy': 'mean'}. Best is trial 0 with value: 1087.2585336290745.
[I 2023-12-12 15:24:28,694] Trial 166 finished with value: 1186.9167292748673 and parameters: {'model_name': 'SimpleImputer', 'strategy': 'constant'}. Best is trial 0 with value: 1087.2585336290745.
[I 2023-12-12 15:24:28,925] Trial 151 finished with value: 1087.2585336290745 and parameters: {'model_name': 'SimpleImputer', 'strategy': 'mean'}. Best is trial 0 with value: 1087.2585336290745.
[I 2023-12-12 15:24:29,153] Trial 171 finished with value: 1087.2585336290745 and parameters: {'model_name': 'SimpleImputer', 'strategy': 'mean'}. Best is trial 0 with value: 1087.2585336290745.
[I 2023-12-12 15:24:29,371] Trial 173 finished with value: 1186.9167292748673 and parameters: {'model_name': 'SimpleImputer', 'strategy': 'constant'}. Best is trial 0 with value: 1087.2585336290745.
[I 2023-12-12 15:24:29,665] Trial 167 finished with value: 1186.9167292748673 and parameters: {'model_name': 'SimpleImputer', 'strategy': 'constant'}. Best is trial 0 with value: 1087.2585336290745.
[I 2023-12-12 15:24:29,864] Trial 172 finished with value: 1186.9167292748673 and parameters: {'model_name': 'SimpleImputer', 'strategy': 'constant'}. Best is trial 0 with value: 1087.2585336290745.
[I 2023-12-12 15:24:30,218] Trial 179 finished with value: 1087.2585336290745 and parameters: {'model_name': 'SimpleImputer', 'strategy': 'mean'}. Best is trial 0 with value: 1087.2585336290745.
[I 2023-12-12 15:24:30,515] Trial 184 finished with value: 1087.2585336290745 and parameters: {'model_name': 'SimpleImputer', 'strategy': 'mean'}. Best is trial 0 with value: 1087.2585336290745.
[I 2023-12-12 15:24:30,700] Trial 177 finished with value: 1186.9167292748673 and parameters: {'model_name': 'SimpleImputer', 'strategy': 'constant'}. Best is trial 0 with value: 1087.2585336290745.
[I 2023-12-12 15:24:30,980] Trial 156 finished with value: 1087.2585336290745 and parameters: {'model_name': 'SimpleImputer', 'strategy': 'mean'}. Best is trial 0 with value: 1087.2585336290745.
[I 2023-12-12 15:24:31,212] Trial 182 finished with value: 1087.2585336290745 and parameters: {'model_name': 'SimpleImputer', 'strategy': 'mean'}. Best is trial 0 with value: 1087.2585336290745.
[I 2023-12-12 15:24:31,400] Trial 183 finished with value: 1087.2585336290745 and parameters: {'model_name': 'SimpleImputer', 'strategy': 'mean'}. Best is trial 0 with value: 1087.2585336290745.
[I 2023-12-12 15:24:31,583] Trial 189 finished with value: 1087.2585336290745 and parameters: {'model_name': 'SimpleImputer', 'strategy': 'mean'}. Best is trial 0 with value: 1087.2585336290745.
[I 2023-12-12 15:24:31,898] Trial 180 finished with value: 1186.9167292748673 and parameters: {'model_name': 'SimpleImputer', 'strategy': 'constant'}. Best is trial 0 with value: 1087.2585336290745.
[I 2023-12-12 15:24:32,346] Trial 193 finished with value: 1087.2585336290745 and parameters: {'model_name': 'SimpleImputer', 'strategy': 'mean'}. Best is trial 0 with value: 1087.2585336290745.
[I 2023-12-12 15:24:32,533] Trial 187 finished with value: 1087.2585336290745 and parameters: {'model_name': 'SimpleImputer', 'strategy': 'mean'}. Best is trial 0 with value: 1087.2585336290745.
[I 2023-12-12 15:24:32,792] Trial 181 finished with value: 1186.9167292748673 and parameters: {'model_name': 'SimpleImputer', 'strategy': 'constant'}. Best is trial 0 with value: 1087.2585336290745.
[I 2023-12-12 15:24:33,025] Trial 190 finished with value: 1087.2585336290745 and parameters: {'model_name': 'SimpleImputer', 'strategy': 'mean'}. Best is trial 0 with value: 1087.2585336290745.
[I 2023-12-12 15:24:33,243] Trial 188 finished with value: 1087.2585336290745 and parameters: {'model_name': 'SimpleImputer', 'strategy': 'mean'}. Best is trial 0 with value: 1087.2585336290745.
[I 2023-12-12 15:24:33,450] Trial 191 finished with value: 1087.2585336290745 and parameters: {'model_name': 'SimpleImputer', 'strategy': 'mean'}. Best is trial 0 with value: 1087.2585336290745.
[I 2023-12-12 15:24:33,620] Trial 186 finished with value: 1087.2585336290745 and parameters: {'model_name': 'SimpleImputer', 'strategy': 'mean'}. Best is trial 0 with value: 1087.2585336290745.
[I 2023-12-12 15:24:33,870] Trial 192 finished with value: 1087.2585336290745 and parameters: {'model_name': 'SimpleImputer', 'strategy': 'mean'}. Best is trial 0 with value: 1087.2585336290745.
[I 2023-12-12 15:24:34,093] Trial 198 finished with value: 1087.2585336290745 and parameters: {'model_name': 'SimpleImputer', 'strategy': 'mean'}. Best is trial 0 with value: 1087.2585336290745.
[I 2023-12-12 15:24:34,312] Trial 194 finished with value: 1087.2585336290745 and parameters: {'model_name': 'SimpleImputer', 'strategy': 'mean'}. Best is trial 0 with value: 1087.2585336290745.
[I 2023-12-12 15:24:34,496] Trial 196 finished with value: 1087.2585336290745 and parameters: {'model_name': 'SimpleImputer', 'strategy': 'mean'}. Best is trial 0 with value: 1087.2585336290745.
[I 2023-12-12 15:24:34,674] Trial 195 finished with value: 1087.2585336290745 and parameters: {'model_name': 'SimpleImputer', 'strategy': 'mean'}. Best is trial 0 with value: 1087.2585336290745.
[I 2023-12-12 15:24:34,863] Trial 197 finished with value: 1087.2585336290745 and parameters: {'model_name': 'SimpleImputer', 'strategy': 'mean'}. Best is trial 0 with value: 1087.2585336290745.
[I 2023-12-12 15:24:35,092] Trial 199 finished with value: 1087.2585336290745 and parameters: {'model_name': 'SimpleImputer', 'strategy': 'mean'}. Best is trial 0 with value: 1087.2585336290745.
[I 2023-12-12 15:24:35,311] Trial 185 finished with value: 1087.2585336290745 and parameters: {'model_name': 'SimpleImputer', 'strategy': 'mean'}. Best is trial 0 with value: 1087.2585336290745.
simple fit
failed on 
logs/30/tpot2_base_normal_MCAR_0.01
'AutoImputer' object has no attribute 'X'
Traceback (most recent call last):
  File "/common/ketrong/AutoImputeExp/tpot2_imputetest/Impute_Experiments/utils.py", line 326, in loop_through_tasks
    simple_impute = SimpleImputeSpace.transform(X_test_missing_p)
  File "/common/ketrong/AutoImputeExp/tpot2_imputetest/Impute_Experiments/autoimpute.py", line 72, in transform
    imputed = pd.DataFrame(imputed, columns=self.X.columns.values)
AttributeError: 'AutoImputer' object has no attribute 'X'

one dataset takes
0.016018860075208877
hours
DONE
