Run: 14
/cm/local/apps/slurm/var/spool/job549696/slurm_script: line 23: /common/ketrong/minconda3/etc/profile.d/conda.sh: No such file or directory
/cm/local/apps/slurm/var/spool/job549696/slurm_script: line 26: $'\nconda create --name tpot2devenv -c conda-forge python=3.10\n': command not found
/cm/local/apps/slurm/var/spool/job549696/slurm_script: line 31: $'\npip install -r requirements.txt\n': command not found
RunStart
2023-12-12 15:24:50.900875: I tensorflow/core/util/port.cc:113] oneDNN custom operations are on. You may see slightly different numerical results due to floating-point round-off errors from different computation orders. To turn them off, set the environment variable `TF_ENABLE_ONEDNN_OPTS=0`.
2023-12-12 15:24:50.936670: E external/local_xla/xla/stream_executor/cuda/cuda_dnn.cc:9261] Unable to register cuDNN factory: Attempting to register factory for plugin cuDNN when one has already been registered
2023-12-12 15:24:50.936694: E external/local_xla/xla/stream_executor/cuda/cuda_fft.cc:607] Unable to register cuFFT factory: Attempting to register factory for plugin cuFFT when one has already been registered
2023-12-12 15:24:50.940197: E external/local_xla/xla/stream_executor/cuda/cuda_blas.cc:1515] Unable to register cuBLAS factory: Attempting to register factory for plugin cuBLAS when one has already been registered
2023-12-12 15:24:50.946686: I tensorflow/core/platform/cpu_feature_guard.cc:182] This TensorFlow binary is optimized to use available CPU instructions in performance-critical operations.
To enable the following instructions: AVX2 AVX512F AVX512_VNNI FMA, in other operations, rebuild TensorFlow with the appropriate compiler flags.
2023-12-12 15:24:52.369205: W tensorflow/compiler/tf2tensorrt/utils/py_utils.cc:38] TF-TRT Warning: Could not find TensorRT
WARNING:tensorflow:From /home/ketrong/miniconda3/envs/tpot2devenv/lib/python3.10/site-packages/tensorflow/python/compat/v2_compat.py:108: disable_resource_variables (from tensorflow.python.ops.variable_scope) is deprecated and will be removed in a future version.
Instructions for updating:
non-resource variables are not supported in the long term
starting loops
working on 
logs/30/tpot2_base_normal_MNAR_0.5
3.2136056423187256
loading data
data/30_True.pkl
running experiment 1/3 - Does large hyperparameter space improve reconstruction accuracy over simple
[I 2023-12-12 15:25:09,370] A new study created in memory with name: no-name-461f4ac2-59ab-4761-a9f8-87ac519b643f
[I 2023-12-12 15:25:09,618] Trial 2 finished with value: 451.02235231212927 and parameters: {'model_name': 'SimpleImputer', 'strategy': 'constant'}. Best is trial 2 with value: 451.02235231212927.
[I 2023-12-12 15:25:10,138] Trial 15 finished with value: 451.02235231212927 and parameters: {'model_name': 'SimpleImputer', 'strategy': 'constant'}. Best is trial 2 with value: 451.02235231212927.
[I 2023-12-12 15:25:10,293] Trial 3 finished with value: 391.8929324224427 and parameters: {'model_name': 'SimpleImputer', 'strategy': 'mean'}. Best is trial 3 with value: 391.8929324224427.
[I 2023-12-12 15:25:10,535] Trial 5 finished with value: 391.8929324224427 and parameters: {'model_name': 'SimpleImputer', 'strategy': 'mean'}. Best is trial 3 with value: 391.8929324224427.
[I 2023-12-12 15:25:10,717] Trial 11 finished with value: 451.02235231212927 and parameters: {'model_name': 'SimpleImputer', 'strategy': 'constant'}. Best is trial 3 with value: 391.8929324224427.
[I 2023-12-12 15:25:10,967] Trial 10 finished with value: 391.8929324224427 and parameters: {'model_name': 'SimpleImputer', 'strategy': 'mean'}. Best is trial 3 with value: 391.8929324224427.
[I 2023-12-12 15:25:11,174] Trial 7 finished with value: 391.8929324224427 and parameters: {'model_name': 'SimpleImputer', 'strategy': 'mean'}. Best is trial 3 with value: 391.8929324224427.
[I 2023-12-12 15:25:11,445] Trial 16 finished with value: 391.8929324224427 and parameters: {'model_name': 'SimpleImputer', 'strategy': 'mean'}. Best is trial 3 with value: 391.8929324224427.
[I 2023-12-12 15:25:11,611] Trial 8 finished with value: 391.8929324224427 and parameters: {'model_name': 'SimpleImputer', 'strategy': 'mean'}. Best is trial 3 with value: 391.8929324224427.
[I 2023-12-12 15:25:11,869] Trial 9 finished with value: 451.02235231212927 and parameters: {'model_name': 'SimpleImputer', 'strategy': 'constant'}. Best is trial 3 with value: 391.8929324224427.
[I 2023-12-12 15:25:12,165] Trial 32 finished with value: 451.02235231212927 and parameters: {'model_name': 'SimpleImputer', 'strategy': 'constant'}. Best is trial 3 with value: 391.8929324224427.
[I 2023-12-12 15:25:12,571] Trial 18 finished with value: 391.8929324224427 and parameters: {'model_name': 'SimpleImputer', 'strategy': 'mean'}. Best is trial 3 with value: 391.8929324224427.
[I 2023-12-12 15:25:12,780] Trial 23 finished with value: 451.02235231212927 and parameters: {'model_name': 'SimpleImputer', 'strategy': 'constant'}. Best is trial 3 with value: 391.8929324224427.
[I 2023-12-12 15:25:12,940] Trial 17 finished with value: 391.8929324224427 and parameters: {'model_name': 'SimpleImputer', 'strategy': 'mean'}. Best is trial 3 with value: 391.8929324224427.
[I 2023-12-12 15:25:13,253] Trial 22 finished with value: 391.8929324224427 and parameters: {'model_name': 'SimpleImputer', 'strategy': 'mean'}. Best is trial 3 with value: 391.8929324224427.
[I 2023-12-12 15:25:13,564] Trial 37 finished with value: 391.8929324224427 and parameters: {'model_name': 'SimpleImputer', 'strategy': 'mean'}. Best is trial 3 with value: 391.8929324224427.
[I 2023-12-12 15:25:13,843] Trial 4 finished with value: 450.76267387997075 and parameters: {'model_name': 'SimpleImputer', 'strategy': 'median'}. Best is trial 3 with value: 391.8929324224427.
[I 2023-12-12 15:25:14,187] Trial 0 finished with value: 450.76267387997075 and parameters: {'model_name': 'SimpleImputer', 'strategy': 'median'}. Best is trial 3 with value: 391.8929324224427.
[I 2023-12-12 15:25:14,486] Trial 31 finished with value: 391.8929324224427 and parameters: {'model_name': 'SimpleImputer', 'strategy': 'mean'}. Best is trial 3 with value: 391.8929324224427.
[I 2023-12-12 15:25:14,762] Trial 1 finished with value: 450.76267387997075 and parameters: {'model_name': 'SimpleImputer', 'strategy': 'median'}. Best is trial 3 with value: 391.8929324224427.
[I 2023-12-12 15:25:14,975] Trial 49 finished with value: 451.02235231212927 and parameters: {'model_name': 'SimpleImputer', 'strategy': 'constant'}. Best is trial 3 with value: 391.8929324224427.
[I 2023-12-12 15:25:15,234] Trial 48 finished with value: 451.02235231212927 and parameters: {'model_name': 'SimpleImputer', 'strategy': 'constant'}. Best is trial 3 with value: 391.8929324224427.
[I 2023-12-12 15:25:15,437] Trial 42 finished with value: 451.02235231212927 and parameters: {'model_name': 'SimpleImputer', 'strategy': 'constant'}. Best is trial 3 with value: 391.8929324224427.
[I 2023-12-12 15:25:15,667] Trial 33 finished with value: 391.8929324224427 and parameters: {'model_name': 'SimpleImputer', 'strategy': 'mean'}. Best is trial 3 with value: 391.8929324224427.
[I 2023-12-12 15:25:16,017] Trial 39 finished with value: 451.02235231212927 and parameters: {'model_name': 'SimpleImputer', 'strategy': 'constant'}. Best is trial 3 with value: 391.8929324224427.
[I 2023-12-12 15:25:16,403] Trial 40 finished with value: 391.8929324224427 and parameters: {'model_name': 'SimpleImputer', 'strategy': 'mean'}. Best is trial 3 with value: 391.8929324224427.
[I 2023-12-12 15:25:16,717] Trial 43 finished with value: 391.8929324224427 and parameters: {'model_name': 'SimpleImputer', 'strategy': 'mean'}. Best is trial 3 with value: 391.8929324224427.
[I 2023-12-12 15:25:16,947] Trial 34 finished with value: 391.8929324224427 and parameters: {'model_name': 'SimpleImputer', 'strategy': 'mean'}. Best is trial 3 with value: 391.8929324224427.
[I 2023-12-12 15:25:17,229] Trial 45 finished with value: 391.8929324224427 and parameters: {'model_name': 'SimpleImputer', 'strategy': 'mean'}. Best is trial 3 with value: 391.8929324224427.
[I 2023-12-12 15:25:17,539] Trial 14 finished with value: 450.76267387997075 and parameters: {'model_name': 'SimpleImputer', 'strategy': 'median'}. Best is trial 3 with value: 391.8929324224427.
[I 2023-12-12 15:25:17,767] Trial 19 finished with value: 450.76267387997075 and parameters: {'model_name': 'SimpleImputer', 'strategy': 'median'}. Best is trial 3 with value: 391.8929324224427.
[I 2023-12-12 15:25:18,131] Trial 13 finished with value: 450.76267387997075 and parameters: {'model_name': 'SimpleImputer', 'strategy': 'median'}. Best is trial 3 with value: 391.8929324224427.
[I 2023-12-12 15:25:18,334] Trial 24 finished with value: 450.76267387997075 and parameters: {'model_name': 'SimpleImputer', 'strategy': 'median'}. Best is trial 3 with value: 391.8929324224427.
[I 2023-12-12 15:25:18,622] Trial 30 finished with value: 450.76267387997075 and parameters: {'model_name': 'SimpleImputer', 'strategy': 'median'}. Best is trial 3 with value: 391.8929324224427.
[I 2023-12-12 15:25:18,935] Trial 27 finished with value: 450.76267387997075 and parameters: {'model_name': 'SimpleImputer', 'strategy': 'median'}. Best is trial 3 with value: 391.8929324224427.
[I 2023-12-12 15:25:19,324] Trial 47 finished with value: 391.8929324224427 and parameters: {'model_name': 'SimpleImputer', 'strategy': 'mean'}. Best is trial 3 with value: 391.8929324224427.
[I 2023-12-12 15:25:19,703] Trial 36 finished with value: 450.76267387997075 and parameters: {'model_name': 'SimpleImputer', 'strategy': 'median'}. Best is trial 3 with value: 391.8929324224427.
[I 2023-12-12 15:25:20,017] Trial 26 finished with value: 450.76267387997075 and parameters: {'model_name': 'SimpleImputer', 'strategy': 'median'}. Best is trial 3 with value: 391.8929324224427.
[I 2023-12-12 15:25:20,293] Trial 25 finished with value: 450.76267387997075 and parameters: {'model_name': 'SimpleImputer', 'strategy': 'median'}. Best is trial 3 with value: 391.8929324224427.
[I 2023-12-12 15:25:20,551] Trial 44 finished with value: 450.76267387997075 and parameters: {'model_name': 'SimpleImputer', 'strategy': 'median'}. Best is trial 3 with value: 391.8929324224427.
[I 2023-12-12 15:25:20,846] Trial 41 finished with value: 450.76267387997075 and parameters: {'model_name': 'SimpleImputer', 'strategy': 'median'}. Best is trial 3 with value: 391.8929324224427.
[I 2023-12-12 15:25:21,214] Trial 52 finished with value: 450.76267387997075 and parameters: {'model_name': 'SimpleImputer', 'strategy': 'median'}. Best is trial 3 with value: 391.8929324224427.
[I 2023-12-12 15:25:21,555] Trial 50 finished with value: 450.76267387997075 and parameters: {'model_name': 'SimpleImputer', 'strategy': 'median'}. Best is trial 3 with value: 391.8929324224427.
[I 2023-12-12 15:25:22,036] Trial 59 finished with value: 450.76267387997075 and parameters: {'model_name': 'SimpleImputer', 'strategy': 'median'}. Best is trial 3 with value: 391.8929324224427.
[I 2023-12-12 15:25:22,313] Trial 56 finished with value: 450.76267387997075 and parameters: {'model_name': 'SimpleImputer', 'strategy': 'median'}. Best is trial 3 with value: 391.8929324224427.
[I 2023-12-12 15:25:22,498] Trial 38 finished with value: 450.76267387997075 and parameters: {'model_name': 'SimpleImputer', 'strategy': 'median'}. Best is trial 3 with value: 391.8929324224427.
[I 2023-12-12 15:25:22,714] Trial 46 finished with value: 450.76267387997075 and parameters: {'model_name': 'SimpleImputer', 'strategy': 'median'}. Best is trial 3 with value: 391.8929324224427.
[I 2023-12-12 15:25:23,023] Trial 58 finished with value: 450.76267387997075 and parameters: {'model_name': 'SimpleImputer', 'strategy': 'median'}. Best is trial 3 with value: 391.8929324224427.
[I 2023-12-12 15:25:24,270] Trial 6 finished with value: 451.02235231212927 and parameters: {'model_name': 'SimpleImputer', 'strategy': 'most_frequent'}. Best is trial 3 with value: 391.8929324224427.
[I 2023-12-12 15:25:24,766] Trial 12 finished with value: 451.02235231212927 and parameters: {'model_name': 'SimpleImputer', 'strategy': 'most_frequent'}. Best is trial 3 with value: 391.8929324224427.
[I 2023-12-12 15:25:25,016] Trial 20 finished with value: 451.02235231212927 and parameters: {'model_name': 'SimpleImputer', 'strategy': 'most_frequent'}. Best is trial 3 with value: 391.8929324224427.
[I 2023-12-12 15:25:25,373] Trial 21 finished with value: 451.02235231212927 and parameters: {'model_name': 'SimpleImputer', 'strategy': 'most_frequent'}. Best is trial 3 with value: 391.8929324224427.
[I 2023-12-12 15:25:25,977] Trial 28 finished with value: 451.02235231212927 and parameters: {'model_name': 'SimpleImputer', 'strategy': 'most_frequent'}. Best is trial 3 with value: 391.8929324224427.
[I 2023-12-12 15:25:26,401] Trial 35 finished with value: 451.02235231212927 and parameters: {'model_name': 'SimpleImputer', 'strategy': 'most_frequent'}. Best is trial 3 with value: 391.8929324224427.
[I 2023-12-12 15:25:26,594] Trial 29 finished with value: 451.02235231212927 and parameters: {'model_name': 'SimpleImputer', 'strategy': 'most_frequent'}. Best is trial 3 with value: 391.8929324224427.
[I 2023-12-12 15:25:26,842] Trial 54 finished with value: 451.02235231212927 and parameters: {'model_name': 'SimpleImputer', 'strategy': 'most_frequent'}. Best is trial 3 with value: 391.8929324224427.
[I 2023-12-12 15:25:27,273] Trial 51 finished with value: 451.02235231212927 and parameters: {'model_name': 'SimpleImputer', 'strategy': 'most_frequent'}. Best is trial 3 with value: 391.8929324224427.
[I 2023-12-12 15:25:27,591] Trial 98 finished with value: 391.8929324224427 and parameters: {'model_name': 'SimpleImputer', 'strategy': 'mean'}. Best is trial 3 with value: 391.8929324224427.
[I 2023-12-12 15:25:27,859] Trial 53 finished with value: 451.02235231212927 and parameters: {'model_name': 'SimpleImputer', 'strategy': 'most_frequent'}. Best is trial 3 with value: 391.8929324224427.
[I 2023-12-12 15:25:28,141] Trial 63 finished with value: 451.02235231212927 and parameters: {'model_name': 'SimpleImputer', 'strategy': 'most_frequent'}. Best is trial 3 with value: 391.8929324224427.
[I 2023-12-12 15:25:28,514] Trial 60 finished with value: 451.02235231212927 and parameters: {'model_name': 'SimpleImputer', 'strategy': 'most_frequent'}. Best is trial 3 with value: 391.8929324224427.
[I 2023-12-12 15:25:28,783] Trial 65 finished with value: 451.02235231212927 and parameters: {'model_name': 'SimpleImputer', 'strategy': 'most_frequent'}. Best is trial 3 with value: 391.8929324224427.
[I 2023-12-12 15:25:29,041] Trial 70 finished with value: 451.02235231212927 and parameters: {'model_name': 'SimpleImputer', 'strategy': 'most_frequent'}. Best is trial 3 with value: 391.8929324224427.
[I 2023-12-12 15:25:29,238] Trial 62 finished with value: 451.02235231212927 and parameters: {'model_name': 'SimpleImputer', 'strategy': 'most_frequent'}. Best is trial 3 with value: 391.8929324224427.
[I 2023-12-12 15:25:29,544] Trial 99 finished with value: 391.8929324224427 and parameters: {'model_name': 'SimpleImputer', 'strategy': 'mean'}. Best is trial 3 with value: 391.8929324224427.
[I 2023-12-12 15:25:29,707] Trial 97 finished with value: 391.8929324224427 and parameters: {'model_name': 'SimpleImputer', 'strategy': 'mean'}. Best is trial 3 with value: 391.8929324224427.
[I 2023-12-12 15:25:30,104] Trial 57 finished with value: 451.02235231212927 and parameters: {'model_name': 'SimpleImputer', 'strategy': 'most_frequent'}. Best is trial 3 with value: 391.8929324224427.
[I 2023-12-12 15:25:30,645] Trial 100 finished with value: 391.8929324224427 and parameters: {'model_name': 'SimpleImputer', 'strategy': 'mean'}. Best is trial 3 with value: 391.8929324224427.
[I 2023-12-12 15:25:30,914] Trial 106 finished with value: 391.8929324224427 and parameters: {'model_name': 'SimpleImputer', 'strategy': 'mean'}. Best is trial 3 with value: 391.8929324224427.
[I 2023-12-12 15:25:31,233] Trial 64 finished with value: 451.02235231212927 and parameters: {'model_name': 'SimpleImputer', 'strategy': 'most_frequent'}. Best is trial 3 with value: 391.8929324224427.
[I 2023-12-12 15:25:31,528] Trial 103 finished with value: 391.8929324224427 and parameters: {'model_name': 'SimpleImputer', 'strategy': 'mean'}. Best is trial 3 with value: 391.8929324224427.
[I 2023-12-12 15:25:31,767] Trial 71 finished with value: 451.02235231212927 and parameters: {'model_name': 'SimpleImputer', 'strategy': 'most_frequent'}. Best is trial 3 with value: 391.8929324224427.
[I 2023-12-12 15:25:32,040] Trial 69 finished with value: 451.02235231212927 and parameters: {'model_name': 'SimpleImputer', 'strategy': 'most_frequent'}. Best is trial 3 with value: 391.8929324224427.
[I 2023-12-12 15:25:32,287] Trial 72 finished with value: 451.02235231212927 and parameters: {'model_name': 'SimpleImputer', 'strategy': 'most_frequent'}. Best is trial 3 with value: 391.8929324224427.
[I 2023-12-12 15:25:32,454] Trial 66 finished with value: 451.02235231212927 and parameters: {'model_name': 'SimpleImputer', 'strategy': 'most_frequent'}. Best is trial 3 with value: 391.8929324224427.
[I 2023-12-12 15:25:32,702] Trial 68 finished with value: 451.02235231212927 and parameters: {'model_name': 'SimpleImputer', 'strategy': 'most_frequent'}. Best is trial 3 with value: 391.8929324224427.
[I 2023-12-12 15:25:32,859] Trial 105 finished with value: 391.8929324224427 and parameters: {'model_name': 'SimpleImputer', 'strategy': 'mean'}. Best is trial 3 with value: 391.8929324224427.
[I 2023-12-12 15:25:33,149] Trial 101 finished with value: 391.8929324224427 and parameters: {'model_name': 'SimpleImputer', 'strategy': 'mean'}. Best is trial 3 with value: 391.8929324224427.
[I 2023-12-12 15:25:33,316] Trial 67 finished with value: 451.02235231212927 and parameters: {'model_name': 'SimpleImputer', 'strategy': 'most_frequent'}. Best is trial 3 with value: 391.8929324224427.
[I 2023-12-12 15:25:33,597] Trial 61 finished with value: 451.02235231212927 and parameters: {'model_name': 'SimpleImputer', 'strategy': 'most_frequent'}. Best is trial 3 with value: 391.8929324224427.
[I 2023-12-12 15:25:33,797] Trial 104 finished with value: 391.8929324224427 and parameters: {'model_name': 'SimpleImputer', 'strategy': 'mean'}. Best is trial 3 with value: 391.8929324224427.
[I 2023-12-12 15:25:33,995] Trial 102 finished with value: 391.8929324224427 and parameters: {'model_name': 'SimpleImputer', 'strategy': 'mean'}. Best is trial 3 with value: 391.8929324224427.
[I 2023-12-12 15:25:34,207] Trial 78 finished with value: 451.02235231212927 and parameters: {'model_name': 'SimpleImputer', 'strategy': 'most_frequent'}. Best is trial 3 with value: 391.8929324224427.
[I 2023-12-12 15:25:34,563] Trial 111 finished with value: 391.8929324224427 and parameters: {'model_name': 'SimpleImputer', 'strategy': 'mean'}. Best is trial 3 with value: 391.8929324224427.
[I 2023-12-12 15:25:34,869] Trial 112 finished with value: 391.8929324224427 and parameters: {'model_name': 'SimpleImputer', 'strategy': 'mean'}. Best is trial 3 with value: 391.8929324224427.
[I 2023-12-12 15:25:35,208] Trial 55 finished with value: 451.02235231212927 and parameters: {'model_name': 'SimpleImputer', 'strategy': 'most_frequent'}. Best is trial 3 with value: 391.8929324224427.
[I 2023-12-12 15:25:35,491] Trial 110 finished with value: 391.8929324224427 and parameters: {'model_name': 'SimpleImputer', 'strategy': 'mean'}. Best is trial 3 with value: 391.8929324224427.
[I 2023-12-12 15:25:35,732] Trial 113 finished with value: 391.8929324224427 and parameters: {'model_name': 'SimpleImputer', 'strategy': 'mean'}. Best is trial 3 with value: 391.8929324224427.
[I 2023-12-12 15:25:35,999] Trial 88 finished with value: 451.02235231212927 and parameters: {'model_name': 'SimpleImputer', 'strategy': 'most_frequent'}. Best is trial 3 with value: 391.8929324224427.
[I 2023-12-12 15:25:36,227] Trial 74 finished with value: 451.02235231212927 and parameters: {'model_name': 'SimpleImputer', 'strategy': 'most_frequent'}. Best is trial 3 with value: 391.8929324224427.
[I 2023-12-12 15:25:36,229] Trial 108 finished with value: 391.8929324224427 and parameters: {'model_name': 'SimpleImputer', 'strategy': 'mean'}. Best is trial 3 with value: 391.8929324224427.
[I 2023-12-12 15:25:36,421] Trial 77 finished with value: 451.02235231212927 and parameters: {'model_name': 'SimpleImputer', 'strategy': 'most_frequent'}. Best is trial 3 with value: 391.8929324224427.
slurmstepd: error: *** STEP 549696.0 ON esplhpc-cp003 CANCELLED AT 2023-12-12T15:25:36 ***
slurmstepd: error: *** JOB 549696 ON esplhpc-cp003 CANCELLED AT 2023-12-12T15:25:36 ***
