Run: 1
/cm/local/apps/slurm/var/spool/job825050/slurm_script: line 23: /common/ketrong/minconda3/etc/profile.d/conda.sh: No such file or directory
/cm/local/apps/slurm/var/spool/job825050/slurm_script: line 26: $'\nconda create --name tpot2devenv -c conda-forge python=3.10\n': command not found
/cm/local/apps/slurm/var/spool/job825050/slurm_script: line 31: $'\npip install -r requirements.txt\n': command not found
RunStart
2024-04-14 19:49:49.907421: I tensorflow/core/util/port.cc:113] oneDNN custom operations are on. You may see slightly different numerical results due to floating-point round-off errors from different computation orders. To turn them off, set the environment variable `TF_ENABLE_ONEDNN_OPTS=0`.
2024-04-14 19:49:57.069785: E external/local_xla/xla/stream_executor/cuda/cuda_dnn.cc:9261] Unable to register cuDNN factory: Attempting to register factory for plugin cuDNN when one has already been registered
2024-04-14 19:49:57.069965: E external/local_xla/xla/stream_executor/cuda/cuda_fft.cc:607] Unable to register cuFFT factory: Attempting to register factory for plugin cuFFT when one has already been registered
2024-04-14 19:49:57.822556: E external/local_xla/xla/stream_executor/cuda/cuda_blas.cc:1515] Unable to register cuBLAS factory: Attempting to register factory for plugin cuBLAS when one has already been registered
2024-04-14 19:49:59.104592: I tensorflow/core/platform/cpu_feature_guard.cc:182] This TensorFlow binary is optimized to use available CPU instructions in performance-critical operations.
To enable the following instructions: AVX2 AVX512F AVX512_VNNI FMA, in other operations, rebuild TensorFlow with the appropriate compiler flags.
2024-04-14 19:50:21.912558: W tensorflow/compiler/tf2tensorrt/utils/py_utils.cc:38] TF-TRT Warning: Could not find TensorRT
WARNING:tensorflow:From /home/ketrong/miniconda3/envs/tpot2devenv/lib/python3.10/site-packages/tensorflow/python/compat/v2_compat.py:108: disable_resource_variables (from tensorflow.python.ops.variable_scope) is deprecated and will be removed in a future version.
Instructions for updating:
non-resource variables are not supported in the long term
starting loops
[('RandomForestRegressor_1', 'SimpleImputer_1')]
<class 'tpot2.graphsklearn.GraphPipeline'>
loading data
/common/ketrong/AutoImputeExp/tpot2_imputetest/Impute_Experiments/logs/359946/tpot2_base_normal_MAR_0.01/data/359946_True.pkl
fitting
try transform
transform worked
13.331448549800104
[('ExtraTreesRegressor_1', 'SimpleImputer_1')]
<class 'tpot2.graphsklearn.GraphPipeline'>
loading data
/common/ketrong/AutoImputeExp/tpot2_imputetest/Impute_Experiments/logs/359946/tpot2_base_normal_MAR_0.1/data/359946_True.pkl
fitting
try transform
transform worked
13.065328092041007
[('RandomForestRegressor_1', 'SimpleImputer_1')]
<class 'tpot2.graphsklearn.GraphPipeline'>
loading data
/common/ketrong/AutoImputeExp/tpot2_imputetest/Impute_Experiments/logs/359946/tpot2_base_normal_MAR_0.3/data/359946_True.pkl
fitting
try transform
transform worked
12.558127722844178
[('ExtraTreesRegressor_1', 'SimpleImputer_1')]
<class 'tpot2.graphsklearn.GraphPipeline'>
loading data
/common/ketrong/AutoImputeExp/tpot2_imputetest/Impute_Experiments/logs/359946/tpot2_base_normal_MAR_0.5/data/359946_True.pkl
fitting
try transform
transform worked
12.226690237050516
[('XGBRegressor_1', 'SimpleImputer_1')]
<class 'tpot2.graphsklearn.GraphPipeline'>
loading data
/common/ketrong/AutoImputeExp/tpot2_imputetest/Impute_Experiments/logs/359946/tpot2_base_normal_MAR_0.9/data/359946_True.pkl
fitting
try transform
transform worked
9.90414473703379
[('RandomForestRegressor_1', 'SimpleImputer_1')]
<class 'tpot2.graphsklearn.GraphPipeline'>
loading data
/common/ketrong/AutoImputeExp/tpot2_imputetest/Impute_Experiments/logs/359946/tpot2_base_normal_MCAR_0.01/data/359946_True.pkl
fitting
try transform
transform worked
42.81770493447606
359946MCAR_0.1/ failed
[('RandomForestRegressor_1', 'SimpleImputer_1')]
<class 'tpot2.graphsklearn.GraphPipeline'>
loading data
/common/ketrong/AutoImputeExp/tpot2_imputetest/Impute_Experiments/logs/359946/tpot2_base_normal_MCAR_0.3/data/359946_True.pkl
fitting
try transform
transform worked
42.080018328648435
[('RandomForestRegressor_1', 'SimpleImputer_1')]
<class 'tpot2.graphsklearn.GraphPipeline'>
loading data
/common/ketrong/AutoImputeExp/tpot2_imputetest/Impute_Experiments/logs/359946/tpot2_base_normal_MCAR_0.5/data/359946_True.pkl
fitting
try transform
transform worked
41.964155120430526
[('ExtraTreesRegressor_1', 'SimpleImputer_1')]
<class 'tpot2.graphsklearn.GraphPipeline'>
loading data
/common/ketrong/AutoImputeExp/tpot2_imputetest/Impute_Experiments/logs/359946/tpot2_base_normal_MCAR_0.9/data/359946_True.pkl
fitting
try transform
transform worked
11.588195596209639
[('RandomForestRegressor_1', 'SimpleImputer_1')]
<class 'tpot2.graphsklearn.GraphPipeline'>
loading data
/common/ketrong/AutoImputeExp/tpot2_imputetest/Impute_Experiments/logs/359946/tpot2_base_normal_MNAR_0.01/data/359946_True.pkl
fitting
try transform
transform worked
41.33140116451682
[('RandomForestRegressor_1', 'SimpleImputer_1')]
<class 'tpot2.graphsklearn.GraphPipeline'>
loading data
/common/ketrong/AutoImputeExp/tpot2_imputetest/Impute_Experiments/logs/359946/tpot2_base_normal_MNAR_0.1/data/359946_True.pkl
fitting
try transform
transform worked
42.65318530304963
[('RandomForestRegressor_1', 'SimpleImputer_1')]
<class 'tpot2.graphsklearn.GraphPipeline'>
loading data
/common/ketrong/AutoImputeExp/tpot2_imputetest/Impute_Experiments/logs/359946/tpot2_base_normal_MNAR_0.3/data/359946_True.pkl
fitting
try transform
transform worked
10.060065017973786
[('ExtraTreesRegressor_1', 'SimpleImputer_1')]
<class 'tpot2.graphsklearn.GraphPipeline'>
loading data
/common/ketrong/AutoImputeExp/tpot2_imputetest/Impute_Experiments/logs/359946/tpot2_base_normal_MNAR_0.5/data/359946_True.pkl
fitting
try transform
transform worked
11.395579247970836
[('RandomForestRegressor_1', 'SimpleImputer_1')]
<class 'tpot2.graphsklearn.GraphPipeline'>
loading data
/common/ketrong/AutoImputeExp/tpot2_imputetest/Impute_Experiments/logs/359946/tpot2_base_normal_MNAR_0.9/data/359946_True.pkl
fitting
try transform
transform worked
10.377352447187281
[('XGBRegressor_1', 'SimpleImputer_1')]
<class 'tpot2.graphsklearn.GraphPipeline'>
loading data
/common/ketrong/AutoImputeExp/tpot2_imputetest/Impute_Experiments/logs/359946/tpot2_base_imputation_MAR_0.01/data/359946_True.pkl
fitting
try transform
transform worked
10.16423401523849
[('XGBRegressor_1', 'IterativeImputer_1')]
<class 'tpot2.graphsklearn.GraphPipeline'>
loading data
/common/ketrong/AutoImputeExp/tpot2_imputetest/Impute_Experiments/logs/359946/tpot2_base_imputation_MAR_0.1/data/359946_True.pkl
fitting
try transform
transform worked
19.899561241279006
[('RandomForestRegressor_1', 'IterativeImputer_1')]
<class 'tpot2.graphsklearn.GraphPipeline'>
loading data
/common/ketrong/AutoImputeExp/tpot2_imputetest/Impute_Experiments/logs/359946/tpot2_base_imputation_MAR_0.3/data/359946_True.pkl
fitting
try transform
transform worked
8.540824362012334
[('RandomForestRegressor_1', 'IterativeImputer_1')]
<class 'tpot2.graphsklearn.GraphPipeline'>
loading data
/common/ketrong/AutoImputeExp/tpot2_imputetest/Impute_Experiments/logs/359946/tpot2_base_imputation_MAR_0.5/data/359946_True.pkl
fitting
try transform
transform worked
10.723221800730233
[('ExtraTreesRegressor_1', 'IterativeImputer_1')]
<class 'tpot2.graphsklearn.GraphPipeline'>
loading data
/common/ketrong/AutoImputeExp/tpot2_imputetest/Impute_Experiments/logs/359946/tpot2_base_imputation_MAR_0.9/data/359946_True.pkl
fitting
try transform
transform worked
15.584597377274719
[('XGBRegressor_1', 'KNNImputer_1')]
<class 'tpot2.graphsklearn.GraphPipeline'>
loading data
/common/ketrong/AutoImputeExp/tpot2_imputetest/Impute_Experiments/logs/359946/tpot2_base_imputation_MCAR_0.01/data/359946_True.pkl
fitting
try transform
transform worked
2.927096507071196
359946MCAR_0.1/ failed
[('RandomForestRegressor_1', 'IterativeImputer_1')]
<class 'tpot2.graphsklearn.GraphPipeline'>
loading data
/common/ketrong/AutoImputeExp/tpot2_imputetest/Impute_Experiments/logs/359946/tpot2_base_imputation_MCAR_0.3/data/359946_True.pkl
fitting
try transform
transform worked
10.658768490299465
[('RandomForestRegressor_1', 'SimpleImputer_1')]
<class 'tpot2.graphsklearn.GraphPipeline'>
loading data
/common/ketrong/AutoImputeExp/tpot2_imputetest/Impute_Experiments/logs/359946/tpot2_base_imputation_MCAR_0.5/data/359946_True.pkl
fitting
try transform
transform worked
41.87640847703295
[('ExtraTreesRegressor_1', 'SimpleImputer_1')]
<class 'tpot2.graphsklearn.GraphPipeline'>
loading data
/common/ketrong/AutoImputeExp/tpot2_imputetest/Impute_Experiments/logs/359946/tpot2_base_imputation_MCAR_0.9/data/359946_True.pkl
fitting
try transform
transform worked
11.553586315342987
[('RandomForestRegressor_1', 'IterativeImputer_1')]
<class 'tpot2.graphsklearn.GraphPipeline'>
loading data
/common/ketrong/AutoImputeExp/tpot2_imputetest/Impute_Experiments/logs/359946/tpot2_base_imputation_MNAR_0.01/data/359946_True.pkl
fitting
try transform
transform worked
1.8162174572624026
[('XGBRegressor_1', 'IterativeImputer_1')]
<class 'tpot2.graphsklearn.GraphPipeline'>
loading data
/common/ketrong/AutoImputeExp/tpot2_imputetest/Impute_Experiments/logs/359946/tpot2_base_imputation_MNAR_0.1/data/359946_True.pkl
fitting
try transform
transform worked
7.952346328574723
[('RandomForestRegressor_1', 'IterativeImputer_1')]
<class 'tpot2.graphsklearn.GraphPipeline'>
loading data
/common/ketrong/AutoImputeExp/tpot2_imputetest/Impute_Experiments/logs/359946/tpot2_base_imputation_MNAR_0.3/data/359946_True.pkl
fitting
try transform
transform worked
10.077124198757122
[('XGBRegressor_1', 'SimpleImputer_1')]
<class 'tpot2.graphsklearn.GraphPipeline'>
loading data
/common/ketrong/AutoImputeExp/tpot2_imputetest/Impute_Experiments/logs/359946/tpot2_base_imputation_MNAR_0.5/data/359946_True.pkl
fitting
try transform
transform worked
42.36648527434764
[('RandomForestRegressor_1', 'SimpleImputer_1')]
<class 'tpot2.graphsklearn.GraphPipeline'>
loading data
/common/ketrong/AutoImputeExp/tpot2_imputetest/Impute_Experiments/logs/359946/tpot2_base_imputation_MNAR_0.9/data/359946_True.pkl
fitting
try transform
transform worked
10.386072231056845
359946 Complete
[('RandomForestRegressor_1', 'SimpleImputer_1')]
<class 'tpot2.graphsklearn.GraphPipeline'>
loading data
/common/ketrong/AutoImputeExp/tpot2_imputetest/Impute_Experiments/logs/4774/tpot2_base_normal_MAR_0.01/data/4774_True.pkl
fitting
try transform
transform worked
461.49963824477214
[('RandomForestRegressor_1', 'SimpleImputer_1')]
<class 'tpot2.graphsklearn.GraphPipeline'>
loading data
/common/ketrong/AutoImputeExp/tpot2_imputetest/Impute_Experiments/logs/4774/tpot2_base_normal_MAR_0.1/data/4774_True.pkl
fitting
try transform
transform worked
43.345668990854094
[('RandomForestRegressor_1', 'SimpleImputer_1')]
<class 'tpot2.graphsklearn.GraphPipeline'>
loading data
/common/ketrong/AutoImputeExp/tpot2_imputetest/Impute_Experiments/logs/4774/tpot2_base_normal_MAR_0.3/data/4774_True.pkl
fitting
try transform
transform worked
21.714317525785553
[('RandomForestRegressor_1', 'SimpleImputer_1')]
<class 'tpot2.graphsklearn.GraphPipeline'>
loading data
/common/ketrong/AutoImputeExp/tpot2_imputetest/Impute_Experiments/logs/4774/tpot2_base_normal_MAR_0.5/data/4774_True.pkl
fitting
try transform
transform worked
121.19189145066744
[('ExtraTreesRegressor_1', 'SimpleImputer_1')]
<class 'tpot2.graphsklearn.GraphPipeline'>
loading data
/common/ketrong/AutoImputeExp/tpot2_imputetest/Impute_Experiments/logs/4774/tpot2_base_normal_MAR_0.9/data/4774_True.pkl
fitting
try transform
transform worked
48.82004275299205
[('XGBRegressor_1', 'SimpleImputer_1')]
<class 'tpot2.graphsklearn.GraphPipeline'>
loading data
/common/ketrong/AutoImputeExp/tpot2_imputetest/Impute_Experiments/logs/4774/tpot2_base_normal_MCAR_0.01/data/4774_True.pkl
fitting
try transform
transform worked
35.43861414850735
[('RandomForestRegressor_1', 'SimpleImputer_1')]
<class 'tpot2.graphsklearn.GraphPipeline'>
loading data
/common/ketrong/AutoImputeExp/tpot2_imputetest/Impute_Experiments/logs/4774/tpot2_base_normal_MCAR_0.1/data/4774_True.pkl
fitting
try transform
transform worked
59.809401774673695
[('RandomForestRegressor_1', 'SimpleImputer_1')]
<class 'tpot2.graphsklearn.GraphPipeline'>
loading data
/common/ketrong/AutoImputeExp/tpot2_imputetest/Impute_Experiments/logs/4774/tpot2_base_normal_MCAR_0.3/data/4774_True.pkl
fitting
try transform
transform worked
34.23334982086702
[('RandomForestRegressor_1', 'SimpleImputer_1')]
<class 'tpot2.graphsklearn.GraphPipeline'>
loading data
/common/ketrong/AutoImputeExp/tpot2_imputetest/Impute_Experiments/logs/4774/tpot2_base_normal_MCAR_0.5/data/4774_True.pkl
fitting
try transform
transform worked
34.691995634919564
[('ExtraTreesRegressor_1', 'SimpleImputer_1')]
<class 'tpot2.graphsklearn.GraphPipeline'>
loading data
/common/ketrong/AutoImputeExp/tpot2_imputetest/Impute_Experiments/logs/4774/tpot2_base_normal_MCAR_0.9/data/4774_True.pkl
fitting
try transform
transform worked
34.88347573802175
[('RandomForestRegressor_1', 'SimpleImputer_1')]
<class 'tpot2.graphsklearn.GraphPipeline'>
loading data
/common/ketrong/AutoImputeExp/tpot2_imputetest/Impute_Experiments/logs/4774/tpot2_base_normal_MNAR_0.01/data/4774_True.pkl
fitting
try transform
transform worked
28.47462903875056
[('RandomForestRegressor_1', 'SimpleImputer_1')]
<class 'tpot2.graphsklearn.GraphPipeline'>
loading data
/common/ketrong/AutoImputeExp/tpot2_imputetest/Impute_Experiments/logs/4774/tpot2_base_normal_MNAR_0.1/data/4774_True.pkl
fitting
try transform
transform worked
34.08524728683111
[('XGBRegressor_1', 'SimpleImputer_1')]
<class 'tpot2.graphsklearn.GraphPipeline'>
loading data
/common/ketrong/AutoImputeExp/tpot2_imputetest/Impute_Experiments/logs/4774/tpot2_base_normal_MNAR_0.3/data/4774_True.pkl
fitting
try transform
transform worked
34.584380052932914
[('RandomForestRegressor_1', 'SimpleImputer_1')]
<class 'tpot2.graphsklearn.GraphPipeline'>
loading data
/common/ketrong/AutoImputeExp/tpot2_imputetest/Impute_Experiments/logs/4774/tpot2_base_normal_MNAR_0.5/data/4774_True.pkl
fitting
try transform
transform worked
34.39038962890259
[('RandomForestRegressor_1', 'SimpleImputer_1')]
<class 'tpot2.graphsklearn.GraphPipeline'>
loading data
/common/ketrong/AutoImputeExp/tpot2_imputetest/Impute_Experiments/logs/4774/tpot2_base_normal_MNAR_0.9/data/4774_True.pkl
fitting
try transform
transform worked
34.680710620293425
[('RandomForestRegressor_1', 'RandomForestImputer_1')]
<class 'tpot2.graphsklearn.GraphPipeline'>
loading data
/common/ketrong/AutoImputeExp/tpot2_imputetest/Impute_Experiments/logs/4774/tpot2_base_imputation_MAR_0.01/data/4774_True.pkl
fitting
try transform
4774MAR_0.01/ failed
[('RandomForestRegressor_1', 'RandomForestImputer_1')]
<class 'tpot2.graphsklearn.GraphPipeline'>
loading data
/common/ketrong/AutoImputeExp/tpot2_imputetest/Impute_Experiments/logs/4774/tpot2_base_imputation_MAR_0.1/data/4774_True.pkl
fitting
try transform
4774MAR_0.1/ failed
[('XGBRegressor_1', 'SimpleImputer_1')]
<class 'tpot2.graphsklearn.GraphPipeline'>
loading data
/common/ketrong/AutoImputeExp/tpot2_imputetest/Impute_Experiments/logs/4774/tpot2_base_imputation_MAR_0.3/data/4774_True.pkl
fitting
try transform
transform worked
7.721425938918254
[('XGBRegressor_1', 'SimpleImputer_1')]
<class 'tpot2.graphsklearn.GraphPipeline'>
loading data
/common/ketrong/AutoImputeExp/tpot2_imputetest/Impute_Experiments/logs/4774/tpot2_base_imputation_MAR_0.5/data/4774_True.pkl
fitting
try transform
transform worked
48.28129447298162
[('XGBRegressor_1', 'RandomForestImputer_1')]
<class 'tpot2.graphsklearn.GraphPipeline'>
loading data
/common/ketrong/AutoImputeExp/tpot2_imputetest/Impute_Experiments/logs/4774/tpot2_base_imputation_MAR_0.9/data/4774_True.pkl
fitting
try transform
4774MAR_0.9/ failed
[('RandomForestRegressor_1', 'IterativeImputer_1')]
<class 'tpot2.graphsklearn.GraphPipeline'>
loading data
/common/ketrong/AutoImputeExp/tpot2_imputetest/Impute_Experiments/logs/4774/tpot2_base_imputation_MCAR_0.01/data/4774_True.pkl
fitting
try transform
transform worked
37.692832106526964
[('ExtraTreesRegressor_1', 'IterativeImputer_1')]
<class 'tpot2.graphsklearn.GraphPipeline'>
loading data
/common/ketrong/AutoImputeExp/tpot2_imputetest/Impute_Experiments/logs/4774/tpot2_base_imputation_MCAR_0.1/data/4774_True.pkl
fitting
try transform
transform worked
34.85823183479452
[('XGBRegressor_1', 'SimpleImputer_1')]
<class 'tpot2.graphsklearn.GraphPipeline'>
loading data
/common/ketrong/AutoImputeExp/tpot2_imputetest/Impute_Experiments/logs/4774/tpot2_base_imputation_MCAR_0.3/data/4774_True.pkl
fitting
try transform
transform worked
34.92475837561642
[('RandomForestRegressor_1', 'SimpleImputer_1')]
<class 'tpot2.graphsklearn.GraphPipeline'>
loading data
/common/ketrong/AutoImputeExp/tpot2_imputetest/Impute_Experiments/logs/4774/tpot2_base_imputation_MCAR_0.5/data/4774_True.pkl
fitting
try transform
transform worked
34.561074643550626
4774MCAR_0.9/ failed
[('ExtraTreesRegressor_1', 'IterativeImputer_1')]
<class 'tpot2.graphsklearn.GraphPipeline'>
loading data
/common/ketrong/AutoImputeExp/tpot2_imputetest/Impute_Experiments/logs/4774/tpot2_base_imputation_MNAR_0.01/data/4774_True.pkl
fitting
try transform
transform worked
38.938885287346274
[('ExtraTreesRegressor_1', 'IterativeImputer_1')]
<class 'tpot2.graphsklearn.GraphPipeline'>
loading data
/common/ketrong/AutoImputeExp/tpot2_imputetest/Impute_Experiments/logs/4774/tpot2_base_imputation_MNAR_0.1/data/4774_True.pkl
fitting
try transform
transform worked
34.014434998370476
[('RandomForestRegressor_1', 'IterativeImputer_1')]
<class 'tpot2.graphsklearn.GraphPipeline'>
loading data
/common/ketrong/AutoImputeExp/tpot2_imputetest/Impute_Experiments/logs/4774/tpot2_base_imputation_MNAR_0.3/data/4774_True.pkl
fitting
try transform
transform worked
34.410308245176815
[('XGBRegressor_1', 'SimpleImputer_1')]
<class 'tpot2.graphsklearn.GraphPipeline'>
loading data
/common/ketrong/AutoImputeExp/tpot2_imputetest/Impute_Experiments/logs/4774/tpot2_base_imputation_MNAR_0.5/data/4774_True.pkl
fitting
try transform
transform worked
35.12526015185339
[('ExtraTreesRegressor_1', 'SimpleImputer_1')]
<class 'tpot2.graphsklearn.GraphPipeline'>
loading data
/common/ketrong/AutoImputeExp/tpot2_imputetest/Impute_Experiments/logs/4774/tpot2_base_imputation_MNAR_0.9/data/4774_True.pkl
fitting
try transform
transform worked
34.715318306583214
4774 Complete
[('XGBRegressor_1', 'SimpleImputer_1')]
<class 'tpot2.graphsklearn.GraphPipeline'>
loading data
/common/ketrong/AutoImputeExp/tpot2_imputetest/Impute_Experiments/logs/359952/tpot2_base_normal_MAR_0.01/data/359952_True.pkl
fitting
try transform
transform worked
2305.814071413544
[('RandomForestRegressor_1', 'SimpleImputer_1')]
<class 'tpot2.graphsklearn.GraphPipeline'>
loading data
/common/ketrong/AutoImputeExp/tpot2_imputetest/Impute_Experiments/logs/359952/tpot2_base_normal_MAR_0.1/data/359952_True.pkl
fitting
try transform
transform worked
4089.141582188994
[('XGBRegressor_1', 'SimpleImputer_1')]
<class 'tpot2.graphsklearn.GraphPipeline'>
loading data
/common/ketrong/AutoImputeExp/tpot2_imputetest/Impute_Experiments/logs/359952/tpot2_base_normal_MAR_0.3/data/359952_True.pkl
fitting
try transform
transform worked
0.1503603243738228
[('XGBRegressor_1', 'SimpleImputer_1')]
<class 'tpot2.graphsklearn.GraphPipeline'>
loading data
/common/ketrong/AutoImputeExp/tpot2_imputetest/Impute_Experiments/logs/359952/tpot2_base_normal_MAR_0.5/data/359952_True.pkl
fitting
try transform
transform worked
6891.195295670993
[('XGBRegressor_1', 'SimpleImputer_1')]
<class 'tpot2.graphsklearn.GraphPipeline'>
loading data
/common/ketrong/AutoImputeExp/tpot2_imputetest/Impute_Experiments/logs/359952/tpot2_base_normal_MAR_0.9/data/359952_True.pkl
fitting
try transform
transform worked
10249.116670706004
[('XGBRegressor_1', 'SimpleImputer_1')]
<class 'tpot2.graphsklearn.GraphPipeline'>
loading data
/common/ketrong/AutoImputeExp/tpot2_imputetest/Impute_Experiments/logs/359952/tpot2_base_normal_MCAR_0.01/data/359952_True.pkl
fitting
try transform
transform worked
5888.941304327894
[('XGBRegressor_1', 'SimpleImputer_1')]
<class 'tpot2.graphsklearn.GraphPipeline'>
loading data
/common/ketrong/AutoImputeExp/tpot2_imputetest/Impute_Experiments/logs/359952/tpot2_base_normal_MCAR_0.1/data/359952_True.pkl
fitting
try transform
transform worked
17114.01894753367
[('RandomForestRegressor_1', 'SimpleImputer_1')]
<class 'tpot2.graphsklearn.GraphPipeline'>
loading data
/common/ketrong/AutoImputeExp/tpot2_imputetest/Impute_Experiments/logs/359952/tpot2_base_normal_MCAR_0.3/data/359952_True.pkl
fitting
try transform
transform worked
4314.789480658934
[('RandomForestRegressor_1', 'SimpleImputer_1')]
<class 'tpot2.graphsklearn.GraphPipeline'>
loading data
/common/ketrong/AutoImputeExp/tpot2_imputetest/Impute_Experiments/logs/359952/tpot2_base_normal_MCAR_0.5/data/359952_True.pkl
fitting
try transform
transform worked
9369.849911436428
[('RandomForestRegressor_1', 'SimpleImputer_1')]
<class 'tpot2.graphsklearn.GraphPipeline'>
loading data
/common/ketrong/AutoImputeExp/tpot2_imputetest/Impute_Experiments/logs/359952/tpot2_base_normal_MCAR_0.9/data/359952_True.pkl
fitting
try transform
transform worked
7217.258561662046
[('XGBRegressor_1', 'SimpleImputer_1')]
<class 'tpot2.graphsklearn.GraphPipeline'>
loading data
/common/ketrong/AutoImputeExp/tpot2_imputetest/Impute_Experiments/logs/359952/tpot2_base_normal_MNAR_0.01/data/359952_True.pkl
fitting
try transform
transform worked
8698.769137588359
[('XGBRegressor_1', 'SimpleImputer_1')]
<class 'tpot2.graphsklearn.GraphPipeline'>
loading data
/common/ketrong/AutoImputeExp/tpot2_imputetest/Impute_Experiments/logs/359952/tpot2_base_normal_MNAR_0.1/data/359952_True.pkl
fitting
try transform
transform worked
5892.144122578906
[('XGBRegressor_1', 'SimpleImputer_1')]
<class 'tpot2.graphsklearn.GraphPipeline'>
loading data
/common/ketrong/AutoImputeExp/tpot2_imputetest/Impute_Experiments/logs/359952/tpot2_base_normal_MNAR_0.3/data/359952_True.pkl
fitting
try transform
transform worked
10785.737587266807
[('XGBRegressor_1', 'SimpleImputer_1')]
<class 'tpot2.graphsklearn.GraphPipeline'>
loading data
/common/ketrong/AutoImputeExp/tpot2_imputetest/Impute_Experiments/logs/359952/tpot2_base_normal_MNAR_0.5/data/359952_True.pkl
fitting
try transform
transform worked
5559.7362239722
[('RandomForestRegressor_1', 'SimpleImputer_1')]
<class 'tpot2.graphsklearn.GraphPipeline'>
loading data
/common/ketrong/AutoImputeExp/tpot2_imputetest/Impute_Experiments/logs/359952/tpot2_base_normal_MNAR_0.9/data/359952_True.pkl
fitting
try transform
transform worked
7302.651561701106
[('XGBRegressor_1', 'KNNImputer_1')]
<class 'tpot2.graphsklearn.GraphPipeline'>
loading data
/common/ketrong/AutoImputeExp/tpot2_imputetest/Impute_Experiments/logs/359952/tpot2_base_imputation_MAR_0.01/data/359952_True.pkl
fitting
try transform
transform worked
0.1320582827044356
[('XGBRegressor_1', 'RandomForestImputer_1')]
<class 'tpot2.graphsklearn.GraphPipeline'>
loading data
/common/ketrong/AutoImputeExp/tpot2_imputetest/Impute_Experiments/logs/359952/tpot2_base_imputation_MAR_0.1/data/359952_True.pkl
fitting
try transform
359952MAR_0.1/ failed
[('XGBRegressor_1', 'SimpleImputer_1')]
<class 'tpot2.graphsklearn.GraphPipeline'>
loading data
/common/ketrong/AutoImputeExp/tpot2_imputetest/Impute_Experiments/logs/359952/tpot2_base_imputation_MAR_0.3/data/359952_True.pkl
fitting
try transform
transform worked
15213.989246100118
[('XGBRegressor_1', 'KNNImputer_1')]
<class 'tpot2.graphsklearn.GraphPipeline'>
loading data
/common/ketrong/AutoImputeExp/tpot2_imputetest/Impute_Experiments/logs/359952/tpot2_base_imputation_MAR_0.5/data/359952_True.pkl
fitting
try transform
transform worked
5001.591418427216
[('RandomForestRegressor_1', 'SimpleImputer_1')]
<class 'tpot2.graphsklearn.GraphPipeline'>
loading data
/common/ketrong/AutoImputeExp/tpot2_imputetest/Impute_Experiments/logs/359952/tpot2_base_imputation_MAR_0.9/data/359952_True.pkl
fitting
try transform
transform worked
10524.446382361082
[('XGBRegressor_1', 'IterativeImputer_1')]
<class 'tpot2.graphsklearn.GraphPipeline'>
loading data
/common/ketrong/AutoImputeExp/tpot2_imputetest/Impute_Experiments/logs/359952/tpot2_base_imputation_MCAR_0.01/data/359952_True.pkl
fitting
try transform
transform worked
50734.88178086951
[('XGBRegressor_1', 'KNNImputer_1')]
<class 'tpot2.graphsklearn.GraphPipeline'>
loading data
/common/ketrong/AutoImputeExp/tpot2_imputetest/Impute_Experiments/logs/359952/tpot2_base_imputation_MCAR_0.1/data/359952_True.pkl
fitting
try transform
transform worked
10391.195657749207
[('XGBRegressor_1', 'IterativeImputer_1')]
<class 'tpot2.graphsklearn.GraphPipeline'>
loading data
/common/ketrong/AutoImputeExp/tpot2_imputetest/Impute_Experiments/logs/359952/tpot2_base_imputation_MCAR_0.3/data/359952_True.pkl
fitting
try transform
transform worked
3812.471086667552
[('XGBRegressor_1', 'RandomForestImputer_1')]
<class 'tpot2.graphsklearn.GraphPipeline'>
loading data
/common/ketrong/AutoImputeExp/tpot2_imputetest/Impute_Experiments/logs/359952/tpot2_base_imputation_MCAR_0.5/data/359952_True.pkl
fitting
try transform
359952MCAR_0.5/ failed
[('RandomForestRegressor_1', 'SimpleImputer_1')]
<class 'tpot2.graphsklearn.GraphPipeline'>
loading data
/common/ketrong/AutoImputeExp/tpot2_imputetest/Impute_Experiments/logs/359952/tpot2_base_imputation_MCAR_0.9/data/359952_True.pkl
fitting
try transform
transform worked
7122.97632669124
[('XGBRegressor_1', 'IterativeImputer_1')]
<class 'tpot2.graphsklearn.GraphPipeline'>
loading data
/common/ketrong/AutoImputeExp/tpot2_imputetest/Impute_Experiments/logs/359952/tpot2_base_imputation_MNAR_0.01/data/359952_True.pkl
fitting
try transform
transform worked
15023.00140375132
[('XGBRegressor_1', 'SimpleImputer_1')]
<class 'tpot2.graphsklearn.GraphPipeline'>
loading data
/common/ketrong/AutoImputeExp/tpot2_imputetest/Impute_Experiments/logs/359952/tpot2_base_imputation_MNAR_0.1/data/359952_True.pkl
fitting
try transform
transform worked
2930.4348414052715
[('XGBRegressor_1', 'SimpleImputer_1')]
<class 'tpot2.graphsklearn.GraphPipeline'>
loading data
/common/ketrong/AutoImputeExp/tpot2_imputetest/Impute_Experiments/logs/359952/tpot2_base_imputation_MNAR_0.3/data/359952_True.pkl
fitting
try transform
transform worked
10693.410306827578
[('XGBRegressor_1', 'SimpleImputer_1')]
<class 'tpot2.graphsklearn.GraphPipeline'>
loading data
/common/ketrong/AutoImputeExp/tpot2_imputetest/Impute_Experiments/logs/359952/tpot2_base_imputation_MNAR_0.5/data/359952_True.pkl
fitting
try transform
transform worked
3646.2407715781715
[('ExtraTreesRegressor_1', 'SimpleImputer_1')]
<class 'tpot2.graphsklearn.GraphPipeline'>
loading data
/common/ketrong/AutoImputeExp/tpot2_imputetest/Impute_Experiments/logs/359952/tpot2_base_imputation_MNAR_0.9/data/359952_True.pkl
fitting
try transform
transform worked
7367.096811852029
359952 Complete
[('RandomForestRegressor_1', 'SimpleImputer_1')]
<class 'tpot2.graphsklearn.GraphPipeline'>
loading data
/common/ketrong/AutoImputeExp/tpot2_imputetest/Impute_Experiments/logs/4769/tpot2_base_normal_MAR_0.01/data/4769_True.pkl
fitting
try transform
transform worked
35.793028861824844
[('RandomForestRegressor_1', 'SimpleImputer_1')]
<class 'tpot2.graphsklearn.GraphPipeline'>
loading data
/common/ketrong/AutoImputeExp/tpot2_imputetest/Impute_Experiments/logs/4769/tpot2_base_normal_MAR_0.1/data/4769_True.pkl
fitting
try transform
transform worked
64.84798180800912
[('GradientBoostingRegressor_1', 'SimpleImputer_1')]
<class 'tpot2.graphsklearn.GraphPipeline'>
loading data
/common/ketrong/AutoImputeExp/tpot2_imputetest/Impute_Experiments/logs/4769/tpot2_base_normal_MAR_0.3/data/4769_True.pkl
fitting
try transform
transform worked
55.63940966576131
[('RandomForestRegressor_1', 'SimpleImputer_1')]
<class 'tpot2.graphsklearn.GraphPipeline'>
loading data
/common/ketrong/AutoImputeExp/tpot2_imputetest/Impute_Experiments/logs/4769/tpot2_base_normal_MAR_0.5/data/4769_True.pkl
fitting
try transform
transform worked
56.356524310314626
[('XGBRegressor_1', 'SimpleImputer_1')]
<class 'tpot2.graphsklearn.GraphPipeline'>
loading data
/common/ketrong/AutoImputeExp/tpot2_imputetest/Impute_Experiments/logs/4769/tpot2_base_normal_MAR_0.9/data/4769_True.pkl
fitting
try transform
transform worked
58.1883517589895
[('GradientBoostingRegressor_1', 'SimpleImputer_1')]
<class 'tpot2.graphsklearn.GraphPipeline'>
loading data
/common/ketrong/AutoImputeExp/tpot2_imputetest/Impute_Experiments/logs/4769/tpot2_base_normal_MCAR_0.01/data/4769_True.pkl
fitting
try transform
transform worked
46.67339327430573
[('RandomForestRegressor_1', 'SimpleImputer_1')]
<class 'tpot2.graphsklearn.GraphPipeline'>
loading data
/common/ketrong/AutoImputeExp/tpot2_imputetest/Impute_Experiments/logs/4769/tpot2_base_normal_MCAR_0.1/data/4769_True.pkl
fitting
try transform
transform worked
43.244524681692454
[('RandomForestRegressor_1', 'SimpleImputer_1')]
<class 'tpot2.graphsklearn.GraphPipeline'>
loading data
/common/ketrong/AutoImputeExp/tpot2_imputetest/Impute_Experiments/logs/4769/tpot2_base_normal_MCAR_0.3/data/4769_True.pkl
fitting
try transform
transform worked
43.78889831293279
[('XGBRegressor_1', 'SimpleImputer_1')]
<class 'tpot2.graphsklearn.GraphPipeline'>
loading data
/common/ketrong/AutoImputeExp/tpot2_imputetest/Impute_Experiments/logs/4769/tpot2_base_normal_MCAR_0.5/data/4769_True.pkl
fitting
try transform
transform worked
40.260136351119016
[('ExtraTreesRegressor_1', 'SimpleImputer_1')]
<class 'tpot2.graphsklearn.GraphPipeline'>
loading data
/common/ketrong/AutoImputeExp/tpot2_imputetest/Impute_Experiments/logs/4769/tpot2_base_normal_MCAR_0.9/data/4769_True.pkl
fitting
try transform
transform worked
41.627728262603384
[('RandomForestRegressor_1', 'SimpleImputer_1')]
<class 'tpot2.graphsklearn.GraphPipeline'>
loading data
/common/ketrong/AutoImputeExp/tpot2_imputetest/Impute_Experiments/logs/4769/tpot2_base_normal_MNAR_0.01/data/4769_True.pkl
fitting
try transform
transform worked
52.12880167469595
[('XGBRegressor_1', 'SimpleImputer_1')]
<class 'tpot2.graphsklearn.GraphPipeline'>
loading data
/common/ketrong/AutoImputeExp/tpot2_imputetest/Impute_Experiments/logs/4769/tpot2_base_normal_MNAR_0.1/data/4769_True.pkl
fitting
try transform
transform worked
47.24772320566421
[('RandomForestRegressor_1', 'SimpleImputer_1')]
<class 'tpot2.graphsklearn.GraphPipeline'>
loading data
/common/ketrong/AutoImputeExp/tpot2_imputetest/Impute_Experiments/logs/4769/tpot2_base_normal_MNAR_0.3/data/4769_True.pkl
fitting
try transform
transform worked
41.19096555352617
[('XGBRegressor_1', 'SimpleImputer_1')]
<class 'tpot2.graphsklearn.GraphPipeline'>
loading data
/common/ketrong/AutoImputeExp/tpot2_imputetest/Impute_Experiments/logs/4769/tpot2_base_normal_MNAR_0.5/data/4769_True.pkl
fitting
try transform
transform worked
41.65053327958945
[('ExtraTreesRegressor_1', 'SimpleImputer_1')]
<class 'tpot2.graphsklearn.GraphPipeline'>
loading data
/common/ketrong/AutoImputeExp/tpot2_imputetest/Impute_Experiments/logs/4769/tpot2_base_normal_MNAR_0.9/data/4769_True.pkl
fitting
try transform
transform worked
41.44192140547598
[('GradientBoostingRegressor_1', 'IterativeImputer_1')]
<class 'tpot2.graphsklearn.GraphPipeline'>
loading data
/common/ketrong/AutoImputeExp/tpot2_imputetest/Impute_Experiments/logs/4769/tpot2_base_imputation_MAR_0.01/data/4769_True.pkl
fitting
try transform
transform worked
0.4051750393201637
[('RandomForestRegressor_1', 'IterativeImputer_1')]
<class 'tpot2.graphsklearn.GraphPipeline'>
loading data
/common/ketrong/AutoImputeExp/tpot2_imputetest/Impute_Experiments/logs/4769/tpot2_base_imputation_MAR_0.1/data/4769_True.pkl
fitting
try transform
transform worked
38.989189201053605
[('XGBRegressor_1', 'RandomForestImputer_1')]
<class 'tpot2.graphsklearn.GraphPipeline'>
loading data
/common/ketrong/AutoImputeExp/tpot2_imputetest/Impute_Experiments/logs/4769/tpot2_base_imputation_MAR_0.3/data/4769_True.pkl
fitting
try transform
4769MAR_0.3/ failed
[('RandomForestRegressor_1', 'SimpleImputer_1')]
<class 'tpot2.graphsklearn.GraphPipeline'>
loading data
/common/ketrong/AutoImputeExp/tpot2_imputetest/Impute_Experiments/logs/4769/tpot2_base_imputation_MAR_0.5/data/4769_True.pkl
fitting
try transform
transform worked
57.49925771313105
[('RandomForestRegressor_1', 'RandomForestImputer_1')]
<class 'tpot2.graphsklearn.GraphPipeline'>
loading data
/common/ketrong/AutoImputeExp/tpot2_imputetest/Impute_Experiments/logs/4769/tpot2_base_imputation_MAR_0.9/data/4769_True.pkl
fitting
try transform
4769MAR_0.9/ failed
[('GradientBoostingRegressor_1', 'IterativeImputer_1')]
<class 'tpot2.graphsklearn.GraphPipeline'>
loading data
/common/ketrong/AutoImputeExp/tpot2_imputetest/Impute_Experiments/logs/4769/tpot2_base_imputation_MCAR_0.01/data/4769_True.pkl
fitting
try transform
transform worked
6.118558725158082
[('GradientBoostingRegressor_1', 'IterativeImputer_1')]
<class 'tpot2.graphsklearn.GraphPipeline'>
loading data
/common/ketrong/AutoImputeExp/tpot2_imputetest/Impute_Experiments/logs/4769/tpot2_base_imputation_MCAR_0.1/data/4769_True.pkl
fitting
try transform
transform worked
14.886280158095111
[('XGBRegressor_1', 'SimpleImputer_1')]
<class 'tpot2.graphsklearn.GraphPipeline'>
loading data
/common/ketrong/AutoImputeExp/tpot2_imputetest/Impute_Experiments/logs/4769/tpot2_base_imputation_MCAR_0.3/data/4769_True.pkl
fitting
try transform
transform worked
41.5342212506829
[('XGBRegressor_1', 'IterativeImputer_1')]
<class 'tpot2.graphsklearn.GraphPipeline'>
loading data
/common/ketrong/AutoImputeExp/tpot2_imputetest/Impute_Experiments/logs/4769/tpot2_base_imputation_MCAR_0.5/data/4769_True.pkl
fitting
try transform
transform worked
40.185146566145654
[('ExtraTreesRegressor_1', 'IterativeImputer_1')]
<class 'tpot2.graphsklearn.GraphPipeline'>
loading data
/common/ketrong/AutoImputeExp/tpot2_imputetest/Impute_Experiments/logs/4769/tpot2_base_imputation_MCAR_0.9/data/4769_True.pkl
fitting
try transform
transform worked
39.148892292478386
[('RandomForestRegressor_1', 'SimpleImputer_1')]
<class 'tpot2.graphsklearn.GraphPipeline'>
loading data
/common/ketrong/AutoImputeExp/tpot2_imputetest/Impute_Experiments/logs/4769/tpot2_base_imputation_MNAR_0.01/data/4769_True.pkl
fitting
try transform
transform worked
21.542557160147442
[('XGBRegressor_1', 'IterativeImputer_1')]
<class 'tpot2.graphsklearn.GraphPipeline'>
loading data
/common/ketrong/AutoImputeExp/tpot2_imputetest/Impute_Experiments/logs/4769/tpot2_base_imputation_MNAR_0.1/data/4769_True.pkl
fitting
try transform
transform worked
14.373546039679832
[('ExtraTreesRegressor_1', 'IterativeImputer_1')]
<class 'tpot2.graphsklearn.GraphPipeline'>
loading data
/common/ketrong/AutoImputeExp/tpot2_imputetest/Impute_Experiments/logs/4769/tpot2_base_imputation_MNAR_0.3/data/4769_True.pkl
fitting
try transform
transform worked
75.12864918971619
[('ExtraTreesRegressor_1', 'IterativeImputer_1')]
<class 'tpot2.graphsklearn.GraphPipeline'>
loading data
/common/ketrong/AutoImputeExp/tpot2_imputetest/Impute_Experiments/logs/4769/tpot2_base_imputation_MNAR_0.5/data/4769_True.pkl
fitting
try transform
transform worked
74.56017127043381
[('ExtraTreesRegressor_1', 'RandomForestImputer_1')]
<class 'tpot2.graphsklearn.GraphPipeline'>
loading data
/common/ketrong/AutoImputeExp/tpot2_imputetest/Impute_Experiments/logs/4769/tpot2_base_imputation_MNAR_0.9/data/4769_True.pkl
fitting
try transform
4769MNAR_0.9/ failed
4769 Complete
[('ExtraTreesRegressor_1', 'SimpleImputer_1')]
<class 'tpot2.graphsklearn.GraphPipeline'>
loading data
/common/ketrong/AutoImputeExp/tpot2_imputetest/Impute_Experiments/logs/7393/tpot2_base_normal_MAR_0.01/data/7393_True.pkl
fitting
try transform
transform worked
1.6973253749800505
[('XGBRegressor_1', 'SimpleImputer_1')]
<class 'tpot2.graphsklearn.GraphPipeline'>
loading data
/common/ketrong/AutoImputeExp/tpot2_imputetest/Impute_Experiments/logs/7393/tpot2_base_normal_MAR_0.1/data/7393_True.pkl
fitting
try transform
transform worked
0.3277117947808695
[('ExtraTreesRegressor_1', 'SimpleImputer_1')]
<class 'tpot2.graphsklearn.GraphPipeline'>
loading data
/common/ketrong/AutoImputeExp/tpot2_imputetest/Impute_Experiments/logs/7393/tpot2_base_normal_MAR_0.3/data/7393_True.pkl
fitting
try transform
transform worked
19.164337916297892
[('XGBRegressor_1', 'SimpleImputer_1')]
<class 'tpot2.graphsklearn.GraphPipeline'>
loading data
/common/ketrong/AutoImputeExp/tpot2_imputetest/Impute_Experiments/logs/7393/tpot2_base_normal_MAR_0.5/data/7393_True.pkl
fitting
try transform
transform worked
3.7899954925550134
[('ExtraTreesRegressor_1', 'SimpleImputer_1')]
<class 'tpot2.graphsklearn.GraphPipeline'>
loading data
/common/ketrong/AutoImputeExp/tpot2_imputetest/Impute_Experiments/logs/7393/tpot2_base_normal_MAR_0.9/data/7393_True.pkl
fitting
try transform
transform worked
17.066155777505465
[('XGBRegressor_1', 'SimpleImputer_1')]
<class 'tpot2.graphsklearn.GraphPipeline'>
loading data
/common/ketrong/AutoImputeExp/tpot2_imputetest/Impute_Experiments/logs/7393/tpot2_base_normal_MCAR_0.01/data/7393_True.pkl
fitting
try transform
transform worked
22.01388590132307
[('ExtraTreesRegressor_1', 'SimpleImputer_1')]
<class 'tpot2.graphsklearn.GraphPipeline'>
loading data
/common/ketrong/AutoImputeExp/tpot2_imputetest/Impute_Experiments/logs/7393/tpot2_base_normal_MCAR_0.1/data/7393_True.pkl
fitting
try transform
transform worked
11.577110407095303
[('ExtraTreesRegressor_1', 'SimpleImputer_1')]
<class 'tpot2.graphsklearn.GraphPipeline'>
loading data
/common/ketrong/AutoImputeExp/tpot2_imputetest/Impute_Experiments/logs/7393/tpot2_base_normal_MCAR_0.3/data/7393_True.pkl
fitting
try transform
transform worked
12.505404872863084
[('XGBRegressor_1', 'SimpleImputer_1')]
<class 'tpot2.graphsklearn.GraphPipeline'>
loading data
/common/ketrong/AutoImputeExp/tpot2_imputetest/Impute_Experiments/logs/7393/tpot2_base_normal_MCAR_0.5/data/7393_True.pkl
fitting
try transform
transform worked
12.643303812715468
[('LassoLarsCV_1', 'SimpleImputer_1')]
<class 'tpot2.graphsklearn.GraphPipeline'>
loading data
/common/ketrong/AutoImputeExp/tpot2_imputetest/Impute_Experiments/logs/7393/tpot2_base_normal_MCAR_0.9/data/7393_True.pkl
fitting
try transform
transform worked
12.62286222294177
[('ExtraTreesRegressor_1', 'SimpleImputer_1')]
<class 'tpot2.graphsklearn.GraphPipeline'>
loading data
/common/ketrong/AutoImputeExp/tpot2_imputetest/Impute_Experiments/logs/7393/tpot2_base_normal_MNAR_0.01/data/7393_True.pkl
fitting
try transform
transform worked
11.896102325550432
[('XGBRegressor_1', 'SimpleImputer_1')]
<class 'tpot2.graphsklearn.GraphPipeline'>
loading data
/common/ketrong/AutoImputeExp/tpot2_imputetest/Impute_Experiments/logs/7393/tpot2_base_normal_MNAR_0.1/data/7393_True.pkl
fitting
try transform
transform worked
12.480839361285542
[('XGBRegressor_1', 'SimpleImputer_1')]
<class 'tpot2.graphsklearn.GraphPipeline'>
loading data
/common/ketrong/AutoImputeExp/tpot2_imputetest/Impute_Experiments/logs/7393/tpot2_base_normal_MNAR_0.3/data/7393_True.pkl
fitting
try transform
transform worked
11.456632451049217
[('ExtraTreesRegressor_1', 'SimpleImputer_1')]
<class 'tpot2.graphsklearn.GraphPipeline'>
loading data
/common/ketrong/AutoImputeExp/tpot2_imputetest/Impute_Experiments/logs/7393/tpot2_base_normal_MNAR_0.5/data/7393_True.pkl
fitting
try transform
transform worked
12.927626384106757
[('XGBRegressor_1', 'SimpleImputer_1')]
<class 'tpot2.graphsklearn.GraphPipeline'>
loading data
/common/ketrong/AutoImputeExp/tpot2_imputetest/Impute_Experiments/logs/7393/tpot2_base_normal_MNAR_0.9/data/7393_True.pkl
fitting
try transform
transform worked
12.814866842567465
[('ExtraTreesRegressor_1', 'RandomForestImputer_1')]
<class 'tpot2.graphsklearn.GraphPipeline'>
loading data
/common/ketrong/AutoImputeExp/tpot2_imputetest/Impute_Experiments/logs/7393/tpot2_base_imputation_MAR_0.01/data/7393_True.pkl
fitting
try transform
7393MAR_0.01/ failed
[('ExtraTreesRegressor_1', 'IterativeImputer_1')]
<class 'tpot2.graphsklearn.GraphPipeline'>
loading data
/common/ketrong/AutoImputeExp/tpot2_imputetest/Impute_Experiments/logs/7393/tpot2_base_imputation_MAR_0.1/data/7393_True.pkl
fitting
try transform
transform worked
0.27639770708712563
[('ExtraTreesRegressor_1', 'RandomForestImputer_1')]
<class 'tpot2.graphsklearn.GraphPipeline'>
loading data
/common/ketrong/AutoImputeExp/tpot2_imputetest/Impute_Experiments/logs/7393/tpot2_base_imputation_MAR_0.3/data/7393_True.pkl
fitting
try transform
7393MAR_0.3/ failed
[('ExtraTreesRegressor_1', 'IterativeImputer_1')]
<class 'tpot2.graphsklearn.GraphPipeline'>
loading data
/common/ketrong/AutoImputeExp/tpot2_imputetest/Impute_Experiments/logs/7393/tpot2_base_imputation_MAR_0.5/data/7393_True.pkl
fitting
try transform
transform worked
1.878744008469221
[('ExtraTreesRegressor_1', 'IterativeImputer_1')]
<class 'tpot2.graphsklearn.GraphPipeline'>
loading data
/common/ketrong/AutoImputeExp/tpot2_imputetest/Impute_Experiments/logs/7393/tpot2_base_imputation_MAR_0.9/data/7393_True.pkl
fitting
try transform
transform worked
3.7607365272532602
[('XGBRegressor_1', 'IterativeImputer_1')]
<class 'tpot2.graphsklearn.GraphPipeline'>
loading data
/common/ketrong/AutoImputeExp/tpot2_imputetest/Impute_Experiments/logs/7393/tpot2_base_imputation_MCAR_0.01/data/7393_True.pkl
fitting
try transform
transform worked
15.12530257346757
[('ExtraTreesRegressor_1', 'IterativeImputer_1')]
<class 'tpot2.graphsklearn.GraphPipeline'>
loading data
/common/ketrong/AutoImputeExp/tpot2_imputetest/Impute_Experiments/logs/7393/tpot2_base_imputation_MCAR_0.1/data/7393_True.pkl
fitting
try transform
transform worked
20.44634843547543
[('ExtraTreesRegressor_1', 'IterativeImputer_1')]
<class 'tpot2.graphsklearn.GraphPipeline'>
loading data
/common/ketrong/AutoImputeExp/tpot2_imputetest/Impute_Experiments/logs/7393/tpot2_base_imputation_MCAR_0.3/data/7393_True.pkl
fitting
try transform
transform worked
18.41762092896439
[('RandomForestRegressor_1', 'IterativeImputer_1')]
<class 'tpot2.graphsklearn.GraphPipeline'>
loading data
/common/ketrong/AutoImputeExp/tpot2_imputetest/Impute_Experiments/logs/7393/tpot2_base_imputation_MCAR_0.5/data/7393_True.pkl
fitting
try transform
transform worked
12.63960975608073
[('RidgeCV_1', 'RandomForestImputer_1')]
<class 'tpot2.graphsklearn.GraphPipeline'>
loading data
/common/ketrong/AutoImputeExp/tpot2_imputetest/Impute_Experiments/logs/7393/tpot2_base_imputation_MCAR_0.9/data/7393_True.pkl
fitting
try transform
7393MCAR_0.9/ failed
[('ExtraTreesRegressor_1', 'IterativeImputer_1')]
<class 'tpot2.graphsklearn.GraphPipeline'>
loading data
/common/ketrong/AutoImputeExp/tpot2_imputetest/Impute_Experiments/logs/7393/tpot2_base_imputation_MNAR_0.01/data/7393_True.pkl
fitting
try transform
transform worked
19.275394105287475
[('ExtraTreesRegressor_1', 'IterativeImputer_1')]
<class 'tpot2.graphsklearn.GraphPipeline'>
loading data
/common/ketrong/AutoImputeExp/tpot2_imputetest/Impute_Experiments/logs/7393/tpot2_base_imputation_MNAR_0.1/data/7393_True.pkl
fitting
try transform
transform worked
11.341097074771675
[('XGBRegressor_1', 'IterativeImputer_1')]
<class 'tpot2.graphsklearn.GraphPipeline'>
loading data
/common/ketrong/AutoImputeExp/tpot2_imputetest/Impute_Experiments/logs/7393/tpot2_base_imputation_MNAR_0.3/data/7393_True.pkl
fitting
try transform
transform worked
12.042178107554689
[('ExtraTreesRegressor_1', 'IterativeImputer_1')]
<class 'tpot2.graphsklearn.GraphPipeline'>
loading data
/common/ketrong/AutoImputeExp/tpot2_imputetest/Impute_Experiments/logs/7393/tpot2_base_imputation_MNAR_0.5/data/7393_True.pkl
fitting
try transform
transform worked
14.808027229009403
[('XGBRegressor_1', 'SimpleImputer_1')]
<class 'tpot2.graphsklearn.GraphPipeline'>
loading data
/common/ketrong/AutoImputeExp/tpot2_imputetest/Impute_Experiments/logs/7393/tpot2_base_imputation_MNAR_0.9/data/7393_True.pkl
fitting
try transform
transform worked
12.78275590164746
7393 Complete
[('XGBRegressor_1', 'SimpleImputer_1')]
<class 'tpot2.graphsklearn.GraphPipeline'>
loading data
/common/ketrong/AutoImputeExp/tpot2_imputetest/Impute_Experiments/logs/360969/tpot2_base_normal_MAR_0.01/data/360969_True.pkl
fitting
try transform
transform worked
22658.01300210923
[('XGBRegressor_1', 'SimpleImputer_1')]
<class 'tpot2.graphsklearn.GraphPipeline'>
loading data
/common/ketrong/AutoImputeExp/tpot2_imputetest/Impute_Experiments/logs/360969/tpot2_base_normal_MAR_0.1/data/360969_True.pkl
fitting
try transform
transform worked
793108445093.8845
[('XGBRegressor_1', 'SimpleImputer_1')]
<class 'tpot2.graphsklearn.GraphPipeline'>
loading data
/common/ketrong/AutoImputeExp/tpot2_imputetest/Impute_Experiments/logs/360969/tpot2_base_normal_MAR_0.3/data/360969_True.pkl
fitting
try transform
transform worked
898280835477.8123
[('XGBRegressor_1', 'SimpleImputer_1')]
<class 'tpot2.graphsklearn.GraphPipeline'>
loading data
/common/ketrong/AutoImputeExp/tpot2_imputetest/Impute_Experiments/logs/360969/tpot2_base_normal_MAR_0.5/data/360969_True.pkl
fitting
try transform
transform worked
10179.715640439812
[('ExtraTreesRegressor_1', 'SimpleImputer_1')]
<class 'tpot2.graphsklearn.GraphPipeline'>
loading data
/common/ketrong/AutoImputeExp/tpot2_imputetest/Impute_Experiments/logs/360969/tpot2_base_normal_MAR_0.9/data/360969_True.pkl
fitting
try transform
transform worked
15614.482616218858
[('XGBRegressor_1', 'SimpleImputer_1')]
<class 'tpot2.graphsklearn.GraphPipeline'>
loading data
/common/ketrong/AutoImputeExp/tpot2_imputetest/Impute_Experiments/logs/360969/tpot2_base_normal_MCAR_0.01/data/360969_True.pkl
fitting
try transform
transform worked
611389260803.631
[('XGBRegressor_1', 'SimpleImputer_1')]
<class 'tpot2.graphsklearn.GraphPipeline'>
loading data
/common/ketrong/AutoImputeExp/tpot2_imputetest/Impute_Experiments/logs/360969/tpot2_base_normal_MCAR_0.1/data/360969_True.pkl
fitting
try transform
transform worked
666528255495.2754
[('XGBRegressor_1', 'SimpleImputer_1')]
<class 'tpot2.graphsklearn.GraphPipeline'>
loading data
/common/ketrong/AutoImputeExp/tpot2_imputetest/Impute_Experiments/logs/360969/tpot2_base_normal_MCAR_0.3/data/360969_True.pkl
fitting
try transform
transform worked
311335222119.1734
[('XGBRegressor_1', 'SimpleImputer_1')]
<class 'tpot2.graphsklearn.GraphPipeline'>
loading data
/common/ketrong/AutoImputeExp/tpot2_imputetest/Impute_Experiments/logs/360969/tpot2_base_normal_MCAR_0.5/data/360969_True.pkl
fitting
try transform
transform worked
295768813401.69855
[('ExtraTreesRegressor_1', 'SimpleImputer_1')]
<class 'tpot2.graphsklearn.GraphPipeline'>
loading data
/common/ketrong/AutoImputeExp/tpot2_imputetest/Impute_Experiments/logs/360969/tpot2_base_normal_MCAR_0.9/data/360969_True.pkl
fitting
try transform
transform worked
298380959248.1677
[('XGBRegressor_1', 'SimpleImputer_1')]
<class 'tpot2.graphsklearn.GraphPipeline'>
loading data
/common/ketrong/AutoImputeExp/tpot2_imputetest/Impute_Experiments/logs/360969/tpot2_base_normal_MNAR_0.01/data/360969_True.pkl
fitting
try transform
transform worked
736197290806.4222
[('XGBRegressor_1', 'SimpleImputer_1')]
<class 'tpot2.graphsklearn.GraphPipeline'>
loading data
/common/ketrong/AutoImputeExp/tpot2_imputetest/Impute_Experiments/logs/360969/tpot2_base_normal_MNAR_0.1/data/360969_True.pkl
fitting
try transform
transform worked
317274548276.18884
[('XGBRegressor_1', 'SimpleImputer_1')]
<class 'tpot2.graphsklearn.GraphPipeline'>
loading data
/common/ketrong/AutoImputeExp/tpot2_imputetest/Impute_Experiments/logs/360969/tpot2_base_normal_MNAR_0.3/data/360969_True.pkl
fitting
try transform
transform worked
347101532534.5801
[('RandomForestRegressor_1', 'SimpleImputer_1')]
<class 'tpot2.graphsklearn.GraphPipeline'>
loading data
/common/ketrong/AutoImputeExp/tpot2_imputetest/Impute_Experiments/logs/360969/tpot2_base_normal_MNAR_0.5/data/360969_True.pkl
fitting
try transform
transform worked
296989294707.6858
[('RandomForestRegressor_1', 'SimpleImputer_1')]
<class 'tpot2.graphsklearn.GraphPipeline'>
loading data
/common/ketrong/AutoImputeExp/tpot2_imputetest/Impute_Experiments/logs/360969/tpot2_base_normal_MNAR_0.9/data/360969_True.pkl
fitting
try transform
transform worked
301494257072.19354
[('XGBRegressor_1', 'IterativeImputer_1')]
<class 'tpot2.graphsklearn.GraphPipeline'>
loading data
/common/ketrong/AutoImputeExp/tpot2_imputetest/Impute_Experiments/logs/360969/tpot2_base_imputation_MAR_0.01/data/360969_True.pkl
fitting
try transform
transform worked
386230535429.90594
[('RandomForestRegressor_1', 'KNNImputer_1')]
<class 'tpot2.graphsklearn.GraphPipeline'>
loading data
/common/ketrong/AutoImputeExp/tpot2_imputetest/Impute_Experiments/logs/360969/tpot2_base_imputation_MAR_0.1/data/360969_True.pkl
fitting
try transform
transform worked
4903.487661919955
[('XGBRegressor_1', 'KNNImputer_1')]
<class 'tpot2.graphsklearn.GraphPipeline'>
loading data
/common/ketrong/AutoImputeExp/tpot2_imputetest/Impute_Experiments/logs/360969/tpot2_base_imputation_MAR_0.3/data/360969_True.pkl
fitting
try transform
transform worked
538763341925.3721
[('ExtraTreesRegressor_1', 'KNNImputer_1')]
<class 'tpot2.graphsklearn.GraphPipeline'>
loading data
/common/ketrong/AutoImputeExp/tpot2_imputetest/Impute_Experiments/logs/360969/tpot2_base_imputation_MAR_0.5/data/360969_True.pkl
fitting
try transform
transform worked
910.2745483233381
[('RandomForestRegressor_1', 'KNNImputer_1')]
<class 'tpot2.graphsklearn.GraphPipeline'>
loading data
/common/ketrong/AutoImputeExp/tpot2_imputetest/Impute_Experiments/logs/360969/tpot2_base_imputation_MAR_0.9/data/360969_True.pkl
fitting
try transform
transform worked
465073700236.93854
[('XGBRegressor_1', 'SimpleImputer_1')]
<class 'tpot2.graphsklearn.GraphPipeline'>
loading data
/common/ketrong/AutoImputeExp/tpot2_imputetest/Impute_Experiments/logs/360969/tpot2_base_imputation_MCAR_0.01/data/360969_True.pkl
fitting
try transform
transform worked
456049455061.357
[('RandomForestRegressor_1', 'IterativeImputer_1')]
<class 'tpot2.graphsklearn.GraphPipeline'>
loading data
/common/ketrong/AutoImputeExp/tpot2_imputetest/Impute_Experiments/logs/360969/tpot2_base_imputation_MCAR_0.1/data/360969_True.pkl
fitting
try transform
transform worked
292871386288.7788
[('RandomForestRegressor_1', 'IterativeImputer_1')]
<class 'tpot2.graphsklearn.GraphPipeline'>
loading data
/common/ketrong/AutoImputeExp/tpot2_imputetest/Impute_Experiments/logs/360969/tpot2_base_imputation_MCAR_0.3/data/360969_True.pkl
fitting
try transform
transform worked
318030139671.63257
[('RandomForestRegressor_1', 'IterativeImputer_1')]
<class 'tpot2.graphsklearn.GraphPipeline'>
loading data
/common/ketrong/AutoImputeExp/tpot2_imputetest/Impute_Experiments/logs/360969/tpot2_base_imputation_MCAR_0.5/data/360969_True.pkl
fitting
try transform
transform worked
309086519108.11597
[('RandomForestRegressor_1', 'RandomForestImputer_1')]
<class 'tpot2.graphsklearn.GraphPipeline'>
loading data
/common/ketrong/AutoImputeExp/tpot2_imputetest/Impute_Experiments/logs/360969/tpot2_base_imputation_MCAR_0.9/data/360969_True.pkl
fitting
try transform
360969MCAR_0.9/ failed
[('RandomForestRegressor_1', 'IterativeImputer_1')]
<class 'tpot2.graphsklearn.GraphPipeline'>
loading data
/common/ketrong/AutoImputeExp/tpot2_imputetest/Impute_Experiments/logs/360969/tpot2_base_imputation_MNAR_0.01/data/360969_True.pkl
fitting
try transform
transform worked
268811661898.41116
[('RandomForestRegressor_1', 'IterativeImputer_1')]
<class 'tpot2.graphsklearn.GraphPipeline'>
loading data
/common/ketrong/AutoImputeExp/tpot2_imputetest/Impute_Experiments/logs/360969/tpot2_base_imputation_MNAR_0.1/data/360969_True.pkl
fitting
try transform
transform worked
331690911088.91925
[('RandomForestRegressor_1', 'IterativeImputer_1')]
<class 'tpot2.graphsklearn.GraphPipeline'>
loading data
/common/ketrong/AutoImputeExp/tpot2_imputetest/Impute_Experiments/logs/360969/tpot2_base_imputation_MNAR_0.3/data/360969_True.pkl
fitting
try transform
transform worked
306547264729.34296
[('XGBRegressor_1', 'IterativeImputer_1')]
<class 'tpot2.graphsklearn.GraphPipeline'>
loading data
/common/ketrong/AutoImputeExp/tpot2_imputetest/Impute_Experiments/logs/360969/tpot2_base_imputation_MNAR_0.5/data/360969_True.pkl
fitting
try transform
transform worked
322444342935.02454
[('RandomForestRegressor_1', 'RandomForestImputer_1')]
<class 'tpot2.graphsklearn.GraphPipeline'>
loading data
/common/ketrong/AutoImputeExp/tpot2_imputetest/Impute_Experiments/logs/360969/tpot2_base_imputation_MNAR_0.9/data/360969_True.pkl
fitting
try transform
360969MNAR_0.9/ failed
360969 Complete
[('XGBRegressor_1', 'SimpleImputer_1')]
<class 'tpot2.graphsklearn.GraphPipeline'>
loading data
/common/ketrong/AutoImputeExp/tpot2_imputetest/Impute_Experiments/logs/190419/tpot2_base_normal_MAR_0.01/data/190419_True.pkl
fitting
try transform
transform worked
0.2890201789256995
[('XGBRegressor_1', 'SimpleImputer_1')]
<class 'tpot2.graphsklearn.GraphPipeline'>
loading data
/common/ketrong/AutoImputeExp/tpot2_imputetest/Impute_Experiments/logs/190419/tpot2_base_normal_MAR_0.1/data/190419_True.pkl
fitting
try transform
transform worked
0.35513251816032687
[('XGBRegressor_1', 'SimpleImputer_1')]
<class 'tpot2.graphsklearn.GraphPipeline'>
loading data
/common/ketrong/AutoImputeExp/tpot2_imputetest/Impute_Experiments/logs/190419/tpot2_base_normal_MAR_0.3/data/190419_True.pkl
fitting
try transform
transform worked
0.5818232206129152
[('RandomForestRegressor_1', 'SimpleImputer_1')]
<class 'tpot2.graphsklearn.GraphPipeline'>
loading data
/common/ketrong/AutoImputeExp/tpot2_imputetest/Impute_Experiments/logs/190419/tpot2_base_normal_MAR_0.5/data/190419_True.pkl
fitting
try transform
transform worked
0.28283309583041283
[('XGBRegressor_1', 'SimpleImputer_1')]
<class 'tpot2.graphsklearn.GraphPipeline'>
loading data
/common/ketrong/AutoImputeExp/tpot2_imputetest/Impute_Experiments/logs/190419/tpot2_base_normal_MAR_0.9/data/190419_True.pkl
fitting
try transform
transform worked
0.6624274506211592
[('XGBRegressor_1', 'SimpleImputer_1')]
<class 'tpot2.graphsklearn.GraphPipeline'>
loading data
/common/ketrong/AutoImputeExp/tpot2_imputetest/Impute_Experiments/logs/190419/tpot2_base_normal_MCAR_0.01/data/190419_True.pkl
fitting
try transform
transform worked
0.5393672088553649
[('XGBRegressor_1', 'SimpleImputer_1')]
<class 'tpot2.graphsklearn.GraphPipeline'>
loading data
/common/ketrong/AutoImputeExp/tpot2_imputetest/Impute_Experiments/logs/190419/tpot2_base_normal_MCAR_0.1/data/190419_True.pkl
fitting
try transform
transform worked
0.48185531344613364
[('RandomForestRegressor_1', 'SimpleImputer_1')]
<class 'tpot2.graphsklearn.GraphPipeline'>
loading data
/common/ketrong/AutoImputeExp/tpot2_imputetest/Impute_Experiments/logs/190419/tpot2_base_normal_MCAR_0.3/data/190419_True.pkl
fitting
try transform
transform worked
0.4658424158810852
[('XGBRegressor_1', 'SimpleImputer_1')]
<class 'tpot2.graphsklearn.GraphPipeline'>
loading data
/common/ketrong/AutoImputeExp/tpot2_imputetest/Impute_Experiments/logs/190419/tpot2_base_normal_MCAR_0.5/data/190419_True.pkl
fitting
try transform
transform worked
0.5305447170671759
[('DecisionTreeRegressor_1', 'SimpleImputer_1')]
<class 'tpot2.graphsklearn.GraphPipeline'>
loading data
/common/ketrong/AutoImputeExp/tpot2_imputetest/Impute_Experiments/logs/190419/tpot2_base_normal_MCAR_0.9/data/190419_True.pkl
fitting
try transform
transform worked
0.5119694140043428
[('XGBRegressor_1', 'SimpleImputer_1')]
<class 'tpot2.graphsklearn.GraphPipeline'>
loading data
/common/ketrong/AutoImputeExp/tpot2_imputetest/Impute_Experiments/logs/190419/tpot2_base_normal_MNAR_0.01/data/190419_True.pkl
fitting
try transform
transform worked
0.5040200171083803
[('XGBRegressor_1', 'SimpleImputer_1')]
<class 'tpot2.graphsklearn.GraphPipeline'>
loading data
/common/ketrong/AutoImputeExp/tpot2_imputetest/Impute_Experiments/logs/190419/tpot2_base_normal_MNAR_0.1/data/190419_True.pkl
fitting
try transform
transform worked
0.5348346849855563
[('XGBRegressor_1', 'SimpleImputer_1')]
<class 'tpot2.graphsklearn.GraphPipeline'>
loading data
/common/ketrong/AutoImputeExp/tpot2_imputetest/Impute_Experiments/logs/190419/tpot2_base_normal_MNAR_0.3/data/190419_True.pkl
fitting
try transform
transform worked
0.47986141287168044
[('XGBRegressor_1', 'SimpleImputer_1')]
<class 'tpot2.graphsklearn.GraphPipeline'>
loading data
/common/ketrong/AutoImputeExp/tpot2_imputetest/Impute_Experiments/logs/190419/tpot2_base_normal_MNAR_0.5/data/190419_True.pkl
fitting
try transform
transform worked
0.5200710757532369
[('DecisionTreeRegressor_1', 'SimpleImputer_1')]
<class 'tpot2.graphsklearn.GraphPipeline'>
loading data
/common/ketrong/AutoImputeExp/tpot2_imputetest/Impute_Experiments/logs/190419/tpot2_base_normal_MNAR_0.9/data/190419_True.pkl
fitting
try transform
transform worked
0.8988945720340006
[('RandomForestRegressor_1', 'IterativeImputer_1')]
<class 'tpot2.graphsklearn.GraphPipeline'>
loading data
/common/ketrong/AutoImputeExp/tpot2_imputetest/Impute_Experiments/logs/190419/tpot2_base_imputation_MAR_0.01/data/190419_True.pkl
fitting
try transform
transform worked
0.2495788216533191
[('RandomForestRegressor_1', 'RandomForestImputer_1')]
<class 'tpot2.graphsklearn.GraphPipeline'>
loading data
/common/ketrong/AutoImputeExp/tpot2_imputetest/Impute_Experiments/logs/190419/tpot2_base_imputation_MAR_0.1/data/190419_True.pkl
fitting
try transform
190419MAR_0.1/ failed
[('XGBRegressor_1', 'SimpleImputer_1')]
<class 'tpot2.graphsklearn.GraphPipeline'>
loading data
/common/ketrong/AutoImputeExp/tpot2_imputetest/Impute_Experiments/logs/190419/tpot2_base_imputation_MAR_0.3/data/190419_True.pkl
fitting
try transform
transform worked
0.2852738162506287
[('XGBRegressor_1', 'SimpleImputer_1')]
<class 'tpot2.graphsklearn.GraphPipeline'>
loading data
/common/ketrong/AutoImputeExp/tpot2_imputetest/Impute_Experiments/logs/190419/tpot2_base_imputation_MAR_0.5/data/190419_True.pkl
fitting
try transform
transform worked
0.2544652600623786
[('RandomForestRegressor_1', 'SimpleImputer_1')]
<class 'tpot2.graphsklearn.GraphPipeline'>
loading data
/common/ketrong/AutoImputeExp/tpot2_imputetest/Impute_Experiments/logs/190419/tpot2_base_imputation_MAR_0.9/data/190419_True.pkl
fitting
try transform
transform worked
0.6509173732232526
[('XGBRegressor_1', 'SimpleImputer_1')]
<class 'tpot2.graphsklearn.GraphPipeline'>
loading data
/common/ketrong/AutoImputeExp/tpot2_imputetest/Impute_Experiments/logs/190419/tpot2_base_imputation_MCAR_0.01/data/190419_True.pkl
fitting
try transform
transform worked
0.4286611891422628
[('RandomForestRegressor_1', 'RandomForestImputer_1')]
<class 'tpot2.graphsklearn.GraphPipeline'>
loading data
/common/ketrong/AutoImputeExp/tpot2_imputetest/Impute_Experiments/logs/190419/tpot2_base_imputation_MCAR_0.1/data/190419_True.pkl
fitting
try transform
190419MCAR_0.1/ failed
[('RandomForestRegressor_1', 'IterativeImputer_1')]
<class 'tpot2.graphsklearn.GraphPipeline'>
loading data
/common/ketrong/AutoImputeExp/tpot2_imputetest/Impute_Experiments/logs/190419/tpot2_base_imputation_MCAR_0.3/data/190419_True.pkl
fitting
try transform
transform worked
0.5008087672180105
[('XGBRegressor_1', 'SimpleImputer_1')]
<class 'tpot2.graphsklearn.GraphPipeline'>
loading data
/common/ketrong/AutoImputeExp/tpot2_imputetest/Impute_Experiments/logs/190419/tpot2_base_imputation_MCAR_0.5/data/190419_True.pkl
fitting
try transform
transform worked
0.5495233451971723
[('ExtraTreesRegressor_1', 'SimpleImputer_1')]
<class 'tpot2.graphsklearn.GraphPipeline'>
loading data
/common/ketrong/AutoImputeExp/tpot2_imputetest/Impute_Experiments/logs/190419/tpot2_base_imputation_MCAR_0.9/data/190419_True.pkl
fitting
try transform
transform worked
0.5491925663090927
[('XGBRegressor_1', 'IterativeImputer_1')]
<class 'tpot2.graphsklearn.GraphPipeline'>
loading data
/common/ketrong/AutoImputeExp/tpot2_imputetest/Impute_Experiments/logs/190419/tpot2_base_imputation_MNAR_0.01/data/190419_True.pkl
fitting
try transform
transform worked
1.6960413650514792
[('RandomForestRegressor_1', 'RandomForestImputer_1')]
<class 'tpot2.graphsklearn.GraphPipeline'>
loading data
/common/ketrong/AutoImputeExp/tpot2_imputetest/Impute_Experiments/logs/190419/tpot2_base_imputation_MNAR_0.1/data/190419_True.pkl
fitting
try transform
190419MNAR_0.1/ failed
[('RandomForestRegressor_1', 'RandomForestImputer_1')]
<class 'tpot2.graphsklearn.GraphPipeline'>
loading data
/common/ketrong/AutoImputeExp/tpot2_imputetest/Impute_Experiments/logs/190419/tpot2_base_imputation_MNAR_0.3/data/190419_True.pkl
fitting
try transform
190419MNAR_0.3/ failed
[('RandomForestRegressor_1', 'RandomForestImputer_1')]
<class 'tpot2.graphsklearn.GraphPipeline'>
loading data
/common/ketrong/AutoImputeExp/tpot2_imputetest/Impute_Experiments/logs/190419/tpot2_base_imputation_MNAR_0.5/data/190419_True.pkl
fitting
try transform
190419MNAR_0.5/ failed
[('DecisionTreeRegressor_1', 'SimpleImputer_1')]
<class 'tpot2.graphsklearn.GraphPipeline'>
loading data
/common/ketrong/AutoImputeExp/tpot2_imputetest/Impute_Experiments/logs/190419/tpot2_base_imputation_MNAR_0.9/data/190419_True.pkl
fitting
try transform
transform worked
0.5132267495226712
190419 Complete
[('RandomForestRegressor_1', 'SimpleImputer_1')]
<class 'tpot2.graphsklearn.GraphPipeline'>
loading data
/common/ketrong/AutoImputeExp/tpot2_imputetest/Impute_Experiments/logs/233169/tpot2_base_normal_MAR_0.01/data/233169_True.pkl
fitting
try transform
transform worked
11.973706602612554
[('RandomForestRegressor_1', 'SimpleImputer_1')]
<class 'tpot2.graphsklearn.GraphPipeline'>
loading data
/common/ketrong/AutoImputeExp/tpot2_imputetest/Impute_Experiments/logs/233169/tpot2_base_normal_MAR_0.1/data/233169_True.pkl
fitting
try transform
transform worked
7.314924917489168
[('ExtraTreesRegressor_1', 'SimpleImputer_1')]
<class 'tpot2.graphsklearn.GraphPipeline'>
loading data
/common/ketrong/AutoImputeExp/tpot2_imputetest/Impute_Experiments/logs/233169/tpot2_base_normal_MAR_0.3/data/233169_True.pkl
fitting
try transform
transform worked
7.7584676466889455
[('RandomForestRegressor_1', 'SimpleImputer_1')]
<class 'tpot2.graphsklearn.GraphPipeline'>
loading data
/common/ketrong/AutoImputeExp/tpot2_imputetest/Impute_Experiments/logs/233169/tpot2_base_normal_MAR_0.5/data/233169_True.pkl
fitting
try transform
transform worked
226.75465599811176
[('XGBRegressor_1', 'SimpleImputer_1')]
<class 'tpot2.graphsklearn.GraphPipeline'>
loading data
/common/ketrong/AutoImputeExp/tpot2_imputetest/Impute_Experiments/logs/233169/tpot2_base_normal_MAR_0.9/data/233169_True.pkl
fitting
try transform
transform worked
6641.892279103452
[('KNeighborsRegressor_1', 'SimpleImputer_1')]
<class 'tpot2.graphsklearn.GraphPipeline'>
loading data
/common/ketrong/AutoImputeExp/tpot2_imputetest/Impute_Experiments/logs/233169/tpot2_base_normal_MCAR_0.01/data/233169_True.pkl
fitting
try transform
transform worked
4.728289403829674
[('XGBRegressor_1', 'SimpleImputer_1')]
<class 'tpot2.graphsklearn.GraphPipeline'>
loading data
/common/ketrong/AutoImputeExp/tpot2_imputetest/Impute_Experiments/logs/233169/tpot2_base_normal_MCAR_0.1/data/233169_True.pkl
fitting
try transform
transform worked
4604.321290576232
[('RandomForestRegressor_1', 'SimpleImputer_1')]
<class 'tpot2.graphsklearn.GraphPipeline'>
loading data
/common/ketrong/AutoImputeExp/tpot2_imputetest/Impute_Experiments/logs/233169/tpot2_base_normal_MCAR_0.3/data/233169_True.pkl
fitting
try transform
transform worked
116.45811389231883
[('AdaBoostRegressor_1', 'SimpleImputer_1')]
<class 'tpot2.graphsklearn.GraphPipeline'>
loading data
/common/ketrong/AutoImputeExp/tpot2_imputetest/Impute_Experiments/logs/233169/tpot2_base_normal_MCAR_0.5/data/233169_True.pkl
fitting
try transform
transform worked
141.0197250912071
[('XGBRegressor_1', 'SimpleImputer_1')]
<class 'tpot2.graphsklearn.GraphPipeline'>
loading data
/common/ketrong/AutoImputeExp/tpot2_imputetest/Impute_Experiments/logs/233169/tpot2_base_normal_MCAR_0.9/data/233169_True.pkl
fitting
try transform
transform worked
4748.469472150852
[('XGBRegressor_1', 'SimpleImputer_1')]
<class 'tpot2.graphsklearn.GraphPipeline'>
loading data
/common/ketrong/AutoImputeExp/tpot2_imputetest/Impute_Experiments/logs/233169/tpot2_base_normal_MNAR_0.01/data/233169_True.pkl
fitting
try transform
transform worked
5628.971690784831
[('RandomForestRegressor_1', 'SimpleImputer_1')]
<class 'tpot2.graphsklearn.GraphPipeline'>
loading data
/common/ketrong/AutoImputeExp/tpot2_imputetest/Impute_Experiments/logs/233169/tpot2_base_normal_MNAR_0.1/data/233169_True.pkl
fitting
try transform
transform worked
4652.168974048274
[('DecisionTreeRegressor_1', 'SimpleImputer_1')]
<class 'tpot2.graphsklearn.GraphPipeline'>
loading data
/common/ketrong/AutoImputeExp/tpot2_imputetest/Impute_Experiments/logs/233169/tpot2_base_normal_MNAR_0.3/data/233169_True.pkl
fitting
try transform
transform worked
106.8565838469293
[('RandomForestRegressor_1', 'SimpleImputer_1')]
<class 'tpot2.graphsklearn.GraphPipeline'>
loading data
/common/ketrong/AutoImputeExp/tpot2_imputetest/Impute_Experiments/logs/233169/tpot2_base_normal_MNAR_0.5/data/233169_True.pkl
fitting
try transform
transform worked
112.47216538195555
[('XGBRegressor_1', 'SimpleImputer_1')]
<class 'tpot2.graphsklearn.GraphPipeline'>
loading data
/common/ketrong/AutoImputeExp/tpot2_imputetest/Impute_Experiments/logs/233169/tpot2_base_normal_MNAR_0.9/data/233169_True.pkl
fitting
try transform
transform worked
4707.302414438315
[('XGBRegressor_1', 'RandomForestImputer_1')]
<class 'tpot2.graphsklearn.GraphPipeline'>
loading data
/common/ketrong/AutoImputeExp/tpot2_imputetest/Impute_Experiments/logs/233169/tpot2_base_imputation_MAR_0.01/data/233169_True.pkl
fitting
try transform
233169MAR_0.01/ failed
[('XGBRegressor_1', 'SimpleImputer_1')]
<class 'tpot2.graphsklearn.GraphPipeline'>
loading data
/common/ketrong/AutoImputeExp/tpot2_imputetest/Impute_Experiments/logs/233169/tpot2_base_imputation_MAR_0.1/data/233169_True.pkl
fitting
try transform
transform worked
6986.3907001693215
[('RandomForestRegressor_1', 'KNNImputer_1')]
<class 'tpot2.graphsklearn.GraphPipeline'>
loading data
/common/ketrong/AutoImputeExp/tpot2_imputetest/Impute_Experiments/logs/233169/tpot2_base_imputation_MAR_0.3/data/233169_True.pkl
fitting
try transform
transform worked
198.25207401273698
[('RandomForestRegressor_1', 'SimpleImputer_1')]
<class 'tpot2.graphsklearn.GraphPipeline'>
loading data
/common/ketrong/AutoImputeExp/tpot2_imputetest/Impute_Experiments/logs/233169/tpot2_base_imputation_MAR_0.5/data/233169_True.pkl
fitting
try transform
transform worked
171.32066495424968
[('KNeighborsRegressor_1', 'SimpleImputer_1')]
<class 'tpot2.graphsklearn.GraphPipeline'>
loading data
/common/ketrong/AutoImputeExp/tpot2_imputetest/Impute_Experiments/logs/233169/tpot2_base_imputation_MAR_0.9/data/233169_True.pkl
fitting
try transform
transform worked
155.97559857050544
[('RandomForestRegressor_1', 'RandomForestImputer_1')]
<class 'tpot2.graphsklearn.GraphPipeline'>
loading data
/common/ketrong/AutoImputeExp/tpot2_imputetest/Impute_Experiments/logs/233169/tpot2_base_imputation_MCAR_0.01/data/233169_True.pkl
fitting
try transform
233169MCAR_0.01/ failed
[('RandomForestRegressor_1', 'SimpleImputer_1')]
<class 'tpot2.graphsklearn.GraphPipeline'>
loading data
/common/ketrong/AutoImputeExp/tpot2_imputetest/Impute_Experiments/logs/233169/tpot2_base_imputation_MCAR_0.1/data/233169_True.pkl
fitting
try transform
transform worked
115.06291650034312
[('RandomForestRegressor_1', 'KNNImputer_1')]
<class 'tpot2.graphsklearn.GraphPipeline'>
loading data
/common/ketrong/AutoImputeExp/tpot2_imputetest/Impute_Experiments/logs/233169/tpot2_base_imputation_MCAR_0.3/data/233169_True.pkl
fitting
try transform
transform worked
138.44272099559575
[('RandomForestRegressor_1', 'SimpleImputer_1')]
<class 'tpot2.graphsklearn.GraphPipeline'>
loading data
/common/ketrong/AutoImputeExp/tpot2_imputetest/Impute_Experiments/logs/233169/tpot2_base_imputation_MCAR_0.5/data/233169_True.pkl
fitting
try transform
transform worked
94.95287073856586
[('XGBRegressor_1', 'GAINImputer_1')]
<class 'tpot2.graphsklearn.GraphPipeline'>
loading data
/common/ketrong/AutoImputeExp/tpot2_imputetest/Impute_Experiments/logs/233169/tpot2_base_imputation_MCAR_0.9/data/233169_True.pkl
fitting
2024-04-14 20:33:48.914290: E external/local_xla/xla/stream_executor/cuda/cuda_driver.cc:274] failed call to cuInit: CUDA_ERROR_NO_DEVICE: no CUDA-capable device is detected
2024-04-14 20:33:48.920832: I tensorflow/compiler/mlir/mlir_graph_optimization_pass.cc:388] MLIR V1 optimization pass is not enabled
try transform
transform worked
680.5087630658087
[('RandomForestRegressor_1', 'SimpleImputer_1')]
<class 'tpot2.graphsklearn.GraphPipeline'>
loading data
/common/ketrong/AutoImputeExp/tpot2_imputetest/Impute_Experiments/logs/233169/tpot2_base_imputation_MNAR_0.01/data/233169_True.pkl
fitting
try transform
transform worked
518.5212281981962
[('RandomForestRegressor_1', 'KNNImputer_1')]
<class 'tpot2.graphsklearn.GraphPipeline'>
loading data
/common/ketrong/AutoImputeExp/tpot2_imputetest/Impute_Experiments/logs/233169/tpot2_base_imputation_MNAR_0.1/data/233169_True.pkl
fitting
try transform
transform worked
151.51302143203569
[('RandomForestRegressor_1', 'KNNImputer_1')]
<class 'tpot2.graphsklearn.GraphPipeline'>
loading data
/common/ketrong/AutoImputeExp/tpot2_imputetest/Impute_Experiments/logs/233169/tpot2_base_imputation_MNAR_0.3/data/233169_True.pkl
fitting
try transform
transform worked
186.80626006546046
[('RandomForestRegressor_1', 'KNNImputer_1')]
<class 'tpot2.graphsklearn.GraphPipeline'>
loading data
/common/ketrong/AutoImputeExp/tpot2_imputetest/Impute_Experiments/logs/233169/tpot2_base_imputation_MNAR_0.5/data/233169_True.pkl
fitting
try transform
transform worked
120.32983063873704
[('ExtraTreesRegressor_1', 'SimpleImputer_1')]
<class 'tpot2.graphsklearn.GraphPipeline'>
loading data
/common/ketrong/AutoImputeExp/tpot2_imputetest/Impute_Experiments/logs/233169/tpot2_base_imputation_MNAR_0.9/data/233169_True.pkl
fitting
try transform
transform worked
117.47341870195838
233169 Complete
[('RandomForestRegressor_1', 'SimpleImputer_1')]
<class 'tpot2.graphsklearn.GraphPipeline'>
loading data
/common/ketrong/AutoImputeExp/tpot2_imputetest/Impute_Experiments/logs/360966/tpot2_base_normal_MAR_0.01/data/360966_True.pkl
fitting
try transform
transform worked
0.2877410964337769
[('RandomForestRegressor_1', 'SimpleImputer_1')]
<class 'tpot2.graphsklearn.GraphPipeline'>
loading data
/common/ketrong/AutoImputeExp/tpot2_imputetest/Impute_Experiments/logs/360966/tpot2_base_normal_MAR_0.1/data/360966_True.pkl
fitting
try transform
transform worked
0.6003292831785124
[('RandomForestRegressor_1', 'SimpleImputer_1')]
<class 'tpot2.graphsklearn.GraphPipeline'>
loading data
/common/ketrong/AutoImputeExp/tpot2_imputetest/Impute_Experiments/logs/360966/tpot2_base_normal_MAR_0.3/data/360966_True.pkl
fitting
try transform
transform worked
0.28250950895070914
[('RandomForestRegressor_1', 'SimpleImputer_1')]
<class 'tpot2.graphsklearn.GraphPipeline'>
loading data
/common/ketrong/AutoImputeExp/tpot2_imputetest/Impute_Experiments/logs/360966/tpot2_base_normal_MAR_0.5/data/360966_True.pkl
fitting
try transform
transform worked
0.19087637169031493
[('ExtraTreesRegressor_1', 'SimpleImputer_1')]
<class 'tpot2.graphsklearn.GraphPipeline'>
loading data
/common/ketrong/AutoImputeExp/tpot2_imputetest/Impute_Experiments/logs/360966/tpot2_base_normal_MAR_0.9/data/360966_True.pkl
fitting
try transform
transform worked
0.17263587160803878
[('RandomForestRegressor_1', 'SimpleImputer_1')]
<class 'tpot2.graphsklearn.GraphPipeline'>
loading data
/common/ketrong/AutoImputeExp/tpot2_imputetest/Impute_Experiments/logs/360966/tpot2_base_normal_MCAR_0.01/data/360966_True.pkl
fitting
try transform
transform worked
0.15424788183898722
[('RandomForestRegressor_1', 'SimpleImputer_1')]
<class 'tpot2.graphsklearn.GraphPipeline'>
loading data
/common/ketrong/AutoImputeExp/tpot2_imputetest/Impute_Experiments/logs/360966/tpot2_base_normal_MCAR_0.1/data/360966_True.pkl
fitting
try transform
transform worked
0.18930527631627672
[('RandomForestRegressor_1', 'SimpleImputer_1')]
<class 'tpot2.graphsklearn.GraphPipeline'>
loading data
/common/ketrong/AutoImputeExp/tpot2_imputetest/Impute_Experiments/logs/360966/tpot2_base_normal_MCAR_0.3/data/360966_True.pkl
fitting
try transform
transform worked
0.19426069128924314
[('ExtraTreesRegressor_1', 'SimpleImputer_1')]
<class 'tpot2.graphsklearn.GraphPipeline'>
loading data
/common/ketrong/AutoImputeExp/tpot2_imputetest/Impute_Experiments/logs/360966/tpot2_base_normal_MCAR_0.5/data/360966_True.pkl
fitting
try transform
transform worked
0.2027619532769271
[('ExtraTreesRegressor_1', 'SimpleImputer_1')]
<class 'tpot2.graphsklearn.GraphPipeline'>
loading data
/common/ketrong/AutoImputeExp/tpot2_imputetest/Impute_Experiments/logs/360966/tpot2_base_normal_MCAR_0.9/data/360966_True.pkl
fitting
try transform
transform worked
0.2567463897577495
[('RandomForestRegressor_1', 'SimpleImputer_1')]
<class 'tpot2.graphsklearn.GraphPipeline'>
loading data
/common/ketrong/AutoImputeExp/tpot2_imputetest/Impute_Experiments/logs/360966/tpot2_base_normal_MNAR_0.01/data/360966_True.pkl
fitting
try transform
transform worked
0.19503150127301397
[('ExtraTreesRegressor_1', 'SimpleImputer_1')]
<class 'tpot2.graphsklearn.GraphPipeline'>
loading data
/common/ketrong/AutoImputeExp/tpot2_imputetest/Impute_Experiments/logs/360966/tpot2_base_normal_MNAR_0.1/data/360966_True.pkl
fitting
try transform
transform worked
0.18577777062338943
[('RandomForestRegressor_1', 'SimpleImputer_1')]
<class 'tpot2.graphsklearn.GraphPipeline'>
loading data
/common/ketrong/AutoImputeExp/tpot2_imputetest/Impute_Experiments/logs/360966/tpot2_base_normal_MNAR_0.3/data/360966_True.pkl
fitting
try transform
transform worked
0.2778121446994292
[('RandomForestRegressor_1', 'SimpleImputer_1')]
<class 'tpot2.graphsklearn.GraphPipeline'>
loading data
/common/ketrong/AutoImputeExp/tpot2_imputetest/Impute_Experiments/logs/360966/tpot2_base_normal_MNAR_0.5/data/360966_True.pkl
fitting
try transform
transform worked
0.1937442500042871
[('RandomForestRegressor_1', 'SimpleImputer_1')]
<class 'tpot2.graphsklearn.GraphPipeline'>
loading data
/common/ketrong/AutoImputeExp/tpot2_imputetest/Impute_Experiments/logs/360966/tpot2_base_normal_MNAR_0.9/data/360966_True.pkl
fitting
try transform
transform worked
0.19018743219962259
[('KNeighborsRegressor_1', 'IterativeImputer_1')]
<class 'tpot2.graphsklearn.GraphPipeline'>
loading data
/common/ketrong/AutoImputeExp/tpot2_imputetest/Impute_Experiments/logs/360966/tpot2_base_imputation_MAR_0.01/data/360966_True.pkl
fitting
try transform
transform worked
0.1389539844396007
[('RandomForestRegressor_1', 'KNNImputer_1')]
<class 'tpot2.graphsklearn.GraphPipeline'>
loading data
/common/ketrong/AutoImputeExp/tpot2_imputetest/Impute_Experiments/logs/360966/tpot2_base_imputation_MAR_0.1/data/360966_True.pkl
fitting
try transform
transform worked
0.028762132590230152
[('ExtraTreesRegressor_1', 'IterativeImputer_1')]
<class 'tpot2.graphsklearn.GraphPipeline'>
loading data
/common/ketrong/AutoImputeExp/tpot2_imputetest/Impute_Experiments/logs/360966/tpot2_base_imputation_MAR_0.3/data/360966_True.pkl
fitting
try transform
transform worked
0.16204880431507923
[('RandomForestRegressor_1', 'KNNImputer_1')]
<class 'tpot2.graphsklearn.GraphPipeline'>
loading data
/common/ketrong/AutoImputeExp/tpot2_imputetest/Impute_Experiments/logs/360966/tpot2_base_imputation_MAR_0.5/data/360966_True.pkl
fitting
try transform
transform worked
0.05700539524502141
[('ExtraTreesRegressor_1', 'IterativeImputer_1')]
<class 'tpot2.graphsklearn.GraphPipeline'>
loading data
/common/ketrong/AutoImputeExp/tpot2_imputetest/Impute_Experiments/logs/360966/tpot2_base_imputation_MAR_0.9/data/360966_True.pkl
fitting
try transform
transform worked
0.16855492121954485
[('KNeighborsRegressor_1', 'IterativeImputer_1')]
<class 'tpot2.graphsklearn.GraphPipeline'>
loading data
/common/ketrong/AutoImputeExp/tpot2_imputetest/Impute_Experiments/logs/360966/tpot2_base_imputation_MCAR_0.01/data/360966_True.pkl
fitting
try transform
transform worked
0.07776085488947129
[('RandomForestRegressor_1', 'IterativeImputer_1')]
<class 'tpot2.graphsklearn.GraphPipeline'>
loading data
/common/ketrong/AutoImputeExp/tpot2_imputetest/Impute_Experiments/logs/360966/tpot2_base_imputation_MCAR_0.1/data/360966_True.pkl
fitting
try transform
transform worked
0.11014658749803904
[('ExtraTreesRegressor_1', 'RandomForestImputer_1')]
<class 'tpot2.graphsklearn.GraphPipeline'>
loading data
/common/ketrong/AutoImputeExp/tpot2_imputetest/Impute_Experiments/logs/360966/tpot2_base_imputation_MCAR_0.3/data/360966_True.pkl
fitting
try transform
360966MCAR_0.3/ failed
[('RandomForestRegressor_1', 'RandomForestImputer_1')]
<class 'tpot2.graphsklearn.GraphPipeline'>
loading data
/common/ketrong/AutoImputeExp/tpot2_imputetest/Impute_Experiments/logs/360966/tpot2_base_imputation_MCAR_0.5/data/360966_True.pkl
fitting
try transform
360966MCAR_0.5/ failed
[('RandomForestRegressor_1', 'SimpleImputer_1')]
<class 'tpot2.graphsklearn.GraphPipeline'>
loading data
/common/ketrong/AutoImputeExp/tpot2_imputetest/Impute_Experiments/logs/360966/tpot2_base_imputation_MCAR_0.9/data/360966_True.pkl
fitting
try transform
transform worked
0.1916032204232758
[('RandomForestRegressor_1', 'RandomForestImputer_1')]
<class 'tpot2.graphsklearn.GraphPipeline'>
loading data
/common/ketrong/AutoImputeExp/tpot2_imputetest/Impute_Experiments/logs/360966/tpot2_base_imputation_MNAR_0.01/data/360966_True.pkl
fitting
try transform
360966MNAR_0.01/ failed
[('RandomForestRegressor_1', 'KNNImputer_1')]
<class 'tpot2.graphsklearn.GraphPipeline'>
loading data
/common/ketrong/AutoImputeExp/tpot2_imputetest/Impute_Experiments/logs/360966/tpot2_base_imputation_MNAR_0.1/data/360966_True.pkl
fitting
try transform
transform worked
0.03640418270238427
[('ExtraTreesRegressor_1', 'RandomForestImputer_1')]
<class 'tpot2.graphsklearn.GraphPipeline'>
loading data
/common/ketrong/AutoImputeExp/tpot2_imputetest/Impute_Experiments/logs/360966/tpot2_base_imputation_MNAR_0.3/data/360966_True.pkl
fitting
try transform
360966MNAR_0.3/ failed
[('ExtraTreesRegressor_1', 'RandomForestImputer_1')]
<class 'tpot2.graphsklearn.GraphPipeline'>
loading data
/common/ketrong/AutoImputeExp/tpot2_imputetest/Impute_Experiments/logs/360966/tpot2_base_imputation_MNAR_0.5/data/360966_True.pkl
fitting
try transform
360966MNAR_0.5/ failed
[('AdaBoostRegressor_1', 'SimpleImputer_1')]
<class 'tpot2.graphsklearn.GraphPipeline'>
loading data
/common/ketrong/AutoImputeExp/tpot2_imputetest/Impute_Experiments/logs/360966/tpot2_base_imputation_MNAR_0.9/data/360966_True.pkl
fitting
try transform
transform worked
0.20324475797244845
360966 Complete
317615MAR_0.01/ failed
317615MAR_0.1/ failed
317615MAR_0.3/ failed
317615MAR_0.5/ failed
317615MAR_0.9/ failed
317615MCAR_0.01/ failed
317615MCAR_0.1/ failed
317615MCAR_0.3/ failed
317615MCAR_0.5/ failed
317615MCAR_0.9/ failed
317615MNAR_0.01/ failed
317615MNAR_0.1/ failed
317615MNAR_0.3/ failed
317615MNAR_0.5/ failed
317615MNAR_0.9/ failed
317615MAR_0.01/ failed
317615MAR_0.1/ failed
317615MAR_0.3/ failed
317615MAR_0.5/ failed
317615MAR_0.9/ failed
317615MCAR_0.01/ failed
317615MCAR_0.1/ failed
317615MCAR_0.3/ failed
317615MCAR_0.5/ failed
317615MCAR_0.9/ failed
317615MNAR_0.01/ failed
317615MNAR_0.1/ failed
317615MNAR_0.3/ failed
317615MNAR_0.5/ failed
317615MNAR_0.9/ failed
317615 Complete
full run takes
0.8098488542106417
hours
DONE
