Run: 11
/cm/local/apps/slurm/var/spool/job568846/slurm_script: line 23: /common/ketrong/minconda3/etc/profile.d/conda.sh: No such file or directory
/cm/local/apps/slurm/var/spool/job568846/slurm_script: line 26: $'\nconda create --name tpot2devenv -c conda-forge python=3.10\n': command not found
/cm/local/apps/slurm/var/spool/job568846/slurm_script: line 31: $'\npip install -r requirements.txt\n': command not found
RunStart
2023-12-28 18:48:30.253936: I tensorflow/core/util/port.cc:113] oneDNN custom operations are on. You may see slightly different numerical results due to floating-point round-off errors from different computation orders. To turn them off, set the environment variable `TF_ENABLE_ONEDNN_OPTS=0`.
2023-12-28 18:48:30.289458: E external/local_xla/xla/stream_executor/cuda/cuda_dnn.cc:9261] Unable to register cuDNN factory: Attempting to register factory for plugin cuDNN when one has already been registered
2023-12-28 18:48:30.289483: E external/local_xla/xla/stream_executor/cuda/cuda_fft.cc:607] Unable to register cuFFT factory: Attempting to register factory for plugin cuFFT when one has already been registered
2023-12-28 18:48:30.290847: E external/local_xla/xla/stream_executor/cuda/cuda_blas.cc:1515] Unable to register cuBLAS factory: Attempting to register factory for plugin cuBLAS when one has already been registered
2023-12-28 18:48:30.300004: I tensorflow/core/platform/cpu_feature_guard.cc:182] This TensorFlow binary is optimized to use available CPU instructions in performance-critical operations.
To enable the following instructions: AVX2 AVX512F AVX512_VNNI FMA, in other operations, rebuild TensorFlow with the appropriate compiler flags.
2023-12-28 18:48:31.881578: W tensorflow/compiler/tf2tensorrt/utils/py_utils.cc:38] TF-TRT Warning: Could not find TensorRT
WARNING:tensorflow:From /home/ketrong/miniconda3/envs/tpot2devenv/lib/python3.10/site-packages/tensorflow/python/compat/v2_compat.py:108: disable_resource_variables (from tensorflow.python.ops.variable_scope) is deprecated and will be removed in a future version.
Instructions for updating:
non-resource variables are not supported in the long term
starting loops
working on 
logs/3594/tpot2_base_normal_MNAR_0.01
3.673292398452759
loading data
logs/3594/tpot2_base_normal_MNAR_0.01/data/3594_True.pkl
failed on 
logs/3594/tpot2_base_normal_MNAR_0.01
f(a) and f(b) must have different signs
Traceback (most recent call last):
  File "/common/ketrong/AutoImputeExp/tpot2_imputetest/Impute_Experiments/utils.py", line 314, in loop_through_tasks
    X_test_missing_p, mask_test = add_missing(X_test_pandas, add_missing=level, missing_type=type)
  File "/common/ketrong/AutoImputeExp/tpot2_imputetest/Impute_Experiments/utils.py", line 488, in add_missing
    out = MNAR_mask_logistic(T, [add_missing])
  File "/common/ketrong/AutoImputeExp/tpot2_imputetest/Impute_Experiments/utils.py", line 600, in MNAR_mask_logistic
    intercepts[j] = optimize.bisect(f, -50, 50)
  File "/home/ketrong/miniconda3/envs/tpot2devenv/lib/python3.10/site-packages/scipy/optimize/_zeros_py.py", line 573, in bisect
    r = _zeros._bisect(f, a, b, xtol, rtol, maxiter, args, full_output, disp)
ValueError: f(a) and f(b) must have different signs

full run takes
0.0026613418261210125
hours
DONE
