Run: 4
/cm/local/apps/slurm/var/spool/job598275/slurm_script: line 23: /common/ketrong/minconda3/etc/profile.d/conda.sh: No such file or directory
/cm/local/apps/slurm/var/spool/job598275/slurm_script: line 26: $'\nconda create --name tpot2devenv -c conda-forge python=3.10\n': command not found
/cm/local/apps/slurm/var/spool/job598275/slurm_script: line 31: $'\npip install -r requirements.txt\n': command not found
RunStart
2024-01-09 18:04:24.562038: I tensorflow/core/util/port.cc:113] oneDNN custom operations are on. You may see slightly different numerical results due to floating-point round-off errors from different computation orders. To turn them off, set the environment variable `TF_ENABLE_ONEDNN_OPTS=0`.
2024-01-09 18:04:24.599154: E external/local_xla/xla/stream_executor/cuda/cuda_dnn.cc:9261] Unable to register cuDNN factory: Attempting to register factory for plugin cuDNN when one has already been registered
2024-01-09 18:04:24.599179: E external/local_xla/xla/stream_executor/cuda/cuda_fft.cc:607] Unable to register cuFFT factory: Attempting to register factory for plugin cuFFT when one has already been registered
2024-01-09 18:04:24.600652: E external/local_xla/xla/stream_executor/cuda/cuda_blas.cc:1515] Unable to register cuBLAS factory: Attempting to register factory for plugin cuBLAS when one has already been registered
2024-01-09 18:04:24.607187: I tensorflow/core/platform/cpu_feature_guard.cc:182] This TensorFlow binary is optimized to use available CPU instructions in performance-critical operations.
To enable the following instructions: AVX2 AVX512F AVX512_VNNI FMA, in other operations, rebuild TensorFlow with the appropriate compiler flags.
2024-01-09 18:04:27.271469: W tensorflow/compiler/tf2tensorrt/utils/py_utils.cc:38] TF-TRT Warning: Could not find TensorRT
WARNING:tensorflow:From /home/ketrong/miniconda3/envs/tpot2devenv/lib/python3.10/site-packages/tensorflow/python/compat/v2_compat.py:108: disable_resource_variables (from tensorflow.python.ops.variable_scope) is deprecated and will be removed in a future version.
Instructions for updating:
non-resource variables are not supported in the long term
starting loops
working on 
logs/9942/tpot2_base_normal_MCAR_0.5
0.7706432342529297
loading data
logs/9942/tpot2_base_normal_MCAR_0.5/data/9942_True.pkl
WARNING:openml.datasets.functions:Could not download file from https://openml1.win.tue.nl/datasets/0000/1526/dataset_1526.pq: [Errno 2] No such file or directory: '/home/ketrong/.cache/openml/org/openml/www/datasets/1526/dataset_1526.pq.cf4cb81c2fca78644c4ee4842c587d21.part.minio' -> '/home/ketrong/.cache/openml/org/openml/www/datasets/1526/dataset_1526.pq'
WARNING:openml.datasets.functions:Failed to download parquet, fallback on ARFF.
WARNING:openml.datasets.functions:Could not download file from https://openml1.win.tue.nl/datasets/0000/1526/dataset_1526.pq: [Errno 2] No such file or directory: '/home/ketrong/.cache/openml/org/openml/www/datasets/1526/dataset_1526.pq.cf4cb81c2fca78644c4ee4842c587d21.part.minio' -> '/home/ketrong/.cache/openml/org/openml/www/datasets/1526/dataset_1526.pq'
WARNING:openml.datasets.functions:Failed to download parquet, fallback on ARFF.
running experiment 1/3 - Does large hyperparameter space improve reconstruction accuracy over simple
[I 2024-01-09 18:04:43,200] A new study created in memory with name: no-name-e369f2cb-1fa2-4106-9161-134c2bf2b398
[I 2024-01-09 18:04:43,489] Trial 9 finished with value: 1.0445190207896171 and parameters: {'model_name': 'SimpleImputer', 'strategy': 'constant'}. Best is trial 9 with value: 1.0445190207896171.
[I 2024-01-09 18:04:43,707] Trial 8 finished with value: 1.0445190207896171 and parameters: {'model_name': 'SimpleImputer', 'strategy': 'constant'}. Best is trial 9 with value: 1.0445190207896171.
[I 2024-01-09 18:04:43,879] Trial 3 finished with value: 1.0445190207896171 and parameters: {'model_name': 'SimpleImputer', 'strategy': 'constant'}. Best is trial 9 with value: 1.0445190207896171.
[I 2024-01-09 18:04:44,181] Trial 0 finished with value: 0.6395333367430918 and parameters: {'model_name': 'SimpleImputer', 'strategy': 'mean'}. Best is trial 0 with value: 0.6395333367430918.
[I 2024-01-09 18:04:44,402] Trial 4 finished with value: 0.6395333367430918 and parameters: {'model_name': 'SimpleImputer', 'strategy': 'mean'}. Best is trial 0 with value: 0.6395333367430918.
[I 2024-01-09 18:04:44,572] Trial 10 finished with value: 0.6395333367430918 and parameters: {'model_name': 'SimpleImputer', 'strategy': 'mean'}. Best is trial 0 with value: 0.6395333367430918.
[I 2024-01-09 18:04:44,774] Trial 14 finished with value: 1.0445190207896171 and parameters: {'model_name': 'SimpleImputer', 'strategy': 'constant'}. Best is trial 0 with value: 0.6395333367430918.
[I 2024-01-09 18:04:44,932] Trial 7 finished with value: 1.0445190207896171 and parameters: {'model_name': 'SimpleImputer', 'strategy': 'constant'}. Best is trial 0 with value: 0.6395333367430918.
[I 2024-01-09 18:04:45,394] Trial 13 finished with value: 0.6395333367430918 and parameters: {'model_name': 'SimpleImputer', 'strategy': 'mean'}. Best is trial 0 with value: 0.6395333367430918.
[I 2024-01-09 18:04:45,579] Trial 24 finished with value: 1.0445190207896171 and parameters: {'model_name': 'SimpleImputer', 'strategy': 'constant'}. Best is trial 0 with value: 0.6395333367430918.
[I 2024-01-09 18:04:45,895] Trial 28 finished with value: 1.0445190207896171 and parameters: {'model_name': 'SimpleImputer', 'strategy': 'constant'}. Best is trial 0 with value: 0.6395333367430918.
[I 2024-01-09 18:04:46,073] Trial 33 finished with value: 1.0445190207896171 and parameters: {'model_name': 'SimpleImputer', 'strategy': 'constant'}. Best is trial 0 with value: 0.6395333367430918.
[I 2024-01-09 18:04:46,225] Trial 15 finished with value: 1.0445190207896171 and parameters: {'model_name': 'SimpleImputer', 'strategy': 'constant'}. Best is trial 0 with value: 0.6395333367430918.
[I 2024-01-09 18:04:46,486] Trial 1 finished with value: 0.9981738323193359 and parameters: {'model_name': 'SimpleImputer', 'strategy': 'median'}. Best is trial 0 with value: 0.6395333367430918.
[I 2024-01-09 18:04:46,638] Trial 20 finished with value: 0.6395333367430918 and parameters: {'model_name': 'SimpleImputer', 'strategy': 'mean'}. Best is trial 0 with value: 0.6395333367430918.
[I 2024-01-09 18:04:46,893] Trial 29 finished with value: 0.6395333367430918 and parameters: {'model_name': 'SimpleImputer', 'strategy': 'mean'}. Best is trial 0 with value: 0.6395333367430918.
[I 2024-01-09 18:04:47,069] Trial 35 finished with value: 1.0445190207896171 and parameters: {'model_name': 'SimpleImputer', 'strategy': 'constant'}. Best is trial 0 with value: 0.6395333367430918.
[I 2024-01-09 18:04:47,229] Trial 36 finished with value: 1.0445190207896171 and parameters: {'model_name': 'SimpleImputer', 'strategy': 'constant'}. Best is trial 0 with value: 0.6395333367430918.
[I 2024-01-09 18:04:47,381] Trial 40 finished with value: 1.0445190207896171 and parameters: {'model_name': 'SimpleImputer', 'strategy': 'constant'}. Best is trial 0 with value: 0.6395333367430918.
[I 2024-01-09 18:04:47,578] Trial 37 finished with value: 1.0445190207896171 and parameters: {'model_name': 'SimpleImputer', 'strategy': 'constant'}. Best is trial 0 with value: 0.6395333367430918.
[I 2024-01-09 18:04:47,729] Trial 26 finished with value: 1.0445190207896171 and parameters: {'model_name': 'SimpleImputer', 'strategy': 'constant'}. Best is trial 0 with value: 0.6395333367430918.
[I 2024-01-09 18:04:47,879] Trial 27 finished with value: 1.0445190207896171 and parameters: {'model_name': 'SimpleImputer', 'strategy': 'constant'}. Best is trial 0 with value: 0.6395333367430918.
[I 2024-01-09 18:04:48,102] Trial 32 finished with value: 1.0445190207896171 and parameters: {'model_name': 'SimpleImputer', 'strategy': 'constant'}. Best is trial 0 with value: 0.6395333367430918.
[I 2024-01-09 18:04:48,390] Trial 11 finished with value: 0.9981738323193359 and parameters: {'model_name': 'SimpleImputer', 'strategy': 'median'}. Best is trial 0 with value: 0.6395333367430918.
[I 2024-01-09 18:04:48,599] Trial 22 finished with value: 0.9981738323193359 and parameters: {'model_name': 'SimpleImputer', 'strategy': 'median'}. Best is trial 0 with value: 0.6395333367430918.
[I 2024-01-09 18:04:48,898] Trial 39 finished with value: 0.6395333367430918 and parameters: {'model_name': 'SimpleImputer', 'strategy': 'mean'}. Best is trial 0 with value: 0.6395333367430918.
[I 2024-01-09 18:04:49,081] Trial 6 finished with value: 1.0445190207896171 and parameters: {'model_name': 'SimpleImputer', 'strategy': 'most_frequent'}. Best is trial 0 with value: 0.6395333367430918.
[I 2024-01-09 18:04:49,255] Trial 38 finished with value: 0.6395333367430918 and parameters: {'model_name': 'SimpleImputer', 'strategy': 'mean'}. Best is trial 0 with value: 0.6395333367430918.
[I 2024-01-09 18:04:49,527] Trial 5 finished with value: 1.0445190207896171 and parameters: {'model_name': 'SimpleImputer', 'strategy': 'most_frequent'}. Best is trial 0 with value: 0.6395333367430918.
[I 2024-01-09 18:04:49,742] Trial 16 finished with value: 0.9981738323193359 and parameters: {'model_name': 'SimpleImputer', 'strategy': 'median'}. Best is trial 0 with value: 0.6395333367430918.
[I 2024-01-09 18:04:49,907] Trial 31 finished with value: 0.9981738323193359 and parameters: {'model_name': 'SimpleImputer', 'strategy': 'median'}. Best is trial 0 with value: 0.6395333367430918.
[I 2024-01-09 18:04:49,914] Trial 2 finished with value: 1.0445190207896171 and parameters: {'model_name': 'SimpleImputer', 'strategy': 'most_frequent'}. Best is trial 0 with value: 0.6395333367430918.
[I 2024-01-09 18:04:50,088] Trial 21 finished with value: 0.9981738323193359 and parameters: {'model_name': 'SimpleImputer', 'strategy': 'median'}. Best is trial 0 with value: 0.6395333367430918.
[I 2024-01-09 18:04:50,425] Trial 25 finished with value: 0.9981738323193359 and parameters: {'model_name': 'SimpleImputer', 'strategy': 'median'}. Best is trial 0 with value: 0.6395333367430918.
[I 2024-01-09 18:04:50,713] Trial 18 finished with value: 1.0445190207896171 and parameters: {'model_name': 'SimpleImputer', 'strategy': 'most_frequent'}. Best is trial 0 with value: 0.6395333367430918.
[I 2024-01-09 18:04:50,897] Trial 44 finished with value: 0.9981738323193359 and parameters: {'model_name': 'SimpleImputer', 'strategy': 'median'}. Best is trial 0 with value: 0.6395333367430918.
[I 2024-01-09 18:04:51,076] Trial 12 finished with value: 1.0445190207896171 and parameters: {'model_name': 'SimpleImputer', 'strategy': 'most_frequent'}. Best is trial 0 with value: 0.6395333367430918.
[I 2024-01-09 18:04:51,287] Trial 17 finished with value: 1.0445190207896171 and parameters: {'model_name': 'SimpleImputer', 'strategy': 'most_frequent'}. Best is trial 0 with value: 0.6395333367430918.
[I 2024-01-09 18:04:51,557] Trial 23 finished with value: 1.0445190207896171 and parameters: {'model_name': 'SimpleImputer', 'strategy': 'most_frequent'}. Best is trial 0 with value: 0.6395333367430918.
[I 2024-01-09 18:04:51,709] Trial 30 finished with value: 1.0445190207896171 and parameters: {'model_name': 'SimpleImputer', 'strategy': 'most_frequent'}. Best is trial 0 with value: 0.6395333367430918.
[I 2024-01-09 18:04:51,861] Trial 57 finished with value: 0.6395333367430918 and parameters: {'model_name': 'SimpleImputer', 'strategy': 'mean'}. Best is trial 0 with value: 0.6395333367430918.
[I 2024-01-09 18:04:52,220] Trial 65 finished with value: 0.6395333367430918 and parameters: {'model_name': 'SimpleImputer', 'strategy': 'mean'}. Best is trial 0 with value: 0.6395333367430918.
[I 2024-01-09 18:04:52,385] Trial 19 finished with value: 1.0445190207896171 and parameters: {'model_name': 'SimpleImputer', 'strategy': 'most_frequent'}. Best is trial 0 with value: 0.6395333367430918.
[I 2024-01-09 18:04:52,726] Trial 58 finished with value: 0.6395333367430918 and parameters: {'model_name': 'SimpleImputer', 'strategy': 'mean'}. Best is trial 0 with value: 0.6395333367430918.
[I 2024-01-09 18:04:52,916] Trial 61 finished with value: 0.6395333367430918 and parameters: {'model_name': 'SimpleImputer', 'strategy': 'mean'}. Best is trial 0 with value: 0.6395333367430918.
[I 2024-01-09 18:04:53,090] Trial 43 finished with value: 0.9981738323193359 and parameters: {'model_name': 'SimpleImputer', 'strategy': 'median'}. Best is trial 0 with value: 0.6395333367430918.
[I 2024-01-09 18:04:53,299] Trial 62 finished with value: 0.6395333367430918 and parameters: {'model_name': 'SimpleImputer', 'strategy': 'mean'}. Best is trial 0 with value: 0.6395333367430918.
[I 2024-01-09 18:04:53,517] Trial 41 finished with value: 0.9981738323193359 and parameters: {'model_name': 'SimpleImputer', 'strategy': 'median'}. Best is trial 0 with value: 0.6395333367430918.
[I 2024-01-09 18:04:53,669] Trial 34 finished with value: 1.0445190207896171 and parameters: {'model_name': 'SimpleImputer', 'strategy': 'most_frequent'}. Best is trial 0 with value: 0.6395333367430918.
[I 2024-01-09 18:04:53,822] Trial 60 finished with value: 0.6395333367430918 and parameters: {'model_name': 'SimpleImputer', 'strategy': 'mean'}. Best is trial 0 with value: 0.6395333367430918.
[I 2024-01-09 18:04:54,099] Trial 71 finished with value: 0.6395333367430918 and parameters: {'model_name': 'SimpleImputer', 'strategy': 'mean'}. Best is trial 0 with value: 0.6395333367430918.
[I 2024-01-09 18:04:54,404] Trial 59 finished with value: 0.6395333367430918 and parameters: {'model_name': 'SimpleImputer', 'strategy': 'mean'}. Best is trial 0 with value: 0.6395333367430918.
[I 2024-01-09 18:04:54,637] Trial 46 finished with value: 1.0445190207896171 and parameters: {'model_name': 'SimpleImputer', 'strategy': 'most_frequent'}. Best is trial 0 with value: 0.6395333367430918.
[I 2024-01-09 18:04:54,788] Trial 69 finished with value: 0.6395333367430918 and parameters: {'model_name': 'SimpleImputer', 'strategy': 'mean'}. Best is trial 0 with value: 0.6395333367430918.
[I 2024-01-09 18:04:55,025] Trial 67 finished with value: 0.6395333367430918 and parameters: {'model_name': 'SimpleImputer', 'strategy': 'mean'}. Best is trial 0 with value: 0.6395333367430918.
[I 2024-01-09 18:04:55,214] Trial 73 finished with value: 0.6395333367430918 and parameters: {'model_name': 'SimpleImputer', 'strategy': 'mean'}. Best is trial 0 with value: 0.6395333367430918.
[I 2024-01-09 18:04:55,419] Trial 78 finished with value: 0.6395333367430918 and parameters: {'model_name': 'SimpleImputer', 'strategy': 'mean'}. Best is trial 0 with value: 0.6395333367430918.
[I 2024-01-09 18:04:55,567] Trial 56 finished with value: 1.0445190207896171 and parameters: {'model_name': 'SimpleImputer', 'strategy': 'most_frequent'}. Best is trial 0 with value: 0.6395333367430918.
[I 2024-01-09 18:04:55,795] Trial 79 finished with value: 0.6395333367430918 and parameters: {'model_name': 'SimpleImputer', 'strategy': 'mean'}. Best is trial 0 with value: 0.6395333367430918.
[I 2024-01-09 18:04:56,004] Trial 53 finished with value: 1.0445190207896171 and parameters: {'model_name': 'SimpleImputer', 'strategy': 'most_frequent'}. Best is trial 0 with value: 0.6395333367430918.
[I 2024-01-09 18:04:56,214] Trial 42 finished with value: 1.0445190207896171 and parameters: {'model_name': 'SimpleImputer', 'strategy': 'most_frequent'}. Best is trial 0 with value: 0.6395333367430918.
[I 2024-01-09 18:04:56,370] Trial 74 finished with value: 0.6395333367430918 and parameters: {'model_name': 'SimpleImputer', 'strategy': 'mean'}. Best is trial 0 with value: 0.6395333367430918.
[I 2024-01-09 18:04:56,542] Trial 50 finished with value: 1.0445190207896171 and parameters: {'model_name': 'SimpleImputer', 'strategy': 'most_frequent'}. Best is trial 0 with value: 0.6395333367430918.
[I 2024-01-09 18:04:56,727] Trial 80 finished with value: 0.6395333367430918 and parameters: {'model_name': 'SimpleImputer', 'strategy': 'mean'}. Best is trial 0 with value: 0.6395333367430918.
[I 2024-01-09 18:04:56,895] Trial 70 finished with value: 0.6395333367430918 and parameters: {'model_name': 'SimpleImputer', 'strategy': 'mean'}. Best is trial 0 with value: 0.6395333367430918.
[I 2024-01-09 18:04:57,070] Trial 75 finished with value: 0.6395333367430918 and parameters: {'model_name': 'SimpleImputer', 'strategy': 'mean'}. Best is trial 0 with value: 0.6395333367430918.
[I 2024-01-09 18:04:57,259] Trial 66 finished with value: 0.6395333367430918 and parameters: {'model_name': 'SimpleImputer', 'strategy': 'mean'}. Best is trial 0 with value: 0.6395333367430918.
[I 2024-01-09 18:04:57,418] Trial 77 finished with value: 0.6395333367430918 and parameters: {'model_name': 'SimpleImputer', 'strategy': 'mean'}. Best is trial 0 with value: 0.6395333367430918.
[I 2024-01-09 18:04:57,577] Trial 72 finished with value: 0.6395333367430918 and parameters: {'model_name': 'SimpleImputer', 'strategy': 'mean'}. Best is trial 0 with value: 0.6395333367430918.
[I 2024-01-09 18:04:57,764] Trial 81 finished with value: 0.6395333367430918 and parameters: {'model_name': 'SimpleImputer', 'strategy': 'mean'}. Best is trial 0 with value: 0.6395333367430918.
[I 2024-01-09 18:04:57,937] Trial 48 finished with value: 1.0445190207896171 and parameters: {'model_name': 'SimpleImputer', 'strategy': 'most_frequent'}. Best is trial 0 with value: 0.6395333367430918.
[I 2024-01-09 18:04:58,093] Trial 68 finished with value: 0.6395333367430918 and parameters: {'model_name': 'SimpleImputer', 'strategy': 'mean'}. Best is trial 0 with value: 0.6395333367430918.
[I 2024-01-09 18:04:58,255] Trial 51 finished with value: 1.0445190207896171 and parameters: {'model_name': 'SimpleImputer', 'strategy': 'most_frequent'}. Best is trial 0 with value: 0.6395333367430918.
[I 2024-01-09 18:04:58,412] Trial 76 finished with value: 0.6395333367430918 and parameters: {'model_name': 'SimpleImputer', 'strategy': 'mean'}. Best is trial 0 with value: 0.6395333367430918.
[I 2024-01-09 18:04:58,560] Trial 82 finished with value: 0.6395333367430918 and parameters: {'model_name': 'SimpleImputer', 'strategy': 'mean'}. Best is trial 0 with value: 0.6395333367430918.
[I 2024-01-09 18:04:58,710] Trial 47 finished with value: 0.9981738323193359 and parameters: {'model_name': 'SimpleImputer', 'strategy': 'median'}. Best is trial 0 with value: 0.6395333367430918.
[I 2024-01-09 18:04:58,919] Trial 86 finished with value: 0.6395333367430918 and parameters: {'model_name': 'SimpleImputer', 'strategy': 'mean'}. Best is trial 0 with value: 0.6395333367430918.
[I 2024-01-09 18:04:59,082] Trial 83 finished with value: 0.6395333367430918 and parameters: {'model_name': 'SimpleImputer', 'strategy': 'mean'}. Best is trial 0 with value: 0.6395333367430918.
[I 2024-01-09 18:04:59,270] Trial 49 finished with value: 1.0445190207896171 and parameters: {'model_name': 'SimpleImputer', 'strategy': 'most_frequent'}. Best is trial 0 with value: 0.6395333367430918.
[I 2024-01-09 18:04:59,456] Trial 85 finished with value: 0.6395333367430918 and parameters: {'model_name': 'SimpleImputer', 'strategy': 'mean'}. Best is trial 0 with value: 0.6395333367430918.
[I 2024-01-09 18:04:59,707] Trial 89 finished with value: 0.6395333367430918 and parameters: {'model_name': 'SimpleImputer', 'strategy': 'mean'}. Best is trial 0 with value: 0.6395333367430918.
[I 2024-01-09 18:04:59,894] Trial 93 finished with value: 0.6395333367430918 and parameters: {'model_name': 'SimpleImputer', 'strategy': 'mean'}. Best is trial 0 with value: 0.6395333367430918.
[I 2024-01-09 18:05:00,045] Trial 63 finished with value: 1.0445190207896171 and parameters: {'model_name': 'SimpleImputer', 'strategy': 'most_frequent'}. Best is trial 0 with value: 0.6395333367430918.
[I 2024-01-09 18:05:00,217] Trial 90 finished with value: 0.6395333367430918 and parameters: {'model_name': 'SimpleImputer', 'strategy': 'mean'}. Best is trial 0 with value: 0.6395333367430918.
[I 2024-01-09 18:05:00,361] Trial 92 finished with value: 0.6395333367430918 and parameters: {'model_name': 'SimpleImputer', 'strategy': 'mean'}. Best is trial 0 with value: 0.6395333367430918.
[I 2024-01-09 18:05:00,533] Trial 91 finished with value: 0.6395333367430918 and parameters: {'model_name': 'SimpleImputer', 'strategy': 'mean'}. Best is trial 0 with value: 0.6395333367430918.
[I 2024-01-09 18:05:00,727] Trial 84 finished with value: 0.6395333367430918 and parameters: {'model_name': 'SimpleImputer', 'strategy': 'mean'}. Best is trial 0 with value: 0.6395333367430918.
