Run: 8
/cm/local/apps/slurm/var/spool/job566970/slurm_script: line 23: /common/ketrong/minconda3/etc/profile.d/conda.sh: No such file or directory
/cm/local/apps/slurm/var/spool/job566970/slurm_script: line 26: $'\nconda create --name tpot2devenv -c conda-forge python=3.10\n': command not found
/cm/local/apps/slurm/var/spool/job566970/slurm_script: line 31: $'\npip install -r requirements.txt\n': command not found
RunStart
2023-12-26 13:23:15.812477: I tensorflow/core/util/port.cc:113] oneDNN custom operations are on. You may see slightly different numerical results due to floating-point round-off errors from different computation orders. To turn them off, set the environment variable `TF_ENABLE_ONEDNN_OPTS=0`.
2023-12-26 13:23:15.845573: E external/local_xla/xla/stream_executor/cuda/cuda_dnn.cc:9261] Unable to register cuDNN factory: Attempting to register factory for plugin cuDNN when one has already been registered
2023-12-26 13:23:15.845596: E external/local_xla/xla/stream_executor/cuda/cuda_fft.cc:607] Unable to register cuFFT factory: Attempting to register factory for plugin cuFFT when one has already been registered
2023-12-26 13:23:15.846416: E external/local_xla/xla/stream_executor/cuda/cuda_blas.cc:1515] Unable to register cuBLAS factory: Attempting to register factory for plugin cuBLAS when one has already been registered
2023-12-26 13:23:15.851423: I tensorflow/core/platform/cpu_feature_guard.cc:182] This TensorFlow binary is optimized to use available CPU instructions in performance-critical operations.
To enable the following instructions: AVX2 AVX512F AVX512_VNNI FMA, in other operations, rebuild TensorFlow with the appropriate compiler flags.
2023-12-26 13:23:27.417648: W tensorflow/compiler/tf2tensorrt/utils/py_utils.cc:38] TF-TRT Warning: Could not find TensorRT
WARNING:tensorflow:From /home/ketrong/miniconda3/envs/tpot2devenv/lib/python3.10/site-packages/tensorflow/python/compat/v2_compat.py:108: disable_resource_variables (from tensorflow.python.ops.variable_scope) is deprecated and will be removed in a future version.
Instructions for updating:
non-resource variables are not supported in the long term
starting loops
working on 
logs/2075/tpot2_base_normal_MAR_0.3
1.78688383102417
loading data
logs/2075/tpot2_base_normal_MAR_0.3/data/2075_True.pkl
running experiment 1/3 - Does large hyperparameter space improve reconstruction accuracy over simple
[I 2023-12-26 13:24:05,749] A new study created in memory with name: no-name-5346615a-e74d-48f6-bbda-ccef556ff591
[I 2023-12-26 13:24:06,034] Trial 7 finished with value: 0.4163049750467748 and parameters: {'model_name': 'SimpleImputer', 'strategy': 'constant'}. Best is trial 7 with value: 0.4163049750467748.
[I 2023-12-26 13:24:06,716] Trial 13 finished with value: 0.4163049750467748 and parameters: {'model_name': 'SimpleImputer', 'strategy': 'constant'}. Best is trial 7 with value: 0.4163049750467748.
[I 2023-12-26 13:24:07,029] Trial 12 finished with value: 0.282850657593944 and parameters: {'model_name': 'SimpleImputer', 'strategy': 'mean'}. Best is trial 12 with value: 0.282850657593944.
[I 2023-12-26 13:24:07,276] Trial 16 finished with value: 0.4163049750467748 and parameters: {'model_name': 'SimpleImputer', 'strategy': 'constant'}. Best is trial 12 with value: 0.282850657593944.
[I 2023-12-26 13:24:07,479] Trial 5 finished with value: 0.4163049750467748 and parameters: {'model_name': 'SimpleImputer', 'strategy': 'constant'}. Best is trial 12 with value: 0.282850657593944.
[I 2023-12-26 13:24:07,831] Trial 11 finished with value: 0.282850657593944 and parameters: {'model_name': 'SimpleImputer', 'strategy': 'mean'}. Best is trial 12 with value: 0.282850657593944.
[I 2023-12-26 13:24:08,231] Trial 19 finished with value: 0.4163049750467748 and parameters: {'model_name': 'SimpleImputer', 'strategy': 'constant'}. Best is trial 12 with value: 0.282850657593944.
[I 2023-12-26 13:24:08,446] Trial 0 finished with value: 0.34604804671960093 and parameters: {'model_name': 'SimpleImputer', 'strategy': 'median'}. Best is trial 12 with value: 0.282850657593944.
[I 2023-12-26 13:24:08,667] Trial 25 finished with value: 0.4163049750467748 and parameters: {'model_name': 'SimpleImputer', 'strategy': 'constant'}. Best is trial 12 with value: 0.282850657593944.
[I 2023-12-26 13:24:09,056] Trial 17 finished with value: 0.282850657593944 and parameters: {'model_name': 'SimpleImputer', 'strategy': 'mean'}. Best is trial 12 with value: 0.282850657593944.
[I 2023-12-26 13:24:09,409] Trial 21 finished with value: 0.282850657593944 and parameters: {'model_name': 'SimpleImputer', 'strategy': 'mean'}. Best is trial 12 with value: 0.282850657593944.
[I 2023-12-26 13:24:09,757] Trial 28 finished with value: 0.4163049750467748 and parameters: {'model_name': 'SimpleImputer', 'strategy': 'constant'}. Best is trial 12 with value: 0.282850657593944.
[I 2023-12-26 13:24:10,229] Trial 40 finished with value: 0.4163049750467748 and parameters: {'model_name': 'SimpleImputer', 'strategy': 'constant'}. Best is trial 12 with value: 0.282850657593944.
[I 2023-12-26 13:24:10,500] Trial 42 finished with value: 0.4163049750467748 and parameters: {'model_name': 'SimpleImputer', 'strategy': 'constant'}. Best is trial 12 with value: 0.282850657593944.
[I 2023-12-26 13:24:10,759] Trial 6 finished with value: 0.34604804671960093 and parameters: {'model_name': 'SimpleImputer', 'strategy': 'median'}. Best is trial 12 with value: 0.282850657593944.
[I 2023-12-26 13:24:11,024] Trial 44 finished with value: 0.4163049750467748 and parameters: {'model_name': 'SimpleImputer', 'strategy': 'constant'}. Best is trial 12 with value: 0.282850657593944.
[I 2023-12-26 13:24:11,279] Trial 30 finished with value: 0.282850657593944 and parameters: {'model_name': 'SimpleImputer', 'strategy': 'mean'}. Best is trial 12 with value: 0.282850657593944.
[I 2023-12-26 13:24:11,480] Trial 51 finished with value: 0.4163049750467748 and parameters: {'model_name': 'SimpleImputer', 'strategy': 'constant'}. Best is trial 12 with value: 0.282850657593944.
[I 2023-12-26 13:24:11,661] Trial 8 finished with value: 0.34604804671960093 and parameters: {'model_name': 'SimpleImputer', 'strategy': 'median'}. Best is trial 12 with value: 0.282850657593944.
[I 2023-12-26 13:24:11,844] Trial 39 finished with value: 0.4163049750467748 and parameters: {'model_name': 'SimpleImputer', 'strategy': 'constant'}. Best is trial 12 with value: 0.282850657593944.
[I 2023-12-26 13:24:12,014] Trial 32 finished with value: 0.282850657593944 and parameters: {'model_name': 'SimpleImputer', 'strategy': 'mean'}. Best is trial 12 with value: 0.282850657593944.
[I 2023-12-26 13:24:12,302] Trial 10 finished with value: 0.34604804671960093 and parameters: {'model_name': 'SimpleImputer', 'strategy': 'median'}. Best is trial 12 with value: 0.282850657593944.
[I 2023-12-26 13:24:12,560] Trial 33 finished with value: 0.4163049750467748 and parameters: {'model_name': 'SimpleImputer', 'strategy': 'constant'}. Best is trial 12 with value: 0.282850657593944.
[I 2023-12-26 13:24:12,892] Trial 50 finished with value: 0.4163049750467748 and parameters: {'model_name': 'SimpleImputer', 'strategy': 'constant'}. Best is trial 12 with value: 0.282850657593944.
[I 2023-12-26 13:24:13,078] Trial 52 finished with value: 0.4163049750467748 and parameters: {'model_name': 'SimpleImputer', 'strategy': 'constant'}. Best is trial 12 with value: 0.282850657593944.
[I 2023-12-26 13:24:13,284] Trial 47 finished with value: 0.282850657593944 and parameters: {'model_name': 'SimpleImputer', 'strategy': 'mean'}. Best is trial 12 with value: 0.282850657593944.
[I 2023-12-26 13:24:13,680] Trial 2 finished with value: 0.34604804671960093 and parameters: {'model_name': 'SimpleImputer', 'strategy': 'median'}. Best is trial 12 with value: 0.282850657593944.
[I 2023-12-26 13:24:13,929] Trial 34 finished with value: 0.4163049750467748 and parameters: {'model_name': 'SimpleImputer', 'strategy': 'constant'}. Best is trial 12 with value: 0.282850657593944.
[I 2023-12-26 13:24:14,200] Trial 56 finished with value: 0.282850657593944 and parameters: {'model_name': 'SimpleImputer', 'strategy': 'mean'}. Best is trial 12 with value: 0.282850657593944.
[I 2023-12-26 13:24:14,478] Trial 46 finished with value: 0.282850657593944 and parameters: {'model_name': 'SimpleImputer', 'strategy': 'mean'}. Best is trial 12 with value: 0.282850657593944.
[I 2023-12-26 13:24:14,822] Trial 15 finished with value: 0.34604804671960093 and parameters: {'model_name': 'SimpleImputer', 'strategy': 'median'}. Best is trial 12 with value: 0.282850657593944.
[I 2023-12-26 13:24:15,055] Trial 27 finished with value: 0.34604804671960093 and parameters: {'model_name': 'SimpleImputer', 'strategy': 'median'}. Best is trial 12 with value: 0.282850657593944.
[I 2023-12-26 13:24:15,250] Trial 58 finished with value: 0.282850657593944 and parameters: {'model_name': 'SimpleImputer', 'strategy': 'mean'}. Best is trial 12 with value: 0.282850657593944.
[I 2023-12-26 13:24:15,589] Trial 31 finished with value: 0.34604804671960093 and parameters: {'model_name': 'SimpleImputer', 'strategy': 'median'}. Best is trial 12 with value: 0.282850657593944.
[I 2023-12-26 13:24:15,877] Trial 22 finished with value: 0.34604804671960093 and parameters: {'model_name': 'SimpleImputer', 'strategy': 'median'}. Best is trial 12 with value: 0.282850657593944.
[I 2023-12-26 13:24:16,267] Trial 61 finished with value: 0.282850657593944 and parameters: {'model_name': 'SimpleImputer', 'strategy': 'mean'}. Best is trial 12 with value: 0.282850657593944.
[I 2023-12-26 13:24:16,502] Trial 37 finished with value: 0.34604804671960093 and parameters: {'model_name': 'SimpleImputer', 'strategy': 'median'}. Best is trial 12 with value: 0.282850657593944.
[I 2023-12-26 13:24:16,676] Trial 24 finished with value: 0.34604804671960093 and parameters: {'model_name': 'SimpleImputer', 'strategy': 'median'}. Best is trial 12 with value: 0.282850657593944.
[I 2023-12-26 13:24:17,136] Trial 67 finished with value: 0.282850657593944 and parameters: {'model_name': 'SimpleImputer', 'strategy': 'mean'}. Best is trial 12 with value: 0.282850657593944.
[I 2023-12-26 13:24:17,406] Trial 45 finished with value: 0.34604804671960093 and parameters: {'model_name': 'SimpleImputer', 'strategy': 'median'}. Best is trial 12 with value: 0.282850657593944.
[I 2023-12-26 13:24:17,693] Trial 49 finished with value: 0.34604804671960093 and parameters: {'model_name': 'SimpleImputer', 'strategy': 'median'}. Best is trial 12 with value: 0.282850657593944.
[I 2023-12-26 13:24:17,983] Trial 69 finished with value: 0.282850657593944 and parameters: {'model_name': 'SimpleImputer', 'strategy': 'mean'}. Best is trial 12 with value: 0.282850657593944.
[I 2023-12-26 13:24:18,326] Trial 35 finished with value: 0.34604804671960093 and parameters: {'model_name': 'SimpleImputer', 'strategy': 'median'}. Best is trial 12 with value: 0.282850657593944.
[I 2023-12-26 13:24:18,664] Trial 43 finished with value: 0.34604804671960093 and parameters: {'model_name': 'SimpleImputer', 'strategy': 'median'}. Best is trial 12 with value: 0.282850657593944.
[I 2023-12-26 13:24:19,032] Trial 53 finished with value: 0.34604804671960093 and parameters: {'model_name': 'SimpleImputer', 'strategy': 'median'}. Best is trial 12 with value: 0.282850657593944.
[I 2023-12-26 13:24:19,510] Trial 54 finished with value: 0.34604804671960093 and parameters: {'model_name': 'SimpleImputer', 'strategy': 'median'}. Best is trial 12 with value: 0.282850657593944.
[I 2023-12-26 13:24:20,185] Trial 4 finished with value: 0.3573954796554004 and parameters: {'model_name': 'SimpleImputer', 'strategy': 'most_frequent'}. Best is trial 12 with value: 0.282850657593944.
[I 2023-12-26 13:24:20,574] Trial 9 finished with value: 0.3573954796554004 and parameters: {'model_name': 'SimpleImputer', 'strategy': 'most_frequent'}. Best is trial 12 with value: 0.282850657593944.
[I 2023-12-26 13:24:21,021] Trial 1 finished with value: 0.3573954796554004 and parameters: {'model_name': 'SimpleImputer', 'strategy': 'most_frequent'}. Best is trial 12 with value: 0.282850657593944.
[I 2023-12-26 13:24:21,395] Trial 3 finished with value: 0.3573954796554004 and parameters: {'model_name': 'SimpleImputer', 'strategy': 'most_frequent'}. Best is trial 12 with value: 0.282850657593944.
[I 2023-12-26 13:24:21,636] Trial 23 finished with value: 0.3573954796554004 and parameters: {'model_name': 'SimpleImputer', 'strategy': 'most_frequent'}. Best is trial 12 with value: 0.282850657593944.
[I 2023-12-26 13:24:21,927] Trial 18 finished with value: 0.3573954796554004 and parameters: {'model_name': 'SimpleImputer', 'strategy': 'most_frequent'}. Best is trial 12 with value: 0.282850657593944.
[I 2023-12-26 13:24:22,434] Trial 14 finished with value: 0.3573954796554004 and parameters: {'model_name': 'SimpleImputer', 'strategy': 'most_frequent'}. Best is trial 12 with value: 0.282850657593944.
[I 2023-12-26 13:24:22,873] Trial 36 finished with value: 0.3573954796554004 and parameters: {'model_name': 'SimpleImputer', 'strategy': 'most_frequent'}. Best is trial 12 with value: 0.282850657593944.
[I 2023-12-26 13:24:23,550] Trial 48 finished with value: 0.3573954796554004 and parameters: {'model_name': 'SimpleImputer', 'strategy': 'most_frequent'}. Best is trial 12 with value: 0.282850657593944.
[I 2023-12-26 13:24:23,877] Trial 20 finished with value: 0.3573954796554004 and parameters: {'model_name': 'SimpleImputer', 'strategy': 'most_frequent'}. Best is trial 12 with value: 0.282850657593944.
[I 2023-12-26 13:24:24,121] Trial 95 finished with value: 0.282850657593944 and parameters: {'model_name': 'SimpleImputer', 'strategy': 'mean'}. Best is trial 12 with value: 0.282850657593944.
[I 2023-12-26 13:24:24,292] Trial 98 finished with value: 0.282850657593944 and parameters: {'model_name': 'SimpleImputer', 'strategy': 'mean'}. Best is trial 12 with value: 0.282850657593944.
[I 2023-12-26 13:24:24,611] Trial 26 finished with value: 0.3573954796554004 and parameters: {'model_name': 'SimpleImputer', 'strategy': 'most_frequent'}. Best is trial 12 with value: 0.282850657593944.
[I 2023-12-26 13:24:24,905] Trial 41 finished with value: 0.3573954796554004 and parameters: {'model_name': 'SimpleImputer', 'strategy': 'most_frequent'}. Best is trial 12 with value: 0.282850657593944.
[I 2023-12-26 13:24:25,130] Trial 57 finished with value: 0.3573954796554004 and parameters: {'model_name': 'SimpleImputer', 'strategy': 'most_frequent'}. Best is trial 12 with value: 0.282850657593944.
[I 2023-12-26 13:24:25,338] Trial 63 finished with value: 0.3573954796554004 and parameters: {'model_name': 'SimpleImputer', 'strategy': 'most_frequent'}. Best is trial 12 with value: 0.282850657593944.
[I 2023-12-26 13:24:25,701] Trial 100 finished with value: 0.282850657593944 and parameters: {'model_name': 'SimpleImputer', 'strategy': 'mean'}. Best is trial 12 with value: 0.282850657593944.
[I 2023-12-26 13:24:25,890] Trial 97 finished with value: 0.282850657593944 and parameters: {'model_name': 'SimpleImputer', 'strategy': 'mean'}. Best is trial 12 with value: 0.282850657593944.
[I 2023-12-26 13:24:26,103] Trial 29 finished with value: 0.3573954796554004 and parameters: {'model_name': 'SimpleImputer', 'strategy': 'most_frequent'}. Best is trial 12 with value: 0.282850657593944.
[I 2023-12-26 13:24:26,363] Trial 99 finished with value: 0.282850657593944 and parameters: {'model_name': 'SimpleImputer', 'strategy': 'mean'}. Best is trial 12 with value: 0.282850657593944.
[I 2023-12-26 13:24:26,645] Trial 38 finished with value: 0.3573954796554004 and parameters: {'model_name': 'SimpleImputer', 'strategy': 'most_frequent'}. Best is trial 12 with value: 0.282850657593944.
[I 2023-12-26 13:24:26,894] Trial 55 finished with value: 0.3573954796554004 and parameters: {'model_name': 'SimpleImputer', 'strategy': 'most_frequent'}. Best is trial 12 with value: 0.282850657593944.
[I 2023-12-26 13:24:27,326] Trial 103 finished with value: 0.282850657593944 and parameters: {'model_name': 'SimpleImputer', 'strategy': 'mean'}. Best is trial 12 with value: 0.282850657593944.
[I 2023-12-26 13:24:27,611] Trial 66 finished with value: 0.3573954796554004 and parameters: {'model_name': 'SimpleImputer', 'strategy': 'most_frequent'}. Best is trial 12 with value: 0.282850657593944.
[I 2023-12-26 13:24:27,903] Trial 59 finished with value: 0.3573954796554004 and parameters: {'model_name': 'SimpleImputer', 'strategy': 'most_frequent'}. Best is trial 12 with value: 0.282850657593944.
[I 2023-12-26 13:24:28,160] Trial 101 finished with value: 0.282850657593944 and parameters: {'model_name': 'SimpleImputer', 'strategy': 'mean'}. Best is trial 12 with value: 0.282850657593944.
[I 2023-12-26 13:24:28,393] Trial 102 finished with value: 0.282850657593944 and parameters: {'model_name': 'SimpleImputer', 'strategy': 'mean'}. Best is trial 12 with value: 0.282850657593944.
[I 2023-12-26 13:24:28,677] Trial 62 finished with value: 0.3573954796554004 and parameters: {'model_name': 'SimpleImputer', 'strategy': 'most_frequent'}. Best is trial 12 with value: 0.282850657593944.
[I 2023-12-26 13:24:28,873] Trial 60 finished with value: 0.3573954796554004 and parameters: {'model_name': 'SimpleImputer', 'strategy': 'most_frequent'}. Best is trial 12 with value: 0.282850657593944.
[I 2023-12-26 13:24:29,247] Trial 78 finished with value: 0.3573954796554004 and parameters: {'model_name': 'SimpleImputer', 'strategy': 'most_frequent'}. Best is trial 12 with value: 0.282850657593944.
[I 2023-12-26 13:24:29,476] Trial 68 finished with value: 0.3573954796554004 and parameters: {'model_name': 'SimpleImputer', 'strategy': 'most_frequent'}. Best is trial 12 with value: 0.282850657593944.
[I 2023-12-26 13:24:29,728] Trial 105 finished with value: 0.282850657593944 and parameters: {'model_name': 'SimpleImputer', 'strategy': 'mean'}. Best is trial 12 with value: 0.282850657593944.
[I 2023-12-26 13:24:30,077] Trial 104 finished with value: 0.282850657593944 and parameters: {'model_name': 'SimpleImputer', 'strategy': 'mean'}. Best is trial 12 with value: 0.282850657593944.
[I 2023-12-26 13:24:30,246] Trial 72 finished with value: 0.3573954796554004 and parameters: {'model_name': 'SimpleImputer', 'strategy': 'most_frequent'}. Best is trial 12 with value: 0.282850657593944.
[I 2023-12-26 13:24:30,415] Trial 109 finished with value: 0.282850657593944 and parameters: {'model_name': 'SimpleImputer', 'strategy': 'mean'}. Best is trial 12 with value: 0.282850657593944.
[I 2023-12-26 13:24:30,678] Trial 107 finished with value: 0.282850657593944 and parameters: {'model_name': 'SimpleImputer', 'strategy': 'mean'}. Best is trial 12 with value: 0.282850657593944.
[I 2023-12-26 13:24:30,944] Trial 65 finished with value: 0.3573954796554004 and parameters: {'model_name': 'SimpleImputer', 'strategy': 'most_frequent'}. Best is trial 12 with value: 0.282850657593944.
[I 2023-12-26 13:24:31,245] Trial 112 finished with value: 0.282850657593944 and parameters: {'model_name': 'SimpleImputer', 'strategy': 'mean'}. Best is trial 12 with value: 0.282850657593944.
[I 2023-12-26 13:24:31,547] Trial 110 finished with value: 0.282850657593944 and parameters: {'model_name': 'SimpleImputer', 'strategy': 'mean'}. Best is trial 12 with value: 0.282850657593944.
[I 2023-12-26 13:24:31,787] Trial 64 finished with value: 0.3573954796554004 and parameters: {'model_name': 'SimpleImputer', 'strategy': 'most_frequent'}. Best is trial 12 with value: 0.282850657593944.
[I 2023-12-26 13:24:32,029] Trial 73 finished with value: 0.3573954796554004 and parameters: {'model_name': 'SimpleImputer', 'strategy': 'most_frequent'}. Best is trial 12 with value: 0.282850657593944.
[I 2023-12-26 13:24:32,313] Trial 106 finished with value: 0.282850657593944 and parameters: {'model_name': 'SimpleImputer', 'strategy': 'mean'}. Best is trial 12 with value: 0.282850657593944.
[I 2023-12-26 13:24:32,689] Trial 70 finished with value: 0.3573954796554004 and parameters: {'model_name': 'SimpleImputer', 'strategy': 'most_frequent'}. Best is trial 12 with value: 0.282850657593944.
[I 2023-12-26 13:24:32,867] Trial 108 finished with value: 0.282850657593944 and parameters: {'model_name': 'SimpleImputer', 'strategy': 'mean'}. Best is trial 12 with value: 0.282850657593944.
[I 2023-12-26 13:24:33,029] Trial 116 finished with value: 0.282850657593944 and parameters: {'model_name': 'SimpleImputer', 'strategy': 'mean'}. Best is trial 12 with value: 0.282850657593944.
[I 2023-12-26 13:24:33,232] Trial 119 finished with value: 0.282850657593944 and parameters: {'model_name': 'SimpleImputer', 'strategy': 'mean'}. Best is trial 12 with value: 0.282850657593944.
[I 2023-12-26 13:24:33,459] Trial 113 finished with value: 0.282850657593944 and parameters: {'model_name': 'SimpleImputer', 'strategy': 'mean'}. Best is trial 12 with value: 0.282850657593944.
[I 2023-12-26 13:24:33,799] Trial 115 finished with value: 0.282850657593944 and parameters: {'model_name': 'SimpleImputer', 'strategy': 'mean'}. Best is trial 12 with value: 0.282850657593944.
[I 2023-12-26 13:24:34,051] Trial 80 finished with value: 0.3573954796554004 and parameters: {'model_name': 'SimpleImputer', 'strategy': 'most_frequent'}. Best is trial 12 with value: 0.282850657593944.
[I 2023-12-26 13:24:34,307] Trial 122 finished with value: 0.282850657593944 and parameters: {'model_name': 'SimpleImputer', 'strategy': 'mean'}. Best is trial 12 with value: 0.282850657593944.
[I 2023-12-26 13:24:34,573] Trial 114 finished with value: 0.282850657593944 and parameters: {'model_name': 'SimpleImputer', 'strategy': 'mean'}. Best is trial 12 with value: 0.282850657593944.
[I 2023-12-26 13:24:34,743] Trial 77 finished with value: 0.3573954796554004 and parameters: {'model_name': 'SimpleImputer', 'strategy': 'most_frequent'}. Best is trial 12 with value: 0.282850657593944.
[I 2023-12-26 13:24:34,910] Trial 117 finished with value: 0.282850657593944 and parameters: {'model_name': 'SimpleImputer', 'strategy': 'mean'}. Best is trial 12 with value: 0.282850657593944.
[I 2023-12-26 13:24:35,168] Trial 81 finished with value: 0.3573954796554004 and parameters: {'model_name': 'SimpleImputer', 'strategy': 'most_frequent'}. Best is trial 12 with value: 0.282850657593944.
[I 2023-12-26 13:24:35,408] Trial 120 finished with value: 0.282850657593944 and parameters: {'model_name': 'SimpleImputer', 'strategy': 'mean'}. Best is trial 12 with value: 0.282850657593944.
[I 2023-12-26 13:24:35,588] Trial 87 finished with value: 0.3573954796554004 and parameters: {'model_name': 'SimpleImputer', 'strategy': 'most_frequent'}. Best is trial 12 with value: 0.282850657593944.
[I 2023-12-26 13:24:35,774] Trial 111 finished with value: 0.282850657593944 and parameters: {'model_name': 'SimpleImputer', 'strategy': 'mean'}. Best is trial 12 with value: 0.282850657593944.
[I 2023-12-26 13:24:36,018] Trial 118 finished with value: 0.282850657593944 and parameters: {'model_name': 'SimpleImputer', 'strategy': 'mean'}. Best is trial 12 with value: 0.282850657593944.
[I 2023-12-26 13:24:36,270] Trial 75 finished with value: 0.3573954796554004 and parameters: {'model_name': 'SimpleImputer', 'strategy': 'most_frequent'}. Best is trial 12 with value: 0.282850657593944.
[I 2023-12-26 13:24:36,479] Trial 76 finished with value: 0.3573954796554004 and parameters: {'model_name': 'SimpleImputer', 'strategy': 'most_frequent'}. Best is trial 12 with value: 0.282850657593944.
[I 2023-12-26 13:24:36,643] Trial 86 finished with value: 0.3573954796554004 and parameters: {'model_name': 'SimpleImputer', 'strategy': 'most_frequent'}. Best is trial 12 with value: 0.282850657593944.
[I 2023-12-26 13:24:36,928] Trial 85 finished with value: 0.3573954796554004 and parameters: {'model_name': 'SimpleImputer', 'strategy': 'most_frequent'}. Best is trial 12 with value: 0.282850657593944.
[I 2023-12-26 13:24:37,105] Trial 124 finished with value: 0.282850657593944 and parameters: {'model_name': 'SimpleImputer', 'strategy': 'mean'}. Best is trial 12 with value: 0.282850657593944.
[I 2023-12-26 13:24:37,324] Trial 121 finished with value: 0.282850657593944 and parameters: {'model_name': 'SimpleImputer', 'strategy': 'mean'}. Best is trial 12 with value: 0.282850657593944.
[I 2023-12-26 13:24:37,488] Trial 82 finished with value: 0.3573954796554004 and parameters: {'model_name': 'SimpleImputer', 'strategy': 'most_frequent'}. Best is trial 12 with value: 0.282850657593944.
[I 2023-12-26 13:24:37,650] Trial 71 finished with value: 0.3573954796554004 and parameters: {'model_name': 'SimpleImputer', 'strategy': 'most_frequent'}. Best is trial 12 with value: 0.282850657593944.
[I 2023-12-26 13:24:37,911] Trial 126 finished with value: 0.282850657593944 and parameters: {'model_name': 'SimpleImputer', 'strategy': 'mean'}. Best is trial 12 with value: 0.282850657593944.
[I 2023-12-26 13:24:38,136] Trial 84 finished with value: 0.3573954796554004 and parameters: {'model_name': 'SimpleImputer', 'strategy': 'most_frequent'}. Best is trial 12 with value: 0.282850657593944.
[I 2023-12-26 13:24:38,354] Trial 123 finished with value: 0.282850657593944 and parameters: {'model_name': 'SimpleImputer', 'strategy': 'mean'}. Best is trial 12 with value: 0.282850657593944.
[I 2023-12-26 13:24:38,600] Trial 128 finished with value: 0.282850657593944 and parameters: {'model_name': 'SimpleImputer', 'strategy': 'mean'}. Best is trial 12 with value: 0.282850657593944.
[I 2023-12-26 13:24:38,841] Trial 127 finished with value: 0.282850657593944 and parameters: {'model_name': 'SimpleImputer', 'strategy': 'mean'}. Best is trial 12 with value: 0.282850657593944.
[I 2023-12-26 13:24:39,018] Trial 88 finished with value: 0.3573954796554004 and parameters: {'model_name': 'SimpleImputer', 'strategy': 'most_frequent'}. Best is trial 12 with value: 0.282850657593944.
[I 2023-12-26 13:24:39,306] Trial 93 finished with value: 0.3573954796554004 and parameters: {'model_name': 'SimpleImputer', 'strategy': 'most_frequent'}. Best is trial 12 with value: 0.282850657593944.
[I 2023-12-26 13:24:39,492] Trial 79 finished with value: 0.3573954796554004 and parameters: {'model_name': 'SimpleImputer', 'strategy': 'most_frequent'}. Best is trial 12 with value: 0.282850657593944.
[I 2023-12-26 13:24:39,659] Trial 89 finished with value: 0.3573954796554004 and parameters: {'model_name': 'SimpleImputer', 'strategy': 'most_frequent'}. Best is trial 12 with value: 0.282850657593944.
[I 2023-12-26 13:24:39,905] Trial 125 finished with value: 0.282850657593944 and parameters: {'model_name': 'SimpleImputer', 'strategy': 'mean'}. Best is trial 12 with value: 0.282850657593944.
[I 2023-12-26 13:24:40,179] Trial 132 finished with value: 0.282850657593944 and parameters: {'model_name': 'SimpleImputer', 'strategy': 'mean'}. Best is trial 12 with value: 0.282850657593944.
[I 2023-12-26 13:24:40,389] Trial 74 finished with value: 0.3573954796554004 and parameters: {'model_name': 'SimpleImputer', 'strategy': 'most_frequent'}. Best is trial 12 with value: 0.282850657593944.
[I 2023-12-26 13:24:40,573] Trial 90 finished with value: 0.3573954796554004 and parameters: {'model_name': 'SimpleImputer', 'strategy': 'most_frequent'}. Best is trial 12 with value: 0.282850657593944.
[I 2023-12-26 13:24:40,867] Trial 131 finished with value: 0.282850657593944 and parameters: {'model_name': 'SimpleImputer', 'strategy': 'mean'}. Best is trial 12 with value: 0.282850657593944.
[I 2023-12-26 13:24:41,142] Trial 129 finished with value: 0.282850657593944 and parameters: {'model_name': 'SimpleImputer', 'strategy': 'mean'}. Best is trial 12 with value: 0.282850657593944.
[I 2023-12-26 13:24:41,336] Trial 130 finished with value: 0.282850657593944 and parameters: {'model_name': 'SimpleImputer', 'strategy': 'mean'}. Best is trial 12 with value: 0.282850657593944.
[I 2023-12-26 13:24:41,593] Trial 83 finished with value: 0.3573954796554004 and parameters: {'model_name': 'SimpleImputer', 'strategy': 'most_frequent'}. Best is trial 12 with value: 0.282850657593944.
[I 2023-12-26 13:24:41,794] Trial 134 finished with value: 0.282850657593944 and parameters: {'model_name': 'SimpleImputer', 'strategy': 'mean'}. Best is trial 12 with value: 0.282850657593944.
[I 2023-12-26 13:24:41,954] Trial 92 finished with value: 0.3573954796554004 and parameters: {'model_name': 'SimpleImputer', 'strategy': 'most_frequent'}. Best is trial 12 with value: 0.282850657593944.
[I 2023-12-26 13:24:42,134] Trial 91 finished with value: 0.3573954796554004 and parameters: {'model_name': 'SimpleImputer', 'strategy': 'most_frequent'}. Best is trial 12 with value: 0.282850657593944.
[I 2023-12-26 13:24:42,497] Trial 138 finished with value: 0.282850657593944 and parameters: {'model_name': 'SimpleImputer', 'strategy': 'mean'}. Best is trial 12 with value: 0.282850657593944.
[I 2023-12-26 13:24:42,781] Trial 133 finished with value: 0.282850657593944 and parameters: {'model_name': 'SimpleImputer', 'strategy': 'mean'}. Best is trial 12 with value: 0.282850657593944.
[I 2023-12-26 13:24:43,093] Trial 141 finished with value: 0.282850657593944 and parameters: {'model_name': 'SimpleImputer', 'strategy': 'mean'}. Best is trial 12 with value: 0.282850657593944.
[I 2023-12-26 13:24:43,403] Trial 140 finished with value: 0.282850657593944 and parameters: {'model_name': 'SimpleImputer', 'strategy': 'mean'}. Best is trial 12 with value: 0.282850657593944.
[I 2023-12-26 13:24:43,715] Trial 143 finished with value: 0.282850657593944 and parameters: {'model_name': 'SimpleImputer', 'strategy': 'mean'}. Best is trial 12 with value: 0.282850657593944.
[I 2023-12-26 13:24:43,904] Trial 135 finished with value: 0.282850657593944 and parameters: {'model_name': 'SimpleImputer', 'strategy': 'mean'}. Best is trial 12 with value: 0.282850657593944.
[I 2023-12-26 13:24:44,173] Trial 136 finished with value: 0.282850657593944 and parameters: {'model_name': 'SimpleImputer', 'strategy': 'mean'}. Best is trial 12 with value: 0.282850657593944.
[I 2023-12-26 13:24:44,506] Trial 147 finished with value: 0.282850657593944 and parameters: {'model_name': 'SimpleImputer', 'strategy': 'mean'}. Best is trial 12 with value: 0.282850657593944.
[I 2023-12-26 13:24:44,780] Trial 144 finished with value: 0.282850657593944 and parameters: {'model_name': 'SimpleImputer', 'strategy': 'mean'}. Best is trial 12 with value: 0.282850657593944.
[I 2023-12-26 13:24:45,076] Trial 137 finished with value: 0.282850657593944 and parameters: {'model_name': 'SimpleImputer', 'strategy': 'mean'}. Best is trial 12 with value: 0.282850657593944.
[I 2023-12-26 13:24:45,259] Trial 94 finished with value: 0.3573954796554004 and parameters: {'model_name': 'SimpleImputer', 'strategy': 'most_frequent'}. Best is trial 12 with value: 0.282850657593944.
[I 2023-12-26 13:24:45,503] Trial 96 finished with value: 0.3573954796554004 and parameters: {'model_name': 'SimpleImputer', 'strategy': 'most_frequent'}. Best is trial 12 with value: 0.282850657593944.
[I 2023-12-26 13:24:45,773] Trial 155 finished with value: 0.282850657593944 and parameters: {'model_name': 'SimpleImputer', 'strategy': 'mean'}. Best is trial 12 with value: 0.282850657593944.
[I 2023-12-26 13:24:46,021] Trial 150 finished with value: 0.282850657593944 and parameters: {'model_name': 'SimpleImputer', 'strategy': 'mean'}. Best is trial 12 with value: 0.282850657593944.
[I 2023-12-26 13:24:46,229] Trial 159 finished with value: 0.282850657593944 and parameters: {'model_name': 'SimpleImputer', 'strategy': 'mean'}. Best is trial 12 with value: 0.282850657593944.
[I 2023-12-26 13:24:46,448] Trial 157 finished with value: 0.282850657593944 and parameters: {'model_name': 'SimpleImputer', 'strategy': 'mean'}. Best is trial 12 with value: 0.282850657593944.
[I 2023-12-26 13:24:46,759] Trial 139 finished with value: 0.282850657593944 and parameters: {'model_name': 'SimpleImputer', 'strategy': 'mean'}. Best is trial 12 with value: 0.282850657593944.
[I 2023-12-26 13:24:47,030] Trial 158 finished with value: 0.282850657593944 and parameters: {'model_name': 'SimpleImputer', 'strategy': 'mean'}. Best is trial 12 with value: 0.282850657593944.
[I 2023-12-26 13:24:47,195] Trial 151 finished with value: 0.282850657593944 and parameters: {'model_name': 'SimpleImputer', 'strategy': 'mean'}. Best is trial 12 with value: 0.282850657593944.
[I 2023-12-26 13:24:47,491] Trial 163 finished with value: 0.282850657593944 and parameters: {'model_name': 'SimpleImputer', 'strategy': 'mean'}. Best is trial 12 with value: 0.282850657593944.
[I 2023-12-26 13:24:47,762] Trial 162 finished with value: 0.282850657593944 and parameters: {'model_name': 'SimpleImputer', 'strategy': 'mean'}. Best is trial 12 with value: 0.282850657593944.
[I 2023-12-26 13:24:47,948] Trial 165 finished with value: 0.282850657593944 and parameters: {'model_name': 'SimpleImputer', 'strategy': 'mean'}. Best is trial 12 with value: 0.282850657593944.
[I 2023-12-26 13:24:48,138] Trial 167 finished with value: 0.282850657593944 and parameters: {'model_name': 'SimpleImputer', 'strategy': 'mean'}. Best is trial 12 with value: 0.282850657593944.
[I 2023-12-26 13:24:48,401] Trial 169 finished with value: 0.282850657593944 and parameters: {'model_name': 'SimpleImputer', 'strategy': 'mean'}. Best is trial 12 with value: 0.282850657593944.
[I 2023-12-26 13:24:48,680] Trial 149 finished with value: 0.282850657593944 and parameters: {'model_name': 'SimpleImputer', 'strategy': 'mean'}. Best is trial 12 with value: 0.282850657593944.
[I 2023-12-26 13:24:48,930] Trial 152 finished with value: 0.282850657593944 and parameters: {'model_name': 'SimpleImputer', 'strategy': 'mean'}. Best is trial 12 with value: 0.282850657593944.
[I 2023-12-26 13:24:49,124] Trial 146 finished with value: 0.282850657593944 and parameters: {'model_name': 'SimpleImputer', 'strategy': 'mean'}. Best is trial 12 with value: 0.282850657593944.
[I 2023-12-26 13:24:49,327] Trial 168 finished with value: 0.282850657593944 and parameters: {'model_name': 'SimpleImputer', 'strategy': 'mean'}. Best is trial 12 with value: 0.282850657593944.
[I 2023-12-26 13:24:49,648] Trial 173 finished with value: 0.282850657593944 and parameters: {'model_name': 'SimpleImputer', 'strategy': 'mean'}. Best is trial 12 with value: 0.282850657593944.
[I 2023-12-26 13:24:49,888] Trial 145 finished with value: 0.282850657593944 and parameters: {'model_name': 'SimpleImputer', 'strategy': 'mean'}. Best is trial 12 with value: 0.282850657593944.
[I 2023-12-26 13:24:50,092] Trial 160 finished with value: 0.282850657593944 and parameters: {'model_name': 'SimpleImputer', 'strategy': 'mean'}. Best is trial 12 with value: 0.282850657593944.
[I 2023-12-26 13:24:50,335] Trial 161 finished with value: 0.282850657593944 and parameters: {'model_name': 'SimpleImputer', 'strategy': 'mean'}. Best is trial 12 with value: 0.282850657593944.
[I 2023-12-26 13:24:50,506] Trial 142 finished with value: 0.282850657593944 and parameters: {'model_name': 'SimpleImputer', 'strategy': 'mean'}. Best is trial 12 with value: 0.282850657593944.
[I 2023-12-26 13:24:50,767] Trial 180 finished with value: 0.282850657593944 and parameters: {'model_name': 'SimpleImputer', 'strategy': 'mean'}. Best is trial 12 with value: 0.282850657593944.
[I 2023-12-26 13:24:50,985] Trial 164 finished with value: 0.282850657593944 and parameters: {'model_name': 'SimpleImputer', 'strategy': 'mean'}. Best is trial 12 with value: 0.282850657593944.
[I 2023-12-26 13:24:51,249] Trial 175 finished with value: 0.282850657593944 and parameters: {'model_name': 'SimpleImputer', 'strategy': 'mean'}. Best is trial 12 with value: 0.282850657593944.
[I 2023-12-26 13:24:51,445] Trial 177 finished with value: 0.282850657593944 and parameters: {'model_name': 'SimpleImputer', 'strategy': 'mean'}. Best is trial 12 with value: 0.282850657593944.
[I 2023-12-26 13:24:51,688] Trial 153 finished with value: 0.282850657593944 and parameters: {'model_name': 'SimpleImputer', 'strategy': 'mean'}. Best is trial 12 with value: 0.282850657593944.
[I 2023-12-26 13:24:51,933] Trial 166 finished with value: 0.282850657593944 and parameters: {'model_name': 'SimpleImputer', 'strategy': 'mean'}. Best is trial 12 with value: 0.282850657593944.
[I 2023-12-26 13:24:52,244] Trial 170 finished with value: 0.282850657593944 and parameters: {'model_name': 'SimpleImputer', 'strategy': 'mean'}. Best is trial 12 with value: 0.282850657593944.
[I 2023-12-26 13:24:52,434] Trial 156 finished with value: 0.282850657593944 and parameters: {'model_name': 'SimpleImputer', 'strategy': 'mean'}. Best is trial 12 with value: 0.282850657593944.
[I 2023-12-26 13:24:52,739] Trial 183 finished with value: 0.282850657593944 and parameters: {'model_name': 'SimpleImputer', 'strategy': 'mean'}. Best is trial 12 with value: 0.282850657593944.
[I 2023-12-26 13:24:52,949] Trial 178 finished with value: 0.282850657593944 and parameters: {'model_name': 'SimpleImputer', 'strategy': 'mean'}. Best is trial 12 with value: 0.282850657593944.
[I 2023-12-26 13:24:53,164] Trial 148 finished with value: 0.282850657593944 and parameters: {'model_name': 'SimpleImputer', 'strategy': 'mean'}. Best is trial 12 with value: 0.282850657593944.
[I 2023-12-26 13:24:53,341] Trial 179 finished with value: 0.282850657593944 and parameters: {'model_name': 'SimpleImputer', 'strategy': 'mean'}. Best is trial 12 with value: 0.282850657593944.
[I 2023-12-26 13:24:53,611] Trial 182 finished with value: 0.282850657593944 and parameters: {'model_name': 'SimpleImputer', 'strategy': 'mean'}. Best is trial 12 with value: 0.282850657593944.
[I 2023-12-26 13:24:53,860] Trial 172 finished with value: 0.282850657593944 and parameters: {'model_name': 'SimpleImputer', 'strategy': 'mean'}. Best is trial 12 with value: 0.282850657593944.
[I 2023-12-26 13:24:54,048] Trial 187 finished with value: 0.282850657593944 and parameters: {'model_name': 'SimpleImputer', 'strategy': 'mean'}. Best is trial 12 with value: 0.282850657593944.
[I 2023-12-26 13:24:54,262] Trial 176 finished with value: 0.282850657593944 and parameters: {'model_name': 'SimpleImputer', 'strategy': 'mean'}. Best is trial 12 with value: 0.282850657593944.
[I 2023-12-26 13:24:54,453] Trial 171 finished with value: 0.282850657593944 and parameters: {'model_name': 'SimpleImputer', 'strategy': 'mean'}. Best is trial 12 with value: 0.282850657593944.
[I 2023-12-26 13:24:54,700] Trial 191 finished with value: 0.282850657593944 and parameters: {'model_name': 'SimpleImputer', 'strategy': 'mean'}. Best is trial 12 with value: 0.282850657593944.
[I 2023-12-26 13:24:54,941] Trial 193 finished with value: 0.282850657593944 and parameters: {'model_name': 'SimpleImputer', 'strategy': 'mean'}. Best is trial 12 with value: 0.282850657593944.
[I 2023-12-26 13:24:55,118] Trial 154 finished with value: 0.282850657593944 and parameters: {'model_name': 'SimpleImputer', 'strategy': 'mean'}. Best is trial 12 with value: 0.282850657593944.
[I 2023-12-26 13:24:55,382] Trial 185 finished with value: 0.282850657593944 and parameters: {'model_name': 'SimpleImputer', 'strategy': 'mean'}. Best is trial 12 with value: 0.282850657593944.
[I 2023-12-26 13:24:55,559] Trial 190 finished with value: 0.282850657593944 and parameters: {'model_name': 'SimpleImputer', 'strategy': 'mean'}. Best is trial 12 with value: 0.282850657593944.
[I 2023-12-26 13:24:55,822] Trial 181 finished with value: 0.282850657593944 and parameters: {'model_name': 'SimpleImputer', 'strategy': 'mean'}. Best is trial 12 with value: 0.282850657593944.
[I 2023-12-26 13:24:56,023] Trial 186 finished with value: 0.282850657593944 and parameters: {'model_name': 'SimpleImputer', 'strategy': 'mean'}. Best is trial 12 with value: 0.282850657593944.
[I 2023-12-26 13:24:56,196] Trial 196 finished with value: 0.282850657593944 and parameters: {'model_name': 'SimpleImputer', 'strategy': 'mean'}. Best is trial 12 with value: 0.282850657593944.
[I 2023-12-26 13:24:56,361] Trial 192 finished with value: 0.282850657593944 and parameters: {'model_name': 'SimpleImputer', 'strategy': 'mean'}. Best is trial 12 with value: 0.282850657593944.
[I 2023-12-26 13:24:56,536] Trial 174 finished with value: 0.282850657593944 and parameters: {'model_name': 'SimpleImputer', 'strategy': 'mean'}. Best is trial 12 with value: 0.282850657593944.
[I 2023-12-26 13:24:56,791] Trial 184 finished with value: 0.282850657593944 and parameters: {'model_name': 'SimpleImputer', 'strategy': 'mean'}. Best is trial 12 with value: 0.282850657593944.
[I 2023-12-26 13:24:56,968] Trial 195 finished with value: 0.282850657593944 and parameters: {'model_name': 'SimpleImputer', 'strategy': 'mean'}. Best is trial 12 with value: 0.282850657593944.
[I 2023-12-26 13:24:57,220] Trial 194 finished with value: 0.282850657593944 and parameters: {'model_name': 'SimpleImputer', 'strategy': 'mean'}. Best is trial 12 with value: 0.282850657593944.
[I 2023-12-26 13:24:57,385] Trial 197 finished with value: 0.282850657593944 and parameters: {'model_name': 'SimpleImputer', 'strategy': 'mean'}. Best is trial 12 with value: 0.282850657593944.
[I 2023-12-26 13:24:57,645] Trial 189 finished with value: 0.282850657593944 and parameters: {'model_name': 'SimpleImputer', 'strategy': 'mean'}. Best is trial 12 with value: 0.282850657593944.
[I 2023-12-26 13:24:57,885] Trial 188 finished with value: 0.282850657593944 and parameters: {'model_name': 'SimpleImputer', 'strategy': 'mean'}. Best is trial 12 with value: 0.282850657593944.
[I 2023-12-26 13:24:58,130] Trial 199 finished with value: 0.34604804671960093 and parameters: {'model_name': 'SimpleImputer', 'strategy': 'median'}. Best is trial 12 with value: 0.282850657593944.
[I 2023-12-26 13:24:58,302] Trial 198 finished with value: 0.34604804671960093 and parameters: {'model_name': 'SimpleImputer', 'strategy': 'median'}. Best is trial 12 with value: 0.282850657593944.
simple fit
simple transform
         0  ...    9
0    0.620  ...  0.0
1    0.590  ...  1.0
2    0.450  ...  0.0
3    0.560  ...  0.0
4    0.695  ...  0.0
..     ...  ...  ...
413  0.540  ...  1.0
414  0.550  ...  0.0
415  0.625  ...  0.0
416  0.680  ...  0.0
417  0.545  ...  1.0

[418 rows x 10 columns]
0.282850657593944
{'model_name': 'SimpleImputer', 'strategy': 'mean'}
running experiment 2/3 - Does reconstruction give good automl predictions
Start est fit
