Run: 13
/cm/local/apps/slurm/var/spool/job664139/slurm_script: line 23: /common/ketrong/minconda3/etc/profile.d/conda.sh: No such file or directory
/cm/local/apps/slurm/var/spool/job664139/slurm_script: line 26: $'\nconda create --name tpot2devenv -c conda-forge python=3.10\n': command not found
/cm/local/apps/slurm/var/spool/job664139/slurm_script: line 31: $'\npip install -r requirements.txt\n': command not found
RunStart
2024-02-21 11:32:10.933004: I tensorflow/core/util/port.cc:113] oneDNN custom operations are on. You may see slightly different numerical results due to floating-point round-off errors from different computation orders. To turn them off, set the environment variable `TF_ENABLE_ONEDNN_OPTS=0`.
2024-02-21 11:32:10.968937: E external/local_xla/xla/stream_executor/cuda/cuda_dnn.cc:9261] Unable to register cuDNN factory: Attempting to register factory for plugin cuDNN when one has already been registered
2024-02-21 11:32:10.968959: E external/local_xla/xla/stream_executor/cuda/cuda_fft.cc:607] Unable to register cuFFT factory: Attempting to register factory for plugin cuFFT when one has already been registered
2024-02-21 11:32:10.970355: E external/local_xla/xla/stream_executor/cuda/cuda_blas.cc:1515] Unable to register cuBLAS factory: Attempting to register factory for plugin cuBLAS when one has already been registered
2024-02-21 11:32:10.976465: I tensorflow/core/platform/cpu_feature_guard.cc:182] This TensorFlow binary is optimized to use available CPU instructions in performance-critical operations.
To enable the following instructions: AVX2 AVX512F AVX512_VNNI FMA, in other operations, rebuild TensorFlow with the appropriate compiler flags.
2024-02-21 11:32:12.986878: W tensorflow/compiler/tf2tensorrt/utils/py_utils.cc:38] TF-TRT Warning: Could not find TensorRT
WARNING:tensorflow:From /home/ketrong/miniconda3/envs/tpot2devenv/lib/python3.10/site-packages/tensorflow/python/compat/v2_compat.py:108: disable_resource_variables (from tensorflow.python.ops.variable_scope) is deprecated and will be removed in a future version.
Instructions for updating:
non-resource variables are not supported in the long term
starting loops
working on 
logs/2289/tpot2_base_normal_MNAR_0.3
0.034954071044921875
loading data
logs/2289/tpot2_base_normal_MNAR_0.3/data/2289_True.pkl
running experiment 1/3 - Does large hyperparameter space improve reconstruction accuracy over simple
slurmstepd: error: *** STEP 664139.0 ON esplhpc-cp008 CANCELLED AT 2024-02-21T11:32:22 ***
slurmstepd: error: *** JOB 664139 ON esplhpc-cp008 CANCELLED AT 2024-02-21T11:32:22 ***
