Run: 5
/cm/local/apps/slurm/var/spool/job549680/slurm_script: line 23: /common/ketrong/minconda3/etc/profile.d/conda.sh: No such file or directory
/cm/local/apps/slurm/var/spool/job549680/slurm_script: line 26: $'\nconda create --name tpot2devenv -c conda-forge python=3.10\n': command not found
/cm/local/apps/slurm/var/spool/job549680/slurm_script: line 31: $'\npip install -r requirements.txt\n': command not found
RunStart
2023-12-12 15:23:34.652290: I tensorflow/core/util/port.cc:113] oneDNN custom operations are on. You may see slightly different numerical results due to floating-point round-off errors from different computation orders. To turn them off, set the environment variable `TF_ENABLE_ONEDNN_OPTS=0`.
2023-12-12 15:23:34.685779: E external/local_xla/xla/stream_executor/cuda/cuda_dnn.cc:9261] Unable to register cuDNN factory: Attempting to register factory for plugin cuDNN when one has already been registered
2023-12-12 15:23:34.685806: E external/local_xla/xla/stream_executor/cuda/cuda_fft.cc:607] Unable to register cuFFT factory: Attempting to register factory for plugin cuFFT when one has already been registered
2023-12-12 15:23:34.686723: E external/local_xla/xla/stream_executor/cuda/cuda_blas.cc:1515] Unable to register cuBLAS factory: Attempting to register factory for plugin cuBLAS when one has already been registered
2023-12-12 15:23:34.691875: I tensorflow/core/platform/cpu_feature_guard.cc:182] This TensorFlow binary is optimized to use available CPU instructions in performance-critical operations.
To enable the following instructions: AVX2 AVX512F AVX512_VNNI FMA, in other operations, rebuild TensorFlow with the appropriate compiler flags.
2023-12-12 15:23:35.768190: W tensorflow/compiler/tf2tensorrt/utils/py_utils.cc:38] TF-TRT Warning: Could not find TensorRT
WARNING:tensorflow:From /home/ketrong/miniconda3/envs/tpot2devenv/lib/python3.10/site-packages/tensorflow/python/compat/v2_compat.py:108: disable_resource_variables (from tensorflow.python.ops.variable_scope) is deprecated and will be removed in a future version.
Instructions for updating:
non-resource variables are not supported in the long term
starting loops
working on 
logs/30/tpot2_base_normal_MCAR_0.9
2.0614078044891357
loading data
data/30_True.pkl
running experiment 1/3 - Does large hyperparameter space improve reconstruction accuracy over simple
[I 2023-12-12 15:23:47,727] A new study created in memory with name: no-name-12028224-76d3-41b4-8a76-6449de40bbe4
[I 2023-12-12 15:23:48,200] Trial 8 finished with value: 182.94292220875246 and parameters: {'model_name': 'SimpleImputer', 'strategy': 'constant'}. Best is trial 8 with value: 182.94292220875246.
[I 2023-12-12 15:23:48,399] Trial 10 finished with value: 182.94292220875246 and parameters: {'model_name': 'SimpleImputer', 'strategy': 'constant'}. Best is trial 8 with value: 182.94292220875246.
[I 2023-12-12 15:23:48,574] Trial 3 finished with value: 182.94292220875246 and parameters: {'model_name': 'SimpleImputer', 'strategy': 'constant'}. Best is trial 8 with value: 182.94292220875246.
[I 2023-12-12 15:23:48,815] Trial 1 finished with value: 176.1013111414203 and parameters: {'model_name': 'SimpleImputer', 'strategy': 'mean'}. Best is trial 1 with value: 176.1013111414203.
[I 2023-12-12 15:23:49,050] Trial 4 finished with value: 176.1013111414203 and parameters: {'model_name': 'SimpleImputer', 'strategy': 'mean'}. Best is trial 1 with value: 176.1013111414203.
[I 2023-12-12 15:23:49,239] Trial 7 finished with value: 176.1013111414203 and parameters: {'model_name': 'SimpleImputer', 'strategy': 'mean'}. Best is trial 1 with value: 176.1013111414203.
[I 2023-12-12 15:23:49,452] Trial 15 finished with value: 176.1013111414203 and parameters: {'model_name': 'SimpleImputer', 'strategy': 'mean'}. Best is trial 1 with value: 176.1013111414203.
[I 2023-12-12 15:23:49,656] Trial 13 finished with value: 176.1013111414203 and parameters: {'model_name': 'SimpleImputer', 'strategy': 'mean'}. Best is trial 1 with value: 176.1013111414203.
[I 2023-12-12 15:23:49,934] Trial 20 finished with value: 182.94292220875246 and parameters: {'model_name': 'SimpleImputer', 'strategy': 'constant'}. Best is trial 1 with value: 176.1013111414203.
[I 2023-12-12 15:23:50,090] Trial 16 finished with value: 176.1013111414203 and parameters: {'model_name': 'SimpleImputer', 'strategy': 'mean'}. Best is trial 1 with value: 176.1013111414203.
[I 2023-12-12 15:23:50,094] Trial 21 finished with value: 182.94292220875246 and parameters: {'model_name': 'SimpleImputer', 'strategy': 'constant'}. Best is trial 1 with value: 176.1013111414203.
[I 2023-12-12 15:23:50,433] Trial 17 finished with value: 176.1013111414203 and parameters: {'model_name': 'SimpleImputer', 'strategy': 'mean'}. Best is trial 1 with value: 176.1013111414203.
[I 2023-12-12 15:23:50,686] Trial 22 finished with value: 182.94292220875246 and parameters: {'model_name': 'SimpleImputer', 'strategy': 'constant'}. Best is trial 1 with value: 176.1013111414203.
[I 2023-12-12 15:23:50,914] Trial 26 finished with value: 182.94292220875246 and parameters: {'model_name': 'SimpleImputer', 'strategy': 'constant'}. Best is trial 1 with value: 176.1013111414203.
[I 2023-12-12 15:23:51,190] Trial 24 finished with value: 182.94292220875246 and parameters: {'model_name': 'SimpleImputer', 'strategy': 'constant'}. Best is trial 1 with value: 176.1013111414203.
[I 2023-12-12 15:23:51,400] Trial 25 finished with value: 176.1013111414203 and parameters: {'model_name': 'SimpleImputer', 'strategy': 'mean'}. Best is trial 1 with value: 176.1013111414203.
[I 2023-12-12 15:23:51,625] Trial 27 finished with value: 182.94292220875246 and parameters: {'model_name': 'SimpleImputer', 'strategy': 'constant'}. Best is trial 1 with value: 176.1013111414203.
[I 2023-12-12 15:23:51,909] Trial 9 finished with value: 182.94292220875246 and parameters: {'model_name': 'SimpleImputer', 'strategy': 'median'}. Best is trial 1 with value: 176.1013111414203.
[I 2023-12-12 15:23:52,219] Trial 42 finished with value: 182.94292220875246 and parameters: {'model_name': 'SimpleImputer', 'strategy': 'constant'}. Best is trial 1 with value: 176.1013111414203.
[I 2023-12-12 15:23:52,396] Trial 35 finished with value: 182.94292220875246 and parameters: {'model_name': 'SimpleImputer', 'strategy': 'constant'}. Best is trial 1 with value: 176.1013111414203.
[I 2023-12-12 15:23:52,619] Trial 0 finished with value: 182.94292220875246 and parameters: {'model_name': 'SimpleImputer', 'strategy': 'median'}. Best is trial 1 with value: 176.1013111414203.
[I 2023-12-12 15:23:52,788] Trial 6 finished with value: 182.94292220875246 and parameters: {'model_name': 'SimpleImputer', 'strategy': 'median'}. Best is trial 1 with value: 176.1013111414203.
[I 2023-12-12 15:23:52,989] Trial 12 finished with value: 182.94292220875246 and parameters: {'model_name': 'SimpleImputer', 'strategy': 'median'}. Best is trial 1 with value: 176.1013111414203.
[I 2023-12-12 15:23:53,207] Trial 28 finished with value: 182.94292220875246 and parameters: {'model_name': 'SimpleImputer', 'strategy': 'constant'}. Best is trial 1 with value: 176.1013111414203.
[I 2023-12-12 15:23:53,408] Trial 11 finished with value: 182.94292220875246 and parameters: {'model_name': 'SimpleImputer', 'strategy': 'median'}. Best is trial 1 with value: 176.1013111414203.
[I 2023-12-12 15:23:53,600] Trial 14 finished with value: 182.94292220875246 and parameters: {'model_name': 'SimpleImputer', 'strategy': 'median'}. Best is trial 1 with value: 176.1013111414203.
[I 2023-12-12 15:23:53,859] Trial 39 finished with value: 182.94292220875246 and parameters: {'model_name': 'SimpleImputer', 'strategy': 'constant'}. Best is trial 1 with value: 176.1013111414203.
[I 2023-12-12 15:23:54,023] Trial 32 finished with value: 176.1013111414203 and parameters: {'model_name': 'SimpleImputer', 'strategy': 'mean'}. Best is trial 1 with value: 176.1013111414203.
[I 2023-12-12 15:23:54,193] Trial 5 finished with value: 182.94292220875246 and parameters: {'model_name': 'SimpleImputer', 'strategy': 'median'}. Best is trial 1 with value: 176.1013111414203.
[I 2023-12-12 15:23:54,452] Trial 33 finished with value: 176.1013111414203 and parameters: {'model_name': 'SimpleImputer', 'strategy': 'mean'}. Best is trial 1 with value: 176.1013111414203.
[I 2023-12-12 15:23:54,696] Trial 41 finished with value: 182.94292220875246 and parameters: {'model_name': 'SimpleImputer', 'strategy': 'constant'}. Best is trial 1 with value: 176.1013111414203.
[I 2023-12-12 15:23:54,930] Trial 19 finished with value: 182.94292220875246 and parameters: {'model_name': 'SimpleImputer', 'strategy': 'median'}. Best is trial 1 with value: 176.1013111414203.
[I 2023-12-12 15:23:55,421] Trial 47 finished with value: 182.94292220875246 and parameters: {'model_name': 'SimpleImputer', 'strategy': 'median'}. Best is trial 1 with value: 176.1013111414203.
[I 2023-12-12 15:23:55,667] Trial 37 finished with value: 182.94292220875246 and parameters: {'model_name': 'SimpleImputer', 'strategy': 'median'}. Best is trial 1 with value: 176.1013111414203.
[I 2023-12-12 15:23:55,993] Trial 38 finished with value: 182.94292220875246 and parameters: {'model_name': 'SimpleImputer', 'strategy': 'median'}. Best is trial 1 with value: 176.1013111414203.
[I 2023-12-12 15:23:56,161] Trial 31 finished with value: 182.94292220875246 and parameters: {'model_name': 'SimpleImputer', 'strategy': 'median'}. Best is trial 1 with value: 176.1013111414203.
[I 2023-12-12 15:23:56,378] Trial 36 finished with value: 182.94292220875246 and parameters: {'model_name': 'SimpleImputer', 'strategy': 'median'}. Best is trial 1 with value: 176.1013111414203.
[I 2023-12-12 15:23:56,623] Trial 43 finished with value: 182.94292220875246 and parameters: {'model_name': 'SimpleImputer', 'strategy': 'median'}. Best is trial 1 with value: 176.1013111414203.
[I 2023-12-12 15:23:56,827] Trial 56 finished with value: 182.94292220875246 and parameters: {'model_name': 'SimpleImputer', 'strategy': 'median'}. Best is trial 1 with value: 176.1013111414203.
[I 2023-12-12 15:23:57,042] Trial 45 finished with value: 182.94292220875246 and parameters: {'model_name': 'SimpleImputer', 'strategy': 'median'}. Best is trial 1 with value: 176.1013111414203.
[I 2023-12-12 15:23:57,296] Trial 30 finished with value: 182.94292220875246 and parameters: {'model_name': 'SimpleImputer', 'strategy': 'median'}. Best is trial 1 with value: 176.1013111414203.
[I 2023-12-12 15:23:57,557] Trial 49 finished with value: 182.94292220875246 and parameters: {'model_name': 'SimpleImputer', 'strategy': 'median'}. Best is trial 1 with value: 176.1013111414203.
[I 2023-12-12 15:23:58,138] Trial 58 finished with value: 182.94292220875246 and parameters: {'model_name': 'SimpleImputer', 'strategy': 'median'}. Best is trial 1 with value: 176.1013111414203.
[I 2023-12-12 15:23:58,353] Trial 48 finished with value: 182.94292220875246 and parameters: {'model_name': 'SimpleImputer', 'strategy': 'median'}. Best is trial 1 with value: 176.1013111414203.
[I 2023-12-12 15:23:58,644] Trial 59 finished with value: 182.94292220875246 and parameters: {'model_name': 'SimpleImputer', 'strategy': 'median'}. Best is trial 1 with value: 176.1013111414203.
[I 2023-12-12 15:23:58,862] Trial 61 finished with value: 182.94292220875246 and parameters: {'model_name': 'SimpleImputer', 'strategy': 'median'}. Best is trial 1 with value: 176.1013111414203.
[I 2023-12-12 15:23:59,318] Trial 2 finished with value: 182.94292220875246 and parameters: {'model_name': 'SimpleImputer', 'strategy': 'most_frequent'}. Best is trial 1 with value: 176.1013111414203.
[I 2023-12-12 15:23:59,592] Trial 57 finished with value: 182.94292220875246 and parameters: {'model_name': 'SimpleImputer', 'strategy': 'median'}. Best is trial 1 with value: 176.1013111414203.
[I 2023-12-12 15:24:00,536] Trial 18 finished with value: 182.94292220875246 and parameters: {'model_name': 'SimpleImputer', 'strategy': 'most_frequent'}. Best is trial 1 with value: 176.1013111414203.
[I 2023-12-12 15:24:00,733] Trial 23 finished with value: 182.94292220875246 and parameters: {'model_name': 'SimpleImputer', 'strategy': 'most_frequent'}. Best is trial 1 with value: 176.1013111414203.
[I 2023-12-12 15:24:01,680] Trial 50 finished with value: 182.94292220875246 and parameters: {'model_name': 'SimpleImputer', 'strategy': 'most_frequent'}. Best is trial 1 with value: 176.1013111414203.
[I 2023-12-12 15:24:01,936] Trial 95 finished with value: 176.1013111414203 and parameters: {'model_name': 'SimpleImputer', 'strategy': 'mean'}. Best is trial 1 with value: 176.1013111414203.
[I 2023-12-12 15:24:02,148] Trial 44 finished with value: 182.94292220875246 and parameters: {'model_name': 'SimpleImputer', 'strategy': 'most_frequent'}. Best is trial 1 with value: 176.1013111414203.
[I 2023-12-12 15:24:02,435] Trial 29 finished with value: 182.94292220875246 and parameters: {'model_name': 'SimpleImputer', 'strategy': 'most_frequent'}. Best is trial 1 with value: 176.1013111414203.
[I 2023-12-12 15:24:02,600] Trial 94 finished with value: 176.1013111414203 and parameters: {'model_name': 'SimpleImputer', 'strategy': 'mean'}. Best is trial 1 with value: 176.1013111414203.
[I 2023-12-12 15:24:02,770] Trial 46 finished with value: 182.94292220875246 and parameters: {'model_name': 'SimpleImputer', 'strategy': 'most_frequent'}. Best is trial 1 with value: 176.1013111414203.
[I 2023-12-12 15:24:03,431] Trial 60 finished with value: 182.94292220875246 and parameters: {'model_name': 'SimpleImputer', 'strategy': 'most_frequent'}. Best is trial 1 with value: 176.1013111414203.
[I 2023-12-12 15:24:03,788] Trial 54 finished with value: 182.94292220875246 and parameters: {'model_name': 'SimpleImputer', 'strategy': 'most_frequent'}. Best is trial 1 with value: 176.1013111414203.
[I 2023-12-12 15:24:04,104] Trial 97 finished with value: 176.1013111414203 and parameters: {'model_name': 'SimpleImputer', 'strategy': 'mean'}. Best is trial 1 with value: 176.1013111414203.
[I 2023-12-12 15:24:04,309] Trial 52 finished with value: 182.94292220875246 and parameters: {'model_name': 'SimpleImputer', 'strategy': 'most_frequent'}. Best is trial 1 with value: 176.1013111414203.
[I 2023-12-12 15:24:04,594] Trial 53 finished with value: 182.94292220875246 and parameters: {'model_name': 'SimpleImputer', 'strategy': 'most_frequent'}. Best is trial 1 with value: 176.1013111414203.
[I 2023-12-12 15:24:04,812] Trial 40 finished with value: 182.94292220875246 and parameters: {'model_name': 'SimpleImputer', 'strategy': 'most_frequent'}. Best is trial 1 with value: 176.1013111414203.
[I 2023-12-12 15:24:05,072] Trial 96 finished with value: 176.1013111414203 and parameters: {'model_name': 'SimpleImputer', 'strategy': 'mean'}. Best is trial 1 with value: 176.1013111414203.
[I 2023-12-12 15:24:05,611] Trial 63 finished with value: 182.94292220875246 and parameters: {'model_name': 'SimpleImputer', 'strategy': 'most_frequent'}. Best is trial 1 with value: 176.1013111414203.
[I 2023-12-12 15:24:05,869] Trial 34 finished with value: 182.94292220875246 and parameters: {'model_name': 'SimpleImputer', 'strategy': 'most_frequent'}. Best is trial 1 with value: 176.1013111414203.
[I 2023-12-12 15:24:06,057] Trial 55 finished with value: 182.94292220875246 and parameters: {'model_name': 'SimpleImputer', 'strategy': 'most_frequent'}. Best is trial 1 with value: 176.1013111414203.
[I 2023-12-12 15:24:06,422] Trial 67 finished with value: 182.94292220875246 and parameters: {'model_name': 'SimpleImputer', 'strategy': 'most_frequent'}. Best is trial 1 with value: 176.1013111414203.
[I 2023-12-12 15:24:06,743] Trial 72 finished with value: 182.94292220875246 and parameters: {'model_name': 'SimpleImputer', 'strategy': 'most_frequent'}. Best is trial 1 with value: 176.1013111414203.
[I 2023-12-12 15:24:06,917] Trial 101 finished with value: 176.1013111414203 and parameters: {'model_name': 'SimpleImputer', 'strategy': 'mean'}. Best is trial 1 with value: 176.1013111414203.
[I 2023-12-12 15:24:07,221] Trial 98 finished with value: 176.1013111414203 and parameters: {'model_name': 'SimpleImputer', 'strategy': 'mean'}. Best is trial 1 with value: 176.1013111414203.
[I 2023-12-12 15:24:07,425] Trial 71 finished with value: 182.94292220875246 and parameters: {'model_name': 'SimpleImputer', 'strategy': 'most_frequent'}. Best is trial 1 with value: 176.1013111414203.
[I 2023-12-12 15:24:07,697] Trial 102 finished with value: 176.1013111414203 and parameters: {'model_name': 'SimpleImputer', 'strategy': 'mean'}. Best is trial 1 with value: 176.1013111414203.
[I 2023-12-12 15:24:07,981] Trial 99 finished with value: 176.1013111414203 and parameters: {'model_name': 'SimpleImputer', 'strategy': 'mean'}. Best is trial 1 with value: 176.1013111414203.
[I 2023-12-12 15:24:08,275] Trial 100 finished with value: 176.1013111414203 and parameters: {'model_name': 'SimpleImputer', 'strategy': 'mean'}. Best is trial 1 with value: 176.1013111414203.
[I 2023-12-12 15:24:08,503] Trial 65 finished with value: 182.94292220875246 and parameters: {'model_name': 'SimpleImputer', 'strategy': 'most_frequent'}. Best is trial 1 with value: 176.1013111414203.
[I 2023-12-12 15:24:08,743] Trial 69 finished with value: 182.94292220875246 and parameters: {'model_name': 'SimpleImputer', 'strategy': 'most_frequent'}. Best is trial 1 with value: 176.1013111414203.
[I 2023-12-12 15:24:08,985] Trial 70 finished with value: 182.94292220875246 and parameters: {'model_name': 'SimpleImputer', 'strategy': 'most_frequent'}. Best is trial 1 with value: 176.1013111414203.
[I 2023-12-12 15:24:09,284] Trial 66 finished with value: 182.94292220875246 and parameters: {'model_name': 'SimpleImputer', 'strategy': 'most_frequent'}. Best is trial 1 with value: 176.1013111414203.
[I 2023-12-12 15:24:09,536] Trial 106 finished with value: 176.1013111414203 and parameters: {'model_name': 'SimpleImputer', 'strategy': 'mean'}. Best is trial 1 with value: 176.1013111414203.
[I 2023-12-12 15:24:09,747] Trial 103 finished with value: 176.1013111414203 and parameters: {'model_name': 'SimpleImputer', 'strategy': 'mean'}. Best is trial 1 with value: 176.1013111414203.
[I 2023-12-12 15:24:10,041] Trial 73 finished with value: 182.94292220875246 and parameters: {'model_name': 'SimpleImputer', 'strategy': 'most_frequent'}. Best is trial 1 with value: 176.1013111414203.
[I 2023-12-12 15:24:10,381] Trial 83 finished with value: 182.94292220875246 and parameters: {'model_name': 'SimpleImputer', 'strategy': 'most_frequent'}. Best is trial 1 with value: 176.1013111414203.
[I 2023-12-12 15:24:10,552] Trial 64 finished with value: 182.94292220875246 and parameters: {'model_name': 'SimpleImputer', 'strategy': 'most_frequent'}. Best is trial 1 with value: 176.1013111414203.
[I 2023-12-12 15:24:10,806] Trial 110 finished with value: 176.1013111414203 and parameters: {'model_name': 'SimpleImputer', 'strategy': 'mean'}. Best is trial 1 with value: 176.1013111414203.
[I 2023-12-12 15:24:11,079] Trial 75 finished with value: 182.94292220875246 and parameters: {'model_name': 'SimpleImputer', 'strategy': 'most_frequent'}. Best is trial 1 with value: 176.1013111414203.
[I 2023-12-12 15:24:11,310] Trial 62 finished with value: 182.94292220875246 and parameters: {'model_name': 'SimpleImputer', 'strategy': 'most_frequent'}. Best is trial 1 with value: 176.1013111414203.
[I 2023-12-12 15:24:11,600] Trial 107 finished with value: 176.1013111414203 and parameters: {'model_name': 'SimpleImputer', 'strategy': 'mean'}. Best is trial 1 with value: 176.1013111414203.
[I 2023-12-12 15:24:11,803] Trial 79 finished with value: 182.94292220875246 and parameters: {'model_name': 'SimpleImputer', 'strategy': 'most_frequent'}. Best is trial 1 with value: 176.1013111414203.
[I 2023-12-12 15:24:12,030] Trial 105 finished with value: 176.1013111414203 and parameters: {'model_name': 'SimpleImputer', 'strategy': 'mean'}. Best is trial 1 with value: 176.1013111414203.
[I 2023-12-12 15:24:12,262] Trial 68 finished with value: 182.94292220875246 and parameters: {'model_name': 'SimpleImputer', 'strategy': 'most_frequent'}. Best is trial 1 with value: 176.1013111414203.
[I 2023-12-12 15:24:12,484] Trial 77 finished with value: 182.94292220875246 and parameters: {'model_name': 'SimpleImputer', 'strategy': 'most_frequent'}. Best is trial 1 with value: 176.1013111414203.
[I 2023-12-12 15:24:12,681] Trial 109 finished with value: 176.1013111414203 and parameters: {'model_name': 'SimpleImputer', 'strategy': 'mean'}. Best is trial 1 with value: 176.1013111414203.
[I 2023-12-12 15:24:12,867] Trial 104 finished with value: 176.1013111414203 and parameters: {'model_name': 'SimpleImputer', 'strategy': 'mean'}. Best is trial 1 with value: 176.1013111414203.
[I 2023-12-12 15:24:13,064] Trial 74 finished with value: 182.94292220875246 and parameters: {'model_name': 'SimpleImputer', 'strategy': 'most_frequent'}. Best is trial 1 with value: 176.1013111414203.
[I 2023-12-12 15:24:13,296] Trial 76 finished with value: 182.94292220875246 and parameters: {'model_name': 'SimpleImputer', 'strategy': 'most_frequent'}. Best is trial 1 with value: 176.1013111414203.
[I 2023-12-12 15:24:13,650] Trial 78 finished with value: 182.94292220875246 and parameters: {'model_name': 'SimpleImputer', 'strategy': 'most_frequent'}. Best is trial 1 with value: 176.1013111414203.
[I 2023-12-12 15:24:13,858] Trial 51 finished with value: 182.94292220875246 and parameters: {'model_name': 'SimpleImputer', 'strategy': 'most_frequent'}. Best is trial 1 with value: 176.1013111414203.
[I 2023-12-12 15:24:14,139] Trial 80 finished with value: 182.94292220875246 and parameters: {'model_name': 'SimpleImputer', 'strategy': 'most_frequent'}. Best is trial 1 with value: 176.1013111414203.
[I 2023-12-12 15:24:14,387] Trial 81 finished with value: 182.94292220875246 and parameters: {'model_name': 'SimpleImputer', 'strategy': 'most_frequent'}. Best is trial 1 with value: 176.1013111414203.
[I 2023-12-12 15:24:14,623] Trial 112 finished with value: 176.1013111414203 and parameters: {'model_name': 'SimpleImputer', 'strategy': 'mean'}. Best is trial 1 with value: 176.1013111414203.
[I 2023-12-12 15:24:14,917] Trial 108 finished with value: 176.1013111414203 and parameters: {'model_name': 'SimpleImputer', 'strategy': 'mean'}. Best is trial 1 with value: 176.1013111414203.
[I 2023-12-12 15:24:15,203] Trial 89 finished with value: 182.94292220875246 and parameters: {'model_name': 'SimpleImputer', 'strategy': 'most_frequent'}. Best is trial 1 with value: 176.1013111414203.
[I 2023-12-12 15:24:15,495] Trial 118 finished with value: 176.1013111414203 and parameters: {'model_name': 'SimpleImputer', 'strategy': 'mean'}. Best is trial 1 with value: 176.1013111414203.
[I 2023-12-12 15:24:15,710] Trial 111 finished with value: 176.1013111414203 and parameters: {'model_name': 'SimpleImputer', 'strategy': 'mean'}. Best is trial 1 with value: 176.1013111414203.
[I 2023-12-12 15:24:15,895] Trial 84 finished with value: 182.94292220875246 and parameters: {'model_name': 'SimpleImputer', 'strategy': 'most_frequent'}. Best is trial 1 with value: 176.1013111414203.
[I 2023-12-12 15:24:16,163] Trial 116 finished with value: 176.1013111414203 and parameters: {'model_name': 'SimpleImputer', 'strategy': 'mean'}. Best is trial 1 with value: 176.1013111414203.
[I 2023-12-12 15:24:16,499] Trial 117 finished with value: 176.1013111414203 and parameters: {'model_name': 'SimpleImputer', 'strategy': 'mean'}. Best is trial 1 with value: 176.1013111414203.
[I 2023-12-12 15:24:16,696] Trial 115 finished with value: 176.1013111414203 and parameters: {'model_name': 'SimpleImputer', 'strategy': 'mean'}. Best is trial 1 with value: 176.1013111414203.
[I 2023-12-12 15:24:16,924] Trial 123 finished with value: 176.1013111414203 and parameters: {'model_name': 'SimpleImputer', 'strategy': 'mean'}. Best is trial 1 with value: 176.1013111414203.
[I 2023-12-12 15:24:17,170] Trial 120 finished with value: 176.1013111414203 and parameters: {'model_name': 'SimpleImputer', 'strategy': 'mean'}. Best is trial 1 with value: 176.1013111414203.
[I 2023-12-12 15:24:17,368] Trial 82 finished with value: 182.94292220875246 and parameters: {'model_name': 'SimpleImputer', 'strategy': 'most_frequent'}. Best is trial 1 with value: 176.1013111414203.
[I 2023-12-12 15:24:17,619] Trial 85 finished with value: 182.94292220875246 and parameters: {'model_name': 'SimpleImputer', 'strategy': 'most_frequent'}. Best is trial 1 with value: 176.1013111414203.
[I 2023-12-12 15:24:17,826] Trial 114 finished with value: 176.1013111414203 and parameters: {'model_name': 'SimpleImputer', 'strategy': 'mean'}. Best is trial 1 with value: 176.1013111414203.
[I 2023-12-12 15:24:18,072] Trial 113 finished with value: 176.1013111414203 and parameters: {'model_name': 'SimpleImputer', 'strategy': 'mean'}. Best is trial 1 with value: 176.1013111414203.
[I 2023-12-12 15:24:18,334] Trial 119 finished with value: 176.1013111414203 and parameters: {'model_name': 'SimpleImputer', 'strategy': 'mean'}. Best is trial 1 with value: 176.1013111414203.
[I 2023-12-12 15:24:18,615] Trial 126 finished with value: 176.1013111414203 and parameters: {'model_name': 'SimpleImputer', 'strategy': 'mean'}. Best is trial 1 with value: 176.1013111414203.
[I 2023-12-12 15:24:18,790] Trial 127 finished with value: 176.1013111414203 and parameters: {'model_name': 'SimpleImputer', 'strategy': 'mean'}. Best is trial 1 with value: 176.1013111414203.
[I 2023-12-12 15:24:19,059] Trial 121 finished with value: 176.1013111414203 and parameters: {'model_name': 'SimpleImputer', 'strategy': 'mean'}. Best is trial 1 with value: 176.1013111414203.
[I 2023-12-12 15:24:19,301] Trial 130 finished with value: 176.1013111414203 and parameters: {'model_name': 'SimpleImputer', 'strategy': 'mean'}. Best is trial 1 with value: 176.1013111414203.
[I 2023-12-12 15:24:19,506] Trial 122 finished with value: 176.1013111414203 and parameters: {'model_name': 'SimpleImputer', 'strategy': 'mean'}. Best is trial 1 with value: 176.1013111414203.
[I 2023-12-12 15:24:19,758] Trial 86 finished with value: 182.94292220875246 and parameters: {'model_name': 'SimpleImputer', 'strategy': 'most_frequent'}. Best is trial 1 with value: 176.1013111414203.
[I 2023-12-12 15:24:20,014] Trial 92 finished with value: 182.94292220875246 and parameters: {'model_name': 'SimpleImputer', 'strategy': 'most_frequent'}. Best is trial 1 with value: 176.1013111414203.
[I 2023-12-12 15:24:20,197] Trial 88 finished with value: 182.94292220875246 and parameters: {'model_name': 'SimpleImputer', 'strategy': 'most_frequent'}. Best is trial 1 with value: 176.1013111414203.
[I 2023-12-12 15:24:20,458] Trial 125 finished with value: 176.1013111414203 and parameters: {'model_name': 'SimpleImputer', 'strategy': 'mean'}. Best is trial 1 with value: 176.1013111414203.
[I 2023-12-12 15:24:20,643] Trial 124 finished with value: 176.1013111414203 and parameters: {'model_name': 'SimpleImputer', 'strategy': 'mean'}. Best is trial 1 with value: 176.1013111414203.
[I 2023-12-12 15:24:20,898] Trial 128 finished with value: 176.1013111414203 and parameters: {'model_name': 'SimpleImputer', 'strategy': 'mean'}. Best is trial 1 with value: 176.1013111414203.
[I 2023-12-12 15:24:21,222] Trial 90 finished with value: 182.94292220875246 and parameters: {'model_name': 'SimpleImputer', 'strategy': 'most_frequent'}. Best is trial 1 with value: 176.1013111414203.
[I 2023-12-12 15:24:21,399] Trial 87 finished with value: 182.94292220875246 and parameters: {'model_name': 'SimpleImputer', 'strategy': 'most_frequent'}. Best is trial 1 with value: 176.1013111414203.
[I 2023-12-12 15:24:21,647] Trial 131 finished with value: 176.1013111414203 and parameters: {'model_name': 'SimpleImputer', 'strategy': 'mean'}. Best is trial 1 with value: 176.1013111414203.
[I 2023-12-12 15:24:21,846] Trial 136 finished with value: 176.1013111414203 and parameters: {'model_name': 'SimpleImputer', 'strategy': 'mean'}. Best is trial 1 with value: 176.1013111414203.
[I 2023-12-12 15:24:22,075] Trial 132 finished with value: 176.1013111414203 and parameters: {'model_name': 'SimpleImputer', 'strategy': 'mean'}. Best is trial 1 with value: 176.1013111414203.
[I 2023-12-12 15:24:22,304] Trial 129 finished with value: 176.1013111414203 and parameters: {'model_name': 'SimpleImputer', 'strategy': 'mean'}. Best is trial 1 with value: 176.1013111414203.
[I 2023-12-12 15:24:22,575] Trial 93 finished with value: 182.94292220875246 and parameters: {'model_name': 'SimpleImputer', 'strategy': 'most_frequent'}. Best is trial 1 with value: 176.1013111414203.
[I 2023-12-12 15:24:22,822] Trial 137 finished with value: 176.1013111414203 and parameters: {'model_name': 'SimpleImputer', 'strategy': 'mean'}. Best is trial 1 with value: 176.1013111414203.
[I 2023-12-12 15:24:23,064] Trial 134 finished with value: 176.1013111414203 and parameters: {'model_name': 'SimpleImputer', 'strategy': 'mean'}. Best is trial 1 with value: 176.1013111414203.
[I 2023-12-12 15:24:23,282] Trial 133 finished with value: 176.1013111414203 and parameters: {'model_name': 'SimpleImputer', 'strategy': 'mean'}. Best is trial 1 with value: 176.1013111414203.
[I 2023-12-12 15:24:23,557] Trial 135 finished with value: 176.1013111414203 and parameters: {'model_name': 'SimpleImputer', 'strategy': 'mean'}. Best is trial 1 with value: 176.1013111414203.
[I 2023-12-12 15:24:23,791] Trial 140 finished with value: 176.1013111414203 and parameters: {'model_name': 'SimpleImputer', 'strategy': 'mean'}. Best is trial 1 with value: 176.1013111414203.
[I 2023-12-12 15:24:24,027] Trial 138 finished with value: 176.1013111414203 and parameters: {'model_name': 'SimpleImputer', 'strategy': 'mean'}. Best is trial 1 with value: 176.1013111414203.
[I 2023-12-12 15:24:24,287] Trial 139 finished with value: 176.1013111414203 and parameters: {'model_name': 'SimpleImputer', 'strategy': 'mean'}. Best is trial 1 with value: 176.1013111414203.
[I 2023-12-12 15:24:24,546] Trial 141 finished with value: 176.1013111414203 and parameters: {'model_name': 'SimpleImputer', 'strategy': 'mean'}. Best is trial 1 with value: 176.1013111414203.
[I 2023-12-12 15:24:24,764] Trial 143 finished with value: 176.1013111414203 and parameters: {'model_name': 'SimpleImputer', 'strategy': 'mean'}. Best is trial 1 with value: 176.1013111414203.
[I 2023-12-12 15:24:24,998] Trial 91 finished with value: 182.94292220875246 and parameters: {'model_name': 'SimpleImputer', 'strategy': 'most_frequent'}. Best is trial 1 with value: 176.1013111414203.
[I 2023-12-12 15:24:25,240] Trial 142 finished with value: 176.1013111414203 and parameters: {'model_name': 'SimpleImputer', 'strategy': 'mean'}. Best is trial 1 with value: 176.1013111414203.
[I 2023-12-12 15:24:25,446] Trial 144 finished with value: 176.1013111414203 and parameters: {'model_name': 'SimpleImputer', 'strategy': 'mean'}. Best is trial 1 with value: 176.1013111414203.
[I 2023-12-12 15:24:25,728] Trial 148 finished with value: 176.1013111414203 and parameters: {'model_name': 'SimpleImputer', 'strategy': 'mean'}. Best is trial 1 with value: 176.1013111414203.
[I 2023-12-12 15:24:26,019] Trial 145 finished with value: 176.1013111414203 and parameters: {'model_name': 'SimpleImputer', 'strategy': 'mean'}. Best is trial 1 with value: 176.1013111414203.
[I 2023-12-12 15:24:26,241] Trial 146 finished with value: 176.1013111414203 and parameters: {'model_name': 'SimpleImputer', 'strategy': 'mean'}. Best is trial 1 with value: 176.1013111414203.
[I 2023-12-12 15:24:26,627] Trial 151 finished with value: 176.1013111414203 and parameters: {'model_name': 'SimpleImputer', 'strategy': 'mean'}. Best is trial 1 with value: 176.1013111414203.
[I 2023-12-12 15:24:26,872] Trial 160 finished with value: 176.1013111414203 and parameters: {'model_name': 'SimpleImputer', 'strategy': 'mean'}. Best is trial 1 with value: 176.1013111414203.
[I 2023-12-12 15:24:27,106] Trial 159 finished with value: 176.1013111414203 and parameters: {'model_name': 'SimpleImputer', 'strategy': 'mean'}. Best is trial 1 with value: 176.1013111414203.
[I 2023-12-12 15:24:27,374] Trial 153 finished with value: 176.1013111414203 and parameters: {'model_name': 'SimpleImputer', 'strategy': 'mean'}. Best is trial 1 with value: 176.1013111414203.
[I 2023-12-12 15:24:27,613] Trial 149 finished with value: 176.1013111414203 and parameters: {'model_name': 'SimpleImputer', 'strategy': 'mean'}. Best is trial 1 with value: 176.1013111414203.
[I 2023-12-12 15:24:27,876] Trial 150 finished with value: 176.1013111414203 and parameters: {'model_name': 'SimpleImputer', 'strategy': 'mean'}. Best is trial 1 with value: 176.1013111414203.
[I 2023-12-12 15:24:28,058] Trial 155 finished with value: 176.1013111414203 and parameters: {'model_name': 'SimpleImputer', 'strategy': 'mean'}. Best is trial 1 with value: 176.1013111414203.
[I 2023-12-12 15:24:28,257] Trial 152 finished with value: 176.1013111414203 and parameters: {'model_name': 'SimpleImputer', 'strategy': 'mean'}. Best is trial 1 with value: 176.1013111414203.
[I 2023-12-12 15:24:28,488] Trial 156 finished with value: 176.1013111414203 and parameters: {'model_name': 'SimpleImputer', 'strategy': 'mean'}. Best is trial 1 with value: 176.1013111414203.
[I 2023-12-12 15:24:28,761] Trial 147 finished with value: 176.1013111414203 and parameters: {'model_name': 'SimpleImputer', 'strategy': 'mean'}. Best is trial 1 with value: 176.1013111414203.
[I 2023-12-12 15:24:28,983] Trial 158 finished with value: 176.1013111414203 and parameters: {'model_name': 'SimpleImputer', 'strategy': 'mean'}. Best is trial 1 with value: 176.1013111414203.
[I 2023-12-12 15:24:29,205] Trial 162 finished with value: 176.1013111414203 and parameters: {'model_name': 'SimpleImputer', 'strategy': 'mean'}. Best is trial 1 with value: 176.1013111414203.
[I 2023-12-12 15:24:29,431] Trial 170 finished with value: 176.1013111414203 and parameters: {'model_name': 'SimpleImputer', 'strategy': 'mean'}. Best is trial 1 with value: 176.1013111414203.
[I 2023-12-12 15:24:29,876] Trial 154 finished with value: 176.1013111414203 and parameters: {'model_name': 'SimpleImputer', 'strategy': 'mean'}. Best is trial 1 with value: 176.1013111414203.
[I 2023-12-12 15:24:30,205] Trial 176 finished with value: 176.1013111414203 and parameters: {'model_name': 'SimpleImputer', 'strategy': 'mean'}. Best is trial 1 with value: 176.1013111414203.
[I 2023-12-12 15:24:30,393] Trial 161 finished with value: 176.1013111414203 and parameters: {'model_name': 'SimpleImputer', 'strategy': 'mean'}. Best is trial 1 with value: 176.1013111414203.
[I 2023-12-12 15:24:30,628] Trial 164 finished with value: 176.1013111414203 and parameters: {'model_name': 'SimpleImputer', 'strategy': 'mean'}. Best is trial 1 with value: 176.1013111414203.
[I 2023-12-12 15:24:30,850] Trial 169 finished with value: 176.1013111414203 and parameters: {'model_name': 'SimpleImputer', 'strategy': 'mean'}. Best is trial 1 with value: 176.1013111414203.
[I 2023-12-12 15:24:31,112] Trial 167 finished with value: 176.1013111414203 and parameters: {'model_name': 'SimpleImputer', 'strategy': 'mean'}. Best is trial 1 with value: 176.1013111414203.
[I 2023-12-12 15:24:31,348] Trial 182 finished with value: 182.94292220875246 and parameters: {'model_name': 'SimpleImputer', 'strategy': 'constant'}. Best is trial 1 with value: 176.1013111414203.
[I 2023-12-12 15:24:31,563] Trial 171 finished with value: 176.1013111414203 and parameters: {'model_name': 'SimpleImputer', 'strategy': 'mean'}. Best is trial 1 with value: 176.1013111414203.
[I 2023-12-12 15:24:31,855] Trial 177 finished with value: 176.1013111414203 and parameters: {'model_name': 'SimpleImputer', 'strategy': 'mean'}. Best is trial 1 with value: 176.1013111414203.
[I 2023-12-12 15:24:32,053] Trial 157 finished with value: 176.1013111414203 and parameters: {'model_name': 'SimpleImputer', 'strategy': 'mean'}. Best is trial 1 with value: 176.1013111414203.
[I 2023-12-12 15:24:32,255] Trial 173 finished with value: 176.1013111414203 and parameters: {'model_name': 'SimpleImputer', 'strategy': 'mean'}. Best is trial 1 with value: 176.1013111414203.
[I 2023-12-12 15:24:32,522] Trial 166 finished with value: 176.1013111414203 and parameters: {'model_name': 'SimpleImputer', 'strategy': 'mean'}. Best is trial 1 with value: 176.1013111414203.
[I 2023-12-12 15:24:32,793] Trial 174 finished with value: 176.1013111414203 and parameters: {'model_name': 'SimpleImputer', 'strategy': 'mean'}. Best is trial 1 with value: 176.1013111414203.
[I 2023-12-12 15:24:32,998] Trial 163 finished with value: 176.1013111414203 and parameters: {'model_name': 'SimpleImputer', 'strategy': 'mean'}. Best is trial 1 with value: 176.1013111414203.
[I 2023-12-12 15:24:33,185] Trial 175 finished with value: 176.1013111414203 and parameters: {'model_name': 'SimpleImputer', 'strategy': 'mean'}. Best is trial 1 with value: 176.1013111414203.
[I 2023-12-12 15:24:33,414] Trial 168 finished with value: 176.1013111414203 and parameters: {'model_name': 'SimpleImputer', 'strategy': 'mean'}. Best is trial 1 with value: 176.1013111414203.
[I 2023-12-12 15:24:33,647] Trial 181 finished with value: 182.94292220875246 and parameters: {'model_name': 'SimpleImputer', 'strategy': 'constant'}. Best is trial 1 with value: 176.1013111414203.
[I 2023-12-12 15:24:33,832] Trial 179 finished with value: 176.1013111414203 and parameters: {'model_name': 'SimpleImputer', 'strategy': 'mean'}. Best is trial 1 with value: 176.1013111414203.
[I 2023-12-12 15:24:34,066] Trial 188 finished with value: 182.94292220875246 and parameters: {'model_name': 'SimpleImputer', 'strategy': 'constant'}. Best is trial 1 with value: 176.1013111414203.
[I 2023-12-12 15:24:34,250] Trial 185 finished with value: 182.94292220875246 and parameters: {'model_name': 'SimpleImputer', 'strategy': 'constant'}. Best is trial 1 with value: 176.1013111414203.
[I 2023-12-12 15:24:34,442] Trial 187 finished with value: 182.94292220875246 and parameters: {'model_name': 'SimpleImputer', 'strategy': 'constant'}. Best is trial 1 with value: 176.1013111414203.
[I 2023-12-12 15:24:34,675] Trial 186 finished with value: 182.94292220875246 and parameters: {'model_name': 'SimpleImputer', 'strategy': 'constant'}. Best is trial 1 with value: 176.1013111414203.
[I 2023-12-12 15:24:34,851] Trial 184 finished with value: 176.1013111414203 and parameters: {'model_name': 'SimpleImputer', 'strategy': 'mean'}. Best is trial 1 with value: 176.1013111414203.
[I 2023-12-12 15:24:35,176] Trial 194 finished with value: 182.94292220875246 and parameters: {'model_name': 'SimpleImputer', 'strategy': 'constant'}. Best is trial 1 with value: 176.1013111414203.
[I 2023-12-12 15:24:35,422] Trial 195 finished with value: 182.94292220875246 and parameters: {'model_name': 'SimpleImputer', 'strategy': 'constant'}. Best is trial 1 with value: 176.1013111414203.
[I 2023-12-12 15:24:35,649] Trial 172 finished with value: 176.1013111414203 and parameters: {'model_name': 'SimpleImputer', 'strategy': 'mean'}. Best is trial 1 with value: 176.1013111414203.
[I 2023-12-12 15:24:35,877] Trial 189 finished with value: 182.94292220875246 and parameters: {'model_name': 'SimpleImputer', 'strategy': 'constant'}. Best is trial 1 with value: 176.1013111414203.
[I 2023-12-12 15:24:36,110] Trial 199 finished with value: 176.1013111414203 and parameters: {'model_name': 'SimpleImputer', 'strategy': 'mean'}. Best is trial 1 with value: 176.1013111414203.
[I 2023-12-12 15:24:36,335] Trial 192 finished with value: 176.1013111414203 and parameters: {'model_name': 'SimpleImputer', 'strategy': 'mean'}. Best is trial 1 with value: 176.1013111414203.
[I 2023-12-12 15:24:36,510] Trial 165 finished with value: 176.1013111414203 and parameters: {'model_name': 'SimpleImputer', 'strategy': 'mean'}. Best is trial 1 with value: 176.1013111414203.
[I 2023-12-12 15:24:36,514] Trial 197 finished with value: 182.94292220875246 and parameters: {'model_name': 'SimpleImputer', 'strategy': 'constant'}. Best is trial 1 with value: 176.1013111414203.
[I 2023-12-12 15:24:36,514] Trial 190 finished with value: 182.94292220875246 and parameters: {'model_name': 'SimpleImputer', 'strategy': 'constant'}. Best is trial 1 with value: 176.1013111414203.
[I 2023-12-12 15:24:36,516] Trial 178 finished with value: 176.1013111414203 and parameters: {'model_name': 'SimpleImputer', 'strategy': 'mean'}. Best is trial 1 with value: 176.1013111414203.
[I 2023-12-12 15:24:36,688] Trial 183 finished with value: 182.94292220875246 and parameters: {'model_name': 'SimpleImputer', 'strategy': 'constant'}. Best is trial 1 with value: 176.1013111414203.
[I 2023-12-12 15:24:37,278] Trial 191 finished with value: 182.94292220875246 and parameters: {'model_name': 'SimpleImputer', 'strategy': 'constant'}. Best is trial 1 with value: 176.1013111414203.
[I 2023-12-12 15:24:37,712] Trial 196 finished with value: 182.94292220875246 and parameters: {'model_name': 'SimpleImputer', 'strategy': 'constant'}. Best is trial 1 with value: 176.1013111414203.
[I 2023-12-12 15:24:37,896] Trial 180 finished with value: 176.1013111414203 and parameters: {'model_name': 'SimpleImputer', 'strategy': 'mean'}. Best is trial 1 with value: 176.1013111414203.
[I 2023-12-12 15:24:38,072] Trial 198 finished with value: 182.94292220875246 and parameters: {'model_name': 'SimpleImputer', 'strategy': 'constant'}. Best is trial 1 with value: 176.1013111414203.
[I 2023-12-12 15:24:38,295] Trial 193 finished with value: 176.1013111414203 and parameters: {'model_name': 'SimpleImputer', 'strategy': 'mean'}. Best is trial 1 with value: 176.1013111414203.
simple fit
failed on 
logs/30/tpot2_base_normal_MCAR_0.9
'AutoImputer' object has no attribute 'X'
Traceback (most recent call last):
  File "/common/ketrong/AutoImputeExp/tpot2_imputetest/Impute_Experiments/utils.py", line 326, in loop_through_tasks
    simple_impute = SimpleImputeSpace.transform(X_test_missing_p)
  File "/common/ketrong/AutoImputeExp/tpot2_imputetest/Impute_Experiments/autoimpute.py", line 72, in transform
    imputed = pd.DataFrame(imputed, columns=self.X.columns.values)
AttributeError: 'AutoImputer' object has no attribute 'X'

one dataset takes
0.017113325264718798
hours
DONE
