Run: 11
/cm/local/apps/slurm/var/spool/job694576/slurm_script: line 23: /common/ketrong/minconda3/etc/profile.d/conda.sh: No such file or directory
/cm/local/apps/slurm/var/spool/job694576/slurm_script: line 26: $'\nconda create --name tpot2devenv -c conda-forge python=3.10\n': command not found
/cm/local/apps/slurm/var/spool/job694576/slurm_script: line 31: $'\npip install -r requirements.txt\n': command not found
RunStart
2024-03-01 13:41:09.409718: I tensorflow/core/util/port.cc:113] oneDNN custom operations are on. You may see slightly different numerical results due to floating-point round-off errors from different computation orders. To turn them off, set the environment variable `TF_ENABLE_ONEDNN_OPTS=0`.
2024-03-01 13:41:09.444252: E external/local_xla/xla/stream_executor/cuda/cuda_dnn.cc:9261] Unable to register cuDNN factory: Attempting to register factory for plugin cuDNN when one has already been registered
2024-03-01 13:41:09.444273: E external/local_xla/xla/stream_executor/cuda/cuda_fft.cc:607] Unable to register cuFFT factory: Attempting to register factory for plugin cuFFT when one has already been registered
2024-03-01 13:41:09.445403: E external/local_xla/xla/stream_executor/cuda/cuda_blas.cc:1515] Unable to register cuBLAS factory: Attempting to register factory for plugin cuBLAS when one has already been registered
2024-03-01 13:41:09.450916: I tensorflow/core/platform/cpu_feature_guard.cc:182] This TensorFlow binary is optimized to use available CPU instructions in performance-critical operations.
To enable the following instructions: AVX2 AVX512F AVX512_VNNI FMA, in other operations, rebuild TensorFlow with the appropriate compiler flags.
2024-03-01 13:41:12.963549: W tensorflow/compiler/tf2tensorrt/utils/py_utils.cc:38] TF-TRT Warning: Could not find TensorRT
WARNING:tensorflow:From /home/ketrong/miniconda3/envs/tpot2devenv/lib/python3.10/site-packages/tensorflow/python/compat/v2_compat.py:108: disable_resource_variables (from tensorflow.python.ops.variable_scope) is deprecated and will be removed in a future version.
Instructions for updating:
non-resource variables are not supported in the long term
starting loops
working on 
logs/233211/tpot2_base_normal_MNAR_0.01
4.387609481811523
loading data
logs/233211/tpot2_base_normal_MNAR_0.01/data/233211_True.pkl
26492    16091
42492     1320
36501      945
24441    12696
40027     1110
         ...  
1771      3047
23330    11376
37741      997
17170     6856
33420      828
Name: price, Length: 48546, dtype: int64
         0   ...   25
0      1.51  ...  0.0
1      0.52  ...  0.0
2      0.33  ...  0.0
3      1.51  ...  0.0
4      0.48  ...  0.0
...     ...  ...  ...
48541  0.93  ...  0.0
48542  1.24  ...  0.0
48543  0.31  ...  1.0
48544  1.25  ...  0.0
48545  0.32  ...  1.0

[48546 rows x 26 columns]
        0   ...   25
0     0.26  ...  0.0
1     0.71  ...  0.0
2     0.31  ...  0.0
3     1.03  ...  0.0
4     1.20  ...  0.0
...    ...  ...  ...
5389  0.42  ...  0.0
5390  1.03  ...  0.0
5391  0.24  ...  0.0
5392  0.53  ...  0.0
5393  0.51  ...  1.0

[5394 rows x 26 columns]
failed on 
logs/233211/tpot2_base_normal_MNAR_0.01
f(a) and f(b) must have different signs
Traceback (most recent call last):
  File "/common/ketrong/AutoImputeExp/tpot2_imputetest/Impute_Experiments/utils.py", line 316, in loop_through_tasks
    X_train_missing_p, mask_train = add_missing(X_train_pandas, add_missing=level, missing_type=type)
  File "/common/ketrong/AutoImputeExp/tpot2_imputetest/Impute_Experiments/utils.py", line 493, in add_missing
    out = MNAR_mask_logistic(T, [add_missing])
  File "/common/ketrong/AutoImputeExp/tpot2_imputetest/Impute_Experiments/utils.py", line 605, in MNAR_mask_logistic
    intercepts[j] = optimize.bisect(f, -50, 50)
  File "/home/ketrong/miniconda3/envs/tpot2devenv/lib/python3.10/site-packages/scipy/optimize/_zeros_py.py", line 573, in bisect
    r = _zeros._bisect(f, a, b, xtol, rtol, maxiter, args, full_output, disp)
ValueError: f(a) and f(b) must have different signs

full run takes
0.001535627841949463
hours
DONE
