Run: 1
/cm/local/apps/slurm/var/spool/job716123/slurm_script: line 23: /common/ketrong/minconda3/etc/profile.d/conda.sh: No such file or directory
/cm/local/apps/slurm/var/spool/job716123/slurm_script: line 26: $'\nconda create --name tpot2devenv -c conda-forge python=3.10\n': command not found
/cm/local/apps/slurm/var/spool/job716123/slurm_script: line 31: $'\npip install -r requirements.txt\n': command not found
RunStart
2024-03-12 17:29:33.924188: I tensorflow/core/util/port.cc:113] oneDNN custom operations are on. You may see slightly different numerical results due to floating-point round-off errors from different computation orders. To turn them off, set the environment variable `TF_ENABLE_ONEDNN_OPTS=0`.
2024-03-12 17:29:33.961638: E external/local_xla/xla/stream_executor/cuda/cuda_dnn.cc:9261] Unable to register cuDNN factory: Attempting to register factory for plugin cuDNN when one has already been registered
2024-03-12 17:29:33.961660: E external/local_xla/xla/stream_executor/cuda/cuda_fft.cc:607] Unable to register cuFFT factory: Attempting to register factory for plugin cuFFT when one has already been registered
2024-03-12 17:29:33.963135: E external/local_xla/xla/stream_executor/cuda/cuda_blas.cc:1515] Unable to register cuBLAS factory: Attempting to register factory for plugin cuBLAS when one has already been registered
2024-03-12 17:29:33.969414: I tensorflow/core/platform/cpu_feature_guard.cc:182] This TensorFlow binary is optimized to use available CPU instructions in performance-critical operations.
To enable the following instructions: AVX2 AVX512F AVX512_VNNI FMA, in other operations, rebuild TensorFlow with the appropriate compiler flags.
2024-03-12 17:29:49.613530: W tensorflow/compiler/tf2tensorrt/utils/py_utils.cc:38] TF-TRT Warning: Could not find TensorRT
WARNING:tensorflow:From /home/ketrong/miniconda3/envs/tpot2devenv/lib/python3.10/site-packages/tensorflow/python/compat/v2_compat.py:108: disable_resource_variables (from tensorflow.python.ops.variable_scope) is deprecated and will be removed in a future version.
Instructions for updating:
non-resource variables are not supported in the long term
starting loops
[('MultinomialNB_1', 'SimpleImputer_1')]
<class 'tpot2.graphsklearn.GraphPipeline'>
loading data
/common/ketrong/AutoImputeExp/tpot2_imputetest/Impute_Experiments/logs/146204/tpot2_base_normal_MAR_0.01/data/146204_True.pkl
fitting
try transform
transform worked
0.510176806316605
[('MultinomialNB_1', 'SimpleImputer_1')]
<class 'tpot2.graphsklearn.GraphPipeline'>
loading data
/common/ketrong/AutoImputeExp/tpot2_imputetest/Impute_Experiments/logs/146204/tpot2_base_normal_MAR_0.1/data/146204_True.pkl
fitting
try transform
transform worked
0.48225141291596757
[('LogisticRegression_1', 'SimpleImputer_1')]
<class 'tpot2.graphsklearn.GraphPipeline'>
loading data
/common/ketrong/AutoImputeExp/tpot2_imputetest/Impute_Experiments/logs/146204/tpot2_base_normal_MAR_0.3/data/146204_True.pkl
fitting
try transform
transform worked
0.4927335430897593
[('LogisticRegression_1', 'SimpleImputer_1')]
<class 'tpot2.graphsklearn.GraphPipeline'>
loading data
/common/ketrong/AutoImputeExp/tpot2_imputetest/Impute_Experiments/logs/146204/tpot2_base_normal_MAR_0.5/data/146204_True.pkl
fitting
try transform
transform worked
0.4840800806519983
[('LogisticRegression_1', 'SimpleImputer_1')]
<class 'tpot2.graphsklearn.GraphPipeline'>
loading data
/common/ketrong/AutoImputeExp/tpot2_imputetest/Impute_Experiments/logs/146204/tpot2_base_normal_MAR_0.9/data/146204_True.pkl
fitting
try transform
transform worked
0.4843932699839914
146204MCAR_0.01/ failed
[('SVC_1', 'SimpleImputer_1')]
<class 'tpot2.graphsklearn.GraphPipeline'>
loading data
/common/ketrong/AutoImputeExp/tpot2_imputetest/Impute_Experiments/logs/146204/tpot2_base_normal_MCAR_0.1/data/146204_True.pkl
fitting
try transform
transform worked
0.48630393932129923
[('XGBClassifier_1', 'SimpleImputer_1')]
<class 'tpot2.graphsklearn.GraphPipeline'>
loading data
/common/ketrong/AutoImputeExp/tpot2_imputetest/Impute_Experiments/logs/146204/tpot2_base_normal_MCAR_0.3/data/146204_True.pkl
fitting
try transform
transform worked
0.4867143770647633
[('XGBClassifier_1', 'SimpleImputer_1')]
<class 'tpot2.graphsklearn.GraphPipeline'>
loading data
/common/ketrong/AutoImputeExp/tpot2_imputetest/Impute_Experiments/logs/146204/tpot2_base_normal_MCAR_0.5/data/146204_True.pkl
fitting
try transform
transform worked
0.48749618691168006
[('LogisticRegression_1', 'SimpleImputer_1')]
<class 'tpot2.graphsklearn.GraphPipeline'>
loading data
/common/ketrong/AutoImputeExp/tpot2_imputetest/Impute_Experiments/logs/146204/tpot2_base_normal_MCAR_0.9/data/146204_True.pkl
fitting
try transform
transform worked
0.4879486201139731
[('SVC_1', 'SimpleImputer_1')]
<class 'tpot2.graphsklearn.GraphPipeline'>
loading data
/common/ketrong/AutoImputeExp/tpot2_imputetest/Impute_Experiments/logs/146204/tpot2_base_normal_MNAR_0.01/data/146204_True.pkl
fitting
try transform
transform worked
0.48775639755482514
[('MultinomialNB_1', 'SimpleImputer_1')]
<class 'tpot2.graphsklearn.GraphPipeline'>
loading data
/common/ketrong/AutoImputeExp/tpot2_imputetest/Impute_Experiments/logs/146204/tpot2_base_normal_MNAR_0.1/data/146204_True.pkl
fitting
try transform
transform worked
0.4891435605212295
[('XGBClassifier_1', 'SimpleImputer_1')]
<class 'tpot2.graphsklearn.GraphPipeline'>
loading data
/common/ketrong/AutoImputeExp/tpot2_imputetest/Impute_Experiments/logs/146204/tpot2_base_normal_MNAR_0.3/data/146204_True.pkl
fitting
try transform
transform worked
0.48648993783236355
[('GradientBoostingClassifier_1', 'SimpleImputer_1')]
<class 'tpot2.graphsklearn.GraphPipeline'>
loading data
/common/ketrong/AutoImputeExp/tpot2_imputetest/Impute_Experiments/logs/146204/tpot2_base_normal_MNAR_0.5/data/146204_True.pkl
fitting
try transform
transform worked
0.4859190583951134
[('XGBClassifier_1', 'SimpleImputer_1')]
<class 'tpot2.graphsklearn.GraphPipeline'>
loading data
/common/ketrong/AutoImputeExp/tpot2_imputetest/Impute_Experiments/logs/146204/tpot2_base_normal_MNAR_0.9/data/146204_True.pkl
fitting
try transform
transform worked
0.48771929414168314
[('MultinomialNB_1', 'RandomForestImputer_1')]
<class 'tpot2.graphsklearn.GraphPipeline'>
loading data
/common/ketrong/AutoImputeExp/tpot2_imputetest/Impute_Experiments/logs/146204/tpot2_base_imputation_MAR_0.01/data/146204_True.pkl
fitting
try transform
146204MAR_0.01/ failed
[('SVC_1', 'IterativeImputer_1')]
<class 'tpot2.graphsklearn.GraphPipeline'>
loading data
/common/ketrong/AutoImputeExp/tpot2_imputetest/Impute_Experiments/logs/146204/tpot2_base_imputation_MAR_0.1/data/146204_True.pkl
fitting
try transform
transform worked
0.09258913557911061
[('SVC_1', 'IterativeImputer_1')]
<class 'tpot2.graphsklearn.GraphPipeline'>
loading data
/common/ketrong/AutoImputeExp/tpot2_imputetest/Impute_Experiments/logs/146204/tpot2_base_imputation_MAR_0.3/data/146204_True.pkl
fitting
try transform
transform worked
0.3112184790549034
[('LogisticRegression_1', 'IterativeImputer_1')]
<class 'tpot2.graphsklearn.GraphPipeline'>
loading data
/common/ketrong/AutoImputeExp/tpot2_imputetest/Impute_Experiments/logs/146204/tpot2_base_imputation_MAR_0.5/data/146204_True.pkl
fitting
try transform
transform worked
0.23336821818693076
[('LogisticRegression_1', 'IterativeImputer_1')]
<class 'tpot2.graphsklearn.GraphPipeline'>
loading data
/common/ketrong/AutoImputeExp/tpot2_imputetest/Impute_Experiments/logs/146204/tpot2_base_imputation_MAR_0.9/data/146204_True.pkl
fitting
try transform
transform worked
0.3192850856472098
146204MCAR_0.01/ failed
[('MultinomialNB_1', 'KNNImputer_1')]
<class 'tpot2.graphsklearn.GraphPipeline'>
loading data
/common/ketrong/AutoImputeExp/tpot2_imputetest/Impute_Experiments/logs/146204/tpot2_base_imputation_MCAR_0.1/data/146204_True.pkl
fitting
try transform
transform worked
0.3804938064672301
[('ExtraTreesClassifier_1', 'IterativeImputer_1')]
<class 'tpot2.graphsklearn.GraphPipeline'>
loading data
/common/ketrong/AutoImputeExp/tpot2_imputetest/Impute_Experiments/logs/146204/tpot2_base_imputation_MCAR_0.3/data/146204_True.pkl
fitting
try transform
transform worked
0.2684312194315518
[('SVC_1', 'IterativeImputer_1')]
<class 'tpot2.graphsklearn.GraphPipeline'>
loading data
/common/ketrong/AutoImputeExp/tpot2_imputetest/Impute_Experiments/logs/146204/tpot2_base_imputation_MCAR_0.5/data/146204_True.pkl
fitting
try transform
transform worked
0.3426748858327979
[('MLPClassifier_1', 'SimpleImputer_1')]
<class 'tpot2.graphsklearn.GraphPipeline'>
loading data
/common/ketrong/AutoImputeExp/tpot2_imputetest/Impute_Experiments/logs/146204/tpot2_base_imputation_MCAR_0.9/data/146204_True.pkl
fitting
try transform
transform worked
0.4874415207063656
[('MultinomialNB_1', 'KNNImputer_1')]
<class 'tpot2.graphsklearn.GraphPipeline'>
loading data
/common/ketrong/AutoImputeExp/tpot2_imputetest/Impute_Experiments/logs/146204/tpot2_base_imputation_MNAR_0.01/data/146204_True.pkl
fitting
try transform
transform worked
0.40737166119963825
[('MultinomialNB_1', 'RandomForestImputer_1')]
<class 'tpot2.graphsklearn.GraphPipeline'>
loading data
/common/ketrong/AutoImputeExp/tpot2_imputetest/Impute_Experiments/logs/146204/tpot2_base_imputation_MNAR_0.1/data/146204_True.pkl
fitting
try transform
146204MNAR_0.1/ failed
[('LogisticRegression_1', 'IterativeImputer_1')]
<class 'tpot2.graphsklearn.GraphPipeline'>
loading data
/common/ketrong/AutoImputeExp/tpot2_imputetest/Impute_Experiments/logs/146204/tpot2_base_imputation_MNAR_0.3/data/146204_True.pkl
fitting
try transform
transform worked
0.26191179383040525
[('XGBClassifier_1', 'IterativeImputer_1')]
<class 'tpot2.graphsklearn.GraphPipeline'>
loading data
/common/ketrong/AutoImputeExp/tpot2_imputetest/Impute_Experiments/logs/146204/tpot2_base_imputation_MNAR_0.5/data/146204_True.pkl
fitting
try transform
transform worked
0.5323844606602032
[('ExtraTreesClassifier_1', 'IterativeImputer_1')]
<class 'tpot2.graphsklearn.GraphPipeline'>
loading data
/common/ketrong/AutoImputeExp/tpot2_imputetest/Impute_Experiments/logs/146204/tpot2_base_imputation_MNAR_0.9/data/146204_True.pkl
fitting
try transform
transform worked
0.4627369561214929
146204 Complete
[('RandomForestClassifier_1', 'SimpleImputer_1')]
<class 'tpot2.graphsklearn.GraphPipeline'>
loading data
/common/ketrong/AutoImputeExp/tpot2_imputetest/Impute_Experiments/logs/146212/tpot2_base_normal_MAR_0.01/data/146212_True.pkl
fitting
try transform
transform worked
44.099658269562
[('RandomForestClassifier_1', 'SimpleImputer_1')]
<class 'tpot2.graphsklearn.GraphPipeline'>
loading data
/common/ketrong/AutoImputeExp/tpot2_imputetest/Impute_Experiments/logs/146212/tpot2_base_normal_MAR_0.1/data/146212_True.pkl
fitting
try transform
transform worked
15.751057015879084
[('RandomForestClassifier_1', 'SimpleImputer_1')]
<class 'tpot2.graphsklearn.GraphPipeline'>
loading data
/common/ketrong/AutoImputeExp/tpot2_imputetest/Impute_Experiments/logs/146212/tpot2_base_normal_MAR_0.3/data/146212_True.pkl
fitting
try transform
transform worked
27.724544945883878
[('RandomForestClassifier_1', 'SimpleImputer_1')]
<class 'tpot2.graphsklearn.GraphPipeline'>
loading data
/common/ketrong/AutoImputeExp/tpot2_imputetest/Impute_Experiments/logs/146212/tpot2_base_normal_MAR_0.5/data/146212_True.pkl
fitting
try transform
transform worked
16.666770639350688
[('RandomForestClassifier_1', 'SimpleImputer_1')]
<class 'tpot2.graphsklearn.GraphPipeline'>
loading data
/common/ketrong/AutoImputeExp/tpot2_imputetest/Impute_Experiments/logs/146212/tpot2_base_normal_MAR_0.9/data/146212_True.pkl
fitting
try transform
transform worked
122.89047387420811
[('RandomForestClassifier_1', 'SimpleImputer_1')]
<class 'tpot2.graphsklearn.GraphPipeline'>
loading data
/common/ketrong/AutoImputeExp/tpot2_imputetest/Impute_Experiments/logs/146212/tpot2_base_normal_MCAR_0.01/data/146212_True.pkl
fitting
try transform
transform worked
18.227649080757395
[('RandomForestClassifier_1', 'SimpleImputer_1')]
<class 'tpot2.graphsklearn.GraphPipeline'>
loading data
/common/ketrong/AutoImputeExp/tpot2_imputetest/Impute_Experiments/logs/146212/tpot2_base_normal_MCAR_0.1/data/146212_True.pkl
fitting
try transform
transform worked
35.29210295557211
[('RandomForestClassifier_1', 'SimpleImputer_1')]
<class 'tpot2.graphsklearn.GraphPipeline'>
loading data
/common/ketrong/AutoImputeExp/tpot2_imputetest/Impute_Experiments/logs/146212/tpot2_base_normal_MCAR_0.3/data/146212_True.pkl
fitting
try transform
transform worked
102.76850802784158
[('RandomForestClassifier_1', 'SimpleImputer_1')]
<class 'tpot2.graphsklearn.GraphPipeline'>
loading data
/common/ketrong/AutoImputeExp/tpot2_imputetest/Impute_Experiments/logs/146212/tpot2_base_normal_MCAR_0.5/data/146212_True.pkl
fitting
try transform
transform worked
79.7517465834906
[('ExtraTreesClassifier_1', 'SimpleImputer_1')]
<class 'tpot2.graphsklearn.GraphPipeline'>
loading data
/common/ketrong/AutoImputeExp/tpot2_imputetest/Impute_Experiments/logs/146212/tpot2_base_normal_MCAR_0.9/data/146212_True.pkl
fitting
try transform
transform worked
104.3710719821967
[('RandomForestClassifier_1', 'SimpleImputer_1')]
<class 'tpot2.graphsklearn.GraphPipeline'>
loading data
/common/ketrong/AutoImputeExp/tpot2_imputetest/Impute_Experiments/logs/146212/tpot2_base_normal_MNAR_0.01/data/146212_True.pkl
fitting
try transform
transform worked
44.14577375996812
[('RandomForestClassifier_1', 'SimpleImputer_1')]
<class 'tpot2.graphsklearn.GraphPipeline'>
loading data
/common/ketrong/AutoImputeExp/tpot2_imputetest/Impute_Experiments/logs/146212/tpot2_base_normal_MNAR_0.1/data/146212_True.pkl
fitting
try transform
transform worked
249.98222520157705
[('RandomForestClassifier_1', 'SimpleImputer_1')]
<class 'tpot2.graphsklearn.GraphPipeline'>
loading data
/common/ketrong/AutoImputeExp/tpot2_imputetest/Impute_Experiments/logs/146212/tpot2_base_normal_MNAR_0.3/data/146212_True.pkl
fitting
try transform
transform worked
123.72445904925492
[('RandomForestClassifier_1', 'SimpleImputer_1')]
<class 'tpot2.graphsklearn.GraphPipeline'>
loading data
/common/ketrong/AutoImputeExp/tpot2_imputetest/Impute_Experiments/logs/146212/tpot2_base_normal_MNAR_0.5/data/146212_True.pkl
fitting
try transform
transform worked
26.8711255516813
[('ExtraTreesClassifier_1', 'SimpleImputer_1')]
<class 'tpot2.graphsklearn.GraphPipeline'>
loading data
/common/ketrong/AutoImputeExp/tpot2_imputetest/Impute_Experiments/logs/146212/tpot2_base_normal_MNAR_0.9/data/146212_True.pkl
fitting
try transform
transform worked
93.29481243003312
[('RandomForestClassifier_1', 'KNNImputer_1')]
<class 'tpot2.graphsklearn.GraphPipeline'>
loading data
/common/ketrong/AutoImputeExp/tpot2_imputetest/Impute_Experiments/logs/146212/tpot2_base_imputation_MAR_0.01/data/146212_True.pkl
fitting
try transform
transform worked
60.214470926518764
[('RandomForestClassifier_1', 'IterativeImputer_1')]
<class 'tpot2.graphsklearn.GraphPipeline'>
loading data
/common/ketrong/AutoImputeExp/tpot2_imputetest/Impute_Experiments/logs/146212/tpot2_base_imputation_MAR_0.1/data/146212_True.pkl
fitting
try transform
transform worked
37.93793859164067
[('RandomForestClassifier_1', 'SimpleImputer_1')]
<class 'tpot2.graphsklearn.GraphPipeline'>
loading data
/common/ketrong/AutoImputeExp/tpot2_imputetest/Impute_Experiments/logs/146212/tpot2_base_imputation_MAR_0.3/data/146212_True.pkl
fitting
try transform
transform worked
146.34013320857787
[('RandomForestClassifier_1', 'SimpleImputer_1')]
<class 'tpot2.graphsklearn.GraphPipeline'>
loading data
/common/ketrong/AutoImputeExp/tpot2_imputetest/Impute_Experiments/logs/146212/tpot2_base_imputation_MAR_0.5/data/146212_True.pkl
fitting
try transform
transform worked
29.23630573544165
[('ExtraTreesClassifier_1', 'IterativeImputer_1')]
<class 'tpot2.graphsklearn.GraphPipeline'>
loading data
/common/ketrong/AutoImputeExp/tpot2_imputetest/Impute_Experiments/logs/146212/tpot2_base_imputation_MAR_0.9/data/146212_True.pkl
fitting
try transform
transform worked
126.35889789360206
[('RandomForestClassifier_1', 'KNNImputer_1')]
<class 'tpot2.graphsklearn.GraphPipeline'>
loading data
/common/ketrong/AutoImputeExp/tpot2_imputetest/Impute_Experiments/logs/146212/tpot2_base_imputation_MCAR_0.01/data/146212_True.pkl
fitting
try transform
transform worked
9.206325618627181
[('RandomForestClassifier_1', 'RandomForestImputer_1')]
<class 'tpot2.graphsklearn.GraphPipeline'>
loading data
/common/ketrong/AutoImputeExp/tpot2_imputetest/Impute_Experiments/logs/146212/tpot2_base_imputation_MCAR_0.1/data/146212_True.pkl
fitting
try transform
146212MCAR_0.1/ failed
[('RandomForestClassifier_1', 'SimpleImputer_1')]
<class 'tpot2.graphsklearn.GraphPipeline'>
loading data
/common/ketrong/AutoImputeExp/tpot2_imputetest/Impute_Experiments/logs/146212/tpot2_base_imputation_MCAR_0.3/data/146212_True.pkl
fitting
try transform
transform worked
23.078219420545654
[('RandomForestClassifier_1', 'SimpleImputer_1')]
<class 'tpot2.graphsklearn.GraphPipeline'>
loading data
/common/ketrong/AutoImputeExp/tpot2_imputetest/Impute_Experiments/logs/146212/tpot2_base_imputation_MCAR_0.5/data/146212_True.pkl
fitting
try transform
transform worked
113.2374831507551
[('RandomForestClassifier_1', 'IterativeImputer_1')]
<class 'tpot2.graphsklearn.GraphPipeline'>
loading data
/common/ketrong/AutoImputeExp/tpot2_imputetest/Impute_Experiments/logs/146212/tpot2_base_imputation_MCAR_0.9/data/146212_True.pkl
fitting
try transform
transform worked
111.42760219463628
[('RandomForestClassifier_1', 'KNNImputer_1')]
<class 'tpot2.graphsklearn.GraphPipeline'>
loading data
/common/ketrong/AutoImputeExp/tpot2_imputetest/Impute_Experiments/logs/146212/tpot2_base_imputation_MNAR_0.01/data/146212_True.pkl
fitting
try transform
transform worked
9.555892326769529
[('RandomForestClassifier_1', 'IterativeImputer_1')]
<class 'tpot2.graphsklearn.GraphPipeline'>
loading data
/common/ketrong/AutoImputeExp/tpot2_imputetest/Impute_Experiments/logs/146212/tpot2_base_imputation_MNAR_0.1/data/146212_True.pkl
fitting
try transform
transform worked
217.79307221607553
[('RandomForestClassifier_1', 'SimpleImputer_1')]
<class 'tpot2.graphsklearn.GraphPipeline'>
loading data
/common/ketrong/AutoImputeExp/tpot2_imputetest/Impute_Experiments/logs/146212/tpot2_base_imputation_MNAR_0.3/data/146212_True.pkl
fitting
try transform
transform worked
100.05575552570645
[('ExtraTreesClassifier_1', 'SimpleImputer_1')]
<class 'tpot2.graphsklearn.GraphPipeline'>
loading data
/common/ketrong/AutoImputeExp/tpot2_imputetest/Impute_Experiments/logs/146212/tpot2_base_imputation_MNAR_0.5/data/146212_True.pkl
fitting
try transform
transform worked
95.35441777880709
[('RandomForestClassifier_1', 'SimpleImputer_1')]
<class 'tpot2.graphsklearn.GraphPipeline'>
loading data
/common/ketrong/AutoImputeExp/tpot2_imputetest/Impute_Experiments/logs/146212/tpot2_base_imputation_MNAR_0.9/data/146212_True.pkl
fitting
try transform
transform worked
92.97460615781462
146212 Complete
[('GradientBoostingClassifier_1', 'SimpleImputer_1')]
<class 'tpot2.graphsklearn.GraphPipeline'>
loading data
/common/ketrong/AutoImputeExp/tpot2_imputetest/Impute_Experiments/logs/167141/tpot2_base_normal_MAR_0.01/data/167141_True.pkl
fitting
try transform
transform worked
461.18468561957974
[('XGBClassifier_1', 'SimpleImputer_1')]
<class 'tpot2.graphsklearn.GraphPipeline'>
loading data
/common/ketrong/AutoImputeExp/tpot2_imputetest/Impute_Experiments/logs/167141/tpot2_base_normal_MAR_0.1/data/167141_True.pkl
fitting
try transform
transform worked
367.9115869597427
[('GradientBoostingClassifier_1', 'SimpleImputer_1')]
<class 'tpot2.graphsklearn.GraphPipeline'>
loading data
/common/ketrong/AutoImputeExp/tpot2_imputetest/Impute_Experiments/logs/167141/tpot2_base_normal_MAR_0.3/data/167141_True.pkl
fitting
try transform
transform worked
16.08096088458573
[('GradientBoostingClassifier_1', 'SimpleImputer_1')]
<class 'tpot2.graphsklearn.GraphPipeline'>
loading data
/common/ketrong/AutoImputeExp/tpot2_imputetest/Impute_Experiments/logs/167141/tpot2_base_normal_MAR_0.5/data/167141_True.pkl
fitting
try transform
transform worked
12.142837371918262
[('RandomForestClassifier_1', 'SimpleImputer_1')]
<class 'tpot2.graphsklearn.GraphPipeline'>
loading data
/common/ketrong/AutoImputeExp/tpot2_imputetest/Impute_Experiments/logs/167141/tpot2_base_normal_MAR_0.9/data/167141_True.pkl
fitting
try transform
transform worked
79.10250944195035
[('GradientBoostingClassifier_1', 'SimpleImputer_1')]
<class 'tpot2.graphsklearn.GraphPipeline'>
loading data
/common/ketrong/AutoImputeExp/tpot2_imputetest/Impute_Experiments/logs/167141/tpot2_base_normal_MCAR_0.01/data/167141_True.pkl
fitting
try transform
transform worked
325.2040560194709
[('GradientBoostingClassifier_1', 'SimpleImputer_1')]
<class 'tpot2.graphsklearn.GraphPipeline'>
loading data
/common/ketrong/AutoImputeExp/tpot2_imputetest/Impute_Experiments/logs/167141/tpot2_base_normal_MCAR_0.1/data/167141_True.pkl
fitting
try transform
transform worked
293.2959393464309
[('GradientBoostingClassifier_1', 'SimpleImputer_1')]
<class 'tpot2.graphsklearn.GraphPipeline'>
loading data
/common/ketrong/AutoImputeExp/tpot2_imputetest/Impute_Experiments/logs/167141/tpot2_base_normal_MCAR_0.3/data/167141_True.pkl
fitting
try transform
transform worked
267.2948711456807
[('GradientBoostingClassifier_1', 'SimpleImputer_1')]
<class 'tpot2.graphsklearn.GraphPipeline'>
loading data
/common/ketrong/AutoImputeExp/tpot2_imputetest/Impute_Experiments/logs/167141/tpot2_base_normal_MCAR_0.5/data/167141_True.pkl
fitting
try transform
transform worked
265.85301269618714
[('GradientBoostingClassifier_1', 'SimpleImputer_1')]
<class 'tpot2.graphsklearn.GraphPipeline'>
loading data
/common/ketrong/AutoImputeExp/tpot2_imputetest/Impute_Experiments/logs/167141/tpot2_base_normal_MCAR_0.9/data/167141_True.pkl
fitting
try transform
transform worked
258.8755002865926
[('GradientBoostingClassifier_1', 'SimpleImputer_1')]
<class 'tpot2.graphsklearn.GraphPipeline'>
loading data
/common/ketrong/AutoImputeExp/tpot2_imputetest/Impute_Experiments/logs/167141/tpot2_base_normal_MNAR_0.01/data/167141_True.pkl
fitting
try transform
transform worked
379.5013812920243
[('GradientBoostingClassifier_1', 'SimpleImputer_1')]
<class 'tpot2.graphsklearn.GraphPipeline'>
loading data
/common/ketrong/AutoImputeExp/tpot2_imputetest/Impute_Experiments/logs/167141/tpot2_base_normal_MNAR_0.1/data/167141_True.pkl
fitting
try transform
transform worked
242.6005170679473
[('GradientBoostingClassifier_1', 'SimpleImputer_1')]
<class 'tpot2.graphsklearn.GraphPipeline'>
loading data
/common/ketrong/AutoImputeExp/tpot2_imputetest/Impute_Experiments/logs/167141/tpot2_base_normal_MNAR_0.3/data/167141_True.pkl
fitting
try transform
transform worked
261.1618705782081
[('GradientBoostingClassifier_1', 'SimpleImputer_1')]
<class 'tpot2.graphsklearn.GraphPipeline'>
loading data
/common/ketrong/AutoImputeExp/tpot2_imputetest/Impute_Experiments/logs/167141/tpot2_base_normal_MNAR_0.5/data/167141_True.pkl
fitting
try transform
transform worked
264.8636103273832
[('GradientBoostingClassifier_1', 'SimpleImputer_1')]
<class 'tpot2.graphsklearn.GraphPipeline'>
loading data
/common/ketrong/AutoImputeExp/tpot2_imputetest/Impute_Experiments/logs/167141/tpot2_base_normal_MNAR_0.9/data/167141_True.pkl
fitting
try transform
transform worked
261.91241166032535
[('XGBClassifier_1', 'RandomForestImputer_1')]
<class 'tpot2.graphsklearn.GraphPipeline'>
loading data
/common/ketrong/AutoImputeExp/tpot2_imputetest/Impute_Experiments/logs/167141/tpot2_base_imputation_MAR_0.01/data/167141_True.pkl
fitting
try transform
167141MAR_0.01/ failed
[('GradientBoostingClassifier_1', 'GAINImputer_1')]
<class 'tpot2.graphsklearn.GraphPipeline'>
loading data
/common/ketrong/AutoImputeExp/tpot2_imputetest/Impute_Experiments/logs/167141/tpot2_base_imputation_MAR_0.1/data/167141_True.pkl
fitting
2024-03-12 17:48:28.411266: E external/local_xla/xla/stream_executor/cuda/cuda_driver.cc:274] failed call to cuInit: CUDA_ERROR_NO_DEVICE: no CUDA-capable device is detected
2024-03-12 17:48:28.420335: I tensorflow/compiler/mlir/mlir_graph_optimization_pass.cc:388] MLIR V1 optimization pass is not enabled
167141MAR_0.1/ failed
[('GradientBoostingClassifier_1', 'IterativeImputer_1')]
<class 'tpot2.graphsklearn.GraphPipeline'>
loading data
/common/ketrong/AutoImputeExp/tpot2_imputetest/Impute_Experiments/logs/167141/tpot2_base_imputation_MAR_0.3/data/167141_True.pkl
fitting
try transform
transform worked
342.6420336150915
[('GradientBoostingClassifier_1', 'IterativeImputer_1')]
<class 'tpot2.graphsklearn.GraphPipeline'>
loading data
/common/ketrong/AutoImputeExp/tpot2_imputetest/Impute_Experiments/logs/167141/tpot2_base_imputation_MAR_0.5/data/167141_True.pkl
fitting
try transform
transform worked
39.23408465711726
[('ExtraTreesClassifier_1', 'IterativeImputer_1')]
<class 'tpot2.graphsklearn.GraphPipeline'>
loading data
/common/ketrong/AutoImputeExp/tpot2_imputetest/Impute_Experiments/logs/167141/tpot2_base_imputation_MAR_0.9/data/167141_True.pkl
fitting
try transform
transform worked
367.43260685519533
[('GradientBoostingClassifier_1', 'IterativeImputer_1')]
<class 'tpot2.graphsklearn.GraphPipeline'>
loading data
/common/ketrong/AutoImputeExp/tpot2_imputetest/Impute_Experiments/logs/167141/tpot2_base_imputation_MCAR_0.01/data/167141_True.pkl
fitting
try transform
transform worked
245.47231222077707
[('GradientBoostingClassifier_1', 'SimpleImputer_1')]
<class 'tpot2.graphsklearn.GraphPipeline'>
loading data
/common/ketrong/AutoImputeExp/tpot2_imputetest/Impute_Experiments/logs/167141/tpot2_base_imputation_MCAR_0.1/data/167141_True.pkl
fitting
try transform
transform worked
226.16815537609767
[('GradientBoostingClassifier_1', 'IterativeImputer_1')]
<class 'tpot2.graphsklearn.GraphPipeline'>
loading data
/common/ketrong/AutoImputeExp/tpot2_imputetest/Impute_Experiments/logs/167141/tpot2_base_imputation_MCAR_0.3/data/167141_True.pkl
fitting
try transform
transform worked
251.89191845876826
[('ExtraTreesClassifier_1', 'IterativeImputer_1')]
<class 'tpot2.graphsklearn.GraphPipeline'>
loading data
/common/ketrong/AutoImputeExp/tpot2_imputetest/Impute_Experiments/logs/167141/tpot2_base_imputation_MCAR_0.5/data/167141_True.pkl
fitting
try transform
transform worked
262.55876787981174
[('GradientBoostingClassifier_1', 'IterativeImputer_1')]
<class 'tpot2.graphsklearn.GraphPipeline'>
loading data
/common/ketrong/AutoImputeExp/tpot2_imputetest/Impute_Experiments/logs/167141/tpot2_base_imputation_MCAR_0.9/data/167141_True.pkl
fitting
try transform
transform worked
264.1184830208882
[('GradientBoostingClassifier_1', 'RandomForestImputer_1')]
<class 'tpot2.graphsklearn.GraphPipeline'>
loading data
/common/ketrong/AutoImputeExp/tpot2_imputetest/Impute_Experiments/logs/167141/tpot2_base_imputation_MNAR_0.01/data/167141_True.pkl
fitting
try transform
167141MNAR_0.01/ failed
[('ExtraTreesClassifier_1', 'IterativeImputer_1')]
<class 'tpot2.graphsklearn.GraphPipeline'>
loading data
/common/ketrong/AutoImputeExp/tpot2_imputetest/Impute_Experiments/logs/167141/tpot2_base_imputation_MNAR_0.1/data/167141_True.pkl
fitting
try transform
transform worked
248.33097620744397
[('XGBClassifier_1', 'IterativeImputer_1')]
<class 'tpot2.graphsklearn.GraphPipeline'>
loading data
/common/ketrong/AutoImputeExp/tpot2_imputetest/Impute_Experiments/logs/167141/tpot2_base_imputation_MNAR_0.3/data/167141_True.pkl
fitting
try transform
transform worked
253.55653853827235
[('ExtraTreesClassifier_1', 'IterativeImputer_1')]
<class 'tpot2.graphsklearn.GraphPipeline'>
loading data
/common/ketrong/AutoImputeExp/tpot2_imputetest/Impute_Experiments/logs/167141/tpot2_base_imputation_MNAR_0.5/data/167141_True.pkl
fitting
try transform
transform worked
262.88727945239674
[('ExtraTreesClassifier_1', 'SimpleImputer_1')]
<class 'tpot2.graphsklearn.GraphPipeline'>
loading data
/common/ketrong/AutoImputeExp/tpot2_imputetest/Impute_Experiments/logs/167141/tpot2_base_imputation_MNAR_0.9/data/167141_True.pkl
fitting
try transform
transform worked
261.70657245854983
167141 Complete
[('XGBClassifier_1', 'SimpleImputer_1')]
<class 'tpot2.graphsklearn.GraphPipeline'>
loading data
/common/ketrong/AutoImputeExp/tpot2_imputetest/Impute_Experiments/logs/167212/tpot2_base_normal_MAR_0.01/data/167212_True.pkl
fitting
try transform
transform worked
11.409846350638464
[('XGBClassifier_1', 'SimpleImputer_1')]
<class 'tpot2.graphsklearn.GraphPipeline'>
loading data
/common/ketrong/AutoImputeExp/tpot2_imputetest/Impute_Experiments/logs/167212/tpot2_base_normal_MAR_0.1/data/167212_True.pkl
fitting
try transform
transform worked
10.261343139269002
[('XGBClassifier_1', 'SimpleImputer_1')]
<class 'tpot2.graphsklearn.GraphPipeline'>
loading data
/common/ketrong/AutoImputeExp/tpot2_imputetest/Impute_Experiments/logs/167212/tpot2_base_normal_MAR_0.3/data/167212_True.pkl
fitting
try transform
transform worked
9.75668940569886
[('XGBClassifier_1', 'SimpleImputer_1')]
<class 'tpot2.graphsklearn.GraphPipeline'>
loading data
/common/ketrong/AutoImputeExp/tpot2_imputetest/Impute_Experiments/logs/167212/tpot2_base_normal_MAR_0.5/data/167212_True.pkl
fitting
try transform
transform worked
13.788937268839495
[('RandomForestClassifier_1', 'SimpleImputer_1')]
<class 'tpot2.graphsklearn.GraphPipeline'>
loading data
/common/ketrong/AutoImputeExp/tpot2_imputetest/Impute_Experiments/logs/167212/tpot2_base_normal_MAR_0.9/data/167212_True.pkl
fitting
try transform
transform worked
13.513724223324251
[('XGBClassifier_1', 'SimpleImputer_1')]
<class 'tpot2.graphsklearn.GraphPipeline'>
loading data
/common/ketrong/AutoImputeExp/tpot2_imputetest/Impute_Experiments/logs/167212/tpot2_base_normal_MCAR_0.01/data/167212_True.pkl
fitting
try transform
transform worked
10.736827861617229
[('XGBClassifier_1', 'SimpleImputer_1')]
<class 'tpot2.graphsklearn.GraphPipeline'>
loading data
/common/ketrong/AutoImputeExp/tpot2_imputetest/Impute_Experiments/logs/167212/tpot2_base_normal_MCAR_0.1/data/167212_True.pkl
fitting
try transform
transform worked
11.171438069569874
[('XGBClassifier_1', 'SimpleImputer_1')]
<class 'tpot2.graphsklearn.GraphPipeline'>
loading data
/common/ketrong/AutoImputeExp/tpot2_imputetest/Impute_Experiments/logs/167212/tpot2_base_normal_MCAR_0.3/data/167212_True.pkl
fitting
try transform
transform worked
11.338138133229062
[('XGBClassifier_1', 'SimpleImputer_1')]
<class 'tpot2.graphsklearn.GraphPipeline'>
loading data
/common/ketrong/AutoImputeExp/tpot2_imputetest/Impute_Experiments/logs/167212/tpot2_base_normal_MCAR_0.5/data/167212_True.pkl
fitting
try transform
transform worked
11.344832741099955
[('XGBClassifier_1', 'SimpleImputer_1')]
<class 'tpot2.graphsklearn.GraphPipeline'>
loading data
/common/ketrong/AutoImputeExp/tpot2_imputetest/Impute_Experiments/logs/167212/tpot2_base_normal_MCAR_0.9/data/167212_True.pkl
fitting
try transform
transform worked
11.314455386372662
[('XGBClassifier_1', 'SimpleImputer_1')]
<class 'tpot2.graphsklearn.GraphPipeline'>
loading data
/common/ketrong/AutoImputeExp/tpot2_imputetest/Impute_Experiments/logs/167212/tpot2_base_normal_MNAR_0.01/data/167212_True.pkl
fitting
try transform
transform worked
11.298396078301181
[('XGBClassifier_1', 'SimpleImputer_1')]
<class 'tpot2.graphsklearn.GraphPipeline'>
loading data
/common/ketrong/AutoImputeExp/tpot2_imputetest/Impute_Experiments/logs/167212/tpot2_base_normal_MNAR_0.1/data/167212_True.pkl
fitting
try transform
transform worked
11.765895111858121
[('GradientBoostingClassifier_1', 'SimpleImputer_1')]
<class 'tpot2.graphsklearn.GraphPipeline'>
loading data
/common/ketrong/AutoImputeExp/tpot2_imputetest/Impute_Experiments/logs/167212/tpot2_base_normal_MNAR_0.3/data/167212_True.pkl
fitting
try transform
transform worked
11.182536097207349
[('XGBClassifier_1', 'SimpleImputer_1')]
<class 'tpot2.graphsklearn.GraphPipeline'>
loading data
/common/ketrong/AutoImputeExp/tpot2_imputetest/Impute_Experiments/logs/167212/tpot2_base_normal_MNAR_0.5/data/167212_True.pkl
fitting
try transform
transform worked
11.356967766103418
[('XGBClassifier_1', 'SimpleImputer_1')]
<class 'tpot2.graphsklearn.GraphPipeline'>
loading data
/common/ketrong/AutoImputeExp/tpot2_imputetest/Impute_Experiments/logs/167212/tpot2_base_normal_MNAR_0.9/data/167212_True.pkl
fitting
try transform
transform worked
11.273544702536334
[('XGBClassifier_1', 'KNNImputer_1')]
<class 'tpot2.graphsklearn.GraphPipeline'>
loading data
/common/ketrong/AutoImputeExp/tpot2_imputetest/Impute_Experiments/logs/167212/tpot2_base_imputation_MAR_0.01/data/167212_True.pkl
fitting
try transform
transform worked
8.250990142474377
[('ExtraTreesClassifier_1', 'IterativeImputer_1')]
<class 'tpot2.graphsklearn.GraphPipeline'>
loading data
/common/ketrong/AutoImputeExp/tpot2_imputetest/Impute_Experiments/logs/167212/tpot2_base_imputation_MAR_0.1/data/167212_True.pkl
fitting
try transform
transform worked
13.97539758062637
[('XGBClassifier_1', 'RandomForestImputer_1')]
<class 'tpot2.graphsklearn.GraphPipeline'>
loading data
/common/ketrong/AutoImputeExp/tpot2_imputetest/Impute_Experiments/logs/167212/tpot2_base_imputation_MAR_0.3/data/167212_True.pkl
fitting
try transform
167212MAR_0.3/ failed
[('XGBClassifier_1', 'SimpleImputer_1')]
<class 'tpot2.graphsklearn.GraphPipeline'>
loading data
/common/ketrong/AutoImputeExp/tpot2_imputetest/Impute_Experiments/logs/167212/tpot2_base_imputation_MAR_0.5/data/167212_True.pkl
fitting
try transform
transform worked
12.340631863777542
[('GradientBoostingClassifier_1', 'SimpleImputer_1')]
<class 'tpot2.graphsklearn.GraphPipeline'>
loading data
/common/ketrong/AutoImputeExp/tpot2_imputetest/Impute_Experiments/logs/167212/tpot2_base_imputation_MAR_0.9/data/167212_True.pkl
fitting
try transform
transform worked
8.042067361129007
[('XGBClassifier_1', 'SimpleImputer_1')]
<class 'tpot2.graphsklearn.GraphPipeline'>
loading data
/common/ketrong/AutoImputeExp/tpot2_imputetest/Impute_Experiments/logs/167212/tpot2_base_imputation_MCAR_0.01/data/167212_True.pkl
fitting
try transform
transform worked
10.747484763846243
[('XGBClassifier_1', 'SimpleImputer_1')]
<class 'tpot2.graphsklearn.GraphPipeline'>
loading data
/common/ketrong/AutoImputeExp/tpot2_imputetest/Impute_Experiments/logs/167212/tpot2_base_imputation_MCAR_0.1/data/167212_True.pkl
fitting
try transform
transform worked
11.203074702657556
[('GradientBoostingClassifier_1', 'SimpleImputer_1')]
<class 'tpot2.graphsklearn.GraphPipeline'>
loading data
/common/ketrong/AutoImputeExp/tpot2_imputetest/Impute_Experiments/logs/167212/tpot2_base_imputation_MCAR_0.3/data/167212_True.pkl
fitting
try transform
transform worked
11.32080245124956
[('GradientBoostingClassifier_1', 'SimpleImputer_1')]
<class 'tpot2.graphsklearn.GraphPipeline'>
loading data
/common/ketrong/AutoImputeExp/tpot2_imputetest/Impute_Experiments/logs/167212/tpot2_base_imputation_MCAR_0.5/data/167212_True.pkl
fitting
try transform
transform worked
11.445722466212104
[('RandomForestClassifier_1', 'SimpleImputer_1')]
<class 'tpot2.graphsklearn.GraphPipeline'>
loading data
/common/ketrong/AutoImputeExp/tpot2_imputetest/Impute_Experiments/logs/167212/tpot2_base_imputation_MCAR_0.9/data/167212_True.pkl
fitting
try transform
transform worked
11.307510920206731
[('XGBClassifier_1', 'RandomForestImputer_1')]
<class 'tpot2.graphsklearn.GraphPipeline'>
loading data
/common/ketrong/AutoImputeExp/tpot2_imputetest/Impute_Experiments/logs/167212/tpot2_base_imputation_MNAR_0.01/data/167212_True.pkl
fitting
try transform
167212MNAR_0.01/ failed
[('GradientBoostingClassifier_1', 'IterativeImputer_1')]
<class 'tpot2.graphsklearn.GraphPipeline'>
loading data
/common/ketrong/AutoImputeExp/tpot2_imputetest/Impute_Experiments/logs/167212/tpot2_base_imputation_MNAR_0.1/data/167212_True.pkl
fitting
try transform
transform worked
10.663727577194766
[('GradientBoostingClassifier_1', 'RandomForestImputer_1')]
<class 'tpot2.graphsklearn.GraphPipeline'>
loading data
/common/ketrong/AutoImputeExp/tpot2_imputetest/Impute_Experiments/logs/167212/tpot2_base_imputation_MNAR_0.3/data/167212_True.pkl
fitting
try transform
167212MNAR_0.3/ failed
[('GradientBoostingClassifier_1', 'SimpleImputer_1')]
<class 'tpot2.graphsklearn.GraphPipeline'>
loading data
/common/ketrong/AutoImputeExp/tpot2_imputetest/Impute_Experiments/logs/167212/tpot2_base_imputation_MNAR_0.5/data/167212_True.pkl
fitting
try transform
transform worked
11.631443314117186
[('XGBClassifier_1', 'SimpleImputer_1')]
<class 'tpot2.graphsklearn.GraphPipeline'>
loading data
/common/ketrong/AutoImputeExp/tpot2_imputetest/Impute_Experiments/logs/167212/tpot2_base_imputation_MNAR_0.9/data/167212_True.pkl
fitting
try transform
transform worked
11.354312065466878
167212 Complete
[('XGBClassifier_1', 'SimpleImputer_1')]
<class 'tpot2.graphsklearn.GraphPipeline'>
loading data
/common/ketrong/AutoImputeExp/tpot2_imputetest/Impute_Experiments/logs/146820/tpot2_base_normal_MAR_0.01/data/146820_True.pkl
fitting
try transform
transform worked
121.74198601242463
[('XGBClassifier_1', 'SimpleImputer_1')]
<class 'tpot2.graphsklearn.GraphPipeline'>
loading data
/common/ketrong/AutoImputeExp/tpot2_imputetest/Impute_Experiments/logs/146820/tpot2_base_normal_MAR_0.1/data/146820_True.pkl
fitting
try transform
transform worked
82.8799377916995
[('GradientBoostingClassifier_1', 'SimpleImputer_1')]
<class 'tpot2.graphsklearn.GraphPipeline'>
loading data
/common/ketrong/AutoImputeExp/tpot2_imputetest/Impute_Experiments/logs/146820/tpot2_base_normal_MAR_0.3/data/146820_True.pkl
fitting
try transform
transform worked
184.74163812634575
[('XGBClassifier_1', 'SimpleImputer_1')]
<class 'tpot2.graphsklearn.GraphPipeline'>
loading data
/common/ketrong/AutoImputeExp/tpot2_imputetest/Impute_Experiments/logs/146820/tpot2_base_normal_MAR_0.5/data/146820_True.pkl
fitting
try transform
transform worked
313.23466861598877
[('XGBClassifier_1', 'SimpleImputer_1')]
<class 'tpot2.graphsklearn.GraphPipeline'>
loading data
/common/ketrong/AutoImputeExp/tpot2_imputetest/Impute_Experiments/logs/146820/tpot2_base_normal_MAR_0.9/data/146820_True.pkl
fitting
try transform
transform worked
54.60056116038402
[('XGBClassifier_1', 'SimpleImputer_1')]
<class 'tpot2.graphsklearn.GraphPipeline'>
loading data
/common/ketrong/AutoImputeExp/tpot2_imputetest/Impute_Experiments/logs/146820/tpot2_base_normal_MCAR_0.01/data/146820_True.pkl
fitting
try transform
transform worked
212.9935150065581
[('XGBClassifier_1', 'SimpleImputer_1')]
<class 'tpot2.graphsklearn.GraphPipeline'>
loading data
/common/ketrong/AutoImputeExp/tpot2_imputetest/Impute_Experiments/logs/146820/tpot2_base_normal_MCAR_0.1/data/146820_True.pkl
fitting
try transform
transform worked
274.91064073880364
[('RandomForestClassifier_1', 'SimpleImputer_1')]
<class 'tpot2.graphsklearn.GraphPipeline'>
loading data
/common/ketrong/AutoImputeExp/tpot2_imputetest/Impute_Experiments/logs/146820/tpot2_base_normal_MCAR_0.3/data/146820_True.pkl
fitting
try transform
transform worked
78.41783460404535
[('XGBClassifier_1', 'SimpleImputer_1')]
<class 'tpot2.graphsklearn.GraphPipeline'>
loading data
/common/ketrong/AutoImputeExp/tpot2_imputetest/Impute_Experiments/logs/146820/tpot2_base_normal_MCAR_0.5/data/146820_True.pkl
fitting
try transform
transform worked
272.6095560395596
[('ExtraTreesClassifier_1', 'SimpleImputer_1')]
<class 'tpot2.graphsklearn.GraphPipeline'>
loading data
/common/ketrong/AutoImputeExp/tpot2_imputetest/Impute_Experiments/logs/146820/tpot2_base_normal_MCAR_0.9/data/146820_True.pkl
fitting
try transform
transform worked
81.53204932664808
[('XGBClassifier_1', 'SimpleImputer_1')]
<class 'tpot2.graphsklearn.GraphPipeline'>
loading data
/common/ketrong/AutoImputeExp/tpot2_imputetest/Impute_Experiments/logs/146820/tpot2_base_normal_MNAR_0.01/data/146820_True.pkl
fitting
try transform
transform worked
205.92139123063882
[('GradientBoostingClassifier_1', 'SimpleImputer_1')]
<class 'tpot2.graphsklearn.GraphPipeline'>
loading data
/common/ketrong/AutoImputeExp/tpot2_imputetest/Impute_Experiments/logs/146820/tpot2_base_normal_MNAR_0.1/data/146820_True.pkl
fitting
try transform
transform worked
88.38747263812326
[('GradientBoostingClassifier_1', 'SimpleImputer_1')]
<class 'tpot2.graphsklearn.GraphPipeline'>
loading data
/common/ketrong/AutoImputeExp/tpot2_imputetest/Impute_Experiments/logs/146820/tpot2_base_normal_MNAR_0.3/data/146820_True.pkl
fitting
try transform
transform worked
306.4127170158154
[('XGBClassifier_1', 'SimpleImputer_1')]
<class 'tpot2.graphsklearn.GraphPipeline'>
loading data
/common/ketrong/AutoImputeExp/tpot2_imputetest/Impute_Experiments/logs/146820/tpot2_base_normal_MNAR_0.5/data/146820_True.pkl
fitting
try transform
transform worked
74.63169549637394
[('ExtraTreesClassifier_1', 'SimpleImputer_1')]
<class 'tpot2.graphsklearn.GraphPipeline'>
loading data
/common/ketrong/AutoImputeExp/tpot2_imputetest/Impute_Experiments/logs/146820/tpot2_base_normal_MNAR_0.9/data/146820_True.pkl
fitting
try transform
transform worked
80.43475986206055
[('RandomForestClassifier_1', 'SimpleImputer_1')]
<class 'tpot2.graphsklearn.GraphPipeline'>
loading data
/common/ketrong/AutoImputeExp/tpot2_imputetest/Impute_Experiments/logs/146820/tpot2_base_imputation_MAR_0.01/data/146820_True.pkl
fitting
try transform
transform worked
80.44067570611121
[('XGBClassifier_1', 'KNNImputer_1')]
<class 'tpot2.graphsklearn.GraphPipeline'>
loading data
/common/ketrong/AutoImputeExp/tpot2_imputetest/Impute_Experiments/logs/146820/tpot2_base_imputation_MAR_0.1/data/146820_True.pkl
fitting
try transform
transform worked
11.712567214215461
[('RandomForestClassifier_1', 'SimpleImputer_1')]
<class 'tpot2.graphsklearn.GraphPipeline'>
loading data
/common/ketrong/AutoImputeExp/tpot2_imputetest/Impute_Experiments/logs/146820/tpot2_base_imputation_MAR_0.3/data/146820_True.pkl
fitting
try transform
transform worked
50.62212991604034
[('XGBClassifier_1', 'SimpleImputer_1')]
<class 'tpot2.graphsklearn.GraphPipeline'>
loading data
/common/ketrong/AutoImputeExp/tpot2_imputetest/Impute_Experiments/logs/146820/tpot2_base_imputation_MAR_0.5/data/146820_True.pkl
fitting
try transform
transform worked
349.84395159184675
[('RandomForestClassifier_1', 'SimpleImputer_1')]
<class 'tpot2.graphsklearn.GraphPipeline'>
loading data
/common/ketrong/AutoImputeExp/tpot2_imputetest/Impute_Experiments/logs/146820/tpot2_base_imputation_MAR_0.9/data/146820_True.pkl
fitting
try transform
transform worked
55.410935487049905
[('XGBClassifier_1', 'KNNImputer_1')]
<class 'tpot2.graphsklearn.GraphPipeline'>
loading data
/common/ketrong/AutoImputeExp/tpot2_imputetest/Impute_Experiments/logs/146820/tpot2_base_imputation_MCAR_0.01/data/146820_True.pkl
fitting
try transform
transform worked
46.40717435819092
[('RandomForestClassifier_1', 'GAINImputer_1')]
<class 'tpot2.graphsklearn.GraphPipeline'>
loading data
/common/ketrong/AutoImputeExp/tpot2_imputetest/Impute_Experiments/logs/146820/tpot2_base_imputation_MCAR_0.1/data/146820_True.pkl
fitting
try transform
transform worked
214.61854776567935
[('ExtraTreesClassifier_1', 'IterativeImputer_1')]
<class 'tpot2.graphsklearn.GraphPipeline'>
loading data
/common/ketrong/AutoImputeExp/tpot2_imputetest/Impute_Experiments/logs/146820/tpot2_base_imputation_MCAR_0.3/data/146820_True.pkl
fitting
try transform
transform worked
108.36000787498098
[('XGBClassifier_1', 'RandomForestImputer_1')]
<class 'tpot2.graphsklearn.GraphPipeline'>
loading data
/common/ketrong/AutoImputeExp/tpot2_imputetest/Impute_Experiments/logs/146820/tpot2_base_imputation_MCAR_0.5/data/146820_True.pkl
fitting
try transform
146820MCAR_0.5/ failed
[('ExtraTreesClassifier_1', 'SimpleImputer_1')]
<class 'tpot2.graphsklearn.GraphPipeline'>
loading data
/common/ketrong/AutoImputeExp/tpot2_imputetest/Impute_Experiments/logs/146820/tpot2_base_imputation_MCAR_0.9/data/146820_True.pkl
fitting
try transform
transform worked
81.91773329508813
[('XGBClassifier_1', 'IterativeImputer_1')]
<class 'tpot2.graphsklearn.GraphPipeline'>
loading data
/common/ketrong/AutoImputeExp/tpot2_imputetest/Impute_Experiments/logs/146820/tpot2_base_imputation_MNAR_0.01/data/146820_True.pkl
fitting
try transform
transform worked
79.11478868904844
[('XGBClassifier_1', 'RandomForestImputer_1')]
<class 'tpot2.graphsklearn.GraphPipeline'>
loading data
/common/ketrong/AutoImputeExp/tpot2_imputetest/Impute_Experiments/logs/146820/tpot2_base_imputation_MNAR_0.1/data/146820_True.pkl
fitting
try transform
146820MNAR_0.1/ failed
[('ExtraTreesClassifier_1', 'SimpleImputer_1')]
<class 'tpot2.graphsklearn.GraphPipeline'>
loading data
/common/ketrong/AutoImputeExp/tpot2_imputetest/Impute_Experiments/logs/146820/tpot2_base_imputation_MNAR_0.3/data/146820_True.pkl
fitting
try transform
transform worked
71.46404939015527
[('XGBClassifier_1', 'SimpleImputer_1')]
<class 'tpot2.graphsklearn.GraphPipeline'>
loading data
/common/ketrong/AutoImputeExp/tpot2_imputetest/Impute_Experiments/logs/146820/tpot2_base_imputation_MNAR_0.5/data/146820_True.pkl
fitting
try transform
transform worked
75.19850327465578
[('ExtraTreesClassifier_1', 'SimpleImputer_1')]
<class 'tpot2.graphsklearn.GraphPipeline'>
loading data
/common/ketrong/AutoImputeExp/tpot2_imputetest/Impute_Experiments/logs/146820/tpot2_base_imputation_MNAR_0.9/data/146820_True.pkl
fitting
try transform
transform worked
88.31563299232963
146820 Complete
[('GradientBoostingClassifier_1', 'SimpleImputer_1')]
<class 'tpot2.graphsklearn.GraphPipeline'>
loading data
/common/ketrong/AutoImputeExp/tpot2_imputetest/Impute_Experiments/logs/167119/tpot2_base_normal_MAR_0.01/data/167119_True.pkl
fitting
try transform
transform worked
2.5239113964532365
[('ExtraTreesClassifier_1', 'SimpleImputer_1')]
<class 'tpot2.graphsklearn.GraphPipeline'>
loading data
/common/ketrong/AutoImputeExp/tpot2_imputetest/Impute_Experiments/logs/167119/tpot2_base_normal_MAR_0.1/data/167119_True.pkl
fitting
try transform
transform worked
2.5676582010292264
[('XGBClassifier_1', 'SimpleImputer_1')]
<class 'tpot2.graphsklearn.GraphPipeline'>
loading data
/common/ketrong/AutoImputeExp/tpot2_imputetest/Impute_Experiments/logs/167119/tpot2_base_normal_MAR_0.3/data/167119_True.pkl
fitting
try transform
transform worked
2.5326956191464327
[('RandomForestClassifier_1', 'SimpleImputer_1')]
<class 'tpot2.graphsklearn.GraphPipeline'>
loading data
/common/ketrong/AutoImputeExp/tpot2_imputetest/Impute_Experiments/logs/167119/tpot2_base_normal_MAR_0.5/data/167119_True.pkl
fitting
try transform
transform worked
2.524453500291543
[('GradientBoostingClassifier_1', 'SimpleImputer_1')]
<class 'tpot2.graphsklearn.GraphPipeline'>
loading data
/common/ketrong/AutoImputeExp/tpot2_imputetest/Impute_Experiments/logs/167119/tpot2_base_normal_MAR_0.9/data/167119_True.pkl
fitting
try transform
transform worked
2.7426725235208145
[('ExtraTreesClassifier_1', 'SimpleImputer_1')]
<class 'tpot2.graphsklearn.GraphPipeline'>
loading data
/common/ketrong/AutoImputeExp/tpot2_imputetest/Impute_Experiments/logs/167119/tpot2_base_normal_MCAR_0.01/data/167119_True.pkl
fitting
try transform
transform worked
2.4459797392798306
[('ExtraTreesClassifier_1', 'SimpleImputer_1')]
<class 'tpot2.graphsklearn.GraphPipeline'>
loading data
/common/ketrong/AutoImputeExp/tpot2_imputetest/Impute_Experiments/logs/167119/tpot2_base_normal_MCAR_0.1/data/167119_True.pkl
fitting
try transform
transform worked
2.5686935969778526
[('XGBClassifier_1', 'SimpleImputer_1')]
<class 'tpot2.graphsklearn.GraphPipeline'>
loading data
/common/ketrong/AutoImputeExp/tpot2_imputetest/Impute_Experiments/logs/167119/tpot2_base_normal_MCAR_0.3/data/167119_True.pkl
fitting
try transform
transform worked
2.5260368751850804
[('XGBClassifier_1', 'SimpleImputer_1')]
<class 'tpot2.graphsklearn.GraphPipeline'>
loading data
/common/ketrong/AutoImputeExp/tpot2_imputetest/Impute_Experiments/logs/167119/tpot2_base_normal_MCAR_0.5/data/167119_True.pkl
fitting
try transform
transform worked
2.5396060084896175
[('XGBClassifier_1', 'SimpleImputer_1')]
<class 'tpot2.graphsklearn.GraphPipeline'>
loading data
/common/ketrong/AutoImputeExp/tpot2_imputetest/Impute_Experiments/logs/167119/tpot2_base_normal_MCAR_0.9/data/167119_True.pkl
fitting
try transform
transform worked
2.5354489549414208
[('XGBClassifier_1', 'SimpleImputer_1')]
<class 'tpot2.graphsklearn.GraphPipeline'>
loading data
/common/ketrong/AutoImputeExp/tpot2_imputetest/Impute_Experiments/logs/167119/tpot2_base_normal_MNAR_0.01/data/167119_True.pkl
fitting
try transform
transform worked
2.5994807666190005
[('XGBClassifier_1', 'SimpleImputer_1')]
<class 'tpot2.graphsklearn.GraphPipeline'>
loading data
/common/ketrong/AutoImputeExp/tpot2_imputetest/Impute_Experiments/logs/167119/tpot2_base_normal_MNAR_0.1/data/167119_True.pkl
fitting
try transform
transform worked
2.495507023974476
[('XGBClassifier_1', 'SimpleImputer_1')]
<class 'tpot2.graphsklearn.GraphPipeline'>
loading data
/common/ketrong/AutoImputeExp/tpot2_imputetest/Impute_Experiments/logs/167119/tpot2_base_normal_MNAR_0.3/data/167119_True.pkl
fitting
try transform
transform worked
2.5415255285614573
[('GradientBoostingClassifier_1', 'SimpleImputer_1')]
<class 'tpot2.graphsklearn.GraphPipeline'>
loading data
/common/ketrong/AutoImputeExp/tpot2_imputetest/Impute_Experiments/logs/167119/tpot2_base_normal_MNAR_0.5/data/167119_True.pkl
fitting
try transform
transform worked
2.550124504867915
[('XGBClassifier_1', 'SimpleImputer_1')]
<class 'tpot2.graphsklearn.GraphPipeline'>
loading data
/common/ketrong/AutoImputeExp/tpot2_imputetest/Impute_Experiments/logs/167119/tpot2_base_normal_MNAR_0.9/data/167119_True.pkl
fitting
try transform
transform worked
2.5386049478442394
[('XGBClassifier_1', 'GAINImputer_1')]
<class 'tpot2.graphsklearn.GraphPipeline'>
loading data
/common/ketrong/AutoImputeExp/tpot2_imputetest/Impute_Experiments/logs/167119/tpot2_base_imputation_MAR_0.01/data/167119_True.pkl
fitting
try transform
transform worked
2.408635862382949
[('XGBClassifier_1', 'SimpleImputer_1')]
<class 'tpot2.graphsklearn.GraphPipeline'>
loading data
/common/ketrong/AutoImputeExp/tpot2_imputetest/Impute_Experiments/logs/167119/tpot2_base_imputation_MAR_0.1/data/167119_True.pkl
fitting
try transform
transform worked
2.498543549630633
[('XGBClassifier_1', 'IterativeImputer_1')]
<class 'tpot2.graphsklearn.GraphPipeline'>
loading data
/common/ketrong/AutoImputeExp/tpot2_imputetest/Impute_Experiments/logs/167119/tpot2_base_imputation_MAR_0.3/data/167119_True.pkl
fitting
try transform
transform worked
2.3159819216669857
[('ExtraTreesClassifier_1', 'IterativeImputer_1')]
<class 'tpot2.graphsklearn.GraphPipeline'>
loading data
/common/ketrong/AutoImputeExp/tpot2_imputetest/Impute_Experiments/logs/167119/tpot2_base_imputation_MAR_0.5/data/167119_True.pkl
fitting
try transform
transform worked
2.338444136995408
[('RandomForestClassifier_1', 'SimpleImputer_1')]
<class 'tpot2.graphsklearn.GraphPipeline'>
loading data
/common/ketrong/AutoImputeExp/tpot2_imputetest/Impute_Experiments/logs/167119/tpot2_base_imputation_MAR_0.9/data/167119_True.pkl
fitting
try transform
transform worked
2.7101237239893634
[('XGBClassifier_1', 'KNNImputer_1')]
<class 'tpot2.graphsklearn.GraphPipeline'>
loading data
/common/ketrong/AutoImputeExp/tpot2_imputetest/Impute_Experiments/logs/167119/tpot2_base_imputation_MCAR_0.01/data/167119_True.pkl
fitting
try transform
transform worked
2.9918069942610086
[('XGBClassifier_1', 'RandomForestImputer_1')]
<class 'tpot2.graphsklearn.GraphPipeline'>
loading data
/common/ketrong/AutoImputeExp/tpot2_imputetest/Impute_Experiments/logs/167119/tpot2_base_imputation_MCAR_0.1/data/167119_True.pkl
fitting
try transform
167119MCAR_0.1/ failed
[('RandomForestClassifier_1', 'RandomForestImputer_1')]
<class 'tpot2.graphsklearn.GraphPipeline'>
loading data
/common/ketrong/AutoImputeExp/tpot2_imputetest/Impute_Experiments/logs/167119/tpot2_base_imputation_MCAR_0.3/data/167119_True.pkl
fitting
try transform
167119MCAR_0.3/ failed
[('XGBClassifier_1', 'SimpleImputer_1')]
<class 'tpot2.graphsklearn.GraphPipeline'>
loading data
/common/ketrong/AutoImputeExp/tpot2_imputetest/Impute_Experiments/logs/167119/tpot2_base_imputation_MCAR_0.5/data/167119_True.pkl
fitting
try transform
transform worked
2.5287843583000416
[('ExtraTreesClassifier_1', 'SimpleImputer_1')]
<class 'tpot2.graphsklearn.GraphPipeline'>
loading data
/common/ketrong/AutoImputeExp/tpot2_imputetest/Impute_Experiments/logs/167119/tpot2_base_imputation_MCAR_0.9/data/167119_True.pkl
fitting
try transform
transform worked
2.5320651805123613
[('XGBClassifier_1', 'RandomForestImputer_1')]
<class 'tpot2.graphsklearn.GraphPipeline'>
loading data
/common/ketrong/AutoImputeExp/tpot2_imputetest/Impute_Experiments/logs/167119/tpot2_base_imputation_MNAR_0.01/data/167119_True.pkl
fitting
try transform
167119MNAR_0.01/ failed
[('ExtraTreesClassifier_1', 'RandomForestImputer_1')]
<class 'tpot2.graphsklearn.GraphPipeline'>
loading data
/common/ketrong/AutoImputeExp/tpot2_imputetest/Impute_Experiments/logs/167119/tpot2_base_imputation_MNAR_0.1/data/167119_True.pkl
fitting
try transform
167119MNAR_0.1/ failed
[('GradientBoostingClassifier_1', 'SimpleImputer_1')]
<class 'tpot2.graphsklearn.GraphPipeline'>
loading data
/common/ketrong/AutoImputeExp/tpot2_imputetest/Impute_Experiments/logs/167119/tpot2_base_imputation_MNAR_0.3/data/167119_True.pkl
fitting
try transform
transform worked
2.5232077040766705
[('GradientBoostingClassifier_1', 'SimpleImputer_1')]
<class 'tpot2.graphsklearn.GraphPipeline'>
loading data
/common/ketrong/AutoImputeExp/tpot2_imputetest/Impute_Experiments/logs/167119/tpot2_base_imputation_MNAR_0.5/data/167119_True.pkl
fitting
try transform
transform worked
2.5438983389551395
[('XGBClassifier_1', 'SimpleImputer_1')]
<class 'tpot2.graphsklearn.GraphPipeline'>
loading data
/common/ketrong/AutoImputeExp/tpot2_imputetest/Impute_Experiments/logs/167119/tpot2_base_imputation_MNAR_0.9/data/167119_True.pkl
fitting
try transform
transform worked
2.536177299041548
167119 Complete
189865MAR_0.01/ failed
189865MAR_0.1/ failed
189865MAR_0.3/ failed
189865MAR_0.5/ failed
189865MAR_0.9/ failed
189865MCAR_0.01/ failed
189865MCAR_0.1/ failed
189865MCAR_0.3/ failed
189865MCAR_0.5/ failed
189865MCAR_0.9/ failed
189865MNAR_0.01/ failed
189865MNAR_0.1/ failed
189865MNAR_0.3/ failed
189865MNAR_0.5/ failed
189865MNAR_0.9/ failed
189865MAR_0.01/ failed
189865MAR_0.1/ failed
189865MAR_0.3/ failed
189865MAR_0.5/ failed
189865MAR_0.9/ failed
189865MCAR_0.01/ failed
189865MCAR_0.1/ failed
189865MCAR_0.3/ failed
189865MCAR_0.5/ failed
189865MCAR_0.9/ failed
189865MNAR_0.01/ failed
189865MNAR_0.1/ failed
189865MNAR_0.3/ failed
189865MNAR_0.5/ failed
189865MNAR_0.9/ failed
189865 Complete
[('MLPClassifier_1', 'SimpleImputer_1')]
<class 'tpot2.graphsklearn.GraphPipeline'>
loading data
/common/ketrong/AutoImputeExp/tpot2_imputetest/Impute_Experiments/logs/189773/tpot2_base_normal_MAR_0.01/data/189773_True.pkl
fitting
try transform
transform worked
7.943222177985679
[('XGBClassifier_1', 'SimpleImputer_1')]
<class 'tpot2.graphsklearn.GraphPipeline'>
loading data
/common/ketrong/AutoImputeExp/tpot2_imputetest/Impute_Experiments/logs/189773/tpot2_base_normal_MAR_0.1/data/189773_True.pkl
fitting
try transform
transform worked
3.0304288274828837
[('XGBClassifier_1', 'SimpleImputer_1')]
<class 'tpot2.graphsklearn.GraphPipeline'>
loading data
/common/ketrong/AutoImputeExp/tpot2_imputetest/Impute_Experiments/logs/189773/tpot2_base_normal_MAR_0.3/data/189773_True.pkl
fitting
try transform
transform worked
4.368105970001571
[('XGBClassifier_1', 'SimpleImputer_1')]
<class 'tpot2.graphsklearn.GraphPipeline'>
loading data
/common/ketrong/AutoImputeExp/tpot2_imputetest/Impute_Experiments/logs/189773/tpot2_base_normal_MAR_0.5/data/189773_True.pkl
fitting
try transform
transform worked
2.917900393946161
[('XGBClassifier_1', 'SimpleImputer_1')]
<class 'tpot2.graphsklearn.GraphPipeline'>
loading data
/common/ketrong/AutoImputeExp/tpot2_imputetest/Impute_Experiments/logs/189773/tpot2_base_normal_MAR_0.9/data/189773_True.pkl
fitting
try transform
transform worked
3.2926300343275052
[('XGBClassifier_1', 'SimpleImputer_1')]
<class 'tpot2.graphsklearn.GraphPipeline'>
loading data
/common/ketrong/AutoImputeExp/tpot2_imputetest/Impute_Experiments/logs/189773/tpot2_base_normal_MCAR_0.01/data/189773_True.pkl
fitting
try transform
transform worked
2.644387866818965
[('XGBClassifier_1', 'SimpleImputer_1')]
<class 'tpot2.graphsklearn.GraphPipeline'>
loading data
/common/ketrong/AutoImputeExp/tpot2_imputetest/Impute_Experiments/logs/189773/tpot2_base_normal_MCAR_0.1/data/189773_True.pkl
fitting
try transform
transform worked
3.596341395594086
[('XGBClassifier_1', 'SimpleImputer_1')]
<class 'tpot2.graphsklearn.GraphPipeline'>
loading data
/common/ketrong/AutoImputeExp/tpot2_imputetest/Impute_Experiments/logs/189773/tpot2_base_normal_MCAR_0.3/data/189773_True.pkl
fitting
try transform
transform worked
3.346109087706084
[('ExtraTreesClassifier_1', 'SimpleImputer_1')]
<class 'tpot2.graphsklearn.GraphPipeline'>
loading data
/common/ketrong/AutoImputeExp/tpot2_imputetest/Impute_Experiments/logs/189773/tpot2_base_normal_MCAR_0.5/data/189773_True.pkl
fitting
try transform
transform worked
3.3319664816814725
[('ExtraTreesClassifier_1', 'SimpleImputer_1')]
<class 'tpot2.graphsklearn.GraphPipeline'>
loading data
/common/ketrong/AutoImputeExp/tpot2_imputetest/Impute_Experiments/logs/189773/tpot2_base_normal_MCAR_0.9/data/189773_True.pkl
fitting
try transform
transform worked
3.2297647560025946
[('XGBClassifier_1', 'SimpleImputer_1')]
<class 'tpot2.graphsklearn.GraphPipeline'>
loading data
/common/ketrong/AutoImputeExp/tpot2_imputetest/Impute_Experiments/logs/189773/tpot2_base_normal_MNAR_0.01/data/189773_True.pkl
fitting
try transform
transform worked
5.900587416719684
[('XGBClassifier_1', 'SimpleImputer_1')]
<class 'tpot2.graphsklearn.GraphPipeline'>
loading data
/common/ketrong/AutoImputeExp/tpot2_imputetest/Impute_Experiments/logs/189773/tpot2_base_normal_MNAR_0.1/data/189773_True.pkl
fitting
try transform
transform worked
3.4647655066187095
[('XGBClassifier_1', 'SimpleImputer_1')]
<class 'tpot2.graphsklearn.GraphPipeline'>
loading data
/common/ketrong/AutoImputeExp/tpot2_imputetest/Impute_Experiments/logs/189773/tpot2_base_normal_MNAR_0.3/data/189773_True.pkl
fitting
try transform
transform worked
3.4835043416938114
[('XGBClassifier_1', 'SimpleImputer_1')]
<class 'tpot2.graphsklearn.GraphPipeline'>
loading data
/common/ketrong/AutoImputeExp/tpot2_imputetest/Impute_Experiments/logs/189773/tpot2_base_normal_MNAR_0.5/data/189773_True.pkl
fitting
try transform
transform worked
3.261816093193182
[('ExtraTreesClassifier_1', 'SimpleImputer_1')]
<class 'tpot2.graphsklearn.GraphPipeline'>
loading data
/common/ketrong/AutoImputeExp/tpot2_imputetest/Impute_Experiments/logs/189773/tpot2_base_normal_MNAR_0.9/data/189773_True.pkl
fitting
try transform
transform worked
3.208592974614897
[('MLPClassifier_1', 'IterativeImputer_1')]
<class 'tpot2.graphsklearn.GraphPipeline'>
loading data
/common/ketrong/AutoImputeExp/tpot2_imputetest/Impute_Experiments/logs/189773/tpot2_base_imputation_MAR_0.01/data/189773_True.pkl
fitting
try transform
transform worked
7.573691274476826
[('MLPClassifier_1', 'IterativeImputer_1')]
<class 'tpot2.graphsklearn.GraphPipeline'>
loading data
/common/ketrong/AutoImputeExp/tpot2_imputetest/Impute_Experiments/logs/189773/tpot2_base_imputation_MAR_0.1/data/189773_True.pkl
fitting
try transform
transform worked
1.673401766627316
[('MLPClassifier_1', 'KNNImputer_1')]
<class 'tpot2.graphsklearn.GraphPipeline'>
loading data
/common/ketrong/AutoImputeExp/tpot2_imputetest/Impute_Experiments/logs/189773/tpot2_base_imputation_MAR_0.3/data/189773_True.pkl
fitting
try transform
transform worked
0.4314021874745667
[('XGBClassifier_1', 'IterativeImputer_1')]
<class 'tpot2.graphsklearn.GraphPipeline'>
loading data
/common/ketrong/AutoImputeExp/tpot2_imputetest/Impute_Experiments/logs/189773/tpot2_base_imputation_MAR_0.5/data/189773_True.pkl
fitting
try transform
transform worked
0.9912120684634981
[('MLPClassifier_1', 'SimpleImputer_1')]
<class 'tpot2.graphsklearn.GraphPipeline'>
loading data
/common/ketrong/AutoImputeExp/tpot2_imputetest/Impute_Experiments/logs/189773/tpot2_base_imputation_MAR_0.9/data/189773_True.pkl
fitting
try transform
transform worked
3.9604805102992735
[('MLPClassifier_1', 'IterativeImputer_1')]
<class 'tpot2.graphsklearn.GraphPipeline'>
loading data
/common/ketrong/AutoImputeExp/tpot2_imputetest/Impute_Experiments/logs/189773/tpot2_base_imputation_MCAR_0.01/data/189773_True.pkl
fitting
try transform
transform worked
0.3691671791983596
[('GradientBoostingClassifier_1', 'IterativeImputer_1')]
<class 'tpot2.graphsklearn.GraphPipeline'>
loading data
/common/ketrong/AutoImputeExp/tpot2_imputetest/Impute_Experiments/logs/189773/tpot2_base_imputation_MCAR_0.1/data/189773_True.pkl
fitting
try transform
transform worked
2.270763371896264
[('RandomForestClassifier_1', 'IterativeImputer_1')]
<class 'tpot2.graphsklearn.GraphPipeline'>
loading data
/common/ketrong/AutoImputeExp/tpot2_imputetest/Impute_Experiments/logs/189773/tpot2_base_imputation_MCAR_0.3/data/189773_True.pkl
fitting
try transform
transform worked
2.2312182010528008
[('XGBClassifier_1', 'IterativeImputer_1')]
<class 'tpot2.graphsklearn.GraphPipeline'>
loading data
/common/ketrong/AutoImputeExp/tpot2_imputetest/Impute_Experiments/logs/189773/tpot2_base_imputation_MCAR_0.5/data/189773_True.pkl
fitting
try transform
transform worked
2.3104422364628885
[('ExtraTreesClassifier_1', 'IterativeImputer_1')]
<class 'tpot2.graphsklearn.GraphPipeline'>
loading data
/common/ketrong/AutoImputeExp/tpot2_imputetest/Impute_Experiments/logs/189773/tpot2_base_imputation_MCAR_0.9/data/189773_True.pkl
fitting
try transform
transform worked
3.099454602209986
[('MLPClassifier_1', 'KNNImputer_1')]
<class 'tpot2.graphsklearn.GraphPipeline'>
loading data
/common/ketrong/AutoImputeExp/tpot2_imputetest/Impute_Experiments/logs/189773/tpot2_base_imputation_MNAR_0.01/data/189773_True.pkl
fitting
try transform
transform worked
0.4739958959260836
[('XGBClassifier_1', 'KNNImputer_1')]
<class 'tpot2.graphsklearn.GraphPipeline'>
loading data
/common/ketrong/AutoImputeExp/tpot2_imputetest/Impute_Experiments/logs/189773/tpot2_base_imputation_MNAR_0.1/data/189773_True.pkl
fitting
try transform
transform worked
0.5339417822363091
[('XGBClassifier_1', 'SimpleImputer_1')]
<class 'tpot2.graphsklearn.GraphPipeline'>
loading data
/common/ketrong/AutoImputeExp/tpot2_imputetest/Impute_Experiments/logs/189773/tpot2_base_imputation_MNAR_0.3/data/189773_True.pkl
fitting
try transform
transform worked
4.155770319294654
[('RandomForestClassifier_1', 'IterativeImputer_1')]
<class 'tpot2.graphsklearn.GraphPipeline'>
loading data
/common/ketrong/AutoImputeExp/tpot2_imputetest/Impute_Experiments/logs/189773/tpot2_base_imputation_MNAR_0.5/data/189773_True.pkl
fitting
try transform
transform worked
2.6124700730455124
189773MNAR_0.9/ failed
189773 Complete
full run takes
0.5512361298004786
hours
DONE
