Run: 11
/cm/local/apps/slurm/var/spool/job549693/slurm_script: line 23: /common/ketrong/minconda3/etc/profile.d/conda.sh: No such file or directory
/cm/local/apps/slurm/var/spool/job549693/slurm_script: line 26: $'\nconda create --name tpot2devenv -c conda-forge python=3.10\n': command not found
/cm/local/apps/slurm/var/spool/job549693/slurm_script: line 31: $'\npip install -r requirements.txt\n': command not found
RunStart
2023-12-12 15:24:49.806524: I tensorflow/core/util/port.cc:113] oneDNN custom operations are on. You may see slightly different numerical results due to floating-point round-off errors from different computation orders. To turn them off, set the environment variable `TF_ENABLE_ONEDNN_OPTS=0`.
2023-12-12 15:24:49.839636: E external/local_xla/xla/stream_executor/cuda/cuda_dnn.cc:9261] Unable to register cuDNN factory: Attempting to register factory for plugin cuDNN when one has already been registered
2023-12-12 15:24:49.839661: E external/local_xla/xla/stream_executor/cuda/cuda_fft.cc:607] Unable to register cuFFT factory: Attempting to register factory for plugin cuFFT when one has already been registered
2023-12-12 15:24:49.840475: E external/local_xla/xla/stream_executor/cuda/cuda_blas.cc:1515] Unable to register cuBLAS factory: Attempting to register factory for plugin cuBLAS when one has already been registered
2023-12-12 15:24:49.845344: I tensorflow/core/platform/cpu_feature_guard.cc:182] This TensorFlow binary is optimized to use available CPU instructions in performance-critical operations.
To enable the following instructions: AVX2 AVX512F AVX512_VNNI FMA, in other operations, rebuild TensorFlow with the appropriate compiler flags.
2023-12-12 15:24:51.604068: W tensorflow/compiler/tf2tensorrt/utils/py_utils.cc:38] TF-TRT Warning: Could not find TensorRT
WARNING:tensorflow:From /home/ketrong/miniconda3/envs/tpot2devenv/lib/python3.10/site-packages/tensorflow/python/compat/v2_compat.py:108: disable_resource_variables (from tensorflow.python.ops.variable_scope) is deprecated and will be removed in a future version.
Instructions for updating:
non-resource variables are not supported in the long term
starting loops
working on 
logs/30/tpot2_base_normal_MNAR_0.01
1.0962331295013428
loading data
data/30_True.pkl
running experiment 1/3 - Does large hyperparameter space improve reconstruction accuracy over simple
[I 2023-12-12 15:25:02,862] A new study created in memory with name: no-name-3fa75c2e-85df-489a-ad59-98fac0022fba
[I 2023-12-12 15:25:03,128] Trial 2 finished with value: 4796.188569451837 and parameters: {'model_name': 'SimpleImputer', 'strategy': 'constant'}. Best is trial 2 with value: 4796.188569451837.
[I 2023-12-12 15:25:03,457] Trial 0 finished with value: 4796.188569451837 and parameters: {'model_name': 'SimpleImputer', 'strategy': 'constant'}. Best is trial 2 with value: 4796.188569451837.
[I 2023-12-12 15:25:03,925] Trial 1 finished with value: 4667.328046159149 and parameters: {'model_name': 'SimpleImputer', 'strategy': 'mean'}. Best is trial 1 with value: 4667.328046159149.
[I 2023-12-12 15:25:04,286] Trial 7 finished with value: 4796.188569451837 and parameters: {'model_name': 'SimpleImputer', 'strategy': 'constant'}. Best is trial 1 with value: 4667.328046159149.
[I 2023-12-12 15:25:04,622] Trial 10 finished with value: 4796.188569451837 and parameters: {'model_name': 'SimpleImputer', 'strategy': 'constant'}. Best is trial 1 with value: 4667.328046159149.
[I 2023-12-12 15:25:04,897] Trial 14 finished with value: 4796.188569451837 and parameters: {'model_name': 'SimpleImputer', 'strategy': 'constant'}. Best is trial 1 with value: 4667.328046159149.
[I 2023-12-12 15:25:05,238] Trial 11 finished with value: 4796.188569451837 and parameters: {'model_name': 'SimpleImputer', 'strategy': 'constant'}. Best is trial 1 with value: 4667.328046159149.
[I 2023-12-12 15:25:05,488] Trial 21 finished with value: 4796.188569451837 and parameters: {'model_name': 'SimpleImputer', 'strategy': 'constant'}. Best is trial 1 with value: 4667.328046159149.
[I 2023-12-12 15:25:05,837] Trial 24 finished with value: 4796.188569451837 and parameters: {'model_name': 'SimpleImputer', 'strategy': 'constant'}. Best is trial 1 with value: 4667.328046159149.
[I 2023-12-12 15:25:06,083] Trial 15 finished with value: 4796.188569451837 and parameters: {'model_name': 'SimpleImputer', 'strategy': 'constant'}. Best is trial 1 with value: 4667.328046159149.
[I 2023-12-12 15:25:06,340] Trial 9 finished with value: 4796.188569451837 and parameters: {'model_name': 'SimpleImputer', 'strategy': 'constant'}. Best is trial 1 with value: 4667.328046159149.
[I 2023-12-12 15:25:06,617] Trial 17 finished with value: 4796.188569451837 and parameters: {'model_name': 'SimpleImputer', 'strategy': 'constant'}. Best is trial 1 with value: 4667.328046159149.
[I 2023-12-12 15:25:06,851] Trial 16 finished with value: 4667.328046159149 and parameters: {'model_name': 'SimpleImputer', 'strategy': 'mean'}. Best is trial 1 with value: 4667.328046159149.
[I 2023-12-12 15:25:07,070] Trial 12 finished with value: 4667.328046159149 and parameters: {'model_name': 'SimpleImputer', 'strategy': 'mean'}. Best is trial 1 with value: 4667.328046159149.
[I 2023-12-12 15:25:07,324] Trial 13 finished with value: 4796.188569451837 and parameters: {'model_name': 'SimpleImputer', 'strategy': 'constant'}. Best is trial 1 with value: 4667.328046159149.
[I 2023-12-12 15:25:07,567] Trial 32 finished with value: 4796.188569451837 and parameters: {'model_name': 'SimpleImputer', 'strategy': 'constant'}. Best is trial 1 with value: 4667.328046159149.
[I 2023-12-12 15:25:07,828] Trial 6 finished with value: 4667.328046159149 and parameters: {'model_name': 'SimpleImputer', 'strategy': 'mean'}. Best is trial 1 with value: 4667.328046159149.
[I 2023-12-12 15:25:08,107] Trial 31 finished with value: 4796.188569451837 and parameters: {'model_name': 'SimpleImputer', 'strategy': 'constant'}. Best is trial 1 with value: 4667.328046159149.
[I 2023-12-12 15:25:08,341] Trial 26 finished with value: 4796.188569451837 and parameters: {'model_name': 'SimpleImputer', 'strategy': 'constant'}. Best is trial 1 with value: 4667.328046159149.
[I 2023-12-12 15:25:08,588] Trial 23 finished with value: 4796.188569451837 and parameters: {'model_name': 'SimpleImputer', 'strategy': 'constant'}. Best is trial 1 with value: 4667.328046159149.
[I 2023-12-12 15:25:08,887] Trial 36 finished with value: 4796.188569451837 and parameters: {'model_name': 'SimpleImputer', 'strategy': 'constant'}. Best is trial 1 with value: 4667.328046159149.
[I 2023-12-12 15:25:09,216] Trial 30 finished with value: 4796.188569451837 and parameters: {'model_name': 'SimpleImputer', 'strategy': 'constant'}. Best is trial 1 with value: 4667.328046159149.
[I 2023-12-12 15:25:09,501] Trial 33 finished with value: 4796.188569451837 and parameters: {'model_name': 'SimpleImputer', 'strategy': 'constant'}. Best is trial 1 with value: 4667.328046159149.
[I 2023-12-12 15:25:09,759] Trial 34 finished with value: 4667.328046159149 and parameters: {'model_name': 'SimpleImputer', 'strategy': 'mean'}. Best is trial 1 with value: 4667.328046159149.
[I 2023-12-12 15:25:10,096] Trial 45 finished with value: 4796.188569451837 and parameters: {'model_name': 'SimpleImputer', 'strategy': 'constant'}. Best is trial 1 with value: 4667.328046159149.
[I 2023-12-12 15:25:10,536] Trial 40 finished with value: 4667.328046159149 and parameters: {'model_name': 'SimpleImputer', 'strategy': 'mean'}. Best is trial 1 with value: 4667.328046159149.
[I 2023-12-12 15:25:10,933] Trial 5 finished with value: 4746.709380078852 and parameters: {'model_name': 'SimpleImputer', 'strategy': 'median'}. Best is trial 1 with value: 4667.328046159149.
[I 2023-12-12 15:25:11,173] Trial 49 finished with value: 4667.328046159149 and parameters: {'model_name': 'SimpleImputer', 'strategy': 'mean'}. Best is trial 1 with value: 4667.328046159149.
[I 2023-12-12 15:25:11,435] Trial 43 finished with value: 4667.328046159149 and parameters: {'model_name': 'SimpleImputer', 'strategy': 'mean'}. Best is trial 1 with value: 4667.328046159149.
[I 2023-12-12 15:25:11,857] Trial 46 finished with value: 4667.328046159149 and parameters: {'model_name': 'SimpleImputer', 'strategy': 'mean'}. Best is trial 1 with value: 4667.328046159149.
[I 2023-12-12 15:25:12,150] Trial 53 finished with value: 4667.328046159149 and parameters: {'model_name': 'SimpleImputer', 'strategy': 'mean'}. Best is trial 1 with value: 4667.328046159149.
[I 2023-12-12 15:25:12,394] Trial 52 finished with value: 4667.328046159149 and parameters: {'model_name': 'SimpleImputer', 'strategy': 'mean'}. Best is trial 1 with value: 4667.328046159149.
[I 2023-12-12 15:25:12,671] Trial 47 finished with value: 4667.328046159149 and parameters: {'model_name': 'SimpleImputer', 'strategy': 'mean'}. Best is trial 1 with value: 4667.328046159149.
[I 2023-12-12 15:25:12,936] Trial 25 finished with value: 4746.709380078852 and parameters: {'model_name': 'SimpleImputer', 'strategy': 'median'}. Best is trial 1 with value: 4667.328046159149.
[I 2023-12-12 15:25:13,171] Trial 54 finished with value: 4667.328046159149 and parameters: {'model_name': 'SimpleImputer', 'strategy': 'mean'}. Best is trial 1 with value: 4667.328046159149.
[I 2023-12-12 15:25:13,536] Trial 48 finished with value: 4667.328046159149 and parameters: {'model_name': 'SimpleImputer', 'strategy': 'mean'}. Best is trial 1 with value: 4667.328046159149.
[I 2023-12-12 15:25:13,797] Trial 18 finished with value: 4746.709380078852 and parameters: {'model_name': 'SimpleImputer', 'strategy': 'median'}. Best is trial 1 with value: 4667.328046159149.
[I 2023-12-12 15:25:14,062] Trial 50 finished with value: 4667.328046159149 and parameters: {'model_name': 'SimpleImputer', 'strategy': 'mean'}. Best is trial 1 with value: 4667.328046159149.
[I 2023-12-12 15:25:14,311] Trial 27 finished with value: 4746.709380078852 and parameters: {'model_name': 'SimpleImputer', 'strategy': 'median'}. Best is trial 1 with value: 4667.328046159149.
[I 2023-12-12 15:25:14,686] Trial 39 finished with value: 4746.709380078852 and parameters: {'model_name': 'SimpleImputer', 'strategy': 'median'}. Best is trial 1 with value: 4667.328046159149.
[I 2023-12-12 15:25:14,960] Trial 28 finished with value: 4746.709380078852 and parameters: {'model_name': 'SimpleImputer', 'strategy': 'median'}. Best is trial 1 with value: 4667.328046159149.
[I 2023-12-12 15:25:15,193] Trial 57 finished with value: 4667.328046159149 and parameters: {'model_name': 'SimpleImputer', 'strategy': 'mean'}. Best is trial 1 with value: 4667.328046159149.
[I 2023-12-12 15:25:15,484] Trial 35 finished with value: 4746.709380078852 and parameters: {'model_name': 'SimpleImputer', 'strategy': 'median'}. Best is trial 1 with value: 4667.328046159149.
[I 2023-12-12 15:25:15,738] Trial 59 finished with value: 4667.328046159149 and parameters: {'model_name': 'SimpleImputer', 'strategy': 'mean'}. Best is trial 1 with value: 4667.328046159149.
[I 2023-12-12 15:25:16,000] Trial 37 finished with value: 4746.709380078852 and parameters: {'model_name': 'SimpleImputer', 'strategy': 'median'}. Best is trial 1 with value: 4667.328046159149.
[I 2023-12-12 15:25:16,297] Trial 65 finished with value: 4667.328046159149 and parameters: {'model_name': 'SimpleImputer', 'strategy': 'mean'}. Best is trial 1 with value: 4667.328046159149.
[I 2023-12-12 15:25:16,628] Trial 60 finished with value: 4667.328046159149 and parameters: {'model_name': 'SimpleImputer', 'strategy': 'mean'}. Best is trial 1 with value: 4667.328046159149.
[I 2023-12-12 15:25:16,875] Trial 51 finished with value: 4667.328046159149 and parameters: {'model_name': 'SimpleImputer', 'strategy': 'mean'}. Best is trial 1 with value: 4667.328046159149.
[I 2023-12-12 15:25:17,123] Trial 64 finished with value: 4667.328046159149 and parameters: {'model_name': 'SimpleImputer', 'strategy': 'mean'}. Best is trial 1 with value: 4667.328046159149.
[I 2023-12-12 15:25:17,373] Trial 44 finished with value: 4746.709380078852 and parameters: {'model_name': 'SimpleImputer', 'strategy': 'median'}. Best is trial 1 with value: 4667.328046159149.
[I 2023-12-12 15:25:17,602] Trial 62 finished with value: 4667.328046159149 and parameters: {'model_name': 'SimpleImputer', 'strategy': 'mean'}. Best is trial 1 with value: 4667.328046159149.
[I 2023-12-12 15:25:17,930] Trial 67 finished with value: 4667.328046159149 and parameters: {'model_name': 'SimpleImputer', 'strategy': 'mean'}. Best is trial 1 with value: 4667.328046159149.
[I 2023-12-12 15:25:18,223] Trial 63 finished with value: 4667.328046159149 and parameters: {'model_name': 'SimpleImputer', 'strategy': 'mean'}. Best is trial 1 with value: 4667.328046159149.
[I 2023-12-12 15:25:18,513] Trial 68 finished with value: 4667.328046159149 and parameters: {'model_name': 'SimpleImputer', 'strategy': 'mean'}. Best is trial 1 with value: 4667.328046159149.
[I 2023-12-12 15:25:18,877] Trial 74 finished with value: 4667.328046159149 and parameters: {'model_name': 'SimpleImputer', 'strategy': 'mean'}. Best is trial 1 with value: 4667.328046159149.
[I 2023-12-12 15:25:19,146] Trial 61 finished with value: 4667.328046159149 and parameters: {'model_name': 'SimpleImputer', 'strategy': 'mean'}. Best is trial 1 with value: 4667.328046159149.
[I 2023-12-12 15:25:19,500] Trial 69 finished with value: 4667.328046159149 and parameters: {'model_name': 'SimpleImputer', 'strategy': 'mean'}. Best is trial 1 with value: 4667.328046159149.
[I 2023-12-12 15:25:19,923] Trial 88 finished with value: 4667.328046159149 and parameters: {'model_name': 'SimpleImputer', 'strategy': 'mean'}. Best is trial 1 with value: 4667.328046159149.
[I 2023-12-12 15:25:20,189] Trial 66 finished with value: 4667.328046159149 and parameters: {'model_name': 'SimpleImputer', 'strategy': 'mean'}. Best is trial 1 with value: 4667.328046159149.
[I 2023-12-12 15:25:20,552] Trial 58 finished with value: 4667.328046159149 and parameters: {'model_name': 'SimpleImputer', 'strategy': 'mean'}. Best is trial 1 with value: 4667.328046159149.
[I 2023-12-12 15:25:20,827] Trial 55 finished with value: 4746.709380078852 and parameters: {'model_name': 'SimpleImputer', 'strategy': 'median'}. Best is trial 1 with value: 4667.328046159149.
[I 2023-12-12 15:25:21,620] Trial 71 finished with value: 4746.709380078852 and parameters: {'model_name': 'SimpleImputer', 'strategy': 'median'}. Best is trial 1 with value: 4667.328046159149.
[I 2023-12-12 15:25:21,972] Trial 70 finished with value: 4746.709380078852 and parameters: {'model_name': 'SimpleImputer', 'strategy': 'median'}. Best is trial 1 with value: 4667.328046159149.
[I 2023-12-12 15:25:22,170] Trial 3 finished with value: 4781.706060574246 and parameters: {'model_name': 'SimpleImputer', 'strategy': 'most_frequent'}. Best is trial 1 with value: 4667.328046159149.
[I 2023-12-12 15:25:22,332] Trial 56 finished with value: 4746.709380078852 and parameters: {'model_name': 'SimpleImputer', 'strategy': 'median'}. Best is trial 1 with value: 4667.328046159149.
[I 2023-12-12 15:25:22,677] Trial 29 finished with value: 4781.706060574246 and parameters: {'model_name': 'SimpleImputer', 'strategy': 'most_frequent'}. Best is trial 1 with value: 4667.328046159149.
[I 2023-12-12 15:25:22,832] Trial 103 finished with value: 4667.328046159149 and parameters: {'model_name': 'SimpleImputer', 'strategy': 'mean'}. Best is trial 1 with value: 4667.328046159149.
[I 2023-12-12 15:25:23,297] Trial 22 finished with value: 4781.706060574246 and parameters: {'model_name': 'SimpleImputer', 'strategy': 'most_frequent'}. Best is trial 1 with value: 4667.328046159149.
[I 2023-12-12 15:25:23,518] Trial 4 finished with value: 4781.706060574246 and parameters: {'model_name': 'SimpleImputer', 'strategy': 'most_frequent'}. Best is trial 1 with value: 4667.328046159149.
[I 2023-12-12 15:25:23,739] Trial 8 finished with value: 4781.706060574246 and parameters: {'model_name': 'SimpleImputer', 'strategy': 'most_frequent'}. Best is trial 1 with value: 4667.328046159149.
[I 2023-12-12 15:25:24,125] Trial 20 finished with value: 4781.706060574246 and parameters: {'model_name': 'SimpleImputer', 'strategy': 'most_frequent'}. Best is trial 1 with value: 4667.328046159149.
[I 2023-12-12 15:25:24,474] Trial 19 finished with value: 4781.706060574246 and parameters: {'model_name': 'SimpleImputer', 'strategy': 'most_frequent'}. Best is trial 1 with value: 4667.328046159149.
[I 2023-12-12 15:25:25,316] Trial 110 finished with value: 4667.328046159149 and parameters: {'model_name': 'SimpleImputer', 'strategy': 'mean'}. Best is trial 1 with value: 4667.328046159149.
[I 2023-12-12 15:25:25,584] Trial 42 finished with value: 4781.706060574246 and parameters: {'model_name': 'SimpleImputer', 'strategy': 'most_frequent'}. Best is trial 1 with value: 4667.328046159149.
[I 2023-12-12 15:25:25,826] Trial 41 finished with value: 4781.706060574246 and parameters: {'model_name': 'SimpleImputer', 'strategy': 'most_frequent'}. Best is trial 1 with value: 4667.328046159149.
[I 2023-12-12 15:25:26,004] Trial 38 finished with value: 4781.706060574246 and parameters: {'model_name': 'SimpleImputer', 'strategy': 'most_frequent'}. Best is trial 1 with value: 4667.328046159149.
[I 2023-12-12 15:25:27,509] Trial 122 finished with value: 4667.328046159149 and parameters: {'model_name': 'SimpleImputer', 'strategy': 'mean'}. Best is trial 1 with value: 4667.328046159149.
[I 2023-12-12 15:25:27,753] Trial 78 finished with value: 4781.706060574246 and parameters: {'model_name': 'SimpleImputer', 'strategy': 'most_frequent'}. Best is trial 1 with value: 4667.328046159149.
[I 2023-12-12 15:25:27,947] Trial 121 finished with value: 4667.328046159149 and parameters: {'model_name': 'SimpleImputer', 'strategy': 'mean'}. Best is trial 1 with value: 4667.328046159149.
[I 2023-12-12 15:25:28,109] Trial 123 finished with value: 4667.328046159149 and parameters: {'model_name': 'SimpleImputer', 'strategy': 'mean'}. Best is trial 1 with value: 4667.328046159149.
[I 2023-12-12 15:25:28,530] Trial 73 finished with value: 4781.706060574246 and parameters: {'model_name': 'SimpleImputer', 'strategy': 'most_frequent'}. Best is trial 1 with value: 4667.328046159149.
[I 2023-12-12 15:25:29,067] Trial 82 finished with value: 4781.706060574246 and parameters: {'model_name': 'SimpleImputer', 'strategy': 'most_frequent'}. Best is trial 1 with value: 4667.328046159149.
[I 2023-12-12 15:25:29,369] Trial 72 finished with value: 4781.706060574246 and parameters: {'model_name': 'SimpleImputer', 'strategy': 'most_frequent'}. Best is trial 1 with value: 4667.328046159149.
[I 2023-12-12 15:25:29,738] Trial 80 finished with value: 4781.706060574246 and parameters: {'model_name': 'SimpleImputer', 'strategy': 'most_frequent'}. Best is trial 1 with value: 4667.328046159149.
[I 2023-12-12 15:25:30,036] Trial 86 finished with value: 4781.706060574246 and parameters: {'model_name': 'SimpleImputer', 'strategy': 'most_frequent'}. Best is trial 1 with value: 4667.328046159149.
[I 2023-12-12 15:25:30,194] Trial 87 finished with value: 4781.706060574246 and parameters: {'model_name': 'SimpleImputer', 'strategy': 'most_frequent'}. Best is trial 1 with value: 4667.328046159149.
[I 2023-12-12 15:25:30,402] Trial 76 finished with value: 4781.706060574246 and parameters: {'model_name': 'SimpleImputer', 'strategy': 'most_frequent'}. Best is trial 1 with value: 4667.328046159149.
[I 2023-12-12 15:25:30,782] Trial 85 finished with value: 4781.706060574246 and parameters: {'model_name': 'SimpleImputer', 'strategy': 'most_frequent'}. Best is trial 1 with value: 4667.328046159149.
[I 2023-12-12 15:25:30,997] Trial 90 finished with value: 4781.706060574246 and parameters: {'model_name': 'SimpleImputer', 'strategy': 'most_frequent'}. Best is trial 1 with value: 4667.328046159149.
[I 2023-12-12 15:25:31,283] Trial 91 finished with value: 4781.706060574246 and parameters: {'model_name': 'SimpleImputer', 'strategy': 'most_frequent'}. Best is trial 1 with value: 4667.328046159149.
[I 2023-12-12 15:25:31,548] Trial 84 finished with value: 4781.706060574246 and parameters: {'model_name': 'SimpleImputer', 'strategy': 'most_frequent'}. Best is trial 1 with value: 4667.328046159149.
[I 2023-12-12 15:25:31,802] Trial 81 finished with value: 4781.706060574246 and parameters: {'model_name': 'SimpleImputer', 'strategy': 'most_frequent'}. Best is trial 1 with value: 4667.328046159149.
[I 2023-12-12 15:25:32,083] Trial 75 finished with value: 4781.706060574246 and parameters: {'model_name': 'SimpleImputer', 'strategy': 'most_frequent'}. Best is trial 1 with value: 4667.328046159149.
[I 2023-12-12 15:25:32,338] Trial 93 finished with value: 4781.706060574246 and parameters: {'model_name': 'SimpleImputer', 'strategy': 'most_frequent'}. Best is trial 1 with value: 4667.328046159149.
[I 2023-12-12 15:25:32,577] Trial 124 finished with value: 4667.328046159149 and parameters: {'model_name': 'SimpleImputer', 'strategy': 'mean'}. Best is trial 1 with value: 4667.328046159149.
[I 2023-12-12 15:25:32,781] Trial 79 finished with value: 4781.706060574246 and parameters: {'model_name': 'SimpleImputer', 'strategy': 'most_frequent'}. Best is trial 1 with value: 4667.328046159149.
[I 2023-12-12 15:25:33,047] Trial 127 finished with value: 4667.328046159149 and parameters: {'model_name': 'SimpleImputer', 'strategy': 'mean'}. Best is trial 1 with value: 4667.328046159149.
[I 2023-12-12 15:25:33,358] Trial 126 finished with value: 4667.328046159149 and parameters: {'model_name': 'SimpleImputer', 'strategy': 'mean'}. Best is trial 1 with value: 4667.328046159149.
[I 2023-12-12 15:25:33,712] Trial 89 finished with value: 4781.706060574246 and parameters: {'model_name': 'SimpleImputer', 'strategy': 'most_frequent'}. Best is trial 1 with value: 4667.328046159149.
[I 2023-12-12 15:25:33,904] Trial 94 finished with value: 4781.706060574246 and parameters: {'model_name': 'SimpleImputer', 'strategy': 'most_frequent'}. Best is trial 1 with value: 4667.328046159149.
[I 2023-12-12 15:25:34,113] Trial 77 finished with value: 4781.706060574246 and parameters: {'model_name': 'SimpleImputer', 'strategy': 'most_frequent'}. Best is trial 1 with value: 4667.328046159149.
[I 2023-12-12 15:25:34,446] Trial 125 finished with value: 4667.328046159149 and parameters: {'model_name': 'SimpleImputer', 'strategy': 'mean'}. Best is trial 1 with value: 4667.328046159149.
[I 2023-12-12 15:25:34,964] Trial 92 finished with value: 4781.706060574246 and parameters: {'model_name': 'SimpleImputer', 'strategy': 'most_frequent'}. Best is trial 1 with value: 4667.328046159149.
[I 2023-12-12 15:25:35,267] Trial 83 finished with value: 4781.706060574246 and parameters: {'model_name': 'SimpleImputer', 'strategy': 'most_frequent'}. Best is trial 1 with value: 4667.328046159149.
[I 2023-12-12 15:25:35,587] Trial 135 finished with value: 4667.328046159149 and parameters: {'model_name': 'SimpleImputer', 'strategy': 'mean'}. Best is trial 1 with value: 4667.328046159149.
[I 2023-12-12 15:25:35,787] Trial 131 finished with value: 4667.328046159149 and parameters: {'model_name': 'SimpleImputer', 'strategy': 'mean'}. Best is trial 1 with value: 4667.328046159149.
[I 2023-12-12 15:25:35,945] Trial 100 finished with value: 4781.706060574246 and parameters: {'model_name': 'SimpleImputer', 'strategy': 'most_frequent'}. Best is trial 1 with value: 4667.328046159149.
[I 2023-12-12 15:25:36,123] Trial 99 finished with value: 4781.706060574246 and parameters: {'model_name': 'SimpleImputer', 'strategy': 'most_frequent'}. Best is trial 1 with value: 4667.328046159149.
[I 2023-12-12 15:25:36,424] Trial 130 finished with value: 4667.328046159149 and parameters: {'model_name': 'SimpleImputer', 'strategy': 'mean'}. Best is trial 1 with value: 4667.328046159149.
[I 2023-12-12 15:25:36,683] Trial 96 finished with value: 4781.706060574246 and parameters: {'model_name': 'SimpleImputer', 'strategy': 'most_frequent'}. Best is trial 1 with value: 4667.328046159149.
slurmstepd: error: *** JOB 549693 ON esplhpc-cp006 CANCELLED AT 2023-12-12T15:25:36 ***
slurmstepd: error: *** STEP 549693.0 ON esplhpc-cp006 CANCELLED AT 2023-12-12T15:25:36 ***
