Run: 2
/cm/local/apps/slurm/var/spool/job549677/slurm_script: line 23: /common/ketrong/minconda3/etc/profile.d/conda.sh: No such file or directory
/cm/local/apps/slurm/var/spool/job549677/slurm_script: line 26: $'\nconda create --name tpot2devenv -c conda-forge python=3.10\n': command not found
/cm/local/apps/slurm/var/spool/job549677/slurm_script: line 31: $'\npip install -r requirements.txt\n': command not found
RunStart
2023-12-12 15:23:34.738753: I tensorflow/core/util/port.cc:113] oneDNN custom operations are on. You may see slightly different numerical results due to floating-point round-off errors from different computation orders. To turn them off, set the environment variable `TF_ENABLE_ONEDNN_OPTS=0`.
2023-12-12 15:23:34.774622: E external/local_xla/xla/stream_executor/cuda/cuda_dnn.cc:9261] Unable to register cuDNN factory: Attempting to register factory for plugin cuDNN when one has already been registered
2023-12-12 15:23:34.774647: E external/local_xla/xla/stream_executor/cuda/cuda_fft.cc:607] Unable to register cuFFT factory: Attempting to register factory for plugin cuFFT when one has already been registered
2023-12-12 15:23:34.776026: E external/local_xla/xla/stream_executor/cuda/cuda_blas.cc:1515] Unable to register cuBLAS factory: Attempting to register factory for plugin cuBLAS when one has already been registered
2023-12-12 15:23:34.782107: I tensorflow/core/platform/cpu_feature_guard.cc:182] This TensorFlow binary is optimized to use available CPU instructions in performance-critical operations.
To enable the following instructions: AVX2 AVX512F AVX512_VNNI FMA, in other operations, rebuild TensorFlow with the appropriate compiler flags.
2023-12-12 15:23:35.937325: W tensorflow/compiler/tf2tensorrt/utils/py_utils.cc:38] TF-TRT Warning: Could not find TensorRT
WARNING:tensorflow:From /home/ketrong/miniconda3/envs/tpot2devenv/lib/python3.10/site-packages/tensorflow/python/compat/v2_compat.py:108: disable_resource_variables (from tensorflow.python.ops.variable_scope) is deprecated and will be removed in a future version.
Instructions for updating:
non-resource variables are not supported in the long term
starting loops
working on 
logs/30/tpot2_base_normal_MCAR_0.1
4.336827516555786
loading data
data/30_True.pkl
running experiment 1/3 - Does large hyperparameter space improve reconstruction accuracy over simple
[I 2023-12-12 15:23:47,802] A new study created in memory with name: no-name-dbf97606-28b1-4ed1-a1a3-229bbc78be50
[I 2023-12-12 15:23:48,184] Trial 1 finished with value: 1013.967193022899 and parameters: {'model_name': 'SimpleImputer', 'strategy': 'constant'}. Best is trial 1 with value: 1013.967193022899.
[I 2023-12-12 15:23:48,702] Trial 2 finished with value: 1013.967193022899 and parameters: {'model_name': 'SimpleImputer', 'strategy': 'constant'}. Best is trial 1 with value: 1013.967193022899.
[I 2023-12-12 15:23:49,100] Trial 8 finished with value: 919.4225014425599 and parameters: {'model_name': 'SimpleImputer', 'strategy': 'mean'}. Best is trial 8 with value: 919.4225014425599.
[I 2023-12-12 15:23:49,278] Trial 17 finished with value: 1013.967193022899 and parameters: {'model_name': 'SimpleImputer', 'strategy': 'constant'}. Best is trial 8 with value: 919.4225014425599.
[I 2023-12-12 15:23:49,449] Trial 9 finished with value: 1013.967193022899 and parameters: {'model_name': 'SimpleImputer', 'strategy': 'constant'}. Best is trial 8 with value: 919.4225014425599.
[I 2023-12-12 15:23:49,720] Trial 11 finished with value: 1013.967193022899 and parameters: {'model_name': 'SimpleImputer', 'strategy': 'constant'}. Best is trial 8 with value: 919.4225014425599.
[I 2023-12-12 15:23:49,955] Trial 21 finished with value: 919.4225014425599 and parameters: {'model_name': 'SimpleImputer', 'strategy': 'mean'}. Best is trial 8 with value: 919.4225014425599.
[I 2023-12-12 15:23:50,162] Trial 6 finished with value: 919.4225014425599 and parameters: {'model_name': 'SimpleImputer', 'strategy': 'mean'}. Best is trial 8 with value: 919.4225014425599.
[I 2023-12-12 15:23:50,497] Trial 23 finished with value: 919.4225014425599 and parameters: {'model_name': 'SimpleImputer', 'strategy': 'mean'}. Best is trial 8 with value: 919.4225014425599.
[I 2023-12-12 15:23:50,725] Trial 15 finished with value: 1013.967193022899 and parameters: {'model_name': 'SimpleImputer', 'strategy': 'constant'}. Best is trial 8 with value: 919.4225014425599.
[I 2023-12-12 15:23:50,986] Trial 18 finished with value: 919.4225014425599 and parameters: {'model_name': 'SimpleImputer', 'strategy': 'mean'}. Best is trial 8 with value: 919.4225014425599.
[I 2023-12-12 15:23:51,213] Trial 26 finished with value: 1013.967193022899 and parameters: {'model_name': 'SimpleImputer', 'strategy': 'constant'}. Best is trial 8 with value: 919.4225014425599.
[I 2023-12-12 15:23:51,395] Trial 13 finished with value: 919.4225014425599 and parameters: {'model_name': 'SimpleImputer', 'strategy': 'mean'}. Best is trial 8 with value: 919.4225014425599.
[I 2023-12-12 15:23:51,752] Trial 28 finished with value: 1013.967193022899 and parameters: {'model_name': 'SimpleImputer', 'strategy': 'constant'}. Best is trial 8 with value: 919.4225014425599.
[I 2023-12-12 15:23:51,936] Trial 29 finished with value: 1013.967193022899 and parameters: {'model_name': 'SimpleImputer', 'strategy': 'constant'}. Best is trial 8 with value: 919.4225014425599.
[I 2023-12-12 15:23:52,476] Trial 24 finished with value: 919.4225014425599 and parameters: {'model_name': 'SimpleImputer', 'strategy': 'mean'}. Best is trial 8 with value: 919.4225014425599.
[I 2023-12-12 15:23:53,093] Trial 40 finished with value: 1013.967193022899 and parameters: {'model_name': 'SimpleImputer', 'strategy': 'constant'}. Best is trial 8 with value: 919.4225014425599.
[I 2023-12-12 15:23:53,305] Trial 5 finished with value: 969.9475629607687 and parameters: {'model_name': 'SimpleImputer', 'strategy': 'median'}. Best is trial 8 with value: 919.4225014425599.
[I 2023-12-12 15:23:53,550] Trial 35 finished with value: 919.4225014425599 and parameters: {'model_name': 'SimpleImputer', 'strategy': 'mean'}. Best is trial 8 with value: 919.4225014425599.
[I 2023-12-12 15:23:53,757] Trial 31 finished with value: 919.4225014425599 and parameters: {'model_name': 'SimpleImputer', 'strategy': 'mean'}. Best is trial 8 with value: 919.4225014425599.
[I 2023-12-12 15:23:54,067] Trial 10 finished with value: 969.9475629607687 and parameters: {'model_name': 'SimpleImputer', 'strategy': 'median'}. Best is trial 8 with value: 919.4225014425599.
[I 2023-12-12 15:23:54,321] Trial 16 finished with value: 969.9475629607687 and parameters: {'model_name': 'SimpleImputer', 'strategy': 'median'}. Best is trial 8 with value: 919.4225014425599.
[I 2023-12-12 15:23:54,538] Trial 36 finished with value: 919.4225014425599 and parameters: {'model_name': 'SimpleImputer', 'strategy': 'mean'}. Best is trial 8 with value: 919.4225014425599.
[I 2023-12-12 15:23:54,810] Trial 14 finished with value: 969.9475629607687 and parameters: {'model_name': 'SimpleImputer', 'strategy': 'median'}. Best is trial 8 with value: 919.4225014425599.
[I 2023-12-12 15:23:55,157] Trial 39 finished with value: 919.4225014425599 and parameters: {'model_name': 'SimpleImputer', 'strategy': 'mean'}. Best is trial 8 with value: 919.4225014425599.
[I 2023-12-12 15:23:55,358] Trial 22 finished with value: 969.9475629607687 and parameters: {'model_name': 'SimpleImputer', 'strategy': 'median'}. Best is trial 8 with value: 919.4225014425599.
[I 2023-12-12 15:23:55,661] Trial 20 finished with value: 969.9475629607687 and parameters: {'model_name': 'SimpleImputer', 'strategy': 'median'}. Best is trial 8 with value: 919.4225014425599.
[I 2023-12-12 15:23:55,879] Trial 43 finished with value: 919.4225014425599 and parameters: {'model_name': 'SimpleImputer', 'strategy': 'mean'}. Best is trial 8 with value: 919.4225014425599.
[I 2023-12-12 15:23:56,234] Trial 45 finished with value: 919.4225014425599 and parameters: {'model_name': 'SimpleImputer', 'strategy': 'mean'}. Best is trial 8 with value: 919.4225014425599.
[I 2023-12-12 15:23:56,813] Trial 30 finished with value: 969.9475629607687 and parameters: {'model_name': 'SimpleImputer', 'strategy': 'median'}. Best is trial 8 with value: 919.4225014425599.
[I 2023-12-12 15:23:57,170] Trial 52 finished with value: 969.9475629607687 and parameters: {'model_name': 'SimpleImputer', 'strategy': 'median'}. Best is trial 8 with value: 919.4225014425599.
[I 2023-12-12 15:23:57,413] Trial 38 finished with value: 969.9475629607687 and parameters: {'model_name': 'SimpleImputer', 'strategy': 'median'}. Best is trial 8 with value: 919.4225014425599.
[I 2023-12-12 15:23:57,749] Trial 48 finished with value: 969.9475629607687 and parameters: {'model_name': 'SimpleImputer', 'strategy': 'median'}. Best is trial 8 with value: 919.4225014425599.
[I 2023-12-12 15:23:58,041] Trial 42 finished with value: 969.9475629607687 and parameters: {'model_name': 'SimpleImputer', 'strategy': 'median'}. Best is trial 8 with value: 919.4225014425599.
[I 2023-12-12 15:23:58,274] Trial 37 finished with value: 969.9475629607687 and parameters: {'model_name': 'SimpleImputer', 'strategy': 'median'}. Best is trial 8 with value: 919.4225014425599.
[I 2023-12-12 15:23:58,710] Trial 44 finished with value: 969.9475629607687 and parameters: {'model_name': 'SimpleImputer', 'strategy': 'median'}. Best is trial 8 with value: 919.4225014425599.
[I 2023-12-12 15:23:58,973] Trial 50 finished with value: 969.9475629607687 and parameters: {'model_name': 'SimpleImputer', 'strategy': 'median'}. Best is trial 8 with value: 919.4225014425599.
[I 2023-12-12 15:23:59,166] Trial 53 finished with value: 969.9475629607687 and parameters: {'model_name': 'SimpleImputer', 'strategy': 'median'}. Best is trial 8 with value: 919.4225014425599.
[I 2023-12-12 15:23:59,427] Trial 61 finished with value: 969.9475629607687 and parameters: {'model_name': 'SimpleImputer', 'strategy': 'median'}. Best is trial 8 with value: 919.4225014425599.
[I 2023-12-12 15:23:59,746] Trial 59 finished with value: 969.9475629607687 and parameters: {'model_name': 'SimpleImputer', 'strategy': 'median'}. Best is trial 8 with value: 919.4225014425599.
[I 2023-12-12 15:23:59,978] Trial 49 finished with value: 969.9475629607687 and parameters: {'model_name': 'SimpleImputer', 'strategy': 'median'}. Best is trial 8 with value: 919.4225014425599.
[I 2023-12-12 15:24:00,263] Trial 51 finished with value: 969.9475629607687 and parameters: {'model_name': 'SimpleImputer', 'strategy': 'median'}. Best is trial 8 with value: 919.4225014425599.
[I 2023-12-12 15:24:00,471] Trial 47 finished with value: 969.9475629607687 and parameters: {'model_name': 'SimpleImputer', 'strategy': 'median'}. Best is trial 8 with value: 919.4225014425599.
[I 2023-12-12 15:24:01,103] Trial 63 finished with value: 969.9475629607687 and parameters: {'model_name': 'SimpleImputer', 'strategy': 'median'}. Best is trial 8 with value: 919.4225014425599.
[I 2023-12-12 15:24:01,690] Trial 64 finished with value: 969.9475629607687 and parameters: {'model_name': 'SimpleImputer', 'strategy': 'median'}. Best is trial 8 with value: 919.4225014425599.
[I 2023-12-12 15:24:02,125] Trial 87 finished with value: 919.4225014425599 and parameters: {'model_name': 'SimpleImputer', 'strategy': 'mean'}. Best is trial 8 with value: 919.4225014425599.
[I 2023-12-12 15:24:02,411] Trial 0 finished with value: 1013.9618804784197 and parameters: {'model_name': 'SimpleImputer', 'strategy': 'most_frequent'}. Best is trial 8 with value: 919.4225014425599.
[I 2023-12-12 15:24:02,905] Trial 7 finished with value: 1013.9618804784197 and parameters: {'model_name': 'SimpleImputer', 'strategy': 'most_frequent'}. Best is trial 8 with value: 919.4225014425599.
[I 2023-12-12 15:24:03,196] Trial 4 finished with value: 1013.9618804784197 and parameters: {'model_name': 'SimpleImputer', 'strategy': 'most_frequent'}. Best is trial 8 with value: 919.4225014425599.
[I 2023-12-12 15:24:03,491] Trial 12 finished with value: 1013.9618804784197 and parameters: {'model_name': 'SimpleImputer', 'strategy': 'most_frequent'}. Best is trial 8 with value: 919.4225014425599.
[I 2023-12-12 15:24:03,769] Trial 19 finished with value: 1013.9618804784197 and parameters: {'model_name': 'SimpleImputer', 'strategy': 'most_frequent'}. Best is trial 8 with value: 919.4225014425599.
[I 2023-12-12 15:24:03,974] Trial 3 finished with value: 1013.9618804784197 and parameters: {'model_name': 'SimpleImputer', 'strategy': 'most_frequent'}. Best is trial 8 with value: 919.4225014425599.
[I 2023-12-12 15:24:04,503] Trial 25 finished with value: 1013.9618804784197 and parameters: {'model_name': 'SimpleImputer', 'strategy': 'most_frequent'}. Best is trial 8 with value: 919.4225014425599.
[I 2023-12-12 15:24:04,855] Trial 41 finished with value: 1013.9618804784197 and parameters: {'model_name': 'SimpleImputer', 'strategy': 'most_frequent'}. Best is trial 8 with value: 919.4225014425599.
[I 2023-12-12 15:24:05,223] Trial 32 finished with value: 1013.9618804784197 and parameters: {'model_name': 'SimpleImputer', 'strategy': 'most_frequent'}. Best is trial 8 with value: 919.4225014425599.
[I 2023-12-12 15:24:05,732] Trial 27 finished with value: 1013.9618804784197 and parameters: {'model_name': 'SimpleImputer', 'strategy': 'most_frequent'}. Best is trial 8 with value: 919.4225014425599.
[I 2023-12-12 15:24:05,937] Trial 54 finished with value: 1013.9618804784197 and parameters: {'model_name': 'SimpleImputer', 'strategy': 'most_frequent'}. Best is trial 8 with value: 919.4225014425599.
[I 2023-12-12 15:24:06,349] Trial 33 finished with value: 1013.9618804784197 and parameters: {'model_name': 'SimpleImputer', 'strategy': 'most_frequent'}. Best is trial 8 with value: 919.4225014425599.
[I 2023-12-12 15:24:06,614] Trial 97 finished with value: 919.4225014425599 and parameters: {'model_name': 'SimpleImputer', 'strategy': 'mean'}. Best is trial 8 with value: 919.4225014425599.
[I 2023-12-12 15:24:07,097] Trial 98 finished with value: 919.4225014425599 and parameters: {'model_name': 'SimpleImputer', 'strategy': 'mean'}. Best is trial 8 with value: 919.4225014425599.
[I 2023-12-12 15:24:07,462] Trial 58 finished with value: 1013.9618804784197 and parameters: {'model_name': 'SimpleImputer', 'strategy': 'most_frequent'}. Best is trial 8 with value: 919.4225014425599.
[I 2023-12-12 15:24:07,762] Trial 99 finished with value: 919.4225014425599 and parameters: {'model_name': 'SimpleImputer', 'strategy': 'mean'}. Best is trial 8 with value: 919.4225014425599.
[I 2023-12-12 15:24:08,058] Trial 55 finished with value: 1013.9618804784197 and parameters: {'model_name': 'SimpleImputer', 'strategy': 'most_frequent'}. Best is trial 8 with value: 919.4225014425599.
[I 2023-12-12 15:24:08,303] Trial 34 finished with value: 1013.9618804784197 and parameters: {'model_name': 'SimpleImputer', 'strategy': 'most_frequent'}. Best is trial 8 with value: 919.4225014425599.
[I 2023-12-12 15:24:08,546] Trial 102 finished with value: 919.4225014425599 and parameters: {'model_name': 'SimpleImputer', 'strategy': 'mean'}. Best is trial 8 with value: 919.4225014425599.
[I 2023-12-12 15:24:08,758] Trial 62 finished with value: 1013.9618804784197 and parameters: {'model_name': 'SimpleImputer', 'strategy': 'most_frequent'}. Best is trial 8 with value: 919.4225014425599.
[I 2023-12-12 15:24:08,991] Trial 57 finished with value: 1013.9618804784197 and parameters: {'model_name': 'SimpleImputer', 'strategy': 'most_frequent'}. Best is trial 8 with value: 919.4225014425599.
[I 2023-12-12 15:24:09,269] Trial 100 finished with value: 919.4225014425599 and parameters: {'model_name': 'SimpleImputer', 'strategy': 'mean'}. Best is trial 8 with value: 919.4225014425599.
[I 2023-12-12 15:24:09,507] Trial 101 finished with value: 919.4225014425599 and parameters: {'model_name': 'SimpleImputer', 'strategy': 'mean'}. Best is trial 8 with value: 919.4225014425599.
[I 2023-12-12 15:24:09,761] Trial 67 finished with value: 1013.9618804784197 and parameters: {'model_name': 'SimpleImputer', 'strategy': 'most_frequent'}. Best is trial 8 with value: 919.4225014425599.
[I 2023-12-12 15:24:10,067] Trial 46 finished with value: 1013.9618804784197 and parameters: {'model_name': 'SimpleImputer', 'strategy': 'most_frequent'}. Best is trial 8 with value: 919.4225014425599.
[I 2023-12-12 15:24:10,378] Trial 105 finished with value: 919.4225014425599 and parameters: {'model_name': 'SimpleImputer', 'strategy': 'mean'}. Best is trial 8 with value: 919.4225014425599.
[I 2023-12-12 15:24:10,661] Trial 60 finished with value: 1013.9618804784197 and parameters: {'model_name': 'SimpleImputer', 'strategy': 'most_frequent'}. Best is trial 8 with value: 919.4225014425599.
[I 2023-12-12 15:24:10,930] Trial 103 finished with value: 919.4225014425599 and parameters: {'model_name': 'SimpleImputer', 'strategy': 'mean'}. Best is trial 8 with value: 919.4225014425599.
[I 2023-12-12 15:24:11,104] Trial 104 finished with value: 919.4225014425599 and parameters: {'model_name': 'SimpleImputer', 'strategy': 'mean'}. Best is trial 8 with value: 919.4225014425599.
[I 2023-12-12 15:24:11,388] Trial 66 finished with value: 1013.9618804784197 and parameters: {'model_name': 'SimpleImputer', 'strategy': 'most_frequent'}. Best is trial 8 with value: 919.4225014425599.
[I 2023-12-12 15:24:11,612] Trial 106 finished with value: 919.4225014425599 and parameters: {'model_name': 'SimpleImputer', 'strategy': 'mean'}. Best is trial 8 with value: 919.4225014425599.
[I 2023-12-12 15:24:11,791] Trial 56 finished with value: 1013.9618804784197 and parameters: {'model_name': 'SimpleImputer', 'strategy': 'most_frequent'}. Best is trial 8 with value: 919.4225014425599.
[I 2023-12-12 15:24:12,091] Trial 74 finished with value: 1013.9618804784197 and parameters: {'model_name': 'SimpleImputer', 'strategy': 'most_frequent'}. Best is trial 8 with value: 919.4225014425599.
[I 2023-12-12 15:24:12,327] Trial 69 finished with value: 1013.9618804784197 and parameters: {'model_name': 'SimpleImputer', 'strategy': 'most_frequent'}. Best is trial 8 with value: 919.4225014425599.
[I 2023-12-12 15:24:12,630] Trial 72 finished with value: 1013.9618804784197 and parameters: {'model_name': 'SimpleImputer', 'strategy': 'most_frequent'}. Best is trial 8 with value: 919.4225014425599.
[I 2023-12-12 15:24:12,940] Trial 75 finished with value: 1013.9618804784197 and parameters: {'model_name': 'SimpleImputer', 'strategy': 'most_frequent'}. Best is trial 8 with value: 919.4225014425599.
[I 2023-12-12 15:24:13,235] Trial 112 finished with value: 919.4225014425599 and parameters: {'model_name': 'SimpleImputer', 'strategy': 'mean'}. Best is trial 8 with value: 919.4225014425599.
[I 2023-12-12 15:24:13,419] Trial 65 finished with value: 1013.9618804784197 and parameters: {'model_name': 'SimpleImputer', 'strategy': 'most_frequent'}. Best is trial 8 with value: 919.4225014425599.
[I 2023-12-12 15:24:13,695] Trial 68 finished with value: 1013.9618804784197 and parameters: {'model_name': 'SimpleImputer', 'strategy': 'most_frequent'}. Best is trial 8 with value: 919.4225014425599.
[I 2023-12-12 15:24:14,084] Trial 109 finished with value: 919.4225014425599 and parameters: {'model_name': 'SimpleImputer', 'strategy': 'mean'}. Best is trial 8 with value: 919.4225014425599.
[I 2023-12-12 15:24:14,325] Trial 80 finished with value: 1013.9618804784197 and parameters: {'model_name': 'SimpleImputer', 'strategy': 'most_frequent'}. Best is trial 8 with value: 919.4225014425599.
[I 2023-12-12 15:24:14,617] Trial 70 finished with value: 1013.9618804784197 and parameters: {'model_name': 'SimpleImputer', 'strategy': 'most_frequent'}. Best is trial 8 with value: 919.4225014425599.
[I 2023-12-12 15:24:14,876] Trial 111 finished with value: 919.4225014425599 and parameters: {'model_name': 'SimpleImputer', 'strategy': 'mean'}. Best is trial 8 with value: 919.4225014425599.
[I 2023-12-12 15:24:15,191] Trial 73 finished with value: 1013.9618804784197 and parameters: {'model_name': 'SimpleImputer', 'strategy': 'most_frequent'}. Best is trial 8 with value: 919.4225014425599.
[I 2023-12-12 15:24:15,490] Trial 107 finished with value: 919.4225014425599 and parameters: {'model_name': 'SimpleImputer', 'strategy': 'mean'}. Best is trial 8 with value: 919.4225014425599.
[I 2023-12-12 15:24:15,858] Trial 71 finished with value: 1013.9618804784197 and parameters: {'model_name': 'SimpleImputer', 'strategy': 'most_frequent'}. Best is trial 8 with value: 919.4225014425599.
[I 2023-12-12 15:24:16,240] Trial 78 finished with value: 1013.9618804784197 and parameters: {'model_name': 'SimpleImputer', 'strategy': 'most_frequent'}. Best is trial 8 with value: 919.4225014425599.
[I 2023-12-12 15:24:16,463] Trial 108 finished with value: 919.4225014425599 and parameters: {'model_name': 'SimpleImputer', 'strategy': 'mean'}. Best is trial 8 with value: 919.4225014425599.
[I 2023-12-12 15:24:16,660] Trial 113 finished with value: 919.4225014425599 and parameters: {'model_name': 'SimpleImputer', 'strategy': 'mean'}. Best is trial 8 with value: 919.4225014425599.
[I 2023-12-12 15:24:16,893] Trial 116 finished with value: 919.4225014425599 and parameters: {'model_name': 'SimpleImputer', 'strategy': 'mean'}. Best is trial 8 with value: 919.4225014425599.
[I 2023-12-12 15:24:17,245] Trial 110 finished with value: 919.4225014425599 and parameters: {'model_name': 'SimpleImputer', 'strategy': 'mean'}. Best is trial 8 with value: 919.4225014425599.
[I 2023-12-12 15:24:17,493] Trial 115 finished with value: 919.4225014425599 and parameters: {'model_name': 'SimpleImputer', 'strategy': 'mean'}. Best is trial 8 with value: 919.4225014425599.
[I 2023-12-12 15:24:17,774] Trial 117 finished with value: 919.4225014425599 and parameters: {'model_name': 'SimpleImputer', 'strategy': 'mean'}. Best is trial 8 with value: 919.4225014425599.
[I 2023-12-12 15:24:18,036] Trial 89 finished with value: 1013.9618804784197 and parameters: {'model_name': 'SimpleImputer', 'strategy': 'most_frequent'}. Best is trial 8 with value: 919.4225014425599.
[I 2023-12-12 15:24:18,284] Trial 119 finished with value: 919.4225014425599 and parameters: {'model_name': 'SimpleImputer', 'strategy': 'mean'}. Best is trial 8 with value: 919.4225014425599.
[I 2023-12-12 15:24:18,529] Trial 114 finished with value: 919.4225014425599 and parameters: {'model_name': 'SimpleImputer', 'strategy': 'mean'}. Best is trial 8 with value: 919.4225014425599.
[I 2023-12-12 15:24:18,765] Trial 82 finished with value: 1013.9618804784197 and parameters: {'model_name': 'SimpleImputer', 'strategy': 'most_frequent'}. Best is trial 8 with value: 919.4225014425599.
[I 2023-12-12 15:24:19,038] Trial 76 finished with value: 1013.9618804784197 and parameters: {'model_name': 'SimpleImputer', 'strategy': 'most_frequent'}. Best is trial 8 with value: 919.4225014425599.
[I 2023-12-12 15:24:19,226] Trial 118 finished with value: 919.4225014425599 and parameters: {'model_name': 'SimpleImputer', 'strategy': 'mean'}. Best is trial 8 with value: 919.4225014425599.
[I 2023-12-12 15:24:19,481] Trial 121 finished with value: 919.4225014425599 and parameters: {'model_name': 'SimpleImputer', 'strategy': 'mean'}. Best is trial 8 with value: 919.4225014425599.
[I 2023-12-12 15:24:19,720] Trial 77 finished with value: 1013.9618804784197 and parameters: {'model_name': 'SimpleImputer', 'strategy': 'most_frequent'}. Best is trial 8 with value: 919.4225014425599.
[I 2023-12-12 15:24:19,976] Trial 120 finished with value: 919.4225014425599 and parameters: {'model_name': 'SimpleImputer', 'strategy': 'mean'}. Best is trial 8 with value: 919.4225014425599.
[I 2023-12-12 15:24:20,336] Trial 122 finished with value: 919.4225014425599 and parameters: {'model_name': 'SimpleImputer', 'strategy': 'mean'}. Best is trial 8 with value: 919.4225014425599.
[I 2023-12-12 15:24:20,543] Trial 81 finished with value: 1013.9618804784197 and parameters: {'model_name': 'SimpleImputer', 'strategy': 'most_frequent'}. Best is trial 8 with value: 919.4225014425599.
[I 2023-12-12 15:24:20,776] Trial 125 finished with value: 919.4225014425599 and parameters: {'model_name': 'SimpleImputer', 'strategy': 'mean'}. Best is trial 8 with value: 919.4225014425599.
[I 2023-12-12 15:24:21,006] Trial 85 finished with value: 1013.9618804784197 and parameters: {'model_name': 'SimpleImputer', 'strategy': 'most_frequent'}. Best is trial 8 with value: 919.4225014425599.
[I 2023-12-12 15:24:21,223] Trial 127 finished with value: 919.4225014425599 and parameters: {'model_name': 'SimpleImputer', 'strategy': 'mean'}. Best is trial 8 with value: 919.4225014425599.
[I 2023-12-12 15:24:21,418] Trial 126 finished with value: 919.4225014425599 and parameters: {'model_name': 'SimpleImputer', 'strategy': 'mean'}. Best is trial 8 with value: 919.4225014425599.
[I 2023-12-12 15:24:21,691] Trial 90 finished with value: 1013.9618804784197 and parameters: {'model_name': 'SimpleImputer', 'strategy': 'most_frequent'}. Best is trial 8 with value: 919.4225014425599.
[I 2023-12-12 15:24:22,035] Trial 129 finished with value: 919.4225014425599 and parameters: {'model_name': 'SimpleImputer', 'strategy': 'mean'}. Best is trial 8 with value: 919.4225014425599.
[I 2023-12-12 15:24:22,277] Trial 79 finished with value: 1013.9618804784197 and parameters: {'model_name': 'SimpleImputer', 'strategy': 'most_frequent'}. Best is trial 8 with value: 919.4225014425599.
[I 2023-12-12 15:24:22,548] Trial 124 finished with value: 919.4225014425599 and parameters: {'model_name': 'SimpleImputer', 'strategy': 'mean'}. Best is trial 8 with value: 919.4225014425599.
[I 2023-12-12 15:24:22,785] Trial 132 finished with value: 919.4225014425599 and parameters: {'model_name': 'SimpleImputer', 'strategy': 'mean'}. Best is trial 8 with value: 919.4225014425599.
[I 2023-12-12 15:24:23,019] Trial 84 finished with value: 1013.9618804784197 and parameters: {'model_name': 'SimpleImputer', 'strategy': 'most_frequent'}. Best is trial 8 with value: 919.4225014425599.
[I 2023-12-12 15:24:23,327] Trial 128 finished with value: 919.4225014425599 and parameters: {'model_name': 'SimpleImputer', 'strategy': 'mean'}. Best is trial 8 with value: 919.4225014425599.
[I 2023-12-12 15:24:23,623] Trial 134 finished with value: 919.4225014425599 and parameters: {'model_name': 'SimpleImputer', 'strategy': 'mean'}. Best is trial 8 with value: 919.4225014425599.
[I 2023-12-12 15:24:23,881] Trial 137 finished with value: 919.4225014425599 and parameters: {'model_name': 'SimpleImputer', 'strategy': 'mean'}. Best is trial 8 with value: 919.4225014425599.
[I 2023-12-12 15:24:24,148] Trial 123 finished with value: 919.4225014425599 and parameters: {'model_name': 'SimpleImputer', 'strategy': 'mean'}. Best is trial 8 with value: 919.4225014425599.
[I 2023-12-12 15:24:24,658] Trial 148 finished with value: 919.4225014425599 and parameters: {'model_name': 'SimpleImputer', 'strategy': 'mean'}. Best is trial 8 with value: 919.4225014425599.
[I 2023-12-12 15:24:24,847] Trial 145 finished with value: 919.4225014425599 and parameters: {'model_name': 'SimpleImputer', 'strategy': 'mean'}. Best is trial 8 with value: 919.4225014425599.
[I 2023-12-12 15:24:25,070] Trial 88 finished with value: 1013.9618804784197 and parameters: {'model_name': 'SimpleImputer', 'strategy': 'most_frequent'}. Best is trial 8 with value: 919.4225014425599.
[I 2023-12-12 15:24:25,267] Trial 139 finished with value: 919.4225014425599 and parameters: {'model_name': 'SimpleImputer', 'strategy': 'mean'}. Best is trial 8 with value: 919.4225014425599.
[I 2023-12-12 15:24:25,541] Trial 135 finished with value: 919.4225014425599 and parameters: {'model_name': 'SimpleImputer', 'strategy': 'mean'}. Best is trial 8 with value: 919.4225014425599.
[I 2023-12-12 15:24:25,751] Trial 138 finished with value: 919.4225014425599 and parameters: {'model_name': 'SimpleImputer', 'strategy': 'mean'}. Best is trial 8 with value: 919.4225014425599.
[I 2023-12-12 15:24:25,970] Trial 136 finished with value: 919.4225014425599 and parameters: {'model_name': 'SimpleImputer', 'strategy': 'mean'}. Best is trial 8 with value: 919.4225014425599.
[I 2023-12-12 15:24:26,197] Trial 142 finished with value: 919.4225014425599 and parameters: {'model_name': 'SimpleImputer', 'strategy': 'mean'}. Best is trial 8 with value: 919.4225014425599.
[I 2023-12-12 15:24:26,383] Trial 133 finished with value: 919.4225014425599 and parameters: {'model_name': 'SimpleImputer', 'strategy': 'mean'}. Best is trial 8 with value: 919.4225014425599.
[I 2023-12-12 15:24:26,613] Trial 131 finished with value: 919.4225014425599 and parameters: {'model_name': 'SimpleImputer', 'strategy': 'mean'}. Best is trial 8 with value: 919.4225014425599.
[I 2023-12-12 15:24:26,865] Trial 130 finished with value: 919.4225014425599 and parameters: {'model_name': 'SimpleImputer', 'strategy': 'mean'}. Best is trial 8 with value: 919.4225014425599.
[I 2023-12-12 15:24:27,061] Trial 91 finished with value: 1013.9618804784197 and parameters: {'model_name': 'SimpleImputer', 'strategy': 'most_frequent'}. Best is trial 8 with value: 919.4225014425599.
[I 2023-12-12 15:24:27,341] Trial 141 finished with value: 919.4225014425599 and parameters: {'model_name': 'SimpleImputer', 'strategy': 'mean'}. Best is trial 8 with value: 919.4225014425599.
[I 2023-12-12 15:24:27,537] Trial 156 finished with value: 1013.967193022899 and parameters: {'model_name': 'SimpleImputer', 'strategy': 'constant'}. Best is trial 8 with value: 919.4225014425599.
[I 2023-12-12 15:24:27,731] Trial 83 finished with value: 1013.9618804784197 and parameters: {'model_name': 'SimpleImputer', 'strategy': 'most_frequent'}. Best is trial 8 with value: 919.4225014425599.
[I 2023-12-12 15:24:28,022] Trial 86 finished with value: 1013.9618804784197 and parameters: {'model_name': 'SimpleImputer', 'strategy': 'most_frequent'}. Best is trial 8 with value: 919.4225014425599.
[I 2023-12-12 15:24:28,287] Trial 140 finished with value: 919.4225014425599 and parameters: {'model_name': 'SimpleImputer', 'strategy': 'mean'}. Best is trial 8 with value: 919.4225014425599.
[I 2023-12-12 15:24:28,572] Trial 165 finished with value: 1013.967193022899 and parameters: {'model_name': 'SimpleImputer', 'strategy': 'constant'}. Best is trial 8 with value: 919.4225014425599.
[I 2023-12-12 15:24:28,807] Trial 144 finished with value: 919.4225014425599 and parameters: {'model_name': 'SimpleImputer', 'strategy': 'mean'}. Best is trial 8 with value: 919.4225014425599.
[I 2023-12-12 15:24:29,043] Trial 161 finished with value: 1013.967193022899 and parameters: {'model_name': 'SimpleImputer', 'strategy': 'constant'}. Best is trial 8 with value: 919.4225014425599.
[I 2023-12-12 15:24:29,251] Trial 146 finished with value: 919.4225014425599 and parameters: {'model_name': 'SimpleImputer', 'strategy': 'mean'}. Best is trial 8 with value: 919.4225014425599.
[I 2023-12-12 15:24:29,441] Trial 143 finished with value: 919.4225014425599 and parameters: {'model_name': 'SimpleImputer', 'strategy': 'mean'}. Best is trial 8 with value: 919.4225014425599.
[I 2023-12-12 15:24:29,632] Trial 150 finished with value: 919.4225014425599 and parameters: {'model_name': 'SimpleImputer', 'strategy': 'mean'}. Best is trial 8 with value: 919.4225014425599.
[I 2023-12-12 15:24:29,812] Trial 159 finished with value: 1013.967193022899 and parameters: {'model_name': 'SimpleImputer', 'strategy': 'constant'}. Best is trial 8 with value: 919.4225014425599.
[I 2023-12-12 15:24:30,035] Trial 160 finished with value: 919.4225014425599 and parameters: {'model_name': 'SimpleImputer', 'strategy': 'mean'}. Best is trial 8 with value: 919.4225014425599.
[I 2023-12-12 15:24:30,231] Trial 158 finished with value: 1013.967193022899 and parameters: {'model_name': 'SimpleImputer', 'strategy': 'constant'}. Best is trial 8 with value: 919.4225014425599.
[I 2023-12-12 15:24:30,485] Trial 164 finished with value: 1013.967193022899 and parameters: {'model_name': 'SimpleImputer', 'strategy': 'constant'}. Best is trial 8 with value: 919.4225014425599.
[I 2023-12-12 15:24:30,699] Trial 151 finished with value: 919.4225014425599 and parameters: {'model_name': 'SimpleImputer', 'strategy': 'mean'}. Best is trial 8 with value: 919.4225014425599.
[I 2023-12-12 15:24:30,961] Trial 162 finished with value: 1013.967193022899 and parameters: {'model_name': 'SimpleImputer', 'strategy': 'constant'}. Best is trial 8 with value: 919.4225014425599.
[I 2023-12-12 15:24:31,151] Trial 153 finished with value: 919.4225014425599 and parameters: {'model_name': 'SimpleImputer', 'strategy': 'mean'}. Best is trial 8 with value: 919.4225014425599.
[I 2023-12-12 15:24:31,400] Trial 149 finished with value: 919.4225014425599 and parameters: {'model_name': 'SimpleImputer', 'strategy': 'mean'}. Best is trial 8 with value: 919.4225014425599.
[I 2023-12-12 15:24:31,585] Trial 152 finished with value: 919.4225014425599 and parameters: {'model_name': 'SimpleImputer', 'strategy': 'mean'}. Best is trial 8 with value: 919.4225014425599.
[I 2023-12-12 15:24:31,766] Trial 154 finished with value: 919.4225014425599 and parameters: {'model_name': 'SimpleImputer', 'strategy': 'mean'}. Best is trial 8 with value: 919.4225014425599.
[I 2023-12-12 15:24:32,060] Trial 167 finished with value: 1013.967193022899 and parameters: {'model_name': 'SimpleImputer', 'strategy': 'constant'}. Best is trial 8 with value: 919.4225014425599.
[I 2023-12-12 15:24:32,253] Trial 147 finished with value: 919.4225014425599 and parameters: {'model_name': 'SimpleImputer', 'strategy': 'mean'}. Best is trial 8 with value: 919.4225014425599.
[I 2023-12-12 15:24:32,457] Trial 166 finished with value: 1013.967193022899 and parameters: {'model_name': 'SimpleImputer', 'strategy': 'constant'}. Best is trial 8 with value: 919.4225014425599.
[I 2023-12-12 15:24:32,741] Trial 168 finished with value: 1013.967193022899 and parameters: {'model_name': 'SimpleImputer', 'strategy': 'constant'}. Best is trial 8 with value: 919.4225014425599.
[I 2023-12-12 15:24:32,933] Trial 92 finished with value: 1013.9618804784197 and parameters: {'model_name': 'SimpleImputer', 'strategy': 'most_frequent'}. Best is trial 8 with value: 919.4225014425599.
[I 2023-12-12 15:24:33,120] Trial 173 finished with value: 1013.967193022899 and parameters: {'model_name': 'SimpleImputer', 'strategy': 'constant'}. Best is trial 8 with value: 919.4225014425599.
[I 2023-12-12 15:24:33,324] Trial 163 finished with value: 919.4225014425599 and parameters: {'model_name': 'SimpleImputer', 'strategy': 'mean'}. Best is trial 8 with value: 919.4225014425599.
[I 2023-12-12 15:24:33,505] Trial 157 finished with value: 919.4225014425599 and parameters: {'model_name': 'SimpleImputer', 'strategy': 'mean'}. Best is trial 8 with value: 919.4225014425599.
[I 2023-12-12 15:24:33,735] Trial 94 finished with value: 1013.9618804784197 and parameters: {'model_name': 'SimpleImputer', 'strategy': 'most_frequent'}. Best is trial 8 with value: 919.4225014425599.
[I 2023-12-12 15:24:33,960] Trial 96 finished with value: 1013.9618804784197 and parameters: {'model_name': 'SimpleImputer', 'strategy': 'most_frequent'}. Best is trial 8 with value: 919.4225014425599.
[I 2023-12-12 15:24:34,148] Trial 93 finished with value: 1013.9618804784197 and parameters: {'model_name': 'SimpleImputer', 'strategy': 'most_frequent'}. Best is trial 8 with value: 919.4225014425599.
[I 2023-12-12 15:24:34,346] Trial 95 finished with value: 1013.9618804784197 and parameters: {'model_name': 'SimpleImputer', 'strategy': 'most_frequent'}. Best is trial 8 with value: 919.4225014425599.
[I 2023-12-12 15:24:34,525] Trial 155 finished with value: 919.4225014425599 and parameters: {'model_name': 'SimpleImputer', 'strategy': 'mean'}. Best is trial 8 with value: 919.4225014425599.
[I 2023-12-12 15:24:34,749] Trial 170 finished with value: 1013.967193022899 and parameters: {'model_name': 'SimpleImputer', 'strategy': 'constant'}. Best is trial 8 with value: 919.4225014425599.
[I 2023-12-12 15:24:34,978] Trial 169 finished with value: 1013.967193022899 and parameters: {'model_name': 'SimpleImputer', 'strategy': 'constant'}. Best is trial 8 with value: 919.4225014425599.
[I 2023-12-12 15:24:35,199] Trial 171 finished with value: 1013.967193022899 and parameters: {'model_name': 'SimpleImputer', 'strategy': 'constant'}. Best is trial 8 with value: 919.4225014425599.
[I 2023-12-12 15:24:35,565] Trial 172 finished with value: 1013.967193022899 and parameters: {'model_name': 'SimpleImputer', 'strategy': 'constant'}. Best is trial 8 with value: 919.4225014425599.
[I 2023-12-12 15:24:36,000] Trial 175 finished with value: 1013.967193022899 and parameters: {'model_name': 'SimpleImputer', 'strategy': 'constant'}. Best is trial 8 with value: 919.4225014425599.
[I 2023-12-12 15:24:36,555] Trial 180 finished with value: 919.4225014425599 and parameters: {'model_name': 'SimpleImputer', 'strategy': 'mean'}. Best is trial 8 with value: 919.4225014425599.
[I 2023-12-12 15:24:36,852] Trial 188 finished with value: 919.4225014425599 and parameters: {'model_name': 'SimpleImputer', 'strategy': 'mean'}. Best is trial 8 with value: 919.4225014425599.
[I 2023-12-12 15:24:37,115] Trial 174 finished with value: 1013.967193022899 and parameters: {'model_name': 'SimpleImputer', 'strategy': 'constant'}. Best is trial 8 with value: 919.4225014425599.
[I 2023-12-12 15:24:37,348] Trial 178 finished with value: 919.4225014425599 and parameters: {'model_name': 'SimpleImputer', 'strategy': 'mean'}. Best is trial 8 with value: 919.4225014425599.
[I 2023-12-12 15:24:37,576] Trial 185 finished with value: 919.4225014425599 and parameters: {'model_name': 'SimpleImputer', 'strategy': 'mean'}. Best is trial 8 with value: 919.4225014425599.
[I 2023-12-12 15:24:37,777] Trial 193 finished with value: 919.4225014425599 and parameters: {'model_name': 'SimpleImputer', 'strategy': 'mean'}. Best is trial 8 with value: 919.4225014425599.
[I 2023-12-12 15:24:37,955] Trial 191 finished with value: 919.4225014425599 and parameters: {'model_name': 'SimpleImputer', 'strategy': 'mean'}. Best is trial 8 with value: 919.4225014425599.
[I 2023-12-12 15:24:38,255] Trial 176 finished with value: 919.4225014425599 and parameters: {'model_name': 'SimpleImputer', 'strategy': 'mean'}. Best is trial 8 with value: 919.4225014425599.
[I 2023-12-12 15:24:38,261] Trial 196 finished with value: 919.4225014425599 and parameters: {'model_name': 'SimpleImputer', 'strategy': 'mean'}. Best is trial 8 with value: 919.4225014425599.
[I 2023-12-12 15:24:38,664] Trial 192 finished with value: 919.4225014425599 and parameters: {'model_name': 'SimpleImputer', 'strategy': 'mean'}. Best is trial 8 with value: 919.4225014425599.
[I 2023-12-12 15:24:38,865] Trial 177 finished with value: 919.4225014425599 and parameters: {'model_name': 'SimpleImputer', 'strategy': 'mean'}. Best is trial 8 with value: 919.4225014425599.
[I 2023-12-12 15:24:39,047] Trial 183 finished with value: 919.4225014425599 and parameters: {'model_name': 'SimpleImputer', 'strategy': 'mean'}. Best is trial 8 with value: 919.4225014425599.
[I 2023-12-12 15:24:39,284] Trial 198 finished with value: 919.4225014425599 and parameters: {'model_name': 'SimpleImputer', 'strategy': 'mean'}. Best is trial 8 with value: 919.4225014425599.
[I 2023-12-12 15:24:39,508] Trial 187 finished with value: 919.4225014425599 and parameters: {'model_name': 'SimpleImputer', 'strategy': 'mean'}. Best is trial 8 with value: 919.4225014425599.
[I 2023-12-12 15:24:39,697] Trial 184 finished with value: 919.4225014425599 and parameters: {'model_name': 'SimpleImputer', 'strategy': 'mean'}. Best is trial 8 with value: 919.4225014425599.
[I 2023-12-12 15:24:39,950] Trial 197 finished with value: 919.4225014425599 and parameters: {'model_name': 'SimpleImputer', 'strategy': 'mean'}. Best is trial 8 with value: 919.4225014425599.
[I 2023-12-12 15:24:40,263] Trial 190 finished with value: 919.4225014425599 and parameters: {'model_name': 'SimpleImputer', 'strategy': 'mean'}. Best is trial 8 with value: 919.4225014425599.
[I 2023-12-12 15:24:40,422] Trial 181 finished with value: 919.4225014425599 and parameters: {'model_name': 'SimpleImputer', 'strategy': 'mean'}. Best is trial 8 with value: 919.4225014425599.
[I 2023-12-12 15:24:40,584] Trial 182 finished with value: 919.4225014425599 and parameters: {'model_name': 'SimpleImputer', 'strategy': 'mean'}. Best is trial 8 with value: 919.4225014425599.
[I 2023-12-12 15:24:40,767] Trial 195 finished with value: 919.4225014425599 and parameters: {'model_name': 'SimpleImputer', 'strategy': 'mean'}. Best is trial 8 with value: 919.4225014425599.
[I 2023-12-12 15:24:41,009] Trial 186 finished with value: 919.4225014425599 and parameters: {'model_name': 'SimpleImputer', 'strategy': 'mean'}. Best is trial 8 with value: 919.4225014425599.
[I 2023-12-12 15:24:41,197] Trial 189 finished with value: 919.4225014425599 and parameters: {'model_name': 'SimpleImputer', 'strategy': 'mean'}. Best is trial 8 with value: 919.4225014425599.
[I 2023-12-12 15:24:41,364] Trial 199 finished with value: 919.4225014425599 and parameters: {'model_name': 'SimpleImputer', 'strategy': 'mean'}. Best is trial 8 with value: 919.4225014425599.
[I 2023-12-12 15:24:41,525] Trial 194 finished with value: 919.4225014425599 and parameters: {'model_name': 'SimpleImputer', 'strategy': 'mean'}. Best is trial 8 with value: 919.4225014425599.
[I 2023-12-12 15:24:41,686] Trial 179 finished with value: 919.4225014425599 and parameters: {'model_name': 'SimpleImputer', 'strategy': 'mean'}. Best is trial 8 with value: 919.4225014425599.
simple fit
failed on 
logs/30/tpot2_base_normal_MCAR_0.1
'AutoImputer' object has no attribute 'X'
Traceback (most recent call last):
  File "/common/ketrong/AutoImputeExp/tpot2_imputetest/Impute_Experiments/utils.py", line 326, in loop_through_tasks
    simple_impute = SimpleImputeSpace.transform(X_test_missing_p)
  File "/common/ketrong/AutoImputeExp/tpot2_imputetest/Impute_Experiments/autoimpute.py", line 72, in transform
    imputed = pd.DataFrame(imputed, columns=self.X.columns.values)
AttributeError: 'AutoImputer' object has no attribute 'X'

one dataset takes
0.01799231535858578
hours
DONE
