Run: 12
/cm/local/apps/slurm/var/spool/job566982/slurm_script: line 23: /common/ketrong/minconda3/etc/profile.d/conda.sh: No such file or directory
/cm/local/apps/slurm/var/spool/job566982/slurm_script: line 26: $'\nconda create --name tpot2devenv -c conda-forge python=3.10\n': command not found
/cm/local/apps/slurm/var/spool/job566982/slurm_script: line 31: $'\npip install -r requirements.txt\n': command not found
RunStart
2023-12-26 13:24:07.773527: I tensorflow/core/util/port.cc:113] oneDNN custom operations are on. You may see slightly different numerical results due to floating-point round-off errors from different computation orders. To turn them off, set the environment variable `TF_ENABLE_ONEDNN_OPTS=0`.
2023-12-26 13:24:07.807002: E external/local_xla/xla/stream_executor/cuda/cuda_dnn.cc:9261] Unable to register cuDNN factory: Attempting to register factory for plugin cuDNN when one has already been registered
2023-12-26 13:24:07.807025: E external/local_xla/xla/stream_executor/cuda/cuda_fft.cc:607] Unable to register cuFFT factory: Attempting to register factory for plugin cuFFT when one has already been registered
2023-12-26 13:24:07.807838: E external/local_xla/xla/stream_executor/cuda/cuda_blas.cc:1515] Unable to register cuBLAS factory: Attempting to register factory for plugin cuBLAS when one has already been registered
2023-12-26 13:24:07.812796: I tensorflow/core/platform/cpu_feature_guard.cc:182] This TensorFlow binary is optimized to use available CPU instructions in performance-critical operations.
To enable the following instructions: AVX2 AVX512F AVX512_VNNI FMA, in other operations, rebuild TensorFlow with the appropriate compiler flags.
2023-12-26 13:24:09.069914: W tensorflow/compiler/tf2tensorrt/utils/py_utils.cc:38] TF-TRT Warning: Could not find TensorRT
WARNING:tensorflow:From /home/ketrong/miniconda3/envs/tpot2devenv/lib/python3.10/site-packages/tensorflow/python/compat/v2_compat.py:108: disable_resource_variables (from tensorflow.python.ops.variable_scope) is deprecated and will be removed in a future version.
Instructions for updating:
non-resource variables are not supported in the long term
starting loops
working on 
logs/2075/tpot2_base_normal_MNAR_0.1
4.163629770278931
loading data
logs/2075/tpot2_base_normal_MNAR_0.1/data/2075_True.pkl
running experiment 1/3 - Does large hyperparameter space improve reconstruction accuracy over simple
[I 2023-12-26 13:24:25,516] A new study created in memory with name: no-name-be08eb60-5d87-4b71-bc9c-5e53c0f395b2
[I 2023-12-26 13:24:25,818] Trial 11 finished with value: 0.5712502181664529 and parameters: {'model_name': 'SimpleImputer', 'strategy': 'constant'}. Best is trial 11 with value: 0.5712502181664529.
[I 2023-12-26 13:24:26,295] Trial 15 finished with value: 0.5712502181664529 and parameters: {'model_name': 'SimpleImputer', 'strategy': 'constant'}. Best is trial 11 with value: 0.5712502181664529.
[I 2023-12-26 13:24:26,488] Trial 9 finished with value: 0.5712502181664529 and parameters: {'model_name': 'SimpleImputer', 'strategy': 'constant'}. Best is trial 11 with value: 0.5712502181664529.
[I 2023-12-26 13:24:26,689] Trial 8 finished with value: 0.5712502181664529 and parameters: {'model_name': 'SimpleImputer', 'strategy': 'constant'}. Best is trial 11 with value: 0.5712502181664529.
[I 2023-12-26 13:24:26,971] Trial 22 finished with value: 0.5712502181664529 and parameters: {'model_name': 'SimpleImputer', 'strategy': 'constant'}. Best is trial 11 with value: 0.5712502181664529.
[I 2023-12-26 13:24:27,159] Trial 25 finished with value: 0.5712502181664529 and parameters: {'model_name': 'SimpleImputer', 'strategy': 'constant'}. Best is trial 11 with value: 0.5712502181664529.
[I 2023-12-26 13:24:27,586] Trial 10 finished with value: 0.34666799356139316 and parameters: {'model_name': 'SimpleImputer', 'strategy': 'mean'}. Best is trial 10 with value: 0.34666799356139316.
[I 2023-12-26 13:24:27,879] Trial 23 finished with value: 0.5712502181664529 and parameters: {'model_name': 'SimpleImputer', 'strategy': 'constant'}. Best is trial 10 with value: 0.34666799356139316.
[I 2023-12-26 13:24:28,213] Trial 4 finished with value: 0.34666799356139316 and parameters: {'model_name': 'SimpleImputer', 'strategy': 'mean'}. Best is trial 10 with value: 0.34666799356139316.
[I 2023-12-26 13:24:28,672] Trial 17 finished with value: 0.34666799356139316 and parameters: {'model_name': 'SimpleImputer', 'strategy': 'mean'}. Best is trial 10 with value: 0.34666799356139316.
[I 2023-12-26 13:24:28,840] Trial 20 finished with value: 0.5712502181664529 and parameters: {'model_name': 'SimpleImputer', 'strategy': 'constant'}. Best is trial 10 with value: 0.34666799356139316.
[I 2023-12-26 13:24:29,124] Trial 1 finished with value: 0.34666799356139316 and parameters: {'model_name': 'SimpleImputer', 'strategy': 'mean'}. Best is trial 10 with value: 0.34666799356139316.
[I 2023-12-26 13:24:29,394] Trial 7 finished with value: 0.34666799356139316 and parameters: {'model_name': 'SimpleImputer', 'strategy': 'mean'}. Best is trial 10 with value: 0.34666799356139316.
[I 2023-12-26 13:24:29,662] Trial 37 finished with value: 0.5712502181664529 and parameters: {'model_name': 'SimpleImputer', 'strategy': 'constant'}. Best is trial 10 with value: 0.34666799356139316.
[I 2023-12-26 13:24:29,894] Trial 39 finished with value: 0.5712502181664529 and parameters: {'model_name': 'SimpleImputer', 'strategy': 'constant'}. Best is trial 10 with value: 0.34666799356139316.
[I 2023-12-26 13:24:30,131] Trial 5 finished with value: 0.4138639210918771 and parameters: {'model_name': 'SimpleImputer', 'strategy': 'median'}. Best is trial 10 with value: 0.34666799356139316.
[I 2023-12-26 13:24:30,454] Trial 35 finished with value: 0.5712502181664529 and parameters: {'model_name': 'SimpleImputer', 'strategy': 'constant'}. Best is trial 10 with value: 0.34666799356139316.
[I 2023-12-26 13:24:30,895] Trial 26 finished with value: 0.34666799356139316 and parameters: {'model_name': 'SimpleImputer', 'strategy': 'mean'}. Best is trial 10 with value: 0.34666799356139316.
[I 2023-12-26 13:24:31,143] Trial 55 finished with value: 0.5712502181664529 and parameters: {'model_name': 'SimpleImputer', 'strategy': 'constant'}. Best is trial 10 with value: 0.34666799356139316.
[I 2023-12-26 13:24:31,353] Trial 51 finished with value: 0.5712502181664529 and parameters: {'model_name': 'SimpleImputer', 'strategy': 'constant'}. Best is trial 10 with value: 0.34666799356139316.
[I 2023-12-26 13:24:31,649] Trial 0 finished with value: 0.4138639210918771 and parameters: {'model_name': 'SimpleImputer', 'strategy': 'median'}. Best is trial 10 with value: 0.34666799356139316.
[I 2023-12-26 13:24:31,885] Trial 31 finished with value: 0.34666799356139316 and parameters: {'model_name': 'SimpleImputer', 'strategy': 'mean'}. Best is trial 10 with value: 0.34666799356139316.
[I 2023-12-26 13:24:32,084] Trial 42 finished with value: 0.34666799356139316 and parameters: {'model_name': 'SimpleImputer', 'strategy': 'mean'}. Best is trial 10 with value: 0.34666799356139316.
[I 2023-12-26 13:24:32,337] Trial 53 finished with value: 0.5712502181664529 and parameters: {'model_name': 'SimpleImputer', 'strategy': 'constant'}. Best is trial 10 with value: 0.34666799356139316.
[I 2023-12-26 13:24:32,544] Trial 24 finished with value: 0.34666799356139316 and parameters: {'model_name': 'SimpleImputer', 'strategy': 'mean'}. Best is trial 10 with value: 0.34666799356139316.
[I 2023-12-26 13:24:32,780] Trial 44 finished with value: 0.34666799356139316 and parameters: {'model_name': 'SimpleImputer', 'strategy': 'mean'}. Best is trial 10 with value: 0.34666799356139316.
[I 2023-12-26 13:24:33,011] Trial 32 finished with value: 0.34666799356139316 and parameters: {'model_name': 'SimpleImputer', 'strategy': 'mean'}. Best is trial 10 with value: 0.34666799356139316.
[I 2023-12-26 13:24:33,247] Trial 38 finished with value: 0.34666799356139316 and parameters: {'model_name': 'SimpleImputer', 'strategy': 'mean'}. Best is trial 10 with value: 0.34666799356139316.
[I 2023-12-26 13:24:33,614] Trial 47 finished with value: 0.34666799356139316 and parameters: {'model_name': 'SimpleImputer', 'strategy': 'mean'}. Best is trial 10 with value: 0.34666799356139316.
[I 2023-12-26 13:24:33,853] Trial 34 finished with value: 0.34666799356139316 and parameters: {'model_name': 'SimpleImputer', 'strategy': 'mean'}. Best is trial 10 with value: 0.34666799356139316.
[I 2023-12-26 13:24:34,101] Trial 13 finished with value: 0.4138639210918771 and parameters: {'model_name': 'SimpleImputer', 'strategy': 'median'}. Best is trial 10 with value: 0.34666799356139316.
[I 2023-12-26 13:24:34,339] Trial 48 finished with value: 0.34666799356139316 and parameters: {'model_name': 'SimpleImputer', 'strategy': 'mean'}. Best is trial 10 with value: 0.34666799356139316.
[I 2023-12-26 13:24:34,562] Trial 16 finished with value: 0.4138639210918771 and parameters: {'model_name': 'SimpleImputer', 'strategy': 'median'}. Best is trial 10 with value: 0.34666799356139316.
[I 2023-12-26 13:24:34,853] Trial 6 finished with value: 0.4138639210918771 and parameters: {'model_name': 'SimpleImputer', 'strategy': 'median'}. Best is trial 10 with value: 0.34666799356139316.
[I 2023-12-26 13:24:35,526] Trial 57 finished with value: 0.34666799356139316 and parameters: {'model_name': 'SimpleImputer', 'strategy': 'mean'}. Best is trial 10 with value: 0.34666799356139316.
[I 2023-12-26 13:24:35,911] Trial 33 finished with value: 0.4138639210918771 and parameters: {'model_name': 'SimpleImputer', 'strategy': 'median'}. Best is trial 10 with value: 0.34666799356139316.
[I 2023-12-26 13:24:36,193] Trial 18 finished with value: 0.4138639210918771 and parameters: {'model_name': 'SimpleImputer', 'strategy': 'median'}. Best is trial 10 with value: 0.34666799356139316.
[I 2023-12-26 13:24:36,538] Trial 46 finished with value: 0.4138639210918771 and parameters: {'model_name': 'SimpleImputer', 'strategy': 'median'}. Best is trial 10 with value: 0.34666799356139316.
[I 2023-12-26 13:24:36,710] Trial 27 finished with value: 0.4138639210918771 and parameters: {'model_name': 'SimpleImputer', 'strategy': 'median'}. Best is trial 10 with value: 0.34666799356139316.
[I 2023-12-26 13:24:36,996] Trial 41 finished with value: 0.4138639210918771 and parameters: {'model_name': 'SimpleImputer', 'strategy': 'median'}. Best is trial 10 with value: 0.34666799356139316.
[I 2023-12-26 13:24:37,291] Trial 36 finished with value: 0.4138639210918771 and parameters: {'model_name': 'SimpleImputer', 'strategy': 'median'}. Best is trial 10 with value: 0.34666799356139316.
[I 2023-12-26 13:24:37,851] Trial 40 finished with value: 0.4138639210918771 and parameters: {'model_name': 'SimpleImputer', 'strategy': 'median'}. Best is trial 10 with value: 0.34666799356139316.
[I 2023-12-26 13:24:38,236] Trial 60 finished with value: 0.4138639210918771 and parameters: {'model_name': 'SimpleImputer', 'strategy': 'median'}. Best is trial 10 with value: 0.34666799356139316.
[I 2023-12-26 13:24:38,616] Trial 54 finished with value: 0.4138639210918771 and parameters: {'model_name': 'SimpleImputer', 'strategy': 'median'}. Best is trial 10 with value: 0.34666799356139316.
[I 2023-12-26 13:24:39,011] Trial 59 finished with value: 0.4138639210918771 and parameters: {'model_name': 'SimpleImputer', 'strategy': 'median'}. Best is trial 10 with value: 0.34666799356139316.
[I 2023-12-26 13:24:39,263] Trial 43 finished with value: 0.4138639210918771 and parameters: {'model_name': 'SimpleImputer', 'strategy': 'median'}. Best is trial 10 with value: 0.34666799356139316.
[I 2023-12-26 13:24:39,545] Trial 83 finished with value: 0.34666799356139316 and parameters: {'model_name': 'SimpleImputer', 'strategy': 'mean'}. Best is trial 10 with value: 0.34666799356139316.
[I 2023-12-26 13:24:40,217] Trial 14 finished with value: 0.5712502181664529 and parameters: {'model_name': 'SimpleImputer', 'strategy': 'most_frequent'}. Best is trial 10 with value: 0.34666799356139316.
[I 2023-12-26 13:24:40,525] Trial 90 finished with value: 0.34666799356139316 and parameters: {'model_name': 'SimpleImputer', 'strategy': 'mean'}. Best is trial 10 with value: 0.34666799356139316.
[I 2023-12-26 13:24:40,975] Trial 3 finished with value: 0.5712502181664529 and parameters: {'model_name': 'SimpleImputer', 'strategy': 'most_frequent'}. Best is trial 10 with value: 0.34666799356139316.
[I 2023-12-26 13:24:41,417] Trial 12 finished with value: 0.5712502181664529 and parameters: {'model_name': 'SimpleImputer', 'strategy': 'most_frequent'}. Best is trial 10 with value: 0.34666799356139316.
[I 2023-12-26 13:24:41,731] Trial 2 finished with value: 0.5712502181664529 and parameters: {'model_name': 'SimpleImputer', 'strategy': 'most_frequent'}. Best is trial 10 with value: 0.34666799356139316.
[I 2023-12-26 13:24:42,021] Trial 21 finished with value: 0.5712502181664529 and parameters: {'model_name': 'SimpleImputer', 'strategy': 'most_frequent'}. Best is trial 10 with value: 0.34666799356139316.
[I 2023-12-26 13:24:42,395] Trial 28 finished with value: 0.5712502181664529 and parameters: {'model_name': 'SimpleImputer', 'strategy': 'most_frequent'}. Best is trial 10 with value: 0.34666799356139316.
[I 2023-12-26 13:24:42,752] Trial 19 finished with value: 0.5712502181664529 and parameters: {'model_name': 'SimpleImputer', 'strategy': 'most_frequent'}. Best is trial 10 with value: 0.34666799356139316.
[I 2023-12-26 13:24:43,311] Trial 30 finished with value: 0.5712502181664529 and parameters: {'model_name': 'SimpleImputer', 'strategy': 'most_frequent'}. Best is trial 10 with value: 0.34666799356139316.
[I 2023-12-26 13:24:43,663] Trial 49 finished with value: 0.5712502181664529 and parameters: {'model_name': 'SimpleImputer', 'strategy': 'most_frequent'}. Best is trial 10 with value: 0.34666799356139316.
[I 2023-12-26 13:24:43,960] Trial 56 finished with value: 0.5712502181664529 and parameters: {'model_name': 'SimpleImputer', 'strategy': 'most_frequent'}. Best is trial 10 with value: 0.34666799356139316.
[I 2023-12-26 13:24:44,161] Trial 58 finished with value: 0.5712502181664529 and parameters: {'model_name': 'SimpleImputer', 'strategy': 'most_frequent'}. Best is trial 10 with value: 0.34666799356139316.
[I 2023-12-26 13:24:44,517] Trial 29 finished with value: 0.5712502181664529 and parameters: {'model_name': 'SimpleImputer', 'strategy': 'most_frequent'}. Best is trial 10 with value: 0.34666799356139316.
[I 2023-12-26 13:24:44,772] Trial 52 finished with value: 0.5712502181664529 and parameters: {'model_name': 'SimpleImputer', 'strategy': 'most_frequent'}. Best is trial 10 with value: 0.34666799356139316.
[I 2023-12-26 13:24:45,039] Trial 50 finished with value: 0.5712502181664529 and parameters: {'model_name': 'SimpleImputer', 'strategy': 'most_frequent'}. Best is trial 10 with value: 0.34666799356139316.
[I 2023-12-26 13:24:45,228] Trial 61 finished with value: 0.5712502181664529 and parameters: {'model_name': 'SimpleImputer', 'strategy': 'most_frequent'}. Best is trial 10 with value: 0.34666799356139316.
[I 2023-12-26 13:24:45,633] Trial 72 finished with value: 0.5712502181664529 and parameters: {'model_name': 'SimpleImputer', 'strategy': 'most_frequent'}. Best is trial 10 with value: 0.34666799356139316.
[I 2023-12-26 13:24:46,033] Trial 63 finished with value: 0.5712502181664529 and parameters: {'model_name': 'SimpleImputer', 'strategy': 'most_frequent'}. Best is trial 10 with value: 0.34666799356139316.
[I 2023-12-26 13:24:46,354] Trial 64 finished with value: 0.5712502181664529 and parameters: {'model_name': 'SimpleImputer', 'strategy': 'most_frequent'}. Best is trial 10 with value: 0.34666799356139316.
[I 2023-12-26 13:24:46,535] Trial 45 finished with value: 0.5712502181664529 and parameters: {'model_name': 'SimpleImputer', 'strategy': 'most_frequent'}. Best is trial 10 with value: 0.34666799356139316.
[I 2023-12-26 13:24:46,840] Trial 62 finished with value: 0.5712502181664529 and parameters: {'model_name': 'SimpleImputer', 'strategy': 'most_frequent'}. Best is trial 10 with value: 0.34666799356139316.
[I 2023-12-26 13:24:47,099] Trial 73 finished with value: 0.5712502181664529 and parameters: {'model_name': 'SimpleImputer', 'strategy': 'most_frequent'}. Best is trial 10 with value: 0.34666799356139316.
[I 2023-12-26 13:24:47,303] Trial 100 finished with value: 0.34666799356139316 and parameters: {'model_name': 'SimpleImputer', 'strategy': 'mean'}. Best is trial 10 with value: 0.34666799356139316.
[I 2023-12-26 13:24:47,634] Trial 71 finished with value: 0.5712502181664529 and parameters: {'model_name': 'SimpleImputer', 'strategy': 'most_frequent'}. Best is trial 10 with value: 0.34666799356139316.
[I 2023-12-26 13:24:47,904] Trial 101 finished with value: 0.34666799356139316 and parameters: {'model_name': 'SimpleImputer', 'strategy': 'mean'}. Best is trial 10 with value: 0.34666799356139316.
[I 2023-12-26 13:24:48,141] Trial 65 finished with value: 0.5712502181664529 and parameters: {'model_name': 'SimpleImputer', 'strategy': 'most_frequent'}. Best is trial 10 with value: 0.34666799356139316.
[I 2023-12-26 13:24:48,430] Trial 102 finished with value: 0.34666799356139316 and parameters: {'model_name': 'SimpleImputer', 'strategy': 'mean'}. Best is trial 10 with value: 0.34666799356139316.
[I 2023-12-26 13:24:48,748] Trial 75 finished with value: 0.5712502181664529 and parameters: {'model_name': 'SimpleImputer', 'strategy': 'most_frequent'}. Best is trial 10 with value: 0.34666799356139316.
[I 2023-12-26 13:24:48,990] Trial 74 finished with value: 0.5712502181664529 and parameters: {'model_name': 'SimpleImputer', 'strategy': 'most_frequent'}. Best is trial 10 with value: 0.34666799356139316.
[I 2023-12-26 13:24:49,354] Trial 103 finished with value: 0.34666799356139316 and parameters: {'model_name': 'SimpleImputer', 'strategy': 'mean'}. Best is trial 10 with value: 0.34666799356139316.
[I 2023-12-26 13:24:49,630] Trial 69 finished with value: 0.5712502181664529 and parameters: {'model_name': 'SimpleImputer', 'strategy': 'most_frequent'}. Best is trial 10 with value: 0.34666799356139316.
[I 2023-12-26 13:24:49,805] Trial 78 finished with value: 0.5712502181664529 and parameters: {'model_name': 'SimpleImputer', 'strategy': 'most_frequent'}. Best is trial 10 with value: 0.34666799356139316.
[I 2023-12-26 13:24:50,113] Trial 108 finished with value: 0.34666799356139316 and parameters: {'model_name': 'SimpleImputer', 'strategy': 'mean'}. Best is trial 10 with value: 0.34666799356139316.
[I 2023-12-26 13:24:50,328] Trial 66 finished with value: 0.5712502181664529 and parameters: {'model_name': 'SimpleImputer', 'strategy': 'most_frequent'}. Best is trial 10 with value: 0.34666799356139316.
[I 2023-12-26 13:24:50,502] Trial 104 finished with value: 0.34666799356139316 and parameters: {'model_name': 'SimpleImputer', 'strategy': 'mean'}. Best is trial 10 with value: 0.34666799356139316.
[I 2023-12-26 13:24:50,795] Trial 70 finished with value: 0.5712502181664529 and parameters: {'model_name': 'SimpleImputer', 'strategy': 'most_frequent'}. Best is trial 10 with value: 0.34666799356139316.
[I 2023-12-26 13:24:51,035] Trial 109 finished with value: 0.34666799356139316 and parameters: {'model_name': 'SimpleImputer', 'strategy': 'mean'}. Best is trial 10 with value: 0.34666799356139316.
[I 2023-12-26 13:24:51,391] Trial 67 finished with value: 0.5712502181664529 and parameters: {'model_name': 'SimpleImputer', 'strategy': 'most_frequent'}. Best is trial 10 with value: 0.34666799356139316.
[I 2023-12-26 13:24:51,629] Trial 77 finished with value: 0.5712502181664529 and parameters: {'model_name': 'SimpleImputer', 'strategy': 'most_frequent'}. Best is trial 10 with value: 0.34666799356139316.
[I 2023-12-26 13:24:51,886] Trial 105 finished with value: 0.34666799356139316 and parameters: {'model_name': 'SimpleImputer', 'strategy': 'mean'}. Best is trial 10 with value: 0.34666799356139316.
[I 2023-12-26 13:24:52,286] Trial 111 finished with value: 0.34666799356139316 and parameters: {'model_name': 'SimpleImputer', 'strategy': 'mean'}. Best is trial 10 with value: 0.34666799356139316.
[I 2023-12-26 13:24:52,500] Trial 79 finished with value: 0.5712502181664529 and parameters: {'model_name': 'SimpleImputer', 'strategy': 'most_frequent'}. Best is trial 10 with value: 0.34666799356139316.
[I 2023-12-26 13:24:52,703] Trial 107 finished with value: 0.34666799356139316 and parameters: {'model_name': 'SimpleImputer', 'strategy': 'mean'}. Best is trial 10 with value: 0.34666799356139316.
[I 2023-12-26 13:24:52,915] Trial 68 finished with value: 0.5712502181664529 and parameters: {'model_name': 'SimpleImputer', 'strategy': 'most_frequent'}. Best is trial 10 with value: 0.34666799356139316.
[I 2023-12-26 13:24:53,176] Trial 106 finished with value: 0.34666799356139316 and parameters: {'model_name': 'SimpleImputer', 'strategy': 'mean'}. Best is trial 10 with value: 0.34666799356139316.
[I 2023-12-26 13:24:53,439] Trial 80 finished with value: 0.5712502181664529 and parameters: {'model_name': 'SimpleImputer', 'strategy': 'most_frequent'}. Best is trial 10 with value: 0.34666799356139316.
[I 2023-12-26 13:24:53,640] Trial 113 finished with value: 0.34666799356139316 and parameters: {'model_name': 'SimpleImputer', 'strategy': 'mean'}. Best is trial 10 with value: 0.34666799356139316.
[I 2023-12-26 13:24:53,900] Trial 115 finished with value: 0.34666799356139316 and parameters: {'model_name': 'SimpleImputer', 'strategy': 'mean'}. Best is trial 10 with value: 0.34666799356139316.
[I 2023-12-26 13:24:54,131] Trial 86 finished with value: 0.5712502181664529 and parameters: {'model_name': 'SimpleImputer', 'strategy': 'most_frequent'}. Best is trial 10 with value: 0.34666799356139316.
[I 2023-12-26 13:24:54,356] Trial 119 finished with value: 0.34666799356139316 and parameters: {'model_name': 'SimpleImputer', 'strategy': 'mean'}. Best is trial 10 with value: 0.34666799356139316.
[I 2023-12-26 13:24:54,713] Trial 82 finished with value: 0.5712502181664529 and parameters: {'model_name': 'SimpleImputer', 'strategy': 'most_frequent'}. Best is trial 10 with value: 0.34666799356139316.
[I 2023-12-26 13:24:54,949] Trial 81 finished with value: 0.5712502181664529 and parameters: {'model_name': 'SimpleImputer', 'strategy': 'most_frequent'}. Best is trial 10 with value: 0.34666799356139316.
[I 2023-12-26 13:24:55,205] Trial 110 finished with value: 0.34666799356139316 and parameters: {'model_name': 'SimpleImputer', 'strategy': 'mean'}. Best is trial 10 with value: 0.34666799356139316.
[I 2023-12-26 13:24:55,434] Trial 114 finished with value: 0.34666799356139316 and parameters: {'model_name': 'SimpleImputer', 'strategy': 'mean'}. Best is trial 10 with value: 0.34666799356139316.
[I 2023-12-26 13:24:55,654] Trial 118 finished with value: 0.34666799356139316 and parameters: {'model_name': 'SimpleImputer', 'strategy': 'mean'}. Best is trial 10 with value: 0.34666799356139316.
[I 2023-12-26 13:24:55,856] Trial 116 finished with value: 0.34666799356139316 and parameters: {'model_name': 'SimpleImputer', 'strategy': 'mean'}. Best is trial 10 with value: 0.34666799356139316.
[I 2023-12-26 13:24:56,206] Trial 76 finished with value: 0.5712502181664529 and parameters: {'model_name': 'SimpleImputer', 'strategy': 'most_frequent'}. Best is trial 10 with value: 0.34666799356139316.
[I 2023-12-26 13:24:56,417] Trial 117 finished with value: 0.34666799356139316 and parameters: {'model_name': 'SimpleImputer', 'strategy': 'mean'}. Best is trial 10 with value: 0.34666799356139316.
[I 2023-12-26 13:24:56,607] Trial 112 finished with value: 0.34666799356139316 and parameters: {'model_name': 'SimpleImputer', 'strategy': 'mean'}. Best is trial 10 with value: 0.34666799356139316.
[I 2023-12-26 13:24:56,850] Trial 122 finished with value: 0.34666799356139316 and parameters: {'model_name': 'SimpleImputer', 'strategy': 'mean'}. Best is trial 10 with value: 0.34666799356139316.
[I 2023-12-26 13:24:57,118] Trial 126 finished with value: 0.34666799356139316 and parameters: {'model_name': 'SimpleImputer', 'strategy': 'mean'}. Best is trial 10 with value: 0.34666799356139316.
[I 2023-12-26 13:24:57,358] Trial 123 finished with value: 0.34666799356139316 and parameters: {'model_name': 'SimpleImputer', 'strategy': 'mean'}. Best is trial 10 with value: 0.34666799356139316.
[I 2023-12-26 13:24:57,690] Trial 120 finished with value: 0.34666799356139316 and parameters: {'model_name': 'SimpleImputer', 'strategy': 'mean'}. Best is trial 10 with value: 0.34666799356139316.
[I 2023-12-26 13:24:57,906] Trial 84 finished with value: 0.5712502181664529 and parameters: {'model_name': 'SimpleImputer', 'strategy': 'most_frequent'}. Best is trial 10 with value: 0.34666799356139316.
[I 2023-12-26 13:24:58,216] Trial 121 finished with value: 0.34666799356139316 and parameters: {'model_name': 'SimpleImputer', 'strategy': 'mean'}. Best is trial 10 with value: 0.34666799356139316.
[I 2023-12-26 13:24:58,483] Trial 131 finished with value: 0.34666799356139316 and parameters: {'model_name': 'SimpleImputer', 'strategy': 'mean'}. Best is trial 10 with value: 0.34666799356139316.
[I 2023-12-26 13:24:58,790] Trial 125 finished with value: 0.34666799356139316 and parameters: {'model_name': 'SimpleImputer', 'strategy': 'mean'}. Best is trial 10 with value: 0.34666799356139316.
[I 2023-12-26 13:24:58,998] Trial 124 finished with value: 0.34666799356139316 and parameters: {'model_name': 'SimpleImputer', 'strategy': 'mean'}. Best is trial 10 with value: 0.34666799356139316.
[I 2023-12-26 13:24:59,244] Trial 87 finished with value: 0.5712502181664529 and parameters: {'model_name': 'SimpleImputer', 'strategy': 'most_frequent'}. Best is trial 10 with value: 0.34666799356139316.
